[2025-03-28T19:02:47.920+0000] {local_task_job_runner.py:123} INFO - ::group::Pre task execution logs
[2025-03-28T19:02:47.928+0000] {taskinstance.py:2614} INFO - Dependencies all met for dep_context=non-requeueable deps ti=<TaskInstance: my_third_dag.print_hello_task scheduled__2024-07-15T00:00:00+00:00 [queued]>
[2025-03-28T19:02:47.933+0000] {taskinstance.py:2614} INFO - Dependencies all met for dep_context=requeueable deps ti=<TaskInstance: my_third_dag.print_hello_task scheduled__2024-07-15T00:00:00+00:00 [queued]>
[2025-03-28T19:02:47.933+0000] {taskinstance.py:2867} INFO - Starting attempt 1 of 2
[2025-03-28T19:02:47.946+0000] {taskinstance.py:2890} INFO - Executing <Task(PythonOperator): print_hello_task> on 2024-07-15 00:00:00+00:00
[2025-03-28T19:02:47.952+0000] {standard_task_runner.py:72} INFO - Started process 31429 to run task
[2025-03-28T19:02:47.955+0000] {standard_task_runner.py:104} INFO - Running: ['airflow', 'tasks', 'run', 'my_third_dag', 'print_hello_task', 'scheduled__2024-07-15T00:00:00+00:00', '--job-id', '279', '--raw', '--subdir', 'DAGS_FOLDER/my_second_dag copy.py', '--cfg-path', '/tmp/tmpypgpumxp']
[2025-03-28T19:02:47.955+0000] {standard_task_runner.py:105} INFO - Job 279: Subtask print_hello_task
[2025-03-28T19:02:47.986+0000] {task_command.py:467} INFO - Running <TaskInstance: my_third_dag.print_hello_task scheduled__2024-07-15T00:00:00+00:00 [running]> on host codespaces-6cda86
[2025-03-28T19:02:48.035+0000] {taskinstance.py:3134} INFO - Exporting env vars: AIRFLOW_CTX_DAG_OWNER='airflow' AIRFLOW_CTX_DAG_ID='my_third_dag' AIRFLOW_CTX_TASK_ID='print_hello_task' AIRFLOW_CTX_EXECUTION_DATE='2024-07-15T00:00:00+00:00' AIRFLOW_CTX_TRY_NUMBER='1' AIRFLOW_CTX_DAG_RUN_ID='scheduled__2024-07-15T00:00:00+00:00'
[2025-03-28T19:02:48.036+0000] {logging_mixin.py:190} INFO - Task instance is in running state
[2025-03-28T19:02:48.036+0000] {logging_mixin.py:190} INFO -  Previous state of the Task instance: queued
[2025-03-28T19:02:48.036+0000] {logging_mixin.py:190} INFO - Current task name:print_hello_task state:running start_date:2025-03-28 19:02:47.928392+00:00
[2025-03-28T19:02:48.036+0000] {logging_mixin.py:190} INFO - Dag name:my_third_dag and current dag run status:running
[2025-03-28T19:02:48.037+0000] {taskinstance.py:732} INFO - ::endgroup::
[2025-03-28T19:02:48.037+0000] {logging_mixin.py:190} INFO - Hello, Airflow from the workspace! 🚀
[2025-03-28T19:02:48.037+0000] {python.py:240} INFO - Done. Returned value was: None
[2025-03-28T19:02:48.040+0000] {taskinstance.py:341} INFO - ::group::Post task execution logs
[2025-03-28T19:02:48.040+0000] {taskinstance.py:353} INFO - Marking task as SUCCESS. dag_id=my_third_dag, task_id=print_hello_task, run_id=scheduled__2024-07-15T00:00:00+00:00, execution_date=20240715T000000, start_date=20250328T190247, end_date=20250328T190248
[2025-03-28T19:02:48.052+0000] {logging_mixin.py:190} INFO - Task instance in success state
[2025-03-28T19:02:48.053+0000] {logging_mixin.py:190} INFO -  Previous state of the Task instance: running
[2025-03-28T19:02:48.053+0000] {logging_mixin.py:190} INFO - Dag name:my_third_dag queued_at:2025-03-28 19:02:46.080644+00:00
[2025-03-28T19:02:48.053+0000] {logging_mixin.py:190} INFO - Task hostname:codespaces-6cda86 operator:PythonOperator
[2025-03-28T19:02:48.087+0000] {local_task_job_runner.py:266} INFO - Task exited with return code 0
[2025-03-28T19:02:48.100+0000] {taskinstance.py:3901} INFO - 1 downstream tasks scheduled from follow-on schedule check
[2025-03-28T19:02:48.103+0000] {local_task_job_runner.py:245} INFO - ::endgroup::
