[2025-03-28T19:25:06.077+0000] {local_task_job_runner.py:123} INFO - ::group::Pre task execution logs
[2025-03-28T19:25:06.083+0000] {taskinstance.py:2614} INFO - Dependencies all met for dep_context=non-requeueable deps ti=<TaskInstance: my_third_dag.print_hello_task scheduled__2025-03-26T00:00:00+00:00 [queued]>
[2025-03-28T19:25:06.087+0000] {taskinstance.py:2614} INFO - Dependencies all met for dep_context=requeueable deps ti=<TaskInstance: my_third_dag.print_hello_task scheduled__2025-03-26T00:00:00+00:00 [queued]>
[2025-03-28T19:25:06.087+0000] {taskinstance.py:2867} INFO - Starting attempt 1 of 2
[2025-03-28T19:25:06.097+0000] {taskinstance.py:2890} INFO - Executing <Task(PythonOperator): print_hello_task> on 2025-03-26 00:00:00+00:00
[2025-03-28T19:25:06.102+0000] {standard_task_runner.py:72} INFO - Started process 46595 to run task
[2025-03-28T19:25:06.103+0000] {standard_task_runner.py:104} INFO - Running: ['airflow', 'tasks', 'run', 'my_third_dag', 'print_hello_task', 'scheduled__2025-03-26T00:00:00+00:00', '--job-id', '789', '--raw', '--subdir', 'DAGS_FOLDER/my_second_dag copy.py', '--cfg-path', '/tmp/tmpw_8s5lo8']
[2025-03-28T19:25:06.104+0000] {standard_task_runner.py:105} INFO - Job 789: Subtask print_hello_task
[2025-03-28T19:25:06.126+0000] {task_command.py:467} INFO - Running <TaskInstance: my_third_dag.print_hello_task scheduled__2025-03-26T00:00:00+00:00 [running]> on host codespaces-6cda86
[2025-03-28T19:25:06.170+0000] {taskinstance.py:3134} INFO - Exporting env vars: AIRFLOW_CTX_DAG_OWNER='airflow' AIRFLOW_CTX_DAG_ID='my_third_dag' AIRFLOW_CTX_TASK_ID='print_hello_task' AIRFLOW_CTX_EXECUTION_DATE='2025-03-26T00:00:00+00:00' AIRFLOW_CTX_TRY_NUMBER='1' AIRFLOW_CTX_DAG_RUN_ID='scheduled__2025-03-26T00:00:00+00:00'
[2025-03-28T19:25:06.171+0000] {logging_mixin.py:190} INFO - Task instance is in running state
[2025-03-28T19:25:06.171+0000] {logging_mixin.py:190} INFO -  Previous state of the Task instance: queued
[2025-03-28T19:25:06.172+0000] {logging_mixin.py:190} INFO - Current task name:print_hello_task state:running start_date:2025-03-28 19:25:06.083631+00:00
[2025-03-28T19:25:06.172+0000] {logging_mixin.py:190} INFO - Dag name:my_third_dag and current dag run status:running
[2025-03-28T19:25:06.172+0000] {taskinstance.py:732} INFO - ::endgroup::
[2025-03-28T19:25:06.172+0000] {logging_mixin.py:190} INFO - Hello, Airflow from the workspace! 🚀
[2025-03-28T19:25:06.173+0000] {python.py:240} INFO - Done. Returned value was: None
[2025-03-28T19:25:06.175+0000] {taskinstance.py:341} INFO - ::group::Post task execution logs
[2025-03-28T19:25:06.175+0000] {taskinstance.py:353} INFO - Marking task as SUCCESS. dag_id=my_third_dag, task_id=print_hello_task, run_id=scheduled__2025-03-26T00:00:00+00:00, execution_date=20250326T000000, start_date=20250328T192506, end_date=20250328T192506
[2025-03-28T19:25:06.186+0000] {logging_mixin.py:190} INFO - Task instance in success state
[2025-03-28T19:25:06.187+0000] {logging_mixin.py:190} INFO -  Previous state of the Task instance: running
[2025-03-28T19:25:06.187+0000] {logging_mixin.py:190} INFO - Dag name:my_third_dag queued_at:2025-03-28 19:25:04.220492+00:00
[2025-03-28T19:25:06.187+0000] {logging_mixin.py:190} INFO - Task hostname:codespaces-6cda86 operator:PythonOperator
[2025-03-28T19:25:06.196+0000] {local_task_job_runner.py:266} INFO - Task exited with return code 0
[2025-03-28T19:25:06.209+0000] {taskinstance.py:3901} INFO - 1 downstream tasks scheduled from follow-on schedule check
[2025-03-28T19:25:06.212+0000] {local_task_job_runner.py:245} INFO - ::endgroup::
