[2025-03-31T19:05:58.321+0000] {processor.py:186} INFO - Started process (PID=4926) to work on /workspaces/airflow-tutorial/airflow_home/dags/my_second_dag.py
[2025-03-31T19:05:58.322+0000] {processor.py:914} INFO - Processing file /workspaces/airflow-tutorial/airflow_home/dags/my_second_dag.py for tasks to queue
[2025-03-31T19:05:58.323+0000] {logging_mixin.py:190} INFO - [2025-03-31T19:05:58.323+0000] {dagbag.py:588} INFO - Filling up the DagBag from /workspaces/airflow-tutorial/airflow_home/dags/my_second_dag.py
[2025-03-31T19:05:58.330+0000] {processor.py:925} INFO - DAG(s) 'my_second_dag' retrieved from /workspaces/airflow-tutorial/airflow_home/dags/my_second_dag.py
[2025-03-31T19:05:58.349+0000] {logging_mixin.py:190} INFO - [2025-03-31T19:05:58.349+0000] {dag.py:3239} INFO - Sync 1 DAGs
[2025-03-31T19:05:58.366+0000] {logging_mixin.py:190} INFO - [2025-03-31T19:05:58.366+0000] {dag.py:4180} INFO - Setting next_dagrun for my_second_dag to 2024-03-01 00:00:00+00:00, run_after=2024-03-02 00:00:00+00:00
[2025-03-31T19:05:58.384+0000] {processor.py:208} INFO - Processing /workspaces/airflow-tutorial/airflow_home/dags/my_second_dag.py took 0.067 seconds
[2025-03-31T19:07:05.143+0000] {processor.py:186} INFO - Started process (PID=5530) to work on /workspaces/airflow-tutorial/airflow_home/dags/my_second_dag.py
[2025-03-31T19:07:05.143+0000] {processor.py:914} INFO - Processing file /workspaces/airflow-tutorial/airflow_home/dags/my_second_dag.py for tasks to queue
[2025-03-31T19:07:05.145+0000] {logging_mixin.py:190} INFO - [2025-03-31T19:07:05.144+0000] {dagbag.py:588} INFO - Filling up the DagBag from /workspaces/airflow-tutorial/airflow_home/dags/my_second_dag.py
[2025-03-31T19:07:05.151+0000] {processor.py:925} INFO - DAG(s) 'my_second_dag' retrieved from /workspaces/airflow-tutorial/airflow_home/dags/my_second_dag.py
[2025-03-31T19:07:05.160+0000] {logging_mixin.py:190} INFO - [2025-03-31T19:07:05.160+0000] {dag.py:3239} INFO - Sync 1 DAGs
[2025-03-31T19:07:05.175+0000] {logging_mixin.py:190} INFO - [2025-03-31T19:07:05.175+0000] {dag.py:4180} INFO - Setting next_dagrun for my_second_dag to 2024-03-01 00:00:00+00:00, run_after=2024-03-02 00:00:00+00:00
[2025-03-31T19:07:05.189+0000] {processor.py:208} INFO - Processing /workspaces/airflow-tutorial/airflow_home/dags/my_second_dag.py took 0.050 seconds
[2025-03-31T19:07:59.417+0000] {processor.py:186} INFO - Started process (PID=6000) to work on /workspaces/airflow-tutorial/airflow_home/dags/my_second_dag.py
[2025-03-31T19:07:59.418+0000] {processor.py:914} INFO - Processing file /workspaces/airflow-tutorial/airflow_home/dags/my_second_dag.py for tasks to queue
[2025-03-31T19:07:59.419+0000] {logging_mixin.py:190} INFO - [2025-03-31T19:07:59.419+0000] {dagbag.py:588} INFO - Filling up the DagBag from /workspaces/airflow-tutorial/airflow_home/dags/my_second_dag.py
[2025-03-31T19:07:59.425+0000] {processor.py:925} INFO - DAG(s) 'my_second_dag' retrieved from /workspaces/airflow-tutorial/airflow_home/dags/my_second_dag.py
[2025-03-31T19:07:59.436+0000] {logging_mixin.py:190} INFO - [2025-03-31T19:07:59.435+0000] {dag.py:3239} INFO - Sync 1 DAGs
[2025-03-31T19:07:59.451+0000] {logging_mixin.py:190} INFO - [2025-03-31T19:07:59.450+0000] {dag.py:4180} INFO - Setting next_dagrun for my_second_dag to 2024-03-01 00:00:00+00:00, run_after=2024-03-02 00:00:00+00:00
[2025-03-31T19:07:59.465+0000] {processor.py:208} INFO - Processing /workspaces/airflow-tutorial/airflow_home/dags/my_second_dag.py took 0.052 seconds
[2025-03-31T19:08:55.343+0000] {processor.py:186} INFO - Started process (PID=6471) to work on /workspaces/airflow-tutorial/airflow_home/dags/my_second_dag.py
[2025-03-31T19:08:55.344+0000] {processor.py:914} INFO - Processing file /workspaces/airflow-tutorial/airflow_home/dags/my_second_dag.py for tasks to queue
[2025-03-31T19:08:55.345+0000] {logging_mixin.py:190} INFO - [2025-03-31T19:08:55.345+0000] {dagbag.py:588} INFO - Filling up the DagBag from /workspaces/airflow-tutorial/airflow_home/dags/my_second_dag.py
[2025-03-31T19:08:55.351+0000] {processor.py:925} INFO - DAG(s) 'my_second_dag' retrieved from /workspaces/airflow-tutorial/airflow_home/dags/my_second_dag.py
[2025-03-31T19:08:55.361+0000] {logging_mixin.py:190} INFO - [2025-03-31T19:08:55.361+0000] {dag.py:3239} INFO - Sync 1 DAGs
[2025-03-31T19:08:55.376+0000] {logging_mixin.py:190} INFO - [2025-03-31T19:08:55.376+0000] {dag.py:4180} INFO - Setting next_dagrun for my_second_dag to 2024-03-01 00:00:00+00:00, run_after=2024-03-02 00:00:00+00:00
[2025-03-31T19:08:55.390+0000] {processor.py:208} INFO - Processing /workspaces/airflow-tutorial/airflow_home/dags/my_second_dag.py took 0.051 seconds
[2025-03-31T19:09:46.997+0000] {processor.py:186} INFO - Started process (PID=6885) to work on /workspaces/airflow-tutorial/airflow_home/dags/my_second_dag.py
[2025-03-31T19:09:46.997+0000] {processor.py:914} INFO - Processing file /workspaces/airflow-tutorial/airflow_home/dags/my_second_dag.py for tasks to queue
[2025-03-31T19:09:46.999+0000] {logging_mixin.py:190} INFO - [2025-03-31T19:09:46.999+0000] {dagbag.py:588} INFO - Filling up the DagBag from /workspaces/airflow-tutorial/airflow_home/dags/my_second_dag.py
[2025-03-31T19:09:47.004+0000] {processor.py:925} INFO - DAG(s) 'my_second_dag' retrieved from /workspaces/airflow-tutorial/airflow_home/dags/my_second_dag.py
[2025-03-31T19:09:47.015+0000] {logging_mixin.py:190} INFO - [2025-03-31T19:09:47.014+0000] {dag.py:3239} INFO - Sync 1 DAGs
[2025-03-31T19:09:47.030+0000] {logging_mixin.py:190} INFO - [2025-03-31T19:09:47.030+0000] {dag.py:4180} INFO - Setting next_dagrun for my_second_dag to 2024-03-01 00:00:00+00:00, run_after=2024-03-02 00:00:00+00:00
[2025-03-31T19:09:47.045+0000] {processor.py:208} INFO - Processing /workspaces/airflow-tutorial/airflow_home/dags/my_second_dag.py took 0.052 seconds
[2025-03-31T19:10:37.255+0000] {processor.py:186} INFO - Started process (PID=7277) to work on /workspaces/airflow-tutorial/airflow_home/dags/my_second_dag.py
[2025-03-31T19:10:37.256+0000] {processor.py:914} INFO - Processing file /workspaces/airflow-tutorial/airflow_home/dags/my_second_dag.py for tasks to queue
[2025-03-31T19:10:37.258+0000] {logging_mixin.py:190} INFO - [2025-03-31T19:10:37.257+0000] {dagbag.py:588} INFO - Filling up the DagBag from /workspaces/airflow-tutorial/airflow_home/dags/my_second_dag.py
[2025-03-31T19:10:37.263+0000] {processor.py:925} INFO - DAG(s) 'my_second_dag' retrieved from /workspaces/airflow-tutorial/airflow_home/dags/my_second_dag.py
[2025-03-31T19:10:37.273+0000] {logging_mixin.py:190} INFO - [2025-03-31T19:10:37.273+0000] {dag.py:3239} INFO - Sync 1 DAGs
[2025-03-31T19:10:37.288+0000] {logging_mixin.py:190} INFO - [2025-03-31T19:10:37.288+0000] {dag.py:4180} INFO - Setting next_dagrun for my_second_dag to 2024-03-01 00:00:00+00:00, run_after=2024-03-02 00:00:00+00:00
[2025-03-31T19:10:37.303+0000] {processor.py:208} INFO - Processing /workspaces/airflow-tutorial/airflow_home/dags/my_second_dag.py took 0.051 seconds
[2025-03-31T19:11:29.739+0000] {processor.py:186} INFO - Started process (PID=7691) to work on /workspaces/airflow-tutorial/airflow_home/dags/my_second_dag.py
[2025-03-31T19:11:29.740+0000] {processor.py:914} INFO - Processing file /workspaces/airflow-tutorial/airflow_home/dags/my_second_dag.py for tasks to queue
[2025-03-31T19:11:29.741+0000] {logging_mixin.py:190} INFO - [2025-03-31T19:11:29.741+0000] {dagbag.py:588} INFO - Filling up the DagBag from /workspaces/airflow-tutorial/airflow_home/dags/my_second_dag.py
[2025-03-31T19:11:29.746+0000] {processor.py:925} INFO - DAG(s) 'my_second_dag' retrieved from /workspaces/airflow-tutorial/airflow_home/dags/my_second_dag.py
[2025-03-31T19:11:29.757+0000] {logging_mixin.py:190} INFO - [2025-03-31T19:11:29.756+0000] {dag.py:3239} INFO - Sync 1 DAGs
[2025-03-31T19:11:29.771+0000] {logging_mixin.py:190} INFO - [2025-03-31T19:11:29.771+0000] {dag.py:4180} INFO - Setting next_dagrun for my_second_dag to 2024-03-01 00:00:00+00:00, run_after=2024-03-02 00:00:00+00:00
[2025-03-31T19:11:29.785+0000] {processor.py:208} INFO - Processing /workspaces/airflow-tutorial/airflow_home/dags/my_second_dag.py took 0.050 seconds
[2025-03-31T19:12:22.820+0000] {processor.py:186} INFO - Started process (PID=8106) to work on /workspaces/airflow-tutorial/airflow_home/dags/my_second_dag.py
[2025-03-31T19:12:22.821+0000] {processor.py:914} INFO - Processing file /workspaces/airflow-tutorial/airflow_home/dags/my_second_dag.py for tasks to queue
[2025-03-31T19:12:22.822+0000] {logging_mixin.py:190} INFO - [2025-03-31T19:12:22.822+0000] {dagbag.py:588} INFO - Filling up the DagBag from /workspaces/airflow-tutorial/airflow_home/dags/my_second_dag.py
[2025-03-31T19:12:22.828+0000] {processor.py:925} INFO - DAG(s) 'my_second_dag' retrieved from /workspaces/airflow-tutorial/airflow_home/dags/my_second_dag.py
[2025-03-31T19:12:22.838+0000] {logging_mixin.py:190} INFO - [2025-03-31T19:12:22.837+0000] {dag.py:3239} INFO - Sync 1 DAGs
[2025-03-31T19:12:22.853+0000] {logging_mixin.py:190} INFO - [2025-03-31T19:12:22.852+0000] {dag.py:4180} INFO - Setting next_dagrun for my_second_dag to 2024-03-01 00:00:00+00:00, run_after=2024-03-02 00:00:00+00:00
[2025-03-31T19:12:22.866+0000] {processor.py:208} INFO - Processing /workspaces/airflow-tutorial/airflow_home/dags/my_second_dag.py took 0.050 seconds
[2025-03-31T19:13:16.177+0000] {processor.py:186} INFO - Started process (PID=8520) to work on /workspaces/airflow-tutorial/airflow_home/dags/my_second_dag.py
[2025-03-31T19:13:16.178+0000] {processor.py:914} INFO - Processing file /workspaces/airflow-tutorial/airflow_home/dags/my_second_dag.py for tasks to queue
[2025-03-31T19:13:16.179+0000] {logging_mixin.py:190} INFO - [2025-03-31T19:13:16.179+0000] {dagbag.py:588} INFO - Filling up the DagBag from /workspaces/airflow-tutorial/airflow_home/dags/my_second_dag.py
[2025-03-31T19:13:16.185+0000] {processor.py:925} INFO - DAG(s) 'my_second_dag' retrieved from /workspaces/airflow-tutorial/airflow_home/dags/my_second_dag.py
[2025-03-31T19:13:16.195+0000] {logging_mixin.py:190} INFO - [2025-03-31T19:13:16.195+0000] {dag.py:3239} INFO - Sync 1 DAGs
[2025-03-31T19:13:16.210+0000] {logging_mixin.py:190} INFO - [2025-03-31T19:13:16.209+0000] {dag.py:4180} INFO - Setting next_dagrun for my_second_dag to 2024-03-01 00:00:00+00:00, run_after=2024-03-02 00:00:00+00:00
[2025-03-31T19:13:16.224+0000] {processor.py:208} INFO - Processing /workspaces/airflow-tutorial/airflow_home/dags/my_second_dag.py took 0.051 seconds
[2025-03-31T19:14:10.120+0000] {processor.py:186} INFO - Started process (PID=8962) to work on /workspaces/airflow-tutorial/airflow_home/dags/my_second_dag.py
[2025-03-31T19:14:10.121+0000] {processor.py:914} INFO - Processing file /workspaces/airflow-tutorial/airflow_home/dags/my_second_dag.py for tasks to queue
[2025-03-31T19:14:10.122+0000] {logging_mixin.py:190} INFO - [2025-03-31T19:14:10.122+0000] {dagbag.py:588} INFO - Filling up the DagBag from /workspaces/airflow-tutorial/airflow_home/dags/my_second_dag.py
[2025-03-31T19:14:10.128+0000] {processor.py:925} INFO - DAG(s) 'my_second_dag' retrieved from /workspaces/airflow-tutorial/airflow_home/dags/my_second_dag.py
[2025-03-31T19:14:10.138+0000] {logging_mixin.py:190} INFO - [2025-03-31T19:14:10.138+0000] {dag.py:3239} INFO - Sync 1 DAGs
[2025-03-31T19:14:10.152+0000] {logging_mixin.py:190} INFO - [2025-03-31T19:14:10.152+0000] {dag.py:4180} INFO - Setting next_dagrun for my_second_dag to 2024-03-01 00:00:00+00:00, run_after=2024-03-02 00:00:00+00:00
[2025-03-31T19:14:10.166+0000] {processor.py:208} INFO - Processing /workspaces/airflow-tutorial/airflow_home/dags/my_second_dag.py took 0.050 seconds
[2025-03-31T19:14:59.827+0000] {processor.py:186} INFO - Started process (PID=9352) to work on /workspaces/airflow-tutorial/airflow_home/dags/my_second_dag.py
[2025-03-31T19:14:59.827+0000] {processor.py:914} INFO - Processing file /workspaces/airflow-tutorial/airflow_home/dags/my_second_dag.py for tasks to queue
[2025-03-31T19:14:59.829+0000] {logging_mixin.py:190} INFO - [2025-03-31T19:14:59.829+0000] {dagbag.py:588} INFO - Filling up the DagBag from /workspaces/airflow-tutorial/airflow_home/dags/my_second_dag.py
[2025-03-31T19:14:59.834+0000] {processor.py:925} INFO - DAG(s) 'my_second_dag' retrieved from /workspaces/airflow-tutorial/airflow_home/dags/my_second_dag.py
[2025-03-31T19:14:59.845+0000] {logging_mixin.py:190} INFO - [2025-03-31T19:14:59.845+0000] {dag.py:3239} INFO - Sync 1 DAGs
[2025-03-31T19:14:59.859+0000] {logging_mixin.py:190} INFO - [2025-03-31T19:14:59.859+0000] {dag.py:4180} INFO - Setting next_dagrun for my_second_dag to 2024-03-01 00:00:00+00:00, run_after=2024-03-02 00:00:00+00:00
[2025-03-31T19:14:59.873+0000] {processor.py:208} INFO - Processing /workspaces/airflow-tutorial/airflow_home/dags/my_second_dag.py took 0.051 seconds
[2025-03-31T19:15:51.791+0000] {processor.py:186} INFO - Started process (PID=9764) to work on /workspaces/airflow-tutorial/airflow_home/dags/my_second_dag.py
[2025-03-31T19:15:51.792+0000] {processor.py:914} INFO - Processing file /workspaces/airflow-tutorial/airflow_home/dags/my_second_dag.py for tasks to queue
[2025-03-31T19:15:51.793+0000] {logging_mixin.py:190} INFO - [2025-03-31T19:15:51.793+0000] {dagbag.py:588} INFO - Filling up the DagBag from /workspaces/airflow-tutorial/airflow_home/dags/my_second_dag.py
[2025-03-31T19:15:51.799+0000] {processor.py:925} INFO - DAG(s) 'my_second_dag' retrieved from /workspaces/airflow-tutorial/airflow_home/dags/my_second_dag.py
[2025-03-31T19:15:51.809+0000] {logging_mixin.py:190} INFO - [2025-03-31T19:15:51.809+0000] {dag.py:3239} INFO - Sync 1 DAGs
[2025-03-31T19:15:51.823+0000] {logging_mixin.py:190} INFO - [2025-03-31T19:15:51.823+0000] {dag.py:4180} INFO - Setting next_dagrun for my_second_dag to 2024-03-01 00:00:00+00:00, run_after=2024-03-02 00:00:00+00:00
[2025-03-31T19:15:51.838+0000] {processor.py:208} INFO - Processing /workspaces/airflow-tutorial/airflow_home/dags/my_second_dag.py took 0.051 seconds
[2025-03-31T19:16:45.400+0000] {processor.py:186} INFO - Started process (PID=10173) to work on /workspaces/airflow-tutorial/airflow_home/dags/my_second_dag.py
[2025-03-31T19:16:45.400+0000] {processor.py:914} INFO - Processing file /workspaces/airflow-tutorial/airflow_home/dags/my_second_dag.py for tasks to queue
[2025-03-31T19:16:45.402+0000] {logging_mixin.py:190} INFO - [2025-03-31T19:16:45.401+0000] {dagbag.py:588} INFO - Filling up the DagBag from /workspaces/airflow-tutorial/airflow_home/dags/my_second_dag.py
[2025-03-31T19:16:45.407+0000] {processor.py:925} INFO - DAG(s) 'my_second_dag' retrieved from /workspaces/airflow-tutorial/airflow_home/dags/my_second_dag.py
[2025-03-31T19:16:45.418+0000] {logging_mixin.py:190} INFO - [2025-03-31T19:16:45.417+0000] {dag.py:3239} INFO - Sync 1 DAGs
[2025-03-31T19:16:45.433+0000] {logging_mixin.py:190} INFO - [2025-03-31T19:16:45.433+0000] {dag.py:4180} INFO - Setting next_dagrun for my_second_dag to 2024-03-01 00:00:00+00:00, run_after=2024-03-02 00:00:00+00:00
[2025-03-31T19:16:45.448+0000] {processor.py:208} INFO - Processing /workspaces/airflow-tutorial/airflow_home/dags/my_second_dag.py took 0.053 seconds
[2025-03-31T19:17:41.921+0000] {processor.py:186} INFO - Started process (PID=10630) to work on /workspaces/airflow-tutorial/airflow_home/dags/my_second_dag.py
[2025-03-31T19:17:41.922+0000] {processor.py:914} INFO - Processing file /workspaces/airflow-tutorial/airflow_home/dags/my_second_dag.py for tasks to queue
[2025-03-31T19:17:41.924+0000] {logging_mixin.py:190} INFO - [2025-03-31T19:17:41.923+0000] {dagbag.py:588} INFO - Filling up the DagBag from /workspaces/airflow-tutorial/airflow_home/dags/my_second_dag.py
[2025-03-31T19:17:41.929+0000] {processor.py:925} INFO - DAG(s) 'my_second_dag' retrieved from /workspaces/airflow-tutorial/airflow_home/dags/my_second_dag.py
[2025-03-31T19:17:41.939+0000] {logging_mixin.py:190} INFO - [2025-03-31T19:17:41.939+0000] {dag.py:3239} INFO - Sync 1 DAGs
[2025-03-31T19:17:41.954+0000] {logging_mixin.py:190} INFO - [2025-03-31T19:17:41.954+0000] {dag.py:4180} INFO - Setting next_dagrun for my_second_dag to 2024-03-01 00:00:00+00:00, run_after=2024-03-02 00:00:00+00:00
[2025-03-31T19:17:41.968+0000] {processor.py:208} INFO - Processing /workspaces/airflow-tutorial/airflow_home/dags/my_second_dag.py took 0.052 seconds
[2025-03-31T19:18:34.935+0000] {processor.py:186} INFO - Started process (PID=11104) to work on /workspaces/airflow-tutorial/airflow_home/dags/my_second_dag.py
[2025-03-31T19:18:34.936+0000] {processor.py:914} INFO - Processing file /workspaces/airflow-tutorial/airflow_home/dags/my_second_dag.py for tasks to queue
[2025-03-31T19:18:34.937+0000] {logging_mixin.py:190} INFO - [2025-03-31T19:18:34.937+0000] {dagbag.py:588} INFO - Filling up the DagBag from /workspaces/airflow-tutorial/airflow_home/dags/my_second_dag.py
[2025-03-31T19:18:34.943+0000] {processor.py:925} INFO - DAG(s) 'my_second_dag' retrieved from /workspaces/airflow-tutorial/airflow_home/dags/my_second_dag.py
[2025-03-31T19:18:34.953+0000] {logging_mixin.py:190} INFO - [2025-03-31T19:18:34.953+0000] {dag.py:3239} INFO - Sync 1 DAGs
[2025-03-31T19:18:34.967+0000] {logging_mixin.py:190} INFO - [2025-03-31T19:18:34.967+0000] {dag.py:4180} INFO - Setting next_dagrun for my_second_dag to 2024-03-01 00:00:00+00:00, run_after=2024-03-02 00:00:00+00:00
[2025-03-31T19:18:34.981+0000] {processor.py:208} INFO - Processing /workspaces/airflow-tutorial/airflow_home/dags/my_second_dag.py took 0.050 seconds
[2025-03-31T19:19:27.422+0000] {processor.py:186} INFO - Started process (PID=11568) to work on /workspaces/airflow-tutorial/airflow_home/dags/my_second_dag.py
[2025-03-31T19:19:27.423+0000] {processor.py:914} INFO - Processing file /workspaces/airflow-tutorial/airflow_home/dags/my_second_dag.py for tasks to queue
[2025-03-31T19:19:27.424+0000] {logging_mixin.py:190} INFO - [2025-03-31T19:19:27.424+0000] {dagbag.py:588} INFO - Filling up the DagBag from /workspaces/airflow-tutorial/airflow_home/dags/my_second_dag.py
[2025-03-31T19:19:27.430+0000] {processor.py:925} INFO - DAG(s) 'my_second_dag' retrieved from /workspaces/airflow-tutorial/airflow_home/dags/my_second_dag.py
[2025-03-31T19:19:27.440+0000] {logging_mixin.py:190} INFO - [2025-03-31T19:19:27.440+0000] {dag.py:3239} INFO - Sync 1 DAGs
[2025-03-31T19:19:27.455+0000] {logging_mixin.py:190} INFO - [2025-03-31T19:19:27.455+0000] {dag.py:4180} INFO - Setting next_dagrun for my_second_dag to 2024-03-01 00:00:00+00:00, run_after=2024-03-02 00:00:00+00:00
[2025-03-31T19:19:27.470+0000] {processor.py:208} INFO - Processing /workspaces/airflow-tutorial/airflow_home/dags/my_second_dag.py took 0.051 seconds
[2025-03-31T19:20:18.239+0000] {processor.py:186} INFO - Started process (PID=12050) to work on /workspaces/airflow-tutorial/airflow_home/dags/my_second_dag.py
[2025-03-31T19:20:18.240+0000] {processor.py:914} INFO - Processing file /workspaces/airflow-tutorial/airflow_home/dags/my_second_dag.py for tasks to queue
[2025-03-31T19:20:18.241+0000] {logging_mixin.py:190} INFO - [2025-03-31T19:20:18.241+0000] {dagbag.py:588} INFO - Filling up the DagBag from /workspaces/airflow-tutorial/airflow_home/dags/my_second_dag.py
[2025-03-31T19:20:18.246+0000] {processor.py:925} INFO - DAG(s) 'my_second_dag' retrieved from /workspaces/airflow-tutorial/airflow_home/dags/my_second_dag.py
[2025-03-31T19:20:18.256+0000] {logging_mixin.py:190} INFO - [2025-03-31T19:20:18.256+0000] {dag.py:3239} INFO - Sync 1 DAGs
[2025-03-31T19:20:18.271+0000] {logging_mixin.py:190} INFO - [2025-03-31T19:20:18.271+0000] {dag.py:4180} INFO - Setting next_dagrun for my_second_dag to 2024-03-01 00:00:00+00:00, run_after=2024-03-02 00:00:00+00:00
[2025-03-31T19:20:18.285+0000] {processor.py:208} INFO - Processing /workspaces/airflow-tutorial/airflow_home/dags/my_second_dag.py took 0.050 seconds
[2025-03-31T19:21:09.028+0000] {processor.py:186} INFO - Started process (PID=12568) to work on /workspaces/airflow-tutorial/airflow_home/dags/my_second_dag.py
[2025-03-31T19:21:09.029+0000] {processor.py:914} INFO - Processing file /workspaces/airflow-tutorial/airflow_home/dags/my_second_dag.py for tasks to queue
[2025-03-31T19:21:09.030+0000] {logging_mixin.py:190} INFO - [2025-03-31T19:21:09.030+0000] {dagbag.py:588} INFO - Filling up the DagBag from /workspaces/airflow-tutorial/airflow_home/dags/my_second_dag.py
[2025-03-31T19:21:09.036+0000] {processor.py:925} INFO - DAG(s) 'my_second_dag' retrieved from /workspaces/airflow-tutorial/airflow_home/dags/my_second_dag.py
[2025-03-31T19:21:09.046+0000] {logging_mixin.py:190} INFO - [2025-03-31T19:21:09.045+0000] {dag.py:3239} INFO - Sync 1 DAGs
[2025-03-31T19:21:09.060+0000] {logging_mixin.py:190} INFO - [2025-03-31T19:21:09.060+0000] {dag.py:4180} INFO - Setting next_dagrun for my_second_dag to 2024-03-01 00:00:00+00:00, run_after=2024-03-02 00:00:00+00:00
[2025-03-31T19:21:09.077+0000] {processor.py:208} INFO - Processing /workspaces/airflow-tutorial/airflow_home/dags/my_second_dag.py took 0.053 seconds
[2025-03-31T19:22:00.425+0000] {processor.py:186} INFO - Started process (PID=13056) to work on /workspaces/airflow-tutorial/airflow_home/dags/my_second_dag.py
[2025-03-31T19:22:00.426+0000] {processor.py:914} INFO - Processing file /workspaces/airflow-tutorial/airflow_home/dags/my_second_dag.py for tasks to queue
[2025-03-31T19:22:00.428+0000] {logging_mixin.py:190} INFO - [2025-03-31T19:22:00.427+0000] {dagbag.py:588} INFO - Filling up the DagBag from /workspaces/airflow-tutorial/airflow_home/dags/my_second_dag.py
[2025-03-31T19:22:00.433+0000] {processor.py:925} INFO - DAG(s) 'my_second_dag' retrieved from /workspaces/airflow-tutorial/airflow_home/dags/my_second_dag.py
[2025-03-31T19:22:00.443+0000] {logging_mixin.py:190} INFO - [2025-03-31T19:22:00.443+0000] {dag.py:3239} INFO - Sync 1 DAGs
[2025-03-31T19:22:00.458+0000] {logging_mixin.py:190} INFO - [2025-03-31T19:22:00.458+0000] {dag.py:4180} INFO - Setting next_dagrun for my_second_dag to 2024-03-01 00:00:00+00:00, run_after=2024-03-02 00:00:00+00:00
[2025-03-31T19:22:00.472+0000] {processor.py:208} INFO - Processing /workspaces/airflow-tutorial/airflow_home/dags/my_second_dag.py took 0.051 seconds
[2025-03-31T19:22:56.285+0000] {processor.py:186} INFO - Started process (PID=13502) to work on /workspaces/airflow-tutorial/airflow_home/dags/my_second_dag.py
[2025-03-31T19:22:56.286+0000] {processor.py:914} INFO - Processing file /workspaces/airflow-tutorial/airflow_home/dags/my_second_dag.py for tasks to queue
[2025-03-31T19:22:56.287+0000] {logging_mixin.py:190} INFO - [2025-03-31T19:22:56.287+0000] {dagbag.py:588} INFO - Filling up the DagBag from /workspaces/airflow-tutorial/airflow_home/dags/my_second_dag.py
[2025-03-31T19:22:56.294+0000] {processor.py:925} INFO - DAG(s) 'my_second_dag' retrieved from /workspaces/airflow-tutorial/airflow_home/dags/my_second_dag.py
[2025-03-31T19:22:56.304+0000] {logging_mixin.py:190} INFO - [2025-03-31T19:22:56.304+0000] {dag.py:3239} INFO - Sync 1 DAGs
[2025-03-31T19:22:56.319+0000] {logging_mixin.py:190} INFO - [2025-03-31T19:22:56.319+0000] {dag.py:4180} INFO - Setting next_dagrun for my_second_dag to 2024-03-01 00:00:00+00:00, run_after=2024-03-02 00:00:00+00:00
[2025-03-31T19:22:56.333+0000] {processor.py:208} INFO - Processing /workspaces/airflow-tutorial/airflow_home/dags/my_second_dag.py took 0.052 seconds
[2025-03-31T19:23:46.522+0000] {processor.py:186} INFO - Started process (PID=13899) to work on /workspaces/airflow-tutorial/airflow_home/dags/my_second_dag.py
[2025-03-31T19:23:46.523+0000] {processor.py:914} INFO - Processing file /workspaces/airflow-tutorial/airflow_home/dags/my_second_dag.py for tasks to queue
[2025-03-31T19:23:46.524+0000] {logging_mixin.py:190} INFO - [2025-03-31T19:23:46.524+0000] {dagbag.py:588} INFO - Filling up the DagBag from /workspaces/airflow-tutorial/airflow_home/dags/my_second_dag.py
[2025-03-31T19:23:46.531+0000] {processor.py:925} INFO - DAG(s) 'my_second_dag' retrieved from /workspaces/airflow-tutorial/airflow_home/dags/my_second_dag.py
[2025-03-31T19:23:46.545+0000] {logging_mixin.py:190} INFO - [2025-03-31T19:23:46.545+0000] {dag.py:3239} INFO - Sync 1 DAGs
[2025-03-31T19:23:46.562+0000] {logging_mixin.py:190} INFO - [2025-03-31T19:23:46.562+0000] {dag.py:4180} INFO - Setting next_dagrun for my_second_dag to 2024-03-01 00:00:00+00:00, run_after=2024-03-02 00:00:00+00:00
[2025-03-31T19:23:46.578+0000] {processor.py:208} INFO - Processing /workspaces/airflow-tutorial/airflow_home/dags/my_second_dag.py took 0.060 seconds
[2025-03-31T19:24:38.215+0000] {processor.py:186} INFO - Started process (PID=14333) to work on /workspaces/airflow-tutorial/airflow_home/dags/my_second_dag.py
[2025-03-31T19:24:38.216+0000] {processor.py:914} INFO - Processing file /workspaces/airflow-tutorial/airflow_home/dags/my_second_dag.py for tasks to queue
[2025-03-31T19:24:38.217+0000] {logging_mixin.py:190} INFO - [2025-03-31T19:24:38.217+0000] {dagbag.py:588} INFO - Filling up the DagBag from /workspaces/airflow-tutorial/airflow_home/dags/my_second_dag.py
[2025-03-31T19:24:38.223+0000] {processor.py:925} INFO - DAG(s) 'my_second_dag' retrieved from /workspaces/airflow-tutorial/airflow_home/dags/my_second_dag.py
[2025-03-31T19:24:38.232+0000] {logging_mixin.py:190} INFO - [2025-03-31T19:24:38.232+0000] {dag.py:3239} INFO - Sync 1 DAGs
[2025-03-31T19:24:38.247+0000] {logging_mixin.py:190} INFO - [2025-03-31T19:24:38.247+0000] {dag.py:4180} INFO - Setting next_dagrun for my_second_dag to 2024-03-01 00:00:00+00:00, run_after=2024-03-02 00:00:00+00:00
[2025-03-31T19:24:38.261+0000] {processor.py:208} INFO - Processing /workspaces/airflow-tutorial/airflow_home/dags/my_second_dag.py took 0.050 seconds
[2025-03-31T19:25:31.046+0000] {processor.py:186} INFO - Started process (PID=14752) to work on /workspaces/airflow-tutorial/airflow_home/dags/my_second_dag.py
[2025-03-31T19:25:31.046+0000] {processor.py:914} INFO - Processing file /workspaces/airflow-tutorial/airflow_home/dags/my_second_dag.py for tasks to queue
[2025-03-31T19:25:31.048+0000] {logging_mixin.py:190} INFO - [2025-03-31T19:25:31.048+0000] {dagbag.py:588} INFO - Filling up the DagBag from /workspaces/airflow-tutorial/airflow_home/dags/my_second_dag.py
[2025-03-31T19:25:31.054+0000] {processor.py:925} INFO - DAG(s) 'my_second_dag' retrieved from /workspaces/airflow-tutorial/airflow_home/dags/my_second_dag.py
[2025-03-31T19:25:31.064+0000] {logging_mixin.py:190} INFO - [2025-03-31T19:25:31.064+0000] {dag.py:3239} INFO - Sync 1 DAGs
[2025-03-31T19:25:31.079+0000] {logging_mixin.py:190} INFO - [2025-03-31T19:25:31.079+0000] {dag.py:4180} INFO - Setting next_dagrun for my_second_dag to 2024-03-01 00:00:00+00:00, run_after=2024-03-02 00:00:00+00:00
[2025-03-31T19:25:31.094+0000] {processor.py:208} INFO - Processing /workspaces/airflow-tutorial/airflow_home/dags/my_second_dag.py took 0.052 seconds
[2025-03-31T19:26:24.138+0000] {processor.py:186} INFO - Started process (PID=15220) to work on /workspaces/airflow-tutorial/airflow_home/dags/my_second_dag.py
[2025-03-31T19:26:24.138+0000] {processor.py:914} INFO - Processing file /workspaces/airflow-tutorial/airflow_home/dags/my_second_dag.py for tasks to queue
[2025-03-31T19:26:24.140+0000] {logging_mixin.py:190} INFO - [2025-03-31T19:26:24.140+0000] {dagbag.py:588} INFO - Filling up the DagBag from /workspaces/airflow-tutorial/airflow_home/dags/my_second_dag.py
[2025-03-31T19:26:24.145+0000] {processor.py:925} INFO - DAG(s) 'my_second_dag' retrieved from /workspaces/airflow-tutorial/airflow_home/dags/my_second_dag.py
[2025-03-31T19:26:24.156+0000] {logging_mixin.py:190} INFO - [2025-03-31T19:26:24.155+0000] {dag.py:3239} INFO - Sync 1 DAGs
[2025-03-31T19:26:24.171+0000] {logging_mixin.py:190} INFO - [2025-03-31T19:26:24.171+0000] {dag.py:4180} INFO - Setting next_dagrun for my_second_dag to 2024-03-01 00:00:00+00:00, run_after=2024-03-02 00:00:00+00:00
[2025-03-31T19:26:24.185+0000] {processor.py:208} INFO - Processing /workspaces/airflow-tutorial/airflow_home/dags/my_second_dag.py took 0.052 seconds
[2025-03-31T19:27:15.924+0000] {processor.py:186} INFO - Started process (PID=15656) to work on /workspaces/airflow-tutorial/airflow_home/dags/my_second_dag.py
[2025-03-31T19:27:15.925+0000] {processor.py:914} INFO - Processing file /workspaces/airflow-tutorial/airflow_home/dags/my_second_dag.py for tasks to queue
[2025-03-31T19:27:15.926+0000] {logging_mixin.py:190} INFO - [2025-03-31T19:27:15.926+0000] {dagbag.py:588} INFO - Filling up the DagBag from /workspaces/airflow-tutorial/airflow_home/dags/my_second_dag.py
[2025-03-31T19:27:15.932+0000] {processor.py:925} INFO - DAG(s) 'my_second_dag' retrieved from /workspaces/airflow-tutorial/airflow_home/dags/my_second_dag.py
[2025-03-31T19:27:15.941+0000] {logging_mixin.py:190} INFO - [2025-03-31T19:27:15.941+0000] {dag.py:3239} INFO - Sync 1 DAGs
[2025-03-31T19:27:15.958+0000] {logging_mixin.py:190} INFO - [2025-03-31T19:27:15.957+0000] {dag.py:4180} INFO - Setting next_dagrun for my_second_dag to 2024-03-01 00:00:00+00:00, run_after=2024-03-02 00:00:00+00:00
[2025-03-31T19:27:15.975+0000] {processor.py:208} INFO - Processing /workspaces/airflow-tutorial/airflow_home/dags/my_second_dag.py took 0.056 seconds
[2025-03-31T19:28:05.054+0000] {processor.py:186} INFO - Started process (PID=16065) to work on /workspaces/airflow-tutorial/airflow_home/dags/my_second_dag.py
[2025-03-31T19:28:05.055+0000] {processor.py:914} INFO - Processing file /workspaces/airflow-tutorial/airflow_home/dags/my_second_dag.py for tasks to queue
[2025-03-31T19:28:05.057+0000] {logging_mixin.py:190} INFO - [2025-03-31T19:28:05.056+0000] {dagbag.py:588} INFO - Filling up the DagBag from /workspaces/airflow-tutorial/airflow_home/dags/my_second_dag.py
[2025-03-31T19:28:05.062+0000] {processor.py:925} INFO - DAG(s) 'my_second_dag' retrieved from /workspaces/airflow-tutorial/airflow_home/dags/my_second_dag.py
[2025-03-31T19:28:05.072+0000] {logging_mixin.py:190} INFO - [2025-03-31T19:28:05.072+0000] {dag.py:3239} INFO - Sync 1 DAGs
[2025-03-31T19:28:05.087+0000] {logging_mixin.py:190} INFO - [2025-03-31T19:28:05.087+0000] {dag.py:4180} INFO - Setting next_dagrun for my_second_dag to 2024-03-01 00:00:00+00:00, run_after=2024-03-02 00:00:00+00:00
[2025-03-31T19:28:05.101+0000] {processor.py:208} INFO - Processing /workspaces/airflow-tutorial/airflow_home/dags/my_second_dag.py took 0.051 seconds
[2025-03-31T19:28:44.745+0000] {processor.py:186} INFO - Started process (PID=16519) to work on /workspaces/airflow-tutorial/airflow_home/dags/my_second_dag.py
[2025-03-31T19:28:44.746+0000] {processor.py:914} INFO - Processing file /workspaces/airflow-tutorial/airflow_home/dags/my_second_dag.py for tasks to queue
[2025-03-31T19:28:44.747+0000] {logging_mixin.py:190} INFO - [2025-03-31T19:28:44.747+0000] {dagbag.py:588} INFO - Filling up the DagBag from /workspaces/airflow-tutorial/airflow_home/dags/my_second_dag.py
[2025-03-31T19:28:44.754+0000] {processor.py:925} INFO - DAG(s) 'my_second_dag' retrieved from /workspaces/airflow-tutorial/airflow_home/dags/my_second_dag.py
[2025-03-31T19:28:44.770+0000] {logging_mixin.py:190} INFO - [2025-03-31T19:28:44.770+0000] {dag.py:3239} INFO - Sync 1 DAGs
[2025-03-31T19:28:44.784+0000] {logging_mixin.py:190} INFO - [2025-03-31T19:28:44.784+0000] {dag.py:4180} INFO - Setting next_dagrun for my_second_dag to 2024-03-01 00:00:00+00:00, run_after=2024-03-02 00:00:00+00:00
[2025-03-31T19:28:44.798+0000] {processor.py:208} INFO - Processing /workspaces/airflow-tutorial/airflow_home/dags/my_second_dag.py took 0.057 seconds
[2025-03-31T19:29:42.301+0000] {processor.py:186} INFO - Started process (PID=16974) to work on /workspaces/airflow-tutorial/airflow_home/dags/my_second_dag.py
[2025-03-31T19:29:42.302+0000] {processor.py:914} INFO - Processing file /workspaces/airflow-tutorial/airflow_home/dags/my_second_dag.py for tasks to queue
[2025-03-31T19:29:42.303+0000] {logging_mixin.py:190} INFO - [2025-03-31T19:29:42.303+0000] {dagbag.py:588} INFO - Filling up the DagBag from /workspaces/airflow-tutorial/airflow_home/dags/my_second_dag.py
[2025-03-31T19:29:42.309+0000] {processor.py:925} INFO - DAG(s) 'my_second_dag' retrieved from /workspaces/airflow-tutorial/airflow_home/dags/my_second_dag.py
[2025-03-31T19:29:42.321+0000] {logging_mixin.py:190} INFO - [2025-03-31T19:29:42.321+0000] {dag.py:3239} INFO - Sync 1 DAGs
[2025-03-31T19:29:42.340+0000] {logging_mixin.py:190} INFO - [2025-03-31T19:29:42.340+0000] {dag.py:4180} INFO - Setting next_dagrun for my_second_dag to 2024-03-01 00:00:00+00:00, run_after=2024-03-02 00:00:00+00:00
[2025-03-31T19:29:42.355+0000] {processor.py:208} INFO - Processing /workspaces/airflow-tutorial/airflow_home/dags/my_second_dag.py took 0.060 seconds
[2025-03-31T19:30:39.876+0000] {processor.py:186} INFO - Started process (PID=17438) to work on /workspaces/airflow-tutorial/airflow_home/dags/my_second_dag.py
[2025-03-31T19:30:39.876+0000] {processor.py:914} INFO - Processing file /workspaces/airflow-tutorial/airflow_home/dags/my_second_dag.py for tasks to queue
[2025-03-31T19:30:39.878+0000] {logging_mixin.py:190} INFO - [2025-03-31T19:30:39.878+0000] {dagbag.py:588} INFO - Filling up the DagBag from /workspaces/airflow-tutorial/airflow_home/dags/my_second_dag.py
[2025-03-31T19:30:39.883+0000] {processor.py:925} INFO - DAG(s) 'my_second_dag' retrieved from /workspaces/airflow-tutorial/airflow_home/dags/my_second_dag.py
[2025-03-31T19:30:39.893+0000] {logging_mixin.py:190} INFO - [2025-03-31T19:30:39.893+0000] {dag.py:3239} INFO - Sync 1 DAGs
[2025-03-31T19:30:39.908+0000] {logging_mixin.py:190} INFO - [2025-03-31T19:30:39.908+0000] {dag.py:4180} INFO - Setting next_dagrun for my_second_dag to 2024-03-01 00:00:00+00:00, run_after=2024-03-02 00:00:00+00:00
[2025-03-31T19:30:39.922+0000] {processor.py:208} INFO - Processing /workspaces/airflow-tutorial/airflow_home/dags/my_second_dag.py took 0.051 seconds
[2025-03-31T19:31:34.512+0000] {processor.py:186} INFO - Started process (PID=17879) to work on /workspaces/airflow-tutorial/airflow_home/dags/my_second_dag.py
[2025-03-31T19:31:34.513+0000] {processor.py:914} INFO - Processing file /workspaces/airflow-tutorial/airflow_home/dags/my_second_dag.py for tasks to queue
[2025-03-31T19:31:34.514+0000] {logging_mixin.py:190} INFO - [2025-03-31T19:31:34.514+0000] {dagbag.py:588} INFO - Filling up the DagBag from /workspaces/airflow-tutorial/airflow_home/dags/my_second_dag.py
[2025-03-31T19:31:34.520+0000] {processor.py:925} INFO - DAG(s) 'my_second_dag' retrieved from /workspaces/airflow-tutorial/airflow_home/dags/my_second_dag.py
[2025-03-31T19:31:34.530+0000] {logging_mixin.py:190} INFO - [2025-03-31T19:31:34.530+0000] {dag.py:3239} INFO - Sync 1 DAGs
[2025-03-31T19:31:34.545+0000] {logging_mixin.py:190} INFO - [2025-03-31T19:31:34.545+0000] {dag.py:4180} INFO - Setting next_dagrun for my_second_dag to 2024-03-01 00:00:00+00:00, run_after=2024-03-02 00:00:00+00:00
[2025-03-31T19:31:34.559+0000] {processor.py:208} INFO - Processing /workspaces/airflow-tutorial/airflow_home/dags/my_second_dag.py took 0.050 seconds
[2025-03-31T19:32:30.266+0000] {processor.py:186} INFO - Started process (PID=18329) to work on /workspaces/airflow-tutorial/airflow_home/dags/my_second_dag.py
[2025-03-31T19:32:30.267+0000] {processor.py:914} INFO - Processing file /workspaces/airflow-tutorial/airflow_home/dags/my_second_dag.py for tasks to queue
[2025-03-31T19:32:30.269+0000] {logging_mixin.py:190} INFO - [2025-03-31T19:32:30.268+0000] {dagbag.py:588} INFO - Filling up the DagBag from /workspaces/airflow-tutorial/airflow_home/dags/my_second_dag.py
[2025-03-31T19:32:30.276+0000] {processor.py:925} INFO - DAG(s) 'my_second_dag' retrieved from /workspaces/airflow-tutorial/airflow_home/dags/my_second_dag.py
[2025-03-31T19:32:30.291+0000] {logging_mixin.py:190} INFO - [2025-03-31T19:32:30.291+0000] {dag.py:3239} INFO - Sync 1 DAGs
[2025-03-31T19:32:30.311+0000] {logging_mixin.py:190} INFO - [2025-03-31T19:32:30.311+0000] {dag.py:4180} INFO - Setting next_dagrun for my_second_dag to 2024-03-01 00:00:00+00:00, run_after=2024-03-02 00:00:00+00:00
[2025-03-31T19:32:30.325+0000] {processor.py:208} INFO - Processing /workspaces/airflow-tutorial/airflow_home/dags/my_second_dag.py took 0.063 seconds
[2025-03-31T19:33:27.179+0000] {processor.py:186} INFO - Started process (PID=18776) to work on /workspaces/airflow-tutorial/airflow_home/dags/my_second_dag.py
[2025-03-31T19:33:27.180+0000] {processor.py:914} INFO - Processing file /workspaces/airflow-tutorial/airflow_home/dags/my_second_dag.py for tasks to queue
[2025-03-31T19:33:27.181+0000] {logging_mixin.py:190} INFO - [2025-03-31T19:33:27.181+0000] {dagbag.py:588} INFO - Filling up the DagBag from /workspaces/airflow-tutorial/airflow_home/dags/my_second_dag.py
[2025-03-31T19:33:27.186+0000] {processor.py:925} INFO - DAG(s) 'my_second_dag' retrieved from /workspaces/airflow-tutorial/airflow_home/dags/my_second_dag.py
[2025-03-31T19:33:27.196+0000] {logging_mixin.py:190} INFO - [2025-03-31T19:33:27.196+0000] {dag.py:3239} INFO - Sync 1 DAGs
[2025-03-31T19:33:27.211+0000] {logging_mixin.py:190} INFO - [2025-03-31T19:33:27.211+0000] {dag.py:4180} INFO - Setting next_dagrun for my_second_dag to 2024-03-01 00:00:00+00:00, run_after=2024-03-02 00:00:00+00:00
[2025-03-31T19:33:27.225+0000] {processor.py:208} INFO - Processing /workspaces/airflow-tutorial/airflow_home/dags/my_second_dag.py took 0.050 seconds
[2025-03-31T19:34:28.043+0000] {processor.py:186} INFO - Started process (PID=19282) to work on /workspaces/airflow-tutorial/airflow_home/dags/my_second_dag.py
[2025-03-31T19:34:28.044+0000] {processor.py:914} INFO - Processing file /workspaces/airflow-tutorial/airflow_home/dags/my_second_dag.py for tasks to queue
[2025-03-31T19:34:28.045+0000] {logging_mixin.py:190} INFO - [2025-03-31T19:34:28.045+0000] {dagbag.py:588} INFO - Filling up the DagBag from /workspaces/airflow-tutorial/airflow_home/dags/my_second_dag.py
[2025-03-31T19:34:28.051+0000] {processor.py:925} INFO - DAG(s) 'my_second_dag' retrieved from /workspaces/airflow-tutorial/airflow_home/dags/my_second_dag.py
[2025-03-31T19:34:28.061+0000] {logging_mixin.py:190} INFO - [2025-03-31T19:34:28.060+0000] {dag.py:3239} INFO - Sync 1 DAGs
[2025-03-31T19:34:28.075+0000] {logging_mixin.py:190} INFO - [2025-03-31T19:34:28.075+0000] {dag.py:4180} INFO - Setting next_dagrun for my_second_dag to 2024-03-01 00:00:00+00:00, run_after=2024-03-02 00:00:00+00:00
[2025-03-31T19:34:28.089+0000] {processor.py:208} INFO - Processing /workspaces/airflow-tutorial/airflow_home/dags/my_second_dag.py took 0.050 seconds
[2025-03-31T19:35:24.281+0000] {processor.py:186} INFO - Started process (PID=19739) to work on /workspaces/airflow-tutorial/airflow_home/dags/my_second_dag.py
[2025-03-31T19:35:24.282+0000] {processor.py:914} INFO - Processing file /workspaces/airflow-tutorial/airflow_home/dags/my_second_dag.py for tasks to queue
[2025-03-31T19:35:24.283+0000] {logging_mixin.py:190} INFO - [2025-03-31T19:35:24.283+0000] {dagbag.py:588} INFO - Filling up the DagBag from /workspaces/airflow-tutorial/airflow_home/dags/my_second_dag.py
[2025-03-31T19:35:24.289+0000] {processor.py:925} INFO - DAG(s) 'my_second_dag' retrieved from /workspaces/airflow-tutorial/airflow_home/dags/my_second_dag.py
[2025-03-31T19:35:24.298+0000] {logging_mixin.py:190} INFO - [2025-03-31T19:35:24.298+0000] {dag.py:3239} INFO - Sync 1 DAGs
[2025-03-31T19:35:24.313+0000] {logging_mixin.py:190} INFO - [2025-03-31T19:35:24.313+0000] {dag.py:4180} INFO - Setting next_dagrun for my_second_dag to 2024-03-01 00:00:00+00:00, run_after=2024-03-02 00:00:00+00:00
[2025-03-31T19:35:24.327+0000] {processor.py:208} INFO - Processing /workspaces/airflow-tutorial/airflow_home/dags/my_second_dag.py took 0.050 seconds
[2025-03-31T19:36:21.484+0000] {processor.py:186} INFO - Started process (PID=20217) to work on /workspaces/airflow-tutorial/airflow_home/dags/my_second_dag.py
[2025-03-31T19:36:21.485+0000] {processor.py:914} INFO - Processing file /workspaces/airflow-tutorial/airflow_home/dags/my_second_dag.py for tasks to queue
[2025-03-31T19:36:21.487+0000] {logging_mixin.py:190} INFO - [2025-03-31T19:36:21.486+0000] {dagbag.py:588} INFO - Filling up the DagBag from /workspaces/airflow-tutorial/airflow_home/dags/my_second_dag.py
[2025-03-31T19:36:21.493+0000] {processor.py:925} INFO - DAG(s) 'my_second_dag' retrieved from /workspaces/airflow-tutorial/airflow_home/dags/my_second_dag.py
[2025-03-31T19:36:21.503+0000] {logging_mixin.py:190} INFO - [2025-03-31T19:36:21.503+0000] {dag.py:3239} INFO - Sync 1 DAGs
[2025-03-31T19:36:21.517+0000] {logging_mixin.py:190} INFO - [2025-03-31T19:36:21.517+0000] {dag.py:4180} INFO - Setting next_dagrun for my_second_dag to 2024-03-01 00:00:00+00:00, run_after=2024-03-02 00:00:00+00:00
[2025-03-31T19:36:21.531+0000] {processor.py:208} INFO - Processing /workspaces/airflow-tutorial/airflow_home/dags/my_second_dag.py took 0.051 seconds
[2025-03-31T19:37:16.200+0000] {processor.py:186} INFO - Started process (PID=20650) to work on /workspaces/airflow-tutorial/airflow_home/dags/my_second_dag.py
[2025-03-31T19:37:16.201+0000] {processor.py:914} INFO - Processing file /workspaces/airflow-tutorial/airflow_home/dags/my_second_dag.py for tasks to queue
[2025-03-31T19:37:16.203+0000] {logging_mixin.py:190} INFO - [2025-03-31T19:37:16.203+0000] {dagbag.py:588} INFO - Filling up the DagBag from /workspaces/airflow-tutorial/airflow_home/dags/my_second_dag.py
[2025-03-31T19:37:16.209+0000] {processor.py:925} INFO - DAG(s) 'my_second_dag' retrieved from /workspaces/airflow-tutorial/airflow_home/dags/my_second_dag.py
[2025-03-31T19:37:16.220+0000] {logging_mixin.py:190} INFO - [2025-03-31T19:37:16.220+0000] {dag.py:3239} INFO - Sync 1 DAGs
[2025-03-31T19:37:16.235+0000] {logging_mixin.py:190} INFO - [2025-03-31T19:37:16.235+0000] {dag.py:4180} INFO - Setting next_dagrun for my_second_dag to 2024-03-01 00:00:00+00:00, run_after=2024-03-02 00:00:00+00:00
[2025-03-31T19:37:16.249+0000] {processor.py:208} INFO - Processing /workspaces/airflow-tutorial/airflow_home/dags/my_second_dag.py took 0.054 seconds
[2025-03-31T19:38:10.877+0000] {processor.py:186} INFO - Started process (PID=21093) to work on /workspaces/airflow-tutorial/airflow_home/dags/my_second_dag.py
[2025-03-31T19:38:10.878+0000] {processor.py:914} INFO - Processing file /workspaces/airflow-tutorial/airflow_home/dags/my_second_dag.py for tasks to queue
[2025-03-31T19:38:10.879+0000] {logging_mixin.py:190} INFO - [2025-03-31T19:38:10.879+0000] {dagbag.py:588} INFO - Filling up the DagBag from /workspaces/airflow-tutorial/airflow_home/dags/my_second_dag.py
[2025-03-31T19:38:10.884+0000] {processor.py:925} INFO - DAG(s) 'my_second_dag' retrieved from /workspaces/airflow-tutorial/airflow_home/dags/my_second_dag.py
[2025-03-31T19:38:10.895+0000] {logging_mixin.py:190} INFO - [2025-03-31T19:38:10.894+0000] {dag.py:3239} INFO - Sync 1 DAGs
[2025-03-31T19:38:10.909+0000] {logging_mixin.py:190} INFO - [2025-03-31T19:38:10.909+0000] {dag.py:4180} INFO - Setting next_dagrun for my_second_dag to 2024-03-01 00:00:00+00:00, run_after=2024-03-02 00:00:00+00:00
[2025-03-31T19:38:10.924+0000] {processor.py:208} INFO - Processing /workspaces/airflow-tutorial/airflow_home/dags/my_second_dag.py took 0.052 seconds
