[2025-03-31T19:05:55.298+0000] {processor.py:186} INFO - Started process (PID=4892) to work on /workspaces/airflow-tutorial/airflow_home/dags/my_second_dag copy.py
[2025-03-31T19:05:55.299+0000] {processor.py:914} INFO - Processing file /workspaces/airflow-tutorial/airflow_home/dags/my_second_dag copy.py for tasks to queue
[2025-03-31T19:05:55.300+0000] {logging_mixin.py:190} INFO - [2025-03-31T19:05:55.300+0000] {dagbag.py:588} INFO - Filling up the DagBag from /workspaces/airflow-tutorial/airflow_home/dags/my_second_dag copy.py
[2025-03-31T19:05:55.308+0000] {processor.py:925} INFO - DAG(s) 'my_third_dag' retrieved from /workspaces/airflow-tutorial/airflow_home/dags/my_second_dag copy.py
[2025-03-31T19:05:55.327+0000] {logging_mixin.py:190} INFO - [2025-03-31T19:05:55.327+0000] {dag.py:3239} INFO - Sync 1 DAGs
[2025-03-31T19:05:55.349+0000] {logging_mixin.py:190} INFO - [2025-03-31T19:05:55.349+0000] {dag.py:4180} INFO - Setting next_dagrun for my_third_dag to 2025-03-28 00:00:00+00:00, run_after=2025-03-29 00:00:00+00:00
[2025-03-31T19:05:55.367+0000] {processor.py:208} INFO - Processing /workspaces/airflow-tutorial/airflow_home/dags/my_second_dag copy.py took 0.073 seconds
[2025-03-31T19:07:04.004+0000] {processor.py:186} INFO - Started process (PID=5528) to work on /workspaces/airflow-tutorial/airflow_home/dags/my_second_dag copy.py
[2025-03-31T19:07:04.005+0000] {processor.py:914} INFO - Processing file /workspaces/airflow-tutorial/airflow_home/dags/my_second_dag copy.py for tasks to queue
[2025-03-31T19:07:04.006+0000] {logging_mixin.py:190} INFO - [2025-03-31T19:07:04.006+0000] {dagbag.py:588} INFO - Filling up the DagBag from /workspaces/airflow-tutorial/airflow_home/dags/my_second_dag copy.py
[2025-03-31T19:07:04.012+0000] {processor.py:925} INFO - DAG(s) 'my_third_dag' retrieved from /workspaces/airflow-tutorial/airflow_home/dags/my_second_dag copy.py
[2025-03-31T19:07:04.022+0000] {logging_mixin.py:190} INFO - [2025-03-31T19:07:04.022+0000] {dag.py:3239} INFO - Sync 1 DAGs
[2025-03-31T19:07:04.037+0000] {logging_mixin.py:190} INFO - [2025-03-31T19:07:04.037+0000] {dag.py:4180} INFO - Setting next_dagrun for my_third_dag to 2025-03-31 00:00:00+00:00, run_after=2025-04-01 00:00:00+00:00
[2025-03-31T19:07:04.051+0000] {processor.py:208} INFO - Processing /workspaces/airflow-tutorial/airflow_home/dags/my_second_dag copy.py took 0.051 seconds
[2025-03-31T19:07:59.256+0000] {processor.py:186} INFO - Started process (PID=5998) to work on /workspaces/airflow-tutorial/airflow_home/dags/my_second_dag copy.py
[2025-03-31T19:07:59.256+0000] {processor.py:914} INFO - Processing file /workspaces/airflow-tutorial/airflow_home/dags/my_second_dag copy.py for tasks to queue
[2025-03-31T19:07:59.258+0000] {logging_mixin.py:190} INFO - [2025-03-31T19:07:59.257+0000] {dagbag.py:588} INFO - Filling up the DagBag from /workspaces/airflow-tutorial/airflow_home/dags/my_second_dag copy.py
[2025-03-31T19:07:59.264+0000] {processor.py:925} INFO - DAG(s) 'my_third_dag' retrieved from /workspaces/airflow-tutorial/airflow_home/dags/my_second_dag copy.py
[2025-03-31T19:07:59.274+0000] {logging_mixin.py:190} INFO - [2025-03-31T19:07:59.274+0000] {dag.py:3239} INFO - Sync 1 DAGs
[2025-03-31T19:07:59.289+0000] {logging_mixin.py:190} INFO - [2025-03-31T19:07:59.289+0000] {dag.py:4180} INFO - Setting next_dagrun for my_third_dag to 2025-03-31 00:00:00+00:00, run_after=2025-04-01 00:00:00+00:00
[2025-03-31T19:07:59.303+0000] {processor.py:208} INFO - Processing /workspaces/airflow-tutorial/airflow_home/dags/my_second_dag copy.py took 0.052 seconds
[2025-03-31T19:08:54.609+0000] {processor.py:186} INFO - Started process (PID=6470) to work on /workspaces/airflow-tutorial/airflow_home/dags/my_second_dag copy.py
[2025-03-31T19:08:54.610+0000] {processor.py:914} INFO - Processing file /workspaces/airflow-tutorial/airflow_home/dags/my_second_dag copy.py for tasks to queue
[2025-03-31T19:08:54.611+0000] {logging_mixin.py:190} INFO - [2025-03-31T19:08:54.611+0000] {dagbag.py:588} INFO - Filling up the DagBag from /workspaces/airflow-tutorial/airflow_home/dags/my_second_dag copy.py
[2025-03-31T19:08:54.617+0000] {processor.py:925} INFO - DAG(s) 'my_third_dag' retrieved from /workspaces/airflow-tutorial/airflow_home/dags/my_second_dag copy.py
[2025-03-31T19:08:54.628+0000] {logging_mixin.py:190} INFO - [2025-03-31T19:08:54.628+0000] {dag.py:3239} INFO - Sync 1 DAGs
[2025-03-31T19:08:54.644+0000] {logging_mixin.py:190} INFO - [2025-03-31T19:08:54.644+0000] {dag.py:4180} INFO - Setting next_dagrun for my_third_dag to 2025-03-31 00:00:00+00:00, run_after=2025-04-01 00:00:00+00:00
[2025-03-31T19:08:54.659+0000] {processor.py:208} INFO - Processing /workspaces/airflow-tutorial/airflow_home/dags/my_second_dag copy.py took 0.055 seconds
[2025-03-31T19:09:45.858+0000] {processor.py:186} INFO - Started process (PID=6877) to work on /workspaces/airflow-tutorial/airflow_home/dags/my_second_dag copy.py
[2025-03-31T19:09:45.858+0000] {processor.py:914} INFO - Processing file /workspaces/airflow-tutorial/airflow_home/dags/my_second_dag copy.py for tasks to queue
[2025-03-31T19:09:45.860+0000] {logging_mixin.py:190} INFO - [2025-03-31T19:09:45.860+0000] {dagbag.py:588} INFO - Filling up the DagBag from /workspaces/airflow-tutorial/airflow_home/dags/my_second_dag copy.py
[2025-03-31T19:09:45.866+0000] {processor.py:925} INFO - DAG(s) 'my_third_dag' retrieved from /workspaces/airflow-tutorial/airflow_home/dags/my_second_dag copy.py
[2025-03-31T19:09:45.876+0000] {logging_mixin.py:190} INFO - [2025-03-31T19:09:45.876+0000] {dag.py:3239} INFO - Sync 1 DAGs
[2025-03-31T19:09:45.892+0000] {logging_mixin.py:190} INFO - [2025-03-31T19:09:45.892+0000] {dag.py:4180} INFO - Setting next_dagrun for my_third_dag to 2025-03-31 00:00:00+00:00, run_after=2025-04-01 00:00:00+00:00
[2025-03-31T19:09:45.906+0000] {processor.py:208} INFO - Processing /workspaces/airflow-tutorial/airflow_home/dags/my_second_dag copy.py took 0.053 seconds
[2025-03-31T19:10:36.655+0000] {processor.py:186} INFO - Started process (PID=7276) to work on /workspaces/airflow-tutorial/airflow_home/dags/my_second_dag copy.py
[2025-03-31T19:10:36.656+0000] {processor.py:914} INFO - Processing file /workspaces/airflow-tutorial/airflow_home/dags/my_second_dag copy.py for tasks to queue
[2025-03-31T19:10:36.658+0000] {logging_mixin.py:190} INFO - [2025-03-31T19:10:36.657+0000] {dagbag.py:588} INFO - Filling up the DagBag from /workspaces/airflow-tutorial/airflow_home/dags/my_second_dag copy.py
[2025-03-31T19:10:36.663+0000] {processor.py:925} INFO - DAG(s) 'my_third_dag' retrieved from /workspaces/airflow-tutorial/airflow_home/dags/my_second_dag copy.py
[2025-03-31T19:10:36.673+0000] {logging_mixin.py:190} INFO - [2025-03-31T19:10:36.673+0000] {dag.py:3239} INFO - Sync 1 DAGs
[2025-03-31T19:10:36.688+0000] {logging_mixin.py:190} INFO - [2025-03-31T19:10:36.688+0000] {dag.py:4180} INFO - Setting next_dagrun for my_third_dag to 2025-03-31 00:00:00+00:00, run_after=2025-04-01 00:00:00+00:00
[2025-03-31T19:10:36.702+0000] {processor.py:208} INFO - Processing /workspaces/airflow-tutorial/airflow_home/dags/my_second_dag copy.py took 0.051 seconds
[2025-03-31T19:11:28.601+0000] {processor.py:186} INFO - Started process (PID=7688) to work on /workspaces/airflow-tutorial/airflow_home/dags/my_second_dag copy.py
[2025-03-31T19:11:28.601+0000] {processor.py:914} INFO - Processing file /workspaces/airflow-tutorial/airflow_home/dags/my_second_dag copy.py for tasks to queue
[2025-03-31T19:11:28.603+0000] {logging_mixin.py:190} INFO - [2025-03-31T19:11:28.602+0000] {dagbag.py:588} INFO - Filling up the DagBag from /workspaces/airflow-tutorial/airflow_home/dags/my_second_dag copy.py
[2025-03-31T19:11:28.609+0000] {processor.py:925} INFO - DAG(s) 'my_third_dag' retrieved from /workspaces/airflow-tutorial/airflow_home/dags/my_second_dag copy.py
[2025-03-31T19:11:28.623+0000] {logging_mixin.py:190} INFO - [2025-03-31T19:11:28.623+0000] {dag.py:3239} INFO - Sync 1 DAGs
[2025-03-31T19:11:28.638+0000] {logging_mixin.py:190} INFO - [2025-03-31T19:11:28.638+0000] {dag.py:4180} INFO - Setting next_dagrun for my_third_dag to 2025-03-31 00:00:00+00:00, run_after=2025-04-01 00:00:00+00:00
[2025-03-31T19:11:28.652+0000] {processor.py:208} INFO - Processing /workspaces/airflow-tutorial/airflow_home/dags/my_second_dag copy.py took 0.056 seconds
[2025-03-31T19:12:22.267+0000] {processor.py:186} INFO - Started process (PID=8104) to work on /workspaces/airflow-tutorial/airflow_home/dags/my_second_dag copy.py
[2025-03-31T19:12:22.268+0000] {processor.py:914} INFO - Processing file /workspaces/airflow-tutorial/airflow_home/dags/my_second_dag copy.py for tasks to queue
[2025-03-31T19:12:22.270+0000] {logging_mixin.py:190} INFO - [2025-03-31T19:12:22.269+0000] {dagbag.py:588} INFO - Filling up the DagBag from /workspaces/airflow-tutorial/airflow_home/dags/my_second_dag copy.py
[2025-03-31T19:12:22.275+0000] {processor.py:925} INFO - DAG(s) 'my_third_dag' retrieved from /workspaces/airflow-tutorial/airflow_home/dags/my_second_dag copy.py
[2025-03-31T19:12:22.286+0000] {logging_mixin.py:190} INFO - [2025-03-31T19:12:22.286+0000] {dag.py:3239} INFO - Sync 1 DAGs
[2025-03-31T19:12:22.301+0000] {logging_mixin.py:190} INFO - [2025-03-31T19:12:22.301+0000] {dag.py:4180} INFO - Setting next_dagrun for my_third_dag to 2025-03-31 00:00:00+00:00, run_after=2025-04-01 00:00:00+00:00
[2025-03-31T19:12:22.316+0000] {processor.py:208} INFO - Processing /workspaces/airflow-tutorial/airflow_home/dags/my_second_dag copy.py took 0.053 seconds
[2025-03-31T19:13:15.044+0000] {processor.py:186} INFO - Started process (PID=8512) to work on /workspaces/airflow-tutorial/airflow_home/dags/my_second_dag copy.py
[2025-03-31T19:13:15.045+0000] {processor.py:914} INFO - Processing file /workspaces/airflow-tutorial/airflow_home/dags/my_second_dag copy.py for tasks to queue
[2025-03-31T19:13:15.046+0000] {logging_mixin.py:190} INFO - [2025-03-31T19:13:15.046+0000] {dagbag.py:588} INFO - Filling up the DagBag from /workspaces/airflow-tutorial/airflow_home/dags/my_second_dag copy.py
[2025-03-31T19:13:15.052+0000] {processor.py:925} INFO - DAG(s) 'my_third_dag' retrieved from /workspaces/airflow-tutorial/airflow_home/dags/my_second_dag copy.py
[2025-03-31T19:13:15.062+0000] {logging_mixin.py:190} INFO - [2025-03-31T19:13:15.062+0000] {dag.py:3239} INFO - Sync 1 DAGs
[2025-03-31T19:13:15.077+0000] {logging_mixin.py:190} INFO - [2025-03-31T19:13:15.077+0000] {dag.py:4180} INFO - Setting next_dagrun for my_third_dag to 2025-03-31 00:00:00+00:00, run_after=2025-04-01 00:00:00+00:00
[2025-03-31T19:13:15.091+0000] {processor.py:208} INFO - Processing /workspaces/airflow-tutorial/airflow_home/dags/my_second_dag copy.py took 0.051 seconds
[2025-03-31T19:14:08.989+0000] {processor.py:186} INFO - Started process (PID=8936) to work on /workspaces/airflow-tutorial/airflow_home/dags/my_second_dag copy.py
[2025-03-31T19:14:08.990+0000] {processor.py:914} INFO - Processing file /workspaces/airflow-tutorial/airflow_home/dags/my_second_dag copy.py for tasks to queue
[2025-03-31T19:14:08.993+0000] {logging_mixin.py:190} INFO - [2025-03-31T19:14:08.992+0000] {dagbag.py:588} INFO - Filling up the DagBag from /workspaces/airflow-tutorial/airflow_home/dags/my_second_dag copy.py
[2025-03-31T19:14:09.003+0000] {processor.py:925} INFO - DAG(s) 'my_third_dag' retrieved from /workspaces/airflow-tutorial/airflow_home/dags/my_second_dag copy.py
[2025-03-31T19:14:09.023+0000] {logging_mixin.py:190} INFO - [2025-03-31T19:14:09.023+0000] {dag.py:3239} INFO - Sync 1 DAGs
[2025-03-31T19:14:09.049+0000] {logging_mixin.py:190} INFO - [2025-03-31T19:14:09.049+0000] {dag.py:4180} INFO - Setting next_dagrun for my_third_dag to 2025-03-31 00:00:00+00:00, run_after=2025-04-01 00:00:00+00:00
[2025-03-31T19:14:09.067+0000] {processor.py:208} INFO - Processing /workspaces/airflow-tutorial/airflow_home/dags/my_second_dag copy.py took 0.084 seconds
[2025-03-31T19:14:59.248+0000] {processor.py:186} INFO - Started process (PID=9333) to work on /workspaces/airflow-tutorial/airflow_home/dags/my_second_dag copy.py
[2025-03-31T19:14:59.249+0000] {processor.py:914} INFO - Processing file /workspaces/airflow-tutorial/airflow_home/dags/my_second_dag copy.py for tasks to queue
[2025-03-31T19:14:59.250+0000] {logging_mixin.py:190} INFO - [2025-03-31T19:14:59.250+0000] {dagbag.py:588} INFO - Filling up the DagBag from /workspaces/airflow-tutorial/airflow_home/dags/my_second_dag copy.py
[2025-03-31T19:14:59.256+0000] {processor.py:925} INFO - DAG(s) 'my_third_dag' retrieved from /workspaces/airflow-tutorial/airflow_home/dags/my_second_dag copy.py
[2025-03-31T19:14:59.267+0000] {logging_mixin.py:190} INFO - [2025-03-31T19:14:59.267+0000] {dag.py:3239} INFO - Sync 1 DAGs
[2025-03-31T19:14:59.281+0000] {logging_mixin.py:190} INFO - [2025-03-31T19:14:59.281+0000] {dag.py:4180} INFO - Setting next_dagrun for my_third_dag to 2025-03-31 00:00:00+00:00, run_after=2025-04-01 00:00:00+00:00
[2025-03-31T19:14:59.295+0000] {processor.py:208} INFO - Processing /workspaces/airflow-tutorial/airflow_home/dags/my_second_dag copy.py took 0.051 seconds
[2025-03-31T19:15:50.652+0000] {processor.py:186} INFO - Started process (PID=9750) to work on /workspaces/airflow-tutorial/airflow_home/dags/my_second_dag copy.py
[2025-03-31T19:15:50.652+0000] {processor.py:914} INFO - Processing file /workspaces/airflow-tutorial/airflow_home/dags/my_second_dag copy.py for tasks to queue
[2025-03-31T19:15:50.654+0000] {logging_mixin.py:190} INFO - [2025-03-31T19:15:50.654+0000] {dagbag.py:588} INFO - Filling up the DagBag from /workspaces/airflow-tutorial/airflow_home/dags/my_second_dag copy.py
[2025-03-31T19:15:50.662+0000] {processor.py:925} INFO - DAG(s) 'my_third_dag' retrieved from /workspaces/airflow-tutorial/airflow_home/dags/my_second_dag copy.py
[2025-03-31T19:15:50.672+0000] {logging_mixin.py:190} INFO - [2025-03-31T19:15:50.672+0000] {dag.py:3239} INFO - Sync 1 DAGs
[2025-03-31T19:15:50.687+0000] {logging_mixin.py:190} INFO - [2025-03-31T19:15:50.687+0000] {dag.py:4180} INFO - Setting next_dagrun for my_third_dag to 2025-03-31 00:00:00+00:00, run_after=2025-04-01 00:00:00+00:00
[2025-03-31T19:15:50.702+0000] {processor.py:208} INFO - Processing /workspaces/airflow-tutorial/airflow_home/dags/my_second_dag copy.py took 0.055 seconds
[2025-03-31T19:16:44.267+0000] {processor.py:186} INFO - Started process (PID=10165) to work on /workspaces/airflow-tutorial/airflow_home/dags/my_second_dag copy.py
[2025-03-31T19:16:44.267+0000] {processor.py:914} INFO - Processing file /workspaces/airflow-tutorial/airflow_home/dags/my_second_dag copy.py for tasks to queue
[2025-03-31T19:16:44.269+0000] {logging_mixin.py:190} INFO - [2025-03-31T19:16:44.269+0000] {dagbag.py:588} INFO - Filling up the DagBag from /workspaces/airflow-tutorial/airflow_home/dags/my_second_dag copy.py
[2025-03-31T19:16:44.275+0000] {processor.py:925} INFO - DAG(s) 'my_third_dag' retrieved from /workspaces/airflow-tutorial/airflow_home/dags/my_second_dag copy.py
[2025-03-31T19:16:44.287+0000] {logging_mixin.py:190} INFO - [2025-03-31T19:16:44.287+0000] {dag.py:3239} INFO - Sync 1 DAGs
[2025-03-31T19:16:44.302+0000] {logging_mixin.py:190} INFO - [2025-03-31T19:16:44.302+0000] {dag.py:4180} INFO - Setting next_dagrun for my_third_dag to 2025-03-31 00:00:00+00:00, run_after=2025-04-01 00:00:00+00:00
[2025-03-31T19:16:44.318+0000] {processor.py:208} INFO - Processing /workspaces/airflow-tutorial/airflow_home/dags/my_second_dag copy.py took 0.055 seconds
[2025-03-31T19:17:40.788+0000] {processor.py:186} INFO - Started process (PID=10622) to work on /workspaces/airflow-tutorial/airflow_home/dags/my_second_dag copy.py
[2025-03-31T19:17:40.789+0000] {processor.py:914} INFO - Processing file /workspaces/airflow-tutorial/airflow_home/dags/my_second_dag copy.py for tasks to queue
[2025-03-31T19:17:40.790+0000] {logging_mixin.py:190} INFO - [2025-03-31T19:17:40.790+0000] {dagbag.py:588} INFO - Filling up the DagBag from /workspaces/airflow-tutorial/airflow_home/dags/my_second_dag copy.py
[2025-03-31T19:17:40.796+0000] {processor.py:925} INFO - DAG(s) 'my_third_dag' retrieved from /workspaces/airflow-tutorial/airflow_home/dags/my_second_dag copy.py
[2025-03-31T19:17:40.806+0000] {logging_mixin.py:190} INFO - [2025-03-31T19:17:40.806+0000] {dag.py:3239} INFO - Sync 1 DAGs
[2025-03-31T19:17:40.821+0000] {logging_mixin.py:190} INFO - [2025-03-31T19:17:40.821+0000] {dag.py:4180} INFO - Setting next_dagrun for my_third_dag to 2025-03-31 00:00:00+00:00, run_after=2025-04-01 00:00:00+00:00
[2025-03-31T19:17:40.835+0000] {processor.py:208} INFO - Processing /workspaces/airflow-tutorial/airflow_home/dags/my_second_dag copy.py took 0.051 seconds
[2025-03-31T19:18:34.022+0000] {processor.py:186} INFO - Started process (PID=11096) to work on /workspaces/airflow-tutorial/airflow_home/dags/my_second_dag copy.py
[2025-03-31T19:18:34.023+0000] {processor.py:914} INFO - Processing file /workspaces/airflow-tutorial/airflow_home/dags/my_second_dag copy.py for tasks to queue
[2025-03-31T19:18:34.024+0000] {logging_mixin.py:190} INFO - [2025-03-31T19:18:34.024+0000] {dagbag.py:588} INFO - Filling up the DagBag from /workspaces/airflow-tutorial/airflow_home/dags/my_second_dag copy.py
[2025-03-31T19:18:34.030+0000] {processor.py:925} INFO - DAG(s) 'my_third_dag' retrieved from /workspaces/airflow-tutorial/airflow_home/dags/my_second_dag copy.py
[2025-03-31T19:18:34.040+0000] {logging_mixin.py:190} INFO - [2025-03-31T19:18:34.040+0000] {dag.py:3239} INFO - Sync 1 DAGs
[2025-03-31T19:18:34.055+0000] {logging_mixin.py:190} INFO - [2025-03-31T19:18:34.055+0000] {dag.py:4180} INFO - Setting next_dagrun for my_third_dag to 2025-03-31 00:00:00+00:00, run_after=2025-04-01 00:00:00+00:00
[2025-03-31T19:18:34.069+0000] {processor.py:208} INFO - Processing /workspaces/airflow-tutorial/airflow_home/dags/my_second_dag copy.py took 0.051 seconds
[2025-03-31T19:19:26.283+0000] {processor.py:186} INFO - Started process (PID=11557) to work on /workspaces/airflow-tutorial/airflow_home/dags/my_second_dag copy.py
[2025-03-31T19:19:26.284+0000] {processor.py:914} INFO - Processing file /workspaces/airflow-tutorial/airflow_home/dags/my_second_dag copy.py for tasks to queue
[2025-03-31T19:19:26.285+0000] {logging_mixin.py:190} INFO - [2025-03-31T19:19:26.285+0000] {dagbag.py:588} INFO - Filling up the DagBag from /workspaces/airflow-tutorial/airflow_home/dags/my_second_dag copy.py
[2025-03-31T19:19:26.291+0000] {processor.py:925} INFO - DAG(s) 'my_third_dag' retrieved from /workspaces/airflow-tutorial/airflow_home/dags/my_second_dag copy.py
[2025-03-31T19:19:26.302+0000] {logging_mixin.py:190} INFO - [2025-03-31T19:19:26.302+0000] {dag.py:3239} INFO - Sync 1 DAGs
[2025-03-31T19:19:26.316+0000] {logging_mixin.py:190} INFO - [2025-03-31T19:19:26.316+0000] {dag.py:4180} INFO - Setting next_dagrun for my_third_dag to 2025-03-31 00:00:00+00:00, run_after=2025-04-01 00:00:00+00:00
[2025-03-31T19:19:26.331+0000] {processor.py:208} INFO - Processing /workspaces/airflow-tutorial/airflow_home/dags/my_second_dag copy.py took 0.052 seconds
[2025-03-31T19:20:17.677+0000] {processor.py:186} INFO - Started process (PID=12043) to work on /workspaces/airflow-tutorial/airflow_home/dags/my_second_dag copy.py
[2025-03-31T19:20:17.678+0000] {processor.py:914} INFO - Processing file /workspaces/airflow-tutorial/airflow_home/dags/my_second_dag copy.py for tasks to queue
[2025-03-31T19:20:17.679+0000] {logging_mixin.py:190} INFO - [2025-03-31T19:20:17.679+0000] {dagbag.py:588} INFO - Filling up the DagBag from /workspaces/airflow-tutorial/airflow_home/dags/my_second_dag copy.py
[2025-03-31T19:20:17.685+0000] {processor.py:925} INFO - DAG(s) 'my_third_dag' retrieved from /workspaces/airflow-tutorial/airflow_home/dags/my_second_dag copy.py
[2025-03-31T19:20:17.695+0000] {logging_mixin.py:190} INFO - [2025-03-31T19:20:17.695+0000] {dag.py:3239} INFO - Sync 1 DAGs
[2025-03-31T19:20:17.714+0000] {logging_mixin.py:190} INFO - [2025-03-31T19:20:17.714+0000] {dag.py:4180} INFO - Setting next_dagrun for my_third_dag to 2025-03-31 00:00:00+00:00, run_after=2025-04-01 00:00:00+00:00
[2025-03-31T19:20:17.728+0000] {processor.py:208} INFO - Processing /workspaces/airflow-tutorial/airflow_home/dags/my_second_dag copy.py took 0.055 seconds
[2025-03-31T19:21:08.887+0000] {processor.py:186} INFO - Started process (PID=12567) to work on /workspaces/airflow-tutorial/airflow_home/dags/my_second_dag copy.py
[2025-03-31T19:21:08.888+0000] {processor.py:914} INFO - Processing file /workspaces/airflow-tutorial/airflow_home/dags/my_second_dag copy.py for tasks to queue
[2025-03-31T19:21:08.890+0000] {logging_mixin.py:190} INFO - [2025-03-31T19:21:08.889+0000] {dagbag.py:588} INFO - Filling up the DagBag from /workspaces/airflow-tutorial/airflow_home/dags/my_second_dag copy.py
[2025-03-31T19:21:08.896+0000] {processor.py:925} INFO - DAG(s) 'my_third_dag' retrieved from /workspaces/airflow-tutorial/airflow_home/dags/my_second_dag copy.py
[2025-03-31T19:21:08.907+0000] {logging_mixin.py:190} INFO - [2025-03-31T19:21:08.907+0000] {dag.py:3239} INFO - Sync 1 DAGs
[2025-03-31T19:21:08.925+0000] {logging_mixin.py:190} INFO - [2025-03-31T19:21:08.925+0000] {dag.py:4180} INFO - Setting next_dagrun for my_third_dag to 2025-03-31 00:00:00+00:00, run_after=2025-04-01 00:00:00+00:00
[2025-03-31T19:21:08.942+0000] {processor.py:208} INFO - Processing /workspaces/airflow-tutorial/airflow_home/dags/my_second_dag copy.py took 0.059 seconds
[2025-03-31T19:21:59.498+0000] {processor.py:186} INFO - Started process (PID=13048) to work on /workspaces/airflow-tutorial/airflow_home/dags/my_second_dag copy.py
[2025-03-31T19:21:59.499+0000] {processor.py:914} INFO - Processing file /workspaces/airflow-tutorial/airflow_home/dags/my_second_dag copy.py for tasks to queue
[2025-03-31T19:21:59.500+0000] {logging_mixin.py:190} INFO - [2025-03-31T19:21:59.500+0000] {dagbag.py:588} INFO - Filling up the DagBag from /workspaces/airflow-tutorial/airflow_home/dags/my_second_dag copy.py
[2025-03-31T19:21:59.506+0000] {processor.py:925} INFO - DAG(s) 'my_third_dag' retrieved from /workspaces/airflow-tutorial/airflow_home/dags/my_second_dag copy.py
[2025-03-31T19:21:59.517+0000] {logging_mixin.py:190} INFO - [2025-03-31T19:21:59.517+0000] {dag.py:3239} INFO - Sync 1 DAGs
[2025-03-31T19:21:59.533+0000] {logging_mixin.py:190} INFO - [2025-03-31T19:21:59.533+0000] {dag.py:4180} INFO - Setting next_dagrun for my_third_dag to 2025-03-31 00:00:00+00:00, run_after=2025-04-01 00:00:00+00:00
[2025-03-31T19:21:59.547+0000] {processor.py:208} INFO - Processing /workspaces/airflow-tutorial/airflow_home/dags/my_second_dag copy.py took 0.054 seconds
[2025-03-31T19:22:55.153+0000] {processor.py:186} INFO - Started process (PID=13500) to work on /workspaces/airflow-tutorial/airflow_home/dags/my_second_dag copy.py
[2025-03-31T19:22:55.154+0000] {processor.py:914} INFO - Processing file /workspaces/airflow-tutorial/airflow_home/dags/my_second_dag copy.py for tasks to queue
[2025-03-31T19:22:55.155+0000] {logging_mixin.py:190} INFO - [2025-03-31T19:22:55.155+0000] {dagbag.py:588} INFO - Filling up the DagBag from /workspaces/airflow-tutorial/airflow_home/dags/my_second_dag copy.py
[2025-03-31T19:22:55.161+0000] {processor.py:925} INFO - DAG(s) 'my_third_dag' retrieved from /workspaces/airflow-tutorial/airflow_home/dags/my_second_dag copy.py
[2025-03-31T19:22:55.172+0000] {logging_mixin.py:190} INFO - [2025-03-31T19:22:55.172+0000] {dag.py:3239} INFO - Sync 1 DAGs
[2025-03-31T19:22:55.186+0000] {logging_mixin.py:190} INFO - [2025-03-31T19:22:55.186+0000] {dag.py:4180} INFO - Setting next_dagrun for my_third_dag to 2025-03-31 00:00:00+00:00, run_after=2025-04-01 00:00:00+00:00
[2025-03-31T19:22:55.200+0000] {processor.py:208} INFO - Processing /workspaces/airflow-tutorial/airflow_home/dags/my_second_dag copy.py took 0.052 seconds
[2025-03-31T19:23:45.386+0000] {processor.py:186} INFO - Started process (PID=13891) to work on /workspaces/airflow-tutorial/airflow_home/dags/my_second_dag copy.py
[2025-03-31T19:23:45.387+0000] {processor.py:914} INFO - Processing file /workspaces/airflow-tutorial/airflow_home/dags/my_second_dag copy.py for tasks to queue
[2025-03-31T19:23:45.388+0000] {logging_mixin.py:190} INFO - [2025-03-31T19:23:45.388+0000] {dagbag.py:588} INFO - Filling up the DagBag from /workspaces/airflow-tutorial/airflow_home/dags/my_second_dag copy.py
[2025-03-31T19:23:45.394+0000] {processor.py:925} INFO - DAG(s) 'my_third_dag' retrieved from /workspaces/airflow-tutorial/airflow_home/dags/my_second_dag copy.py
[2025-03-31T19:23:45.404+0000] {logging_mixin.py:190} INFO - [2025-03-31T19:23:45.404+0000] {dag.py:3239} INFO - Sync 1 DAGs
[2025-03-31T19:23:45.419+0000] {logging_mixin.py:190} INFO - [2025-03-31T19:23:45.419+0000] {dag.py:4180} INFO - Setting next_dagrun for my_third_dag to 2025-03-31 00:00:00+00:00, run_after=2025-04-01 00:00:00+00:00
[2025-03-31T19:23:45.434+0000] {processor.py:208} INFO - Processing /workspaces/airflow-tutorial/airflow_home/dags/my_second_dag copy.py took 0.051 seconds
[2025-03-31T19:24:37.083+0000] {processor.py:186} INFO - Started process (PID=14313) to work on /workspaces/airflow-tutorial/airflow_home/dags/my_second_dag copy.py
[2025-03-31T19:24:37.083+0000] {processor.py:914} INFO - Processing file /workspaces/airflow-tutorial/airflow_home/dags/my_second_dag copy.py for tasks to queue
[2025-03-31T19:24:37.085+0000] {logging_mixin.py:190} INFO - [2025-03-31T19:24:37.085+0000] {dagbag.py:588} INFO - Filling up the DagBag from /workspaces/airflow-tutorial/airflow_home/dags/my_second_dag copy.py
[2025-03-31T19:24:37.091+0000] {processor.py:925} INFO - DAG(s) 'my_third_dag' retrieved from /workspaces/airflow-tutorial/airflow_home/dags/my_second_dag copy.py
[2025-03-31T19:24:37.101+0000] {logging_mixin.py:190} INFO - [2025-03-31T19:24:37.101+0000] {dag.py:3239} INFO - Sync 1 DAGs
[2025-03-31T19:24:37.117+0000] {logging_mixin.py:190} INFO - [2025-03-31T19:24:37.116+0000] {dag.py:4180} INFO - Setting next_dagrun for my_third_dag to 2025-03-31 00:00:00+00:00, run_after=2025-04-01 00:00:00+00:00
[2025-03-31T19:24:37.131+0000] {processor.py:208} INFO - Processing /workspaces/airflow-tutorial/airflow_home/dags/my_second_dag copy.py took 0.053 seconds
[2025-03-31T19:25:30.454+0000] {processor.py:186} INFO - Started process (PID=14750) to work on /workspaces/airflow-tutorial/airflow_home/dags/my_second_dag copy.py
[2025-03-31T19:25:30.455+0000] {processor.py:914} INFO - Processing file /workspaces/airflow-tutorial/airflow_home/dags/my_second_dag copy.py for tasks to queue
[2025-03-31T19:25:30.456+0000] {logging_mixin.py:190} INFO - [2025-03-31T19:25:30.456+0000] {dagbag.py:588} INFO - Filling up the DagBag from /workspaces/airflow-tutorial/airflow_home/dags/my_second_dag copy.py
[2025-03-31T19:25:30.462+0000] {processor.py:925} INFO - DAG(s) 'my_third_dag' retrieved from /workspaces/airflow-tutorial/airflow_home/dags/my_second_dag copy.py
[2025-03-31T19:25:30.472+0000] {logging_mixin.py:190} INFO - [2025-03-31T19:25:30.472+0000] {dag.py:3239} INFO - Sync 1 DAGs
[2025-03-31T19:25:30.487+0000] {logging_mixin.py:190} INFO - [2025-03-31T19:25:30.487+0000] {dag.py:4180} INFO - Setting next_dagrun for my_third_dag to 2025-03-31 00:00:00+00:00, run_after=2025-04-01 00:00:00+00:00
[2025-03-31T19:25:30.501+0000] {processor.py:208} INFO - Processing /workspaces/airflow-tutorial/airflow_home/dags/my_second_dag copy.py took 0.051 seconds
[2025-03-31T19:26:23.006+0000] {processor.py:186} INFO - Started process (PID=15208) to work on /workspaces/airflow-tutorial/airflow_home/dags/my_second_dag copy.py
[2025-03-31T19:26:23.009+0000] {processor.py:914} INFO - Processing file /workspaces/airflow-tutorial/airflow_home/dags/my_second_dag copy.py for tasks to queue
[2025-03-31T19:26:23.011+0000] {logging_mixin.py:190} INFO - [2025-03-31T19:26:23.010+0000] {dagbag.py:588} INFO - Filling up the DagBag from /workspaces/airflow-tutorial/airflow_home/dags/my_second_dag copy.py
[2025-03-31T19:26:23.017+0000] {processor.py:925} INFO - DAG(s) 'my_third_dag' retrieved from /workspaces/airflow-tutorial/airflow_home/dags/my_second_dag copy.py
[2025-03-31T19:26:23.029+0000] {logging_mixin.py:190} INFO - [2025-03-31T19:26:23.028+0000] {dag.py:3239} INFO - Sync 1 DAGs
[2025-03-31T19:26:23.046+0000] {logging_mixin.py:190} INFO - [2025-03-31T19:26:23.045+0000] {dag.py:4180} INFO - Setting next_dagrun for my_third_dag to 2025-03-31 00:00:00+00:00, run_after=2025-04-01 00:00:00+00:00
[2025-03-31T19:26:23.059+0000] {processor.py:208} INFO - Processing /workspaces/airflow-tutorial/airflow_home/dags/my_second_dag copy.py took 0.059 seconds
[2025-03-31T19:27:14.791+0000] {processor.py:186} INFO - Started process (PID=15654) to work on /workspaces/airflow-tutorial/airflow_home/dags/my_second_dag copy.py
[2025-03-31T19:27:14.792+0000] {processor.py:914} INFO - Processing file /workspaces/airflow-tutorial/airflow_home/dags/my_second_dag copy.py for tasks to queue
[2025-03-31T19:27:14.793+0000] {logging_mixin.py:190} INFO - [2025-03-31T19:27:14.793+0000] {dagbag.py:588} INFO - Filling up the DagBag from /workspaces/airflow-tutorial/airflow_home/dags/my_second_dag copy.py
[2025-03-31T19:27:14.799+0000] {processor.py:925} INFO - DAG(s) 'my_third_dag' retrieved from /workspaces/airflow-tutorial/airflow_home/dags/my_second_dag copy.py
[2025-03-31T19:27:14.810+0000] {logging_mixin.py:190} INFO - [2025-03-31T19:27:14.809+0000] {dag.py:3239} INFO - Sync 1 DAGs
[2025-03-31T19:27:14.824+0000] {logging_mixin.py:190} INFO - [2025-03-31T19:27:14.824+0000] {dag.py:4180} INFO - Setting next_dagrun for my_third_dag to 2025-03-31 00:00:00+00:00, run_after=2025-04-01 00:00:00+00:00
[2025-03-31T19:27:14.839+0000] {processor.py:208} INFO - Processing /workspaces/airflow-tutorial/airflow_home/dags/my_second_dag copy.py took 0.051 seconds
[2025-03-31T19:28:04.327+0000] {processor.py:186} INFO - Started process (PID=16058) to work on /workspaces/airflow-tutorial/airflow_home/dags/my_second_dag copy.py
[2025-03-31T19:28:04.328+0000] {processor.py:914} INFO - Processing file /workspaces/airflow-tutorial/airflow_home/dags/my_second_dag copy.py for tasks to queue
[2025-03-31T19:28:04.329+0000] {logging_mixin.py:190} INFO - [2025-03-31T19:28:04.329+0000] {dagbag.py:588} INFO - Filling up the DagBag from /workspaces/airflow-tutorial/airflow_home/dags/my_second_dag copy.py
[2025-03-31T19:28:04.335+0000] {processor.py:925} INFO - DAG(s) 'my_third_dag' retrieved from /workspaces/airflow-tutorial/airflow_home/dags/my_second_dag copy.py
[2025-03-31T19:28:04.348+0000] {logging_mixin.py:190} INFO - [2025-03-31T19:28:04.348+0000] {dag.py:3239} INFO - Sync 1 DAGs
[2025-03-31T19:28:04.364+0000] {logging_mixin.py:190} INFO - [2025-03-31T19:28:04.364+0000] {dag.py:4180} INFO - Setting next_dagrun for my_third_dag to 2025-03-31 00:00:00+00:00, run_after=2025-04-01 00:00:00+00:00
[2025-03-31T19:28:04.378+0000] {processor.py:208} INFO - Processing /workspaces/airflow-tutorial/airflow_home/dags/my_second_dag copy.py took 0.056 seconds
[2025-03-31T19:28:43.614+0000] {processor.py:186} INFO - Started process (PID=16507) to work on /workspaces/airflow-tutorial/airflow_home/dags/my_second_dag copy.py
[2025-03-31T19:28:43.615+0000] {processor.py:914} INFO - Processing file /workspaces/airflow-tutorial/airflow_home/dags/my_second_dag copy.py for tasks to queue
[2025-03-31T19:28:43.617+0000] {logging_mixin.py:190} INFO - [2025-03-31T19:28:43.616+0000] {dagbag.py:588} INFO - Filling up the DagBag from /workspaces/airflow-tutorial/airflow_home/dags/my_second_dag copy.py
[2025-03-31T19:28:43.626+0000] {processor.py:925} INFO - DAG(s) 'my_third_dag' retrieved from /workspaces/airflow-tutorial/airflow_home/dags/my_second_dag copy.py
[2025-03-31T19:28:43.646+0000] {logging_mixin.py:190} INFO - [2025-03-31T19:28:43.646+0000] {dag.py:3239} INFO - Sync 1 DAGs
[2025-03-31T19:28:43.661+0000] {logging_mixin.py:190} INFO - [2025-03-31T19:28:43.661+0000] {dag.py:4180} INFO - Setting next_dagrun for my_third_dag to 2025-03-31 00:00:00+00:00, run_after=2025-04-01 00:00:00+00:00
[2025-03-31T19:28:43.677+0000] {processor.py:208} INFO - Processing /workspaces/airflow-tutorial/airflow_home/dags/my_second_dag copy.py took 0.068 seconds
[2025-03-31T19:29:41.165+0000] {processor.py:186} INFO - Started process (PID=16972) to work on /workspaces/airflow-tutorial/airflow_home/dags/my_second_dag copy.py
[2025-03-31T19:29:41.165+0000] {processor.py:914} INFO - Processing file /workspaces/airflow-tutorial/airflow_home/dags/my_second_dag copy.py for tasks to queue
[2025-03-31T19:29:41.167+0000] {logging_mixin.py:190} INFO - [2025-03-31T19:29:41.166+0000] {dagbag.py:588} INFO - Filling up the DagBag from /workspaces/airflow-tutorial/airflow_home/dags/my_second_dag copy.py
[2025-03-31T19:29:41.172+0000] {processor.py:925} INFO - DAG(s) 'my_third_dag' retrieved from /workspaces/airflow-tutorial/airflow_home/dags/my_second_dag copy.py
[2025-03-31T19:29:41.183+0000] {logging_mixin.py:190} INFO - [2025-03-31T19:29:41.183+0000] {dag.py:3239} INFO - Sync 1 DAGs
[2025-03-31T19:29:41.198+0000] {logging_mixin.py:190} INFO - [2025-03-31T19:29:41.198+0000] {dag.py:4180} INFO - Setting next_dagrun for my_third_dag to 2025-03-31 00:00:00+00:00, run_after=2025-04-01 00:00:00+00:00
[2025-03-31T19:29:41.213+0000] {processor.py:208} INFO - Processing /workspaces/airflow-tutorial/airflow_home/dags/my_second_dag copy.py took 0.052 seconds
[2025-03-31T19:30:38.743+0000] {processor.py:186} INFO - Started process (PID=17436) to work on /workspaces/airflow-tutorial/airflow_home/dags/my_second_dag copy.py
[2025-03-31T19:30:38.744+0000] {processor.py:914} INFO - Processing file /workspaces/airflow-tutorial/airflow_home/dags/my_second_dag copy.py for tasks to queue
[2025-03-31T19:30:38.746+0000] {logging_mixin.py:190} INFO - [2025-03-31T19:30:38.745+0000] {dagbag.py:588} INFO - Filling up the DagBag from /workspaces/airflow-tutorial/airflow_home/dags/my_second_dag copy.py
[2025-03-31T19:30:38.751+0000] {processor.py:925} INFO - DAG(s) 'my_third_dag' retrieved from /workspaces/airflow-tutorial/airflow_home/dags/my_second_dag copy.py
[2025-03-31T19:30:38.761+0000] {logging_mixin.py:190} INFO - [2025-03-31T19:30:38.761+0000] {dag.py:3239} INFO - Sync 1 DAGs
[2025-03-31T19:30:38.776+0000] {logging_mixin.py:190} INFO - [2025-03-31T19:30:38.776+0000] {dag.py:4180} INFO - Setting next_dagrun for my_third_dag to 2025-03-31 00:00:00+00:00, run_after=2025-04-01 00:00:00+00:00
[2025-03-31T19:30:38.790+0000] {processor.py:208} INFO - Processing /workspaces/airflow-tutorial/airflow_home/dags/my_second_dag copy.py took 0.051 seconds
[2025-03-31T19:31:34.060+0000] {processor.py:186} INFO - Started process (PID=17878) to work on /workspaces/airflow-tutorial/airflow_home/dags/my_second_dag copy.py
[2025-03-31T19:31:34.061+0000] {processor.py:914} INFO - Processing file /workspaces/airflow-tutorial/airflow_home/dags/my_second_dag copy.py for tasks to queue
[2025-03-31T19:31:34.062+0000] {logging_mixin.py:190} INFO - [2025-03-31T19:31:34.062+0000] {dagbag.py:588} INFO - Filling up the DagBag from /workspaces/airflow-tutorial/airflow_home/dags/my_second_dag copy.py
[2025-03-31T19:31:34.068+0000] {processor.py:925} INFO - DAG(s) 'my_third_dag' retrieved from /workspaces/airflow-tutorial/airflow_home/dags/my_second_dag copy.py
[2025-03-31T19:31:34.079+0000] {logging_mixin.py:190} INFO - [2025-03-31T19:31:34.079+0000] {dag.py:3239} INFO - Sync 1 DAGs
[2025-03-31T19:31:34.095+0000] {logging_mixin.py:190} INFO - [2025-03-31T19:31:34.095+0000] {dag.py:4180} INFO - Setting next_dagrun for my_third_dag to 2025-03-31 00:00:00+00:00, run_after=2025-04-01 00:00:00+00:00
[2025-03-31T19:31:34.109+0000] {processor.py:208} INFO - Processing /workspaces/airflow-tutorial/airflow_home/dags/my_second_dag copy.py took 0.053 seconds
[2025-03-31T19:32:29.132+0000] {processor.py:186} INFO - Started process (PID=18315) to work on /workspaces/airflow-tutorial/airflow_home/dags/my_second_dag copy.py
[2025-03-31T19:32:29.133+0000] {processor.py:914} INFO - Processing file /workspaces/airflow-tutorial/airflow_home/dags/my_second_dag copy.py for tasks to queue
[2025-03-31T19:32:29.134+0000] {logging_mixin.py:190} INFO - [2025-03-31T19:32:29.134+0000] {dagbag.py:588} INFO - Filling up the DagBag from /workspaces/airflow-tutorial/airflow_home/dags/my_second_dag copy.py
[2025-03-31T19:32:29.140+0000] {processor.py:925} INFO - DAG(s) 'my_third_dag' retrieved from /workspaces/airflow-tutorial/airflow_home/dags/my_second_dag copy.py
[2025-03-31T19:32:29.150+0000] {logging_mixin.py:190} INFO - [2025-03-31T19:32:29.150+0000] {dag.py:3239} INFO - Sync 1 DAGs
[2025-03-31T19:32:29.166+0000] {logging_mixin.py:190} INFO - [2025-03-31T19:32:29.165+0000] {dag.py:4180} INFO - Setting next_dagrun for my_third_dag to 2025-03-31 00:00:00+00:00, run_after=2025-04-01 00:00:00+00:00
[2025-03-31T19:32:29.179+0000] {processor.py:208} INFO - Processing /workspaces/airflow-tutorial/airflow_home/dags/my_second_dag copy.py took 0.051 seconds
[2025-03-31T19:33:26.045+0000] {processor.py:186} INFO - Started process (PID=18774) to work on /workspaces/airflow-tutorial/airflow_home/dags/my_second_dag copy.py
[2025-03-31T19:33:26.045+0000] {processor.py:914} INFO - Processing file /workspaces/airflow-tutorial/airflow_home/dags/my_second_dag copy.py for tasks to queue
[2025-03-31T19:33:26.047+0000] {logging_mixin.py:190} INFO - [2025-03-31T19:33:26.046+0000] {dagbag.py:588} INFO - Filling up the DagBag from /workspaces/airflow-tutorial/airflow_home/dags/my_second_dag copy.py
[2025-03-31T19:33:26.052+0000] {processor.py:925} INFO - DAG(s) 'my_third_dag' retrieved from /workspaces/airflow-tutorial/airflow_home/dags/my_second_dag copy.py
[2025-03-31T19:33:26.063+0000] {logging_mixin.py:190} INFO - [2025-03-31T19:33:26.063+0000] {dag.py:3239} INFO - Sync 1 DAGs
[2025-03-31T19:33:26.078+0000] {logging_mixin.py:190} INFO - [2025-03-31T19:33:26.078+0000] {dag.py:4180} INFO - Setting next_dagrun for my_third_dag to 2025-03-31 00:00:00+00:00, run_after=2025-04-01 00:00:00+00:00
[2025-03-31T19:33:26.093+0000] {processor.py:208} INFO - Processing /workspaces/airflow-tutorial/airflow_home/dags/my_second_dag copy.py took 0.053 seconds
[2025-03-31T19:34:26.909+0000] {processor.py:186} INFO - Started process (PID=19280) to work on /workspaces/airflow-tutorial/airflow_home/dags/my_second_dag copy.py
[2025-03-31T19:34:26.910+0000] {processor.py:914} INFO - Processing file /workspaces/airflow-tutorial/airflow_home/dags/my_second_dag copy.py for tasks to queue
[2025-03-31T19:34:26.911+0000] {logging_mixin.py:190} INFO - [2025-03-31T19:34:26.911+0000] {dagbag.py:588} INFO - Filling up the DagBag from /workspaces/airflow-tutorial/airflow_home/dags/my_second_dag copy.py
[2025-03-31T19:34:26.917+0000] {processor.py:925} INFO - DAG(s) 'my_third_dag' retrieved from /workspaces/airflow-tutorial/airflow_home/dags/my_second_dag copy.py
[2025-03-31T19:34:26.927+0000] {logging_mixin.py:190} INFO - [2025-03-31T19:34:26.927+0000] {dag.py:3239} INFO - Sync 1 DAGs
[2025-03-31T19:34:26.942+0000] {logging_mixin.py:190} INFO - [2025-03-31T19:34:26.942+0000] {dag.py:4180} INFO - Setting next_dagrun for my_third_dag to 2025-03-31 00:00:00+00:00, run_after=2025-04-01 00:00:00+00:00
[2025-03-31T19:34:26.956+0000] {processor.py:208} INFO - Processing /workspaces/airflow-tutorial/airflow_home/dags/my_second_dag copy.py took 0.052 seconds
[2025-03-31T19:35:23.149+0000] {processor.py:186} INFO - Started process (PID=19731) to work on /workspaces/airflow-tutorial/airflow_home/dags/my_second_dag copy.py
[2025-03-31T19:35:23.149+0000] {processor.py:914} INFO - Processing file /workspaces/airflow-tutorial/airflow_home/dags/my_second_dag copy.py for tasks to queue
[2025-03-31T19:35:23.151+0000] {logging_mixin.py:190} INFO - [2025-03-31T19:35:23.150+0000] {dagbag.py:588} INFO - Filling up the DagBag from /workspaces/airflow-tutorial/airflow_home/dags/my_second_dag copy.py
[2025-03-31T19:35:23.156+0000] {processor.py:925} INFO - DAG(s) 'my_third_dag' retrieved from /workspaces/airflow-tutorial/airflow_home/dags/my_second_dag copy.py
[2025-03-31T19:35:23.166+0000] {logging_mixin.py:190} INFO - [2025-03-31T19:35:23.166+0000] {dag.py:3239} INFO - Sync 1 DAGs
[2025-03-31T19:35:23.181+0000] {logging_mixin.py:190} INFO - [2025-03-31T19:35:23.181+0000] {dag.py:4180} INFO - Setting next_dagrun for my_third_dag to 2025-03-31 00:00:00+00:00, run_after=2025-04-01 00:00:00+00:00
[2025-03-31T19:35:23.195+0000] {processor.py:208} INFO - Processing /workspaces/airflow-tutorial/airflow_home/dags/my_second_dag copy.py took 0.050 seconds
[2025-03-31T19:36:20.636+0000] {processor.py:186} INFO - Started process (PID=20209) to work on /workspaces/airflow-tutorial/airflow_home/dags/my_second_dag copy.py
[2025-03-31T19:36:20.637+0000] {processor.py:914} INFO - Processing file /workspaces/airflow-tutorial/airflow_home/dags/my_second_dag copy.py for tasks to queue
[2025-03-31T19:36:20.638+0000] {logging_mixin.py:190} INFO - [2025-03-31T19:36:20.638+0000] {dagbag.py:588} INFO - Filling up the DagBag from /workspaces/airflow-tutorial/airflow_home/dags/my_second_dag copy.py
[2025-03-31T19:36:20.644+0000] {processor.py:925} INFO - DAG(s) 'my_third_dag' retrieved from /workspaces/airflow-tutorial/airflow_home/dags/my_second_dag copy.py
[2025-03-31T19:36:20.656+0000] {logging_mixin.py:190} INFO - [2025-03-31T19:36:20.656+0000] {dag.py:3239} INFO - Sync 1 DAGs
[2025-03-31T19:36:20.675+0000] {logging_mixin.py:190} INFO - [2025-03-31T19:36:20.674+0000] {dag.py:4180} INFO - Setting next_dagrun for my_third_dag to 2025-03-31 00:00:00+00:00, run_after=2025-04-01 00:00:00+00:00
[2025-03-31T19:36:20.693+0000] {processor.py:208} INFO - Processing /workspaces/airflow-tutorial/airflow_home/dags/my_second_dag copy.py took 0.061 seconds
[2025-03-31T19:37:15.066+0000] {processor.py:186} INFO - Started process (PID=20634) to work on /workspaces/airflow-tutorial/airflow_home/dags/my_second_dag copy.py
[2025-03-31T19:37:15.067+0000] {processor.py:914} INFO - Processing file /workspaces/airflow-tutorial/airflow_home/dags/my_second_dag copy.py for tasks to queue
[2025-03-31T19:37:15.069+0000] {logging_mixin.py:190} INFO - [2025-03-31T19:37:15.068+0000] {dagbag.py:588} INFO - Filling up the DagBag from /workspaces/airflow-tutorial/airflow_home/dags/my_second_dag copy.py
[2025-03-31T19:37:15.075+0000] {processor.py:925} INFO - DAG(s) 'my_third_dag' retrieved from /workspaces/airflow-tutorial/airflow_home/dags/my_second_dag copy.py
[2025-03-31T19:37:15.085+0000] {logging_mixin.py:190} INFO - [2025-03-31T19:37:15.085+0000] {dag.py:3239} INFO - Sync 1 DAGs
[2025-03-31T19:37:15.101+0000] {logging_mixin.py:190} INFO - [2025-03-31T19:37:15.101+0000] {dag.py:4180} INFO - Setting next_dagrun for my_third_dag to 2025-03-31 00:00:00+00:00, run_after=2025-04-01 00:00:00+00:00
[2025-03-31T19:37:15.116+0000] {processor.py:208} INFO - Processing /workspaces/airflow-tutorial/airflow_home/dags/my_second_dag copy.py took 0.054 seconds
[2025-03-31T19:38:09.743+0000] {processor.py:186} INFO - Started process (PID=21079) to work on /workspaces/airflow-tutorial/airflow_home/dags/my_second_dag copy.py
[2025-03-31T19:38:09.743+0000] {processor.py:914} INFO - Processing file /workspaces/airflow-tutorial/airflow_home/dags/my_second_dag copy.py for tasks to queue
[2025-03-31T19:38:09.745+0000] {logging_mixin.py:190} INFO - [2025-03-31T19:38:09.744+0000] {dagbag.py:588} INFO - Filling up the DagBag from /workspaces/airflow-tutorial/airflow_home/dags/my_second_dag copy.py
[2025-03-31T19:38:09.751+0000] {processor.py:925} INFO - DAG(s) 'my_third_dag' retrieved from /workspaces/airflow-tutorial/airflow_home/dags/my_second_dag copy.py
[2025-03-31T19:38:09.762+0000] {logging_mixin.py:190} INFO - [2025-03-31T19:38:09.762+0000] {dag.py:3239} INFO - Sync 1 DAGs
[2025-03-31T19:38:09.777+0000] {logging_mixin.py:190} INFO - [2025-03-31T19:38:09.777+0000] {dag.py:4180} INFO - Setting next_dagrun for my_third_dag to 2025-03-31 00:00:00+00:00, run_after=2025-04-01 00:00:00+00:00
[2025-03-31T19:38:09.792+0000] {processor.py:208} INFO - Processing /workspaces/airflow-tutorial/airflow_home/dags/my_second_dag copy.py took 0.053 seconds
