[2025-03-28T18:23:47.169+0000] {processor.py:186} INFO - Started process (PID=8983) to work on /usr/local/python/3.12.1/lib/python3.12/site-packages/airflow/example_dags/subdags/subdag.py
[2025-03-28T18:23:47.170+0000] {processor.py:914} INFO - Processing file /usr/local/python/3.12.1/lib/python3.12/site-packages/airflow/example_dags/subdags/subdag.py for tasks to queue
[2025-03-28T18:23:47.171+0000] {logging_mixin.py:190} INFO - [2025-03-28T18:23:47.171+0000] {dagbag.py:588} INFO - Filling up the DagBag from /usr/local/python/3.12.1/lib/python3.12/site-packages/airflow/example_dags/subdags/subdag.py
[2025-03-28T18:23:47.173+0000] {processor.py:927} WARNING - No viable dags retrieved from /usr/local/python/3.12.1/lib/python3.12/site-packages/airflow/example_dags/subdags/subdag.py
[2025-03-28T18:23:47.180+0000] {processor.py:208} INFO - Processing /usr/local/python/3.12.1/lib/python3.12/site-packages/airflow/example_dags/subdags/subdag.py took 0.014 seconds
[2025-03-28T18:24:48.146+0000] {processor.py:186} INFO - Started process (PID=9477) to work on /usr/local/python/3.12.1/lib/python3.12/site-packages/airflow/example_dags/subdags/subdag.py
[2025-03-28T18:24:48.146+0000] {processor.py:914} INFO - Processing file /usr/local/python/3.12.1/lib/python3.12/site-packages/airflow/example_dags/subdags/subdag.py for tasks to queue
[2025-03-28T18:24:48.148+0000] {logging_mixin.py:190} INFO - [2025-03-28T18:24:48.147+0000] {dagbag.py:588} INFO - Filling up the DagBag from /usr/local/python/3.12.1/lib/python3.12/site-packages/airflow/example_dags/subdags/subdag.py
[2025-03-28T18:24:48.149+0000] {processor.py:927} WARNING - No viable dags retrieved from /usr/local/python/3.12.1/lib/python3.12/site-packages/airflow/example_dags/subdags/subdag.py
[2025-03-28T18:24:48.156+0000] {processor.py:208} INFO - Processing /usr/local/python/3.12.1/lib/python3.12/site-packages/airflow/example_dags/subdags/subdag.py took 0.015 seconds
[2025-03-28T18:25:43.455+0000] {processor.py:186} INFO - Started process (PID=9978) to work on /usr/local/python/3.12.1/lib/python3.12/site-packages/airflow/example_dags/subdags/subdag.py
[2025-03-28T18:25:43.455+0000] {processor.py:914} INFO - Processing file /usr/local/python/3.12.1/lib/python3.12/site-packages/airflow/example_dags/subdags/subdag.py for tasks to queue
[2025-03-28T18:25:43.457+0000] {logging_mixin.py:190} INFO - [2025-03-28T18:25:43.456+0000] {dagbag.py:588} INFO - Filling up the DagBag from /usr/local/python/3.12.1/lib/python3.12/site-packages/airflow/example_dags/subdags/subdag.py
[2025-03-28T18:25:43.458+0000] {processor.py:927} WARNING - No viable dags retrieved from /usr/local/python/3.12.1/lib/python3.12/site-packages/airflow/example_dags/subdags/subdag.py
[2025-03-28T18:25:43.465+0000] {processor.py:208} INFO - Processing /usr/local/python/3.12.1/lib/python3.12/site-packages/airflow/example_dags/subdags/subdag.py took 0.014 seconds
[2025-03-28T18:27:51.348+0000] {processor.py:186} INFO - Started process (PID=11209) to work on /usr/local/python/3.12.1/lib/python3.12/site-packages/airflow/example_dags/subdags/subdag.py
[2025-03-28T18:27:51.349+0000] {processor.py:914} INFO - Processing file /usr/local/python/3.12.1/lib/python3.12/site-packages/airflow/example_dags/subdags/subdag.py for tasks to queue
[2025-03-28T18:27:51.350+0000] {logging_mixin.py:190} INFO - [2025-03-28T18:27:51.350+0000] {dagbag.py:588} INFO - Filling up the DagBag from /usr/local/python/3.12.1/lib/python3.12/site-packages/airflow/example_dags/subdags/subdag.py
[2025-03-28T18:27:51.352+0000] {processor.py:927} WARNING - No viable dags retrieved from /usr/local/python/3.12.1/lib/python3.12/site-packages/airflow/example_dags/subdags/subdag.py
[2025-03-28T18:27:51.358+0000] {processor.py:208} INFO - Processing /usr/local/python/3.12.1/lib/python3.12/site-packages/airflow/example_dags/subdags/subdag.py took 0.014 seconds
[2025-03-28T18:28:45.992+0000] {processor.py:186} INFO - Started process (PID=11654) to work on /usr/local/python/3.12.1/lib/python3.12/site-packages/airflow/example_dags/subdags/subdag.py
[2025-03-28T18:28:45.992+0000] {processor.py:914} INFO - Processing file /usr/local/python/3.12.1/lib/python3.12/site-packages/airflow/example_dags/subdags/subdag.py for tasks to queue
[2025-03-28T18:28:45.993+0000] {logging_mixin.py:190} INFO - [2025-03-28T18:28:45.993+0000] {dagbag.py:588} INFO - Filling up the DagBag from /usr/local/python/3.12.1/lib/python3.12/site-packages/airflow/example_dags/subdags/subdag.py
[2025-03-28T18:28:45.995+0000] {processor.py:927} WARNING - No viable dags retrieved from /usr/local/python/3.12.1/lib/python3.12/site-packages/airflow/example_dags/subdags/subdag.py
[2025-03-28T18:28:46.002+0000] {processor.py:208} INFO - Processing /usr/local/python/3.12.1/lib/python3.12/site-packages/airflow/example_dags/subdags/subdag.py took 0.015 seconds
[2025-03-28T18:29:33.867+0000] {processor.py:186} INFO - Started process (PID=12065) to work on /usr/local/python/3.12.1/lib/python3.12/site-packages/airflow/example_dags/subdags/subdag.py
[2025-03-28T18:29:33.867+0000] {processor.py:914} INFO - Processing file /usr/local/python/3.12.1/lib/python3.12/site-packages/airflow/example_dags/subdags/subdag.py for tasks to queue
[2025-03-28T18:29:33.869+0000] {logging_mixin.py:190} INFO - [2025-03-28T18:29:33.868+0000] {dagbag.py:588} INFO - Filling up the DagBag from /usr/local/python/3.12.1/lib/python3.12/site-packages/airflow/example_dags/subdags/subdag.py
[2025-03-28T18:29:33.870+0000] {processor.py:927} WARNING - No viable dags retrieved from /usr/local/python/3.12.1/lib/python3.12/site-packages/airflow/example_dags/subdags/subdag.py
[2025-03-28T18:29:33.877+0000] {processor.py:208} INFO - Processing /usr/local/python/3.12.1/lib/python3.12/site-packages/airflow/example_dags/subdags/subdag.py took 0.014 seconds
[2025-03-28T18:30:21.256+0000] {processor.py:186} INFO - Started process (PID=12480) to work on /usr/local/python/3.12.1/lib/python3.12/site-packages/airflow/example_dags/subdags/subdag.py
[2025-03-28T18:30:21.257+0000] {processor.py:914} INFO - Processing file /usr/local/python/3.12.1/lib/python3.12/site-packages/airflow/example_dags/subdags/subdag.py for tasks to queue
[2025-03-28T18:30:21.258+0000] {logging_mixin.py:190} INFO - [2025-03-28T18:30:21.258+0000] {dagbag.py:588} INFO - Filling up the DagBag from /usr/local/python/3.12.1/lib/python3.12/site-packages/airflow/example_dags/subdags/subdag.py
[2025-03-28T18:30:21.260+0000] {processor.py:927} WARNING - No viable dags retrieved from /usr/local/python/3.12.1/lib/python3.12/site-packages/airflow/example_dags/subdags/subdag.py
[2025-03-28T18:30:21.267+0000] {processor.py:208} INFO - Processing /usr/local/python/3.12.1/lib/python3.12/site-packages/airflow/example_dags/subdags/subdag.py took 0.015 seconds
[2025-03-28T18:31:11.463+0000] {processor.py:186} INFO - Started process (PID=12892) to work on /usr/local/python/3.12.1/lib/python3.12/site-packages/airflow/example_dags/subdags/subdag.py
[2025-03-28T18:31:11.463+0000] {processor.py:914} INFO - Processing file /usr/local/python/3.12.1/lib/python3.12/site-packages/airflow/example_dags/subdags/subdag.py for tasks to queue
[2025-03-28T18:31:11.465+0000] {logging_mixin.py:190} INFO - [2025-03-28T18:31:11.465+0000] {dagbag.py:588} INFO - Filling up the DagBag from /usr/local/python/3.12.1/lib/python3.12/site-packages/airflow/example_dags/subdags/subdag.py
[2025-03-28T18:31:11.466+0000] {processor.py:927} WARNING - No viable dags retrieved from /usr/local/python/3.12.1/lib/python3.12/site-packages/airflow/example_dags/subdags/subdag.py
[2025-03-28T18:31:11.474+0000] {processor.py:208} INFO - Processing /usr/local/python/3.12.1/lib/python3.12/site-packages/airflow/example_dags/subdags/subdag.py took 0.015 seconds
[2025-03-28T18:32:01.113+0000] {processor.py:186} INFO - Started process (PID=13343) to work on /usr/local/python/3.12.1/lib/python3.12/site-packages/airflow/example_dags/subdags/subdag.py
[2025-03-28T18:32:01.113+0000] {processor.py:914} INFO - Processing file /usr/local/python/3.12.1/lib/python3.12/site-packages/airflow/example_dags/subdags/subdag.py for tasks to queue
[2025-03-28T18:32:01.115+0000] {logging_mixin.py:190} INFO - [2025-03-28T18:32:01.115+0000] {dagbag.py:588} INFO - Filling up the DagBag from /usr/local/python/3.12.1/lib/python3.12/site-packages/airflow/example_dags/subdags/subdag.py
[2025-03-28T18:32:01.116+0000] {processor.py:927} WARNING - No viable dags retrieved from /usr/local/python/3.12.1/lib/python3.12/site-packages/airflow/example_dags/subdags/subdag.py
[2025-03-28T18:32:01.123+0000] {processor.py:208} INFO - Processing /usr/local/python/3.12.1/lib/python3.12/site-packages/airflow/example_dags/subdags/subdag.py took 0.015 seconds
[2025-03-28T18:32:49.122+0000] {processor.py:186} INFO - Started process (PID=13809) to work on /usr/local/python/3.12.1/lib/python3.12/site-packages/airflow/example_dags/subdags/subdag.py
[2025-03-28T18:32:49.123+0000] {processor.py:914} INFO - Processing file /usr/local/python/3.12.1/lib/python3.12/site-packages/airflow/example_dags/subdags/subdag.py for tasks to queue
[2025-03-28T18:32:49.124+0000] {logging_mixin.py:190} INFO - [2025-03-28T18:32:49.124+0000] {dagbag.py:588} INFO - Filling up the DagBag from /usr/local/python/3.12.1/lib/python3.12/site-packages/airflow/example_dags/subdags/subdag.py
[2025-03-28T18:32:49.126+0000] {processor.py:927} WARNING - No viable dags retrieved from /usr/local/python/3.12.1/lib/python3.12/site-packages/airflow/example_dags/subdags/subdag.py
[2025-03-28T18:32:49.132+0000] {processor.py:208} INFO - Processing /usr/local/python/3.12.1/lib/python3.12/site-packages/airflow/example_dags/subdags/subdag.py took 0.014 seconds
[2025-03-28T18:33:39.424+0000] {processor.py:186} INFO - Started process (PID=14253) to work on /usr/local/python/3.12.1/lib/python3.12/site-packages/airflow/example_dags/subdags/subdag.py
[2025-03-28T18:33:39.424+0000] {processor.py:914} INFO - Processing file /usr/local/python/3.12.1/lib/python3.12/site-packages/airflow/example_dags/subdags/subdag.py for tasks to queue
[2025-03-28T18:33:39.426+0000] {logging_mixin.py:190} INFO - [2025-03-28T18:33:39.425+0000] {dagbag.py:588} INFO - Filling up the DagBag from /usr/local/python/3.12.1/lib/python3.12/site-packages/airflow/example_dags/subdags/subdag.py
[2025-03-28T18:33:39.427+0000] {processor.py:927} WARNING - No viable dags retrieved from /usr/local/python/3.12.1/lib/python3.12/site-packages/airflow/example_dags/subdags/subdag.py
[2025-03-28T18:33:39.434+0000] {processor.py:208} INFO - Processing /usr/local/python/3.12.1/lib/python3.12/site-packages/airflow/example_dags/subdags/subdag.py took 0.014 seconds
[2025-03-28T18:34:29.184+0000] {processor.py:186} INFO - Started process (PID=14673) to work on /usr/local/python/3.12.1/lib/python3.12/site-packages/airflow/example_dags/subdags/subdag.py
[2025-03-28T18:34:29.184+0000] {processor.py:914} INFO - Processing file /usr/local/python/3.12.1/lib/python3.12/site-packages/airflow/example_dags/subdags/subdag.py for tasks to queue
[2025-03-28T18:34:29.186+0000] {logging_mixin.py:190} INFO - [2025-03-28T18:34:29.186+0000] {dagbag.py:588} INFO - Filling up the DagBag from /usr/local/python/3.12.1/lib/python3.12/site-packages/airflow/example_dags/subdags/subdag.py
[2025-03-28T18:34:29.187+0000] {processor.py:927} WARNING - No viable dags retrieved from /usr/local/python/3.12.1/lib/python3.12/site-packages/airflow/example_dags/subdags/subdag.py
[2025-03-28T18:34:29.194+0000] {processor.py:208} INFO - Processing /usr/local/python/3.12.1/lib/python3.12/site-packages/airflow/example_dags/subdags/subdag.py took 0.015 seconds
[2025-03-28T18:35:19.333+0000] {processor.py:186} INFO - Started process (PID=15103) to work on /usr/local/python/3.12.1/lib/python3.12/site-packages/airflow/example_dags/subdags/subdag.py
[2025-03-28T18:35:19.334+0000] {processor.py:914} INFO - Processing file /usr/local/python/3.12.1/lib/python3.12/site-packages/airflow/example_dags/subdags/subdag.py for tasks to queue
[2025-03-28T18:35:19.336+0000] {logging_mixin.py:190} INFO - [2025-03-28T18:35:19.335+0000] {dagbag.py:588} INFO - Filling up the DagBag from /usr/local/python/3.12.1/lib/python3.12/site-packages/airflow/example_dags/subdags/subdag.py
[2025-03-28T18:35:19.337+0000] {processor.py:927} WARNING - No viable dags retrieved from /usr/local/python/3.12.1/lib/python3.12/site-packages/airflow/example_dags/subdags/subdag.py
[2025-03-28T18:35:19.344+0000] {processor.py:208} INFO - Processing /usr/local/python/3.12.1/lib/python3.12/site-packages/airflow/example_dags/subdags/subdag.py took 0.014 seconds
[2025-03-28T18:36:07.564+0000] {processor.py:186} INFO - Started process (PID=15534) to work on /usr/local/python/3.12.1/lib/python3.12/site-packages/airflow/example_dags/subdags/subdag.py
[2025-03-28T18:36:07.565+0000] {processor.py:914} INFO - Processing file /usr/local/python/3.12.1/lib/python3.12/site-packages/airflow/example_dags/subdags/subdag.py for tasks to queue
[2025-03-28T18:36:07.566+0000] {logging_mixin.py:190} INFO - [2025-03-28T18:36:07.566+0000] {dagbag.py:588} INFO - Filling up the DagBag from /usr/local/python/3.12.1/lib/python3.12/site-packages/airflow/example_dags/subdags/subdag.py
[2025-03-28T18:36:07.568+0000] {processor.py:927} WARNING - No viable dags retrieved from /usr/local/python/3.12.1/lib/python3.12/site-packages/airflow/example_dags/subdags/subdag.py
[2025-03-28T18:36:07.575+0000] {processor.py:208} INFO - Processing /usr/local/python/3.12.1/lib/python3.12/site-packages/airflow/example_dags/subdags/subdag.py took 0.014 seconds
[2025-03-28T18:37:25.067+0000] {processor.py:186} INFO - Started process (PID=16472) to work on /usr/local/python/3.12.1/lib/python3.12/site-packages/airflow/example_dags/subdags/subdag.py
[2025-03-28T18:37:25.068+0000] {processor.py:914} INFO - Processing file /usr/local/python/3.12.1/lib/python3.12/site-packages/airflow/example_dags/subdags/subdag.py for tasks to queue
[2025-03-28T18:37:25.069+0000] {logging_mixin.py:190} INFO - [2025-03-28T18:37:25.069+0000] {dagbag.py:588} INFO - Filling up the DagBag from /usr/local/python/3.12.1/lib/python3.12/site-packages/airflow/example_dags/subdags/subdag.py
[2025-03-28T18:37:25.070+0000] {processor.py:927} WARNING - No viable dags retrieved from /usr/local/python/3.12.1/lib/python3.12/site-packages/airflow/example_dags/subdags/subdag.py
[2025-03-28T18:37:25.077+0000] {processor.py:208} INFO - Processing /usr/local/python/3.12.1/lib/python3.12/site-packages/airflow/example_dags/subdags/subdag.py took 0.014 seconds
[2025-03-28T18:38:20.116+0000] {processor.py:186} INFO - Started process (PID=16977) to work on /usr/local/python/3.12.1/lib/python3.12/site-packages/airflow/example_dags/subdags/subdag.py
[2025-03-28T18:38:20.116+0000] {processor.py:914} INFO - Processing file /usr/local/python/3.12.1/lib/python3.12/site-packages/airflow/example_dags/subdags/subdag.py for tasks to queue
[2025-03-28T18:38:20.118+0000] {logging_mixin.py:190} INFO - [2025-03-28T18:38:20.118+0000] {dagbag.py:588} INFO - Filling up the DagBag from /usr/local/python/3.12.1/lib/python3.12/site-packages/airflow/example_dags/subdags/subdag.py
[2025-03-28T18:38:20.119+0000] {processor.py:927} WARNING - No viable dags retrieved from /usr/local/python/3.12.1/lib/python3.12/site-packages/airflow/example_dags/subdags/subdag.py
[2025-03-28T18:38:20.126+0000] {processor.py:208} INFO - Processing /usr/local/python/3.12.1/lib/python3.12/site-packages/airflow/example_dags/subdags/subdag.py took 0.014 seconds
[2025-03-28T18:39:12.612+0000] {processor.py:186} INFO - Started process (PID=17413) to work on /usr/local/python/3.12.1/lib/python3.12/site-packages/airflow/example_dags/subdags/subdag.py
[2025-03-28T18:39:12.612+0000] {processor.py:914} INFO - Processing file /usr/local/python/3.12.1/lib/python3.12/site-packages/airflow/example_dags/subdags/subdag.py for tasks to queue
[2025-03-28T18:39:12.614+0000] {logging_mixin.py:190} INFO - [2025-03-28T18:39:12.614+0000] {dagbag.py:588} INFO - Filling up the DagBag from /usr/local/python/3.12.1/lib/python3.12/site-packages/airflow/example_dags/subdags/subdag.py
[2025-03-28T18:39:12.615+0000] {processor.py:927} WARNING - No viable dags retrieved from /usr/local/python/3.12.1/lib/python3.12/site-packages/airflow/example_dags/subdags/subdag.py
[2025-03-28T18:39:12.622+0000] {processor.py:208} INFO - Processing /usr/local/python/3.12.1/lib/python3.12/site-packages/airflow/example_dags/subdags/subdag.py took 0.014 seconds
[2025-03-28T18:40:14.266+0000] {processor.py:186} INFO - Started process (PID=18132) to work on /usr/local/python/3.12.1/lib/python3.12/site-packages/airflow/example_dags/subdags/subdag.py
[2025-03-28T18:40:14.266+0000] {processor.py:914} INFO - Processing file /usr/local/python/3.12.1/lib/python3.12/site-packages/airflow/example_dags/subdags/subdag.py for tasks to queue
[2025-03-28T18:40:14.268+0000] {logging_mixin.py:190} INFO - [2025-03-28T18:40:14.267+0000] {dagbag.py:588} INFO - Filling up the DagBag from /usr/local/python/3.12.1/lib/python3.12/site-packages/airflow/example_dags/subdags/subdag.py
[2025-03-28T18:40:14.269+0000] {processor.py:927} WARNING - No viable dags retrieved from /usr/local/python/3.12.1/lib/python3.12/site-packages/airflow/example_dags/subdags/subdag.py
[2025-03-28T18:40:14.276+0000] {processor.py:208} INFO - Processing /usr/local/python/3.12.1/lib/python3.12/site-packages/airflow/example_dags/subdags/subdag.py took 0.014 seconds
[2025-03-28T18:41:06.178+0000] {processor.py:186} INFO - Started process (PID=18697) to work on /usr/local/python/3.12.1/lib/python3.12/site-packages/airflow/example_dags/subdags/subdag.py
[2025-03-28T18:41:06.178+0000] {processor.py:914} INFO - Processing file /usr/local/python/3.12.1/lib/python3.12/site-packages/airflow/example_dags/subdags/subdag.py for tasks to queue
[2025-03-28T18:41:06.180+0000] {logging_mixin.py:190} INFO - [2025-03-28T18:41:06.179+0000] {dagbag.py:588} INFO - Filling up the DagBag from /usr/local/python/3.12.1/lib/python3.12/site-packages/airflow/example_dags/subdags/subdag.py
[2025-03-28T18:41:06.182+0000] {processor.py:927} WARNING - No viable dags retrieved from /usr/local/python/3.12.1/lib/python3.12/site-packages/airflow/example_dags/subdags/subdag.py
[2025-03-28T18:41:06.189+0000] {processor.py:208} INFO - Processing /usr/local/python/3.12.1/lib/python3.12/site-packages/airflow/example_dags/subdags/subdag.py took 0.015 seconds
[2025-03-28T18:42:03.069+0000] {processor.py:186} INFO - Started process (PID=19214) to work on /usr/local/python/3.12.1/lib/python3.12/site-packages/airflow/example_dags/subdags/subdag.py
[2025-03-28T18:42:03.070+0000] {processor.py:914} INFO - Processing file /usr/local/python/3.12.1/lib/python3.12/site-packages/airflow/example_dags/subdags/subdag.py for tasks to queue
[2025-03-28T18:42:03.071+0000] {logging_mixin.py:190} INFO - [2025-03-28T18:42:03.071+0000] {dagbag.py:588} INFO - Filling up the DagBag from /usr/local/python/3.12.1/lib/python3.12/site-packages/airflow/example_dags/subdags/subdag.py
[2025-03-28T18:42:03.073+0000] {processor.py:927} WARNING - No viable dags retrieved from /usr/local/python/3.12.1/lib/python3.12/site-packages/airflow/example_dags/subdags/subdag.py
[2025-03-28T18:42:03.080+0000] {processor.py:208} INFO - Processing /usr/local/python/3.12.1/lib/python3.12/site-packages/airflow/example_dags/subdags/subdag.py took 0.015 seconds
[2025-03-28T18:42:59.853+0000] {processor.py:186} INFO - Started process (PID=19705) to work on /usr/local/python/3.12.1/lib/python3.12/site-packages/airflow/example_dags/subdags/subdag.py
[2025-03-28T18:42:59.854+0000] {processor.py:914} INFO - Processing file /usr/local/python/3.12.1/lib/python3.12/site-packages/airflow/example_dags/subdags/subdag.py for tasks to queue
[2025-03-28T18:42:59.855+0000] {logging_mixin.py:190} INFO - [2025-03-28T18:42:59.855+0000] {dagbag.py:588} INFO - Filling up the DagBag from /usr/local/python/3.12.1/lib/python3.12/site-packages/airflow/example_dags/subdags/subdag.py
[2025-03-28T18:42:59.857+0000] {processor.py:927} WARNING - No viable dags retrieved from /usr/local/python/3.12.1/lib/python3.12/site-packages/airflow/example_dags/subdags/subdag.py
[2025-03-28T18:42:59.864+0000] {processor.py:208} INFO - Processing /usr/local/python/3.12.1/lib/python3.12/site-packages/airflow/example_dags/subdags/subdag.py took 0.015 seconds
[2025-03-28T18:43:54.031+0000] {processor.py:186} INFO - Started process (PID=20195) to work on /usr/local/python/3.12.1/lib/python3.12/site-packages/airflow/example_dags/subdags/subdag.py
[2025-03-28T18:43:54.031+0000] {processor.py:914} INFO - Processing file /usr/local/python/3.12.1/lib/python3.12/site-packages/airflow/example_dags/subdags/subdag.py for tasks to queue
[2025-03-28T18:43:54.033+0000] {logging_mixin.py:190} INFO - [2025-03-28T18:43:54.032+0000] {dagbag.py:588} INFO - Filling up the DagBag from /usr/local/python/3.12.1/lib/python3.12/site-packages/airflow/example_dags/subdags/subdag.py
[2025-03-28T18:43:54.034+0000] {processor.py:927} WARNING - No viable dags retrieved from /usr/local/python/3.12.1/lib/python3.12/site-packages/airflow/example_dags/subdags/subdag.py
[2025-03-28T18:43:54.041+0000] {processor.py:208} INFO - Processing /usr/local/python/3.12.1/lib/python3.12/site-packages/airflow/example_dags/subdags/subdag.py took 0.015 seconds
[2025-03-28T18:44:47.393+0000] {processor.py:186} INFO - Started process (PID=20666) to work on /usr/local/python/3.12.1/lib/python3.12/site-packages/airflow/example_dags/subdags/subdag.py
[2025-03-28T18:44:47.394+0000] {processor.py:914} INFO - Processing file /usr/local/python/3.12.1/lib/python3.12/site-packages/airflow/example_dags/subdags/subdag.py for tasks to queue
[2025-03-28T18:44:47.395+0000] {logging_mixin.py:190} INFO - [2025-03-28T18:44:47.395+0000] {dagbag.py:588} INFO - Filling up the DagBag from /usr/local/python/3.12.1/lib/python3.12/site-packages/airflow/example_dags/subdags/subdag.py
[2025-03-28T18:44:47.396+0000] {processor.py:927} WARNING - No viable dags retrieved from /usr/local/python/3.12.1/lib/python3.12/site-packages/airflow/example_dags/subdags/subdag.py
[2025-03-28T18:44:47.404+0000] {processor.py:208} INFO - Processing /usr/local/python/3.12.1/lib/python3.12/site-packages/airflow/example_dags/subdags/subdag.py took 0.015 seconds
[2025-03-28T18:45:40.776+0000] {processor.py:186} INFO - Started process (PID=21138) to work on /usr/local/python/3.12.1/lib/python3.12/site-packages/airflow/example_dags/subdags/subdag.py
[2025-03-28T18:45:40.777+0000] {processor.py:914} INFO - Processing file /usr/local/python/3.12.1/lib/python3.12/site-packages/airflow/example_dags/subdags/subdag.py for tasks to queue
[2025-03-28T18:45:40.778+0000] {logging_mixin.py:190} INFO - [2025-03-28T18:45:40.778+0000] {dagbag.py:588} INFO - Filling up the DagBag from /usr/local/python/3.12.1/lib/python3.12/site-packages/airflow/example_dags/subdags/subdag.py
[2025-03-28T18:45:40.779+0000] {processor.py:927} WARNING - No viable dags retrieved from /usr/local/python/3.12.1/lib/python3.12/site-packages/airflow/example_dags/subdags/subdag.py
[2025-03-28T18:45:40.786+0000] {processor.py:208} INFO - Processing /usr/local/python/3.12.1/lib/python3.12/site-packages/airflow/example_dags/subdags/subdag.py took 0.014 seconds
[2025-03-28T18:46:35.338+0000] {processor.py:186} INFO - Started process (PID=21628) to work on /usr/local/python/3.12.1/lib/python3.12/site-packages/airflow/example_dags/subdags/subdag.py
[2025-03-28T18:46:35.339+0000] {processor.py:914} INFO - Processing file /usr/local/python/3.12.1/lib/python3.12/site-packages/airflow/example_dags/subdags/subdag.py for tasks to queue
[2025-03-28T18:46:35.340+0000] {logging_mixin.py:190} INFO - [2025-03-28T18:46:35.340+0000] {dagbag.py:588} INFO - Filling up the DagBag from /usr/local/python/3.12.1/lib/python3.12/site-packages/airflow/example_dags/subdags/subdag.py
[2025-03-28T18:46:35.342+0000] {processor.py:927} WARNING - No viable dags retrieved from /usr/local/python/3.12.1/lib/python3.12/site-packages/airflow/example_dags/subdags/subdag.py
[2025-03-28T18:46:35.349+0000] {processor.py:208} INFO - Processing /usr/local/python/3.12.1/lib/python3.12/site-packages/airflow/example_dags/subdags/subdag.py took 0.015 seconds
[2025-03-28T18:47:27.394+0000] {processor.py:186} INFO - Started process (PID=22078) to work on /usr/local/python/3.12.1/lib/python3.12/site-packages/airflow/example_dags/subdags/subdag.py
[2025-03-28T18:47:27.395+0000] {processor.py:914} INFO - Processing file /usr/local/python/3.12.1/lib/python3.12/site-packages/airflow/example_dags/subdags/subdag.py for tasks to queue
[2025-03-28T18:47:27.395+0000] {logging_mixin.py:190} INFO - [2025-03-28T18:47:27.395+0000] {dagbag.py:588} INFO - Filling up the DagBag from /usr/local/python/3.12.1/lib/python3.12/site-packages/airflow/example_dags/subdags/subdag.py
[2025-03-28T18:47:27.397+0000] {processor.py:927} WARNING - No viable dags retrieved from /usr/local/python/3.12.1/lib/python3.12/site-packages/airflow/example_dags/subdags/subdag.py
[2025-03-28T18:47:27.407+0000] {processor.py:208} INFO - Processing /usr/local/python/3.12.1/lib/python3.12/site-packages/airflow/example_dags/subdags/subdag.py took 0.017 seconds
[2025-03-28T18:48:21.063+0000] {processor.py:186} INFO - Started process (PID=22503) to work on /usr/local/python/3.12.1/lib/python3.12/site-packages/airflow/example_dags/subdags/subdag.py
[2025-03-28T18:48:21.064+0000] {processor.py:914} INFO - Processing file /usr/local/python/3.12.1/lib/python3.12/site-packages/airflow/example_dags/subdags/subdag.py for tasks to queue
[2025-03-28T18:48:21.065+0000] {logging_mixin.py:190} INFO - [2025-03-28T18:48:21.064+0000] {dagbag.py:588} INFO - Filling up the DagBag from /usr/local/python/3.12.1/lib/python3.12/site-packages/airflow/example_dags/subdags/subdag.py
[2025-03-28T18:48:21.066+0000] {processor.py:927} WARNING - No viable dags retrieved from /usr/local/python/3.12.1/lib/python3.12/site-packages/airflow/example_dags/subdags/subdag.py
[2025-03-28T18:48:21.073+0000] {processor.py:208} INFO - Processing /usr/local/python/3.12.1/lib/python3.12/site-packages/airflow/example_dags/subdags/subdag.py took 0.014 seconds
[2025-03-28T18:49:16.524+0000] {processor.py:186} INFO - Started process (PID=22962) to work on /usr/local/python/3.12.1/lib/python3.12/site-packages/airflow/example_dags/subdags/subdag.py
[2025-03-28T18:49:16.524+0000] {processor.py:914} INFO - Processing file /usr/local/python/3.12.1/lib/python3.12/site-packages/airflow/example_dags/subdags/subdag.py for tasks to queue
[2025-03-28T18:49:16.525+0000] {logging_mixin.py:190} INFO - [2025-03-28T18:49:16.525+0000] {dagbag.py:588} INFO - Filling up the DagBag from /usr/local/python/3.12.1/lib/python3.12/site-packages/airflow/example_dags/subdags/subdag.py
[2025-03-28T18:49:16.527+0000] {processor.py:927} WARNING - No viable dags retrieved from /usr/local/python/3.12.1/lib/python3.12/site-packages/airflow/example_dags/subdags/subdag.py
[2025-03-28T18:49:16.535+0000] {processor.py:208} INFO - Processing /usr/local/python/3.12.1/lib/python3.12/site-packages/airflow/example_dags/subdags/subdag.py took 0.015 seconds
[2025-03-28T18:50:14.017+0000] {processor.py:186} INFO - Started process (PID=23425) to work on /usr/local/python/3.12.1/lib/python3.12/site-packages/airflow/example_dags/subdags/subdag.py
[2025-03-28T18:50:14.017+0000] {processor.py:914} INFO - Processing file /usr/local/python/3.12.1/lib/python3.12/site-packages/airflow/example_dags/subdags/subdag.py for tasks to queue
[2025-03-28T18:50:14.018+0000] {logging_mixin.py:190} INFO - [2025-03-28T18:50:14.018+0000] {dagbag.py:588} INFO - Filling up the DagBag from /usr/local/python/3.12.1/lib/python3.12/site-packages/airflow/example_dags/subdags/subdag.py
[2025-03-28T18:50:14.020+0000] {processor.py:927} WARNING - No viable dags retrieved from /usr/local/python/3.12.1/lib/python3.12/site-packages/airflow/example_dags/subdags/subdag.py
[2025-03-28T18:50:14.026+0000] {processor.py:208} INFO - Processing /usr/local/python/3.12.1/lib/python3.12/site-packages/airflow/example_dags/subdags/subdag.py took 0.014 seconds
[2025-03-28T18:51:35.947+0000] {processor.py:186} INFO - Started process (PID=24145) to work on /usr/local/python/3.12.1/lib/python3.12/site-packages/airflow/example_dags/subdags/subdag.py
[2025-03-28T18:51:35.948+0000] {processor.py:914} INFO - Processing file /usr/local/python/3.12.1/lib/python3.12/site-packages/airflow/example_dags/subdags/subdag.py for tasks to queue
[2025-03-28T18:51:35.949+0000] {logging_mixin.py:190} INFO - [2025-03-28T18:51:35.948+0000] {dagbag.py:588} INFO - Filling up the DagBag from /usr/local/python/3.12.1/lib/python3.12/site-packages/airflow/example_dags/subdags/subdag.py
[2025-03-28T18:51:35.950+0000] {processor.py:927} WARNING - No viable dags retrieved from /usr/local/python/3.12.1/lib/python3.12/site-packages/airflow/example_dags/subdags/subdag.py
[2025-03-28T18:51:35.957+0000] {processor.py:208} INFO - Processing /usr/local/python/3.12.1/lib/python3.12/site-packages/airflow/example_dags/subdags/subdag.py took 0.014 seconds
[2025-03-28T18:54:09.535+0000] {processor.py:186} INFO - Started process (PID=25655) to work on /usr/local/python/3.12.1/lib/python3.12/site-packages/airflow/example_dags/subdags/subdag.py
[2025-03-28T18:54:09.535+0000] {processor.py:914} INFO - Processing file /usr/local/python/3.12.1/lib/python3.12/site-packages/airflow/example_dags/subdags/subdag.py for tasks to queue
[2025-03-28T18:54:09.536+0000] {logging_mixin.py:190} INFO - [2025-03-28T18:54:09.536+0000] {dagbag.py:588} INFO - Filling up the DagBag from /usr/local/python/3.12.1/lib/python3.12/site-packages/airflow/example_dags/subdags/subdag.py
[2025-03-28T18:54:09.538+0000] {processor.py:927} WARNING - No viable dags retrieved from /usr/local/python/3.12.1/lib/python3.12/site-packages/airflow/example_dags/subdags/subdag.py
[2025-03-28T18:54:09.544+0000] {processor.py:208} INFO - Processing /usr/local/python/3.12.1/lib/python3.12/site-packages/airflow/example_dags/subdags/subdag.py took 0.014 seconds
[2025-03-28T18:56:45.476+0000] {processor.py:186} INFO - Started process (PID=27300) to work on /usr/local/python/3.12.1/lib/python3.12/site-packages/airflow/example_dags/subdags/subdag.py
[2025-03-28T18:56:45.477+0000] {processor.py:914} INFO - Processing file /usr/local/python/3.12.1/lib/python3.12/site-packages/airflow/example_dags/subdags/subdag.py for tasks to queue
[2025-03-28T18:56:45.478+0000] {logging_mixin.py:190} INFO - [2025-03-28T18:56:45.478+0000] {dagbag.py:588} INFO - Filling up the DagBag from /usr/local/python/3.12.1/lib/python3.12/site-packages/airflow/example_dags/subdags/subdag.py
[2025-03-28T18:56:45.479+0000] {processor.py:927} WARNING - No viable dags retrieved from /usr/local/python/3.12.1/lib/python3.12/site-packages/airflow/example_dags/subdags/subdag.py
[2025-03-28T18:56:45.486+0000] {processor.py:208} INFO - Processing /usr/local/python/3.12.1/lib/python3.12/site-packages/airflow/example_dags/subdags/subdag.py took 0.014 seconds
[2025-03-28T18:59:19.583+0000] {processor.py:186} INFO - Started process (PID=28939) to work on /usr/local/python/3.12.1/lib/python3.12/site-packages/airflow/example_dags/subdags/subdag.py
[2025-03-28T18:59:19.583+0000] {processor.py:914} INFO - Processing file /usr/local/python/3.12.1/lib/python3.12/site-packages/airflow/example_dags/subdags/subdag.py for tasks to queue
[2025-03-28T18:59:19.584+0000] {logging_mixin.py:190} INFO - [2025-03-28T18:59:19.584+0000] {dagbag.py:588} INFO - Filling up the DagBag from /usr/local/python/3.12.1/lib/python3.12/site-packages/airflow/example_dags/subdags/subdag.py
[2025-03-28T18:59:19.586+0000] {processor.py:927} WARNING - No viable dags retrieved from /usr/local/python/3.12.1/lib/python3.12/site-packages/airflow/example_dags/subdags/subdag.py
[2025-03-28T18:59:19.593+0000] {processor.py:208} INFO - Processing /usr/local/python/3.12.1/lib/python3.12/site-packages/airflow/example_dags/subdags/subdag.py took 0.014 seconds
[2025-03-28T19:01:55.798+0000] {processor.py:186} INFO - Started process (PID=30689) to work on /usr/local/python/3.12.1/lib/python3.12/site-packages/airflow/example_dags/subdags/subdag.py
[2025-03-28T19:01:55.799+0000] {processor.py:914} INFO - Processing file /usr/local/python/3.12.1/lib/python3.12/site-packages/airflow/example_dags/subdags/subdag.py for tasks to queue
[2025-03-28T19:01:55.800+0000] {logging_mixin.py:190} INFO - [2025-03-28T19:01:55.799+0000] {dagbag.py:588} INFO - Filling up the DagBag from /usr/local/python/3.12.1/lib/python3.12/site-packages/airflow/example_dags/subdags/subdag.py
[2025-03-28T19:01:55.801+0000] {processor.py:927} WARNING - No viable dags retrieved from /usr/local/python/3.12.1/lib/python3.12/site-packages/airflow/example_dags/subdags/subdag.py
[2025-03-28T19:01:55.808+0000] {processor.py:208} INFO - Processing /usr/local/python/3.12.1/lib/python3.12/site-packages/airflow/example_dags/subdags/subdag.py took 0.014 seconds
[2025-03-28T19:04:30.909+0000] {processor.py:186} INFO - Started process (PID=32499) to work on /usr/local/python/3.12.1/lib/python3.12/site-packages/airflow/example_dags/subdags/subdag.py
[2025-03-28T19:04:30.910+0000] {processor.py:914} INFO - Processing file /usr/local/python/3.12.1/lib/python3.12/site-packages/airflow/example_dags/subdags/subdag.py for tasks to queue
[2025-03-28T19:04:30.911+0000] {logging_mixin.py:190} INFO - [2025-03-28T19:04:30.910+0000] {dagbag.py:588} INFO - Filling up the DagBag from /usr/local/python/3.12.1/lib/python3.12/site-packages/airflow/example_dags/subdags/subdag.py
[2025-03-28T19:04:30.912+0000] {processor.py:927} WARNING - No viable dags retrieved from /usr/local/python/3.12.1/lib/python3.12/site-packages/airflow/example_dags/subdags/subdag.py
[2025-03-28T19:04:30.920+0000] {processor.py:208} INFO - Processing /usr/local/python/3.12.1/lib/python3.12/site-packages/airflow/example_dags/subdags/subdag.py took 0.014 seconds
[2025-03-28T19:07:06.092+0000] {processor.py:186} INFO - Started process (PID=34123) to work on /usr/local/python/3.12.1/lib/python3.12/site-packages/airflow/example_dags/subdags/subdag.py
[2025-03-28T19:07:06.092+0000] {processor.py:914} INFO - Processing file /usr/local/python/3.12.1/lib/python3.12/site-packages/airflow/example_dags/subdags/subdag.py for tasks to queue
[2025-03-28T19:07:06.093+0000] {logging_mixin.py:190} INFO - [2025-03-28T19:07:06.093+0000] {dagbag.py:588} INFO - Filling up the DagBag from /usr/local/python/3.12.1/lib/python3.12/site-packages/airflow/example_dags/subdags/subdag.py
[2025-03-28T19:07:06.095+0000] {processor.py:927} WARNING - No viable dags retrieved from /usr/local/python/3.12.1/lib/python3.12/site-packages/airflow/example_dags/subdags/subdag.py
[2025-03-28T19:07:06.101+0000] {processor.py:208} INFO - Processing /usr/local/python/3.12.1/lib/python3.12/site-packages/airflow/example_dags/subdags/subdag.py took 0.014 seconds
[2025-03-28T19:10:02.861+0000] {processor.py:186} INFO - Started process (PID=37452) to work on /usr/local/python/3.12.1/lib/python3.12/site-packages/airflow/example_dags/subdags/subdag.py
[2025-03-28T19:10:02.862+0000] {processor.py:914} INFO - Processing file /usr/local/python/3.12.1/lib/python3.12/site-packages/airflow/example_dags/subdags/subdag.py for tasks to queue
[2025-03-28T19:10:02.863+0000] {logging_mixin.py:190} INFO - [2025-03-28T19:10:02.863+0000] {dagbag.py:588} INFO - Filling up the DagBag from /usr/local/python/3.12.1/lib/python3.12/site-packages/airflow/example_dags/subdags/subdag.py
[2025-03-28T19:10:02.865+0000] {processor.py:927} WARNING - No viable dags retrieved from /usr/local/python/3.12.1/lib/python3.12/site-packages/airflow/example_dags/subdags/subdag.py
[2025-03-28T19:10:02.872+0000] {processor.py:208} INFO - Processing /usr/local/python/3.12.1/lib/python3.12/site-packages/airflow/example_dags/subdags/subdag.py took 0.015 seconds
[2025-03-28T19:13:07.074+0000] {processor.py:186} INFO - Started process (PID=39422) to work on /usr/local/python/3.12.1/lib/python3.12/site-packages/airflow/example_dags/subdags/subdag.py
[2025-03-28T19:13:07.075+0000] {processor.py:914} INFO - Processing file /usr/local/python/3.12.1/lib/python3.12/site-packages/airflow/example_dags/subdags/subdag.py for tasks to queue
[2025-03-28T19:13:07.076+0000] {logging_mixin.py:190} INFO - [2025-03-28T19:13:07.076+0000] {dagbag.py:588} INFO - Filling up the DagBag from /usr/local/python/3.12.1/lib/python3.12/site-packages/airflow/example_dags/subdags/subdag.py
[2025-03-28T19:13:07.078+0000] {processor.py:927} WARNING - No viable dags retrieved from /usr/local/python/3.12.1/lib/python3.12/site-packages/airflow/example_dags/subdags/subdag.py
[2025-03-28T19:13:07.085+0000] {processor.py:208} INFO - Processing /usr/local/python/3.12.1/lib/python3.12/site-packages/airflow/example_dags/subdags/subdag.py took 0.015 seconds
[2025-03-28T19:15:42.609+0000] {processor.py:186} INFO - Started process (PID=41049) to work on /usr/local/python/3.12.1/lib/python3.12/site-packages/airflow/example_dags/subdags/subdag.py
[2025-03-28T19:15:42.609+0000] {processor.py:914} INFO - Processing file /usr/local/python/3.12.1/lib/python3.12/site-packages/airflow/example_dags/subdags/subdag.py for tasks to queue
[2025-03-28T19:15:42.611+0000] {logging_mixin.py:190} INFO - [2025-03-28T19:15:42.610+0000] {dagbag.py:588} INFO - Filling up the DagBag from /usr/local/python/3.12.1/lib/python3.12/site-packages/airflow/example_dags/subdags/subdag.py
[2025-03-28T19:15:42.612+0000] {processor.py:927} WARNING - No viable dags retrieved from /usr/local/python/3.12.1/lib/python3.12/site-packages/airflow/example_dags/subdags/subdag.py
[2025-03-28T19:15:42.619+0000] {processor.py:208} INFO - Processing /usr/local/python/3.12.1/lib/python3.12/site-packages/airflow/example_dags/subdags/subdag.py took 0.015 seconds
[2025-03-28T19:18:17.118+0000] {processor.py:186} INFO - Started process (PID=42574) to work on /usr/local/python/3.12.1/lib/python3.12/site-packages/airflow/example_dags/subdags/subdag.py
[2025-03-28T19:18:17.118+0000] {processor.py:914} INFO - Processing file /usr/local/python/3.12.1/lib/python3.12/site-packages/airflow/example_dags/subdags/subdag.py for tasks to queue
[2025-03-28T19:18:17.120+0000] {logging_mixin.py:190} INFO - [2025-03-28T19:18:17.119+0000] {dagbag.py:588} INFO - Filling up the DagBag from /usr/local/python/3.12.1/lib/python3.12/site-packages/airflow/example_dags/subdags/subdag.py
[2025-03-28T19:18:17.121+0000] {processor.py:927} WARNING - No viable dags retrieved from /usr/local/python/3.12.1/lib/python3.12/site-packages/airflow/example_dags/subdags/subdag.py
[2025-03-28T19:18:17.128+0000] {processor.py:208} INFO - Processing /usr/local/python/3.12.1/lib/python3.12/site-packages/airflow/example_dags/subdags/subdag.py took 0.014 seconds
[2025-03-28T19:20:52.572+0000] {processor.py:186} INFO - Started process (PID=44099) to work on /usr/local/python/3.12.1/lib/python3.12/site-packages/airflow/example_dags/subdags/subdag.py
[2025-03-28T19:20:52.573+0000] {processor.py:914} INFO - Processing file /usr/local/python/3.12.1/lib/python3.12/site-packages/airflow/example_dags/subdags/subdag.py for tasks to queue
[2025-03-28T19:20:52.574+0000] {logging_mixin.py:190} INFO - [2025-03-28T19:20:52.574+0000] {dagbag.py:588} INFO - Filling up the DagBag from /usr/local/python/3.12.1/lib/python3.12/site-packages/airflow/example_dags/subdags/subdag.py
[2025-03-28T19:20:52.576+0000] {processor.py:927} WARNING - No viable dags retrieved from /usr/local/python/3.12.1/lib/python3.12/site-packages/airflow/example_dags/subdags/subdag.py
[2025-03-28T19:20:52.583+0000] {processor.py:208} INFO - Processing /usr/local/python/3.12.1/lib/python3.12/site-packages/airflow/example_dags/subdags/subdag.py took 0.015 seconds
[2025-03-28T19:23:28.124+0000] {processor.py:186} INFO - Started process (PID=45642) to work on /usr/local/python/3.12.1/lib/python3.12/site-packages/airflow/example_dags/subdags/subdag.py
[2025-03-28T19:23:28.125+0000] {processor.py:914} INFO - Processing file /usr/local/python/3.12.1/lib/python3.12/site-packages/airflow/example_dags/subdags/subdag.py for tasks to queue
[2025-03-28T19:23:28.126+0000] {logging_mixin.py:190} INFO - [2025-03-28T19:23:28.126+0000] {dagbag.py:588} INFO - Filling up the DagBag from /usr/local/python/3.12.1/lib/python3.12/site-packages/airflow/example_dags/subdags/subdag.py
[2025-03-28T19:23:28.128+0000] {processor.py:927} WARNING - No viable dags retrieved from /usr/local/python/3.12.1/lib/python3.12/site-packages/airflow/example_dags/subdags/subdag.py
[2025-03-28T19:23:28.134+0000] {processor.py:208} INFO - Processing /usr/local/python/3.12.1/lib/python3.12/site-packages/airflow/example_dags/subdags/subdag.py took 0.015 seconds
[2025-03-28T19:25:28.275+0000] {processor.py:186} INFO - Started process (PID=46783) to work on /usr/local/python/3.12.1/lib/python3.12/site-packages/airflow/example_dags/subdags/subdag.py
[2025-03-28T19:25:28.275+0000] {processor.py:914} INFO - Processing file /usr/local/python/3.12.1/lib/python3.12/site-packages/airflow/example_dags/subdags/subdag.py for tasks to queue
[2025-03-28T19:25:28.277+0000] {logging_mixin.py:190} INFO - [2025-03-28T19:25:28.277+0000] {dagbag.py:588} INFO - Filling up the DagBag from /usr/local/python/3.12.1/lib/python3.12/site-packages/airflow/example_dags/subdags/subdag.py
[2025-03-28T19:25:28.278+0000] {processor.py:927} WARNING - No viable dags retrieved from /usr/local/python/3.12.1/lib/python3.12/site-packages/airflow/example_dags/subdags/subdag.py
[2025-03-28T19:25:28.286+0000] {processor.py:208} INFO - Processing /usr/local/python/3.12.1/lib/python3.12/site-packages/airflow/example_dags/subdags/subdag.py took 0.015 seconds
[2025-03-28T19:26:06.957+0000] {processor.py:186} INFO - Started process (PID=47091) to work on /usr/local/python/3.12.1/lib/python3.12/site-packages/airflow/example_dags/subdags/subdag.py
[2025-03-28T19:26:06.958+0000] {processor.py:914} INFO - Processing file /usr/local/python/3.12.1/lib/python3.12/site-packages/airflow/example_dags/subdags/subdag.py for tasks to queue
[2025-03-28T19:26:06.959+0000] {logging_mixin.py:190} INFO - [2025-03-28T19:26:06.959+0000] {dagbag.py:588} INFO - Filling up the DagBag from /usr/local/python/3.12.1/lib/python3.12/site-packages/airflow/example_dags/subdags/subdag.py
[2025-03-28T19:26:06.961+0000] {processor.py:927} WARNING - No viable dags retrieved from /usr/local/python/3.12.1/lib/python3.12/site-packages/airflow/example_dags/subdags/subdag.py
[2025-03-28T19:26:06.967+0000] {processor.py:208} INFO - Processing /usr/local/python/3.12.1/lib/python3.12/site-packages/airflow/example_dags/subdags/subdag.py took 0.014 seconds
[2025-03-28T19:26:58.513+0000] {processor.py:186} INFO - Started process (PID=47498) to work on /usr/local/python/3.12.1/lib/python3.12/site-packages/airflow/example_dags/subdags/subdag.py
[2025-03-28T19:26:58.514+0000] {processor.py:914} INFO - Processing file /usr/local/python/3.12.1/lib/python3.12/site-packages/airflow/example_dags/subdags/subdag.py for tasks to queue
[2025-03-28T19:26:58.515+0000] {logging_mixin.py:190} INFO - [2025-03-28T19:26:58.515+0000] {dagbag.py:588} INFO - Filling up the DagBag from /usr/local/python/3.12.1/lib/python3.12/site-packages/airflow/example_dags/subdags/subdag.py
[2025-03-28T19:26:58.517+0000] {processor.py:927} WARNING - No viable dags retrieved from /usr/local/python/3.12.1/lib/python3.12/site-packages/airflow/example_dags/subdags/subdag.py
[2025-03-28T19:26:58.524+0000] {processor.py:208} INFO - Processing /usr/local/python/3.12.1/lib/python3.12/site-packages/airflow/example_dags/subdags/subdag.py took 0.015 seconds
[2025-03-28T19:27:52.767+0000] {processor.py:186} INFO - Started process (PID=47939) to work on /usr/local/python/3.12.1/lib/python3.12/site-packages/airflow/example_dags/subdags/subdag.py
[2025-03-28T19:27:52.768+0000] {processor.py:914} INFO - Processing file /usr/local/python/3.12.1/lib/python3.12/site-packages/airflow/example_dags/subdags/subdag.py for tasks to queue
[2025-03-28T19:27:52.769+0000] {logging_mixin.py:190} INFO - [2025-03-28T19:27:52.769+0000] {dagbag.py:588} INFO - Filling up the DagBag from /usr/local/python/3.12.1/lib/python3.12/site-packages/airflow/example_dags/subdags/subdag.py
[2025-03-28T19:27:52.771+0000] {processor.py:927} WARNING - No viable dags retrieved from /usr/local/python/3.12.1/lib/python3.12/site-packages/airflow/example_dags/subdags/subdag.py
[2025-03-28T19:27:52.778+0000] {processor.py:208} INFO - Processing /usr/local/python/3.12.1/lib/python3.12/site-packages/airflow/example_dags/subdags/subdag.py took 0.015 seconds
[2025-03-28T19:28:43.433+0000] {processor.py:186} INFO - Started process (PID=48332) to work on /usr/local/python/3.12.1/lib/python3.12/site-packages/airflow/example_dags/subdags/subdag.py
[2025-03-28T19:28:43.433+0000] {processor.py:914} INFO - Processing file /usr/local/python/3.12.1/lib/python3.12/site-packages/airflow/example_dags/subdags/subdag.py for tasks to queue
[2025-03-28T19:28:43.435+0000] {logging_mixin.py:190} INFO - [2025-03-28T19:28:43.434+0000] {dagbag.py:588} INFO - Filling up the DagBag from /usr/local/python/3.12.1/lib/python3.12/site-packages/airflow/example_dags/subdags/subdag.py
[2025-03-28T19:28:43.436+0000] {processor.py:927} WARNING - No viable dags retrieved from /usr/local/python/3.12.1/lib/python3.12/site-packages/airflow/example_dags/subdags/subdag.py
[2025-03-28T19:28:43.444+0000] {processor.py:208} INFO - Processing /usr/local/python/3.12.1/lib/python3.12/site-packages/airflow/example_dags/subdags/subdag.py took 0.015 seconds
[2025-03-28T19:29:36.435+0000] {processor.py:186} INFO - Started process (PID=48746) to work on /usr/local/python/3.12.1/lib/python3.12/site-packages/airflow/example_dags/subdags/subdag.py
[2025-03-28T19:29:36.436+0000] {processor.py:914} INFO - Processing file /usr/local/python/3.12.1/lib/python3.12/site-packages/airflow/example_dags/subdags/subdag.py for tasks to queue
[2025-03-28T19:29:36.437+0000] {logging_mixin.py:190} INFO - [2025-03-28T19:29:36.437+0000] {dagbag.py:588} INFO - Filling up the DagBag from /usr/local/python/3.12.1/lib/python3.12/site-packages/airflow/example_dags/subdags/subdag.py
[2025-03-28T19:29:36.439+0000] {processor.py:927} WARNING - No viable dags retrieved from /usr/local/python/3.12.1/lib/python3.12/site-packages/airflow/example_dags/subdags/subdag.py
[2025-03-28T19:29:36.446+0000] {processor.py:208} INFO - Processing /usr/local/python/3.12.1/lib/python3.12/site-packages/airflow/example_dags/subdags/subdag.py took 0.014 seconds
[2025-03-28T19:30:31.804+0000] {processor.py:186} INFO - Started process (PID=49177) to work on /usr/local/python/3.12.1/lib/python3.12/site-packages/airflow/example_dags/subdags/subdag.py
[2025-03-28T19:30:31.804+0000] {processor.py:914} INFO - Processing file /usr/local/python/3.12.1/lib/python3.12/site-packages/airflow/example_dags/subdags/subdag.py for tasks to queue
[2025-03-28T19:30:31.806+0000] {logging_mixin.py:190} INFO - [2025-03-28T19:30:31.805+0000] {dagbag.py:588} INFO - Filling up the DagBag from /usr/local/python/3.12.1/lib/python3.12/site-packages/airflow/example_dags/subdags/subdag.py
[2025-03-28T19:30:31.807+0000] {processor.py:927} WARNING - No viable dags retrieved from /usr/local/python/3.12.1/lib/python3.12/site-packages/airflow/example_dags/subdags/subdag.py
[2025-03-28T19:30:31.814+0000] {processor.py:208} INFO - Processing /usr/local/python/3.12.1/lib/python3.12/site-packages/airflow/example_dags/subdags/subdag.py took 0.015 seconds
[2025-03-28T19:31:29.322+0000] {processor.py:186} INFO - Started process (PID=49634) to work on /usr/local/python/3.12.1/lib/python3.12/site-packages/airflow/example_dags/subdags/subdag.py
[2025-03-28T19:31:29.322+0000] {processor.py:914} INFO - Processing file /usr/local/python/3.12.1/lib/python3.12/site-packages/airflow/example_dags/subdags/subdag.py for tasks to queue
[2025-03-28T19:31:29.324+0000] {logging_mixin.py:190} INFO - [2025-03-28T19:31:29.324+0000] {dagbag.py:588} INFO - Filling up the DagBag from /usr/local/python/3.12.1/lib/python3.12/site-packages/airflow/example_dags/subdags/subdag.py
[2025-03-28T19:31:29.326+0000] {processor.py:927} WARNING - No viable dags retrieved from /usr/local/python/3.12.1/lib/python3.12/site-packages/airflow/example_dags/subdags/subdag.py
[2025-03-28T19:31:29.332+0000] {processor.py:208} INFO - Processing /usr/local/python/3.12.1/lib/python3.12/site-packages/airflow/example_dags/subdags/subdag.py took 0.015 seconds
[2025-03-28T19:32:24.724+0000] {processor.py:186} INFO - Started process (PID=50059) to work on /usr/local/python/3.12.1/lib/python3.12/site-packages/airflow/example_dags/subdags/subdag.py
[2025-03-28T19:32:24.725+0000] {processor.py:914} INFO - Processing file /usr/local/python/3.12.1/lib/python3.12/site-packages/airflow/example_dags/subdags/subdag.py for tasks to queue
[2025-03-28T19:32:24.726+0000] {logging_mixin.py:190} INFO - [2025-03-28T19:32:24.726+0000] {dagbag.py:588} INFO - Filling up the DagBag from /usr/local/python/3.12.1/lib/python3.12/site-packages/airflow/example_dags/subdags/subdag.py
[2025-03-28T19:32:24.728+0000] {processor.py:927} WARNING - No viable dags retrieved from /usr/local/python/3.12.1/lib/python3.12/site-packages/airflow/example_dags/subdags/subdag.py
[2025-03-28T19:32:24.735+0000] {processor.py:208} INFO - Processing /usr/local/python/3.12.1/lib/python3.12/site-packages/airflow/example_dags/subdags/subdag.py took 0.016 seconds
[2025-03-28T19:33:17.000+0000] {processor.py:186} INFO - Started process (PID=50491) to work on /usr/local/python/3.12.1/lib/python3.12/site-packages/airflow/example_dags/subdags/subdag.py
[2025-03-28T19:33:17.000+0000] {processor.py:914} INFO - Processing file /usr/local/python/3.12.1/lib/python3.12/site-packages/airflow/example_dags/subdags/subdag.py for tasks to queue
[2025-03-28T19:33:17.002+0000] {logging_mixin.py:190} INFO - [2025-03-28T19:33:17.001+0000] {dagbag.py:588} INFO - Filling up the DagBag from /usr/local/python/3.12.1/lib/python3.12/site-packages/airflow/example_dags/subdags/subdag.py
[2025-03-28T19:33:17.003+0000] {processor.py:927} WARNING - No viable dags retrieved from /usr/local/python/3.12.1/lib/python3.12/site-packages/airflow/example_dags/subdags/subdag.py
[2025-03-28T19:33:17.010+0000] {processor.py:208} INFO - Processing /usr/local/python/3.12.1/lib/python3.12/site-packages/airflow/example_dags/subdags/subdag.py took 0.014 seconds
[2025-03-28T19:34:12.210+0000] {processor.py:186} INFO - Started process (PID=50914) to work on /usr/local/python/3.12.1/lib/python3.12/site-packages/airflow/example_dags/subdags/subdag.py
[2025-03-28T19:34:12.210+0000] {processor.py:914} INFO - Processing file /usr/local/python/3.12.1/lib/python3.12/site-packages/airflow/example_dags/subdags/subdag.py for tasks to queue
[2025-03-28T19:34:12.212+0000] {logging_mixin.py:190} INFO - [2025-03-28T19:34:12.212+0000] {dagbag.py:588} INFO - Filling up the DagBag from /usr/local/python/3.12.1/lib/python3.12/site-packages/airflow/example_dags/subdags/subdag.py
[2025-03-28T19:34:12.214+0000] {processor.py:927} WARNING - No viable dags retrieved from /usr/local/python/3.12.1/lib/python3.12/site-packages/airflow/example_dags/subdags/subdag.py
[2025-03-28T19:34:12.221+0000] {processor.py:208} INFO - Processing /usr/local/python/3.12.1/lib/python3.12/site-packages/airflow/example_dags/subdags/subdag.py took 0.015 seconds
[2025-03-28T19:35:05.044+0000] {processor.py:186} INFO - Started process (PID=51329) to work on /usr/local/python/3.12.1/lib/python3.12/site-packages/airflow/example_dags/subdags/subdag.py
[2025-03-28T19:35:05.045+0000] {processor.py:914} INFO - Processing file /usr/local/python/3.12.1/lib/python3.12/site-packages/airflow/example_dags/subdags/subdag.py for tasks to queue
[2025-03-28T19:35:05.046+0000] {logging_mixin.py:190} INFO - [2025-03-28T19:35:05.046+0000] {dagbag.py:588} INFO - Filling up the DagBag from /usr/local/python/3.12.1/lib/python3.12/site-packages/airflow/example_dags/subdags/subdag.py
[2025-03-28T19:35:05.048+0000] {processor.py:927} WARNING - No viable dags retrieved from /usr/local/python/3.12.1/lib/python3.12/site-packages/airflow/example_dags/subdags/subdag.py
[2025-03-28T19:35:05.055+0000] {processor.py:208} INFO - Processing /usr/local/python/3.12.1/lib/python3.12/site-packages/airflow/example_dags/subdags/subdag.py took 0.015 seconds
[2025-03-28T19:36:00.399+0000] {processor.py:186} INFO - Started process (PID=51770) to work on /usr/local/python/3.12.1/lib/python3.12/site-packages/airflow/example_dags/subdags/subdag.py
[2025-03-28T19:36:00.399+0000] {processor.py:914} INFO - Processing file /usr/local/python/3.12.1/lib/python3.12/site-packages/airflow/example_dags/subdags/subdag.py for tasks to queue
[2025-03-28T19:36:00.401+0000] {logging_mixin.py:190} INFO - [2025-03-28T19:36:00.401+0000] {dagbag.py:588} INFO - Filling up the DagBag from /usr/local/python/3.12.1/lib/python3.12/site-packages/airflow/example_dags/subdags/subdag.py
[2025-03-28T19:36:00.402+0000] {processor.py:927} WARNING - No viable dags retrieved from /usr/local/python/3.12.1/lib/python3.12/site-packages/airflow/example_dags/subdags/subdag.py
[2025-03-28T19:36:00.409+0000] {processor.py:208} INFO - Processing /usr/local/python/3.12.1/lib/python3.12/site-packages/airflow/example_dags/subdags/subdag.py took 0.015 seconds
[2025-03-28T19:36:55.120+0000] {processor.py:186} INFO - Started process (PID=52192) to work on /usr/local/python/3.12.1/lib/python3.12/site-packages/airflow/example_dags/subdags/subdag.py
[2025-03-28T19:36:55.121+0000] {processor.py:914} INFO - Processing file /usr/local/python/3.12.1/lib/python3.12/site-packages/airflow/example_dags/subdags/subdag.py for tasks to queue
[2025-03-28T19:36:55.122+0000] {logging_mixin.py:190} INFO - [2025-03-28T19:36:55.122+0000] {dagbag.py:588} INFO - Filling up the DagBag from /usr/local/python/3.12.1/lib/python3.12/site-packages/airflow/example_dags/subdags/subdag.py
[2025-03-28T19:36:55.124+0000] {processor.py:927} WARNING - No viable dags retrieved from /usr/local/python/3.12.1/lib/python3.12/site-packages/airflow/example_dags/subdags/subdag.py
[2025-03-28T19:36:55.131+0000] {processor.py:208} INFO - Processing /usr/local/python/3.12.1/lib/python3.12/site-packages/airflow/example_dags/subdags/subdag.py took 0.015 seconds
[2025-03-28T19:37:49.396+0000] {processor.py:186} INFO - Started process (PID=52611) to work on /usr/local/python/3.12.1/lib/python3.12/site-packages/airflow/example_dags/subdags/subdag.py
[2025-03-28T19:37:49.397+0000] {processor.py:914} INFO - Processing file /usr/local/python/3.12.1/lib/python3.12/site-packages/airflow/example_dags/subdags/subdag.py for tasks to queue
[2025-03-28T19:37:49.398+0000] {logging_mixin.py:190} INFO - [2025-03-28T19:37:49.398+0000] {dagbag.py:588} INFO - Filling up the DagBag from /usr/local/python/3.12.1/lib/python3.12/site-packages/airflow/example_dags/subdags/subdag.py
[2025-03-28T19:37:49.400+0000] {processor.py:927} WARNING - No viable dags retrieved from /usr/local/python/3.12.1/lib/python3.12/site-packages/airflow/example_dags/subdags/subdag.py
[2025-03-28T19:37:49.407+0000] {processor.py:208} INFO - Processing /usr/local/python/3.12.1/lib/python3.12/site-packages/airflow/example_dags/subdags/subdag.py took 0.014 seconds
[2025-03-28T19:38:44.861+0000] {processor.py:186} INFO - Started process (PID=53053) to work on /usr/local/python/3.12.1/lib/python3.12/site-packages/airflow/example_dags/subdags/subdag.py
[2025-03-28T19:38:44.862+0000] {processor.py:914} INFO - Processing file /usr/local/python/3.12.1/lib/python3.12/site-packages/airflow/example_dags/subdags/subdag.py for tasks to queue
[2025-03-28T19:38:44.864+0000] {logging_mixin.py:190} INFO - [2025-03-28T19:38:44.863+0000] {dagbag.py:588} INFO - Filling up the DagBag from /usr/local/python/3.12.1/lib/python3.12/site-packages/airflow/example_dags/subdags/subdag.py
[2025-03-28T19:38:44.865+0000] {processor.py:927} WARNING - No viable dags retrieved from /usr/local/python/3.12.1/lib/python3.12/site-packages/airflow/example_dags/subdags/subdag.py
[2025-03-28T19:38:44.872+0000] {processor.py:208} INFO - Processing /usr/local/python/3.12.1/lib/python3.12/site-packages/airflow/example_dags/subdags/subdag.py took 0.015 seconds
[2025-03-28T19:39:41.314+0000] {processor.py:186} INFO - Started process (PID=53490) to work on /usr/local/python/3.12.1/lib/python3.12/site-packages/airflow/example_dags/subdags/subdag.py
[2025-03-28T19:39:41.315+0000] {processor.py:914} INFO - Processing file /usr/local/python/3.12.1/lib/python3.12/site-packages/airflow/example_dags/subdags/subdag.py for tasks to queue
[2025-03-28T19:39:41.316+0000] {logging_mixin.py:190} INFO - [2025-03-28T19:39:41.316+0000] {dagbag.py:588} INFO - Filling up the DagBag from /usr/local/python/3.12.1/lib/python3.12/site-packages/airflow/example_dags/subdags/subdag.py
[2025-03-28T19:39:41.318+0000] {processor.py:927} WARNING - No viable dags retrieved from /usr/local/python/3.12.1/lib/python3.12/site-packages/airflow/example_dags/subdags/subdag.py
[2025-03-28T19:39:41.325+0000] {processor.py:208} INFO - Processing /usr/local/python/3.12.1/lib/python3.12/site-packages/airflow/example_dags/subdags/subdag.py took 0.015 seconds
[2025-03-28T19:40:33.850+0000] {processor.py:186} INFO - Started process (PID=53923) to work on /usr/local/python/3.12.1/lib/python3.12/site-packages/airflow/example_dags/subdags/subdag.py
[2025-03-28T19:40:33.851+0000] {processor.py:914} INFO - Processing file /usr/local/python/3.12.1/lib/python3.12/site-packages/airflow/example_dags/subdags/subdag.py for tasks to queue
[2025-03-28T19:40:33.852+0000] {logging_mixin.py:190} INFO - [2025-03-28T19:40:33.852+0000] {dagbag.py:588} INFO - Filling up the DagBag from /usr/local/python/3.12.1/lib/python3.12/site-packages/airflow/example_dags/subdags/subdag.py
[2025-03-28T19:40:33.854+0000] {processor.py:927} WARNING - No viable dags retrieved from /usr/local/python/3.12.1/lib/python3.12/site-packages/airflow/example_dags/subdags/subdag.py
[2025-03-28T19:40:33.860+0000] {processor.py:208} INFO - Processing /usr/local/python/3.12.1/lib/python3.12/site-packages/airflow/example_dags/subdags/subdag.py took 0.014 seconds
[2025-03-28T19:41:25.255+0000] {processor.py:186} INFO - Started process (PID=54321) to work on /usr/local/python/3.12.1/lib/python3.12/site-packages/airflow/example_dags/subdags/subdag.py
[2025-03-28T19:41:25.256+0000] {processor.py:914} INFO - Processing file /usr/local/python/3.12.1/lib/python3.12/site-packages/airflow/example_dags/subdags/subdag.py for tasks to queue
[2025-03-28T19:41:25.257+0000] {logging_mixin.py:190} INFO - [2025-03-28T19:41:25.257+0000] {dagbag.py:588} INFO - Filling up the DagBag from /usr/local/python/3.12.1/lib/python3.12/site-packages/airflow/example_dags/subdags/subdag.py
[2025-03-28T19:41:25.259+0000] {processor.py:927} WARNING - No viable dags retrieved from /usr/local/python/3.12.1/lib/python3.12/site-packages/airflow/example_dags/subdags/subdag.py
[2025-03-28T19:41:25.266+0000] {processor.py:208} INFO - Processing /usr/local/python/3.12.1/lib/python3.12/site-packages/airflow/example_dags/subdags/subdag.py took 0.015 seconds
[2025-03-28T19:42:18.908+0000] {processor.py:186} INFO - Started process (PID=54737) to work on /usr/local/python/3.12.1/lib/python3.12/site-packages/airflow/example_dags/subdags/subdag.py
[2025-03-28T19:42:18.909+0000] {processor.py:914} INFO - Processing file /usr/local/python/3.12.1/lib/python3.12/site-packages/airflow/example_dags/subdags/subdag.py for tasks to queue
[2025-03-28T19:42:18.910+0000] {logging_mixin.py:190} INFO - [2025-03-28T19:42:18.910+0000] {dagbag.py:588} INFO - Filling up the DagBag from /usr/local/python/3.12.1/lib/python3.12/site-packages/airflow/example_dags/subdags/subdag.py
[2025-03-28T19:42:18.912+0000] {processor.py:927} WARNING - No viable dags retrieved from /usr/local/python/3.12.1/lib/python3.12/site-packages/airflow/example_dags/subdags/subdag.py
[2025-03-28T19:42:18.919+0000] {processor.py:208} INFO - Processing /usr/local/python/3.12.1/lib/python3.12/site-packages/airflow/example_dags/subdags/subdag.py took 0.016 seconds
