[2025-03-28T18:23:46.008+0000] {processor.py:186} INFO - Started process (PID=8969) to work on /usr/local/python/3.12.1/lib/python3.12/site-packages/airflow/example_dags/plugins/workday.py
[2025-03-28T18:23:46.009+0000] {processor.py:914} INFO - Processing file /usr/local/python/3.12.1/lib/python3.12/site-packages/airflow/example_dags/plugins/workday.py for tasks to queue
[2025-03-28T18:23:46.011+0000] {logging_mixin.py:190} INFO - [2025-03-28T18:23:46.010+0000] {dagbag.py:588} INFO - Filling up the DagBag from /usr/local/python/3.12.1/lib/python3.12/site-packages/airflow/example_dags/plugins/workday.py
[2025-03-28T18:23:46.013+0000] {processor.py:927} WARNING - No viable dags retrieved from /usr/local/python/3.12.1/lib/python3.12/site-packages/airflow/example_dags/plugins/workday.py
[2025-03-28T18:23:46.020+0000] {processor.py:208} INFO - Processing /usr/local/python/3.12.1/lib/python3.12/site-packages/airflow/example_dags/plugins/workday.py took 0.017 seconds
[2025-03-28T18:24:47.012+0000] {processor.py:186} INFO - Started process (PID=9469) to work on /usr/local/python/3.12.1/lib/python3.12/site-packages/airflow/example_dags/plugins/workday.py
[2025-03-28T18:24:47.013+0000] {processor.py:914} INFO - Processing file /usr/local/python/3.12.1/lib/python3.12/site-packages/airflow/example_dags/plugins/workday.py for tasks to queue
[2025-03-28T18:24:47.014+0000] {logging_mixin.py:190} INFO - [2025-03-28T18:24:47.014+0000] {dagbag.py:588} INFO - Filling up the DagBag from /usr/local/python/3.12.1/lib/python3.12/site-packages/airflow/example_dags/plugins/workday.py
[2025-03-28T18:24:47.016+0000] {processor.py:927} WARNING - No viable dags retrieved from /usr/local/python/3.12.1/lib/python3.12/site-packages/airflow/example_dags/plugins/workday.py
[2025-03-28T18:24:47.023+0000] {processor.py:208} INFO - Processing /usr/local/python/3.12.1/lib/python3.12/site-packages/airflow/example_dags/plugins/workday.py took 0.015 seconds
[2025-03-28T18:25:42.322+0000] {processor.py:186} INFO - Started process (PID=9976) to work on /usr/local/python/3.12.1/lib/python3.12/site-packages/airflow/example_dags/plugins/workday.py
[2025-03-28T18:25:42.322+0000] {processor.py:914} INFO - Processing file /usr/local/python/3.12.1/lib/python3.12/site-packages/airflow/example_dags/plugins/workday.py for tasks to queue
[2025-03-28T18:25:42.324+0000] {logging_mixin.py:190} INFO - [2025-03-28T18:25:42.323+0000] {dagbag.py:588} INFO - Filling up the DagBag from /usr/local/python/3.12.1/lib/python3.12/site-packages/airflow/example_dags/plugins/workday.py
[2025-03-28T18:25:42.326+0000] {processor.py:927} WARNING - No viable dags retrieved from /usr/local/python/3.12.1/lib/python3.12/site-packages/airflow/example_dags/plugins/workday.py
[2025-03-28T18:25:42.333+0000] {processor.py:208} INFO - Processing /usr/local/python/3.12.1/lib/python3.12/site-packages/airflow/example_dags/plugins/workday.py took 0.015 seconds
[2025-03-28T18:27:50.186+0000] {processor.py:186} INFO - Started process (PID=11200) to work on /usr/local/python/3.12.1/lib/python3.12/site-packages/airflow/example_dags/plugins/workday.py
[2025-03-28T18:27:50.186+0000] {processor.py:914} INFO - Processing file /usr/local/python/3.12.1/lib/python3.12/site-packages/airflow/example_dags/plugins/workday.py for tasks to queue
[2025-03-28T18:27:50.188+0000] {logging_mixin.py:190} INFO - [2025-03-28T18:27:50.187+0000] {dagbag.py:588} INFO - Filling up the DagBag from /usr/local/python/3.12.1/lib/python3.12/site-packages/airflow/example_dags/plugins/workday.py
[2025-03-28T18:27:50.189+0000] {processor.py:927} WARNING - No viable dags retrieved from /usr/local/python/3.12.1/lib/python3.12/site-packages/airflow/example_dags/plugins/workday.py
[2025-03-28T18:27:50.196+0000] {processor.py:208} INFO - Processing /usr/local/python/3.12.1/lib/python3.12/site-packages/airflow/example_dags/plugins/workday.py took 0.014 seconds
[2025-03-28T18:28:44.860+0000] {processor.py:186} INFO - Started process (PID=11646) to work on /usr/local/python/3.12.1/lib/python3.12/site-packages/airflow/example_dags/plugins/workday.py
[2025-03-28T18:28:44.861+0000] {processor.py:914} INFO - Processing file /usr/local/python/3.12.1/lib/python3.12/site-packages/airflow/example_dags/plugins/workday.py for tasks to queue
[2025-03-28T18:28:44.862+0000] {logging_mixin.py:190} INFO - [2025-03-28T18:28:44.862+0000] {dagbag.py:588} INFO - Filling up the DagBag from /usr/local/python/3.12.1/lib/python3.12/site-packages/airflow/example_dags/plugins/workday.py
[2025-03-28T18:28:44.864+0000] {processor.py:927} WARNING - No viable dags retrieved from /usr/local/python/3.12.1/lib/python3.12/site-packages/airflow/example_dags/plugins/workday.py
[2025-03-28T18:28:44.871+0000] {processor.py:208} INFO - Processing /usr/local/python/3.12.1/lib/python3.12/site-packages/airflow/example_dags/plugins/workday.py took 0.015 seconds
[2025-03-28T18:29:32.728+0000] {processor.py:186} INFO - Started process (PID=12063) to work on /usr/local/python/3.12.1/lib/python3.12/site-packages/airflow/example_dags/plugins/workday.py
[2025-03-28T18:29:32.728+0000] {processor.py:914} INFO - Processing file /usr/local/python/3.12.1/lib/python3.12/site-packages/airflow/example_dags/plugins/workday.py for tasks to queue
[2025-03-28T18:29:32.730+0000] {logging_mixin.py:190} INFO - [2025-03-28T18:29:32.730+0000] {dagbag.py:588} INFO - Filling up the DagBag from /usr/local/python/3.12.1/lib/python3.12/site-packages/airflow/example_dags/plugins/workday.py
[2025-03-28T18:29:32.732+0000] {processor.py:927} WARNING - No viable dags retrieved from /usr/local/python/3.12.1/lib/python3.12/site-packages/airflow/example_dags/plugins/workday.py
[2025-03-28T18:29:32.738+0000] {processor.py:208} INFO - Processing /usr/local/python/3.12.1/lib/python3.12/site-packages/airflow/example_dags/plugins/workday.py took 0.015 seconds
[2025-03-28T18:30:20.124+0000] {processor.py:186} INFO - Started process (PID=12477) to work on /usr/local/python/3.12.1/lib/python3.12/site-packages/airflow/example_dags/plugins/workday.py
[2025-03-28T18:30:20.125+0000] {processor.py:914} INFO - Processing file /usr/local/python/3.12.1/lib/python3.12/site-packages/airflow/example_dags/plugins/workday.py for tasks to queue
[2025-03-28T18:30:20.126+0000] {logging_mixin.py:190} INFO - [2025-03-28T18:30:20.126+0000] {dagbag.py:588} INFO - Filling up the DagBag from /usr/local/python/3.12.1/lib/python3.12/site-packages/airflow/example_dags/plugins/workday.py
[2025-03-28T18:30:20.128+0000] {processor.py:927} WARNING - No viable dags retrieved from /usr/local/python/3.12.1/lib/python3.12/site-packages/airflow/example_dags/plugins/workday.py
[2025-03-28T18:30:20.135+0000] {processor.py:208} INFO - Processing /usr/local/python/3.12.1/lib/python3.12/site-packages/airflow/example_dags/plugins/workday.py took 0.015 seconds
[2025-03-28T18:31:10.324+0000] {processor.py:186} INFO - Started process (PID=12884) to work on /usr/local/python/3.12.1/lib/python3.12/site-packages/airflow/example_dags/plugins/workday.py
[2025-03-28T18:31:10.324+0000] {processor.py:914} INFO - Processing file /usr/local/python/3.12.1/lib/python3.12/site-packages/airflow/example_dags/plugins/workday.py for tasks to queue
[2025-03-28T18:31:10.326+0000] {logging_mixin.py:190} INFO - [2025-03-28T18:31:10.325+0000] {dagbag.py:588} INFO - Filling up the DagBag from /usr/local/python/3.12.1/lib/python3.12/site-packages/airflow/example_dags/plugins/workday.py
[2025-03-28T18:31:10.327+0000] {processor.py:927} WARNING - No viable dags retrieved from /usr/local/python/3.12.1/lib/python3.12/site-packages/airflow/example_dags/plugins/workday.py
[2025-03-28T18:31:10.334+0000] {processor.py:208} INFO - Processing /usr/local/python/3.12.1/lib/python3.12/site-packages/airflow/example_dags/plugins/workday.py took 0.014 seconds
[2025-03-28T18:31:59.981+0000] {processor.py:186} INFO - Started process (PID=13320) to work on /usr/local/python/3.12.1/lib/python3.12/site-packages/airflow/example_dags/plugins/workday.py
[2025-03-28T18:31:59.981+0000] {processor.py:914} INFO - Processing file /usr/local/python/3.12.1/lib/python3.12/site-packages/airflow/example_dags/plugins/workday.py for tasks to queue
[2025-03-28T18:31:59.983+0000] {logging_mixin.py:190} INFO - [2025-03-28T18:31:59.982+0000] {dagbag.py:588} INFO - Filling up the DagBag from /usr/local/python/3.12.1/lib/python3.12/site-packages/airflow/example_dags/plugins/workday.py
[2025-03-28T18:31:59.984+0000] {processor.py:927} WARNING - No viable dags retrieved from /usr/local/python/3.12.1/lib/python3.12/site-packages/airflow/example_dags/plugins/workday.py
[2025-03-28T18:31:59.992+0000] {processor.py:208} INFO - Processing /usr/local/python/3.12.1/lib/python3.12/site-packages/airflow/example_dags/plugins/workday.py took 0.015 seconds
[2025-03-28T18:32:47.983+0000] {processor.py:186} INFO - Started process (PID=13801) to work on /usr/local/python/3.12.1/lib/python3.12/site-packages/airflow/example_dags/plugins/workday.py
[2025-03-28T18:32:47.983+0000] {processor.py:914} INFO - Processing file /usr/local/python/3.12.1/lib/python3.12/site-packages/airflow/example_dags/plugins/workday.py for tasks to queue
[2025-03-28T18:32:47.985+0000] {logging_mixin.py:190} INFO - [2025-03-28T18:32:47.985+0000] {dagbag.py:588} INFO - Filling up the DagBag from /usr/local/python/3.12.1/lib/python3.12/site-packages/airflow/example_dags/plugins/workday.py
[2025-03-28T18:32:47.987+0000] {processor.py:927} WARNING - No viable dags retrieved from /usr/local/python/3.12.1/lib/python3.12/site-packages/airflow/example_dags/plugins/workday.py
[2025-03-28T18:32:47.993+0000] {processor.py:208} INFO - Processing /usr/local/python/3.12.1/lib/python3.12/site-packages/airflow/example_dags/plugins/workday.py took 0.014 seconds
[2025-03-28T18:33:39.036+0000] {processor.py:186} INFO - Started process (PID=14246) to work on /usr/local/python/3.12.1/lib/python3.12/site-packages/airflow/example_dags/plugins/workday.py
[2025-03-28T18:33:39.037+0000] {processor.py:914} INFO - Processing file /usr/local/python/3.12.1/lib/python3.12/site-packages/airflow/example_dags/plugins/workday.py for tasks to queue
[2025-03-28T18:33:39.038+0000] {logging_mixin.py:190} INFO - [2025-03-28T18:33:39.038+0000] {dagbag.py:588} INFO - Filling up the DagBag from /usr/local/python/3.12.1/lib/python3.12/site-packages/airflow/example_dags/plugins/workday.py
[2025-03-28T18:33:39.040+0000] {processor.py:927} WARNING - No viable dags retrieved from /usr/local/python/3.12.1/lib/python3.12/site-packages/airflow/example_dags/plugins/workday.py
[2025-03-28T18:33:39.048+0000] {processor.py:208} INFO - Processing /usr/local/python/3.12.1/lib/python3.12/site-packages/airflow/example_dags/plugins/workday.py took 0.016 seconds
[2025-03-28T18:34:28.048+0000] {processor.py:186} INFO - Started process (PID=14665) to work on /usr/local/python/3.12.1/lib/python3.12/site-packages/airflow/example_dags/plugins/workday.py
[2025-03-28T18:34:28.049+0000] {processor.py:914} INFO - Processing file /usr/local/python/3.12.1/lib/python3.12/site-packages/airflow/example_dags/plugins/workday.py for tasks to queue
[2025-03-28T18:34:28.050+0000] {logging_mixin.py:190} INFO - [2025-03-28T18:34:28.050+0000] {dagbag.py:588} INFO - Filling up the DagBag from /usr/local/python/3.12.1/lib/python3.12/site-packages/airflow/example_dags/plugins/workday.py
[2025-03-28T18:34:28.052+0000] {processor.py:927} WARNING - No viable dags retrieved from /usr/local/python/3.12.1/lib/python3.12/site-packages/airflow/example_dags/plugins/workday.py
[2025-03-28T18:34:28.059+0000] {processor.py:208} INFO - Processing /usr/local/python/3.12.1/lib/python3.12/site-packages/airflow/example_dags/plugins/workday.py took 0.015 seconds
[2025-03-28T18:35:18.201+0000] {processor.py:186} INFO - Started process (PID=15095) to work on /usr/local/python/3.12.1/lib/python3.12/site-packages/airflow/example_dags/plugins/workday.py
[2025-03-28T18:35:18.202+0000] {processor.py:914} INFO - Processing file /usr/local/python/3.12.1/lib/python3.12/site-packages/airflow/example_dags/plugins/workday.py for tasks to queue
[2025-03-28T18:35:18.203+0000] {logging_mixin.py:190} INFO - [2025-03-28T18:35:18.203+0000] {dagbag.py:588} INFO - Filling up the DagBag from /usr/local/python/3.12.1/lib/python3.12/site-packages/airflow/example_dags/plugins/workday.py
[2025-03-28T18:35:18.205+0000] {processor.py:927} WARNING - No viable dags retrieved from /usr/local/python/3.12.1/lib/python3.12/site-packages/airflow/example_dags/plugins/workday.py
[2025-03-28T18:35:18.212+0000] {processor.py:208} INFO - Processing /usr/local/python/3.12.1/lib/python3.12/site-packages/airflow/example_dags/plugins/workday.py took 0.015 seconds
[2025-03-28T18:36:06.431+0000] {processor.py:186} INFO - Started process (PID=15527) to work on /usr/local/python/3.12.1/lib/python3.12/site-packages/airflow/example_dags/plugins/workday.py
[2025-03-28T18:36:06.431+0000] {processor.py:914} INFO - Processing file /usr/local/python/3.12.1/lib/python3.12/site-packages/airflow/example_dags/plugins/workday.py for tasks to queue
[2025-03-28T18:36:06.433+0000] {logging_mixin.py:190} INFO - [2025-03-28T18:36:06.433+0000] {dagbag.py:588} INFO - Filling up the DagBag from /usr/local/python/3.12.1/lib/python3.12/site-packages/airflow/example_dags/plugins/workday.py
[2025-03-28T18:36:06.435+0000] {processor.py:927} WARNING - No viable dags retrieved from /usr/local/python/3.12.1/lib/python3.12/site-packages/airflow/example_dags/plugins/workday.py
[2025-03-28T18:36:06.441+0000] {processor.py:208} INFO - Processing /usr/local/python/3.12.1/lib/python3.12/site-packages/airflow/example_dags/plugins/workday.py took 0.014 seconds
[2025-03-28T18:37:23.934+0000] {processor.py:186} INFO - Started process (PID=16465) to work on /usr/local/python/3.12.1/lib/python3.12/site-packages/airflow/example_dags/plugins/workday.py
[2025-03-28T18:37:23.935+0000] {processor.py:914} INFO - Processing file /usr/local/python/3.12.1/lib/python3.12/site-packages/airflow/example_dags/plugins/workday.py for tasks to queue
[2025-03-28T18:37:23.936+0000] {logging_mixin.py:190} INFO - [2025-03-28T18:37:23.936+0000] {dagbag.py:588} INFO - Filling up the DagBag from /usr/local/python/3.12.1/lib/python3.12/site-packages/airflow/example_dags/plugins/workday.py
[2025-03-28T18:37:23.938+0000] {processor.py:927} WARNING - No viable dags retrieved from /usr/local/python/3.12.1/lib/python3.12/site-packages/airflow/example_dags/plugins/workday.py
[2025-03-28T18:37:23.945+0000] {processor.py:208} INFO - Processing /usr/local/python/3.12.1/lib/python3.12/site-packages/airflow/example_dags/plugins/workday.py took 0.014 seconds
[2025-03-28T18:38:18.977+0000] {processor.py:186} INFO - Started process (PID=16968) to work on /usr/local/python/3.12.1/lib/python3.12/site-packages/airflow/example_dags/plugins/workday.py
[2025-03-28T18:38:18.978+0000] {processor.py:914} INFO - Processing file /usr/local/python/3.12.1/lib/python3.12/site-packages/airflow/example_dags/plugins/workday.py for tasks to queue
[2025-03-28T18:38:18.979+0000] {logging_mixin.py:190} INFO - [2025-03-28T18:38:18.979+0000] {dagbag.py:588} INFO - Filling up the DagBag from /usr/local/python/3.12.1/lib/python3.12/site-packages/airflow/example_dags/plugins/workday.py
[2025-03-28T18:38:18.981+0000] {processor.py:927} WARNING - No viable dags retrieved from /usr/local/python/3.12.1/lib/python3.12/site-packages/airflow/example_dags/plugins/workday.py
[2025-03-28T18:38:18.988+0000] {processor.py:208} INFO - Processing /usr/local/python/3.12.1/lib/python3.12/site-packages/airflow/example_dags/plugins/workday.py took 0.014 seconds
[2025-03-28T18:39:11.480+0000] {processor.py:186} INFO - Started process (PID=17405) to work on /usr/local/python/3.12.1/lib/python3.12/site-packages/airflow/example_dags/plugins/workday.py
[2025-03-28T18:39:11.481+0000] {processor.py:914} INFO - Processing file /usr/local/python/3.12.1/lib/python3.12/site-packages/airflow/example_dags/plugins/workday.py for tasks to queue
[2025-03-28T18:39:11.482+0000] {logging_mixin.py:190} INFO - [2025-03-28T18:39:11.482+0000] {dagbag.py:588} INFO - Filling up the DagBag from /usr/local/python/3.12.1/lib/python3.12/site-packages/airflow/example_dags/plugins/workday.py
[2025-03-28T18:39:11.484+0000] {processor.py:927} WARNING - No viable dags retrieved from /usr/local/python/3.12.1/lib/python3.12/site-packages/airflow/example_dags/plugins/workday.py
[2025-03-28T18:39:11.491+0000] {processor.py:208} INFO - Processing /usr/local/python/3.12.1/lib/python3.12/site-packages/airflow/example_dags/plugins/workday.py took 0.015 seconds
[2025-03-28T18:40:13.133+0000] {processor.py:186} INFO - Started process (PID=18121) to work on /usr/local/python/3.12.1/lib/python3.12/site-packages/airflow/example_dags/plugins/workday.py
[2025-03-28T18:40:13.134+0000] {processor.py:914} INFO - Processing file /usr/local/python/3.12.1/lib/python3.12/site-packages/airflow/example_dags/plugins/workday.py for tasks to queue
[2025-03-28T18:40:13.135+0000] {logging_mixin.py:190} INFO - [2025-03-28T18:40:13.135+0000] {dagbag.py:588} INFO - Filling up the DagBag from /usr/local/python/3.12.1/lib/python3.12/site-packages/airflow/example_dags/plugins/workday.py
[2025-03-28T18:40:13.137+0000] {processor.py:927} WARNING - No viable dags retrieved from /usr/local/python/3.12.1/lib/python3.12/site-packages/airflow/example_dags/plugins/workday.py
[2025-03-28T18:40:13.144+0000] {processor.py:208} INFO - Processing /usr/local/python/3.12.1/lib/python3.12/site-packages/airflow/example_dags/plugins/workday.py took 0.014 seconds
[2025-03-28T18:41:05.045+0000] {processor.py:186} INFO - Started process (PID=18680) to work on /usr/local/python/3.12.1/lib/python3.12/site-packages/airflow/example_dags/plugins/workday.py
[2025-03-28T18:41:05.046+0000] {processor.py:914} INFO - Processing file /usr/local/python/3.12.1/lib/python3.12/site-packages/airflow/example_dags/plugins/workday.py for tasks to queue
[2025-03-28T18:41:05.047+0000] {logging_mixin.py:190} INFO - [2025-03-28T18:41:05.047+0000] {dagbag.py:588} INFO - Filling up the DagBag from /usr/local/python/3.12.1/lib/python3.12/site-packages/airflow/example_dags/plugins/workday.py
[2025-03-28T18:41:05.049+0000] {processor.py:927} WARNING - No viable dags retrieved from /usr/local/python/3.12.1/lib/python3.12/site-packages/airflow/example_dags/plugins/workday.py
[2025-03-28T18:41:05.056+0000] {processor.py:208} INFO - Processing /usr/local/python/3.12.1/lib/python3.12/site-packages/airflow/example_dags/plugins/workday.py took 0.014 seconds
[2025-03-28T18:42:02.697+0000] {processor.py:186} INFO - Started process (PID=19213) to work on /usr/local/python/3.12.1/lib/python3.12/site-packages/airflow/example_dags/plugins/workday.py
[2025-03-28T18:42:02.697+0000] {processor.py:914} INFO - Processing file /usr/local/python/3.12.1/lib/python3.12/site-packages/airflow/example_dags/plugins/workday.py for tasks to queue
[2025-03-28T18:42:02.699+0000] {logging_mixin.py:190} INFO - [2025-03-28T18:42:02.698+0000] {dagbag.py:588} INFO - Filling up the DagBag from /usr/local/python/3.12.1/lib/python3.12/site-packages/airflow/example_dags/plugins/workday.py
[2025-03-28T18:42:02.700+0000] {processor.py:927} WARNING - No viable dags retrieved from /usr/local/python/3.12.1/lib/python3.12/site-packages/airflow/example_dags/plugins/workday.py
[2025-03-28T18:42:02.708+0000] {processor.py:208} INFO - Processing /usr/local/python/3.12.1/lib/python3.12/site-packages/airflow/example_dags/plugins/workday.py took 0.015 seconds
[2025-03-28T18:42:58.721+0000] {processor.py:186} INFO - Started process (PID=19698) to work on /usr/local/python/3.12.1/lib/python3.12/site-packages/airflow/example_dags/plugins/workday.py
[2025-03-28T18:42:58.722+0000] {processor.py:914} INFO - Processing file /usr/local/python/3.12.1/lib/python3.12/site-packages/airflow/example_dags/plugins/workday.py for tasks to queue
[2025-03-28T18:42:58.723+0000] {logging_mixin.py:190} INFO - [2025-03-28T18:42:58.723+0000] {dagbag.py:588} INFO - Filling up the DagBag from /usr/local/python/3.12.1/lib/python3.12/site-packages/airflow/example_dags/plugins/workday.py
[2025-03-28T18:42:58.725+0000] {processor.py:927} WARNING - No viable dags retrieved from /usr/local/python/3.12.1/lib/python3.12/site-packages/airflow/example_dags/plugins/workday.py
[2025-03-28T18:42:58.732+0000] {processor.py:208} INFO - Processing /usr/local/python/3.12.1/lib/python3.12/site-packages/airflow/example_dags/plugins/workday.py took 0.015 seconds
[2025-03-28T18:43:52.897+0000] {processor.py:186} INFO - Started process (PID=20187) to work on /usr/local/python/3.12.1/lib/python3.12/site-packages/airflow/example_dags/plugins/workday.py
[2025-03-28T18:43:52.898+0000] {processor.py:914} INFO - Processing file /usr/local/python/3.12.1/lib/python3.12/site-packages/airflow/example_dags/plugins/workday.py for tasks to queue
[2025-03-28T18:43:52.900+0000] {logging_mixin.py:190} INFO - [2025-03-28T18:43:52.899+0000] {dagbag.py:588} INFO - Filling up the DagBag from /usr/local/python/3.12.1/lib/python3.12/site-packages/airflow/example_dags/plugins/workday.py
[2025-03-28T18:43:52.901+0000] {processor.py:927} WARNING - No viable dags retrieved from /usr/local/python/3.12.1/lib/python3.12/site-packages/airflow/example_dags/plugins/workday.py
[2025-03-28T18:43:52.908+0000] {processor.py:208} INFO - Processing /usr/local/python/3.12.1/lib/python3.12/site-packages/airflow/example_dags/plugins/workday.py took 0.015 seconds
[2025-03-28T18:44:46.260+0000] {processor.py:186} INFO - Started process (PID=20664) to work on /usr/local/python/3.12.1/lib/python3.12/site-packages/airflow/example_dags/plugins/workday.py
[2025-03-28T18:44:46.261+0000] {processor.py:914} INFO - Processing file /usr/local/python/3.12.1/lib/python3.12/site-packages/airflow/example_dags/plugins/workday.py for tasks to queue
[2025-03-28T18:44:46.262+0000] {logging_mixin.py:190} INFO - [2025-03-28T18:44:46.262+0000] {dagbag.py:588} INFO - Filling up the DagBag from /usr/local/python/3.12.1/lib/python3.12/site-packages/airflow/example_dags/plugins/workday.py
[2025-03-28T18:44:46.264+0000] {processor.py:927} WARNING - No viable dags retrieved from /usr/local/python/3.12.1/lib/python3.12/site-packages/airflow/example_dags/plugins/workday.py
[2025-03-28T18:44:46.271+0000] {processor.py:208} INFO - Processing /usr/local/python/3.12.1/lib/python3.12/site-packages/airflow/example_dags/plugins/workday.py took 0.015 seconds
[2025-03-28T18:45:39.638+0000] {processor.py:186} INFO - Started process (PID=21131) to work on /usr/local/python/3.12.1/lib/python3.12/site-packages/airflow/example_dags/plugins/workday.py
[2025-03-28T18:45:39.638+0000] {processor.py:914} INFO - Processing file /usr/local/python/3.12.1/lib/python3.12/site-packages/airflow/example_dags/plugins/workday.py for tasks to queue
[2025-03-28T18:45:39.640+0000] {logging_mixin.py:190} INFO - [2025-03-28T18:45:39.639+0000] {dagbag.py:588} INFO - Filling up the DagBag from /usr/local/python/3.12.1/lib/python3.12/site-packages/airflow/example_dags/plugins/workday.py
[2025-03-28T18:45:39.641+0000] {processor.py:927} WARNING - No viable dags retrieved from /usr/local/python/3.12.1/lib/python3.12/site-packages/airflow/example_dags/plugins/workday.py
[2025-03-28T18:45:39.648+0000] {processor.py:208} INFO - Processing /usr/local/python/3.12.1/lib/python3.12/site-packages/airflow/example_dags/plugins/workday.py took 0.015 seconds
[2025-03-28T18:46:34.497+0000] {processor.py:186} INFO - Started process (PID=21626) to work on /usr/local/python/3.12.1/lib/python3.12/site-packages/airflow/example_dags/plugins/workday.py
[2025-03-28T18:46:34.497+0000] {processor.py:914} INFO - Processing file /usr/local/python/3.12.1/lib/python3.12/site-packages/airflow/example_dags/plugins/workday.py for tasks to queue
[2025-03-28T18:46:34.499+0000] {logging_mixin.py:190} INFO - [2025-03-28T18:46:34.498+0000] {dagbag.py:588} INFO - Filling up the DagBag from /usr/local/python/3.12.1/lib/python3.12/site-packages/airflow/example_dags/plugins/workday.py
[2025-03-28T18:46:34.501+0000] {processor.py:927} WARNING - No viable dags retrieved from /usr/local/python/3.12.1/lib/python3.12/site-packages/airflow/example_dags/plugins/workday.py
[2025-03-28T18:46:34.508+0000] {processor.py:208} INFO - Processing /usr/local/python/3.12.1/lib/python3.12/site-packages/airflow/example_dags/plugins/workday.py took 0.015 seconds
[2025-03-28T18:47:27.253+0000] {processor.py:186} INFO - Started process (PID=22077) to work on /usr/local/python/3.12.1/lib/python3.12/site-packages/airflow/example_dags/plugins/workday.py
[2025-03-28T18:47:27.253+0000] {processor.py:914} INFO - Processing file /usr/local/python/3.12.1/lib/python3.12/site-packages/airflow/example_dags/plugins/workday.py for tasks to queue
[2025-03-28T18:47:27.254+0000] {logging_mixin.py:190} INFO - [2025-03-28T18:47:27.254+0000] {dagbag.py:588} INFO - Filling up the DagBag from /usr/local/python/3.12.1/lib/python3.12/site-packages/airflow/example_dags/plugins/workday.py
[2025-03-28T18:47:27.256+0000] {processor.py:927} WARNING - No viable dags retrieved from /usr/local/python/3.12.1/lib/python3.12/site-packages/airflow/example_dags/plugins/workday.py
[2025-03-28T18:47:27.263+0000] {processor.py:208} INFO - Processing /usr/local/python/3.12.1/lib/python3.12/site-packages/airflow/example_dags/plugins/workday.py took 0.015 seconds
[2025-03-28T18:48:19.931+0000] {processor.py:186} INFO - Started process (PID=22495) to work on /usr/local/python/3.12.1/lib/python3.12/site-packages/airflow/example_dags/plugins/workday.py
[2025-03-28T18:48:19.932+0000] {processor.py:914} INFO - Processing file /usr/local/python/3.12.1/lib/python3.12/site-packages/airflow/example_dags/plugins/workday.py for tasks to queue
[2025-03-28T18:48:19.933+0000] {logging_mixin.py:190} INFO - [2025-03-28T18:48:19.932+0000] {dagbag.py:588} INFO - Filling up the DagBag from /usr/local/python/3.12.1/lib/python3.12/site-packages/airflow/example_dags/plugins/workday.py
[2025-03-28T18:48:19.934+0000] {processor.py:927} WARNING - No viable dags retrieved from /usr/local/python/3.12.1/lib/python3.12/site-packages/airflow/example_dags/plugins/workday.py
[2025-03-28T18:48:19.941+0000] {processor.py:208} INFO - Processing /usr/local/python/3.12.1/lib/python3.12/site-packages/airflow/example_dags/plugins/workday.py took 0.014 seconds
[2025-03-28T18:49:15.382+0000] {processor.py:186} INFO - Started process (PID=22960) to work on /usr/local/python/3.12.1/lib/python3.12/site-packages/airflow/example_dags/plugins/workday.py
[2025-03-28T18:49:15.382+0000] {processor.py:914} INFO - Processing file /usr/local/python/3.12.1/lib/python3.12/site-packages/airflow/example_dags/plugins/workday.py for tasks to queue
[2025-03-28T18:49:15.383+0000] {logging_mixin.py:190} INFO - [2025-03-28T18:49:15.383+0000] {dagbag.py:588} INFO - Filling up the DagBag from /usr/local/python/3.12.1/lib/python3.12/site-packages/airflow/example_dags/plugins/workday.py
[2025-03-28T18:49:15.385+0000] {processor.py:927} WARNING - No viable dags retrieved from /usr/local/python/3.12.1/lib/python3.12/site-packages/airflow/example_dags/plugins/workday.py
[2025-03-28T18:49:15.392+0000] {processor.py:208} INFO - Processing /usr/local/python/3.12.1/lib/python3.12/site-packages/airflow/example_dags/plugins/workday.py took 0.014 seconds
[2025-03-28T18:50:12.885+0000] {processor.py:186} INFO - Started process (PID=23423) to work on /usr/local/python/3.12.1/lib/python3.12/site-packages/airflow/example_dags/plugins/workday.py
[2025-03-28T18:50:12.885+0000] {processor.py:914} INFO - Processing file /usr/local/python/3.12.1/lib/python3.12/site-packages/airflow/example_dags/plugins/workday.py for tasks to queue
[2025-03-28T18:50:12.886+0000] {logging_mixin.py:190} INFO - [2025-03-28T18:50:12.886+0000] {dagbag.py:588} INFO - Filling up the DagBag from /usr/local/python/3.12.1/lib/python3.12/site-packages/airflow/example_dags/plugins/workday.py
[2025-03-28T18:50:12.888+0000] {processor.py:927} WARNING - No viable dags retrieved from /usr/local/python/3.12.1/lib/python3.12/site-packages/airflow/example_dags/plugins/workday.py
[2025-03-28T18:50:12.895+0000] {processor.py:208} INFO - Processing /usr/local/python/3.12.1/lib/python3.12/site-packages/airflow/example_dags/plugins/workday.py took 0.014 seconds
[2025-03-28T18:51:34.803+0000] {processor.py:186} INFO - Started process (PID=24137) to work on /usr/local/python/3.12.1/lib/python3.12/site-packages/airflow/example_dags/plugins/workday.py
[2025-03-28T18:51:34.803+0000] {processor.py:914} INFO - Processing file /usr/local/python/3.12.1/lib/python3.12/site-packages/airflow/example_dags/plugins/workday.py for tasks to queue
[2025-03-28T18:51:34.804+0000] {logging_mixin.py:190} INFO - [2025-03-28T18:51:34.804+0000] {dagbag.py:588} INFO - Filling up the DagBag from /usr/local/python/3.12.1/lib/python3.12/site-packages/airflow/example_dags/plugins/workday.py
[2025-03-28T18:51:34.806+0000] {processor.py:927} WARNING - No viable dags retrieved from /usr/local/python/3.12.1/lib/python3.12/site-packages/airflow/example_dags/plugins/workday.py
[2025-03-28T18:51:34.813+0000] {processor.py:208} INFO - Processing /usr/local/python/3.12.1/lib/python3.12/site-packages/airflow/example_dags/plugins/workday.py took 0.015 seconds
[2025-03-28T18:54:07.092+0000] {processor.py:186} INFO - Started process (PID=25638) to work on /usr/local/python/3.12.1/lib/python3.12/site-packages/airflow/example_dags/plugins/workday.py
[2025-03-28T18:54:07.093+0000] {processor.py:914} INFO - Processing file /usr/local/python/3.12.1/lib/python3.12/site-packages/airflow/example_dags/plugins/workday.py for tasks to queue
[2025-03-28T18:54:07.094+0000] {logging_mixin.py:190} INFO - [2025-03-28T18:54:07.094+0000] {dagbag.py:588} INFO - Filling up the DagBag from /usr/local/python/3.12.1/lib/python3.12/site-packages/airflow/example_dags/plugins/workday.py
[2025-03-28T18:54:07.096+0000] {processor.py:927} WARNING - No viable dags retrieved from /usr/local/python/3.12.1/lib/python3.12/site-packages/airflow/example_dags/plugins/workday.py
[2025-03-28T18:54:07.103+0000] {processor.py:208} INFO - Processing /usr/local/python/3.12.1/lib/python3.12/site-packages/airflow/example_dags/plugins/workday.py took 0.015 seconds
[2025-03-28T18:56:43.052+0000] {processor.py:186} INFO - Started process (PID=27264) to work on /usr/local/python/3.12.1/lib/python3.12/site-packages/airflow/example_dags/plugins/workday.py
[2025-03-28T18:56:43.052+0000] {processor.py:914} INFO - Processing file /usr/local/python/3.12.1/lib/python3.12/site-packages/airflow/example_dags/plugins/workday.py for tasks to queue
[2025-03-28T18:56:43.053+0000] {logging_mixin.py:190} INFO - [2025-03-28T18:56:43.053+0000] {dagbag.py:588} INFO - Filling up the DagBag from /usr/local/python/3.12.1/lib/python3.12/site-packages/airflow/example_dags/plugins/workday.py
[2025-03-28T18:56:43.055+0000] {processor.py:927} WARNING - No viable dags retrieved from /usr/local/python/3.12.1/lib/python3.12/site-packages/airflow/example_dags/plugins/workday.py
[2025-03-28T18:56:43.062+0000] {processor.py:208} INFO - Processing /usr/local/python/3.12.1/lib/python3.12/site-packages/airflow/example_dags/plugins/workday.py took 0.014 seconds
[2025-03-28T18:59:17.127+0000] {processor.py:186} INFO - Started process (PID=28917) to work on /usr/local/python/3.12.1/lib/python3.12/site-packages/airflow/example_dags/plugins/workday.py
[2025-03-28T18:59:17.128+0000] {processor.py:914} INFO - Processing file /usr/local/python/3.12.1/lib/python3.12/site-packages/airflow/example_dags/plugins/workday.py for tasks to queue
[2025-03-28T18:59:17.129+0000] {logging_mixin.py:190} INFO - [2025-03-28T18:59:17.129+0000] {dagbag.py:588} INFO - Filling up the DagBag from /usr/local/python/3.12.1/lib/python3.12/site-packages/airflow/example_dags/plugins/workday.py
[2025-03-28T18:59:17.131+0000] {processor.py:927} WARNING - No viable dags retrieved from /usr/local/python/3.12.1/lib/python3.12/site-packages/airflow/example_dags/plugins/workday.py
[2025-03-28T18:59:17.138+0000] {processor.py:208} INFO - Processing /usr/local/python/3.12.1/lib/python3.12/site-packages/airflow/example_dags/plugins/workday.py took 0.014 seconds
[2025-03-28T19:01:53.364+0000] {processor.py:186} INFO - Started process (PID=30646) to work on /usr/local/python/3.12.1/lib/python3.12/site-packages/airflow/example_dags/plugins/workday.py
[2025-03-28T19:01:53.365+0000] {processor.py:914} INFO - Processing file /usr/local/python/3.12.1/lib/python3.12/site-packages/airflow/example_dags/plugins/workday.py for tasks to queue
[2025-03-28T19:01:53.366+0000] {logging_mixin.py:190} INFO - [2025-03-28T19:01:53.366+0000] {dagbag.py:588} INFO - Filling up the DagBag from /usr/local/python/3.12.1/lib/python3.12/site-packages/airflow/example_dags/plugins/workday.py
[2025-03-28T19:01:53.368+0000] {processor.py:927} WARNING - No viable dags retrieved from /usr/local/python/3.12.1/lib/python3.12/site-packages/airflow/example_dags/plugins/workday.py
[2025-03-28T19:01:53.375+0000] {processor.py:208} INFO - Processing /usr/local/python/3.12.1/lib/python3.12/site-packages/airflow/example_dags/plugins/workday.py took 0.014 seconds
[2025-03-28T19:04:28.433+0000] {processor.py:186} INFO - Started process (PID=32463) to work on /usr/local/python/3.12.1/lib/python3.12/site-packages/airflow/example_dags/plugins/workday.py
[2025-03-28T19:04:28.434+0000] {processor.py:914} INFO - Processing file /usr/local/python/3.12.1/lib/python3.12/site-packages/airflow/example_dags/plugins/workday.py for tasks to queue
[2025-03-28T19:04:28.435+0000] {logging_mixin.py:190} INFO - [2025-03-28T19:04:28.435+0000] {dagbag.py:588} INFO - Filling up the DagBag from /usr/local/python/3.12.1/lib/python3.12/site-packages/airflow/example_dags/plugins/workday.py
[2025-03-28T19:04:28.437+0000] {processor.py:927} WARNING - No viable dags retrieved from /usr/local/python/3.12.1/lib/python3.12/site-packages/airflow/example_dags/plugins/workday.py
[2025-03-28T19:04:28.444+0000] {processor.py:208} INFO - Processing /usr/local/python/3.12.1/lib/python3.12/site-packages/airflow/example_dags/plugins/workday.py took 0.014 seconds
[2025-03-28T19:07:03.690+0000] {processor.py:186} INFO - Started process (PID=34106) to work on /usr/local/python/3.12.1/lib/python3.12/site-packages/airflow/example_dags/plugins/workday.py
[2025-03-28T19:07:03.691+0000] {processor.py:914} INFO - Processing file /usr/local/python/3.12.1/lib/python3.12/site-packages/airflow/example_dags/plugins/workday.py for tasks to queue
[2025-03-28T19:07:03.692+0000] {logging_mixin.py:190} INFO - [2025-03-28T19:07:03.692+0000] {dagbag.py:588} INFO - Filling up the DagBag from /usr/local/python/3.12.1/lib/python3.12/site-packages/airflow/example_dags/plugins/workday.py
[2025-03-28T19:07:03.694+0000] {processor.py:927} WARNING - No viable dags retrieved from /usr/local/python/3.12.1/lib/python3.12/site-packages/airflow/example_dags/plugins/workday.py
[2025-03-28T19:07:03.701+0000] {processor.py:208} INFO - Processing /usr/local/python/3.12.1/lib/python3.12/site-packages/airflow/example_dags/plugins/workday.py took 0.014 seconds
[2025-03-28T19:10:00.432+0000] {processor.py:186} INFO - Started process (PID=37426) to work on /usr/local/python/3.12.1/lib/python3.12/site-packages/airflow/example_dags/plugins/workday.py
[2025-03-28T19:10:00.433+0000] {processor.py:914} INFO - Processing file /usr/local/python/3.12.1/lib/python3.12/site-packages/airflow/example_dags/plugins/workday.py for tasks to queue
[2025-03-28T19:10:00.434+0000] {logging_mixin.py:190} INFO - [2025-03-28T19:10:00.434+0000] {dagbag.py:588} INFO - Filling up the DagBag from /usr/local/python/3.12.1/lib/python3.12/site-packages/airflow/example_dags/plugins/workday.py
[2025-03-28T19:10:00.436+0000] {processor.py:927} WARNING - No viable dags retrieved from /usr/local/python/3.12.1/lib/python3.12/site-packages/airflow/example_dags/plugins/workday.py
[2025-03-28T19:10:00.443+0000] {processor.py:208} INFO - Processing /usr/local/python/3.12.1/lib/python3.12/site-packages/airflow/example_dags/plugins/workday.py took 0.014 seconds
[2025-03-28T19:13:02.228+0000] {processor.py:186} INFO - Started process (PID=39379) to work on /usr/local/python/3.12.1/lib/python3.12/site-packages/airflow/example_dags/plugins/workday.py
[2025-03-28T19:13:02.229+0000] {processor.py:914} INFO - Processing file /usr/local/python/3.12.1/lib/python3.12/site-packages/airflow/example_dags/plugins/workday.py for tasks to queue
[2025-03-28T19:13:02.230+0000] {logging_mixin.py:190} INFO - [2025-03-28T19:13:02.230+0000] {dagbag.py:588} INFO - Filling up the DagBag from /usr/local/python/3.12.1/lib/python3.12/site-packages/airflow/example_dags/plugins/workday.py
[2025-03-28T19:13:02.232+0000] {processor.py:927} WARNING - No viable dags retrieved from /usr/local/python/3.12.1/lib/python3.12/site-packages/airflow/example_dags/plugins/workday.py
[2025-03-28T19:13:02.239+0000] {processor.py:208} INFO - Processing /usr/local/python/3.12.1/lib/python3.12/site-packages/airflow/example_dags/plugins/workday.py took 0.015 seconds
[2025-03-28T19:15:37.908+0000] {processor.py:186} INFO - Started process (PID=40993) to work on /usr/local/python/3.12.1/lib/python3.12/site-packages/airflow/example_dags/plugins/workday.py
[2025-03-28T19:15:37.908+0000] {processor.py:914} INFO - Processing file /usr/local/python/3.12.1/lib/python3.12/site-packages/airflow/example_dags/plugins/workday.py for tasks to queue
[2025-03-28T19:15:37.910+0000] {logging_mixin.py:190} INFO - [2025-03-28T19:15:37.910+0000] {dagbag.py:588} INFO - Filling up the DagBag from /usr/local/python/3.12.1/lib/python3.12/site-packages/airflow/example_dags/plugins/workday.py
[2025-03-28T19:15:37.912+0000] {processor.py:927} WARNING - No viable dags retrieved from /usr/local/python/3.12.1/lib/python3.12/site-packages/airflow/example_dags/plugins/workday.py
[2025-03-28T19:15:37.919+0000] {processor.py:208} INFO - Processing /usr/local/python/3.12.1/lib/python3.12/site-packages/airflow/example_dags/plugins/workday.py took 0.015 seconds
[2025-03-28T19:18:12.346+0000] {processor.py:186} INFO - Started process (PID=42519) to work on /usr/local/python/3.12.1/lib/python3.12/site-packages/airflow/example_dags/plugins/workday.py
[2025-03-28T19:18:12.346+0000] {processor.py:914} INFO - Processing file /usr/local/python/3.12.1/lib/python3.12/site-packages/airflow/example_dags/plugins/workday.py for tasks to queue
[2025-03-28T19:18:12.348+0000] {logging_mixin.py:190} INFO - [2025-03-28T19:18:12.348+0000] {dagbag.py:588} INFO - Filling up the DagBag from /usr/local/python/3.12.1/lib/python3.12/site-packages/airflow/example_dags/plugins/workday.py
[2025-03-28T19:18:12.350+0000] {processor.py:927} WARNING - No viable dags retrieved from /usr/local/python/3.12.1/lib/python3.12/site-packages/airflow/example_dags/plugins/workday.py
[2025-03-28T19:18:12.357+0000] {processor.py:208} INFO - Processing /usr/local/python/3.12.1/lib/python3.12/site-packages/airflow/example_dags/plugins/workday.py took 0.015 seconds
[2025-03-28T19:20:47.904+0000] {processor.py:186} INFO - Started process (PID=44061) to work on /usr/local/python/3.12.1/lib/python3.12/site-packages/airflow/example_dags/plugins/workday.py
[2025-03-28T19:20:47.905+0000] {processor.py:914} INFO - Processing file /usr/local/python/3.12.1/lib/python3.12/site-packages/airflow/example_dags/plugins/workday.py for tasks to queue
[2025-03-28T19:20:47.906+0000] {logging_mixin.py:190} INFO - [2025-03-28T19:20:47.906+0000] {dagbag.py:588} INFO - Filling up the DagBag from /usr/local/python/3.12.1/lib/python3.12/site-packages/airflow/example_dags/plugins/workday.py
[2025-03-28T19:20:47.908+0000] {processor.py:927} WARNING - No viable dags retrieved from /usr/local/python/3.12.1/lib/python3.12/site-packages/airflow/example_dags/plugins/workday.py
[2025-03-28T19:20:47.915+0000] {processor.py:208} INFO - Processing /usr/local/python/3.12.1/lib/python3.12/site-packages/airflow/example_dags/plugins/workday.py took 0.015 seconds
[2025-03-28T19:23:23.399+0000] {processor.py:186} INFO - Started process (PID=45587) to work on /usr/local/python/3.12.1/lib/python3.12/site-packages/airflow/example_dags/plugins/workday.py
[2025-03-28T19:23:23.400+0000] {processor.py:914} INFO - Processing file /usr/local/python/3.12.1/lib/python3.12/site-packages/airflow/example_dags/plugins/workday.py for tasks to queue
[2025-03-28T19:23:23.401+0000] {logging_mixin.py:190} INFO - [2025-03-28T19:23:23.401+0000] {dagbag.py:588} INFO - Filling up the DagBag from /usr/local/python/3.12.1/lib/python3.12/site-packages/airflow/example_dags/plugins/workday.py
[2025-03-28T19:23:23.403+0000] {processor.py:927} WARNING - No viable dags retrieved from /usr/local/python/3.12.1/lib/python3.12/site-packages/airflow/example_dags/plugins/workday.py
[2025-03-28T19:23:23.410+0000] {processor.py:208} INFO - Processing /usr/local/python/3.12.1/lib/python3.12/site-packages/airflow/example_dags/plugins/workday.py took 0.015 seconds
[2025-03-28T19:25:27.142+0000] {processor.py:186} INFO - Started process (PID=46775) to work on /usr/local/python/3.12.1/lib/python3.12/site-packages/airflow/example_dags/plugins/workday.py
[2025-03-28T19:25:27.143+0000] {processor.py:914} INFO - Processing file /usr/local/python/3.12.1/lib/python3.12/site-packages/airflow/example_dags/plugins/workday.py for tasks to queue
[2025-03-28T19:25:27.144+0000] {logging_mixin.py:190} INFO - [2025-03-28T19:25:27.144+0000] {dagbag.py:588} INFO - Filling up the DagBag from /usr/local/python/3.12.1/lib/python3.12/site-packages/airflow/example_dags/plugins/workday.py
[2025-03-28T19:25:27.146+0000] {processor.py:927} WARNING - No viable dags retrieved from /usr/local/python/3.12.1/lib/python3.12/site-packages/airflow/example_dags/plugins/workday.py
[2025-03-28T19:25:27.153+0000] {processor.py:208} INFO - Processing /usr/local/python/3.12.1/lib/python3.12/site-packages/airflow/example_dags/plugins/workday.py took 0.015 seconds
[2025-03-28T19:26:05.977+0000] {processor.py:186} INFO - Started process (PID=47083) to work on /usr/local/python/3.12.1/lib/python3.12/site-packages/airflow/example_dags/plugins/workday.py
[2025-03-28T19:26:05.978+0000] {processor.py:914} INFO - Processing file /usr/local/python/3.12.1/lib/python3.12/site-packages/airflow/example_dags/plugins/workday.py for tasks to queue
[2025-03-28T19:26:05.979+0000] {logging_mixin.py:190} INFO - [2025-03-28T19:26:05.979+0000] {dagbag.py:588} INFO - Filling up the DagBag from /usr/local/python/3.12.1/lib/python3.12/site-packages/airflow/example_dags/plugins/workday.py
[2025-03-28T19:26:05.981+0000] {processor.py:927} WARNING - No viable dags retrieved from /usr/local/python/3.12.1/lib/python3.12/site-packages/airflow/example_dags/plugins/workday.py
[2025-03-28T19:26:05.988+0000] {processor.py:208} INFO - Processing /usr/local/python/3.12.1/lib/python3.12/site-packages/airflow/example_dags/plugins/workday.py took 0.015 seconds
[2025-03-28T19:26:57.381+0000] {processor.py:186} INFO - Started process (PID=47484) to work on /usr/local/python/3.12.1/lib/python3.12/site-packages/airflow/example_dags/plugins/workday.py
[2025-03-28T19:26:57.381+0000] {processor.py:914} INFO - Processing file /usr/local/python/3.12.1/lib/python3.12/site-packages/airflow/example_dags/plugins/workday.py for tasks to queue
[2025-03-28T19:26:57.383+0000] {logging_mixin.py:190} INFO - [2025-03-28T19:26:57.383+0000] {dagbag.py:588} INFO - Filling up the DagBag from /usr/local/python/3.12.1/lib/python3.12/site-packages/airflow/example_dags/plugins/workday.py
[2025-03-28T19:26:57.385+0000] {processor.py:927} WARNING - No viable dags retrieved from /usr/local/python/3.12.1/lib/python3.12/site-packages/airflow/example_dags/plugins/workday.py
[2025-03-28T19:26:57.392+0000] {processor.py:208} INFO - Processing /usr/local/python/3.12.1/lib/python3.12/site-packages/airflow/example_dags/plugins/workday.py took 0.015 seconds
[2025-03-28T19:27:52.166+0000] {processor.py:186} INFO - Started process (PID=47926) to work on /usr/local/python/3.12.1/lib/python3.12/site-packages/airflow/example_dags/plugins/workday.py
[2025-03-28T19:27:52.167+0000] {processor.py:914} INFO - Processing file /usr/local/python/3.12.1/lib/python3.12/site-packages/airflow/example_dags/plugins/workday.py for tasks to queue
[2025-03-28T19:27:52.168+0000] {logging_mixin.py:190} INFO - [2025-03-28T19:27:52.168+0000] {dagbag.py:588} INFO - Filling up the DagBag from /usr/local/python/3.12.1/lib/python3.12/site-packages/airflow/example_dags/plugins/workday.py
[2025-03-28T19:27:52.170+0000] {processor.py:927} WARNING - No viable dags retrieved from /usr/local/python/3.12.1/lib/python3.12/site-packages/airflow/example_dags/plugins/workday.py
[2025-03-28T19:27:52.178+0000] {processor.py:208} INFO - Processing /usr/local/python/3.12.1/lib/python3.12/site-packages/airflow/example_dags/plugins/workday.py took 0.015 seconds
[2025-03-28T19:28:42.300+0000] {processor.py:186} INFO - Started process (PID=48312) to work on /usr/local/python/3.12.1/lib/python3.12/site-packages/airflow/example_dags/plugins/workday.py
[2025-03-28T19:28:42.301+0000] {processor.py:914} INFO - Processing file /usr/local/python/3.12.1/lib/python3.12/site-packages/airflow/example_dags/plugins/workday.py for tasks to queue
[2025-03-28T19:28:42.302+0000] {logging_mixin.py:190} INFO - [2025-03-28T19:28:42.302+0000] {dagbag.py:588} INFO - Filling up the DagBag from /usr/local/python/3.12.1/lib/python3.12/site-packages/airflow/example_dags/plugins/workday.py
[2025-03-28T19:28:42.304+0000] {processor.py:927} WARNING - No viable dags retrieved from /usr/local/python/3.12.1/lib/python3.12/site-packages/airflow/example_dags/plugins/workday.py
[2025-03-28T19:28:42.311+0000] {processor.py:208} INFO - Processing /usr/local/python/3.12.1/lib/python3.12/site-packages/airflow/example_dags/plugins/workday.py took 0.015 seconds
[2025-03-28T19:29:35.295+0000] {processor.py:186} INFO - Started process (PID=48744) to work on /usr/local/python/3.12.1/lib/python3.12/site-packages/airflow/example_dags/plugins/workday.py
[2025-03-28T19:29:35.296+0000] {processor.py:914} INFO - Processing file /usr/local/python/3.12.1/lib/python3.12/site-packages/airflow/example_dags/plugins/workday.py for tasks to queue
[2025-03-28T19:29:35.298+0000] {logging_mixin.py:190} INFO - [2025-03-28T19:29:35.297+0000] {dagbag.py:588} INFO - Filling up the DagBag from /usr/local/python/3.12.1/lib/python3.12/site-packages/airflow/example_dags/plugins/workday.py
[2025-03-28T19:29:35.299+0000] {processor.py:927} WARNING - No viable dags retrieved from /usr/local/python/3.12.1/lib/python3.12/site-packages/airflow/example_dags/plugins/workday.py
[2025-03-28T19:29:35.306+0000] {processor.py:208} INFO - Processing /usr/local/python/3.12.1/lib/python3.12/site-packages/airflow/example_dags/plugins/workday.py took 0.015 seconds
[2025-03-28T19:30:31.308+0000] {processor.py:186} INFO - Started process (PID=49170) to work on /usr/local/python/3.12.1/lib/python3.12/site-packages/airflow/example_dags/plugins/workday.py
[2025-03-28T19:30:31.309+0000] {processor.py:914} INFO - Processing file /usr/local/python/3.12.1/lib/python3.12/site-packages/airflow/example_dags/plugins/workday.py for tasks to queue
[2025-03-28T19:30:31.310+0000] {logging_mixin.py:190} INFO - [2025-03-28T19:30:31.310+0000] {dagbag.py:588} INFO - Filling up the DagBag from /usr/local/python/3.12.1/lib/python3.12/site-packages/airflow/example_dags/plugins/workday.py
[2025-03-28T19:30:31.312+0000] {processor.py:927} WARNING - No viable dags retrieved from /usr/local/python/3.12.1/lib/python3.12/site-packages/airflow/example_dags/plugins/workday.py
[2025-03-28T19:30:31.319+0000] {processor.py:208} INFO - Processing /usr/local/python/3.12.1/lib/python3.12/site-packages/airflow/example_dags/plugins/workday.py took 0.015 seconds
[2025-03-28T19:31:28.178+0000] {processor.py:186} INFO - Started process (PID=49620) to work on /usr/local/python/3.12.1/lib/python3.12/site-packages/airflow/example_dags/plugins/workday.py
[2025-03-28T19:31:28.178+0000] {processor.py:914} INFO - Processing file /usr/local/python/3.12.1/lib/python3.12/site-packages/airflow/example_dags/plugins/workday.py for tasks to queue
[2025-03-28T19:31:28.180+0000] {logging_mixin.py:190} INFO - [2025-03-28T19:31:28.179+0000] {dagbag.py:588} INFO - Filling up the DagBag from /usr/local/python/3.12.1/lib/python3.12/site-packages/airflow/example_dags/plugins/workday.py
[2025-03-28T19:31:28.182+0000] {processor.py:927} WARNING - No viable dags retrieved from /usr/local/python/3.12.1/lib/python3.12/site-packages/airflow/example_dags/plugins/workday.py
[2025-03-28T19:31:28.188+0000] {processor.py:208} INFO - Processing /usr/local/python/3.12.1/lib/python3.12/site-packages/airflow/example_dags/plugins/workday.py took 0.015 seconds
[2025-03-28T19:32:24.553+0000] {processor.py:186} INFO - Started process (PID=50058) to work on /usr/local/python/3.12.1/lib/python3.12/site-packages/airflow/example_dags/plugins/workday.py
[2025-03-28T19:32:24.554+0000] {processor.py:914} INFO - Processing file /usr/local/python/3.12.1/lib/python3.12/site-packages/airflow/example_dags/plugins/workday.py for tasks to queue
[2025-03-28T19:32:24.555+0000] {logging_mixin.py:190} INFO - [2025-03-28T19:32:24.555+0000] {dagbag.py:588} INFO - Filling up the DagBag from /usr/local/python/3.12.1/lib/python3.12/site-packages/airflow/example_dags/plugins/workday.py
[2025-03-28T19:32:24.557+0000] {processor.py:927} WARNING - No viable dags retrieved from /usr/local/python/3.12.1/lib/python3.12/site-packages/airflow/example_dags/plugins/workday.py
[2025-03-28T19:32:24.565+0000] {processor.py:208} INFO - Processing /usr/local/python/3.12.1/lib/python3.12/site-packages/airflow/example_dags/plugins/workday.py took 0.017 seconds
[2025-03-28T19:33:16.006+0000] {processor.py:186} INFO - Started process (PID=50459) to work on /usr/local/python/3.12.1/lib/python3.12/site-packages/airflow/example_dags/plugins/workday.py
[2025-03-28T19:33:16.007+0000] {processor.py:914} INFO - Processing file /usr/local/python/3.12.1/lib/python3.12/site-packages/airflow/example_dags/plugins/workday.py for tasks to queue
[2025-03-28T19:33:16.008+0000] {logging_mixin.py:190} INFO - [2025-03-28T19:33:16.008+0000] {dagbag.py:588} INFO - Filling up the DagBag from /usr/local/python/3.12.1/lib/python3.12/site-packages/airflow/example_dags/plugins/workday.py
[2025-03-28T19:33:16.010+0000] {processor.py:927} WARNING - No viable dags retrieved from /usr/local/python/3.12.1/lib/python3.12/site-packages/airflow/example_dags/plugins/workday.py
[2025-03-28T19:33:16.017+0000] {processor.py:208} INFO - Processing /usr/local/python/3.12.1/lib/python3.12/site-packages/airflow/example_dags/plugins/workday.py took 0.015 seconds
[2025-03-28T19:34:11.076+0000] {processor.py:186} INFO - Started process (PID=50906) to work on /usr/local/python/3.12.1/lib/python3.12/site-packages/airflow/example_dags/plugins/workday.py
[2025-03-28T19:34:11.076+0000] {processor.py:914} INFO - Processing file /usr/local/python/3.12.1/lib/python3.12/site-packages/airflow/example_dags/plugins/workday.py for tasks to queue
[2025-03-28T19:34:11.078+0000] {logging_mixin.py:190} INFO - [2025-03-28T19:34:11.077+0000] {dagbag.py:588} INFO - Filling up the DagBag from /usr/local/python/3.12.1/lib/python3.12/site-packages/airflow/example_dags/plugins/workday.py
[2025-03-28T19:34:11.080+0000] {processor.py:927} WARNING - No viable dags retrieved from /usr/local/python/3.12.1/lib/python3.12/site-packages/airflow/example_dags/plugins/workday.py
[2025-03-28T19:34:11.087+0000] {processor.py:208} INFO - Processing /usr/local/python/3.12.1/lib/python3.12/site-packages/airflow/example_dags/plugins/workday.py took 0.015 seconds
[2025-03-28T19:35:03.903+0000] {processor.py:186} INFO - Started process (PID=51315) to work on /usr/local/python/3.12.1/lib/python3.12/site-packages/airflow/example_dags/plugins/workday.py
[2025-03-28T19:35:03.904+0000] {processor.py:914} INFO - Processing file /usr/local/python/3.12.1/lib/python3.12/site-packages/airflow/example_dags/plugins/workday.py for tasks to queue
[2025-03-28T19:35:03.905+0000] {logging_mixin.py:190} INFO - [2025-03-28T19:35:03.905+0000] {dagbag.py:588} INFO - Filling up the DagBag from /usr/local/python/3.12.1/lib/python3.12/site-packages/airflow/example_dags/plugins/workday.py
[2025-03-28T19:35:03.907+0000] {processor.py:927} WARNING - No viable dags retrieved from /usr/local/python/3.12.1/lib/python3.12/site-packages/airflow/example_dags/plugins/workday.py
[2025-03-28T19:35:03.915+0000] {processor.py:208} INFO - Processing /usr/local/python/3.12.1/lib/python3.12/site-packages/airflow/example_dags/plugins/workday.py took 0.016 seconds
[2025-03-28T19:36:00.250+0000] {processor.py:186} INFO - Started process (PID=51769) to work on /usr/local/python/3.12.1/lib/python3.12/site-packages/airflow/example_dags/plugins/workday.py
[2025-03-28T19:36:00.250+0000] {processor.py:914} INFO - Processing file /usr/local/python/3.12.1/lib/python3.12/site-packages/airflow/example_dags/plugins/workday.py for tasks to queue
[2025-03-28T19:36:00.252+0000] {logging_mixin.py:190} INFO - [2025-03-28T19:36:00.251+0000] {dagbag.py:588} INFO - Filling up the DagBag from /usr/local/python/3.12.1/lib/python3.12/site-packages/airflow/example_dags/plugins/workday.py
[2025-03-28T19:36:00.254+0000] {processor.py:927} WARNING - No viable dags retrieved from /usr/local/python/3.12.1/lib/python3.12/site-packages/airflow/example_dags/plugins/workday.py
[2025-03-28T19:36:00.261+0000] {processor.py:208} INFO - Processing /usr/local/python/3.12.1/lib/python3.12/site-packages/airflow/example_dags/plugins/workday.py took 0.015 seconds
[2025-03-28T19:36:53.988+0000] {processor.py:186} INFO - Started process (PID=52184) to work on /usr/local/python/3.12.1/lib/python3.12/site-packages/airflow/example_dags/plugins/workday.py
[2025-03-28T19:36:53.989+0000] {processor.py:914} INFO - Processing file /usr/local/python/3.12.1/lib/python3.12/site-packages/airflow/example_dags/plugins/workday.py for tasks to queue
[2025-03-28T19:36:53.990+0000] {logging_mixin.py:190} INFO - [2025-03-28T19:36:53.990+0000] {dagbag.py:588} INFO - Filling up the DagBag from /usr/local/python/3.12.1/lib/python3.12/site-packages/airflow/example_dags/plugins/workday.py
[2025-03-28T19:36:53.992+0000] {processor.py:927} WARNING - No viable dags retrieved from /usr/local/python/3.12.1/lib/python3.12/site-packages/airflow/example_dags/plugins/workday.py
[2025-03-28T19:36:53.999+0000] {processor.py:208} INFO - Processing /usr/local/python/3.12.1/lib/python3.12/site-packages/airflow/example_dags/plugins/workday.py took 0.015 seconds
[2025-03-28T19:37:48.257+0000] {processor.py:186} INFO - Started process (PID=52609) to work on /usr/local/python/3.12.1/lib/python3.12/site-packages/airflow/example_dags/plugins/workday.py
[2025-03-28T19:37:48.258+0000] {processor.py:914} INFO - Processing file /usr/local/python/3.12.1/lib/python3.12/site-packages/airflow/example_dags/plugins/workday.py for tasks to queue
[2025-03-28T19:37:48.259+0000] {logging_mixin.py:190} INFO - [2025-03-28T19:37:48.259+0000] {dagbag.py:588} INFO - Filling up the DagBag from /usr/local/python/3.12.1/lib/python3.12/site-packages/airflow/example_dags/plugins/workday.py
[2025-03-28T19:37:48.261+0000] {processor.py:927} WARNING - No viable dags retrieved from /usr/local/python/3.12.1/lib/python3.12/site-packages/airflow/example_dags/plugins/workday.py
[2025-03-28T19:37:48.268+0000] {processor.py:208} INFO - Processing /usr/local/python/3.12.1/lib/python3.12/site-packages/airflow/example_dags/plugins/workday.py took 0.015 seconds
[2025-03-28T19:38:44.484+0000] {processor.py:186} INFO - Started process (PID=53051) to work on /usr/local/python/3.12.1/lib/python3.12/site-packages/airflow/example_dags/plugins/workday.py
[2025-03-28T19:38:44.484+0000] {processor.py:914} INFO - Processing file /usr/local/python/3.12.1/lib/python3.12/site-packages/airflow/example_dags/plugins/workday.py for tasks to queue
[2025-03-28T19:38:44.486+0000] {logging_mixin.py:190} INFO - [2025-03-28T19:38:44.485+0000] {dagbag.py:588} INFO - Filling up the DagBag from /usr/local/python/3.12.1/lib/python3.12/site-packages/airflow/example_dags/plugins/workday.py
[2025-03-28T19:38:44.488+0000] {processor.py:927} WARNING - No viable dags retrieved from /usr/local/python/3.12.1/lib/python3.12/site-packages/airflow/example_dags/plugins/workday.py
[2025-03-28T19:38:44.494+0000] {processor.py:208} INFO - Processing /usr/local/python/3.12.1/lib/python3.12/site-packages/airflow/example_dags/plugins/workday.py took 0.015 seconds
[2025-03-28T19:39:40.715+0000] {processor.py:186} INFO - Started process (PID=53488) to work on /usr/local/python/3.12.1/lib/python3.12/site-packages/airflow/example_dags/plugins/workday.py
[2025-03-28T19:39:40.715+0000] {processor.py:914} INFO - Processing file /usr/local/python/3.12.1/lib/python3.12/site-packages/airflow/example_dags/plugins/workday.py for tasks to queue
[2025-03-28T19:39:40.717+0000] {logging_mixin.py:190} INFO - [2025-03-28T19:39:40.717+0000] {dagbag.py:588} INFO - Filling up the DagBag from /usr/local/python/3.12.1/lib/python3.12/site-packages/airflow/example_dags/plugins/workday.py
[2025-03-28T19:39:40.719+0000] {processor.py:927} WARNING - No viable dags retrieved from /usr/local/python/3.12.1/lib/python3.12/site-packages/airflow/example_dags/plugins/workday.py
[2025-03-28T19:39:40.726+0000] {processor.py:208} INFO - Processing /usr/local/python/3.12.1/lib/python3.12/site-packages/airflow/example_dags/plugins/workday.py took 0.015 seconds
[2025-03-28T19:40:32.709+0000] {processor.py:186} INFO - Started process (PID=53891) to work on /usr/local/python/3.12.1/lib/python3.12/site-packages/airflow/example_dags/plugins/workday.py
[2025-03-28T19:40:32.710+0000] {processor.py:914} INFO - Processing file /usr/local/python/3.12.1/lib/python3.12/site-packages/airflow/example_dags/plugins/workday.py for tasks to queue
[2025-03-28T19:40:32.712+0000] {logging_mixin.py:190} INFO - [2025-03-28T19:40:32.711+0000] {dagbag.py:588} INFO - Filling up the DagBag from /usr/local/python/3.12.1/lib/python3.12/site-packages/airflow/example_dags/plugins/workday.py
[2025-03-28T19:40:32.713+0000] {processor.py:927} WARNING - No viable dags retrieved from /usr/local/python/3.12.1/lib/python3.12/site-packages/airflow/example_dags/plugins/workday.py
[2025-03-28T19:40:32.720+0000] {processor.py:208} INFO - Processing /usr/local/python/3.12.1/lib/python3.12/site-packages/airflow/example_dags/plugins/workday.py took 0.015 seconds
[2025-03-28T19:41:24.116+0000] {processor.py:186} INFO - Started process (PID=54319) to work on /usr/local/python/3.12.1/lib/python3.12/site-packages/airflow/example_dags/plugins/workday.py
[2025-03-28T19:41:24.117+0000] {processor.py:914} INFO - Processing file /usr/local/python/3.12.1/lib/python3.12/site-packages/airflow/example_dags/plugins/workday.py for tasks to queue
[2025-03-28T19:41:24.118+0000] {logging_mixin.py:190} INFO - [2025-03-28T19:41:24.118+0000] {dagbag.py:588} INFO - Filling up the DagBag from /usr/local/python/3.12.1/lib/python3.12/site-packages/airflow/example_dags/plugins/workday.py
[2025-03-28T19:41:24.120+0000] {processor.py:927} WARNING - No viable dags retrieved from /usr/local/python/3.12.1/lib/python3.12/site-packages/airflow/example_dags/plugins/workday.py
[2025-03-28T19:41:24.127+0000] {processor.py:208} INFO - Processing /usr/local/python/3.12.1/lib/python3.12/site-packages/airflow/example_dags/plugins/workday.py took 0.015 seconds
[2025-03-28T19:42:17.774+0000] {processor.py:186} INFO - Started process (PID=54735) to work on /usr/local/python/3.12.1/lib/python3.12/site-packages/airflow/example_dags/plugins/workday.py
[2025-03-28T19:42:17.775+0000] {processor.py:914} INFO - Processing file /usr/local/python/3.12.1/lib/python3.12/site-packages/airflow/example_dags/plugins/workday.py for tasks to queue
[2025-03-28T19:42:17.776+0000] {logging_mixin.py:190} INFO - [2025-03-28T19:42:17.776+0000] {dagbag.py:588} INFO - Filling up the DagBag from /usr/local/python/3.12.1/lib/python3.12/site-packages/airflow/example_dags/plugins/workday.py
[2025-03-28T19:42:17.778+0000] {processor.py:927} WARNING - No viable dags retrieved from /usr/local/python/3.12.1/lib/python3.12/site-packages/airflow/example_dags/plugins/workday.py
[2025-03-28T19:42:17.785+0000] {processor.py:208} INFO - Processing /usr/local/python/3.12.1/lib/python3.12/site-packages/airflow/example_dags/plugins/workday.py took 0.015 seconds
