[2025-03-28T19:10:10.769+0000] {local_task_job_runner.py:123} INFO - ::group::Pre task execution logs
[2025-03-28T19:10:10.778+0000] {taskinstance.py:2614} INFO - Dependencies all met for dep_context=non-requeueable deps ti=<TaskInstance: my_third_dag.print_hi_task scheduled__2024-10-03T00:00:00+00:00 [queued]>
[2025-03-28T19:10:10.782+0000] {taskinstance.py:2614} INFO - Dependencies all met for dep_context=requeueable deps ti=<TaskInstance: my_third_dag.print_hi_task scheduled__2024-10-03T00:00:00+00:00 [queued]>
[2025-03-28T19:10:10.783+0000] {taskinstance.py:2867} INFO - Starting attempt 1 of 2
[2025-03-28T19:10:10.792+0000] {taskinstance.py:2890} INFO - Executing <Task(PythonOperator): print_hi_task> on 2024-10-03 00:00:00+00:00
[2025-03-28T19:10:10.797+0000] {standard_task_runner.py:72} INFO - Started process 37534 to run task
[2025-03-28T19:10:10.798+0000] {standard_task_runner.py:104} INFO - Running: ['airflow', 'tasks', 'run', 'my_third_dag', 'print_hi_task', 'scheduled__2024-10-03T00:00:00+00:00', '--job-id', '443', '--raw', '--subdir', 'DAGS_FOLDER/my_second_dag copy.py', '--cfg-path', '/tmp/tmp9j9d5207']
[2025-03-28T19:10:10.799+0000] {standard_task_runner.py:105} INFO - Job 443: Subtask print_hi_task
[2025-03-28T19:10:10.824+0000] {task_command.py:467} INFO - Running <TaskInstance: my_third_dag.print_hi_task scheduled__2024-10-03T00:00:00+00:00 [running]> on host codespaces-6cda86
[2025-03-28T19:10:10.864+0000] {taskinstance.py:3134} INFO - Exporting env vars: AIRFLOW_CTX_DAG_OWNER='airflow' AIRFLOW_CTX_DAG_ID='my_third_dag' AIRFLOW_CTX_TASK_ID='print_hi_task' AIRFLOW_CTX_EXECUTION_DATE='2024-10-03T00:00:00+00:00' AIRFLOW_CTX_TRY_NUMBER='1' AIRFLOW_CTX_DAG_RUN_ID='scheduled__2024-10-03T00:00:00+00:00'
[2025-03-28T19:10:10.865+0000] {logging_mixin.py:190} INFO - Task instance is in running state
[2025-03-28T19:10:10.865+0000] {logging_mixin.py:190} INFO -  Previous state of the Task instance: queued
[2025-03-28T19:10:10.866+0000] {logging_mixin.py:190} INFO - Current task name:print_hi_task state:running start_date:2025-03-28 19:10:10.778210+00:00
[2025-03-28T19:10:10.866+0000] {logging_mixin.py:190} INFO - Dag name:my_third_dag and current dag run status:running
[2025-03-28T19:10:10.866+0000] {taskinstance.py:732} INFO - ::endgroup::
[2025-03-28T19:10:10.867+0000] {logging_mixin.py:190} INFO - Hi, Airflow from the workspace! 🚀
[2025-03-28T19:10:10.867+0000] {python.py:240} INFO - Done. Returned value was: None
[2025-03-28T19:10:10.869+0000] {taskinstance.py:341} INFO - ::group::Post task execution logs
[2025-03-28T19:10:10.870+0000] {taskinstance.py:353} INFO - Marking task as SUCCESS. dag_id=my_third_dag, task_id=print_hi_task, run_id=scheduled__2024-10-03T00:00:00+00:00, execution_date=20241003T000000, start_date=20250328T191010, end_date=20250328T191010
[2025-03-28T19:10:10.882+0000] {logging_mixin.py:190} INFO - Task instance in success state
[2025-03-28T19:10:10.882+0000] {logging_mixin.py:190} INFO -  Previous state of the Task instance: running
[2025-03-28T19:10:10.882+0000] {logging_mixin.py:190} INFO - Dag name:my_third_dag queued_at:2025-03-28 19:10:04.117827+00:00
[2025-03-28T19:10:10.882+0000] {logging_mixin.py:190} INFO - Task hostname:codespaces-6cda86 operator:PythonOperator
[2025-03-28T19:10:10.891+0000] {local_task_job_runner.py:266} INFO - Task exited with return code 0
[2025-03-28T19:10:10.899+0000] {taskinstance.py:3901} INFO - 0 downstream tasks scheduled from follow-on schedule check
[2025-03-28T19:10:10.899+0000] {local_task_job_runner.py:245} INFO - ::endgroup::
