[2025-03-28T18:37:22.672+0000] {processor.py:186} INFO - Started process (PID=16454) to work on /workspaces/airflow-tutorial/airflow_home/dags/my_second_dag.py
[2025-03-28T18:37:22.673+0000] {processor.py:914} INFO - Processing file /workspaces/airflow-tutorial/airflow_home/dags/my_second_dag.py for tasks to queue
[2025-03-28T18:37:22.674+0000] {logging_mixin.py:190} INFO - [2025-03-28T18:37:22.674+0000] {dagbag.py:588} INFO - Filling up the DagBag from /workspaces/airflow-tutorial/airflow_home/dags/my_second_dag.py
[2025-03-28T18:37:22.681+0000] {processor.py:925} INFO - DAG(s) 'my_second_dag' retrieved from /workspaces/airflow-tutorial/airflow_home/dags/my_second_dag.py
[2025-03-28T18:37:22.771+0000] {logging_mixin.py:190} INFO - [2025-03-28T18:37:22.771+0000] {override.py:1930} INFO - Created Permission View: can delete on DAG:my_second_dag
[2025-03-28T18:37:22.779+0000] {logging_mixin.py:190} INFO - [2025-03-28T18:37:22.779+0000] {override.py:1930} INFO - Created Permission View: can edit on DAG:my_second_dag
[2025-03-28T18:37:22.785+0000] {logging_mixin.py:190} INFO - [2025-03-28T18:37:22.785+0000] {override.py:1930} INFO - Created Permission View: can read on DAG:my_second_dag
[2025-03-28T18:37:22.794+0000] {logging_mixin.py:190} INFO - [2025-03-28T18:37:22.794+0000] {override.py:1930} INFO - Created Permission View: can create on DAG Run:my_second_dag
[2025-03-28T18:37:22.800+0000] {logging_mixin.py:190} INFO - [2025-03-28T18:37:22.799+0000] {override.py:1930} INFO - Created Permission View: menu access on DAG Run:my_second_dag
[2025-03-28T18:37:22.805+0000] {logging_mixin.py:190} INFO - [2025-03-28T18:37:22.805+0000] {override.py:1930} INFO - Created Permission View: can read on DAG Run:my_second_dag
[2025-03-28T18:37:22.811+0000] {logging_mixin.py:190} INFO - [2025-03-28T18:37:22.810+0000] {override.py:1930} INFO - Created Permission View: can delete on DAG Run:my_second_dag
[2025-03-28T18:37:22.811+0000] {logging_mixin.py:190} INFO - [2025-03-28T18:37:22.811+0000] {dag.py:3239} INFO - Sync 1 DAGs
[2025-03-28T18:37:22.819+0000] {logging_mixin.py:190} INFO - [2025-03-28T18:37:22.819+0000] {dag.py:3262} INFO - Creating ORM DAG for my_second_dag
[2025-03-28T18:37:22.826+0000] {logging_mixin.py:190} INFO - [2025-03-28T18:37:22.825+0000] {dag.py:4180} INFO - Setting next_dagrun for my_second_dag to 2024-03-01 00:00:00+00:00, run_after=2024-03-02 00:00:00+00:00
[2025-03-28T18:37:22.837+0000] {processor.py:208} INFO - Processing /workspaces/airflow-tutorial/airflow_home/dags/my_second_dag.py took 0.169 seconds
[2025-03-28T18:38:18.475+0000] {processor.py:186} INFO - Started process (PID=16960) to work on /workspaces/airflow-tutorial/airflow_home/dags/my_second_dag.py
[2025-03-28T18:38:18.476+0000] {processor.py:914} INFO - Processing file /workspaces/airflow-tutorial/airflow_home/dags/my_second_dag.py for tasks to queue
[2025-03-28T18:38:18.477+0000] {logging_mixin.py:190} INFO - [2025-03-28T18:38:18.477+0000] {dagbag.py:588} INFO - Filling up the DagBag from /workspaces/airflow-tutorial/airflow_home/dags/my_second_dag.py
[2025-03-28T18:38:18.483+0000] {processor.py:925} INFO - DAG(s) 'my_second_dag' retrieved from /workspaces/airflow-tutorial/airflow_home/dags/my_second_dag.py
[2025-03-28T18:38:18.493+0000] {logging_mixin.py:190} INFO - [2025-03-28T18:38:18.493+0000] {dag.py:3239} INFO - Sync 1 DAGs
[2025-03-28T18:38:18.508+0000] {logging_mixin.py:190} INFO - [2025-03-28T18:38:18.507+0000] {dag.py:4180} INFO - Setting next_dagrun for my_second_dag to 2024-03-01 00:00:00+00:00, run_after=2024-03-02 00:00:00+00:00
[2025-03-28T18:38:18.521+0000] {processor.py:208} INFO - Processing /workspaces/airflow-tutorial/airflow_home/dags/my_second_dag.py took 0.050 seconds
[2025-03-28T18:39:10.341+0000] {processor.py:186} INFO - Started process (PID=17403) to work on /workspaces/airflow-tutorial/airflow_home/dags/my_second_dag.py
[2025-03-28T18:39:10.341+0000] {processor.py:914} INFO - Processing file /workspaces/airflow-tutorial/airflow_home/dags/my_second_dag.py for tasks to queue
[2025-03-28T18:39:10.343+0000] {logging_mixin.py:190} INFO - [2025-03-28T18:39:10.343+0000] {dagbag.py:588} INFO - Filling up the DagBag from /workspaces/airflow-tutorial/airflow_home/dags/my_second_dag.py
[2025-03-28T18:39:10.348+0000] {processor.py:925} INFO - DAG(s) 'my_second_dag' retrieved from /workspaces/airflow-tutorial/airflow_home/dags/my_second_dag.py
[2025-03-28T18:39:10.358+0000] {logging_mixin.py:190} INFO - [2025-03-28T18:39:10.358+0000] {dag.py:3239} INFO - Sync 1 DAGs
[2025-03-28T18:39:10.373+0000] {logging_mixin.py:190} INFO - [2025-03-28T18:39:10.373+0000] {dag.py:4180} INFO - Setting next_dagrun for my_second_dag to 2024-03-01 00:00:00+00:00, run_after=2024-03-02 00:00:00+00:00
[2025-03-28T18:39:10.391+0000] {processor.py:208} INFO - Processing /workspaces/airflow-tutorial/airflow_home/dags/my_second_dag.py took 0.055 seconds
[2025-03-28T18:40:12.000+0000] {processor.py:186} INFO - Started process (PID=18101) to work on /workspaces/airflow-tutorial/airflow_home/dags/my_second_dag.py
[2025-03-28T18:40:12.001+0000] {processor.py:914} INFO - Processing file /workspaces/airflow-tutorial/airflow_home/dags/my_second_dag.py for tasks to queue
[2025-03-28T18:40:12.002+0000] {logging_mixin.py:190} INFO - [2025-03-28T18:40:12.002+0000] {dagbag.py:588} INFO - Filling up the DagBag from /workspaces/airflow-tutorial/airflow_home/dags/my_second_dag.py
[2025-03-28T18:40:12.009+0000] {processor.py:925} INFO - DAG(s) 'my_second_dag' retrieved from /workspaces/airflow-tutorial/airflow_home/dags/my_second_dag.py
[2025-03-28T18:40:12.025+0000] {logging_mixin.py:190} INFO - [2025-03-28T18:40:12.025+0000] {dag.py:3239} INFO - Sync 1 DAGs
[2025-03-28T18:40:12.040+0000] {logging_mixin.py:190} INFO - [2025-03-28T18:40:12.040+0000] {dag.py:4180} INFO - Setting next_dagrun for my_second_dag to 2024-03-01 00:00:00+00:00, run_after=2024-03-02 00:00:00+00:00
[2025-03-28T18:40:12.054+0000] {processor.py:208} INFO - Processing /workspaces/airflow-tutorial/airflow_home/dags/my_second_dag.py took 0.057 seconds
[2025-03-28T18:41:03.912+0000] {processor.py:186} INFO - Started process (PID=18667) to work on /workspaces/airflow-tutorial/airflow_home/dags/my_second_dag.py
[2025-03-28T18:41:03.913+0000] {processor.py:914} INFO - Processing file /workspaces/airflow-tutorial/airflow_home/dags/my_second_dag.py for tasks to queue
[2025-03-28T18:41:03.914+0000] {logging_mixin.py:190} INFO - [2025-03-28T18:41:03.914+0000] {dagbag.py:588} INFO - Filling up the DagBag from /workspaces/airflow-tutorial/airflow_home/dags/my_second_dag.py
[2025-03-28T18:41:03.921+0000] {processor.py:925} INFO - DAG(s) 'my_second_dag' retrieved from /workspaces/airflow-tutorial/airflow_home/dags/my_second_dag.py
[2025-03-28T18:41:03.937+0000] {logging_mixin.py:190} INFO - [2025-03-28T18:41:03.937+0000] {dag.py:3239} INFO - Sync 1 DAGs
[2025-03-28T18:41:03.952+0000] {logging_mixin.py:190} INFO - [2025-03-28T18:41:03.951+0000] {dag.py:4180} INFO - Setting next_dagrun for my_second_dag to 2024-03-01 00:00:00+00:00, run_after=2024-03-02 00:00:00+00:00
[2025-03-28T18:41:03.965+0000] {processor.py:208} INFO - Processing /workspaces/airflow-tutorial/airflow_home/dags/my_second_dag.py took 0.057 seconds
[2025-03-28T18:42:02.316+0000] {processor.py:186} INFO - Started process (PID=19212) to work on /workspaces/airflow-tutorial/airflow_home/dags/my_second_dag.py
[2025-03-28T18:42:02.316+0000] {processor.py:914} INFO - Processing file /workspaces/airflow-tutorial/airflow_home/dags/my_second_dag.py for tasks to queue
[2025-03-28T18:42:02.318+0000] {logging_mixin.py:190} INFO - [2025-03-28T18:42:02.317+0000] {dagbag.py:588} INFO - Filling up the DagBag from /workspaces/airflow-tutorial/airflow_home/dags/my_second_dag.py
[2025-03-28T18:42:02.324+0000] {processor.py:925} INFO - DAG(s) 'my_second_dag' retrieved from /workspaces/airflow-tutorial/airflow_home/dags/my_second_dag.py
[2025-03-28T18:42:02.334+0000] {logging_mixin.py:190} INFO - [2025-03-28T18:42:02.334+0000] {dag.py:3239} INFO - Sync 1 DAGs
[2025-03-28T18:42:02.349+0000] {logging_mixin.py:190} INFO - [2025-03-28T18:42:02.349+0000] {dag.py:4180} INFO - Setting next_dagrun for my_second_dag to 2024-03-01 00:00:00+00:00, run_after=2024-03-02 00:00:00+00:00
[2025-03-28T18:42:02.363+0000] {processor.py:208} INFO - Processing /workspaces/airflow-tutorial/airflow_home/dags/my_second_dag.py took 0.052 seconds
[2025-03-28T18:42:57.589+0000] {processor.py:186} INFO - Started process (PID=19690) to work on /workspaces/airflow-tutorial/airflow_home/dags/my_second_dag.py
[2025-03-28T18:42:57.589+0000] {processor.py:914} INFO - Processing file /workspaces/airflow-tutorial/airflow_home/dags/my_second_dag.py for tasks to queue
[2025-03-28T18:42:57.590+0000] {logging_mixin.py:190} INFO - [2025-03-28T18:42:57.590+0000] {dagbag.py:588} INFO - Filling up the DagBag from /workspaces/airflow-tutorial/airflow_home/dags/my_second_dag.py
[2025-03-28T18:42:57.596+0000] {processor.py:925} INFO - DAG(s) 'my_second_dag' retrieved from /workspaces/airflow-tutorial/airflow_home/dags/my_second_dag.py
[2025-03-28T18:42:57.606+0000] {logging_mixin.py:190} INFO - [2025-03-28T18:42:57.606+0000] {dag.py:3239} INFO - Sync 1 DAGs
[2025-03-28T18:42:57.620+0000] {logging_mixin.py:190} INFO - [2025-03-28T18:42:57.620+0000] {dag.py:4180} INFO - Setting next_dagrun for my_second_dag to 2024-03-01 00:00:00+00:00, run_after=2024-03-02 00:00:00+00:00
[2025-03-28T18:42:57.635+0000] {processor.py:208} INFO - Processing /workspaces/airflow-tutorial/airflow_home/dags/my_second_dag.py took 0.050 seconds
[2025-03-28T18:43:51.758+0000] {processor.py:186} INFO - Started process (PID=20185) to work on /workspaces/airflow-tutorial/airflow_home/dags/my_second_dag.py
[2025-03-28T18:43:51.758+0000] {processor.py:914} INFO - Processing file /workspaces/airflow-tutorial/airflow_home/dags/my_second_dag.py for tasks to queue
[2025-03-28T18:43:51.760+0000] {logging_mixin.py:190} INFO - [2025-03-28T18:43:51.759+0000] {dagbag.py:588} INFO - Filling up the DagBag from /workspaces/airflow-tutorial/airflow_home/dags/my_second_dag.py
[2025-03-28T18:43:51.765+0000] {processor.py:925} INFO - DAG(s) 'my_second_dag' retrieved from /workspaces/airflow-tutorial/airflow_home/dags/my_second_dag.py
[2025-03-28T18:43:51.776+0000] {logging_mixin.py:190} INFO - [2025-03-28T18:43:51.776+0000] {dag.py:3239} INFO - Sync 1 DAGs
[2025-03-28T18:43:51.792+0000] {logging_mixin.py:190} INFO - [2025-03-28T18:43:51.791+0000] {dag.py:4180} INFO - Setting next_dagrun for my_second_dag to 2024-03-01 00:00:00+00:00, run_after=2024-03-02 00:00:00+00:00
[2025-03-28T18:43:51.807+0000] {processor.py:208} INFO - Processing /workspaces/airflow-tutorial/airflow_home/dags/my_second_dag.py took 0.053 seconds
[2025-03-28T18:44:45.124+0000] {processor.py:186} INFO - Started process (PID=20656) to work on /workspaces/airflow-tutorial/airflow_home/dags/my_second_dag.py
[2025-03-28T18:44:45.124+0000] {processor.py:914} INFO - Processing file /workspaces/airflow-tutorial/airflow_home/dags/my_second_dag.py for tasks to queue
[2025-03-28T18:44:45.126+0000] {logging_mixin.py:190} INFO - [2025-03-28T18:44:45.126+0000] {dagbag.py:588} INFO - Filling up the DagBag from /workspaces/airflow-tutorial/airflow_home/dags/my_second_dag.py
[2025-03-28T18:44:45.132+0000] {processor.py:925} INFO - DAG(s) 'my_second_dag' retrieved from /workspaces/airflow-tutorial/airflow_home/dags/my_second_dag.py
[2025-03-28T18:44:45.143+0000] {logging_mixin.py:190} INFO - [2025-03-28T18:44:45.143+0000] {dag.py:3239} INFO - Sync 1 DAGs
[2025-03-28T18:44:45.158+0000] {logging_mixin.py:190} INFO - [2025-03-28T18:44:45.158+0000] {dag.py:4180} INFO - Setting next_dagrun for my_second_dag to 2024-03-01 00:00:00+00:00, run_after=2024-03-02 00:00:00+00:00
[2025-03-28T18:44:45.172+0000] {processor.py:208} INFO - Processing /workspaces/airflow-tutorial/airflow_home/dags/my_second_dag.py took 0.053 seconds
[2025-03-28T18:45:39.196+0000] {processor.py:186} INFO - Started process (PID=21123) to work on /workspaces/airflow-tutorial/airflow_home/dags/my_second_dag.py
[2025-03-28T18:45:39.196+0000] {processor.py:914} INFO - Processing file /workspaces/airflow-tutorial/airflow_home/dags/my_second_dag.py for tasks to queue
[2025-03-28T18:45:39.198+0000] {logging_mixin.py:190} INFO - [2025-03-28T18:45:39.198+0000] {dagbag.py:588} INFO - Filling up the DagBag from /workspaces/airflow-tutorial/airflow_home/dags/my_second_dag.py
[2025-03-28T18:45:39.203+0000] {processor.py:925} INFO - DAG(s) 'my_second_dag' retrieved from /workspaces/airflow-tutorial/airflow_home/dags/my_second_dag.py
[2025-03-28T18:45:39.215+0000] {logging_mixin.py:190} INFO - [2025-03-28T18:45:39.215+0000] {dag.py:3239} INFO - Sync 1 DAGs
[2025-03-28T18:45:39.236+0000] {logging_mixin.py:190} INFO - [2025-03-28T18:45:39.236+0000] {dag.py:4180} INFO - Setting next_dagrun for my_second_dag to 2024-03-01 00:00:00+00:00, run_after=2024-03-02 00:00:00+00:00
[2025-03-28T18:45:39.251+0000] {processor.py:208} INFO - Processing /workspaces/airflow-tutorial/airflow_home/dags/my_second_dag.py took 0.059 seconds
[2025-03-28T18:46:33.364+0000] {processor.py:186} INFO - Started process (PID=21618) to work on /workspaces/airflow-tutorial/airflow_home/dags/my_second_dag.py
[2025-03-28T18:46:33.365+0000] {processor.py:914} INFO - Processing file /workspaces/airflow-tutorial/airflow_home/dags/my_second_dag.py for tasks to queue
[2025-03-28T18:46:33.366+0000] {logging_mixin.py:190} INFO - [2025-03-28T18:46:33.366+0000] {dagbag.py:588} INFO - Filling up the DagBag from /workspaces/airflow-tutorial/airflow_home/dags/my_second_dag.py
[2025-03-28T18:46:33.371+0000] {processor.py:925} INFO - DAG(s) 'my_second_dag' retrieved from /workspaces/airflow-tutorial/airflow_home/dags/my_second_dag.py
[2025-03-28T18:46:33.381+0000] {logging_mixin.py:190} INFO - [2025-03-28T18:46:33.381+0000] {dag.py:3239} INFO - Sync 1 DAGs
[2025-03-28T18:46:33.396+0000] {logging_mixin.py:190} INFO - [2025-03-28T18:46:33.396+0000] {dag.py:4180} INFO - Setting next_dagrun for my_second_dag to 2024-03-01 00:00:00+00:00, run_after=2024-03-02 00:00:00+00:00
[2025-03-28T18:46:33.410+0000] {processor.py:208} INFO - Processing /workspaces/airflow-tutorial/airflow_home/dags/my_second_dag.py took 0.050 seconds
[2025-03-28T18:47:26.792+0000] {processor.py:186} INFO - Started process (PID=22070) to work on /workspaces/airflow-tutorial/airflow_home/dags/my_second_dag.py
[2025-03-28T18:47:26.793+0000] {processor.py:914} INFO - Processing file /workspaces/airflow-tutorial/airflow_home/dags/my_second_dag.py for tasks to queue
[2025-03-28T18:47:26.794+0000] {logging_mixin.py:190} INFO - [2025-03-28T18:47:26.794+0000] {dagbag.py:588} INFO - Filling up the DagBag from /workspaces/airflow-tutorial/airflow_home/dags/my_second_dag.py
[2025-03-28T18:47:26.800+0000] {processor.py:925} INFO - DAG(s) 'my_second_dag' retrieved from /workspaces/airflow-tutorial/airflow_home/dags/my_second_dag.py
[2025-03-28T18:47:26.809+0000] {logging_mixin.py:190} INFO - [2025-03-28T18:47:26.809+0000] {dag.py:3239} INFO - Sync 1 DAGs
[2025-03-28T18:47:26.824+0000] {logging_mixin.py:190} INFO - [2025-03-28T18:47:26.824+0000] {dag.py:4180} INFO - Setting next_dagrun for my_second_dag to 2024-03-01 00:00:00+00:00, run_after=2024-03-02 00:00:00+00:00
[2025-03-28T18:47:26.838+0000] {processor.py:208} INFO - Processing /workspaces/airflow-tutorial/airflow_home/dags/my_second_dag.py took 0.050 seconds
[2025-03-28T18:48:18.793+0000] {processor.py:186} INFO - Started process (PID=22492) to work on /workspaces/airflow-tutorial/airflow_home/dags/my_second_dag.py
[2025-03-28T18:48:18.794+0000] {processor.py:914} INFO - Processing file /workspaces/airflow-tutorial/airflow_home/dags/my_second_dag.py for tasks to queue
[2025-03-28T18:48:18.796+0000] {logging_mixin.py:190} INFO - [2025-03-28T18:48:18.795+0000] {dagbag.py:588} INFO - Filling up the DagBag from /workspaces/airflow-tutorial/airflow_home/dags/my_second_dag.py
[2025-03-28T18:48:18.802+0000] {processor.py:925} INFO - DAG(s) 'my_second_dag' retrieved from /workspaces/airflow-tutorial/airflow_home/dags/my_second_dag.py
[2025-03-28T18:48:18.811+0000] {logging_mixin.py:190} INFO - [2025-03-28T18:48:18.811+0000] {dag.py:3239} INFO - Sync 1 DAGs
[2025-03-28T18:48:18.826+0000] {logging_mixin.py:190} INFO - [2025-03-28T18:48:18.826+0000] {dag.py:4180} INFO - Setting next_dagrun for my_second_dag to 2024-03-01 00:00:00+00:00, run_after=2024-03-02 00:00:00+00:00
[2025-03-28T18:48:18.843+0000] {processor.py:208} INFO - Processing /workspaces/airflow-tutorial/airflow_home/dags/my_second_dag.py took 0.056 seconds
[2025-03-28T18:49:14.783+0000] {processor.py:186} INFO - Started process (PID=22934) to work on /workspaces/airflow-tutorial/airflow_home/dags/my_second_dag.py
[2025-03-28T18:49:14.784+0000] {processor.py:914} INFO - Processing file /workspaces/airflow-tutorial/airflow_home/dags/my_second_dag.py for tasks to queue
[2025-03-28T18:49:14.785+0000] {logging_mixin.py:190} INFO - [2025-03-28T18:49:14.785+0000] {dagbag.py:588} INFO - Filling up the DagBag from /workspaces/airflow-tutorial/airflow_home/dags/my_second_dag.py
[2025-03-28T18:49:14.791+0000] {processor.py:925} INFO - DAG(s) 'my_second_dag' retrieved from /workspaces/airflow-tutorial/airflow_home/dags/my_second_dag.py
[2025-03-28T18:49:14.801+0000] {logging_mixin.py:190} INFO - [2025-03-28T18:49:14.801+0000] {dag.py:3239} INFO - Sync 1 DAGs
[2025-03-28T18:49:14.817+0000] {logging_mixin.py:190} INFO - [2025-03-28T18:49:14.816+0000] {dag.py:4180} INFO - Setting next_dagrun for my_second_dag to 2024-03-01 00:00:00+00:00, run_after=2024-03-02 00:00:00+00:00
[2025-03-28T18:49:14.832+0000] {processor.py:208} INFO - Processing /workspaces/airflow-tutorial/airflow_home/dags/my_second_dag.py took 0.053 seconds
[2025-03-28T18:50:11.745+0000] {processor.py:186} INFO - Started process (PID=23409) to work on /workspaces/airflow-tutorial/airflow_home/dags/my_second_dag.py
[2025-03-28T18:50:11.746+0000] {processor.py:914} INFO - Processing file /workspaces/airflow-tutorial/airflow_home/dags/my_second_dag.py for tasks to queue
[2025-03-28T18:50:11.747+0000] {logging_mixin.py:190} INFO - [2025-03-28T18:50:11.747+0000] {dagbag.py:588} INFO - Filling up the DagBag from /workspaces/airflow-tutorial/airflow_home/dags/my_second_dag.py
[2025-03-28T18:50:11.753+0000] {processor.py:925} INFO - DAG(s) 'my_second_dag' retrieved from /workspaces/airflow-tutorial/airflow_home/dags/my_second_dag.py
[2025-03-28T18:50:11.763+0000] {logging_mixin.py:190} INFO - [2025-03-28T18:50:11.763+0000] {dag.py:3239} INFO - Sync 1 DAGs
[2025-03-28T18:50:11.777+0000] {logging_mixin.py:190} INFO - [2025-03-28T18:50:11.777+0000] {dag.py:4180} INFO - Setting next_dagrun for my_second_dag to 2024-03-01 00:00:00+00:00, run_after=2024-03-02 00:00:00+00:00
[2025-03-28T18:50:11.792+0000] {processor.py:208} INFO - Processing /workspaces/airflow-tutorial/airflow_home/dags/my_second_dag.py took 0.050 seconds
[2025-03-28T18:51:32.365+0000] {processor.py:186} INFO - Started process (PID=24115) to work on /workspaces/airflow-tutorial/airflow_home/dags/my_second_dag.py
[2025-03-28T18:51:32.365+0000] {processor.py:914} INFO - Processing file /workspaces/airflow-tutorial/airflow_home/dags/my_second_dag.py for tasks to queue
[2025-03-28T18:51:32.366+0000] {logging_mixin.py:190} INFO - [2025-03-28T18:51:32.366+0000] {dagbag.py:588} INFO - Filling up the DagBag from /workspaces/airflow-tutorial/airflow_home/dags/my_second_dag.py
[2025-03-28T18:51:32.372+0000] {processor.py:925} INFO - DAG(s) 'my_second_dag' retrieved from /workspaces/airflow-tutorial/airflow_home/dags/my_second_dag.py
[2025-03-28T18:51:32.382+0000] {logging_mixin.py:190} INFO - [2025-03-28T18:51:32.382+0000] {dag.py:3239} INFO - Sync 1 DAGs
[2025-03-28T18:51:32.398+0000] {logging_mixin.py:190} INFO - [2025-03-28T18:51:32.397+0000] {dag.py:4180} INFO - Setting next_dagrun for my_second_dag to 2024-03-01 00:00:00+00:00, run_after=2024-03-02 00:00:00+00:00
[2025-03-28T18:51:32.412+0000] {processor.py:208} INFO - Processing /workspaces/airflow-tutorial/airflow_home/dags/my_second_dag.py took 0.051 seconds
[2025-03-28T18:54:02.303+0000] {processor.py:186} INFO - Started process (PID=25594) to work on /workspaces/airflow-tutorial/airflow_home/dags/my_second_dag.py
[2025-03-28T18:54:02.304+0000] {processor.py:914} INFO - Processing file /workspaces/airflow-tutorial/airflow_home/dags/my_second_dag.py for tasks to queue
[2025-03-28T18:54:02.305+0000] {logging_mixin.py:190} INFO - [2025-03-28T18:54:02.304+0000] {dagbag.py:588} INFO - Filling up the DagBag from /workspaces/airflow-tutorial/airflow_home/dags/my_second_dag.py
[2025-03-28T18:54:02.311+0000] {processor.py:925} INFO - DAG(s) 'my_second_dag' retrieved from /workspaces/airflow-tutorial/airflow_home/dags/my_second_dag.py
[2025-03-28T18:54:02.321+0000] {logging_mixin.py:190} INFO - [2025-03-28T18:54:02.321+0000] {dag.py:3239} INFO - Sync 1 DAGs
[2025-03-28T18:54:02.336+0000] {logging_mixin.py:190} INFO - [2025-03-28T18:54:02.335+0000] {dag.py:4180} INFO - Setting next_dagrun for my_second_dag to 2024-03-01 00:00:00+00:00, run_after=2024-03-02 00:00:00+00:00
[2025-03-28T18:54:02.350+0000] {processor.py:208} INFO - Processing /workspaces/airflow-tutorial/airflow_home/dags/my_second_dag.py took 0.051 seconds
[2025-03-28T18:56:38.224+0000] {processor.py:186} INFO - Started process (PID=27197) to work on /workspaces/airflow-tutorial/airflow_home/dags/my_second_dag.py
[2025-03-28T18:56:38.225+0000] {processor.py:914} INFO - Processing file /workspaces/airflow-tutorial/airflow_home/dags/my_second_dag.py for tasks to queue
[2025-03-28T18:56:38.226+0000] {logging_mixin.py:190} INFO - [2025-03-28T18:56:38.226+0000] {dagbag.py:588} INFO - Filling up the DagBag from /workspaces/airflow-tutorial/airflow_home/dags/my_second_dag.py
[2025-03-28T18:56:38.232+0000] {processor.py:925} INFO - DAG(s) 'my_second_dag' retrieved from /workspaces/airflow-tutorial/airflow_home/dags/my_second_dag.py
[2025-03-28T18:56:38.242+0000] {logging_mixin.py:190} INFO - [2025-03-28T18:56:38.242+0000] {dag.py:3239} INFO - Sync 1 DAGs
[2025-03-28T18:56:38.257+0000] {logging_mixin.py:190} INFO - [2025-03-28T18:56:38.257+0000] {dag.py:4180} INFO - Setting next_dagrun for my_second_dag to 2024-03-01 00:00:00+00:00, run_after=2024-03-02 00:00:00+00:00
[2025-03-28T18:56:38.272+0000] {processor.py:208} INFO - Processing /workspaces/airflow-tutorial/airflow_home/dags/my_second_dag.py took 0.051 seconds
[2025-03-28T18:59:12.414+0000] {processor.py:186} INFO - Started process (PID=28861) to work on /workspaces/airflow-tutorial/airflow_home/dags/my_second_dag.py
[2025-03-28T18:59:12.415+0000] {processor.py:914} INFO - Processing file /workspaces/airflow-tutorial/airflow_home/dags/my_second_dag.py for tasks to queue
[2025-03-28T18:59:12.415+0000] {logging_mixin.py:190} INFO - [2025-03-28T18:59:12.415+0000] {dagbag.py:588} INFO - Filling up the DagBag from /workspaces/airflow-tutorial/airflow_home/dags/my_second_dag.py
[2025-03-28T18:59:12.421+0000] {processor.py:925} INFO - DAG(s) 'my_second_dag' retrieved from /workspaces/airflow-tutorial/airflow_home/dags/my_second_dag.py
[2025-03-28T18:59:12.431+0000] {logging_mixin.py:190} INFO - [2025-03-28T18:59:12.431+0000] {dag.py:3239} INFO - Sync 1 DAGs
[2025-03-28T18:59:12.446+0000] {logging_mixin.py:190} INFO - [2025-03-28T18:59:12.446+0000] {dag.py:4180} INFO - Setting next_dagrun for my_second_dag to 2024-03-01 00:00:00+00:00, run_after=2024-03-02 00:00:00+00:00
[2025-03-28T18:59:12.460+0000] {processor.py:208} INFO - Processing /workspaces/airflow-tutorial/airflow_home/dags/my_second_dag.py took 0.050 seconds
