[2025-03-28T18:24:16.852+0000] {processor.py:186} INFO - Started process (PID=9238) to work on /usr/local/python/3.12.1/lib/python3.12/site-packages/airflow/example_dags/example_sensors.py
[2025-03-28T18:24:16.853+0000] {processor.py:914} INFO - Processing file /usr/local/python/3.12.1/lib/python3.12/site-packages/airflow/example_dags/example_sensors.py for tasks to queue
[2025-03-28T18:24:16.854+0000] {logging_mixin.py:190} INFO - [2025-03-28T18:24:16.854+0000] {dagbag.py:588} INFO - Filling up the DagBag from /usr/local/python/3.12.1/lib/python3.12/site-packages/airflow/example_dags/example_sensors.py
[2025-03-28T18:24:16.862+0000] {processor.py:925} INFO - DAG(s) 'example_sensors' retrieved from /usr/local/python/3.12.1/lib/python3.12/site-packages/airflow/example_dags/example_sensors.py
[2025-03-28T18:24:16.951+0000] {logging_mixin.py:190} INFO - [2025-03-28T18:24:16.951+0000] {override.py:1930} INFO - Created Permission View: can edit on DAG:example_sensors
[2025-03-28T18:24:16.959+0000] {logging_mixin.py:190} INFO - [2025-03-28T18:24:16.959+0000] {override.py:1930} INFO - Created Permission View: can delete on DAG:example_sensors
[2025-03-28T18:24:16.965+0000] {logging_mixin.py:190} INFO - [2025-03-28T18:24:16.965+0000] {override.py:1930} INFO - Created Permission View: can read on DAG:example_sensors
[2025-03-28T18:24:16.973+0000] {logging_mixin.py:190} INFO - [2025-03-28T18:24:16.973+0000] {override.py:1930} INFO - Created Permission View: menu access on DAG Run:example_sensors
[2025-03-28T18:24:16.979+0000] {logging_mixin.py:190} INFO - [2025-03-28T18:24:16.978+0000] {override.py:1930} INFO - Created Permission View: can create on DAG Run:example_sensors
[2025-03-28T18:24:16.984+0000] {logging_mixin.py:190} INFO - [2025-03-28T18:24:16.984+0000] {override.py:1930} INFO - Created Permission View: can delete on DAG Run:example_sensors
[2025-03-28T18:24:16.989+0000] {logging_mixin.py:190} INFO - [2025-03-28T18:24:16.989+0000] {override.py:1930} INFO - Created Permission View: can read on DAG Run:example_sensors
[2025-03-28T18:24:16.990+0000] {logging_mixin.py:190} INFO - [2025-03-28T18:24:16.990+0000] {dag.py:3239} INFO - Sync 1 DAGs
[2025-03-28T18:24:16.999+0000] {logging_mixin.py:190} INFO - [2025-03-28T18:24:16.999+0000] {dag.py:3262} INFO - Creating ORM DAG for example_sensors
[2025-03-28T18:24:17.000+0000] {logging_mixin.py:190} INFO - [2025-03-28T18:24:17.000+0000] {dag.py:4180} INFO - Setting next_dagrun for example_sensors to None, run_after=None
[2025-03-28T18:24:17.014+0000] {processor.py:208} INFO - Processing /usr/local/python/3.12.1/lib/python3.12/site-packages/airflow/example_dags/example_sensors.py took 0.166 seconds
[2025-03-28T18:25:16.752+0000] {processor.py:186} INFO - Started process (PID=9756) to work on /usr/local/python/3.12.1/lib/python3.12/site-packages/airflow/example_dags/example_sensors.py
[2025-03-28T18:25:16.753+0000] {processor.py:914} INFO - Processing file /usr/local/python/3.12.1/lib/python3.12/site-packages/airflow/example_dags/example_sensors.py for tasks to queue
[2025-03-28T18:25:16.755+0000] {logging_mixin.py:190} INFO - [2025-03-28T18:25:16.754+0000] {dagbag.py:588} INFO - Filling up the DagBag from /usr/local/python/3.12.1/lib/python3.12/site-packages/airflow/example_dags/example_sensors.py
[2025-03-28T18:25:16.763+0000] {processor.py:925} INFO - DAG(s) 'example_sensors' retrieved from /usr/local/python/3.12.1/lib/python3.12/site-packages/airflow/example_dags/example_sensors.py
[2025-03-28T18:25:16.778+0000] {logging_mixin.py:190} INFO - [2025-03-28T18:25:16.778+0000] {dag.py:3239} INFO - Sync 1 DAGs
[2025-03-28T18:25:16.788+0000] {logging_mixin.py:190} INFO - [2025-03-28T18:25:16.788+0000] {dag.py:4180} INFO - Setting next_dagrun for example_sensors to None, run_after=None
[2025-03-28T18:25:16.803+0000] {processor.py:208} INFO - Processing /usr/local/python/3.12.1/lib/python3.12/site-packages/airflow/example_dags/example_sensors.py took 0.054 seconds
[2025-03-28T18:26:10.448+0000] {processor.py:186} INFO - Started process (PID=10217) to work on /usr/local/python/3.12.1/lib/python3.12/site-packages/airflow/example_dags/example_sensors.py
[2025-03-28T18:26:10.449+0000] {processor.py:914} INFO - Processing file /usr/local/python/3.12.1/lib/python3.12/site-packages/airflow/example_dags/example_sensors.py for tasks to queue
[2025-03-28T18:26:10.450+0000] {logging_mixin.py:190} INFO - [2025-03-28T18:26:10.450+0000] {dagbag.py:588} INFO - Filling up the DagBag from /usr/local/python/3.12.1/lib/python3.12/site-packages/airflow/example_dags/example_sensors.py
[2025-03-28T18:26:10.459+0000] {processor.py:925} INFO - DAG(s) 'example_sensors' retrieved from /usr/local/python/3.12.1/lib/python3.12/site-packages/airflow/example_dags/example_sensors.py
[2025-03-28T18:26:10.475+0000] {logging_mixin.py:190} INFO - [2025-03-28T18:26:10.475+0000] {dag.py:3239} INFO - Sync 1 DAGs
[2025-03-28T18:26:10.485+0000] {logging_mixin.py:190} INFO - [2025-03-28T18:26:10.485+0000] {dag.py:4180} INFO - Setting next_dagrun for example_sensors to None, run_after=None
[2025-03-28T18:26:10.499+0000] {processor.py:208} INFO - Processing /usr/local/python/3.12.1/lib/python3.12/site-packages/airflow/example_dags/example_sensors.py took 0.055 seconds
[2025-03-28T18:28:19.066+0000] {processor.py:186} INFO - Started process (PID=11450) to work on /usr/local/python/3.12.1/lib/python3.12/site-packages/airflow/example_dags/example_sensors.py
[2025-03-28T18:28:19.067+0000] {processor.py:914} INFO - Processing file /usr/local/python/3.12.1/lib/python3.12/site-packages/airflow/example_dags/example_sensors.py for tasks to queue
[2025-03-28T18:28:19.068+0000] {logging_mixin.py:190} INFO - [2025-03-28T18:28:19.068+0000] {dagbag.py:588} INFO - Filling up the DagBag from /usr/local/python/3.12.1/lib/python3.12/site-packages/airflow/example_dags/example_sensors.py
[2025-03-28T18:28:19.076+0000] {processor.py:925} INFO - DAG(s) 'example_sensors' retrieved from /usr/local/python/3.12.1/lib/python3.12/site-packages/airflow/example_dags/example_sensors.py
[2025-03-28T18:28:19.092+0000] {logging_mixin.py:190} INFO - [2025-03-28T18:28:19.092+0000] {dag.py:3239} INFO - Sync 1 DAGs
[2025-03-28T18:28:19.102+0000] {logging_mixin.py:190} INFO - [2025-03-28T18:28:19.102+0000] {dag.py:4180} INFO - Setting next_dagrun for example_sensors to None, run_after=None
[2025-03-28T18:28:19.117+0000] {processor.py:208} INFO - Processing /usr/local/python/3.12.1/lib/python3.12/site-packages/airflow/example_dags/example_sensors.py took 0.055 seconds
[2025-03-28T18:29:12.289+0000] {processor.py:186} INFO - Started process (PID=11882) to work on /usr/local/python/3.12.1/lib/python3.12/site-packages/airflow/example_dags/example_sensors.py
[2025-03-28T18:29:12.290+0000] {processor.py:914} INFO - Processing file /usr/local/python/3.12.1/lib/python3.12/site-packages/airflow/example_dags/example_sensors.py for tasks to queue
[2025-03-28T18:29:12.291+0000] {logging_mixin.py:190} INFO - [2025-03-28T18:29:12.291+0000] {dagbag.py:588} INFO - Filling up the DagBag from /usr/local/python/3.12.1/lib/python3.12/site-packages/airflow/example_dags/example_sensors.py
[2025-03-28T18:29:12.299+0000] {processor.py:925} INFO - DAG(s) 'example_sensors' retrieved from /usr/local/python/3.12.1/lib/python3.12/site-packages/airflow/example_dags/example_sensors.py
[2025-03-28T18:29:12.314+0000] {logging_mixin.py:190} INFO - [2025-03-28T18:29:12.314+0000] {dag.py:3239} INFO - Sync 1 DAGs
[2025-03-28T18:29:12.323+0000] {logging_mixin.py:190} INFO - [2025-03-28T18:29:12.323+0000] {dag.py:4180} INFO - Setting next_dagrun for example_sensors to None, run_after=None
[2025-03-28T18:29:12.338+0000] {processor.py:208} INFO - Processing /usr/local/python/3.12.1/lib/python3.12/site-packages/airflow/example_dags/example_sensors.py took 0.053 seconds
[2025-03-28T18:30:06.252+0000] {processor.py:186} INFO - Started process (PID=12354) to work on /usr/local/python/3.12.1/lib/python3.12/site-packages/airflow/example_dags/example_sensors.py
[2025-03-28T18:30:06.253+0000] {processor.py:914} INFO - Processing file /usr/local/python/3.12.1/lib/python3.12/site-packages/airflow/example_dags/example_sensors.py for tasks to queue
[2025-03-28T18:30:06.254+0000] {logging_mixin.py:190} INFO - [2025-03-28T18:30:06.254+0000] {dagbag.py:588} INFO - Filling up the DagBag from /usr/local/python/3.12.1/lib/python3.12/site-packages/airflow/example_dags/example_sensors.py
[2025-03-28T18:30:06.263+0000] {processor.py:925} INFO - DAG(s) 'example_sensors' retrieved from /usr/local/python/3.12.1/lib/python3.12/site-packages/airflow/example_dags/example_sensors.py
[2025-03-28T18:30:06.278+0000] {logging_mixin.py:190} INFO - [2025-03-28T18:30:06.278+0000] {dag.py:3239} INFO - Sync 1 DAGs
[2025-03-28T18:30:06.287+0000] {logging_mixin.py:190} INFO - [2025-03-28T18:30:06.287+0000] {dag.py:4180} INFO - Setting next_dagrun for example_sensors to None, run_after=None
[2025-03-28T18:30:06.301+0000] {processor.py:208} INFO - Processing /usr/local/python/3.12.1/lib/python3.12/site-packages/airflow/example_dags/example_sensors.py took 0.053 seconds
[2025-03-28T18:30:56.048+0000] {processor.py:186} INFO - Started process (PID=12757) to work on /usr/local/python/3.12.1/lib/python3.12/site-packages/airflow/example_dags/example_sensors.py
[2025-03-28T18:30:56.049+0000] {processor.py:914} INFO - Processing file /usr/local/python/3.12.1/lib/python3.12/site-packages/airflow/example_dags/example_sensors.py for tasks to queue
[2025-03-28T18:30:56.050+0000] {logging_mixin.py:190} INFO - [2025-03-28T18:30:56.050+0000] {dagbag.py:588} INFO - Filling up the DagBag from /usr/local/python/3.12.1/lib/python3.12/site-packages/airflow/example_dags/example_sensors.py
[2025-03-28T18:30:56.058+0000] {processor.py:925} INFO - DAG(s) 'example_sensors' retrieved from /usr/local/python/3.12.1/lib/python3.12/site-packages/airflow/example_dags/example_sensors.py
[2025-03-28T18:30:56.074+0000] {logging_mixin.py:190} INFO - [2025-03-28T18:30:56.074+0000] {dag.py:3239} INFO - Sync 1 DAGs
[2025-03-28T18:30:56.084+0000] {logging_mixin.py:190} INFO - [2025-03-28T18:30:56.084+0000] {dag.py:4180} INFO - Setting next_dagrun for example_sensors to None, run_after=None
[2025-03-28T18:30:56.099+0000] {processor.py:208} INFO - Processing /usr/local/python/3.12.1/lib/python3.12/site-packages/airflow/example_dags/example_sensors.py took 0.055 seconds
[2025-03-28T18:31:46.297+0000] {processor.py:186} INFO - Started process (PID=13164) to work on /usr/local/python/3.12.1/lib/python3.12/site-packages/airflow/example_dags/example_sensors.py
[2025-03-28T18:31:46.298+0000] {processor.py:914} INFO - Processing file /usr/local/python/3.12.1/lib/python3.12/site-packages/airflow/example_dags/example_sensors.py for tasks to queue
[2025-03-28T18:31:46.299+0000] {logging_mixin.py:190} INFO - [2025-03-28T18:31:46.299+0000] {dagbag.py:588} INFO - Filling up the DagBag from /usr/local/python/3.12.1/lib/python3.12/site-packages/airflow/example_dags/example_sensors.py
[2025-03-28T18:31:46.307+0000] {processor.py:925} INFO - DAG(s) 'example_sensors' retrieved from /usr/local/python/3.12.1/lib/python3.12/site-packages/airflow/example_dags/example_sensors.py
[2025-03-28T18:31:46.322+0000] {logging_mixin.py:190} INFO - [2025-03-28T18:31:46.322+0000] {dag.py:3239} INFO - Sync 1 DAGs
[2025-03-28T18:31:46.332+0000] {logging_mixin.py:190} INFO - [2025-03-28T18:31:46.331+0000] {dag.py:4180} INFO - Setting next_dagrun for example_sensors to None, run_after=None
[2025-03-28T18:31:46.347+0000] {processor.py:208} INFO - Processing /usr/local/python/3.12.1/lib/python3.12/site-packages/airflow/example_dags/example_sensors.py took 0.053 seconds
[2025-03-28T18:32:35.967+0000] {processor.py:186} INFO - Started process (PID=13710) to work on /usr/local/python/3.12.1/lib/python3.12/site-packages/airflow/example_dags/example_sensors.py
[2025-03-28T18:32:35.967+0000] {processor.py:914} INFO - Processing file /usr/local/python/3.12.1/lib/python3.12/site-packages/airflow/example_dags/example_sensors.py for tasks to queue
[2025-03-28T18:32:35.969+0000] {logging_mixin.py:190} INFO - [2025-03-28T18:32:35.969+0000] {dagbag.py:588} INFO - Filling up the DagBag from /usr/local/python/3.12.1/lib/python3.12/site-packages/airflow/example_dags/example_sensors.py
[2025-03-28T18:32:35.977+0000] {processor.py:925} INFO - DAG(s) 'example_sensors' retrieved from /usr/local/python/3.12.1/lib/python3.12/site-packages/airflow/example_dags/example_sensors.py
[2025-03-28T18:32:35.993+0000] {logging_mixin.py:190} INFO - [2025-03-28T18:32:35.993+0000] {dag.py:3239} INFO - Sync 1 DAGs
[2025-03-28T18:32:36.002+0000] {logging_mixin.py:190} INFO - [2025-03-28T18:32:36.002+0000] {dag.py:4180} INFO - Setting next_dagrun for example_sensors to None, run_after=None
[2025-03-28T18:32:36.017+0000] {processor.py:208} INFO - Processing /usr/local/python/3.12.1/lib/python3.12/site-packages/airflow/example_dags/example_sensors.py took 0.054 seconds
[2025-03-28T18:33:24.370+0000] {processor.py:186} INFO - Started process (PID=14123) to work on /usr/local/python/3.12.1/lib/python3.12/site-packages/airflow/example_dags/example_sensors.py
[2025-03-28T18:33:24.370+0000] {processor.py:914} INFO - Processing file /usr/local/python/3.12.1/lib/python3.12/site-packages/airflow/example_dags/example_sensors.py for tasks to queue
[2025-03-28T18:33:24.372+0000] {logging_mixin.py:190} INFO - [2025-03-28T18:33:24.371+0000] {dagbag.py:588} INFO - Filling up the DagBag from /usr/local/python/3.12.1/lib/python3.12/site-packages/airflow/example_dags/example_sensors.py
[2025-03-28T18:33:24.382+0000] {processor.py:925} INFO - DAG(s) 'example_sensors' retrieved from /usr/local/python/3.12.1/lib/python3.12/site-packages/airflow/example_dags/example_sensors.py
[2025-03-28T18:33:24.403+0000] {logging_mixin.py:190} INFO - [2025-03-28T18:33:24.403+0000] {dag.py:3239} INFO - Sync 1 DAGs
[2025-03-28T18:33:24.413+0000] {logging_mixin.py:190} INFO - [2025-03-28T18:33:24.413+0000] {dag.py:4180} INFO - Setting next_dagrun for example_sensors to None, run_after=None
[2025-03-28T18:33:24.428+0000] {processor.py:208} INFO - Processing /usr/local/python/3.12.1/lib/python3.12/site-packages/airflow/example_dags/example_sensors.py took 0.062 seconds
[2025-03-28T18:34:14.973+0000] {processor.py:186} INFO - Started process (PID=14566) to work on /usr/local/python/3.12.1/lib/python3.12/site-packages/airflow/example_dags/example_sensors.py
[2025-03-28T18:34:14.974+0000] {processor.py:914} INFO - Processing file /usr/local/python/3.12.1/lib/python3.12/site-packages/airflow/example_dags/example_sensors.py for tasks to queue
[2025-03-28T18:34:14.975+0000] {logging_mixin.py:190} INFO - [2025-03-28T18:34:14.975+0000] {dagbag.py:588} INFO - Filling up the DagBag from /usr/local/python/3.12.1/lib/python3.12/site-packages/airflow/example_dags/example_sensors.py
[2025-03-28T18:34:14.983+0000] {processor.py:925} INFO - DAG(s) 'example_sensors' retrieved from /usr/local/python/3.12.1/lib/python3.12/site-packages/airflow/example_dags/example_sensors.py
[2025-03-28T18:34:14.998+0000] {logging_mixin.py:190} INFO - [2025-03-28T18:34:14.998+0000] {dag.py:3239} INFO - Sync 1 DAGs
[2025-03-28T18:34:15.008+0000] {logging_mixin.py:190} INFO - [2025-03-28T18:34:15.007+0000] {dag.py:4180} INFO - Setting next_dagrun for example_sensors to None, run_after=None
[2025-03-28T18:34:15.021+0000] {processor.py:208} INFO - Processing /usr/local/python/3.12.1/lib/python3.12/site-packages/airflow/example_dags/example_sensors.py took 0.053 seconds
[2025-03-28T18:35:05.052+0000] {processor.py:186} INFO - Started process (PID=14981) to work on /usr/local/python/3.12.1/lib/python3.12/site-packages/airflow/example_dags/example_sensors.py
[2025-03-28T18:35:05.053+0000] {processor.py:914} INFO - Processing file /usr/local/python/3.12.1/lib/python3.12/site-packages/airflow/example_dags/example_sensors.py for tasks to queue
[2025-03-28T18:35:05.054+0000] {logging_mixin.py:190} INFO - [2025-03-28T18:35:05.054+0000] {dagbag.py:588} INFO - Filling up the DagBag from /usr/local/python/3.12.1/lib/python3.12/site-packages/airflow/example_dags/example_sensors.py
[2025-03-28T18:35:05.062+0000] {processor.py:925} INFO - DAG(s) 'example_sensors' retrieved from /usr/local/python/3.12.1/lib/python3.12/site-packages/airflow/example_dags/example_sensors.py
[2025-03-28T18:35:05.077+0000] {logging_mixin.py:190} INFO - [2025-03-28T18:35:05.077+0000] {dag.py:3239} INFO - Sync 1 DAGs
[2025-03-28T18:35:05.086+0000] {logging_mixin.py:190} INFO - [2025-03-28T18:35:05.086+0000] {dag.py:4180} INFO - Setting next_dagrun for example_sensors to None, run_after=None
[2025-03-28T18:35:05.102+0000] {processor.py:208} INFO - Processing /usr/local/python/3.12.1/lib/python3.12/site-packages/airflow/example_dags/example_sensors.py took 0.054 seconds
[2025-03-28T18:35:54.079+0000] {processor.py:186} INFO - Started process (PID=15427) to work on /usr/local/python/3.12.1/lib/python3.12/site-packages/airflow/example_dags/example_sensors.py
[2025-03-28T18:35:54.080+0000] {processor.py:914} INFO - Processing file /usr/local/python/3.12.1/lib/python3.12/site-packages/airflow/example_dags/example_sensors.py for tasks to queue
[2025-03-28T18:35:54.081+0000] {logging_mixin.py:190} INFO - [2025-03-28T18:35:54.081+0000] {dagbag.py:588} INFO - Filling up the DagBag from /usr/local/python/3.12.1/lib/python3.12/site-packages/airflow/example_dags/example_sensors.py
[2025-03-28T18:35:54.092+0000] {processor.py:925} INFO - DAG(s) 'example_sensors' retrieved from /usr/local/python/3.12.1/lib/python3.12/site-packages/airflow/example_dags/example_sensors.py
[2025-03-28T18:35:54.108+0000] {logging_mixin.py:190} INFO - [2025-03-28T18:35:54.108+0000] {dag.py:3239} INFO - Sync 1 DAGs
[2025-03-28T18:35:54.117+0000] {logging_mixin.py:190} INFO - [2025-03-28T18:35:54.117+0000] {dag.py:4180} INFO - Setting next_dagrun for example_sensors to None, run_after=None
[2025-03-28T18:35:54.136+0000] {processor.py:208} INFO - Processing /usr/local/python/3.12.1/lib/python3.12/site-packages/airflow/example_dags/example_sensors.py took 0.061 seconds
[2025-03-28T18:37:52.682+0000] {processor.py:186} INFO - Started process (PID=16718) to work on /usr/local/python/3.12.1/lib/python3.12/site-packages/airflow/example_dags/example_sensors.py
[2025-03-28T18:37:52.683+0000] {processor.py:914} INFO - Processing file /usr/local/python/3.12.1/lib/python3.12/site-packages/airflow/example_dags/example_sensors.py for tasks to queue
[2025-03-28T18:37:52.684+0000] {logging_mixin.py:190} INFO - [2025-03-28T18:37:52.684+0000] {dagbag.py:588} INFO - Filling up the DagBag from /usr/local/python/3.12.1/lib/python3.12/site-packages/airflow/example_dags/example_sensors.py
[2025-03-28T18:37:52.692+0000] {processor.py:925} INFO - DAG(s) 'example_sensors' retrieved from /usr/local/python/3.12.1/lib/python3.12/site-packages/airflow/example_dags/example_sensors.py
[2025-03-28T18:37:52.712+0000] {logging_mixin.py:190} INFO - [2025-03-28T18:37:52.711+0000] {dag.py:3239} INFO - Sync 1 DAGs
[2025-03-28T18:37:52.726+0000] {logging_mixin.py:190} INFO - [2025-03-28T18:37:52.726+0000] {dag.py:4180} INFO - Setting next_dagrun for example_sensors to None, run_after=None
[2025-03-28T18:37:52.742+0000] {processor.py:208} INFO - Processing /usr/local/python/3.12.1/lib/python3.12/site-packages/airflow/example_dags/example_sensors.py took 0.064 seconds
[2025-03-28T18:38:46.945+0000] {processor.py:186} INFO - Started process (PID=17199) to work on /usr/local/python/3.12.1/lib/python3.12/site-packages/airflow/example_dags/example_sensors.py
[2025-03-28T18:38:46.946+0000] {processor.py:914} INFO - Processing file /usr/local/python/3.12.1/lib/python3.12/site-packages/airflow/example_dags/example_sensors.py for tasks to queue
[2025-03-28T18:38:46.947+0000] {logging_mixin.py:190} INFO - [2025-03-28T18:38:46.947+0000] {dagbag.py:588} INFO - Filling up the DagBag from /usr/local/python/3.12.1/lib/python3.12/site-packages/airflow/example_dags/example_sensors.py
[2025-03-28T18:38:46.955+0000] {processor.py:925} INFO - DAG(s) 'example_sensors' retrieved from /usr/local/python/3.12.1/lib/python3.12/site-packages/airflow/example_dags/example_sensors.py
[2025-03-28T18:38:46.971+0000] {logging_mixin.py:190} INFO - [2025-03-28T18:38:46.970+0000] {dag.py:3239} INFO - Sync 1 DAGs
[2025-03-28T18:38:46.980+0000] {logging_mixin.py:190} INFO - [2025-03-28T18:38:46.980+0000] {dag.py:4180} INFO - Setting next_dagrun for example_sensors to None, run_after=None
[2025-03-28T18:38:46.995+0000] {processor.py:208} INFO - Processing /usr/local/python/3.12.1/lib/python3.12/site-packages/airflow/example_dags/example_sensors.py took 0.054 seconds
[2025-03-28T18:39:41.176+0000] {processor.py:186} INFO - Started process (PID=17676) to work on /usr/local/python/3.12.1/lib/python3.12/site-packages/airflow/example_dags/example_sensors.py
[2025-03-28T18:39:41.176+0000] {processor.py:914} INFO - Processing file /usr/local/python/3.12.1/lib/python3.12/site-packages/airflow/example_dags/example_sensors.py for tasks to queue
[2025-03-28T18:39:41.178+0000] {logging_mixin.py:190} INFO - [2025-03-28T18:39:41.177+0000] {dagbag.py:588} INFO - Filling up the DagBag from /usr/local/python/3.12.1/lib/python3.12/site-packages/airflow/example_dags/example_sensors.py
[2025-03-28T18:39:41.186+0000] {processor.py:925} INFO - DAG(s) 'example_sensors' retrieved from /usr/local/python/3.12.1/lib/python3.12/site-packages/airflow/example_dags/example_sensors.py
[2025-03-28T18:39:41.201+0000] {logging_mixin.py:190} INFO - [2025-03-28T18:39:41.201+0000] {dag.py:3239} INFO - Sync 1 DAGs
[2025-03-28T18:39:41.210+0000] {logging_mixin.py:190} INFO - [2025-03-28T18:39:41.210+0000] {dag.py:4180} INFO - Setting next_dagrun for example_sensors to None, run_after=None
[2025-03-28T18:39:41.225+0000] {processor.py:208} INFO - Processing /usr/local/python/3.12.1/lib/python3.12/site-packages/airflow/example_dags/example_sensors.py took 0.053 seconds
[2025-03-28T18:40:40.970+0000] {processor.py:186} INFO - Started process (PID=18367) to work on /usr/local/python/3.12.1/lib/python3.12/site-packages/airflow/example_dags/example_sensors.py
[2025-03-28T18:40:40.971+0000] {processor.py:914} INFO - Processing file /usr/local/python/3.12.1/lib/python3.12/site-packages/airflow/example_dags/example_sensors.py for tasks to queue
[2025-03-28T18:40:40.972+0000] {logging_mixin.py:190} INFO - [2025-03-28T18:40:40.972+0000] {dagbag.py:588} INFO - Filling up the DagBag from /usr/local/python/3.12.1/lib/python3.12/site-packages/airflow/example_dags/example_sensors.py
[2025-03-28T18:40:40.980+0000] {processor.py:925} INFO - DAG(s) 'example_sensors' retrieved from /usr/local/python/3.12.1/lib/python3.12/site-packages/airflow/example_dags/example_sensors.py
[2025-03-28T18:40:40.997+0000] {logging_mixin.py:190} INFO - [2025-03-28T18:40:40.997+0000] {dag.py:3239} INFO - Sync 1 DAGs
[2025-03-28T18:40:41.007+0000] {logging_mixin.py:190} INFO - [2025-03-28T18:40:41.007+0000] {dag.py:4180} INFO - Setting next_dagrun for example_sensors to None, run_after=None
[2025-03-28T18:40:41.021+0000] {processor.py:208} INFO - Processing /usr/local/python/3.12.1/lib/python3.12/site-packages/airflow/example_dags/example_sensors.py took 0.055 seconds
[2025-03-28T18:41:34.258+0000] {processor.py:186} INFO - Started process (PID=18951) to work on /usr/local/python/3.12.1/lib/python3.12/site-packages/airflow/example_dags/example_sensors.py
[2025-03-28T18:41:34.258+0000] {processor.py:914} INFO - Processing file /usr/local/python/3.12.1/lib/python3.12/site-packages/airflow/example_dags/example_sensors.py for tasks to queue
[2025-03-28T18:41:34.260+0000] {logging_mixin.py:190} INFO - [2025-03-28T18:41:34.259+0000] {dagbag.py:588} INFO - Filling up the DagBag from /usr/local/python/3.12.1/lib/python3.12/site-packages/airflow/example_dags/example_sensors.py
[2025-03-28T18:41:34.268+0000] {processor.py:925} INFO - DAG(s) 'example_sensors' retrieved from /usr/local/python/3.12.1/lib/python3.12/site-packages/airflow/example_dags/example_sensors.py
[2025-03-28T18:41:34.285+0000] {logging_mixin.py:190} INFO - [2025-03-28T18:41:34.285+0000] {dag.py:3239} INFO - Sync 1 DAGs
[2025-03-28T18:41:34.295+0000] {logging_mixin.py:190} INFO - [2025-03-28T18:41:34.295+0000] {dag.py:4180} INFO - Setting next_dagrun for example_sensors to None, run_after=None
[2025-03-28T18:41:34.309+0000] {processor.py:208} INFO - Processing /usr/local/python/3.12.1/lib/python3.12/site-packages/airflow/example_dags/example_sensors.py took 0.055 seconds
[2025-03-28T18:42:33.028+0000] {processor.py:186} INFO - Started process (PID=19476) to work on /usr/local/python/3.12.1/lib/python3.12/site-packages/airflow/example_dags/example_sensors.py
[2025-03-28T18:42:33.029+0000] {processor.py:914} INFO - Processing file /usr/local/python/3.12.1/lib/python3.12/site-packages/airflow/example_dags/example_sensors.py for tasks to queue
[2025-03-28T18:42:33.030+0000] {logging_mixin.py:190} INFO - [2025-03-28T18:42:33.030+0000] {dagbag.py:588} INFO - Filling up the DagBag from /usr/local/python/3.12.1/lib/python3.12/site-packages/airflow/example_dags/example_sensors.py
[2025-03-28T18:42:33.039+0000] {processor.py:925} INFO - DAG(s) 'example_sensors' retrieved from /usr/local/python/3.12.1/lib/python3.12/site-packages/airflow/example_dags/example_sensors.py
[2025-03-28T18:42:33.055+0000] {logging_mixin.py:190} INFO - [2025-03-28T18:42:33.054+0000] {dag.py:3239} INFO - Sync 1 DAGs
[2025-03-28T18:42:33.064+0000] {logging_mixin.py:190} INFO - [2025-03-28T18:42:33.064+0000] {dag.py:4180} INFO - Setting next_dagrun for example_sensors to None, run_after=None
[2025-03-28T18:42:33.080+0000] {processor.py:208} INFO - Processing /usr/local/python/3.12.1/lib/python3.12/site-packages/airflow/example_dags/example_sensors.py took 0.055 seconds
[2025-03-28T18:43:29.535+0000] {processor.py:186} INFO - Started process (PID=19971) to work on /usr/local/python/3.12.1/lib/python3.12/site-packages/airflow/example_dags/example_sensors.py
[2025-03-28T18:43:29.535+0000] {processor.py:914} INFO - Processing file /usr/local/python/3.12.1/lib/python3.12/site-packages/airflow/example_dags/example_sensors.py for tasks to queue
[2025-03-28T18:43:29.537+0000] {logging_mixin.py:190} INFO - [2025-03-28T18:43:29.536+0000] {dagbag.py:588} INFO - Filling up the DagBag from /usr/local/python/3.12.1/lib/python3.12/site-packages/airflow/example_dags/example_sensors.py
[2025-03-28T18:43:29.545+0000] {processor.py:925} INFO - DAG(s) 'example_sensors' retrieved from /usr/local/python/3.12.1/lib/python3.12/site-packages/airflow/example_dags/example_sensors.py
[2025-03-28T18:43:29.560+0000] {logging_mixin.py:190} INFO - [2025-03-28T18:43:29.560+0000] {dag.py:3239} INFO - Sync 1 DAGs
[2025-03-28T18:43:29.569+0000] {logging_mixin.py:190} INFO - [2025-03-28T18:43:29.569+0000] {dag.py:4180} INFO - Setting next_dagrun for example_sensors to None, run_after=None
[2025-03-28T18:43:29.584+0000] {processor.py:208} INFO - Processing /usr/local/python/3.12.1/lib/python3.12/site-packages/airflow/example_dags/example_sensors.py took 0.053 seconds
[2025-03-28T18:44:24.851+0000] {processor.py:186} INFO - Started process (PID=20470) to work on /usr/local/python/3.12.1/lib/python3.12/site-packages/airflow/example_dags/example_sensors.py
[2025-03-28T18:44:24.852+0000] {processor.py:914} INFO - Processing file /usr/local/python/3.12.1/lib/python3.12/site-packages/airflow/example_dags/example_sensors.py for tasks to queue
[2025-03-28T18:44:24.853+0000] {logging_mixin.py:190} INFO - [2025-03-28T18:44:24.853+0000] {dagbag.py:588} INFO - Filling up the DagBag from /usr/local/python/3.12.1/lib/python3.12/site-packages/airflow/example_dags/example_sensors.py
[2025-03-28T18:44:24.861+0000] {processor.py:925} INFO - DAG(s) 'example_sensors' retrieved from /usr/local/python/3.12.1/lib/python3.12/site-packages/airflow/example_dags/example_sensors.py
[2025-03-28T18:44:24.876+0000] {logging_mixin.py:190} INFO - [2025-03-28T18:44:24.876+0000] {dag.py:3239} INFO - Sync 1 DAGs
[2025-03-28T18:44:24.885+0000] {logging_mixin.py:190} INFO - [2025-03-28T18:44:24.885+0000] {dag.py:4180} INFO - Setting next_dagrun for example_sensors to None, run_after=None
[2025-03-28T18:44:24.900+0000] {processor.py:208} INFO - Processing /usr/local/python/3.12.1/lib/python3.12/site-packages/airflow/example_dags/example_sensors.py took 0.053 seconds
[2025-03-28T18:45:18.929+0000] {processor.py:186} INFO - Started process (PID=20947) to work on /usr/local/python/3.12.1/lib/python3.12/site-packages/airflow/example_dags/example_sensors.py
[2025-03-28T18:45:18.929+0000] {processor.py:914} INFO - Processing file /usr/local/python/3.12.1/lib/python3.12/site-packages/airflow/example_dags/example_sensors.py for tasks to queue
[2025-03-28T18:45:18.931+0000] {logging_mixin.py:190} INFO - [2025-03-28T18:45:18.931+0000] {dagbag.py:588} INFO - Filling up the DagBag from /usr/local/python/3.12.1/lib/python3.12/site-packages/airflow/example_dags/example_sensors.py
[2025-03-28T18:45:18.939+0000] {processor.py:925} INFO - DAG(s) 'example_sensors' retrieved from /usr/local/python/3.12.1/lib/python3.12/site-packages/airflow/example_dags/example_sensors.py
[2025-03-28T18:45:18.955+0000] {logging_mixin.py:190} INFO - [2025-03-28T18:45:18.955+0000] {dag.py:3239} INFO - Sync 1 DAGs
[2025-03-28T18:45:18.964+0000] {logging_mixin.py:190} INFO - [2025-03-28T18:45:18.964+0000] {dag.py:4180} INFO - Setting next_dagrun for example_sensors to None, run_after=None
[2025-03-28T18:45:18.979+0000] {processor.py:208} INFO - Processing /usr/local/python/3.12.1/lib/python3.12/site-packages/airflow/example_dags/example_sensors.py took 0.054 seconds
[2025-03-28T18:46:12.748+0000] {processor.py:186} INFO - Started process (PID=21431) to work on /usr/local/python/3.12.1/lib/python3.12/site-packages/airflow/example_dags/example_sensors.py
[2025-03-28T18:46:12.749+0000] {processor.py:914} INFO - Processing file /usr/local/python/3.12.1/lib/python3.12/site-packages/airflow/example_dags/example_sensors.py for tasks to queue
[2025-03-28T18:46:12.750+0000] {logging_mixin.py:190} INFO - [2025-03-28T18:46:12.750+0000] {dagbag.py:588} INFO - Filling up the DagBag from /usr/local/python/3.12.1/lib/python3.12/site-packages/airflow/example_dags/example_sensors.py
[2025-03-28T18:46:12.761+0000] {processor.py:925} INFO - DAG(s) 'example_sensors' retrieved from /usr/local/python/3.12.1/lib/python3.12/site-packages/airflow/example_dags/example_sensors.py
[2025-03-28T18:46:12.777+0000] {logging_mixin.py:190} INFO - [2025-03-28T18:46:12.777+0000] {dag.py:3239} INFO - Sync 1 DAGs
[2025-03-28T18:46:12.789+0000] {logging_mixin.py:190} INFO - [2025-03-28T18:46:12.789+0000] {dag.py:4180} INFO - Setting next_dagrun for example_sensors to None, run_after=None
[2025-03-28T18:46:12.805+0000] {processor.py:208} INFO - Processing /usr/local/python/3.12.1/lib/python3.12/site-packages/airflow/example_dags/example_sensors.py took 0.062 seconds
[2025-03-28T18:47:06.687+0000] {processor.py:186} INFO - Started process (PID=21908) to work on /usr/local/python/3.12.1/lib/python3.12/site-packages/airflow/example_dags/example_sensors.py
[2025-03-28T18:47:06.687+0000] {processor.py:914} INFO - Processing file /usr/local/python/3.12.1/lib/python3.12/site-packages/airflow/example_dags/example_sensors.py for tasks to queue
[2025-03-28T18:47:06.688+0000] {logging_mixin.py:190} INFO - [2025-03-28T18:47:06.688+0000] {dagbag.py:588} INFO - Filling up the DagBag from /usr/local/python/3.12.1/lib/python3.12/site-packages/airflow/example_dags/example_sensors.py
[2025-03-28T18:47:06.697+0000] {processor.py:925} INFO - DAG(s) 'example_sensors' retrieved from /usr/local/python/3.12.1/lib/python3.12/site-packages/airflow/example_dags/example_sensors.py
[2025-03-28T18:47:06.713+0000] {logging_mixin.py:190} INFO - [2025-03-28T18:47:06.712+0000] {dag.py:3239} INFO - Sync 1 DAGs
[2025-03-28T18:47:06.722+0000] {logging_mixin.py:190} INFO - [2025-03-28T18:47:06.722+0000] {dag.py:4180} INFO - Setting next_dagrun for example_sensors to None, run_after=None
[2025-03-28T18:47:06.737+0000] {processor.py:208} INFO - Processing /usr/local/python/3.12.1/lib/python3.12/site-packages/airflow/example_dags/example_sensors.py took 0.055 seconds
[2025-03-28T18:47:58.230+0000] {processor.py:186} INFO - Started process (PID=22321) to work on /usr/local/python/3.12.1/lib/python3.12/site-packages/airflow/example_dags/example_sensors.py
[2025-03-28T18:47:58.230+0000] {processor.py:914} INFO - Processing file /usr/local/python/3.12.1/lib/python3.12/site-packages/airflow/example_dags/example_sensors.py for tasks to queue
[2025-03-28T18:47:58.231+0000] {logging_mixin.py:190} INFO - [2025-03-28T18:47:58.231+0000] {dagbag.py:588} INFO - Filling up the DagBag from /usr/local/python/3.12.1/lib/python3.12/site-packages/airflow/example_dags/example_sensors.py
[2025-03-28T18:47:58.240+0000] {processor.py:925} INFO - DAG(s) 'example_sensors' retrieved from /usr/local/python/3.12.1/lib/python3.12/site-packages/airflow/example_dags/example_sensors.py
[2025-03-28T18:47:58.255+0000] {logging_mixin.py:190} INFO - [2025-03-28T18:47:58.255+0000] {dag.py:3239} INFO - Sync 1 DAGs
[2025-03-28T18:47:58.264+0000] {logging_mixin.py:190} INFO - [2025-03-28T18:47:58.264+0000] {dag.py:4180} INFO - Setting next_dagrun for example_sensors to None, run_after=None
[2025-03-28T18:47:58.279+0000] {processor.py:208} INFO - Processing /usr/local/python/3.12.1/lib/python3.12/site-packages/airflow/example_dags/example_sensors.py took 0.054 seconds
[2025-03-28T18:48:54.722+0000] {processor.py:186} INFO - Started process (PID=22772) to work on /usr/local/python/3.12.1/lib/python3.12/site-packages/airflow/example_dags/example_sensors.py
[2025-03-28T18:48:54.723+0000] {processor.py:914} INFO - Processing file /usr/local/python/3.12.1/lib/python3.12/site-packages/airflow/example_dags/example_sensors.py for tasks to queue
[2025-03-28T18:48:54.724+0000] {logging_mixin.py:190} INFO - [2025-03-28T18:48:54.724+0000] {dagbag.py:588} INFO - Filling up the DagBag from /usr/local/python/3.12.1/lib/python3.12/site-packages/airflow/example_dags/example_sensors.py
[2025-03-28T18:48:54.733+0000] {processor.py:925} INFO - DAG(s) 'example_sensors' retrieved from /usr/local/python/3.12.1/lib/python3.12/site-packages/airflow/example_dags/example_sensors.py
[2025-03-28T18:48:54.748+0000] {logging_mixin.py:190} INFO - [2025-03-28T18:48:54.747+0000] {dag.py:3239} INFO - Sync 1 DAGs
[2025-03-28T18:48:54.756+0000] {logging_mixin.py:190} INFO - [2025-03-28T18:48:54.756+0000] {dag.py:4180} INFO - Setting next_dagrun for example_sensors to None, run_after=None
[2025-03-28T18:48:54.771+0000] {processor.py:208} INFO - Processing /usr/local/python/3.12.1/lib/python3.12/site-packages/airflow/example_dags/example_sensors.py took 0.052 seconds
[2025-03-28T18:49:49.111+0000] {processor.py:186} INFO - Started process (PID=23229) to work on /usr/local/python/3.12.1/lib/python3.12/site-packages/airflow/example_dags/example_sensors.py
[2025-03-28T18:49:49.112+0000] {processor.py:914} INFO - Processing file /usr/local/python/3.12.1/lib/python3.12/site-packages/airflow/example_dags/example_sensors.py for tasks to queue
[2025-03-28T18:49:49.113+0000] {logging_mixin.py:190} INFO - [2025-03-28T18:49:49.112+0000] {dagbag.py:588} INFO - Filling up the DagBag from /usr/local/python/3.12.1/lib/python3.12/site-packages/airflow/example_dags/example_sensors.py
[2025-03-28T18:49:49.121+0000] {processor.py:925} INFO - DAG(s) 'example_sensors' retrieved from /usr/local/python/3.12.1/lib/python3.12/site-packages/airflow/example_dags/example_sensors.py
[2025-03-28T18:49:49.137+0000] {logging_mixin.py:190} INFO - [2025-03-28T18:49:49.137+0000] {dag.py:3239} INFO - Sync 1 DAGs
[2025-03-28T18:49:49.146+0000] {logging_mixin.py:190} INFO - [2025-03-28T18:49:49.146+0000] {dag.py:4180} INFO - Setting next_dagrun for example_sensors to None, run_after=None
[2025-03-28T18:49:49.161+0000] {processor.py:208} INFO - Processing /usr/local/python/3.12.1/lib/python3.12/site-packages/airflow/example_dags/example_sensors.py took 0.054 seconds
[2025-03-28T18:50:47.729+0000] {processor.py:186} INFO - Started process (PID=23705) to work on /usr/local/python/3.12.1/lib/python3.12/site-packages/airflow/example_dags/example_sensors.py
[2025-03-28T18:50:47.730+0000] {processor.py:914} INFO - Processing file /usr/local/python/3.12.1/lib/python3.12/site-packages/airflow/example_dags/example_sensors.py for tasks to queue
[2025-03-28T18:50:47.731+0000] {logging_mixin.py:190} INFO - [2025-03-28T18:50:47.731+0000] {dagbag.py:588} INFO - Filling up the DagBag from /usr/local/python/3.12.1/lib/python3.12/site-packages/airflow/example_dags/example_sensors.py
[2025-03-28T18:50:47.740+0000] {processor.py:925} INFO - DAG(s) 'example_sensors' retrieved from /usr/local/python/3.12.1/lib/python3.12/site-packages/airflow/example_dags/example_sensors.py
[2025-03-28T18:50:47.759+0000] {logging_mixin.py:190} INFO - [2025-03-28T18:50:47.759+0000] {dag.py:3239} INFO - Sync 1 DAGs
[2025-03-28T18:50:47.769+0000] {logging_mixin.py:190} INFO - [2025-03-28T18:50:47.769+0000] {dag.py:4180} INFO - Setting next_dagrun for example_sensors to None, run_after=None
[2025-03-28T18:50:47.784+0000] {processor.py:208} INFO - Processing /usr/local/python/3.12.1/lib/python3.12/site-packages/airflow/example_dags/example_sensors.py took 0.059 seconds
[2025-03-28T18:53:07.190+0000] {processor.py:186} INFO - Started process (PID=25045) to work on /usr/local/python/3.12.1/lib/python3.12/site-packages/airflow/example_dags/example_sensors.py
[2025-03-28T18:53:07.190+0000] {processor.py:914} INFO - Processing file /usr/local/python/3.12.1/lib/python3.12/site-packages/airflow/example_dags/example_sensors.py for tasks to queue
[2025-03-28T18:53:07.191+0000] {logging_mixin.py:190} INFO - [2025-03-28T18:53:07.191+0000] {dagbag.py:588} INFO - Filling up the DagBag from /usr/local/python/3.12.1/lib/python3.12/site-packages/airflow/example_dags/example_sensors.py
[2025-03-28T18:53:07.200+0000] {processor.py:925} INFO - DAG(s) 'example_sensors' retrieved from /usr/local/python/3.12.1/lib/python3.12/site-packages/airflow/example_dags/example_sensors.py
[2025-03-28T18:53:07.215+0000] {logging_mixin.py:190} INFO - [2025-03-28T18:53:07.215+0000] {dag.py:3239} INFO - Sync 1 DAGs
[2025-03-28T18:53:07.225+0000] {logging_mixin.py:190} INFO - [2025-03-28T18:53:07.225+0000] {dag.py:4180} INFO - Setting next_dagrun for example_sensors to None, run_after=None
[2025-03-28T18:53:07.240+0000] {processor.py:208} INFO - Processing /usr/local/python/3.12.1/lib/python3.12/site-packages/airflow/example_dags/example_sensors.py took 0.054 seconds
[2025-03-28T18:55:40.949+0000] {processor.py:186} INFO - Started process (PID=26557) to work on /usr/local/python/3.12.1/lib/python3.12/site-packages/airflow/example_dags/example_sensors.py
[2025-03-28T18:55:40.950+0000] {processor.py:914} INFO - Processing file /usr/local/python/3.12.1/lib/python3.12/site-packages/airflow/example_dags/example_sensors.py for tasks to queue
[2025-03-28T18:55:40.950+0000] {logging_mixin.py:190} INFO - [2025-03-28T18:55:40.950+0000] {dagbag.py:588} INFO - Filling up the DagBag from /usr/local/python/3.12.1/lib/python3.12/site-packages/airflow/example_dags/example_sensors.py
[2025-03-28T18:55:40.959+0000] {processor.py:925} INFO - DAG(s) 'example_sensors' retrieved from /usr/local/python/3.12.1/lib/python3.12/site-packages/airflow/example_dags/example_sensors.py
[2025-03-28T18:55:40.974+0000] {logging_mixin.py:190} INFO - [2025-03-28T18:55:40.974+0000] {dag.py:3239} INFO - Sync 1 DAGs
[2025-03-28T18:55:40.984+0000] {logging_mixin.py:190} INFO - [2025-03-28T18:55:40.984+0000] {dag.py:4180} INFO - Setting next_dagrun for example_sensors to None, run_after=None
[2025-03-28T18:55:40.998+0000] {processor.py:208} INFO - Processing /usr/local/python/3.12.1/lib/python3.12/site-packages/airflow/example_dags/example_sensors.py took 0.053 seconds
[2025-03-28T18:58:15.393+0000] {processor.py:186} INFO - Started process (PID=28281) to work on /usr/local/python/3.12.1/lib/python3.12/site-packages/airflow/example_dags/example_sensors.py
[2025-03-28T18:58:15.394+0000] {processor.py:914} INFO - Processing file /usr/local/python/3.12.1/lib/python3.12/site-packages/airflow/example_dags/example_sensors.py for tasks to queue
[2025-03-28T18:58:15.395+0000] {logging_mixin.py:190} INFO - [2025-03-28T18:58:15.394+0000] {dagbag.py:588} INFO - Filling up the DagBag from /usr/local/python/3.12.1/lib/python3.12/site-packages/airflow/example_dags/example_sensors.py
[2025-03-28T18:58:15.403+0000] {processor.py:925} INFO - DAG(s) 'example_sensors' retrieved from /usr/local/python/3.12.1/lib/python3.12/site-packages/airflow/example_dags/example_sensors.py
[2025-03-28T18:58:15.419+0000] {logging_mixin.py:190} INFO - [2025-03-28T18:58:15.418+0000] {dag.py:3239} INFO - Sync 1 DAGs
[2025-03-28T18:58:15.428+0000] {logging_mixin.py:190} INFO - [2025-03-28T18:58:15.428+0000] {dag.py:4180} INFO - Setting next_dagrun for example_sensors to None, run_after=None
[2025-03-28T18:58:15.442+0000] {processor.py:208} INFO - Processing /usr/local/python/3.12.1/lib/python3.12/site-packages/airflow/example_dags/example_sensors.py took 0.053 seconds
[2025-03-28T19:00:50.879+0000] {processor.py:186} INFO - Started process (PID=29845) to work on /usr/local/python/3.12.1/lib/python3.12/site-packages/airflow/example_dags/example_sensors.py
[2025-03-28T19:00:50.880+0000] {processor.py:914} INFO - Processing file /usr/local/python/3.12.1/lib/python3.12/site-packages/airflow/example_dags/example_sensors.py for tasks to queue
[2025-03-28T19:00:50.881+0000] {logging_mixin.py:190} INFO - [2025-03-28T19:00:50.880+0000] {dagbag.py:588} INFO - Filling up the DagBag from /usr/local/python/3.12.1/lib/python3.12/site-packages/airflow/example_dags/example_sensors.py
[2025-03-28T19:00:50.889+0000] {processor.py:925} INFO - DAG(s) 'example_sensors' retrieved from /usr/local/python/3.12.1/lib/python3.12/site-packages/airflow/example_dags/example_sensors.py
[2025-03-28T19:00:50.905+0000] {logging_mixin.py:190} INFO - [2025-03-28T19:00:50.905+0000] {dag.py:3239} INFO - Sync 1 DAGs
[2025-03-28T19:00:50.914+0000] {logging_mixin.py:190} INFO - [2025-03-28T19:00:50.914+0000] {dag.py:4180} INFO - Setting next_dagrun for example_sensors to None, run_after=None
[2025-03-28T19:00:50.929+0000] {processor.py:208} INFO - Processing /usr/local/python/3.12.1/lib/python3.12/site-packages/airflow/example_dags/example_sensors.py took 0.054 seconds
[2025-03-28T19:03:26.211+0000] {processor.py:186} INFO - Started process (PID=31807) to work on /usr/local/python/3.12.1/lib/python3.12/site-packages/airflow/example_dags/example_sensors.py
[2025-03-28T19:03:26.212+0000] {processor.py:914} INFO - Processing file /usr/local/python/3.12.1/lib/python3.12/site-packages/airflow/example_dags/example_sensors.py for tasks to queue
[2025-03-28T19:03:26.212+0000] {logging_mixin.py:190} INFO - [2025-03-28T19:03:26.212+0000] {dagbag.py:588} INFO - Filling up the DagBag from /usr/local/python/3.12.1/lib/python3.12/site-packages/airflow/example_dags/example_sensors.py
[2025-03-28T19:03:26.221+0000] {processor.py:925} INFO - DAG(s) 'example_sensors' retrieved from /usr/local/python/3.12.1/lib/python3.12/site-packages/airflow/example_dags/example_sensors.py
[2025-03-28T19:03:26.237+0000] {logging_mixin.py:190} INFO - [2025-03-28T19:03:26.237+0000] {dag.py:3239} INFO - Sync 1 DAGs
[2025-03-28T19:03:26.246+0000] {logging_mixin.py:190} INFO - [2025-03-28T19:03:26.246+0000] {dag.py:4180} INFO - Setting next_dagrun for example_sensors to None, run_after=None
[2025-03-28T19:03:26.261+0000] {processor.py:208} INFO - Processing /usr/local/python/3.12.1/lib/python3.12/site-packages/airflow/example_dags/example_sensors.py took 0.054 seconds
[2025-03-28T19:06:01.281+0000] {processor.py:186} INFO - Started process (PID=33476) to work on /usr/local/python/3.12.1/lib/python3.12/site-packages/airflow/example_dags/example_sensors.py
[2025-03-28T19:06:01.282+0000] {processor.py:914} INFO - Processing file /usr/local/python/3.12.1/lib/python3.12/site-packages/airflow/example_dags/example_sensors.py for tasks to queue
[2025-03-28T19:06:01.283+0000] {logging_mixin.py:190} INFO - [2025-03-28T19:06:01.282+0000] {dagbag.py:588} INFO - Filling up the DagBag from /usr/local/python/3.12.1/lib/python3.12/site-packages/airflow/example_dags/example_sensors.py
[2025-03-28T19:06:01.291+0000] {processor.py:925} INFO - DAG(s) 'example_sensors' retrieved from /usr/local/python/3.12.1/lib/python3.12/site-packages/airflow/example_dags/example_sensors.py
[2025-03-28T19:06:01.307+0000] {logging_mixin.py:190} INFO - [2025-03-28T19:06:01.307+0000] {dag.py:3239} INFO - Sync 1 DAGs
[2025-03-28T19:06:01.316+0000] {logging_mixin.py:190} INFO - [2025-03-28T19:06:01.316+0000] {dag.py:4180} INFO - Setting next_dagrun for example_sensors to None, run_after=None
[2025-03-28T19:06:01.331+0000] {processor.py:208} INFO - Processing /usr/local/python/3.12.1/lib/python3.12/site-packages/airflow/example_dags/example_sensors.py took 0.053 seconds
[2025-03-28T19:08:38.873+0000] {processor.py:186} INFO - Started process (PID=36298) to work on /usr/local/python/3.12.1/lib/python3.12/site-packages/airflow/example_dags/example_sensors.py
[2025-03-28T19:08:38.874+0000] {processor.py:914} INFO - Processing file /usr/local/python/3.12.1/lib/python3.12/site-packages/airflow/example_dags/example_sensors.py for tasks to queue
[2025-03-28T19:08:38.875+0000] {logging_mixin.py:190} INFO - [2025-03-28T19:08:38.874+0000] {dagbag.py:588} INFO - Filling up the DagBag from /usr/local/python/3.12.1/lib/python3.12/site-packages/airflow/example_dags/example_sensors.py
[2025-03-28T19:08:38.883+0000] {processor.py:925} INFO - DAG(s) 'example_sensors' retrieved from /usr/local/python/3.12.1/lib/python3.12/site-packages/airflow/example_dags/example_sensors.py
[2025-03-28T19:08:38.900+0000] {logging_mixin.py:190} INFO - [2025-03-28T19:08:38.900+0000] {dag.py:3239} INFO - Sync 1 DAGs
[2025-03-28T19:08:38.909+0000] {logging_mixin.py:190} INFO - [2025-03-28T19:08:38.909+0000] {dag.py:4180} INFO - Setting next_dagrun for example_sensors to None, run_after=None
[2025-03-28T19:08:38.923+0000] {processor.py:208} INFO - Processing /usr/local/python/3.12.1/lib/python3.12/site-packages/airflow/example_dags/example_sensors.py took 0.054 seconds
[2025-03-28T19:11:33.651+0000] {processor.py:186} INFO - Started process (PID=38423) to work on /usr/local/python/3.12.1/lib/python3.12/site-packages/airflow/example_dags/example_sensors.py
[2025-03-28T19:11:33.652+0000] {processor.py:914} INFO - Processing file /usr/local/python/3.12.1/lib/python3.12/site-packages/airflow/example_dags/example_sensors.py for tasks to queue
[2025-03-28T19:11:33.653+0000] {logging_mixin.py:190} INFO - [2025-03-28T19:11:33.653+0000] {dagbag.py:588} INFO - Filling up the DagBag from /usr/local/python/3.12.1/lib/python3.12/site-packages/airflow/example_dags/example_sensors.py
[2025-03-28T19:11:33.661+0000] {processor.py:925} INFO - DAG(s) 'example_sensors' retrieved from /usr/local/python/3.12.1/lib/python3.12/site-packages/airflow/example_dags/example_sensors.py
[2025-03-28T19:11:33.678+0000] {logging_mixin.py:190} INFO - [2025-03-28T19:11:33.678+0000] {dag.py:3239} INFO - Sync 1 DAGs
[2025-03-28T19:11:33.690+0000] {logging_mixin.py:190} INFO - [2025-03-28T19:11:33.689+0000] {dag.py:4180} INFO - Setting next_dagrun for example_sensors to None, run_after=None
[2025-03-28T19:11:33.708+0000] {processor.py:208} INFO - Processing /usr/local/python/3.12.1/lib/python3.12/site-packages/airflow/example_dags/example_sensors.py took 0.060 seconds
[2025-03-28T19:14:35.747+0000] {processor.py:186} INFO - Started process (PID=40380) to work on /usr/local/python/3.12.1/lib/python3.12/site-packages/airflow/example_dags/example_sensors.py
[2025-03-28T19:14:35.748+0000] {processor.py:914} INFO - Processing file /usr/local/python/3.12.1/lib/python3.12/site-packages/airflow/example_dags/example_sensors.py for tasks to queue
[2025-03-28T19:14:35.749+0000] {logging_mixin.py:190} INFO - [2025-03-28T19:14:35.749+0000] {dagbag.py:588} INFO - Filling up the DagBag from /usr/local/python/3.12.1/lib/python3.12/site-packages/airflow/example_dags/example_sensors.py
[2025-03-28T19:14:35.758+0000] {processor.py:925} INFO - DAG(s) 'example_sensors' retrieved from /usr/local/python/3.12.1/lib/python3.12/site-packages/airflow/example_dags/example_sensors.py
[2025-03-28T19:14:35.773+0000] {logging_mixin.py:190} INFO - [2025-03-28T19:14:35.773+0000] {dag.py:3239} INFO - Sync 1 DAGs
[2025-03-28T19:14:35.782+0000] {logging_mixin.py:190} INFO - [2025-03-28T19:14:35.782+0000] {dag.py:4180} INFO - Setting next_dagrun for example_sensors to None, run_after=None
[2025-03-28T19:14:35.797+0000] {processor.py:208} INFO - Processing /usr/local/python/3.12.1/lib/python3.12/site-packages/airflow/example_dags/example_sensors.py took 0.054 seconds
[2025-03-28T19:17:10.546+0000] {processor.py:186} INFO - Started process (PID=41909) to work on /usr/local/python/3.12.1/lib/python3.12/site-packages/airflow/example_dags/example_sensors.py
[2025-03-28T19:17:10.547+0000] {processor.py:914} INFO - Processing file /usr/local/python/3.12.1/lib/python3.12/site-packages/airflow/example_dags/example_sensors.py for tasks to queue
[2025-03-28T19:17:10.548+0000] {logging_mixin.py:190} INFO - [2025-03-28T19:17:10.548+0000] {dagbag.py:588} INFO - Filling up the DagBag from /usr/local/python/3.12.1/lib/python3.12/site-packages/airflow/example_dags/example_sensors.py
[2025-03-28T19:17:10.556+0000] {processor.py:925} INFO - DAG(s) 'example_sensors' retrieved from /usr/local/python/3.12.1/lib/python3.12/site-packages/airflow/example_dags/example_sensors.py
[2025-03-28T19:17:10.572+0000] {logging_mixin.py:190} INFO - [2025-03-28T19:17:10.572+0000] {dag.py:3239} INFO - Sync 1 DAGs
[2025-03-28T19:17:10.581+0000] {logging_mixin.py:190} INFO - [2025-03-28T19:17:10.581+0000] {dag.py:4180} INFO - Setting next_dagrun for example_sensors to None, run_after=None
[2025-03-28T19:17:10.596+0000] {processor.py:208} INFO - Processing /usr/local/python/3.12.1/lib/python3.12/site-packages/airflow/example_dags/example_sensors.py took 0.054 seconds
[2025-03-28T19:19:45.476+0000] {processor.py:186} INFO - Started process (PID=43445) to work on /usr/local/python/3.12.1/lib/python3.12/site-packages/airflow/example_dags/example_sensors.py
[2025-03-28T19:19:45.477+0000] {processor.py:914} INFO - Processing file /usr/local/python/3.12.1/lib/python3.12/site-packages/airflow/example_dags/example_sensors.py for tasks to queue
[2025-03-28T19:19:45.478+0000] {logging_mixin.py:190} INFO - [2025-03-28T19:19:45.478+0000] {dagbag.py:588} INFO - Filling up the DagBag from /usr/local/python/3.12.1/lib/python3.12/site-packages/airflow/example_dags/example_sensors.py
[2025-03-28T19:19:45.486+0000] {processor.py:925} INFO - DAG(s) 'example_sensors' retrieved from /usr/local/python/3.12.1/lib/python3.12/site-packages/airflow/example_dags/example_sensors.py
[2025-03-28T19:19:45.502+0000] {logging_mixin.py:190} INFO - [2025-03-28T19:19:45.502+0000] {dag.py:3239} INFO - Sync 1 DAGs
[2025-03-28T19:19:45.511+0000] {logging_mixin.py:190} INFO - [2025-03-28T19:19:45.511+0000] {dag.py:4180} INFO - Setting next_dagrun for example_sensors to None, run_after=None
[2025-03-28T19:19:45.525+0000] {processor.py:208} INFO - Processing /usr/local/python/3.12.1/lib/python3.12/site-packages/airflow/example_dags/example_sensors.py took 0.052 seconds
[2025-03-28T19:22:21.118+0000] {processor.py:186} INFO - Started process (PID=44970) to work on /usr/local/python/3.12.1/lib/python3.12/site-packages/airflow/example_dags/example_sensors.py
[2025-03-28T19:22:21.119+0000] {processor.py:914} INFO - Processing file /usr/local/python/3.12.1/lib/python3.12/site-packages/airflow/example_dags/example_sensors.py for tasks to queue
[2025-03-28T19:22:21.120+0000] {logging_mixin.py:190} INFO - [2025-03-28T19:22:21.120+0000] {dagbag.py:588} INFO - Filling up the DagBag from /usr/local/python/3.12.1/lib/python3.12/site-packages/airflow/example_dags/example_sensors.py
[2025-03-28T19:22:21.129+0000] {processor.py:925} INFO - DAG(s) 'example_sensors' retrieved from /usr/local/python/3.12.1/lib/python3.12/site-packages/airflow/example_dags/example_sensors.py
[2025-03-28T19:22:21.144+0000] {logging_mixin.py:190} INFO - [2025-03-28T19:22:21.144+0000] {dag.py:3239} INFO - Sync 1 DAGs
[2025-03-28T19:22:21.154+0000] {logging_mixin.py:190} INFO - [2025-03-28T19:22:21.154+0000] {dag.py:4180} INFO - Setting next_dagrun for example_sensors to None, run_after=None
[2025-03-28T19:22:21.168+0000] {processor.py:208} INFO - Processing /usr/local/python/3.12.1/lib/python3.12/site-packages/airflow/example_dags/example_sensors.py took 0.053 seconds
[2025-03-28T19:24:55.850+0000] {processor.py:186} INFO - Started process (PID=46495) to work on /usr/local/python/3.12.1/lib/python3.12/site-packages/airflow/example_dags/example_sensors.py
[2025-03-28T19:24:55.850+0000] {processor.py:914} INFO - Processing file /usr/local/python/3.12.1/lib/python3.12/site-packages/airflow/example_dags/example_sensors.py for tasks to queue
[2025-03-28T19:24:55.852+0000] {logging_mixin.py:190} INFO - [2025-03-28T19:24:55.851+0000] {dagbag.py:588} INFO - Filling up the DagBag from /usr/local/python/3.12.1/lib/python3.12/site-packages/airflow/example_dags/example_sensors.py
[2025-03-28T19:24:55.860+0000] {processor.py:925} INFO - DAG(s) 'example_sensors' retrieved from /usr/local/python/3.12.1/lib/python3.12/site-packages/airflow/example_dags/example_sensors.py
[2025-03-28T19:24:55.875+0000] {logging_mixin.py:190} INFO - [2025-03-28T19:24:55.875+0000] {dag.py:3239} INFO - Sync 1 DAGs
[2025-03-28T19:24:55.884+0000] {logging_mixin.py:190} INFO - [2025-03-28T19:24:55.884+0000] {dag.py:4180} INFO - Setting next_dagrun for example_sensors to None, run_after=None
[2025-03-28T19:24:55.899+0000] {processor.py:208} INFO - Processing /usr/local/python/3.12.1/lib/python3.12/site-packages/airflow/example_dags/example_sensors.py took 0.053 seconds
[2025-03-28T19:26:14.089+0000] {processor.py:186} INFO - Started process (PID=47147) to work on /usr/local/python/3.12.1/lib/python3.12/site-packages/airflow/example_dags/example_sensors.py
[2025-03-28T19:26:14.090+0000] {processor.py:914} INFO - Processing file /usr/local/python/3.12.1/lib/python3.12/site-packages/airflow/example_dags/example_sensors.py for tasks to queue
[2025-03-28T19:26:14.091+0000] {logging_mixin.py:190} INFO - [2025-03-28T19:26:14.091+0000] {dagbag.py:588} INFO - Filling up the DagBag from /usr/local/python/3.12.1/lib/python3.12/site-packages/airflow/example_dags/example_sensors.py
[2025-03-28T19:26:14.100+0000] {processor.py:925} INFO - DAG(s) 'example_sensors' retrieved from /usr/local/python/3.12.1/lib/python3.12/site-packages/airflow/example_dags/example_sensors.py
[2025-03-28T19:26:14.115+0000] {logging_mixin.py:190} INFO - [2025-03-28T19:26:14.115+0000] {dag.py:3239} INFO - Sync 1 DAGs
[2025-03-28T19:26:14.124+0000] {logging_mixin.py:190} INFO - [2025-03-28T19:26:14.124+0000] {dag.py:4180} INFO - Setting next_dagrun for example_sensors to None, run_after=None
[2025-03-28T19:26:14.139+0000] {processor.py:208} INFO - Processing /usr/local/python/3.12.1/lib/python3.12/site-packages/airflow/example_dags/example_sensors.py took 0.053 seconds
[2025-03-28T19:27:05.784+0000] {processor.py:186} INFO - Started process (PID=47561) to work on /usr/local/python/3.12.1/lib/python3.12/site-packages/airflow/example_dags/example_sensors.py
[2025-03-28T19:27:05.785+0000] {processor.py:914} INFO - Processing file /usr/local/python/3.12.1/lib/python3.12/site-packages/airflow/example_dags/example_sensors.py for tasks to queue
[2025-03-28T19:27:05.787+0000] {logging_mixin.py:190} INFO - [2025-03-28T19:27:05.786+0000] {dagbag.py:588} INFO - Filling up the DagBag from /usr/local/python/3.12.1/lib/python3.12/site-packages/airflow/example_dags/example_sensors.py
[2025-03-28T19:27:05.795+0000] {processor.py:925} INFO - DAG(s) 'example_sensors' retrieved from /usr/local/python/3.12.1/lib/python3.12/site-packages/airflow/example_dags/example_sensors.py
[2025-03-28T19:27:05.810+0000] {logging_mixin.py:190} INFO - [2025-03-28T19:27:05.810+0000] {dag.py:3239} INFO - Sync 1 DAGs
[2025-03-28T19:27:05.819+0000] {logging_mixin.py:190} INFO - [2025-03-28T19:27:05.819+0000] {dag.py:4180} INFO - Setting next_dagrun for example_sensors to None, run_after=None
[2025-03-28T19:27:05.834+0000] {processor.py:208} INFO - Processing /usr/local/python/3.12.1/lib/python3.12/site-packages/airflow/example_dags/example_sensors.py took 0.053 seconds
[2025-03-28T19:27:59.054+0000] {processor.py:186} INFO - Started process (PID=47977) to work on /usr/local/python/3.12.1/lib/python3.12/site-packages/airflow/example_dags/example_sensors.py
[2025-03-28T19:27:59.055+0000] {processor.py:914} INFO - Processing file /usr/local/python/3.12.1/lib/python3.12/site-packages/airflow/example_dags/example_sensors.py for tasks to queue
[2025-03-28T19:27:59.056+0000] {logging_mixin.py:190} INFO - [2025-03-28T19:27:59.056+0000] {dagbag.py:588} INFO - Filling up the DagBag from /usr/local/python/3.12.1/lib/python3.12/site-packages/airflow/example_dags/example_sensors.py
[2025-03-28T19:27:59.065+0000] {processor.py:925} INFO - DAG(s) 'example_sensors' retrieved from /usr/local/python/3.12.1/lib/python3.12/site-packages/airflow/example_dags/example_sensors.py
[2025-03-28T19:27:59.080+0000] {logging_mixin.py:190} INFO - [2025-03-28T19:27:59.080+0000] {dag.py:3239} INFO - Sync 1 DAGs
[2025-03-28T19:27:59.089+0000] {logging_mixin.py:190} INFO - [2025-03-28T19:27:59.089+0000] {dag.py:4180} INFO - Setting next_dagrun for example_sensors to None, run_after=None
[2025-03-28T19:27:59.104+0000] {processor.py:208} INFO - Processing /usr/local/python/3.12.1/lib/python3.12/site-packages/airflow/example_dags/example_sensors.py took 0.054 seconds
[2025-03-28T19:28:49.171+0000] {processor.py:186} INFO - Started process (PID=48369) to work on /usr/local/python/3.12.1/lib/python3.12/site-packages/airflow/example_dags/example_sensors.py
[2025-03-28T19:28:49.172+0000] {processor.py:914} INFO - Processing file /usr/local/python/3.12.1/lib/python3.12/site-packages/airflow/example_dags/example_sensors.py for tasks to queue
[2025-03-28T19:28:49.173+0000] {logging_mixin.py:190} INFO - [2025-03-28T19:28:49.173+0000] {dagbag.py:588} INFO - Filling up the DagBag from /usr/local/python/3.12.1/lib/python3.12/site-packages/airflow/example_dags/example_sensors.py
[2025-03-28T19:28:49.182+0000] {processor.py:925} INFO - DAG(s) 'example_sensors' retrieved from /usr/local/python/3.12.1/lib/python3.12/site-packages/airflow/example_dags/example_sensors.py
[2025-03-28T19:28:49.197+0000] {logging_mixin.py:190} INFO - [2025-03-28T19:28:49.197+0000] {dag.py:3239} INFO - Sync 1 DAGs
[2025-03-28T19:28:49.206+0000] {logging_mixin.py:190} INFO - [2025-03-28T19:28:49.206+0000] {dag.py:4180} INFO - Setting next_dagrun for example_sensors to None, run_after=None
[2025-03-28T19:28:49.223+0000] {processor.py:208} INFO - Processing /usr/local/python/3.12.1/lib/python3.12/site-packages/airflow/example_dags/example_sensors.py took 0.055 seconds
[2025-03-28T19:29:43.845+0000] {processor.py:186} INFO - Started process (PID=48808) to work on /usr/local/python/3.12.1/lib/python3.12/site-packages/airflow/example_dags/example_sensors.py
[2025-03-28T19:29:43.846+0000] {processor.py:914} INFO - Processing file /usr/local/python/3.12.1/lib/python3.12/site-packages/airflow/example_dags/example_sensors.py for tasks to queue
[2025-03-28T19:29:43.848+0000] {logging_mixin.py:190} INFO - [2025-03-28T19:29:43.847+0000] {dagbag.py:588} INFO - Filling up the DagBag from /usr/local/python/3.12.1/lib/python3.12/site-packages/airflow/example_dags/example_sensors.py
[2025-03-28T19:29:43.856+0000] {processor.py:925} INFO - DAG(s) 'example_sensors' retrieved from /usr/local/python/3.12.1/lib/python3.12/site-packages/airflow/example_dags/example_sensors.py
[2025-03-28T19:29:43.871+0000] {logging_mixin.py:190} INFO - [2025-03-28T19:29:43.871+0000] {dag.py:3239} INFO - Sync 1 DAGs
[2025-03-28T19:29:43.880+0000] {logging_mixin.py:190} INFO - [2025-03-28T19:29:43.880+0000] {dag.py:4180} INFO - Setting next_dagrun for example_sensors to None, run_after=None
[2025-03-28T19:29:43.896+0000] {processor.py:208} INFO - Processing /usr/local/python/3.12.1/lib/python3.12/site-packages/airflow/example_dags/example_sensors.py took 0.054 seconds
[2025-03-28T19:30:39.215+0000] {processor.py:186} INFO - Started process (PID=49234) to work on /usr/local/python/3.12.1/lib/python3.12/site-packages/airflow/example_dags/example_sensors.py
[2025-03-28T19:30:39.216+0000] {processor.py:914} INFO - Processing file /usr/local/python/3.12.1/lib/python3.12/site-packages/airflow/example_dags/example_sensors.py for tasks to queue
[2025-03-28T19:30:39.217+0000] {logging_mixin.py:190} INFO - [2025-03-28T19:30:39.217+0000] {dagbag.py:588} INFO - Filling up the DagBag from /usr/local/python/3.12.1/lib/python3.12/site-packages/airflow/example_dags/example_sensors.py
[2025-03-28T19:30:39.225+0000] {processor.py:925} INFO - DAG(s) 'example_sensors' retrieved from /usr/local/python/3.12.1/lib/python3.12/site-packages/airflow/example_dags/example_sensors.py
[2025-03-28T19:30:39.240+0000] {logging_mixin.py:190} INFO - [2025-03-28T19:30:39.240+0000] {dag.py:3239} INFO - Sync 1 DAGs
[2025-03-28T19:30:39.250+0000] {logging_mixin.py:190} INFO - [2025-03-28T19:30:39.250+0000] {dag.py:4180} INFO - Setting next_dagrun for example_sensors to None, run_after=None
[2025-03-28T19:30:39.264+0000] {processor.py:208} INFO - Processing /usr/local/python/3.12.1/lib/python3.12/site-packages/airflow/example_dags/example_sensors.py took 0.053 seconds
[2025-03-28T19:31:37.034+0000] {processor.py:186} INFO - Started process (PID=49697) to work on /usr/local/python/3.12.1/lib/python3.12/site-packages/airflow/example_dags/example_sensors.py
[2025-03-28T19:31:37.035+0000] {processor.py:914} INFO - Processing file /usr/local/python/3.12.1/lib/python3.12/site-packages/airflow/example_dags/example_sensors.py for tasks to queue
[2025-03-28T19:31:37.036+0000] {logging_mixin.py:190} INFO - [2025-03-28T19:31:37.036+0000] {dagbag.py:588} INFO - Filling up the DagBag from /usr/local/python/3.12.1/lib/python3.12/site-packages/airflow/example_dags/example_sensors.py
[2025-03-28T19:31:37.045+0000] {processor.py:925} INFO - DAG(s) 'example_sensors' retrieved from /usr/local/python/3.12.1/lib/python3.12/site-packages/airflow/example_dags/example_sensors.py
[2025-03-28T19:31:37.062+0000] {logging_mixin.py:190} INFO - [2025-03-28T19:31:37.061+0000] {dag.py:3239} INFO - Sync 1 DAGs
[2025-03-28T19:31:37.071+0000] {logging_mixin.py:190} INFO - [2025-03-28T19:31:37.071+0000] {dag.py:4180} INFO - Setting next_dagrun for example_sensors to None, run_after=None
[2025-03-28T19:31:37.086+0000] {processor.py:208} INFO - Processing /usr/local/python/3.12.1/lib/python3.12/site-packages/airflow/example_dags/example_sensors.py took 0.056 seconds
[2025-03-28T19:32:33.141+0000] {processor.py:186} INFO - Started process (PID=50129) to work on /usr/local/python/3.12.1/lib/python3.12/site-packages/airflow/example_dags/example_sensors.py
[2025-03-28T19:32:33.142+0000] {processor.py:914} INFO - Processing file /usr/local/python/3.12.1/lib/python3.12/site-packages/airflow/example_dags/example_sensors.py for tasks to queue
[2025-03-28T19:32:33.144+0000] {logging_mixin.py:190} INFO - [2025-03-28T19:32:33.143+0000] {dagbag.py:588} INFO - Filling up the DagBag from /usr/local/python/3.12.1/lib/python3.12/site-packages/airflow/example_dags/example_sensors.py
[2025-03-28T19:32:33.152+0000] {processor.py:925} INFO - DAG(s) 'example_sensors' retrieved from /usr/local/python/3.12.1/lib/python3.12/site-packages/airflow/example_dags/example_sensors.py
[2025-03-28T19:32:33.168+0000] {logging_mixin.py:190} INFO - [2025-03-28T19:32:33.167+0000] {dag.py:3239} INFO - Sync 1 DAGs
[2025-03-28T19:32:33.177+0000] {logging_mixin.py:190} INFO - [2025-03-28T19:32:33.177+0000] {dag.py:4180} INFO - Setting next_dagrun for example_sensors to None, run_after=None
[2025-03-28T19:32:33.191+0000] {processor.py:208} INFO - Processing /usr/local/python/3.12.1/lib/python3.12/site-packages/airflow/example_dags/example_sensors.py took 0.053 seconds
[2025-03-28T19:33:25.690+0000] {processor.py:186} INFO - Started process (PID=50538) to work on /usr/local/python/3.12.1/lib/python3.12/site-packages/airflow/example_dags/example_sensors.py
[2025-03-28T19:33:25.691+0000] {processor.py:914} INFO - Processing file /usr/local/python/3.12.1/lib/python3.12/site-packages/airflow/example_dags/example_sensors.py for tasks to queue
[2025-03-28T19:33:25.692+0000] {logging_mixin.py:190} INFO - [2025-03-28T19:33:25.692+0000] {dagbag.py:588} INFO - Filling up the DagBag from /usr/local/python/3.12.1/lib/python3.12/site-packages/airflow/example_dags/example_sensors.py
[2025-03-28T19:33:25.701+0000] {processor.py:925} INFO - DAG(s) 'example_sensors' retrieved from /usr/local/python/3.12.1/lib/python3.12/site-packages/airflow/example_dags/example_sensors.py
[2025-03-28T19:33:25.716+0000] {logging_mixin.py:190} INFO - [2025-03-28T19:33:25.716+0000] {dag.py:3239} INFO - Sync 1 DAGs
[2025-03-28T19:33:25.726+0000] {logging_mixin.py:190} INFO - [2025-03-28T19:33:25.726+0000] {dag.py:4180} INFO - Setting next_dagrun for example_sensors to None, run_after=None
[2025-03-28T19:33:25.740+0000] {processor.py:208} INFO - Processing /usr/local/python/3.12.1/lib/python3.12/site-packages/airflow/example_dags/example_sensors.py took 0.054 seconds
[2025-03-28T19:34:18.944+0000] {processor.py:186} INFO - Started process (PID=50971) to work on /usr/local/python/3.12.1/lib/python3.12/site-packages/airflow/example_dags/example_sensors.py
[2025-03-28T19:34:18.944+0000] {processor.py:914} INFO - Processing file /usr/local/python/3.12.1/lib/python3.12/site-packages/airflow/example_dags/example_sensors.py for tasks to queue
[2025-03-28T19:34:18.946+0000] {logging_mixin.py:190} INFO - [2025-03-28T19:34:18.946+0000] {dagbag.py:588} INFO - Filling up the DagBag from /usr/local/python/3.12.1/lib/python3.12/site-packages/airflow/example_dags/example_sensors.py
[2025-03-28T19:34:18.955+0000] {processor.py:925} INFO - DAG(s) 'example_sensors' retrieved from /usr/local/python/3.12.1/lib/python3.12/site-packages/airflow/example_dags/example_sensors.py
[2025-03-28T19:34:18.973+0000] {logging_mixin.py:190} INFO - [2025-03-28T19:34:18.973+0000] {dag.py:3239} INFO - Sync 1 DAGs
[2025-03-28T19:34:18.982+0000] {logging_mixin.py:190} INFO - [2025-03-28T19:34:18.982+0000] {dag.py:4180} INFO - Setting next_dagrun for example_sensors to None, run_after=None
[2025-03-28T19:34:18.999+0000] {processor.py:208} INFO - Processing /usr/local/python/3.12.1/lib/python3.12/site-packages/airflow/example_dags/example_sensors.py took 0.059 seconds
[2025-03-28T19:35:12.739+0000] {processor.py:186} INFO - Started process (PID=51387) to work on /usr/local/python/3.12.1/lib/python3.12/site-packages/airflow/example_dags/example_sensors.py
[2025-03-28T19:35:12.740+0000] {processor.py:914} INFO - Processing file /usr/local/python/3.12.1/lib/python3.12/site-packages/airflow/example_dags/example_sensors.py for tasks to queue
[2025-03-28T19:35:12.741+0000] {logging_mixin.py:190} INFO - [2025-03-28T19:35:12.741+0000] {dagbag.py:588} INFO - Filling up the DagBag from /usr/local/python/3.12.1/lib/python3.12/site-packages/airflow/example_dags/example_sensors.py
[2025-03-28T19:35:12.750+0000] {processor.py:925} INFO - DAG(s) 'example_sensors' retrieved from /usr/local/python/3.12.1/lib/python3.12/site-packages/airflow/example_dags/example_sensors.py
[2025-03-28T19:35:12.765+0000] {logging_mixin.py:190} INFO - [2025-03-28T19:35:12.765+0000] {dag.py:3239} INFO - Sync 1 DAGs
[2025-03-28T19:35:12.775+0000] {logging_mixin.py:190} INFO - [2025-03-28T19:35:12.774+0000] {dag.py:4180} INFO - Setting next_dagrun for example_sensors to None, run_after=None
[2025-03-28T19:35:12.789+0000] {processor.py:208} INFO - Processing /usr/local/python/3.12.1/lib/python3.12/site-packages/airflow/example_dags/example_sensors.py took 0.054 seconds
[2025-03-28T19:36:08.944+0000] {processor.py:186} INFO - Started process (PID=51817) to work on /usr/local/python/3.12.1/lib/python3.12/site-packages/airflow/example_dags/example_sensors.py
[2025-03-28T19:36:08.945+0000] {processor.py:914} INFO - Processing file /usr/local/python/3.12.1/lib/python3.12/site-packages/airflow/example_dags/example_sensors.py for tasks to queue
[2025-03-28T19:36:08.947+0000] {logging_mixin.py:190} INFO - [2025-03-28T19:36:08.946+0000] {dagbag.py:588} INFO - Filling up the DagBag from /usr/local/python/3.12.1/lib/python3.12/site-packages/airflow/example_dags/example_sensors.py
[2025-03-28T19:36:08.955+0000] {processor.py:925} INFO - DAG(s) 'example_sensors' retrieved from /usr/local/python/3.12.1/lib/python3.12/site-packages/airflow/example_dags/example_sensors.py
[2025-03-28T19:36:08.971+0000] {logging_mixin.py:190} INFO - [2025-03-28T19:36:08.971+0000] {dag.py:3239} INFO - Sync 1 DAGs
[2025-03-28T19:36:08.980+0000] {logging_mixin.py:190} INFO - [2025-03-28T19:36:08.980+0000] {dag.py:4180} INFO - Setting next_dagrun for example_sensors to None, run_after=None
[2025-03-28T19:36:08.995+0000] {processor.py:208} INFO - Processing /usr/local/python/3.12.1/lib/python3.12/site-packages/airflow/example_dags/example_sensors.py took 0.055 seconds
[2025-03-28T19:37:01.992+0000] {processor.py:186} INFO - Started process (PID=52249) to work on /usr/local/python/3.12.1/lib/python3.12/site-packages/airflow/example_dags/example_sensors.py
[2025-03-28T19:37:01.992+0000] {processor.py:914} INFO - Processing file /usr/local/python/3.12.1/lib/python3.12/site-packages/airflow/example_dags/example_sensors.py for tasks to queue
[2025-03-28T19:37:01.994+0000] {logging_mixin.py:190} INFO - [2025-03-28T19:37:01.994+0000] {dagbag.py:588} INFO - Filling up the DagBag from /usr/local/python/3.12.1/lib/python3.12/site-packages/airflow/example_dags/example_sensors.py
[2025-03-28T19:37:02.002+0000] {processor.py:925} INFO - DAG(s) 'example_sensors' retrieved from /usr/local/python/3.12.1/lib/python3.12/site-packages/airflow/example_dags/example_sensors.py
[2025-03-28T19:37:02.017+0000] {logging_mixin.py:190} INFO - [2025-03-28T19:37:02.017+0000] {dag.py:3239} INFO - Sync 1 DAGs
[2025-03-28T19:37:02.027+0000] {logging_mixin.py:190} INFO - [2025-03-28T19:37:02.027+0000] {dag.py:4180} INFO - Setting next_dagrun for example_sensors to None, run_after=None
[2025-03-28T19:37:02.042+0000] {processor.py:208} INFO - Processing /usr/local/python/3.12.1/lib/python3.12/site-packages/airflow/example_dags/example_sensors.py took 0.054 seconds
[2025-03-28T19:37:57.938+0000] {processor.py:186} INFO - Started process (PID=52682) to work on /usr/local/python/3.12.1/lib/python3.12/site-packages/airflow/example_dags/example_sensors.py
[2025-03-28T19:37:57.939+0000] {processor.py:914} INFO - Processing file /usr/local/python/3.12.1/lib/python3.12/site-packages/airflow/example_dags/example_sensors.py for tasks to queue
[2025-03-28T19:37:57.940+0000] {logging_mixin.py:190} INFO - [2025-03-28T19:37:57.940+0000] {dagbag.py:588} INFO - Filling up the DagBag from /usr/local/python/3.12.1/lib/python3.12/site-packages/airflow/example_dags/example_sensors.py
[2025-03-28T19:37:57.948+0000] {processor.py:925} INFO - DAG(s) 'example_sensors' retrieved from /usr/local/python/3.12.1/lib/python3.12/site-packages/airflow/example_dags/example_sensors.py
[2025-03-28T19:37:57.964+0000] {logging_mixin.py:190} INFO - [2025-03-28T19:37:57.964+0000] {dag.py:3239} INFO - Sync 1 DAGs
[2025-03-28T19:37:57.973+0000] {logging_mixin.py:190} INFO - [2025-03-28T19:37:57.973+0000] {dag.py:4180} INFO - Setting next_dagrun for example_sensors to None, run_after=None
[2025-03-28T19:37:57.987+0000] {processor.py:208} INFO - Processing /usr/local/python/3.12.1/lib/python3.12/site-packages/airflow/example_dags/example_sensors.py took 0.053 seconds
[2025-03-28T19:38:52.492+0000] {processor.py:186} INFO - Started process (PID=53122) to work on /usr/local/python/3.12.1/lib/python3.12/site-packages/airflow/example_dags/example_sensors.py
[2025-03-28T19:38:52.492+0000] {processor.py:914} INFO - Processing file /usr/local/python/3.12.1/lib/python3.12/site-packages/airflow/example_dags/example_sensors.py for tasks to queue
[2025-03-28T19:38:52.494+0000] {logging_mixin.py:190} INFO - [2025-03-28T19:38:52.493+0000] {dagbag.py:588} INFO - Filling up the DagBag from /usr/local/python/3.12.1/lib/python3.12/site-packages/airflow/example_dags/example_sensors.py
[2025-03-28T19:38:52.502+0000] {processor.py:925} INFO - DAG(s) 'example_sensors' retrieved from /usr/local/python/3.12.1/lib/python3.12/site-packages/airflow/example_dags/example_sensors.py
[2025-03-28T19:38:52.518+0000] {logging_mixin.py:190} INFO - [2025-03-28T19:38:52.517+0000] {dag.py:3239} INFO - Sync 1 DAGs
[2025-03-28T19:38:52.527+0000] {logging_mixin.py:190} INFO - [2025-03-28T19:38:52.526+0000] {dag.py:4180} INFO - Setting next_dagrun for example_sensors to None, run_after=None
[2025-03-28T19:38:52.541+0000] {processor.py:208} INFO - Processing /usr/local/python/3.12.1/lib/python3.12/site-packages/airflow/example_dags/example_sensors.py took 0.054 seconds
[2025-03-28T19:39:48.725+0000] {processor.py:186} INFO - Started process (PID=53553) to work on /usr/local/python/3.12.1/lib/python3.12/site-packages/airflow/example_dags/example_sensors.py
[2025-03-28T19:39:48.725+0000] {processor.py:914} INFO - Processing file /usr/local/python/3.12.1/lib/python3.12/site-packages/airflow/example_dags/example_sensors.py for tasks to queue
[2025-03-28T19:39:48.727+0000] {logging_mixin.py:190} INFO - [2025-03-28T19:39:48.726+0000] {dagbag.py:588} INFO - Filling up the DagBag from /usr/local/python/3.12.1/lib/python3.12/site-packages/airflow/example_dags/example_sensors.py
[2025-03-28T19:39:48.735+0000] {processor.py:925} INFO - DAG(s) 'example_sensors' retrieved from /usr/local/python/3.12.1/lib/python3.12/site-packages/airflow/example_dags/example_sensors.py
[2025-03-28T19:39:48.751+0000] {logging_mixin.py:190} INFO - [2025-03-28T19:39:48.751+0000] {dag.py:3239} INFO - Sync 1 DAGs
[2025-03-28T19:39:48.760+0000] {logging_mixin.py:190} INFO - [2025-03-28T19:39:48.760+0000] {dag.py:4180} INFO - Setting next_dagrun for example_sensors to None, run_after=None
[2025-03-28T19:39:48.775+0000] {processor.py:208} INFO - Processing /usr/local/python/3.12.1/lib/python3.12/site-packages/airflow/example_dags/example_sensors.py took 0.054 seconds
[2025-03-28T19:40:42.391+0000] {processor.py:186} INFO - Started process (PID=53969) to work on /usr/local/python/3.12.1/lib/python3.12/site-packages/airflow/example_dags/example_sensors.py
[2025-03-28T19:40:42.391+0000] {processor.py:914} INFO - Processing file /usr/local/python/3.12.1/lib/python3.12/site-packages/airflow/example_dags/example_sensors.py for tasks to queue
[2025-03-28T19:40:42.393+0000] {logging_mixin.py:190} INFO - [2025-03-28T19:40:42.393+0000] {dagbag.py:588} INFO - Filling up the DagBag from /usr/local/python/3.12.1/lib/python3.12/site-packages/airflow/example_dags/example_sensors.py
[2025-03-28T19:40:42.401+0000] {processor.py:925} INFO - DAG(s) 'example_sensors' retrieved from /usr/local/python/3.12.1/lib/python3.12/site-packages/airflow/example_dags/example_sensors.py
[2025-03-28T19:40:42.416+0000] {logging_mixin.py:190} INFO - [2025-03-28T19:40:42.416+0000] {dag.py:3239} INFO - Sync 1 DAGs
[2025-03-28T19:40:42.425+0000] {logging_mixin.py:190} INFO - [2025-03-28T19:40:42.425+0000] {dag.py:4180} INFO - Setting next_dagrun for example_sensors to None, run_after=None
[2025-03-28T19:40:42.440+0000] {processor.py:208} INFO - Processing /usr/local/python/3.12.1/lib/python3.12/site-packages/airflow/example_dags/example_sensors.py took 0.054 seconds
[2025-03-28T19:41:33.240+0000] {processor.py:186} INFO - Started process (PID=54373) to work on /usr/local/python/3.12.1/lib/python3.12/site-packages/airflow/example_dags/example_sensors.py
[2025-03-28T19:41:33.241+0000] {processor.py:914} INFO - Processing file /usr/local/python/3.12.1/lib/python3.12/site-packages/airflow/example_dags/example_sensors.py for tasks to queue
[2025-03-28T19:41:33.243+0000] {logging_mixin.py:190} INFO - [2025-03-28T19:41:33.242+0000] {dagbag.py:588} INFO - Filling up the DagBag from /usr/local/python/3.12.1/lib/python3.12/site-packages/airflow/example_dags/example_sensors.py
[2025-03-28T19:41:33.251+0000] {processor.py:925} INFO - DAG(s) 'example_sensors' retrieved from /usr/local/python/3.12.1/lib/python3.12/site-packages/airflow/example_dags/example_sensors.py
[2025-03-28T19:41:33.267+0000] {logging_mixin.py:190} INFO - [2025-03-28T19:41:33.267+0000] {dag.py:3239} INFO - Sync 1 DAGs
[2025-03-28T19:41:33.276+0000] {logging_mixin.py:190} INFO - [2025-03-28T19:41:33.276+0000] {dag.py:4180} INFO - Setting next_dagrun for example_sensors to None, run_after=None
[2025-03-28T19:41:33.293+0000] {processor.py:208} INFO - Processing /usr/local/python/3.12.1/lib/python3.12/site-packages/airflow/example_dags/example_sensors.py took 0.057 seconds
[2025-03-28T19:42:25.784+0000] {processor.py:186} INFO - Started process (PID=54800) to work on /usr/local/python/3.12.1/lib/python3.12/site-packages/airflow/example_dags/example_sensors.py
[2025-03-28T19:42:25.785+0000] {processor.py:914} INFO - Processing file /usr/local/python/3.12.1/lib/python3.12/site-packages/airflow/example_dags/example_sensors.py for tasks to queue
[2025-03-28T19:42:25.786+0000] {logging_mixin.py:190} INFO - [2025-03-28T19:42:25.786+0000] {dagbag.py:588} INFO - Filling up the DagBag from /usr/local/python/3.12.1/lib/python3.12/site-packages/airflow/example_dags/example_sensors.py
[2025-03-28T19:42:25.794+0000] {processor.py:925} INFO - DAG(s) 'example_sensors' retrieved from /usr/local/python/3.12.1/lib/python3.12/site-packages/airflow/example_dags/example_sensors.py
[2025-03-28T19:42:25.810+0000] {logging_mixin.py:190} INFO - [2025-03-28T19:42:25.810+0000] {dag.py:3239} INFO - Sync 1 DAGs
[2025-03-28T19:42:25.819+0000] {logging_mixin.py:190} INFO - [2025-03-28T19:42:25.819+0000] {dag.py:4180} INFO - Setting next_dagrun for example_sensors to None, run_after=None
[2025-03-28T19:42:25.835+0000] {processor.py:208} INFO - Processing /usr/local/python/3.12.1/lib/python3.12/site-packages/airflow/example_dags/example_sensors.py took 0.055 seconds
