[2025-03-28T18:24:14.085+0000] {processor.py:186} INFO - Started process (PID=9213) to work on /usr/local/python/3.12.1/lib/python3.12/site-packages/airflow/example_dags/example_python_decorator.py
[2025-03-28T18:24:14.086+0000] {processor.py:914} INFO - Processing file /usr/local/python/3.12.1/lib/python3.12/site-packages/airflow/example_dags/example_python_decorator.py for tasks to queue
[2025-03-28T18:24:14.087+0000] {logging_mixin.py:190} INFO - [2025-03-28T18:24:14.087+0000] {dagbag.py:588} INFO - Filling up the DagBag from /usr/local/python/3.12.1/lib/python3.12/site-packages/airflow/example_dags/example_python_decorator.py
[2025-03-28T18:24:14.100+0000] {processor.py:925} INFO - DAG(s) 'example_python_decorator' retrieved from /usr/local/python/3.12.1/lib/python3.12/site-packages/airflow/example_dags/example_python_decorator.py
[2025-03-28T18:24:14.187+0000] {logging_mixin.py:190} INFO - [2025-03-28T18:24:14.186+0000] {override.py:1930} INFO - Created Permission View: can edit on DAG:example_python_decorator
[2025-03-28T18:24:14.195+0000] {logging_mixin.py:190} INFO - [2025-03-28T18:24:14.195+0000] {override.py:1930} INFO - Created Permission View: can delete on DAG:example_python_decorator
[2025-03-28T18:24:14.201+0000] {logging_mixin.py:190} INFO - [2025-03-28T18:24:14.200+0000] {override.py:1930} INFO - Created Permission View: can read on DAG:example_python_decorator
[2025-03-28T18:24:14.209+0000] {logging_mixin.py:190} INFO - [2025-03-28T18:24:14.209+0000] {override.py:1930} INFO - Created Permission View: menu access on DAG Run:example_python_decorator
[2025-03-28T18:24:14.215+0000] {logging_mixin.py:190} INFO - [2025-03-28T18:24:14.214+0000] {override.py:1930} INFO - Created Permission View: can create on DAG Run:example_python_decorator
[2025-03-28T18:24:14.220+0000] {logging_mixin.py:190} INFO - [2025-03-28T18:24:14.220+0000] {override.py:1930} INFO - Created Permission View: can delete on DAG Run:example_python_decorator
[2025-03-28T18:24:14.226+0000] {logging_mixin.py:190} INFO - [2025-03-28T18:24:14.225+0000] {override.py:1930} INFO - Created Permission View: can read on DAG Run:example_python_decorator
[2025-03-28T18:24:14.226+0000] {logging_mixin.py:190} INFO - [2025-03-28T18:24:14.226+0000] {dag.py:3239} INFO - Sync 1 DAGs
[2025-03-28T18:24:14.234+0000] {logging_mixin.py:190} INFO - [2025-03-28T18:24:14.234+0000] {dag.py:3262} INFO - Creating ORM DAG for example_python_decorator
[2025-03-28T18:24:14.235+0000] {logging_mixin.py:190} INFO - [2025-03-28T18:24:14.235+0000] {dag.py:4180} INFO - Setting next_dagrun for example_python_decorator to None, run_after=None
[2025-03-28T18:24:14.250+0000] {processor.py:208} INFO - Processing /usr/local/python/3.12.1/lib/python3.12/site-packages/airflow/example_dags/example_python_decorator.py took 0.169 seconds
[2025-03-28T18:25:12.743+0000] {processor.py:186} INFO - Started process (PID=9713) to work on /usr/local/python/3.12.1/lib/python3.12/site-packages/airflow/example_dags/example_python_decorator.py
[2025-03-28T18:25:12.744+0000] {processor.py:914} INFO - Processing file /usr/local/python/3.12.1/lib/python3.12/site-packages/airflow/example_dags/example_python_decorator.py for tasks to queue
[2025-03-28T18:25:12.745+0000] {logging_mixin.py:190} INFO - [2025-03-28T18:25:12.745+0000] {dagbag.py:588} INFO - Filling up the DagBag from /usr/local/python/3.12.1/lib/python3.12/site-packages/airflow/example_dags/example_python_decorator.py
[2025-03-28T18:25:12.756+0000] {processor.py:925} INFO - DAG(s) 'example_python_decorator' retrieved from /usr/local/python/3.12.1/lib/python3.12/site-packages/airflow/example_dags/example_python_decorator.py
[2025-03-28T18:25:12.769+0000] {logging_mixin.py:190} INFO - [2025-03-28T18:25:12.769+0000] {dag.py:3239} INFO - Sync 1 DAGs
[2025-03-28T18:25:12.778+0000] {logging_mixin.py:190} INFO - [2025-03-28T18:25:12.778+0000] {dag.py:4180} INFO - Setting next_dagrun for example_python_decorator to None, run_after=None
[2025-03-28T18:25:12.795+0000] {processor.py:208} INFO - Processing /usr/local/python/3.12.1/lib/python3.12/site-packages/airflow/example_dags/example_python_decorator.py took 0.056 seconds
[2025-03-28T18:26:06.880+0000] {processor.py:186} INFO - Started process (PID=10199) to work on /usr/local/python/3.12.1/lib/python3.12/site-packages/airflow/example_dags/example_python_decorator.py
[2025-03-28T18:26:06.881+0000] {processor.py:914} INFO - Processing file /usr/local/python/3.12.1/lib/python3.12/site-packages/airflow/example_dags/example_python_decorator.py for tasks to queue
[2025-03-28T18:26:06.882+0000] {logging_mixin.py:190} INFO - [2025-03-28T18:26:06.882+0000] {dagbag.py:588} INFO - Filling up the DagBag from /usr/local/python/3.12.1/lib/python3.12/site-packages/airflow/example_dags/example_python_decorator.py
[2025-03-28T18:26:06.893+0000] {processor.py:925} INFO - DAG(s) 'example_python_decorator' retrieved from /usr/local/python/3.12.1/lib/python3.12/site-packages/airflow/example_dags/example_python_decorator.py
[2025-03-28T18:26:06.905+0000] {logging_mixin.py:190} INFO - [2025-03-28T18:26:06.905+0000] {dag.py:3239} INFO - Sync 1 DAGs
[2025-03-28T18:26:06.915+0000] {logging_mixin.py:190} INFO - [2025-03-28T18:26:06.915+0000] {dag.py:4180} INFO - Setting next_dagrun for example_python_decorator to None, run_after=None
[2025-03-28T18:26:06.929+0000] {processor.py:208} INFO - Processing /usr/local/python/3.12.1/lib/python3.12/site-packages/airflow/example_dags/example_python_decorator.py took 0.053 seconds
[2025-03-28T18:28:15.055+0000] {processor.py:186} INFO - Started process (PID=11406) to work on /usr/local/python/3.12.1/lib/python3.12/site-packages/airflow/example_dags/example_python_decorator.py
[2025-03-28T18:28:15.056+0000] {processor.py:914} INFO - Processing file /usr/local/python/3.12.1/lib/python3.12/site-packages/airflow/example_dags/example_python_decorator.py for tasks to queue
[2025-03-28T18:28:15.057+0000] {logging_mixin.py:190} INFO - [2025-03-28T18:28:15.057+0000] {dagbag.py:588} INFO - Filling up the DagBag from /usr/local/python/3.12.1/lib/python3.12/site-packages/airflow/example_dags/example_python_decorator.py
[2025-03-28T18:28:15.068+0000] {processor.py:925} INFO - DAG(s) 'example_python_decorator' retrieved from /usr/local/python/3.12.1/lib/python3.12/site-packages/airflow/example_dags/example_python_decorator.py
[2025-03-28T18:28:15.169+0000] {logging_mixin.py:190} INFO - [2025-03-28T18:28:15.169+0000] {dag.py:3239} INFO - Sync 1 DAGs
[2025-03-28T18:28:15.177+0000] {logging_mixin.py:190} INFO - [2025-03-28T18:28:15.177+0000] {dag.py:4180} INFO - Setting next_dagrun for example_python_decorator to None, run_after=None
[2025-03-28T18:28:15.193+0000] {processor.py:208} INFO - Processing /usr/local/python/3.12.1/lib/python3.12/site-packages/airflow/example_dags/example_python_decorator.py took 0.142 seconds
[2025-03-28T18:29:08.290+0000] {processor.py:186} INFO - Started process (PID=11851) to work on /usr/local/python/3.12.1/lib/python3.12/site-packages/airflow/example_dags/example_python_decorator.py
[2025-03-28T18:29:08.290+0000] {processor.py:914} INFO - Processing file /usr/local/python/3.12.1/lib/python3.12/site-packages/airflow/example_dags/example_python_decorator.py for tasks to queue
[2025-03-28T18:29:08.292+0000] {logging_mixin.py:190} INFO - [2025-03-28T18:29:08.291+0000] {dagbag.py:588} INFO - Filling up the DagBag from /usr/local/python/3.12.1/lib/python3.12/site-packages/airflow/example_dags/example_python_decorator.py
[2025-03-28T18:29:08.303+0000] {processor.py:925} INFO - DAG(s) 'example_python_decorator' retrieved from /usr/local/python/3.12.1/lib/python3.12/site-packages/airflow/example_dags/example_python_decorator.py
[2025-03-28T18:29:08.315+0000] {logging_mixin.py:190} INFO - [2025-03-28T18:29:08.315+0000] {dag.py:3239} INFO - Sync 1 DAGs
[2025-03-28T18:29:08.324+0000] {logging_mixin.py:190} INFO - [2025-03-28T18:29:08.324+0000] {dag.py:4180} INFO - Setting next_dagrun for example_python_decorator to None, run_after=None
[2025-03-28T18:29:08.339+0000] {processor.py:208} INFO - Processing /usr/local/python/3.12.1/lib/python3.12/site-packages/airflow/example_dags/example_python_decorator.py took 0.053 seconds
[2025-03-28T18:30:02.959+0000] {processor.py:186} INFO - Started process (PID=12328) to work on /usr/local/python/3.12.1/lib/python3.12/site-packages/airflow/example_dags/example_python_decorator.py
[2025-03-28T18:30:02.959+0000] {processor.py:914} INFO - Processing file /usr/local/python/3.12.1/lib/python3.12/site-packages/airflow/example_dags/example_python_decorator.py for tasks to queue
[2025-03-28T18:30:02.961+0000] {logging_mixin.py:190} INFO - [2025-03-28T18:30:02.960+0000] {dagbag.py:588} INFO - Filling up the DagBag from /usr/local/python/3.12.1/lib/python3.12/site-packages/airflow/example_dags/example_python_decorator.py
[2025-03-28T18:30:02.972+0000] {processor.py:925} INFO - DAG(s) 'example_python_decorator' retrieved from /usr/local/python/3.12.1/lib/python3.12/site-packages/airflow/example_dags/example_python_decorator.py
[2025-03-28T18:30:02.985+0000] {logging_mixin.py:190} INFO - [2025-03-28T18:30:02.985+0000] {dag.py:3239} INFO - Sync 1 DAGs
[2025-03-28T18:30:02.995+0000] {logging_mixin.py:190} INFO - [2025-03-28T18:30:02.994+0000] {dag.py:4180} INFO - Setting next_dagrun for example_python_decorator to None, run_after=None
[2025-03-28T18:30:03.010+0000] {processor.py:208} INFO - Processing /usr/local/python/3.12.1/lib/python3.12/site-packages/airflow/example_dags/example_python_decorator.py took 0.055 seconds
[2025-03-28T18:30:52.497+0000] {processor.py:186} INFO - Started process (PID=12744) to work on /usr/local/python/3.12.1/lib/python3.12/site-packages/airflow/example_dags/example_python_decorator.py
[2025-03-28T18:30:52.498+0000] {processor.py:914} INFO - Processing file /usr/local/python/3.12.1/lib/python3.12/site-packages/airflow/example_dags/example_python_decorator.py for tasks to queue
[2025-03-28T18:30:52.500+0000] {logging_mixin.py:190} INFO - [2025-03-28T18:30:52.500+0000] {dagbag.py:588} INFO - Filling up the DagBag from /usr/local/python/3.12.1/lib/python3.12/site-packages/airflow/example_dags/example_python_decorator.py
[2025-03-28T18:30:52.513+0000] {processor.py:925} INFO - DAG(s) 'example_python_decorator' retrieved from /usr/local/python/3.12.1/lib/python3.12/site-packages/airflow/example_dags/example_python_decorator.py
[2025-03-28T18:30:52.528+0000] {logging_mixin.py:190} INFO - [2025-03-28T18:30:52.528+0000] {dag.py:3239} INFO - Sync 1 DAGs
[2025-03-28T18:30:52.538+0000] {logging_mixin.py:190} INFO - [2025-03-28T18:30:52.538+0000] {dag.py:4180} INFO - Setting next_dagrun for example_python_decorator to None, run_after=None
[2025-03-28T18:30:52.552+0000] {processor.py:208} INFO - Processing /usr/local/python/3.12.1/lib/python3.12/site-packages/airflow/example_dags/example_python_decorator.py took 0.059 seconds
[2025-03-28T18:31:42.297+0000] {processor.py:186} INFO - Started process (PID=13138) to work on /usr/local/python/3.12.1/lib/python3.12/site-packages/airflow/example_dags/example_python_decorator.py
[2025-03-28T18:31:42.298+0000] {processor.py:914} INFO - Processing file /usr/local/python/3.12.1/lib/python3.12/site-packages/airflow/example_dags/example_python_decorator.py for tasks to queue
[2025-03-28T18:31:42.299+0000] {logging_mixin.py:190} INFO - [2025-03-28T18:31:42.299+0000] {dagbag.py:588} INFO - Filling up the DagBag from /usr/local/python/3.12.1/lib/python3.12/site-packages/airflow/example_dags/example_python_decorator.py
[2025-03-28T18:31:42.310+0000] {processor.py:925} INFO - DAG(s) 'example_python_decorator' retrieved from /usr/local/python/3.12.1/lib/python3.12/site-packages/airflow/example_dags/example_python_decorator.py
[2025-03-28T18:31:42.323+0000] {logging_mixin.py:190} INFO - [2025-03-28T18:31:42.323+0000] {dag.py:3239} INFO - Sync 1 DAGs
[2025-03-28T18:31:42.332+0000] {logging_mixin.py:190} INFO - [2025-03-28T18:31:42.332+0000] {dag.py:4180} INFO - Setting next_dagrun for example_python_decorator to None, run_after=None
[2025-03-28T18:31:42.346+0000] {processor.py:208} INFO - Processing /usr/local/python/3.12.1/lib/python3.12/site-packages/airflow/example_dags/example_python_decorator.py took 0.053 seconds
[2025-03-28T18:32:31.961+0000] {processor.py:186} INFO - Started process (PID=13679) to work on /usr/local/python/3.12.1/lib/python3.12/site-packages/airflow/example_dags/example_python_decorator.py
[2025-03-28T18:32:31.962+0000] {processor.py:914} INFO - Processing file /usr/local/python/3.12.1/lib/python3.12/site-packages/airflow/example_dags/example_python_decorator.py for tasks to queue
[2025-03-28T18:32:31.963+0000] {logging_mixin.py:190} INFO - [2025-03-28T18:32:31.963+0000] {dagbag.py:588} INFO - Filling up the DagBag from /usr/local/python/3.12.1/lib/python3.12/site-packages/airflow/example_dags/example_python_decorator.py
[2025-03-28T18:32:31.976+0000] {processor.py:925} INFO - DAG(s) 'example_python_decorator' retrieved from /usr/local/python/3.12.1/lib/python3.12/site-packages/airflow/example_dags/example_python_decorator.py
[2025-03-28T18:32:31.992+0000] {logging_mixin.py:190} INFO - [2025-03-28T18:32:31.992+0000] {dag.py:3239} INFO - Sync 1 DAGs
[2025-03-28T18:32:32.002+0000] {logging_mixin.py:190} INFO - [2025-03-28T18:32:32.002+0000] {dag.py:4180} INFO - Setting next_dagrun for example_python_decorator to None, run_after=None
[2025-03-28T18:32:32.018+0000] {processor.py:208} INFO - Processing /usr/local/python/3.12.1/lib/python3.12/site-packages/airflow/example_dags/example_python_decorator.py took 0.060 seconds
[2025-03-28T18:33:21.041+0000] {processor.py:186} INFO - Started process (PID=14086) to work on /usr/local/python/3.12.1/lib/python3.12/site-packages/airflow/example_dags/example_python_decorator.py
[2025-03-28T18:33:21.042+0000] {processor.py:914} INFO - Processing file /usr/local/python/3.12.1/lib/python3.12/site-packages/airflow/example_dags/example_python_decorator.py for tasks to queue
[2025-03-28T18:33:21.043+0000] {logging_mixin.py:190} INFO - [2025-03-28T18:33:21.043+0000] {dagbag.py:588} INFO - Filling up the DagBag from /usr/local/python/3.12.1/lib/python3.12/site-packages/airflow/example_dags/example_python_decorator.py
[2025-03-28T18:33:21.055+0000] {processor.py:925} INFO - DAG(s) 'example_python_decorator' retrieved from /usr/local/python/3.12.1/lib/python3.12/site-packages/airflow/example_dags/example_python_decorator.py
[2025-03-28T18:33:21.067+0000] {logging_mixin.py:190} INFO - [2025-03-28T18:33:21.067+0000] {dag.py:3239} INFO - Sync 1 DAGs
[2025-03-28T18:33:21.077+0000] {logging_mixin.py:190} INFO - [2025-03-28T18:33:21.077+0000] {dag.py:4180} INFO - Setting next_dagrun for example_python_decorator to None, run_after=None
[2025-03-28T18:33:21.092+0000] {processor.py:208} INFO - Processing /usr/local/python/3.12.1/lib/python3.12/site-packages/airflow/example_dags/example_python_decorator.py took 0.054 seconds
[2025-03-28T18:34:11.400+0000] {processor.py:186} INFO - Started process (PID=14528) to work on /usr/local/python/3.12.1/lib/python3.12/site-packages/airflow/example_dags/example_python_decorator.py
[2025-03-28T18:34:11.401+0000] {processor.py:914} INFO - Processing file /usr/local/python/3.12.1/lib/python3.12/site-packages/airflow/example_dags/example_python_decorator.py for tasks to queue
[2025-03-28T18:34:11.402+0000] {logging_mixin.py:190} INFO - [2025-03-28T18:34:11.402+0000] {dagbag.py:588} INFO - Filling up the DagBag from /usr/local/python/3.12.1/lib/python3.12/site-packages/airflow/example_dags/example_python_decorator.py
[2025-03-28T18:34:11.413+0000] {processor.py:925} INFO - DAG(s) 'example_python_decorator' retrieved from /usr/local/python/3.12.1/lib/python3.12/site-packages/airflow/example_dags/example_python_decorator.py
[2025-03-28T18:34:11.426+0000] {logging_mixin.py:190} INFO - [2025-03-28T18:34:11.425+0000] {dag.py:3239} INFO - Sync 1 DAGs
[2025-03-28T18:34:11.435+0000] {logging_mixin.py:190} INFO - [2025-03-28T18:34:11.435+0000] {dag.py:4180} INFO - Setting next_dagrun for example_python_decorator to None, run_after=None
[2025-03-28T18:34:11.453+0000] {processor.py:208} INFO - Processing /usr/local/python/3.12.1/lib/python3.12/site-packages/airflow/example_dags/example_python_decorator.py took 0.057 seconds
[2025-03-28T18:35:01.044+0000] {processor.py:186} INFO - Started process (PID=14938) to work on /usr/local/python/3.12.1/lib/python3.12/site-packages/airflow/example_dags/example_python_decorator.py
[2025-03-28T18:35:01.044+0000] {processor.py:914} INFO - Processing file /usr/local/python/3.12.1/lib/python3.12/site-packages/airflow/example_dags/example_python_decorator.py for tasks to queue
[2025-03-28T18:35:01.046+0000] {logging_mixin.py:190} INFO - [2025-03-28T18:35:01.045+0000] {dagbag.py:588} INFO - Filling up the DagBag from /usr/local/python/3.12.1/lib/python3.12/site-packages/airflow/example_dags/example_python_decorator.py
[2025-03-28T18:35:01.057+0000] {processor.py:925} INFO - DAG(s) 'example_python_decorator' retrieved from /usr/local/python/3.12.1/lib/python3.12/site-packages/airflow/example_dags/example_python_decorator.py
[2025-03-28T18:35:01.069+0000] {logging_mixin.py:190} INFO - [2025-03-28T18:35:01.069+0000] {dag.py:3239} INFO - Sync 1 DAGs
[2025-03-28T18:35:01.079+0000] {logging_mixin.py:190} INFO - [2025-03-28T18:35:01.079+0000] {dag.py:4180} INFO - Setting next_dagrun for example_python_decorator to None, run_after=None
[2025-03-28T18:35:01.093+0000] {processor.py:208} INFO - Processing /usr/local/python/3.12.1/lib/python3.12/site-packages/airflow/example_dags/example_python_decorator.py took 0.053 seconds
[2025-03-28T18:35:50.542+0000] {processor.py:186} INFO - Started process (PID=15378) to work on /usr/local/python/3.12.1/lib/python3.12/site-packages/airflow/example_dags/example_python_decorator.py
[2025-03-28T18:35:50.543+0000] {processor.py:914} INFO - Processing file /usr/local/python/3.12.1/lib/python3.12/site-packages/airflow/example_dags/example_python_decorator.py for tasks to queue
[2025-03-28T18:35:50.544+0000] {logging_mixin.py:190} INFO - [2025-03-28T18:35:50.544+0000] {dagbag.py:588} INFO - Filling up the DagBag from /usr/local/python/3.12.1/lib/python3.12/site-packages/airflow/example_dags/example_python_decorator.py
[2025-03-28T18:35:50.555+0000] {processor.py:925} INFO - DAG(s) 'example_python_decorator' retrieved from /usr/local/python/3.12.1/lib/python3.12/site-packages/airflow/example_dags/example_python_decorator.py
[2025-03-28T18:35:50.568+0000] {logging_mixin.py:190} INFO - [2025-03-28T18:35:50.567+0000] {dag.py:3239} INFO - Sync 1 DAGs
[2025-03-28T18:35:50.577+0000] {logging_mixin.py:190} INFO - [2025-03-28T18:35:50.577+0000] {dag.py:4180} INFO - Setting next_dagrun for example_python_decorator to None, run_after=None
[2025-03-28T18:35:50.592+0000] {processor.py:208} INFO - Processing /usr/local/python/3.12.1/lib/python3.12/site-packages/airflow/example_dags/example_python_decorator.py took 0.054 seconds
[2025-03-28T18:37:48.042+0000] {processor.py:186} INFO - Started process (PID=16692) to work on /usr/local/python/3.12.1/lib/python3.12/site-packages/airflow/example_dags/example_python_decorator.py
[2025-03-28T18:37:48.042+0000] {processor.py:914} INFO - Processing file /usr/local/python/3.12.1/lib/python3.12/site-packages/airflow/example_dags/example_python_decorator.py for tasks to queue
[2025-03-28T18:37:48.044+0000] {logging_mixin.py:190} INFO - [2025-03-28T18:37:48.044+0000] {dagbag.py:588} INFO - Filling up the DagBag from /usr/local/python/3.12.1/lib/python3.12/site-packages/airflow/example_dags/example_python_decorator.py
[2025-03-28T18:37:48.055+0000] {processor.py:925} INFO - DAG(s) 'example_python_decorator' retrieved from /usr/local/python/3.12.1/lib/python3.12/site-packages/airflow/example_dags/example_python_decorator.py
[2025-03-28T18:37:48.141+0000] {logging_mixin.py:190} INFO - [2025-03-28T18:37:48.141+0000] {dag.py:3239} INFO - Sync 1 DAGs
[2025-03-28T18:37:48.149+0000] {logging_mixin.py:190} INFO - [2025-03-28T18:37:48.149+0000] {dag.py:4180} INFO - Setting next_dagrun for example_python_decorator to None, run_after=None
[2025-03-28T18:37:48.166+0000] {processor.py:208} INFO - Processing /usr/local/python/3.12.1/lib/python3.12/site-packages/airflow/example_dags/example_python_decorator.py took 0.128 seconds
[2025-03-28T18:38:42.937+0000] {processor.py:186} INFO - Started process (PID=17155) to work on /usr/local/python/3.12.1/lib/python3.12/site-packages/airflow/example_dags/example_python_decorator.py
[2025-03-28T18:38:42.938+0000] {processor.py:914} INFO - Processing file /usr/local/python/3.12.1/lib/python3.12/site-packages/airflow/example_dags/example_python_decorator.py for tasks to queue
[2025-03-28T18:38:42.939+0000] {logging_mixin.py:190} INFO - [2025-03-28T18:38:42.939+0000] {dagbag.py:588} INFO - Filling up the DagBag from /usr/local/python/3.12.1/lib/python3.12/site-packages/airflow/example_dags/example_python_decorator.py
[2025-03-28T18:38:42.950+0000] {processor.py:925} INFO - DAG(s) 'example_python_decorator' retrieved from /usr/local/python/3.12.1/lib/python3.12/site-packages/airflow/example_dags/example_python_decorator.py
[2025-03-28T18:38:42.963+0000] {logging_mixin.py:190} INFO - [2025-03-28T18:38:42.963+0000] {dag.py:3239} INFO - Sync 1 DAGs
[2025-03-28T18:38:42.972+0000] {logging_mixin.py:190} INFO - [2025-03-28T18:38:42.972+0000] {dag.py:4180} INFO - Setting next_dagrun for example_python_decorator to None, run_after=None
[2025-03-28T18:38:42.989+0000] {processor.py:208} INFO - Processing /usr/local/python/3.12.1/lib/python3.12/site-packages/airflow/example_dags/example_python_decorator.py took 0.055 seconds
[2025-03-28T18:39:38.308+0000] {processor.py:186} INFO - Started process (PID=17640) to work on /usr/local/python/3.12.1/lib/python3.12/site-packages/airflow/example_dags/example_python_decorator.py
[2025-03-28T18:39:38.308+0000] {processor.py:914} INFO - Processing file /usr/local/python/3.12.1/lib/python3.12/site-packages/airflow/example_dags/example_python_decorator.py for tasks to queue
[2025-03-28T18:39:38.309+0000] {logging_mixin.py:190} INFO - [2025-03-28T18:39:38.309+0000] {dagbag.py:588} INFO - Filling up the DagBag from /usr/local/python/3.12.1/lib/python3.12/site-packages/airflow/example_dags/example_python_decorator.py
[2025-03-28T18:39:38.320+0000] {processor.py:925} INFO - DAG(s) 'example_python_decorator' retrieved from /usr/local/python/3.12.1/lib/python3.12/site-packages/airflow/example_dags/example_python_decorator.py
[2025-03-28T18:39:38.333+0000] {logging_mixin.py:190} INFO - [2025-03-28T18:39:38.333+0000] {dag.py:3239} INFO - Sync 1 DAGs
[2025-03-28T18:39:38.342+0000] {logging_mixin.py:190} INFO - [2025-03-28T18:39:38.342+0000] {dag.py:4180} INFO - Setting next_dagrun for example_python_decorator to None, run_after=None
[2025-03-28T18:39:38.356+0000] {processor.py:208} INFO - Processing /usr/local/python/3.12.1/lib/python3.12/site-packages/airflow/example_dags/example_python_decorator.py took 0.053 seconds
[2025-03-28T18:40:38.242+0000] {processor.py:186} INFO - Started process (PID=18349) to work on /usr/local/python/3.12.1/lib/python3.12/site-packages/airflow/example_dags/example_python_decorator.py
[2025-03-28T18:40:38.242+0000] {processor.py:914} INFO - Processing file /usr/local/python/3.12.1/lib/python3.12/site-packages/airflow/example_dags/example_python_decorator.py for tasks to queue
[2025-03-28T18:40:38.244+0000] {logging_mixin.py:190} INFO - [2025-03-28T18:40:38.243+0000] {dagbag.py:588} INFO - Filling up the DagBag from /usr/local/python/3.12.1/lib/python3.12/site-packages/airflow/example_dags/example_python_decorator.py
[2025-03-28T18:40:38.254+0000] {processor.py:925} INFO - DAG(s) 'example_python_decorator' retrieved from /usr/local/python/3.12.1/lib/python3.12/site-packages/airflow/example_dags/example_python_decorator.py
[2025-03-28T18:40:38.336+0000] {logging_mixin.py:190} INFO - [2025-03-28T18:40:38.335+0000] {dag.py:3239} INFO - Sync 1 DAGs
[2025-03-28T18:40:38.343+0000] {logging_mixin.py:190} INFO - [2025-03-28T18:40:38.343+0000] {dag.py:4180} INFO - Setting next_dagrun for example_python_decorator to None, run_after=None
[2025-03-28T18:40:38.359+0000] {processor.py:208} INFO - Processing /usr/local/python/3.12.1/lib/python3.12/site-packages/airflow/example_dags/example_python_decorator.py took 0.121 seconds
[2025-03-28T18:41:31.381+0000] {processor.py:186} INFO - Started process (PID=18927) to work on /usr/local/python/3.12.1/lib/python3.12/site-packages/airflow/example_dags/example_python_decorator.py
[2025-03-28T18:41:31.382+0000] {processor.py:914} INFO - Processing file /usr/local/python/3.12.1/lib/python3.12/site-packages/airflow/example_dags/example_python_decorator.py for tasks to queue
[2025-03-28T18:41:31.383+0000] {logging_mixin.py:190} INFO - [2025-03-28T18:41:31.383+0000] {dagbag.py:588} INFO - Filling up the DagBag from /usr/local/python/3.12.1/lib/python3.12/site-packages/airflow/example_dags/example_python_decorator.py
[2025-03-28T18:41:31.394+0000] {processor.py:925} INFO - DAG(s) 'example_python_decorator' retrieved from /usr/local/python/3.12.1/lib/python3.12/site-packages/airflow/example_dags/example_python_decorator.py
[2025-03-28T18:41:31.476+0000] {logging_mixin.py:190} INFO - [2025-03-28T18:41:31.476+0000] {dag.py:3239} INFO - Sync 1 DAGs
[2025-03-28T18:41:31.484+0000] {logging_mixin.py:190} INFO - [2025-03-28T18:41:31.484+0000] {dag.py:4180} INFO - Setting next_dagrun for example_python_decorator to None, run_after=None
[2025-03-28T18:41:31.499+0000] {processor.py:208} INFO - Processing /usr/local/python/3.12.1/lib/python3.12/site-packages/airflow/example_dags/example_python_decorator.py took 0.122 seconds
[2025-03-28T18:42:29.019+0000] {processor.py:186} INFO - Started process (PID=19433) to work on /usr/local/python/3.12.1/lib/python3.12/site-packages/airflow/example_dags/example_python_decorator.py
[2025-03-28T18:42:29.019+0000] {processor.py:914} INFO - Processing file /usr/local/python/3.12.1/lib/python3.12/site-packages/airflow/example_dags/example_python_decorator.py for tasks to queue
[2025-03-28T18:42:29.021+0000] {logging_mixin.py:190} INFO - [2025-03-28T18:42:29.020+0000] {dagbag.py:588} INFO - Filling up the DagBag from /usr/local/python/3.12.1/lib/python3.12/site-packages/airflow/example_dags/example_python_decorator.py
[2025-03-28T18:42:29.032+0000] {processor.py:925} INFO - DAG(s) 'example_python_decorator' retrieved from /usr/local/python/3.12.1/lib/python3.12/site-packages/airflow/example_dags/example_python_decorator.py
[2025-03-28T18:42:29.044+0000] {logging_mixin.py:190} INFO - [2025-03-28T18:42:29.044+0000] {dag.py:3239} INFO - Sync 1 DAGs
[2025-03-28T18:42:29.054+0000] {logging_mixin.py:190} INFO - [2025-03-28T18:42:29.054+0000] {dag.py:4180} INFO - Setting next_dagrun for example_python_decorator to None, run_after=None
[2025-03-28T18:42:29.070+0000] {processor.py:208} INFO - Processing /usr/local/python/3.12.1/lib/python3.12/site-packages/airflow/example_dags/example_python_decorator.py took 0.055 seconds
[2025-03-28T18:43:25.220+0000] {processor.py:186} INFO - Started process (PID=19944) to work on /usr/local/python/3.12.1/lib/python3.12/site-packages/airflow/example_dags/example_python_decorator.py
[2025-03-28T18:43:25.220+0000] {processor.py:914} INFO - Processing file /usr/local/python/3.12.1/lib/python3.12/site-packages/airflow/example_dags/example_python_decorator.py for tasks to queue
[2025-03-28T18:43:25.222+0000] {logging_mixin.py:190} INFO - [2025-03-28T18:43:25.221+0000] {dagbag.py:588} INFO - Filling up the DagBag from /usr/local/python/3.12.1/lib/python3.12/site-packages/airflow/example_dags/example_python_decorator.py
[2025-03-28T18:43:25.233+0000] {processor.py:925} INFO - DAG(s) 'example_python_decorator' retrieved from /usr/local/python/3.12.1/lib/python3.12/site-packages/airflow/example_dags/example_python_decorator.py
[2025-03-28T18:43:25.245+0000] {logging_mixin.py:190} INFO - [2025-03-28T18:43:25.245+0000] {dag.py:3239} INFO - Sync 1 DAGs
[2025-03-28T18:43:25.254+0000] {logging_mixin.py:190} INFO - [2025-03-28T18:43:25.254+0000] {dag.py:4180} INFO - Setting next_dagrun for example_python_decorator to None, run_after=None
[2025-03-28T18:43:25.269+0000] {processor.py:208} INFO - Processing /usr/local/python/3.12.1/lib/python3.12/site-packages/airflow/example_dags/example_python_decorator.py took 0.053 seconds
[2025-03-28T18:44:20.307+0000] {processor.py:186} INFO - Started process (PID=20425) to work on /usr/local/python/3.12.1/lib/python3.12/site-packages/airflow/example_dags/example_python_decorator.py
[2025-03-28T18:44:20.308+0000] {processor.py:914} INFO - Processing file /usr/local/python/3.12.1/lib/python3.12/site-packages/airflow/example_dags/example_python_decorator.py for tasks to queue
[2025-03-28T18:44:20.309+0000] {logging_mixin.py:190} INFO - [2025-03-28T18:44:20.309+0000] {dagbag.py:588} INFO - Filling up the DagBag from /usr/local/python/3.12.1/lib/python3.12/site-packages/airflow/example_dags/example_python_decorator.py
[2025-03-28T18:44:20.321+0000] {processor.py:925} INFO - DAG(s) 'example_python_decorator' retrieved from /usr/local/python/3.12.1/lib/python3.12/site-packages/airflow/example_dags/example_python_decorator.py
[2025-03-28T18:44:20.333+0000] {logging_mixin.py:190} INFO - [2025-03-28T18:44:20.333+0000] {dag.py:3239} INFO - Sync 1 DAGs
[2025-03-28T18:44:20.343+0000] {logging_mixin.py:190} INFO - [2025-03-28T18:44:20.342+0000] {dag.py:4180} INFO - Setting next_dagrun for example_python_decorator to None, run_after=None
[2025-03-28T18:44:20.357+0000] {processor.py:208} INFO - Processing /usr/local/python/3.12.1/lib/python3.12/site-packages/airflow/example_dags/example_python_decorator.py took 0.053 seconds
[2025-03-28T18:45:15.075+0000] {processor.py:186} INFO - Started process (PID=20916) to work on /usr/local/python/3.12.1/lib/python3.12/site-packages/airflow/example_dags/example_python_decorator.py
[2025-03-28T18:45:15.075+0000] {processor.py:914} INFO - Processing file /usr/local/python/3.12.1/lib/python3.12/site-packages/airflow/example_dags/example_python_decorator.py for tasks to queue
[2025-03-28T18:45:15.077+0000] {logging_mixin.py:190} INFO - [2025-03-28T18:45:15.076+0000] {dagbag.py:588} INFO - Filling up the DagBag from /usr/local/python/3.12.1/lib/python3.12/site-packages/airflow/example_dags/example_python_decorator.py
[2025-03-28T18:45:15.088+0000] {processor.py:925} INFO - DAG(s) 'example_python_decorator' retrieved from /usr/local/python/3.12.1/lib/python3.12/site-packages/airflow/example_dags/example_python_decorator.py
[2025-03-28T18:45:15.101+0000] {logging_mixin.py:190} INFO - [2025-03-28T18:45:15.101+0000] {dag.py:3239} INFO - Sync 1 DAGs
[2025-03-28T18:45:15.110+0000] {logging_mixin.py:190} INFO - [2025-03-28T18:45:15.110+0000] {dag.py:4180} INFO - Setting next_dagrun for example_python_decorator to None, run_after=None
[2025-03-28T18:45:15.125+0000] {processor.py:208} INFO - Processing /usr/local/python/3.12.1/lib/python3.12/site-packages/airflow/example_dags/example_python_decorator.py took 0.054 seconds
[2025-03-28T18:46:08.452+0000] {processor.py:186} INFO - Started process (PID=21387) to work on /usr/local/python/3.12.1/lib/python3.12/site-packages/airflow/example_dags/example_python_decorator.py
[2025-03-28T18:46:08.452+0000] {processor.py:914} INFO - Processing file /usr/local/python/3.12.1/lib/python3.12/site-packages/airflow/example_dags/example_python_decorator.py for tasks to queue
[2025-03-28T18:46:08.454+0000] {logging_mixin.py:190} INFO - [2025-03-28T18:46:08.454+0000] {dagbag.py:588} INFO - Filling up the DagBag from /usr/local/python/3.12.1/lib/python3.12/site-packages/airflow/example_dags/example_python_decorator.py
[2025-03-28T18:46:08.465+0000] {processor.py:925} INFO - DAG(s) 'example_python_decorator' retrieved from /usr/local/python/3.12.1/lib/python3.12/site-packages/airflow/example_dags/example_python_decorator.py
[2025-03-28T18:46:08.477+0000] {logging_mixin.py:190} INFO - [2025-03-28T18:46:08.477+0000] {dag.py:3239} INFO - Sync 1 DAGs
[2025-03-28T18:46:08.487+0000] {logging_mixin.py:190} INFO - [2025-03-28T18:46:08.487+0000] {dag.py:4180} INFO - Setting next_dagrun for example_python_decorator to None, run_after=None
[2025-03-28T18:46:08.502+0000] {processor.py:208} INFO - Processing /usr/local/python/3.12.1/lib/python3.12/site-packages/airflow/example_dags/example_python_decorator.py took 0.054 seconds
[2025-03-28T18:47:02.968+0000] {processor.py:186} INFO - Started process (PID=21866) to work on /usr/local/python/3.12.1/lib/python3.12/site-packages/airflow/example_dags/example_python_decorator.py
[2025-03-28T18:47:02.969+0000] {processor.py:914} INFO - Processing file /usr/local/python/3.12.1/lib/python3.12/site-packages/airflow/example_dags/example_python_decorator.py for tasks to queue
[2025-03-28T18:47:02.970+0000] {logging_mixin.py:190} INFO - [2025-03-28T18:47:02.970+0000] {dagbag.py:588} INFO - Filling up the DagBag from /usr/local/python/3.12.1/lib/python3.12/site-packages/airflow/example_dags/example_python_decorator.py
[2025-03-28T18:47:02.981+0000] {processor.py:925} INFO - DAG(s) 'example_python_decorator' retrieved from /usr/local/python/3.12.1/lib/python3.12/site-packages/airflow/example_dags/example_python_decorator.py
[2025-03-28T18:47:02.993+0000] {logging_mixin.py:190} INFO - [2025-03-28T18:47:02.993+0000] {dag.py:3239} INFO - Sync 1 DAGs
[2025-03-28T18:47:03.002+0000] {logging_mixin.py:190} INFO - [2025-03-28T18:47:03.002+0000] {dag.py:4180} INFO - Setting next_dagrun for example_python_decorator to None, run_after=None
[2025-03-28T18:47:03.017+0000] {processor.py:208} INFO - Processing /usr/local/python/3.12.1/lib/python3.12/site-packages/airflow/example_dags/example_python_decorator.py took 0.053 seconds
[2025-03-28T18:47:54.232+0000] {processor.py:186} INFO - Started process (PID=22295) to work on /usr/local/python/3.12.1/lib/python3.12/site-packages/airflow/example_dags/example_python_decorator.py
[2025-03-28T18:47:54.232+0000] {processor.py:914} INFO - Processing file /usr/local/python/3.12.1/lib/python3.12/site-packages/airflow/example_dags/example_python_decorator.py for tasks to queue
[2025-03-28T18:47:54.233+0000] {logging_mixin.py:190} INFO - [2025-03-28T18:47:54.233+0000] {dagbag.py:588} INFO - Filling up the DagBag from /usr/local/python/3.12.1/lib/python3.12/site-packages/airflow/example_dags/example_python_decorator.py
[2025-03-28T18:47:54.244+0000] {processor.py:925} INFO - DAG(s) 'example_python_decorator' retrieved from /usr/local/python/3.12.1/lib/python3.12/site-packages/airflow/example_dags/example_python_decorator.py
[2025-03-28T18:47:54.257+0000] {logging_mixin.py:190} INFO - [2025-03-28T18:47:54.257+0000] {dag.py:3239} INFO - Sync 1 DAGs
[2025-03-28T18:47:54.267+0000] {logging_mixin.py:190} INFO - [2025-03-28T18:47:54.267+0000] {dag.py:4180} INFO - Setting next_dagrun for example_python_decorator to None, run_after=None
[2025-03-28T18:47:54.282+0000] {processor.py:208} INFO - Processing /usr/local/python/3.12.1/lib/python3.12/site-packages/airflow/example_dags/example_python_decorator.py took 0.055 seconds
[2025-03-28T18:48:50.726+0000] {processor.py:186} INFO - Started process (PID=22747) to work on /usr/local/python/3.12.1/lib/python3.12/site-packages/airflow/example_dags/example_python_decorator.py
[2025-03-28T18:48:50.727+0000] {processor.py:914} INFO - Processing file /usr/local/python/3.12.1/lib/python3.12/site-packages/airflow/example_dags/example_python_decorator.py for tasks to queue
[2025-03-28T18:48:50.728+0000] {logging_mixin.py:190} INFO - [2025-03-28T18:48:50.727+0000] {dagbag.py:588} INFO - Filling up the DagBag from /usr/local/python/3.12.1/lib/python3.12/site-packages/airflow/example_dags/example_python_decorator.py
[2025-03-28T18:48:50.740+0000] {processor.py:925} INFO - DAG(s) 'example_python_decorator' retrieved from /usr/local/python/3.12.1/lib/python3.12/site-packages/airflow/example_dags/example_python_decorator.py
[2025-03-28T18:48:50.754+0000] {logging_mixin.py:190} INFO - [2025-03-28T18:48:50.753+0000] {dag.py:3239} INFO - Sync 1 DAGs
[2025-03-28T18:48:50.763+0000] {logging_mixin.py:190} INFO - [2025-03-28T18:48:50.763+0000] {dag.py:4180} INFO - Setting next_dagrun for example_python_decorator to None, run_after=None
[2025-03-28T18:48:50.778+0000] {processor.py:208} INFO - Processing /usr/local/python/3.12.1/lib/python3.12/site-packages/airflow/example_dags/example_python_decorator.py took 0.058 seconds
[2025-03-28T18:49:45.617+0000] {processor.py:186} INFO - Started process (PID=23191) to work on /usr/local/python/3.12.1/lib/python3.12/site-packages/airflow/example_dags/example_python_decorator.py
[2025-03-28T18:49:45.617+0000] {processor.py:914} INFO - Processing file /usr/local/python/3.12.1/lib/python3.12/site-packages/airflow/example_dags/example_python_decorator.py for tasks to queue
[2025-03-28T18:49:45.618+0000] {logging_mixin.py:190} INFO - [2025-03-28T18:49:45.618+0000] {dagbag.py:588} INFO - Filling up the DagBag from /usr/local/python/3.12.1/lib/python3.12/site-packages/airflow/example_dags/example_python_decorator.py
[2025-03-28T18:49:45.629+0000] {processor.py:925} INFO - DAG(s) 'example_python_decorator' retrieved from /usr/local/python/3.12.1/lib/python3.12/site-packages/airflow/example_dags/example_python_decorator.py
[2025-03-28T18:49:45.644+0000] {logging_mixin.py:190} INFO - [2025-03-28T18:49:45.644+0000] {dag.py:3239} INFO - Sync 1 DAGs
[2025-03-28T18:49:45.657+0000] {logging_mixin.py:190} INFO - [2025-03-28T18:49:45.657+0000] {dag.py:4180} INFO - Setting next_dagrun for example_python_decorator to None, run_after=None
[2025-03-28T18:49:45.674+0000] {processor.py:208} INFO - Processing /usr/local/python/3.12.1/lib/python3.12/site-packages/airflow/example_dags/example_python_decorator.py took 0.061 seconds
[2025-03-28T18:50:43.730+0000] {processor.py:186} INFO - Started process (PID=23661) to work on /usr/local/python/3.12.1/lib/python3.12/site-packages/airflow/example_dags/example_python_decorator.py
[2025-03-28T18:50:43.731+0000] {processor.py:914} INFO - Processing file /usr/local/python/3.12.1/lib/python3.12/site-packages/airflow/example_dags/example_python_decorator.py for tasks to queue
[2025-03-28T18:50:43.732+0000] {logging_mixin.py:190} INFO - [2025-03-28T18:50:43.732+0000] {dagbag.py:588} INFO - Filling up the DagBag from /usr/local/python/3.12.1/lib/python3.12/site-packages/airflow/example_dags/example_python_decorator.py
[2025-03-28T18:50:43.745+0000] {processor.py:925} INFO - DAG(s) 'example_python_decorator' retrieved from /usr/local/python/3.12.1/lib/python3.12/site-packages/airflow/example_dags/example_python_decorator.py
[2025-03-28T18:50:43.758+0000] {logging_mixin.py:190} INFO - [2025-03-28T18:50:43.758+0000] {dag.py:3239} INFO - Sync 1 DAGs
[2025-03-28T18:50:43.768+0000] {logging_mixin.py:190} INFO - [2025-03-28T18:50:43.768+0000] {dag.py:4180} INFO - Setting next_dagrun for example_python_decorator to None, run_after=None
[2025-03-28T18:50:43.783+0000] {processor.py:208} INFO - Processing /usr/local/python/3.12.1/lib/python3.12/site-packages/airflow/example_dags/example_python_decorator.py took 0.057 seconds
[2025-03-28T18:52:52.825+0000] {processor.py:186} INFO - Started process (PID=24907) to work on /usr/local/python/3.12.1/lib/python3.12/site-packages/airflow/example_dags/example_python_decorator.py
[2025-03-28T18:52:52.826+0000] {processor.py:914} INFO - Processing file /usr/local/python/3.12.1/lib/python3.12/site-packages/airflow/example_dags/example_python_decorator.py for tasks to queue
[2025-03-28T18:52:52.826+0000] {logging_mixin.py:190} INFO - [2025-03-28T18:52:52.826+0000] {dagbag.py:588} INFO - Filling up the DagBag from /usr/local/python/3.12.1/lib/python3.12/site-packages/airflow/example_dags/example_python_decorator.py
[2025-03-28T18:52:52.838+0000] {processor.py:925} INFO - DAG(s) 'example_python_decorator' retrieved from /usr/local/python/3.12.1/lib/python3.12/site-packages/airflow/example_dags/example_python_decorator.py
[2025-03-28T18:52:52.850+0000] {logging_mixin.py:190} INFO - [2025-03-28T18:52:52.850+0000] {dag.py:3239} INFO - Sync 1 DAGs
[2025-03-28T18:52:52.860+0000] {logging_mixin.py:190} INFO - [2025-03-28T18:52:52.860+0000] {dag.py:4180} INFO - Setting next_dagrun for example_python_decorator to None, run_after=None
[2025-03-28T18:52:52.875+0000] {processor.py:208} INFO - Processing /usr/local/python/3.12.1/lib/python3.12/site-packages/airflow/example_dags/example_python_decorator.py took 0.054 seconds
[2025-03-28T18:55:27.958+0000] {processor.py:186} INFO - Started process (PID=26430) to work on /usr/local/python/3.12.1/lib/python3.12/site-packages/airflow/example_dags/example_python_decorator.py
[2025-03-28T18:55:27.958+0000] {processor.py:914} INFO - Processing file /usr/local/python/3.12.1/lib/python3.12/site-packages/airflow/example_dags/example_python_decorator.py for tasks to queue
[2025-03-28T18:55:27.959+0000] {logging_mixin.py:190} INFO - [2025-03-28T18:55:27.959+0000] {dagbag.py:588} INFO - Filling up the DagBag from /usr/local/python/3.12.1/lib/python3.12/site-packages/airflow/example_dags/example_python_decorator.py
[2025-03-28T18:55:27.971+0000] {processor.py:925} INFO - DAG(s) 'example_python_decorator' retrieved from /usr/local/python/3.12.1/lib/python3.12/site-packages/airflow/example_dags/example_python_decorator.py
[2025-03-28T18:55:27.983+0000] {logging_mixin.py:190} INFO - [2025-03-28T18:55:27.983+0000] {dag.py:3239} INFO - Sync 1 DAGs
[2025-03-28T18:55:27.993+0000] {logging_mixin.py:190} INFO - [2025-03-28T18:55:27.993+0000] {dag.py:4180} INFO - Setting next_dagrun for example_python_decorator to None, run_after=None
[2025-03-28T18:55:28.008+0000] {processor.py:208} INFO - Processing /usr/local/python/3.12.1/lib/python3.12/site-packages/airflow/example_dags/example_python_decorator.py took 0.054 seconds
[2025-03-28T18:58:02.379+0000] {processor.py:186} INFO - Started process (PID=28126) to work on /usr/local/python/3.12.1/lib/python3.12/site-packages/airflow/example_dags/example_python_decorator.py
[2025-03-28T18:58:02.380+0000] {processor.py:914} INFO - Processing file /usr/local/python/3.12.1/lib/python3.12/site-packages/airflow/example_dags/example_python_decorator.py for tasks to queue
[2025-03-28T18:58:02.381+0000] {logging_mixin.py:190} INFO - [2025-03-28T18:58:02.380+0000] {dagbag.py:588} INFO - Filling up the DagBag from /usr/local/python/3.12.1/lib/python3.12/site-packages/airflow/example_dags/example_python_decorator.py
[2025-03-28T18:58:02.392+0000] {processor.py:925} INFO - DAG(s) 'example_python_decorator' retrieved from /usr/local/python/3.12.1/lib/python3.12/site-packages/airflow/example_dags/example_python_decorator.py
[2025-03-28T18:58:02.408+0000] {logging_mixin.py:190} INFO - [2025-03-28T18:58:02.408+0000] {dag.py:3239} INFO - Sync 1 DAGs
[2025-03-28T18:58:02.418+0000] {logging_mixin.py:190} INFO - [2025-03-28T18:58:02.418+0000] {dag.py:4180} INFO - Setting next_dagrun for example_python_decorator to None, run_after=None
[2025-03-28T18:58:02.433+0000] {processor.py:208} INFO - Processing /usr/local/python/3.12.1/lib/python3.12/site-packages/airflow/example_dags/example_python_decorator.py took 0.058 seconds
[2025-03-28T19:00:37.736+0000] {processor.py:186} INFO - Started process (PID=29721) to work on /usr/local/python/3.12.1/lib/python3.12/site-packages/airflow/example_dags/example_python_decorator.py
[2025-03-28T19:00:37.737+0000] {processor.py:914} INFO - Processing file /usr/local/python/3.12.1/lib/python3.12/site-packages/airflow/example_dags/example_python_decorator.py for tasks to queue
[2025-03-28T19:00:37.738+0000] {logging_mixin.py:190} INFO - [2025-03-28T19:00:37.737+0000] {dagbag.py:588} INFO - Filling up the DagBag from /usr/local/python/3.12.1/lib/python3.12/site-packages/airflow/example_dags/example_python_decorator.py
[2025-03-28T19:00:37.749+0000] {processor.py:925} INFO - DAG(s) 'example_python_decorator' retrieved from /usr/local/python/3.12.1/lib/python3.12/site-packages/airflow/example_dags/example_python_decorator.py
[2025-03-28T19:00:37.762+0000] {logging_mixin.py:190} INFO - [2025-03-28T19:00:37.761+0000] {dag.py:3239} INFO - Sync 1 DAGs
[2025-03-28T19:00:37.772+0000] {logging_mixin.py:190} INFO - [2025-03-28T19:00:37.771+0000] {dag.py:4180} INFO - Setting next_dagrun for example_python_decorator to None, run_after=None
[2025-03-28T19:00:37.787+0000] {processor.py:208} INFO - Processing /usr/local/python/3.12.1/lib/python3.12/site-packages/airflow/example_dags/example_python_decorator.py took 0.055 seconds
[2025-03-28T19:03:13.268+0000] {processor.py:186} INFO - Started process (PID=31683) to work on /usr/local/python/3.12.1/lib/python3.12/site-packages/airflow/example_dags/example_python_decorator.py
[2025-03-28T19:03:13.268+0000] {processor.py:914} INFO - Processing file /usr/local/python/3.12.1/lib/python3.12/site-packages/airflow/example_dags/example_python_decorator.py for tasks to queue
[2025-03-28T19:03:13.269+0000] {logging_mixin.py:190} INFO - [2025-03-28T19:03:13.269+0000] {dagbag.py:588} INFO - Filling up the DagBag from /usr/local/python/3.12.1/lib/python3.12/site-packages/airflow/example_dags/example_python_decorator.py
[2025-03-28T19:03:13.285+0000] {processor.py:925} INFO - DAG(s) 'example_python_decorator' retrieved from /usr/local/python/3.12.1/lib/python3.12/site-packages/airflow/example_dags/example_python_decorator.py
[2025-03-28T19:03:13.301+0000] {logging_mixin.py:190} INFO - [2025-03-28T19:03:13.300+0000] {dag.py:3239} INFO - Sync 1 DAGs
[2025-03-28T19:03:13.311+0000] {logging_mixin.py:190} INFO - [2025-03-28T19:03:13.311+0000] {dag.py:4180} INFO - Setting next_dagrun for example_python_decorator to None, run_after=None
[2025-03-28T19:03:13.325+0000] {processor.py:208} INFO - Processing /usr/local/python/3.12.1/lib/python3.12/site-packages/airflow/example_dags/example_python_decorator.py took 0.063 seconds
[2025-03-28T19:05:48.394+0000] {processor.py:186} INFO - Started process (PID=33335) to work on /usr/local/python/3.12.1/lib/python3.12/site-packages/airflow/example_dags/example_python_decorator.py
[2025-03-28T19:05:48.394+0000] {processor.py:914} INFO - Processing file /usr/local/python/3.12.1/lib/python3.12/site-packages/airflow/example_dags/example_python_decorator.py for tasks to queue
[2025-03-28T19:05:48.395+0000] {logging_mixin.py:190} INFO - [2025-03-28T19:05:48.395+0000] {dagbag.py:588} INFO - Filling up the DagBag from /usr/local/python/3.12.1/lib/python3.12/site-packages/airflow/example_dags/example_python_decorator.py
[2025-03-28T19:05:48.406+0000] {processor.py:925} INFO - DAG(s) 'example_python_decorator' retrieved from /usr/local/python/3.12.1/lib/python3.12/site-packages/airflow/example_dags/example_python_decorator.py
[2025-03-28T19:05:48.419+0000] {logging_mixin.py:190} INFO - [2025-03-28T19:05:48.419+0000] {dag.py:3239} INFO - Sync 1 DAGs
[2025-03-28T19:05:48.429+0000] {logging_mixin.py:190} INFO - [2025-03-28T19:05:48.429+0000] {dag.py:4180} INFO - Setting next_dagrun for example_python_decorator to None, run_after=None
[2025-03-28T19:05:48.443+0000] {processor.py:208} INFO - Processing /usr/local/python/3.12.1/lib/python3.12/site-packages/airflow/example_dags/example_python_decorator.py took 0.053 seconds
[2025-03-28T19:08:25.784+0000] {processor.py:186} INFO - Started process (PID=36104) to work on /usr/local/python/3.12.1/lib/python3.12/site-packages/airflow/example_dags/example_python_decorator.py
[2025-03-28T19:08:25.785+0000] {processor.py:914} INFO - Processing file /usr/local/python/3.12.1/lib/python3.12/site-packages/airflow/example_dags/example_python_decorator.py for tasks to queue
[2025-03-28T19:08:25.786+0000] {logging_mixin.py:190} INFO - [2025-03-28T19:08:25.785+0000] {dagbag.py:588} INFO - Filling up the DagBag from /usr/local/python/3.12.1/lib/python3.12/site-packages/airflow/example_dags/example_python_decorator.py
[2025-03-28T19:08:25.797+0000] {processor.py:925} INFO - DAG(s) 'example_python_decorator' retrieved from /usr/local/python/3.12.1/lib/python3.12/site-packages/airflow/example_dags/example_python_decorator.py
[2025-03-28T19:08:25.809+0000] {logging_mixin.py:190} INFO - [2025-03-28T19:08:25.809+0000] {dag.py:3239} INFO - Sync 1 DAGs
[2025-03-28T19:08:25.819+0000] {logging_mixin.py:190} INFO - [2025-03-28T19:08:25.819+0000] {dag.py:4180} INFO - Setting next_dagrun for example_python_decorator to None, run_after=None
[2025-03-28T19:08:25.834+0000] {processor.py:208} INFO - Processing /usr/local/python/3.12.1/lib/python3.12/site-packages/airflow/example_dags/example_python_decorator.py took 0.053 seconds
[2025-03-28T19:11:20.431+0000] {processor.py:186} INFO - Started process (PID=38281) to work on /usr/local/python/3.12.1/lib/python3.12/site-packages/airflow/example_dags/example_python_decorator.py
[2025-03-28T19:11:20.432+0000] {processor.py:914} INFO - Processing file /usr/local/python/3.12.1/lib/python3.12/site-packages/airflow/example_dags/example_python_decorator.py for tasks to queue
[2025-03-28T19:11:20.433+0000] {logging_mixin.py:190} INFO - [2025-03-28T19:11:20.433+0000] {dagbag.py:588} INFO - Filling up the DagBag from /usr/local/python/3.12.1/lib/python3.12/site-packages/airflow/example_dags/example_python_decorator.py
[2025-03-28T19:11:20.445+0000] {processor.py:925} INFO - DAG(s) 'example_python_decorator' retrieved from /usr/local/python/3.12.1/lib/python3.12/site-packages/airflow/example_dags/example_python_decorator.py
[2025-03-28T19:11:20.530+0000] {logging_mixin.py:190} INFO - [2025-03-28T19:11:20.529+0000] {dag.py:3239} INFO - Sync 1 DAGs
[2025-03-28T19:11:20.538+0000] {logging_mixin.py:190} INFO - [2025-03-28T19:11:20.537+0000] {dag.py:4180} INFO - Setting next_dagrun for example_python_decorator to None, run_after=None
[2025-03-28T19:11:20.554+0000] {processor.py:208} INFO - Processing /usr/local/python/3.12.1/lib/python3.12/site-packages/airflow/example_dags/example_python_decorator.py took 0.127 seconds
[2025-03-28T19:14:24.853+0000] {processor.py:186} INFO - Started process (PID=40271) to work on /usr/local/python/3.12.1/lib/python3.12/site-packages/airflow/example_dags/example_python_decorator.py
[2025-03-28T19:14:24.854+0000] {processor.py:914} INFO - Processing file /usr/local/python/3.12.1/lib/python3.12/site-packages/airflow/example_dags/example_python_decorator.py for tasks to queue
[2025-03-28T19:14:24.855+0000] {logging_mixin.py:190} INFO - [2025-03-28T19:14:24.855+0000] {dagbag.py:588} INFO - Filling up the DagBag from /usr/local/python/3.12.1/lib/python3.12/site-packages/airflow/example_dags/example_python_decorator.py
[2025-03-28T19:14:24.867+0000] {processor.py:925} INFO - DAG(s) 'example_python_decorator' retrieved from /usr/local/python/3.12.1/lib/python3.12/site-packages/airflow/example_dags/example_python_decorator.py
[2025-03-28T19:14:24.879+0000] {logging_mixin.py:190} INFO - [2025-03-28T19:14:24.879+0000] {dag.py:3239} INFO - Sync 1 DAGs
[2025-03-28T19:14:24.889+0000] {logging_mixin.py:190} INFO - [2025-03-28T19:14:24.888+0000] {dag.py:4180} INFO - Setting next_dagrun for example_python_decorator to None, run_after=None
[2025-03-28T19:14:24.903+0000] {processor.py:208} INFO - Processing /usr/local/python/3.12.1/lib/python3.12/site-packages/airflow/example_dags/example_python_decorator.py took 0.054 seconds
[2025-03-28T19:16:59.751+0000] {processor.py:186} INFO - Started process (PID=41807) to work on /usr/local/python/3.12.1/lib/python3.12/site-packages/airflow/example_dags/example_python_decorator.py
[2025-03-28T19:16:59.752+0000] {processor.py:914} INFO - Processing file /usr/local/python/3.12.1/lib/python3.12/site-packages/airflow/example_dags/example_python_decorator.py for tasks to queue
[2025-03-28T19:16:59.753+0000] {logging_mixin.py:190} INFO - [2025-03-28T19:16:59.753+0000] {dagbag.py:588} INFO - Filling up the DagBag from /usr/local/python/3.12.1/lib/python3.12/site-packages/airflow/example_dags/example_python_decorator.py
[2025-03-28T19:16:59.764+0000] {processor.py:925} INFO - DAG(s) 'example_python_decorator' retrieved from /usr/local/python/3.12.1/lib/python3.12/site-packages/airflow/example_dags/example_python_decorator.py
[2025-03-28T19:16:59.777+0000] {logging_mixin.py:190} INFO - [2025-03-28T19:16:59.776+0000] {dag.py:3239} INFO - Sync 1 DAGs
[2025-03-28T19:16:59.786+0000] {logging_mixin.py:190} INFO - [2025-03-28T19:16:59.786+0000] {dag.py:4180} INFO - Setting next_dagrun for example_python_decorator to None, run_after=None
[2025-03-28T19:16:59.801+0000] {processor.py:208} INFO - Processing /usr/local/python/3.12.1/lib/python3.12/site-packages/airflow/example_dags/example_python_decorator.py took 0.054 seconds
[2025-03-28T19:19:34.637+0000] {processor.py:186} INFO - Started process (PID=43342) to work on /usr/local/python/3.12.1/lib/python3.12/site-packages/airflow/example_dags/example_python_decorator.py
[2025-03-28T19:19:34.637+0000] {processor.py:914} INFO - Processing file /usr/local/python/3.12.1/lib/python3.12/site-packages/airflow/example_dags/example_python_decorator.py for tasks to queue
[2025-03-28T19:19:34.639+0000] {logging_mixin.py:190} INFO - [2025-03-28T19:19:34.638+0000] {dagbag.py:588} INFO - Filling up the DagBag from /usr/local/python/3.12.1/lib/python3.12/site-packages/airflow/example_dags/example_python_decorator.py
[2025-03-28T19:19:34.650+0000] {processor.py:925} INFO - DAG(s) 'example_python_decorator' retrieved from /usr/local/python/3.12.1/lib/python3.12/site-packages/airflow/example_dags/example_python_decorator.py
[2025-03-28T19:19:34.662+0000] {logging_mixin.py:190} INFO - [2025-03-28T19:19:34.662+0000] {dag.py:3239} INFO - Sync 1 DAGs
[2025-03-28T19:19:34.672+0000] {logging_mixin.py:190} INFO - [2025-03-28T19:19:34.672+0000] {dag.py:4180} INFO - Setting next_dagrun for example_python_decorator to None, run_after=None
[2025-03-28T19:19:34.687+0000] {processor.py:208} INFO - Processing /usr/local/python/3.12.1/lib/python3.12/site-packages/airflow/example_dags/example_python_decorator.py took 0.054 seconds
[2025-03-28T19:22:10.515+0000] {processor.py:186} INFO - Started process (PID=44868) to work on /usr/local/python/3.12.1/lib/python3.12/site-packages/airflow/example_dags/example_python_decorator.py
[2025-03-28T19:22:10.515+0000] {processor.py:914} INFO - Processing file /usr/local/python/3.12.1/lib/python3.12/site-packages/airflow/example_dags/example_python_decorator.py for tasks to queue
[2025-03-28T19:22:10.517+0000] {logging_mixin.py:190} INFO - [2025-03-28T19:22:10.516+0000] {dagbag.py:588} INFO - Filling up the DagBag from /usr/local/python/3.12.1/lib/python3.12/site-packages/airflow/example_dags/example_python_decorator.py
[2025-03-28T19:22:10.528+0000] {processor.py:925} INFO - DAG(s) 'example_python_decorator' retrieved from /usr/local/python/3.12.1/lib/python3.12/site-packages/airflow/example_dags/example_python_decorator.py
[2025-03-28T19:22:10.541+0000] {logging_mixin.py:190} INFO - [2025-03-28T19:22:10.541+0000] {dag.py:3239} INFO - Sync 1 DAGs
[2025-03-28T19:22:10.550+0000] {logging_mixin.py:190} INFO - [2025-03-28T19:22:10.550+0000] {dag.py:4180} INFO - Setting next_dagrun for example_python_decorator to None, run_after=None
[2025-03-28T19:22:10.565+0000] {processor.py:208} INFO - Processing /usr/local/python/3.12.1/lib/python3.12/site-packages/airflow/example_dags/example_python_decorator.py took 0.054 seconds
[2025-03-28T19:24:45.016+0000] {processor.py:186} INFO - Started process (PID=46392) to work on /usr/local/python/3.12.1/lib/python3.12/site-packages/airflow/example_dags/example_python_decorator.py
[2025-03-28T19:24:45.017+0000] {processor.py:914} INFO - Processing file /usr/local/python/3.12.1/lib/python3.12/site-packages/airflow/example_dags/example_python_decorator.py for tasks to queue
[2025-03-28T19:24:45.018+0000] {logging_mixin.py:190} INFO - [2025-03-28T19:24:45.018+0000] {dagbag.py:588} INFO - Filling up the DagBag from /usr/local/python/3.12.1/lib/python3.12/site-packages/airflow/example_dags/example_python_decorator.py
[2025-03-28T19:24:45.029+0000] {processor.py:925} INFO - DAG(s) 'example_python_decorator' retrieved from /usr/local/python/3.12.1/lib/python3.12/site-packages/airflow/example_dags/example_python_decorator.py
[2025-03-28T19:24:45.042+0000] {logging_mixin.py:190} INFO - [2025-03-28T19:24:45.042+0000] {dag.py:3239} INFO - Sync 1 DAGs
[2025-03-28T19:24:45.051+0000] {logging_mixin.py:190} INFO - [2025-03-28T19:24:45.051+0000] {dag.py:4180} INFO - Setting next_dagrun for example_python_decorator to None, run_after=None
[2025-03-28T19:24:45.065+0000] {processor.py:208} INFO - Processing /usr/local/python/3.12.1/lib/python3.12/site-packages/airflow/example_dags/example_python_decorator.py took 0.053 seconds
[2025-03-28T19:25:51.545+0000] {processor.py:186} INFO - Started process (PID=46975) to work on /usr/local/python/3.12.1/lib/python3.12/site-packages/airflow/example_dags/example_python_decorator.py
[2025-03-28T19:25:51.546+0000] {processor.py:914} INFO - Processing file /usr/local/python/3.12.1/lib/python3.12/site-packages/airflow/example_dags/example_python_decorator.py for tasks to queue
[2025-03-28T19:25:51.547+0000] {logging_mixin.py:190} INFO - [2025-03-28T19:25:51.547+0000] {dagbag.py:588} INFO - Filling up the DagBag from /usr/local/python/3.12.1/lib/python3.12/site-packages/airflow/example_dags/example_python_decorator.py
[2025-03-28T19:25:51.559+0000] {processor.py:925} INFO - DAG(s) 'example_python_decorator' retrieved from /usr/local/python/3.12.1/lib/python3.12/site-packages/airflow/example_dags/example_python_decorator.py
[2025-03-28T19:25:51.572+0000] {logging_mixin.py:190} INFO - [2025-03-28T19:25:51.572+0000] {dag.py:3239} INFO - Sync 1 DAGs
[2025-03-28T19:25:51.582+0000] {logging_mixin.py:190} INFO - [2025-03-28T19:25:51.582+0000] {dag.py:4180} INFO - Setting next_dagrun for example_python_decorator to None, run_after=None
[2025-03-28T19:25:51.596+0000] {processor.py:208} INFO - Processing /usr/local/python/3.12.1/lib/python3.12/site-packages/airflow/example_dags/example_python_decorator.py took 0.055 seconds
[2025-03-28T19:26:45.625+0000] {processor.py:186} INFO - Started process (PID=47400) to work on /usr/local/python/3.12.1/lib/python3.12/site-packages/airflow/example_dags/example_python_decorator.py
[2025-03-28T19:26:45.625+0000] {processor.py:914} INFO - Processing file /usr/local/python/3.12.1/lib/python3.12/site-packages/airflow/example_dags/example_python_decorator.py for tasks to queue
[2025-03-28T19:26:45.627+0000] {logging_mixin.py:190} INFO - [2025-03-28T19:26:45.626+0000] {dagbag.py:588} INFO - Filling up the DagBag from /usr/local/python/3.12.1/lib/python3.12/site-packages/airflow/example_dags/example_python_decorator.py
[2025-03-28T19:26:45.638+0000] {processor.py:925} INFO - DAG(s) 'example_python_decorator' retrieved from /usr/local/python/3.12.1/lib/python3.12/site-packages/airflow/example_dags/example_python_decorator.py
[2025-03-28T19:26:45.651+0000] {logging_mixin.py:190} INFO - [2025-03-28T19:26:45.651+0000] {dag.py:3239} INFO - Sync 1 DAGs
[2025-03-28T19:26:45.661+0000] {logging_mixin.py:190} INFO - [2025-03-28T19:26:45.661+0000] {dag.py:4180} INFO - Setting next_dagrun for example_python_decorator to None, run_after=None
[2025-03-28T19:26:45.676+0000] {processor.py:208} INFO - Processing /usr/local/python/3.12.1/lib/python3.12/site-packages/airflow/example_dags/example_python_decorator.py took 0.055 seconds
[2025-03-28T19:27:39.929+0000] {processor.py:186} INFO - Started process (PID=47817) to work on /usr/local/python/3.12.1/lib/python3.12/site-packages/airflow/example_dags/example_python_decorator.py
[2025-03-28T19:27:39.930+0000] {processor.py:914} INFO - Processing file /usr/local/python/3.12.1/lib/python3.12/site-packages/airflow/example_dags/example_python_decorator.py for tasks to queue
[2025-03-28T19:27:39.931+0000] {logging_mixin.py:190} INFO - [2025-03-28T19:27:39.931+0000] {dagbag.py:588} INFO - Filling up the DagBag from /usr/local/python/3.12.1/lib/python3.12/site-packages/airflow/example_dags/example_python_decorator.py
[2025-03-28T19:27:39.942+0000] {processor.py:925} INFO - DAG(s) 'example_python_decorator' retrieved from /usr/local/python/3.12.1/lib/python3.12/site-packages/airflow/example_dags/example_python_decorator.py
[2025-03-28T19:27:39.954+0000] {logging_mixin.py:190} INFO - [2025-03-28T19:27:39.954+0000] {dag.py:3239} INFO - Sync 1 DAGs
[2025-03-28T19:27:39.964+0000] {logging_mixin.py:190} INFO - [2025-03-28T19:27:39.964+0000] {dag.py:4180} INFO - Setting next_dagrun for example_python_decorator to None, run_after=None
[2025-03-28T19:27:39.978+0000] {processor.py:208} INFO - Processing /usr/local/python/3.12.1/lib/python3.12/site-packages/airflow/example_dags/example_python_decorator.py took 0.053 seconds
[2025-03-28T19:28:30.887+0000] {processor.py:186} INFO - Started process (PID=48223) to work on /usr/local/python/3.12.1/lib/python3.12/site-packages/airflow/example_dags/example_python_decorator.py
[2025-03-28T19:28:30.888+0000] {processor.py:914} INFO - Processing file /usr/local/python/3.12.1/lib/python3.12/site-packages/airflow/example_dags/example_python_decorator.py for tasks to queue
[2025-03-28T19:28:30.889+0000] {logging_mixin.py:190} INFO - [2025-03-28T19:28:30.889+0000] {dagbag.py:588} INFO - Filling up the DagBag from /usr/local/python/3.12.1/lib/python3.12/site-packages/airflow/example_dags/example_python_decorator.py
[2025-03-28T19:28:30.901+0000] {processor.py:925} INFO - DAG(s) 'example_python_decorator' retrieved from /usr/local/python/3.12.1/lib/python3.12/site-packages/airflow/example_dags/example_python_decorator.py
[2025-03-28T19:28:30.914+0000] {logging_mixin.py:190} INFO - [2025-03-28T19:28:30.914+0000] {dag.py:3239} INFO - Sync 1 DAGs
[2025-03-28T19:28:30.923+0000] {logging_mixin.py:190} INFO - [2025-03-28T19:28:30.923+0000] {dag.py:4180} INFO - Setting next_dagrun for example_python_decorator to None, run_after=None
[2025-03-28T19:28:30.937+0000] {processor.py:208} INFO - Processing /usr/local/python/3.12.1/lib/python3.12/site-packages/airflow/example_dags/example_python_decorator.py took 0.054 seconds
[2025-03-28T19:29:23.598+0000] {processor.py:186} INFO - Started process (PID=48648) to work on /usr/local/python/3.12.1/lib/python3.12/site-packages/airflow/example_dags/example_python_decorator.py
[2025-03-28T19:29:23.598+0000] {processor.py:914} INFO - Processing file /usr/local/python/3.12.1/lib/python3.12/site-packages/airflow/example_dags/example_python_decorator.py for tasks to queue
[2025-03-28T19:29:23.600+0000] {logging_mixin.py:190} INFO - [2025-03-28T19:29:23.599+0000] {dagbag.py:588} INFO - Filling up the DagBag from /usr/local/python/3.12.1/lib/python3.12/site-packages/airflow/example_dags/example_python_decorator.py
[2025-03-28T19:29:23.611+0000] {processor.py:925} INFO - DAG(s) 'example_python_decorator' retrieved from /usr/local/python/3.12.1/lib/python3.12/site-packages/airflow/example_dags/example_python_decorator.py
[2025-03-28T19:29:23.623+0000] {logging_mixin.py:190} INFO - [2025-03-28T19:29:23.623+0000] {dag.py:3239} INFO - Sync 1 DAGs
[2025-03-28T19:29:23.633+0000] {logging_mixin.py:190} INFO - [2025-03-28T19:29:23.633+0000] {dag.py:4180} INFO - Setting next_dagrun for example_python_decorator to None, run_after=None
[2025-03-28T19:29:23.647+0000] {processor.py:208} INFO - Processing /usr/local/python/3.12.1/lib/python3.12/site-packages/airflow/example_dags/example_python_decorator.py took 0.054 seconds
[2025-03-28T19:30:18.659+0000] {processor.py:186} INFO - Started process (PID=49078) to work on /usr/local/python/3.12.1/lib/python3.12/site-packages/airflow/example_dags/example_python_decorator.py
[2025-03-28T19:30:18.659+0000] {processor.py:914} INFO - Processing file /usr/local/python/3.12.1/lib/python3.12/site-packages/airflow/example_dags/example_python_decorator.py for tasks to queue
[2025-03-28T19:30:18.661+0000] {logging_mixin.py:190} INFO - [2025-03-28T19:30:18.660+0000] {dagbag.py:588} INFO - Filling up the DagBag from /usr/local/python/3.12.1/lib/python3.12/site-packages/airflow/example_dags/example_python_decorator.py
[2025-03-28T19:30:18.672+0000] {processor.py:925} INFO - DAG(s) 'example_python_decorator' retrieved from /usr/local/python/3.12.1/lib/python3.12/site-packages/airflow/example_dags/example_python_decorator.py
[2025-03-28T19:30:18.685+0000] {logging_mixin.py:190} INFO - [2025-03-28T19:30:18.684+0000] {dag.py:3239} INFO - Sync 1 DAGs
[2025-03-28T19:30:18.694+0000] {logging_mixin.py:190} INFO - [2025-03-28T19:30:18.694+0000] {dag.py:4180} INFO - Setting next_dagrun for example_python_decorator to None, run_after=None
[2025-03-28T19:30:18.708+0000] {processor.py:208} INFO - Processing /usr/local/python/3.12.1/lib/python3.12/site-packages/airflow/example_dags/example_python_decorator.py took 0.054 seconds
[2025-03-28T19:31:15.163+0000] {processor.py:186} INFO - Started process (PID=49527) to work on /usr/local/python/3.12.1/lib/python3.12/site-packages/airflow/example_dags/example_python_decorator.py
[2025-03-28T19:31:15.164+0000] {processor.py:914} INFO - Processing file /usr/local/python/3.12.1/lib/python3.12/site-packages/airflow/example_dags/example_python_decorator.py for tasks to queue
[2025-03-28T19:31:15.165+0000] {logging_mixin.py:190} INFO - [2025-03-28T19:31:15.165+0000] {dagbag.py:588} INFO - Filling up the DagBag from /usr/local/python/3.12.1/lib/python3.12/site-packages/airflow/example_dags/example_python_decorator.py
[2025-03-28T19:31:15.177+0000] {processor.py:925} INFO - DAG(s) 'example_python_decorator' retrieved from /usr/local/python/3.12.1/lib/python3.12/site-packages/airflow/example_dags/example_python_decorator.py
[2025-03-28T19:31:15.190+0000] {logging_mixin.py:190} INFO - [2025-03-28T19:31:15.190+0000] {dag.py:3239} INFO - Sync 1 DAGs
[2025-03-28T19:31:15.200+0000] {logging_mixin.py:190} INFO - [2025-03-28T19:31:15.200+0000] {dag.py:4180} INFO - Setting next_dagrun for example_python_decorator to None, run_after=None
[2025-03-28T19:31:15.214+0000] {processor.py:208} INFO - Processing /usr/local/python/3.12.1/lib/python3.12/site-packages/airflow/example_dags/example_python_decorator.py took 0.055 seconds
[2025-03-28T19:32:12.322+0000] {processor.py:186} INFO - Started process (PID=49967) to work on /usr/local/python/3.12.1/lib/python3.12/site-packages/airflow/example_dags/example_python_decorator.py
[2025-03-28T19:32:12.323+0000] {processor.py:914} INFO - Processing file /usr/local/python/3.12.1/lib/python3.12/site-packages/airflow/example_dags/example_python_decorator.py for tasks to queue
[2025-03-28T19:32:12.324+0000] {logging_mixin.py:190} INFO - [2025-03-28T19:32:12.324+0000] {dagbag.py:588} INFO - Filling up the DagBag from /usr/local/python/3.12.1/lib/python3.12/site-packages/airflow/example_dags/example_python_decorator.py
[2025-03-28T19:32:12.336+0000] {processor.py:925} INFO - DAG(s) 'example_python_decorator' retrieved from /usr/local/python/3.12.1/lib/python3.12/site-packages/airflow/example_dags/example_python_decorator.py
[2025-03-28T19:32:12.349+0000] {logging_mixin.py:190} INFO - [2025-03-28T19:32:12.349+0000] {dag.py:3239} INFO - Sync 1 DAGs
[2025-03-28T19:32:12.359+0000] {logging_mixin.py:190} INFO - [2025-03-28T19:32:12.358+0000] {dag.py:4180} INFO - Setting next_dagrun for example_python_decorator to None, run_after=None
[2025-03-28T19:32:12.374+0000] {processor.py:208} INFO - Processing /usr/local/python/3.12.1/lib/python3.12/site-packages/airflow/example_dags/example_python_decorator.py took 0.056 seconds
[2025-03-28T19:33:05.121+0000] {processor.py:186} INFO - Started process (PID=50376) to work on /usr/local/python/3.12.1/lib/python3.12/site-packages/airflow/example_dags/example_python_decorator.py
[2025-03-28T19:33:05.122+0000] {processor.py:914} INFO - Processing file /usr/local/python/3.12.1/lib/python3.12/site-packages/airflow/example_dags/example_python_decorator.py for tasks to queue
[2025-03-28T19:33:05.123+0000] {logging_mixin.py:190} INFO - [2025-03-28T19:33:05.123+0000] {dagbag.py:588} INFO - Filling up the DagBag from /usr/local/python/3.12.1/lib/python3.12/site-packages/airflow/example_dags/example_python_decorator.py
[2025-03-28T19:33:05.134+0000] {processor.py:925} INFO - DAG(s) 'example_python_decorator' retrieved from /usr/local/python/3.12.1/lib/python3.12/site-packages/airflow/example_dags/example_python_decorator.py
[2025-03-28T19:33:05.147+0000] {logging_mixin.py:190} INFO - [2025-03-28T19:33:05.147+0000] {dag.py:3239} INFO - Sync 1 DAGs
[2025-03-28T19:33:05.157+0000] {logging_mixin.py:190} INFO - [2025-03-28T19:33:05.156+0000] {dag.py:4180} INFO - Setting next_dagrun for example_python_decorator to None, run_after=None
[2025-03-28T19:33:05.171+0000] {processor.py:208} INFO - Processing /usr/local/python/3.12.1/lib/python3.12/site-packages/airflow/example_dags/example_python_decorator.py took 0.054 seconds
[2025-03-28T19:33:57.540+0000] {processor.py:186} INFO - Started process (PID=50804) to work on /usr/local/python/3.12.1/lib/python3.12/site-packages/airflow/example_dags/example_python_decorator.py
[2025-03-28T19:33:57.541+0000] {processor.py:914} INFO - Processing file /usr/local/python/3.12.1/lib/python3.12/site-packages/airflow/example_dags/example_python_decorator.py for tasks to queue
[2025-03-28T19:33:57.543+0000] {logging_mixin.py:190} INFO - [2025-03-28T19:33:57.542+0000] {dagbag.py:588} INFO - Filling up the DagBag from /usr/local/python/3.12.1/lib/python3.12/site-packages/airflow/example_dags/example_python_decorator.py
[2025-03-28T19:33:57.559+0000] {processor.py:925} INFO - DAG(s) 'example_python_decorator' retrieved from /usr/local/python/3.12.1/lib/python3.12/site-packages/airflow/example_dags/example_python_decorator.py
[2025-03-28T19:33:57.572+0000] {logging_mixin.py:190} INFO - [2025-03-28T19:33:57.572+0000] {dag.py:3239} INFO - Sync 1 DAGs
[2025-03-28T19:33:57.582+0000] {logging_mixin.py:190} INFO - [2025-03-28T19:33:57.581+0000] {dag.py:4180} INFO - Setting next_dagrun for example_python_decorator to None, run_after=None
[2025-03-28T19:33:57.596+0000] {processor.py:208} INFO - Processing /usr/local/python/3.12.1/lib/python3.12/site-packages/airflow/example_dags/example_python_decorator.py took 0.060 seconds
[2025-03-28T19:34:51.882+0000] {processor.py:186} INFO - Started process (PID=51224) to work on /usr/local/python/3.12.1/lib/python3.12/site-packages/airflow/example_dags/example_python_decorator.py
[2025-03-28T19:34:51.883+0000] {processor.py:914} INFO - Processing file /usr/local/python/3.12.1/lib/python3.12/site-packages/airflow/example_dags/example_python_decorator.py for tasks to queue
[2025-03-28T19:34:51.885+0000] {logging_mixin.py:190} INFO - [2025-03-28T19:34:51.884+0000] {dagbag.py:588} INFO - Filling up the DagBag from /usr/local/python/3.12.1/lib/python3.12/site-packages/airflow/example_dags/example_python_decorator.py
[2025-03-28T19:34:51.898+0000] {processor.py:925} INFO - DAG(s) 'example_python_decorator' retrieved from /usr/local/python/3.12.1/lib/python3.12/site-packages/airflow/example_dags/example_python_decorator.py
[2025-03-28T19:34:51.911+0000] {logging_mixin.py:190} INFO - [2025-03-28T19:34:51.911+0000] {dag.py:3239} INFO - Sync 1 DAGs
[2025-03-28T19:34:51.920+0000] {logging_mixin.py:190} INFO - [2025-03-28T19:34:51.920+0000] {dag.py:4180} INFO - Setting next_dagrun for example_python_decorator to None, run_after=None
[2025-03-28T19:34:51.934+0000] {processor.py:208} INFO - Processing /usr/local/python/3.12.1/lib/python3.12/site-packages/airflow/example_dags/example_python_decorator.py took 0.057 seconds
[2025-03-28T19:35:46.160+0000] {processor.py:186} INFO - Started process (PID=51645) to work on /usr/local/python/3.12.1/lib/python3.12/site-packages/airflow/example_dags/example_python_decorator.py
[2025-03-28T19:35:46.161+0000] {processor.py:914} INFO - Processing file /usr/local/python/3.12.1/lib/python3.12/site-packages/airflow/example_dags/example_python_decorator.py for tasks to queue
[2025-03-28T19:35:46.162+0000] {logging_mixin.py:190} INFO - [2025-03-28T19:35:46.162+0000] {dagbag.py:588} INFO - Filling up the DagBag from /usr/local/python/3.12.1/lib/python3.12/site-packages/airflow/example_dags/example_python_decorator.py
[2025-03-28T19:35:46.174+0000] {processor.py:925} INFO - DAG(s) 'example_python_decorator' retrieved from /usr/local/python/3.12.1/lib/python3.12/site-packages/airflow/example_dags/example_python_decorator.py
[2025-03-28T19:35:46.186+0000] {logging_mixin.py:190} INFO - [2025-03-28T19:35:46.186+0000] {dag.py:3239} INFO - Sync 1 DAGs
[2025-03-28T19:35:46.196+0000] {logging_mixin.py:190} INFO - [2025-03-28T19:35:46.196+0000] {dag.py:4180} INFO - Setting next_dagrun for example_python_decorator to None, run_after=None
[2025-03-28T19:35:46.211+0000] {processor.py:208} INFO - Processing /usr/local/python/3.12.1/lib/python3.12/site-packages/airflow/example_dags/example_python_decorator.py took 0.055 seconds
[2025-03-28T19:36:42.295+0000] {processor.py:186} INFO - Started process (PID=52095) to work on /usr/local/python/3.12.1/lib/python3.12/site-packages/airflow/example_dags/example_python_decorator.py
[2025-03-28T19:36:42.296+0000] {processor.py:914} INFO - Processing file /usr/local/python/3.12.1/lib/python3.12/site-packages/airflow/example_dags/example_python_decorator.py for tasks to queue
[2025-03-28T19:36:42.298+0000] {logging_mixin.py:190} INFO - [2025-03-28T19:36:42.297+0000] {dagbag.py:588} INFO - Filling up the DagBag from /usr/local/python/3.12.1/lib/python3.12/site-packages/airflow/example_dags/example_python_decorator.py
[2025-03-28T19:36:42.309+0000] {processor.py:925} INFO - DAG(s) 'example_python_decorator' retrieved from /usr/local/python/3.12.1/lib/python3.12/site-packages/airflow/example_dags/example_python_decorator.py
[2025-03-28T19:36:42.321+0000] {logging_mixin.py:190} INFO - [2025-03-28T19:36:42.321+0000] {dag.py:3239} INFO - Sync 1 DAGs
[2025-03-28T19:36:42.330+0000] {logging_mixin.py:190} INFO - [2025-03-28T19:36:42.330+0000] {dag.py:4180} INFO - Setting next_dagrun for example_python_decorator to None, run_after=None
[2025-03-28T19:36:42.345+0000] {processor.py:208} INFO - Processing /usr/local/python/3.12.1/lib/python3.12/site-packages/airflow/example_dags/example_python_decorator.py took 0.054 seconds
[2025-03-28T19:37:37.376+0000] {processor.py:186} INFO - Started process (PID=52519) to work on /usr/local/python/3.12.1/lib/python3.12/site-packages/airflow/example_dags/example_python_decorator.py
[2025-03-28T19:37:37.377+0000] {processor.py:914} INFO - Processing file /usr/local/python/3.12.1/lib/python3.12/site-packages/airflow/example_dags/example_python_decorator.py for tasks to queue
[2025-03-28T19:37:37.378+0000] {logging_mixin.py:190} INFO - [2025-03-28T19:37:37.378+0000] {dagbag.py:588} INFO - Filling up the DagBag from /usr/local/python/3.12.1/lib/python3.12/site-packages/airflow/example_dags/example_python_decorator.py
[2025-03-28T19:37:37.389+0000] {processor.py:925} INFO - DAG(s) 'example_python_decorator' retrieved from /usr/local/python/3.12.1/lib/python3.12/site-packages/airflow/example_dags/example_python_decorator.py
[2025-03-28T19:37:37.402+0000] {logging_mixin.py:190} INFO - [2025-03-28T19:37:37.401+0000] {dag.py:3239} INFO - Sync 1 DAGs
[2025-03-28T19:37:37.411+0000] {logging_mixin.py:190} INFO - [2025-03-28T19:37:37.411+0000] {dag.py:4180} INFO - Setting next_dagrun for example_python_decorator to None, run_after=None
[2025-03-28T19:37:37.425+0000] {processor.py:208} INFO - Processing /usr/local/python/3.12.1/lib/python3.12/site-packages/airflow/example_dags/example_python_decorator.py took 0.053 seconds
[2025-03-28T19:38:29.351+0000] {processor.py:186} INFO - Started process (PID=52925) to work on /usr/local/python/3.12.1/lib/python3.12/site-packages/airflow/example_dags/example_python_decorator.py
[2025-03-28T19:38:29.351+0000] {processor.py:914} INFO - Processing file /usr/local/python/3.12.1/lib/python3.12/site-packages/airflow/example_dags/example_python_decorator.py for tasks to queue
[2025-03-28T19:38:29.353+0000] {logging_mixin.py:190} INFO - [2025-03-28T19:38:29.353+0000] {dagbag.py:588} INFO - Filling up the DagBag from /usr/local/python/3.12.1/lib/python3.12/site-packages/airflow/example_dags/example_python_decorator.py
[2025-03-28T19:38:29.367+0000] {processor.py:925} INFO - DAG(s) 'example_python_decorator' retrieved from /usr/local/python/3.12.1/lib/python3.12/site-packages/airflow/example_dags/example_python_decorator.py
[2025-03-28T19:38:29.381+0000] {logging_mixin.py:190} INFO - [2025-03-28T19:38:29.381+0000] {dag.py:3239} INFO - Sync 1 DAGs
[2025-03-28T19:38:29.394+0000] {logging_mixin.py:190} INFO - [2025-03-28T19:38:29.394+0000] {dag.py:4180} INFO - Setting next_dagrun for example_python_decorator to None, run_after=None
[2025-03-28T19:38:29.409+0000] {processor.py:208} INFO - Processing /usr/local/python/3.12.1/lib/python3.12/site-packages/airflow/example_dags/example_python_decorator.py took 0.063 seconds
[2025-03-28T19:39:27.116+0000] {processor.py:186} INFO - Started process (PID=53384) to work on /usr/local/python/3.12.1/lib/python3.12/site-packages/airflow/example_dags/example_python_decorator.py
[2025-03-28T19:39:27.116+0000] {processor.py:914} INFO - Processing file /usr/local/python/3.12.1/lib/python3.12/site-packages/airflow/example_dags/example_python_decorator.py for tasks to queue
[2025-03-28T19:39:27.118+0000] {logging_mixin.py:190} INFO - [2025-03-28T19:39:27.118+0000] {dagbag.py:588} INFO - Filling up the DagBag from /usr/local/python/3.12.1/lib/python3.12/site-packages/airflow/example_dags/example_python_decorator.py
[2025-03-28T19:39:27.129+0000] {processor.py:925} INFO - DAG(s) 'example_python_decorator' retrieved from /usr/local/python/3.12.1/lib/python3.12/site-packages/airflow/example_dags/example_python_decorator.py
[2025-03-28T19:39:27.142+0000] {logging_mixin.py:190} INFO - [2025-03-28T19:39:27.142+0000] {dag.py:3239} INFO - Sync 1 DAGs
[2025-03-28T19:39:27.151+0000] {logging_mixin.py:190} INFO - [2025-03-28T19:39:27.151+0000] {dag.py:4180} INFO - Setting next_dagrun for example_python_decorator to None, run_after=None
[2025-03-28T19:39:27.165+0000] {processor.py:208} INFO - Processing /usr/local/python/3.12.1/lib/python3.12/site-packages/airflow/example_dags/example_python_decorator.py took 0.054 seconds
[2025-03-28T19:40:21.828+0000] {processor.py:186} INFO - Started process (PID=53807) to work on /usr/local/python/3.12.1/lib/python3.12/site-packages/airflow/example_dags/example_python_decorator.py
[2025-03-28T19:40:21.829+0000] {processor.py:914} INFO - Processing file /usr/local/python/3.12.1/lib/python3.12/site-packages/airflow/example_dags/example_python_decorator.py for tasks to queue
[2025-03-28T19:40:21.830+0000] {logging_mixin.py:190} INFO - [2025-03-28T19:40:21.830+0000] {dagbag.py:588} INFO - Filling up the DagBag from /usr/local/python/3.12.1/lib/python3.12/site-packages/airflow/example_dags/example_python_decorator.py
[2025-03-28T19:40:21.841+0000] {processor.py:925} INFO - DAG(s) 'example_python_decorator' retrieved from /usr/local/python/3.12.1/lib/python3.12/site-packages/airflow/example_dags/example_python_decorator.py
[2025-03-28T19:40:21.853+0000] {logging_mixin.py:190} INFO - [2025-03-28T19:40:21.853+0000] {dag.py:3239} INFO - Sync 1 DAGs
[2025-03-28T19:40:21.863+0000] {logging_mixin.py:190} INFO - [2025-03-28T19:40:21.862+0000] {dag.py:4180} INFO - Setting next_dagrun for example_python_decorator to None, run_after=None
[2025-03-28T19:40:21.876+0000] {processor.py:208} INFO - Processing /usr/local/python/3.12.1/lib/python3.12/site-packages/airflow/example_dags/example_python_decorator.py took 0.053 seconds
[2025-03-28T19:41:13.096+0000] {processor.py:186} INFO - Started process (PID=54213) to work on /usr/local/python/3.12.1/lib/python3.12/site-packages/airflow/example_dags/example_python_decorator.py
[2025-03-28T19:41:13.097+0000] {processor.py:914} INFO - Processing file /usr/local/python/3.12.1/lib/python3.12/site-packages/airflow/example_dags/example_python_decorator.py for tasks to queue
[2025-03-28T19:41:13.098+0000] {logging_mixin.py:190} INFO - [2025-03-28T19:41:13.098+0000] {dagbag.py:588} INFO - Filling up the DagBag from /usr/local/python/3.12.1/lib/python3.12/site-packages/airflow/example_dags/example_python_decorator.py
[2025-03-28T19:41:13.110+0000] {processor.py:925} INFO - DAG(s) 'example_python_decorator' retrieved from /usr/local/python/3.12.1/lib/python3.12/site-packages/airflow/example_dags/example_python_decorator.py
[2025-03-28T19:41:13.123+0000] {logging_mixin.py:190} INFO - [2025-03-28T19:41:13.123+0000] {dag.py:3239} INFO - Sync 1 DAGs
[2025-03-28T19:41:13.132+0000] {logging_mixin.py:190} INFO - [2025-03-28T19:41:13.132+0000] {dag.py:4180} INFO - Setting next_dagrun for example_python_decorator to None, run_after=None
[2025-03-28T19:41:13.148+0000] {processor.py:208} INFO - Processing /usr/local/python/3.12.1/lib/python3.12/site-packages/airflow/example_dags/example_python_decorator.py took 0.056 seconds
[2025-03-28T19:42:05.219+0000] {processor.py:186} INFO - Started process (PID=54638) to work on /usr/local/python/3.12.1/lib/python3.12/site-packages/airflow/example_dags/example_python_decorator.py
[2025-03-28T19:42:05.219+0000] {processor.py:914} INFO - Processing file /usr/local/python/3.12.1/lib/python3.12/site-packages/airflow/example_dags/example_python_decorator.py for tasks to queue
[2025-03-28T19:42:05.221+0000] {logging_mixin.py:190} INFO - [2025-03-28T19:42:05.220+0000] {dagbag.py:588} INFO - Filling up the DagBag from /usr/local/python/3.12.1/lib/python3.12/site-packages/airflow/example_dags/example_python_decorator.py
[2025-03-28T19:42:05.232+0000] {processor.py:925} INFO - DAG(s) 'example_python_decorator' retrieved from /usr/local/python/3.12.1/lib/python3.12/site-packages/airflow/example_dags/example_python_decorator.py
[2025-03-28T19:42:05.245+0000] {logging_mixin.py:190} INFO - [2025-03-28T19:42:05.245+0000] {dag.py:3239} INFO - Sync 1 DAGs
[2025-03-28T19:42:05.255+0000] {logging_mixin.py:190} INFO - [2025-03-28T19:42:05.255+0000] {dag.py:4180} INFO - Setting next_dagrun for example_python_decorator to None, run_after=None
[2025-03-28T19:42:05.270+0000] {processor.py:208} INFO - Processing /usr/local/python/3.12.1/lib/python3.12/site-packages/airflow/example_dags/example_python_decorator.py took 0.055 seconds
[2025-03-28T19:42:58.851+0000] {processor.py:186} INFO - Started process (PID=55052) to work on /usr/local/python/3.12.1/lib/python3.12/site-packages/airflow/example_dags/example_python_decorator.py
[2025-03-28T19:42:58.852+0000] {processor.py:914} INFO - Processing file /usr/local/python/3.12.1/lib/python3.12/site-packages/airflow/example_dags/example_python_decorator.py for tasks to queue
[2025-03-28T19:42:58.853+0000] {logging_mixin.py:190} INFO - [2025-03-28T19:42:58.853+0000] {dagbag.py:588} INFO - Filling up the DagBag from /usr/local/python/3.12.1/lib/python3.12/site-packages/airflow/example_dags/example_python_decorator.py
[2025-03-28T19:42:58.864+0000] {processor.py:925} INFO - DAG(s) 'example_python_decorator' retrieved from /usr/local/python/3.12.1/lib/python3.12/site-packages/airflow/example_dags/example_python_decorator.py
[2025-03-28T19:42:58.877+0000] {logging_mixin.py:190} INFO - [2025-03-28T19:42:58.876+0000] {dag.py:3239} INFO - Sync 1 DAGs
[2025-03-28T19:42:58.886+0000] {logging_mixin.py:190} INFO - [2025-03-28T19:42:58.886+0000] {dag.py:4180} INFO - Setting next_dagrun for example_python_decorator to None, run_after=None
[2025-03-28T19:42:58.900+0000] {processor.py:208} INFO - Processing /usr/local/python/3.12.1/lib/python3.12/site-packages/airflow/example_dags/example_python_decorator.py took 0.053 seconds
