[2025-03-28T18:24:20.559+0000] {processor.py:186} INFO - Started process (PID=9256) to work on /usr/local/python/3.12.1/lib/python3.12/site-packages/airflow/example_dags/example_outlet_event_extra.py
[2025-03-28T18:24:20.559+0000] {processor.py:914} INFO - Processing file /usr/local/python/3.12.1/lib/python3.12/site-packages/airflow/example_dags/example_outlet_event_extra.py for tasks to queue
[2025-03-28T18:24:20.561+0000] {logging_mixin.py:190} INFO - [2025-03-28T18:24:20.560+0000] {dagbag.py:588} INFO - Filling up the DagBag from /usr/local/python/3.12.1/lib/python3.12/site-packages/airflow/example_dags/example_outlet_event_extra.py
[2025-03-28T18:24:20.572+0000] {processor.py:925} INFO - DAG(s) 'dataset_with_extra_by_context', 'dataset_with_extra_from_classic_operator', 'dataset_with_extra_by_yield' retrieved from /usr/local/python/3.12.1/lib/python3.12/site-packages/airflow/example_dags/example_outlet_event_extra.py
[2025-03-28T18:24:20.655+0000] {logging_mixin.py:190} INFO - [2025-03-28T18:24:20.655+0000] {override.py:1930} INFO - Created Permission View: can edit on DAG:dataset_with_extra_by_context
[2025-03-28T18:24:20.663+0000] {logging_mixin.py:190} INFO - [2025-03-28T18:24:20.663+0000] {override.py:1930} INFO - Created Permission View: can delete on DAG:dataset_with_extra_by_context
[2025-03-28T18:24:20.669+0000] {logging_mixin.py:190} INFO - [2025-03-28T18:24:20.669+0000] {override.py:1930} INFO - Created Permission View: can read on DAG:dataset_with_extra_by_context
[2025-03-28T18:24:20.677+0000] {logging_mixin.py:190} INFO - [2025-03-28T18:24:20.677+0000] {override.py:1930} INFO - Created Permission View: menu access on DAG Run:dataset_with_extra_by_context
[2025-03-28T18:24:20.682+0000] {logging_mixin.py:190} INFO - [2025-03-28T18:24:20.682+0000] {override.py:1930} INFO - Created Permission View: can create on DAG Run:dataset_with_extra_by_context
[2025-03-28T18:24:20.688+0000] {logging_mixin.py:190} INFO - [2025-03-28T18:24:20.688+0000] {override.py:1930} INFO - Created Permission View: can delete on DAG Run:dataset_with_extra_by_context
[2025-03-28T18:24:20.693+0000] {logging_mixin.py:190} INFO - [2025-03-28T18:24:20.693+0000] {override.py:1930} INFO - Created Permission View: can read on DAG Run:dataset_with_extra_by_context
[2025-03-28T18:24:20.707+0000] {logging_mixin.py:190} INFO - [2025-03-28T18:24:20.707+0000] {override.py:1930} INFO - Created Permission View: can edit on DAG:dataset_with_extra_from_classic_operator
[2025-03-28T18:24:20.713+0000] {logging_mixin.py:190} INFO - [2025-03-28T18:24:20.712+0000] {override.py:1930} INFO - Created Permission View: can delete on DAG:dataset_with_extra_from_classic_operator
[2025-03-28T18:24:20.718+0000] {logging_mixin.py:190} INFO - [2025-03-28T18:24:20.718+0000] {override.py:1930} INFO - Created Permission View: can read on DAG:dataset_with_extra_from_classic_operator
[2025-03-28T18:24:20.729+0000] {logging_mixin.py:190} INFO - [2025-03-28T18:24:20.728+0000] {override.py:1930} INFO - Created Permission View: menu access on DAG Run:dataset_with_extra_from_classic_operator
[2025-03-28T18:24:20.737+0000] {logging_mixin.py:190} INFO - [2025-03-28T18:24:20.737+0000] {override.py:1930} INFO - Created Permission View: can create on DAG Run:dataset_with_extra_from_classic_operator
[2025-03-28T18:24:20.743+0000] {logging_mixin.py:190} INFO - [2025-03-28T18:24:20.743+0000] {override.py:1930} INFO - Created Permission View: can delete on DAG Run:dataset_with_extra_from_classic_operator
[2025-03-28T18:24:20.749+0000] {logging_mixin.py:190} INFO - [2025-03-28T18:24:20.748+0000] {override.py:1930} INFO - Created Permission View: can read on DAG Run:dataset_with_extra_from_classic_operator
[2025-03-28T18:24:20.761+0000] {logging_mixin.py:190} INFO - [2025-03-28T18:24:20.761+0000] {override.py:1930} INFO - Created Permission View: can edit on DAG:dataset_with_extra_by_yield
[2025-03-28T18:24:20.767+0000] {logging_mixin.py:190} INFO - [2025-03-28T18:24:20.766+0000] {override.py:1930} INFO - Created Permission View: can delete on DAG:dataset_with_extra_by_yield
[2025-03-28T18:24:20.773+0000] {logging_mixin.py:190} INFO - [2025-03-28T18:24:20.772+0000] {override.py:1930} INFO - Created Permission View: can read on DAG:dataset_with_extra_by_yield
[2025-03-28T18:24:20.781+0000] {logging_mixin.py:190} INFO - [2025-03-28T18:24:20.781+0000] {override.py:1930} INFO - Created Permission View: menu access on DAG Run:dataset_with_extra_by_yield
[2025-03-28T18:24:20.787+0000] {logging_mixin.py:190} INFO - [2025-03-28T18:24:20.787+0000] {override.py:1930} INFO - Created Permission View: can create on DAG Run:dataset_with_extra_by_yield
[2025-03-28T18:24:20.792+0000] {logging_mixin.py:190} INFO - [2025-03-28T18:24:20.792+0000] {override.py:1930} INFO - Created Permission View: can delete on DAG Run:dataset_with_extra_by_yield
[2025-03-28T18:24:20.798+0000] {logging_mixin.py:190} INFO - [2025-03-28T18:24:20.798+0000] {override.py:1930} INFO - Created Permission View: can read on DAG Run:dataset_with_extra_by_yield
[2025-03-28T18:24:20.798+0000] {logging_mixin.py:190} INFO - [2025-03-28T18:24:20.798+0000] {dag.py:3239} INFO - Sync 3 DAGs
[2025-03-28T18:24:20.808+0000] {logging_mixin.py:190} INFO - [2025-03-28T18:24:20.808+0000] {dag.py:3262} INFO - Creating ORM DAG for dataset_with_extra_from_classic_operator
[2025-03-28T18:24:20.808+0000] {logging_mixin.py:190} INFO - [2025-03-28T18:24:20.808+0000] {dag.py:3262} INFO - Creating ORM DAG for dataset_with_extra_by_yield
[2025-03-28T18:24:20.809+0000] {logging_mixin.py:190} INFO - [2025-03-28T18:24:20.809+0000] {dag.py:3262} INFO - Creating ORM DAG for dataset_with_extra_by_context
[2025-03-28T18:24:20.816+0000] {logging_mixin.py:190} INFO - [2025-03-28T18:24:20.816+0000] {dag.py:4180} INFO - Setting next_dagrun for dataset_with_extra_by_context to 2025-03-27 00:00:00+00:00, run_after=2025-03-28 00:00:00+00:00
[2025-03-28T18:24:20.817+0000] {logging_mixin.py:190} INFO - [2025-03-28T18:24:20.817+0000] {dag.py:4180} INFO - Setting next_dagrun for dataset_with_extra_by_yield to 2025-03-27 00:00:00+00:00, run_after=2025-03-28 00:00:00+00:00
[2025-03-28T18:24:20.819+0000] {logging_mixin.py:190} INFO - [2025-03-28T18:24:20.819+0000] {dag.py:4180} INFO - Setting next_dagrun for dataset_with_extra_from_classic_operator to 2025-03-27 00:00:00+00:00, run_after=2025-03-28 00:00:00+00:00
[2025-03-28T18:24:20.839+0000] {processor.py:208} INFO - Processing /usr/local/python/3.12.1/lib/python3.12/site-packages/airflow/example_dags/example_outlet_event_extra.py took 0.284 seconds
[2025-03-28T18:25:18.548+0000] {processor.py:186} INFO - Started process (PID=9772) to work on /usr/local/python/3.12.1/lib/python3.12/site-packages/airflow/example_dags/example_outlet_event_extra.py
[2025-03-28T18:25:18.549+0000] {processor.py:914} INFO - Processing file /usr/local/python/3.12.1/lib/python3.12/site-packages/airflow/example_dags/example_outlet_event_extra.py for tasks to queue
[2025-03-28T18:25:18.550+0000] {logging_mixin.py:190} INFO - [2025-03-28T18:25:18.550+0000] {dagbag.py:588} INFO - Filling up the DagBag from /usr/local/python/3.12.1/lib/python3.12/site-packages/airflow/example_dags/example_outlet_event_extra.py
[2025-03-28T18:25:18.563+0000] {processor.py:925} INFO - DAG(s) 'dataset_with_extra_by_context', 'dataset_with_extra_from_classic_operator', 'dataset_with_extra_by_yield' retrieved from /usr/local/python/3.12.1/lib/python3.12/site-packages/airflow/example_dags/example_outlet_event_extra.py
[2025-03-28T18:25:18.584+0000] {logging_mixin.py:190} INFO - [2025-03-28T18:25:18.584+0000] {dag.py:3239} INFO - Sync 3 DAGs
[2025-03-28T18:25:18.602+0000] {logging_mixin.py:190} INFO - [2025-03-28T18:25:18.602+0000] {dag.py:4180} INFO - Setting next_dagrun for dataset_with_extra_by_context to 2025-03-27 00:00:00+00:00, run_after=2025-03-28 00:00:00+00:00
[2025-03-28T18:25:18.606+0000] {logging_mixin.py:190} INFO - [2025-03-28T18:25:18.606+0000] {dag.py:4180} INFO - Setting next_dagrun for dataset_with_extra_by_yield to 2025-03-27 00:00:00+00:00, run_after=2025-03-28 00:00:00+00:00
[2025-03-28T18:25:18.607+0000] {logging_mixin.py:190} INFO - [2025-03-28T18:25:18.607+0000] {dag.py:4180} INFO - Setting next_dagrun for dataset_with_extra_from_classic_operator to 2025-03-27 00:00:00+00:00, run_after=2025-03-28 00:00:00+00:00
[2025-03-28T18:25:18.623+0000] {processor.py:208} INFO - Processing /usr/local/python/3.12.1/lib/python3.12/site-packages/airflow/example_dags/example_outlet_event_extra.py took 0.079 seconds
[2025-03-28T18:26:13.150+0000] {processor.py:186} INFO - Started process (PID=10241) to work on /usr/local/python/3.12.1/lib/python3.12/site-packages/airflow/example_dags/example_outlet_event_extra.py
[2025-03-28T18:26:13.150+0000] {processor.py:914} INFO - Processing file /usr/local/python/3.12.1/lib/python3.12/site-packages/airflow/example_dags/example_outlet_event_extra.py for tasks to queue
[2025-03-28T18:26:13.152+0000] {logging_mixin.py:190} INFO - [2025-03-28T18:26:13.152+0000] {dagbag.py:588} INFO - Filling up the DagBag from /usr/local/python/3.12.1/lib/python3.12/site-packages/airflow/example_dags/example_outlet_event_extra.py
[2025-03-28T18:26:13.163+0000] {processor.py:925} INFO - DAG(s) 'dataset_with_extra_from_classic_operator', 'dataset_with_extra_by_context', 'dataset_with_extra_by_yield' retrieved from /usr/local/python/3.12.1/lib/python3.12/site-packages/airflow/example_dags/example_outlet_event_extra.py
[2025-03-28T18:26:13.177+0000] {logging_mixin.py:190} INFO - [2025-03-28T18:26:13.177+0000] {dag.py:3239} INFO - Sync 3 DAGs
[2025-03-28T18:26:13.193+0000] {logging_mixin.py:190} INFO - [2025-03-28T18:26:13.193+0000] {dag.py:4180} INFO - Setting next_dagrun for dataset_with_extra_by_context to 2025-03-27 00:00:00+00:00, run_after=2025-03-28 00:00:00+00:00
[2025-03-28T18:26:13.197+0000] {logging_mixin.py:190} INFO - [2025-03-28T18:26:13.197+0000] {dag.py:4180} INFO - Setting next_dagrun for dataset_with_extra_by_yield to 2025-03-27 00:00:00+00:00, run_after=2025-03-28 00:00:00+00:00
[2025-03-28T18:26:13.199+0000] {logging_mixin.py:190} INFO - [2025-03-28T18:26:13.198+0000] {dag.py:4180} INFO - Setting next_dagrun for dataset_with_extra_from_classic_operator to 2025-03-27 00:00:00+00:00, run_after=2025-03-28 00:00:00+00:00
[2025-03-28T18:26:13.216+0000] {processor.py:208} INFO - Processing /usr/local/python/3.12.1/lib/python3.12/site-packages/airflow/example_dags/example_outlet_event_extra.py took 0.070 seconds
[2025-03-28T18:28:20.799+0000] {processor.py:186} INFO - Started process (PID=11466) to work on /usr/local/python/3.12.1/lib/python3.12/site-packages/airflow/example_dags/example_outlet_event_extra.py
[2025-03-28T18:28:20.800+0000] {processor.py:914} INFO - Processing file /usr/local/python/3.12.1/lib/python3.12/site-packages/airflow/example_dags/example_outlet_event_extra.py for tasks to queue
[2025-03-28T18:28:20.801+0000] {logging_mixin.py:190} INFO - [2025-03-28T18:28:20.801+0000] {dagbag.py:588} INFO - Filling up the DagBag from /usr/local/python/3.12.1/lib/python3.12/site-packages/airflow/example_dags/example_outlet_event_extra.py
[2025-03-28T18:28:20.812+0000] {processor.py:925} INFO - DAG(s) 'dataset_with_extra_by_yield', 'dataset_with_extra_by_context', 'dataset_with_extra_from_classic_operator' retrieved from /usr/local/python/3.12.1/lib/python3.12/site-packages/airflow/example_dags/example_outlet_event_extra.py
[2025-03-28T18:28:20.827+0000] {logging_mixin.py:190} INFO - [2025-03-28T18:28:20.826+0000] {dag.py:3239} INFO - Sync 3 DAGs
[2025-03-28T18:28:20.843+0000] {logging_mixin.py:190} INFO - [2025-03-28T18:28:20.843+0000] {dag.py:4180} INFO - Setting next_dagrun for dataset_with_extra_by_context to 2025-03-27 00:00:00+00:00, run_after=2025-03-28 00:00:00+00:00
[2025-03-28T18:28:20.847+0000] {logging_mixin.py:190} INFO - [2025-03-28T18:28:20.847+0000] {dag.py:4180} INFO - Setting next_dagrun for dataset_with_extra_by_yield to 2025-03-27 00:00:00+00:00, run_after=2025-03-28 00:00:00+00:00
[2025-03-28T18:28:20.849+0000] {logging_mixin.py:190} INFO - [2025-03-28T18:28:20.849+0000] {dag.py:4180} INFO - Setting next_dagrun for dataset_with_extra_from_classic_operator to 2025-03-27 00:00:00+00:00, run_after=2025-03-28 00:00:00+00:00
[2025-03-28T18:28:20.865+0000] {processor.py:208} INFO - Processing /usr/local/python/3.12.1/lib/python3.12/site-packages/airflow/example_dags/example_outlet_event_extra.py took 0.070 seconds
[2025-03-28T18:29:15.692+0000] {processor.py:186} INFO - Started process (PID=11903) to work on /usr/local/python/3.12.1/lib/python3.12/site-packages/airflow/example_dags/example_outlet_event_extra.py
[2025-03-28T18:29:15.693+0000] {processor.py:914} INFO - Processing file /usr/local/python/3.12.1/lib/python3.12/site-packages/airflow/example_dags/example_outlet_event_extra.py for tasks to queue
[2025-03-28T18:29:15.694+0000] {logging_mixin.py:190} INFO - [2025-03-28T18:29:15.694+0000] {dagbag.py:588} INFO - Filling up the DagBag from /usr/local/python/3.12.1/lib/python3.12/site-packages/airflow/example_dags/example_outlet_event_extra.py
[2025-03-28T18:29:15.706+0000] {processor.py:925} INFO - DAG(s) 'dataset_with_extra_by_context', 'dataset_with_extra_by_yield', 'dataset_with_extra_from_classic_operator' retrieved from /usr/local/python/3.12.1/lib/python3.12/site-packages/airflow/example_dags/example_outlet_event_extra.py
[2025-03-28T18:29:15.721+0000] {logging_mixin.py:190} INFO - [2025-03-28T18:29:15.721+0000] {dag.py:3239} INFO - Sync 3 DAGs
[2025-03-28T18:29:15.737+0000] {logging_mixin.py:190} INFO - [2025-03-28T18:29:15.737+0000] {dag.py:4180} INFO - Setting next_dagrun for dataset_with_extra_by_context to 2025-03-27 00:00:00+00:00, run_after=2025-03-28 00:00:00+00:00
[2025-03-28T18:29:15.741+0000] {logging_mixin.py:190} INFO - [2025-03-28T18:29:15.741+0000] {dag.py:4180} INFO - Setting next_dagrun for dataset_with_extra_by_yield to 2025-03-27 00:00:00+00:00, run_after=2025-03-28 00:00:00+00:00
[2025-03-28T18:29:15.743+0000] {logging_mixin.py:190} INFO - [2025-03-28T18:29:15.743+0000] {dag.py:4180} INFO - Setting next_dagrun for dataset_with_extra_from_classic_operator to 2025-03-27 00:00:00+00:00, run_after=2025-03-28 00:00:00+00:00
[2025-03-28T18:29:15.758+0000] {processor.py:208} INFO - Processing /usr/local/python/3.12.1/lib/python3.12/site-packages/airflow/example_dags/example_outlet_event_extra.py took 0.070 seconds
[2025-03-28T18:30:08.699+0000] {processor.py:186} INFO - Started process (PID=12371) to work on /usr/local/python/3.12.1/lib/python3.12/site-packages/airflow/example_dags/example_outlet_event_extra.py
[2025-03-28T18:30:08.700+0000] {processor.py:914} INFO - Processing file /usr/local/python/3.12.1/lib/python3.12/site-packages/airflow/example_dags/example_outlet_event_extra.py for tasks to queue
[2025-03-28T18:30:08.701+0000] {logging_mixin.py:190} INFO - [2025-03-28T18:30:08.701+0000] {dagbag.py:588} INFO - Filling up the DagBag from /usr/local/python/3.12.1/lib/python3.12/site-packages/airflow/example_dags/example_outlet_event_extra.py
[2025-03-28T18:30:08.712+0000] {processor.py:925} INFO - DAG(s) 'dataset_with_extra_from_classic_operator', 'dataset_with_extra_by_context', 'dataset_with_extra_by_yield' retrieved from /usr/local/python/3.12.1/lib/python3.12/site-packages/airflow/example_dags/example_outlet_event_extra.py
[2025-03-28T18:30:08.725+0000] {logging_mixin.py:190} INFO - [2025-03-28T18:30:08.725+0000] {dag.py:3239} INFO - Sync 3 DAGs
[2025-03-28T18:30:08.742+0000] {logging_mixin.py:190} INFO - [2025-03-28T18:30:08.742+0000] {dag.py:4180} INFO - Setting next_dagrun for dataset_with_extra_by_context to 2025-03-27 00:00:00+00:00, run_after=2025-03-28 00:00:00+00:00
[2025-03-28T18:30:08.745+0000] {logging_mixin.py:190} INFO - [2025-03-28T18:30:08.745+0000] {dag.py:4180} INFO - Setting next_dagrun for dataset_with_extra_by_yield to 2025-03-27 00:00:00+00:00, run_after=2025-03-28 00:00:00+00:00
[2025-03-28T18:30:08.747+0000] {logging_mixin.py:190} INFO - [2025-03-28T18:30:08.747+0000] {dag.py:4180} INFO - Setting next_dagrun for dataset_with_extra_from_classic_operator to 2025-03-27 00:00:00+00:00, run_after=2025-03-28 00:00:00+00:00
[2025-03-28T18:30:08.762+0000] {processor.py:208} INFO - Processing /usr/local/python/3.12.1/lib/python3.12/site-packages/airflow/example_dags/example_outlet_event_extra.py took 0.067 seconds
[2025-03-28T18:30:59.445+0000] {processor.py:186} INFO - Started process (PID=12782) to work on /usr/local/python/3.12.1/lib/python3.12/site-packages/airflow/example_dags/example_outlet_event_extra.py
[2025-03-28T18:30:59.446+0000] {processor.py:914} INFO - Processing file /usr/local/python/3.12.1/lib/python3.12/site-packages/airflow/example_dags/example_outlet_event_extra.py for tasks to queue
[2025-03-28T18:30:59.447+0000] {logging_mixin.py:190} INFO - [2025-03-28T18:30:59.447+0000] {dagbag.py:588} INFO - Filling up the DagBag from /usr/local/python/3.12.1/lib/python3.12/site-packages/airflow/example_dags/example_outlet_event_extra.py
[2025-03-28T18:30:59.458+0000] {processor.py:925} INFO - DAG(s) 'dataset_with_extra_by_yield', 'dataset_with_extra_from_classic_operator', 'dataset_with_extra_by_context' retrieved from /usr/local/python/3.12.1/lib/python3.12/site-packages/airflow/example_dags/example_outlet_event_extra.py
[2025-03-28T18:30:59.472+0000] {logging_mixin.py:190} INFO - [2025-03-28T18:30:59.472+0000] {dag.py:3239} INFO - Sync 3 DAGs
[2025-03-28T18:30:59.488+0000] {logging_mixin.py:190} INFO - [2025-03-28T18:30:59.488+0000] {dag.py:4180} INFO - Setting next_dagrun for dataset_with_extra_by_context to 2025-03-27 00:00:00+00:00, run_after=2025-03-28 00:00:00+00:00
[2025-03-28T18:30:59.492+0000] {logging_mixin.py:190} INFO - [2025-03-28T18:30:59.492+0000] {dag.py:4180} INFO - Setting next_dagrun for dataset_with_extra_by_yield to 2025-03-27 00:00:00+00:00, run_after=2025-03-28 00:00:00+00:00
[2025-03-28T18:30:59.494+0000] {logging_mixin.py:190} INFO - [2025-03-28T18:30:59.493+0000] {dag.py:4180} INFO - Setting next_dagrun for dataset_with_extra_from_classic_operator to 2025-03-27 00:00:00+00:00, run_after=2025-03-28 00:00:00+00:00
[2025-03-28T18:30:59.509+0000] {processor.py:208} INFO - Processing /usr/local/python/3.12.1/lib/python3.12/site-packages/airflow/example_dags/example_outlet_event_extra.py took 0.068 seconds
[2025-03-28T18:31:49.700+0000] {processor.py:186} INFO - Started process (PID=13183) to work on /usr/local/python/3.12.1/lib/python3.12/site-packages/airflow/example_dags/example_outlet_event_extra.py
[2025-03-28T18:31:49.701+0000] {processor.py:914} INFO - Processing file /usr/local/python/3.12.1/lib/python3.12/site-packages/airflow/example_dags/example_outlet_event_extra.py for tasks to queue
[2025-03-28T18:31:49.703+0000] {logging_mixin.py:190} INFO - [2025-03-28T18:31:49.702+0000] {dagbag.py:588} INFO - Filling up the DagBag from /usr/local/python/3.12.1/lib/python3.12/site-packages/airflow/example_dags/example_outlet_event_extra.py
[2025-03-28T18:31:49.713+0000] {processor.py:925} INFO - DAG(s) 'dataset_with_extra_by_yield', 'dataset_with_extra_from_classic_operator', 'dataset_with_extra_by_context' retrieved from /usr/local/python/3.12.1/lib/python3.12/site-packages/airflow/example_dags/example_outlet_event_extra.py
[2025-03-28T18:31:49.727+0000] {logging_mixin.py:190} INFO - [2025-03-28T18:31:49.727+0000] {dag.py:3239} INFO - Sync 3 DAGs
[2025-03-28T18:31:49.744+0000] {logging_mixin.py:190} INFO - [2025-03-28T18:31:49.744+0000] {dag.py:4180} INFO - Setting next_dagrun for dataset_with_extra_by_context to 2025-03-27 00:00:00+00:00, run_after=2025-03-28 00:00:00+00:00
[2025-03-28T18:31:49.747+0000] {logging_mixin.py:190} INFO - [2025-03-28T18:31:49.747+0000] {dag.py:4180} INFO - Setting next_dagrun for dataset_with_extra_by_yield to 2025-03-27 00:00:00+00:00, run_after=2025-03-28 00:00:00+00:00
[2025-03-28T18:31:49.749+0000] {logging_mixin.py:190} INFO - [2025-03-28T18:31:49.749+0000] {dag.py:4180} INFO - Setting next_dagrun for dataset_with_extra_from_classic_operator to 2025-03-27 00:00:00+00:00, run_after=2025-03-28 00:00:00+00:00
[2025-03-28T18:31:49.765+0000] {processor.py:208} INFO - Processing /usr/local/python/3.12.1/lib/python3.12/site-packages/airflow/example_dags/example_outlet_event_extra.py took 0.068 seconds
[2025-03-28T18:32:37.699+0000] {processor.py:186} INFO - Started process (PID=13721) to work on /usr/local/python/3.12.1/lib/python3.12/site-packages/airflow/example_dags/example_outlet_event_extra.py
[2025-03-28T18:32:37.700+0000] {processor.py:914} INFO - Processing file /usr/local/python/3.12.1/lib/python3.12/site-packages/airflow/example_dags/example_outlet_event_extra.py for tasks to queue
[2025-03-28T18:32:37.701+0000] {logging_mixin.py:190} INFO - [2025-03-28T18:32:37.701+0000] {dagbag.py:588} INFO - Filling up the DagBag from /usr/local/python/3.12.1/lib/python3.12/site-packages/airflow/example_dags/example_outlet_event_extra.py
[2025-03-28T18:32:37.712+0000] {processor.py:925} INFO - DAG(s) 'dataset_with_extra_from_classic_operator', 'dataset_with_extra_by_context', 'dataset_with_extra_by_yield' retrieved from /usr/local/python/3.12.1/lib/python3.12/site-packages/airflow/example_dags/example_outlet_event_extra.py
[2025-03-28T18:32:37.726+0000] {logging_mixin.py:190} INFO - [2025-03-28T18:32:37.725+0000] {dag.py:3239} INFO - Sync 3 DAGs
[2025-03-28T18:32:37.742+0000] {logging_mixin.py:190} INFO - [2025-03-28T18:32:37.742+0000] {dag.py:4180} INFO - Setting next_dagrun for dataset_with_extra_by_context to 2025-03-27 00:00:00+00:00, run_after=2025-03-28 00:00:00+00:00
[2025-03-28T18:32:37.746+0000] {logging_mixin.py:190} INFO - [2025-03-28T18:32:37.746+0000] {dag.py:4180} INFO - Setting next_dagrun for dataset_with_extra_by_yield to 2025-03-27 00:00:00+00:00, run_after=2025-03-28 00:00:00+00:00
[2025-03-28T18:32:37.748+0000] {logging_mixin.py:190} INFO - [2025-03-28T18:32:37.748+0000] {dag.py:4180} INFO - Setting next_dagrun for dataset_with_extra_from_classic_operator to 2025-03-27 00:00:00+00:00, run_after=2025-03-28 00:00:00+00:00
[2025-03-28T18:32:37.765+0000] {processor.py:208} INFO - Processing /usr/local/python/3.12.1/lib/python3.12/site-packages/airflow/example_dags/example_outlet_event_extra.py took 0.070 seconds
[2025-03-28T18:33:27.767+0000] {processor.py:186} INFO - Started process (PID=14147) to work on /usr/local/python/3.12.1/lib/python3.12/site-packages/airflow/example_dags/example_outlet_event_extra.py
[2025-03-28T18:33:27.768+0000] {processor.py:914} INFO - Processing file /usr/local/python/3.12.1/lib/python3.12/site-packages/airflow/example_dags/example_outlet_event_extra.py for tasks to queue
[2025-03-28T18:33:27.769+0000] {logging_mixin.py:190} INFO - [2025-03-28T18:33:27.769+0000] {dagbag.py:588} INFO - Filling up the DagBag from /usr/local/python/3.12.1/lib/python3.12/site-packages/airflow/example_dags/example_outlet_event_extra.py
[2025-03-28T18:33:27.780+0000] {processor.py:925} INFO - DAG(s) 'dataset_with_extra_from_classic_operator', 'dataset_with_extra_by_context', 'dataset_with_extra_by_yield' retrieved from /usr/local/python/3.12.1/lib/python3.12/site-packages/airflow/example_dags/example_outlet_event_extra.py
[2025-03-28T18:33:27.794+0000] {logging_mixin.py:190} INFO - [2025-03-28T18:33:27.794+0000] {dag.py:3239} INFO - Sync 3 DAGs
[2025-03-28T18:33:27.811+0000] {logging_mixin.py:190} INFO - [2025-03-28T18:33:27.810+0000] {dag.py:4180} INFO - Setting next_dagrun for dataset_with_extra_by_context to 2025-03-27 00:00:00+00:00, run_after=2025-03-28 00:00:00+00:00
[2025-03-28T18:33:27.814+0000] {logging_mixin.py:190} INFO - [2025-03-28T18:33:27.814+0000] {dag.py:4180} INFO - Setting next_dagrun for dataset_with_extra_by_yield to 2025-03-27 00:00:00+00:00, run_after=2025-03-28 00:00:00+00:00
[2025-03-28T18:33:27.816+0000] {logging_mixin.py:190} INFO - [2025-03-28T18:33:27.816+0000] {dag.py:4180} INFO - Setting next_dagrun for dataset_with_extra_from_classic_operator to 2025-03-27 00:00:00+00:00, run_after=2025-03-28 00:00:00+00:00
[2025-03-28T18:33:27.831+0000] {processor.py:208} INFO - Processing /usr/local/python/3.12.1/lib/python3.12/site-packages/airflow/example_dags/example_outlet_event_extra.py took 0.068 seconds
[2025-03-28T18:34:17.669+0000] {processor.py:186} INFO - Started process (PID=14584) to work on /usr/local/python/3.12.1/lib/python3.12/site-packages/airflow/example_dags/example_outlet_event_extra.py
[2025-03-28T18:34:17.670+0000] {processor.py:914} INFO - Processing file /usr/local/python/3.12.1/lib/python3.12/site-packages/airflow/example_dags/example_outlet_event_extra.py for tasks to queue
[2025-03-28T18:34:17.671+0000] {logging_mixin.py:190} INFO - [2025-03-28T18:34:17.671+0000] {dagbag.py:588} INFO - Filling up the DagBag from /usr/local/python/3.12.1/lib/python3.12/site-packages/airflow/example_dags/example_outlet_event_extra.py
[2025-03-28T18:34:17.681+0000] {processor.py:925} INFO - DAG(s) 'dataset_with_extra_from_classic_operator', 'dataset_with_extra_by_context', 'dataset_with_extra_by_yield' retrieved from /usr/local/python/3.12.1/lib/python3.12/site-packages/airflow/example_dags/example_outlet_event_extra.py
[2025-03-28T18:34:17.695+0000] {logging_mixin.py:190} INFO - [2025-03-28T18:34:17.695+0000] {dag.py:3239} INFO - Sync 3 DAGs
[2025-03-28T18:34:17.711+0000] {logging_mixin.py:190} INFO - [2025-03-28T18:34:17.711+0000] {dag.py:4180} INFO - Setting next_dagrun for dataset_with_extra_by_context to 2025-03-27 00:00:00+00:00, run_after=2025-03-28 00:00:00+00:00
[2025-03-28T18:34:17.715+0000] {logging_mixin.py:190} INFO - [2025-03-28T18:34:17.715+0000] {dag.py:4180} INFO - Setting next_dagrun for dataset_with_extra_by_yield to 2025-03-27 00:00:00+00:00, run_after=2025-03-28 00:00:00+00:00
[2025-03-28T18:34:17.717+0000] {logging_mixin.py:190} INFO - [2025-03-28T18:34:17.716+0000] {dag.py:4180} INFO - Setting next_dagrun for dataset_with_extra_from_classic_operator to 2025-03-27 00:00:00+00:00, run_after=2025-03-28 00:00:00+00:00
[2025-03-28T18:34:17.731+0000] {processor.py:208} INFO - Processing /usr/local/python/3.12.1/lib/python3.12/site-packages/airflow/example_dags/example_outlet_event_extra.py took 0.066 seconds
[2025-03-28T18:35:07.922+0000] {processor.py:186} INFO - Started process (PID=15004) to work on /usr/local/python/3.12.1/lib/python3.12/site-packages/airflow/example_dags/example_outlet_event_extra.py
[2025-03-28T18:35:07.923+0000] {processor.py:914} INFO - Processing file /usr/local/python/3.12.1/lib/python3.12/site-packages/airflow/example_dags/example_outlet_event_extra.py for tasks to queue
[2025-03-28T18:35:07.924+0000] {logging_mixin.py:190} INFO - [2025-03-28T18:35:07.924+0000] {dagbag.py:588} INFO - Filling up the DagBag from /usr/local/python/3.12.1/lib/python3.12/site-packages/airflow/example_dags/example_outlet_event_extra.py
[2025-03-28T18:35:07.935+0000] {processor.py:925} INFO - DAG(s) 'dataset_with_extra_by_yield', 'dataset_with_extra_by_context', 'dataset_with_extra_from_classic_operator' retrieved from /usr/local/python/3.12.1/lib/python3.12/site-packages/airflow/example_dags/example_outlet_event_extra.py
[2025-03-28T18:35:07.949+0000] {logging_mixin.py:190} INFO - [2025-03-28T18:35:07.949+0000] {dag.py:3239} INFO - Sync 3 DAGs
[2025-03-28T18:35:07.971+0000] {logging_mixin.py:190} INFO - [2025-03-28T18:35:07.971+0000] {dag.py:4180} INFO - Setting next_dagrun for dataset_with_extra_by_context to 2025-03-27 00:00:00+00:00, run_after=2025-03-28 00:00:00+00:00
[2025-03-28T18:35:07.975+0000] {logging_mixin.py:190} INFO - [2025-03-28T18:35:07.975+0000] {dag.py:4180} INFO - Setting next_dagrun for dataset_with_extra_by_yield to 2025-03-27 00:00:00+00:00, run_after=2025-03-28 00:00:00+00:00
[2025-03-28T18:35:07.977+0000] {logging_mixin.py:190} INFO - [2025-03-28T18:35:07.977+0000] {dag.py:4180} INFO - Setting next_dagrun for dataset_with_extra_from_classic_operator to 2025-03-27 00:00:00+00:00, run_after=2025-03-28 00:00:00+00:00
[2025-03-28T18:35:07.997+0000] {processor.py:208} INFO - Processing /usr/local/python/3.12.1/lib/python3.12/site-packages/airflow/example_dags/example_outlet_event_extra.py took 0.079 seconds
[2025-03-28T18:35:57.430+0000] {processor.py:186} INFO - Started process (PID=15444) to work on /usr/local/python/3.12.1/lib/python3.12/site-packages/airflow/example_dags/example_outlet_event_extra.py
[2025-03-28T18:35:57.430+0000] {processor.py:914} INFO - Processing file /usr/local/python/3.12.1/lib/python3.12/site-packages/airflow/example_dags/example_outlet_event_extra.py for tasks to queue
[2025-03-28T18:35:57.432+0000] {logging_mixin.py:190} INFO - [2025-03-28T18:35:57.432+0000] {dagbag.py:588} INFO - Filling up the DagBag from /usr/local/python/3.12.1/lib/python3.12/site-packages/airflow/example_dags/example_outlet_event_extra.py
[2025-03-28T18:35:57.442+0000] {processor.py:925} INFO - DAG(s) 'dataset_with_extra_by_yield', 'dataset_with_extra_from_classic_operator', 'dataset_with_extra_by_context' retrieved from /usr/local/python/3.12.1/lib/python3.12/site-packages/airflow/example_dags/example_outlet_event_extra.py
[2025-03-28T18:35:57.456+0000] {logging_mixin.py:190} INFO - [2025-03-28T18:35:57.456+0000] {dag.py:3239} INFO - Sync 3 DAGs
[2025-03-28T18:35:57.472+0000] {logging_mixin.py:190} INFO - [2025-03-28T18:35:57.472+0000] {dag.py:4180} INFO - Setting next_dagrun for dataset_with_extra_by_context to 2025-03-27 00:00:00+00:00, run_after=2025-03-28 00:00:00+00:00
[2025-03-28T18:35:57.476+0000] {logging_mixin.py:190} INFO - [2025-03-28T18:35:57.476+0000] {dag.py:4180} INFO - Setting next_dagrun for dataset_with_extra_by_yield to 2025-03-27 00:00:00+00:00, run_after=2025-03-28 00:00:00+00:00
[2025-03-28T18:35:57.478+0000] {logging_mixin.py:190} INFO - [2025-03-28T18:35:57.478+0000] {dag.py:4180} INFO - Setting next_dagrun for dataset_with_extra_from_classic_operator to 2025-03-27 00:00:00+00:00, run_after=2025-03-28 00:00:00+00:00
[2025-03-28T18:35:57.493+0000] {processor.py:208} INFO - Processing /usr/local/python/3.12.1/lib/python3.12/site-packages/airflow/example_dags/example_outlet_event_extra.py took 0.067 seconds
[2025-03-28T18:37:54.422+0000] {processor.py:186} INFO - Started process (PID=16740) to work on /usr/local/python/3.12.1/lib/python3.12/site-packages/airflow/example_dags/example_outlet_event_extra.py
[2025-03-28T18:37:54.422+0000] {processor.py:914} INFO - Processing file /usr/local/python/3.12.1/lib/python3.12/site-packages/airflow/example_dags/example_outlet_event_extra.py for tasks to queue
[2025-03-28T18:37:54.424+0000] {logging_mixin.py:190} INFO - [2025-03-28T18:37:54.424+0000] {dagbag.py:588} INFO - Filling up the DagBag from /usr/local/python/3.12.1/lib/python3.12/site-packages/airflow/example_dags/example_outlet_event_extra.py
[2025-03-28T18:37:54.435+0000] {processor.py:925} INFO - DAG(s) 'dataset_with_extra_by_context', 'dataset_with_extra_by_yield', 'dataset_with_extra_from_classic_operator' retrieved from /usr/local/python/3.12.1/lib/python3.12/site-packages/airflow/example_dags/example_outlet_event_extra.py
[2025-03-28T18:37:54.451+0000] {logging_mixin.py:190} INFO - [2025-03-28T18:37:54.451+0000] {dag.py:3239} INFO - Sync 3 DAGs
[2025-03-28T18:37:54.468+0000] {logging_mixin.py:190} INFO - [2025-03-28T18:37:54.468+0000] {dag.py:4180} INFO - Setting next_dagrun for dataset_with_extra_by_context to 2025-03-27 00:00:00+00:00, run_after=2025-03-28 00:00:00+00:00
[2025-03-28T18:37:54.472+0000] {logging_mixin.py:190} INFO - [2025-03-28T18:37:54.471+0000] {dag.py:4180} INFO - Setting next_dagrun for dataset_with_extra_by_yield to 2025-03-27 00:00:00+00:00, run_after=2025-03-28 00:00:00+00:00
[2025-03-28T18:37:54.473+0000] {logging_mixin.py:190} INFO - [2025-03-28T18:37:54.473+0000] {dag.py:4180} INFO - Setting next_dagrun for dataset_with_extra_from_classic_operator to 2025-03-27 00:00:00+00:00, run_after=2025-03-28 00:00:00+00:00
[2025-03-28T18:37:54.489+0000] {processor.py:208} INFO - Processing /usr/local/python/3.12.1/lib/python3.12/site-packages/airflow/example_dags/example_outlet_event_extra.py took 0.071 seconds
[2025-03-28T18:38:49.812+0000] {processor.py:186} INFO - Started process (PID=17222) to work on /usr/local/python/3.12.1/lib/python3.12/site-packages/airflow/example_dags/example_outlet_event_extra.py
[2025-03-28T18:38:49.813+0000] {processor.py:914} INFO - Processing file /usr/local/python/3.12.1/lib/python3.12/site-packages/airflow/example_dags/example_outlet_event_extra.py for tasks to queue
[2025-03-28T18:38:49.814+0000] {logging_mixin.py:190} INFO - [2025-03-28T18:38:49.814+0000] {dagbag.py:588} INFO - Filling up the DagBag from /usr/local/python/3.12.1/lib/python3.12/site-packages/airflow/example_dags/example_outlet_event_extra.py
[2025-03-28T18:38:49.825+0000] {processor.py:925} INFO - DAG(s) 'dataset_with_extra_from_classic_operator', 'dataset_with_extra_by_yield', 'dataset_with_extra_by_context' retrieved from /usr/local/python/3.12.1/lib/python3.12/site-packages/airflow/example_dags/example_outlet_event_extra.py
[2025-03-28T18:38:49.839+0000] {logging_mixin.py:190} INFO - [2025-03-28T18:38:49.839+0000] {dag.py:3239} INFO - Sync 3 DAGs
[2025-03-28T18:38:49.855+0000] {logging_mixin.py:190} INFO - [2025-03-28T18:38:49.855+0000] {dag.py:4180} INFO - Setting next_dagrun for dataset_with_extra_by_context to 2025-03-27 00:00:00+00:00, run_after=2025-03-28 00:00:00+00:00
[2025-03-28T18:38:49.859+0000] {logging_mixin.py:190} INFO - [2025-03-28T18:38:49.859+0000] {dag.py:4180} INFO - Setting next_dagrun for dataset_with_extra_by_yield to 2025-03-27 00:00:00+00:00, run_after=2025-03-28 00:00:00+00:00
[2025-03-28T18:38:49.861+0000] {logging_mixin.py:190} INFO - [2025-03-28T18:38:49.860+0000] {dag.py:4180} INFO - Setting next_dagrun for dataset_with_extra_from_classic_operator to 2025-03-27 00:00:00+00:00, run_after=2025-03-28 00:00:00+00:00
[2025-03-28T18:38:49.876+0000] {processor.py:208} INFO - Processing /usr/local/python/3.12.1/lib/python3.12/site-packages/airflow/example_dags/example_outlet_event_extra.py took 0.068 seconds
[2025-03-28T18:40:44.488+0000] {processor.py:186} INFO - Started process (PID=18386) to work on /usr/local/python/3.12.1/lib/python3.12/site-packages/airflow/example_dags/example_outlet_event_extra.py
[2025-03-28T18:40:44.488+0000] {processor.py:914} INFO - Processing file /usr/local/python/3.12.1/lib/python3.12/site-packages/airflow/example_dags/example_outlet_event_extra.py for tasks to queue
[2025-03-28T18:40:44.490+0000] {logging_mixin.py:190} INFO - [2025-03-28T18:40:44.490+0000] {dagbag.py:588} INFO - Filling up the DagBag from /usr/local/python/3.12.1/lib/python3.12/site-packages/airflow/example_dags/example_outlet_event_extra.py
[2025-03-28T18:40:44.502+0000] {processor.py:925} INFO - DAG(s) 'dataset_with_extra_by_context', 'dataset_with_extra_from_classic_operator', 'dataset_with_extra_by_yield' retrieved from /usr/local/python/3.12.1/lib/python3.12/site-packages/airflow/example_dags/example_outlet_event_extra.py
[2025-03-28T18:40:44.519+0000] {logging_mixin.py:190} INFO - [2025-03-28T18:40:44.518+0000] {dag.py:3239} INFO - Sync 3 DAGs
[2025-03-28T18:40:44.535+0000] {logging_mixin.py:190} INFO - [2025-03-28T18:40:44.535+0000] {dag.py:4180} INFO - Setting next_dagrun for dataset_with_extra_by_context to 2025-03-27 00:00:00+00:00, run_after=2025-03-28 00:00:00+00:00
[2025-03-28T18:40:44.539+0000] {logging_mixin.py:190} INFO - [2025-03-28T18:40:44.539+0000] {dag.py:4180} INFO - Setting next_dagrun for dataset_with_extra_by_yield to 2025-03-27 00:00:00+00:00, run_after=2025-03-28 00:00:00+00:00
[2025-03-28T18:40:44.541+0000] {logging_mixin.py:190} INFO - [2025-03-28T18:40:44.540+0000] {dag.py:4180} INFO - Setting next_dagrun for dataset_with_extra_from_classic_operator to 2025-03-27 00:00:00+00:00, run_after=2025-03-28 00:00:00+00:00
[2025-03-28T18:40:44.556+0000] {processor.py:208} INFO - Processing /usr/local/python/3.12.1/lib/python3.12/site-packages/airflow/example_dags/example_outlet_event_extra.py took 0.072 seconds
[2025-03-28T18:41:37.757+0000] {processor.py:186} INFO - Started process (PID=18969) to work on /usr/local/python/3.12.1/lib/python3.12/site-packages/airflow/example_dags/example_outlet_event_extra.py
[2025-03-28T18:41:37.758+0000] {processor.py:914} INFO - Processing file /usr/local/python/3.12.1/lib/python3.12/site-packages/airflow/example_dags/example_outlet_event_extra.py for tasks to queue
[2025-03-28T18:41:37.759+0000] {logging_mixin.py:190} INFO - [2025-03-28T18:41:37.759+0000] {dagbag.py:588} INFO - Filling up the DagBag from /usr/local/python/3.12.1/lib/python3.12/site-packages/airflow/example_dags/example_outlet_event_extra.py
[2025-03-28T18:41:37.771+0000] {processor.py:925} INFO - DAG(s) 'dataset_with_extra_by_yield', 'dataset_with_extra_by_context', 'dataset_with_extra_from_classic_operator' retrieved from /usr/local/python/3.12.1/lib/python3.12/site-packages/airflow/example_dags/example_outlet_event_extra.py
[2025-03-28T18:41:37.786+0000] {logging_mixin.py:190} INFO - [2025-03-28T18:41:37.786+0000] {dag.py:3239} INFO - Sync 3 DAGs
[2025-03-28T18:41:37.803+0000] {logging_mixin.py:190} INFO - [2025-03-28T18:41:37.803+0000] {dag.py:4180} INFO - Setting next_dagrun for dataset_with_extra_by_context to 2025-03-27 00:00:00+00:00, run_after=2025-03-28 00:00:00+00:00
[2025-03-28T18:41:37.807+0000] {logging_mixin.py:190} INFO - [2025-03-28T18:41:37.806+0000] {dag.py:4180} INFO - Setting next_dagrun for dataset_with_extra_by_yield to 2025-03-27 00:00:00+00:00, run_after=2025-03-28 00:00:00+00:00
[2025-03-28T18:41:37.808+0000] {logging_mixin.py:190} INFO - [2025-03-28T18:41:37.808+0000] {dag.py:4180} INFO - Setting next_dagrun for dataset_with_extra_from_classic_operator to 2025-03-27 00:00:00+00:00, run_after=2025-03-28 00:00:00+00:00
[2025-03-28T18:41:37.824+0000] {processor.py:208} INFO - Processing /usr/local/python/3.12.1/lib/python3.12/site-packages/airflow/example_dags/example_outlet_event_extra.py took 0.070 seconds
[2025-03-28T18:42:34.761+0000] {processor.py:186} INFO - Started process (PID=19498) to work on /usr/local/python/3.12.1/lib/python3.12/site-packages/airflow/example_dags/example_outlet_event_extra.py
[2025-03-28T18:42:34.762+0000] {processor.py:914} INFO - Processing file /usr/local/python/3.12.1/lib/python3.12/site-packages/airflow/example_dags/example_outlet_event_extra.py for tasks to queue
[2025-03-28T18:42:34.763+0000] {logging_mixin.py:190} INFO - [2025-03-28T18:42:34.763+0000] {dagbag.py:588} INFO - Filling up the DagBag from /usr/local/python/3.12.1/lib/python3.12/site-packages/airflow/example_dags/example_outlet_event_extra.py
[2025-03-28T18:42:34.774+0000] {processor.py:925} INFO - DAG(s) 'dataset_with_extra_by_context', 'dataset_with_extra_from_classic_operator', 'dataset_with_extra_by_yield' retrieved from /usr/local/python/3.12.1/lib/python3.12/site-packages/airflow/example_dags/example_outlet_event_extra.py
[2025-03-28T18:42:34.788+0000] {logging_mixin.py:190} INFO - [2025-03-28T18:42:34.788+0000] {dag.py:3239} INFO - Sync 3 DAGs
[2025-03-28T18:42:34.804+0000] {logging_mixin.py:190} INFO - [2025-03-28T18:42:34.804+0000] {dag.py:4180} INFO - Setting next_dagrun for dataset_with_extra_by_context to 2025-03-27 00:00:00+00:00, run_after=2025-03-28 00:00:00+00:00
[2025-03-28T18:42:34.808+0000] {logging_mixin.py:190} INFO - [2025-03-28T18:42:34.808+0000] {dag.py:4180} INFO - Setting next_dagrun for dataset_with_extra_by_yield to 2025-03-27 00:00:00+00:00, run_after=2025-03-28 00:00:00+00:00
[2025-03-28T18:42:34.810+0000] {logging_mixin.py:190} INFO - [2025-03-28T18:42:34.810+0000] {dag.py:4180} INFO - Setting next_dagrun for dataset_with_extra_from_classic_operator to 2025-03-27 00:00:00+00:00, run_after=2025-03-28 00:00:00+00:00
[2025-03-28T18:42:34.825+0000] {processor.py:208} INFO - Processing /usr/local/python/3.12.1/lib/python3.12/site-packages/airflow/example_dags/example_outlet_event_extra.py took 0.068 seconds
[2025-03-28T18:43:32.406+0000] {processor.py:186} INFO - Started process (PID=20005) to work on /usr/local/python/3.12.1/lib/python3.12/site-packages/airflow/example_dags/example_outlet_event_extra.py
[2025-03-28T18:43:32.407+0000] {processor.py:914} INFO - Processing file /usr/local/python/3.12.1/lib/python3.12/site-packages/airflow/example_dags/example_outlet_event_extra.py for tasks to queue
[2025-03-28T18:43:32.408+0000] {logging_mixin.py:190} INFO - [2025-03-28T18:43:32.408+0000] {dagbag.py:588} INFO - Filling up the DagBag from /usr/local/python/3.12.1/lib/python3.12/site-packages/airflow/example_dags/example_outlet_event_extra.py
[2025-03-28T18:43:32.419+0000] {processor.py:925} INFO - DAG(s) 'dataset_with_extra_by_context', 'dataset_with_extra_by_yield', 'dataset_with_extra_from_classic_operator' retrieved from /usr/local/python/3.12.1/lib/python3.12/site-packages/airflow/example_dags/example_outlet_event_extra.py
[2025-03-28T18:43:32.433+0000] {logging_mixin.py:190} INFO - [2025-03-28T18:43:32.433+0000] {dag.py:3239} INFO - Sync 3 DAGs
[2025-03-28T18:43:32.450+0000] {logging_mixin.py:190} INFO - [2025-03-28T18:43:32.450+0000] {dag.py:4180} INFO - Setting next_dagrun for dataset_with_extra_by_context to 2025-03-27 00:00:00+00:00, run_after=2025-03-28 00:00:00+00:00
[2025-03-28T18:43:32.453+0000] {logging_mixin.py:190} INFO - [2025-03-28T18:43:32.453+0000] {dag.py:4180} INFO - Setting next_dagrun for dataset_with_extra_by_yield to 2025-03-27 00:00:00+00:00, run_after=2025-03-28 00:00:00+00:00
[2025-03-28T18:43:32.455+0000] {logging_mixin.py:190} INFO - [2025-03-28T18:43:32.455+0000] {dag.py:4180} INFO - Setting next_dagrun for dataset_with_extra_from_classic_operator to 2025-03-27 00:00:00+00:00, run_after=2025-03-28 00:00:00+00:00
[2025-03-28T18:43:32.471+0000] {processor.py:208} INFO - Processing /usr/local/python/3.12.1/lib/python3.12/site-packages/airflow/example_dags/example_outlet_event_extra.py took 0.069 seconds
[2025-03-28T18:44:27.713+0000] {processor.py:186} INFO - Started process (PID=20493) to work on /usr/local/python/3.12.1/lib/python3.12/site-packages/airflow/example_dags/example_outlet_event_extra.py
[2025-03-28T18:44:27.714+0000] {processor.py:914} INFO - Processing file /usr/local/python/3.12.1/lib/python3.12/site-packages/airflow/example_dags/example_outlet_event_extra.py for tasks to queue
[2025-03-28T18:44:27.715+0000] {logging_mixin.py:190} INFO - [2025-03-28T18:44:27.715+0000] {dagbag.py:588} INFO - Filling up the DagBag from /usr/local/python/3.12.1/lib/python3.12/site-packages/airflow/example_dags/example_outlet_event_extra.py
[2025-03-28T18:44:27.726+0000] {processor.py:925} INFO - DAG(s) 'dataset_with_extra_from_classic_operator', 'dataset_with_extra_by_context', 'dataset_with_extra_by_yield' retrieved from /usr/local/python/3.12.1/lib/python3.12/site-packages/airflow/example_dags/example_outlet_event_extra.py
[2025-03-28T18:44:27.740+0000] {logging_mixin.py:190} INFO - [2025-03-28T18:44:27.740+0000] {dag.py:3239} INFO - Sync 3 DAGs
[2025-03-28T18:44:27.756+0000] {logging_mixin.py:190} INFO - [2025-03-28T18:44:27.756+0000] {dag.py:4180} INFO - Setting next_dagrun for dataset_with_extra_by_context to 2025-03-27 00:00:00+00:00, run_after=2025-03-28 00:00:00+00:00
[2025-03-28T18:44:27.760+0000] {logging_mixin.py:190} INFO - [2025-03-28T18:44:27.760+0000] {dag.py:4180} INFO - Setting next_dagrun for dataset_with_extra_by_yield to 2025-03-27 00:00:00+00:00, run_after=2025-03-28 00:00:00+00:00
[2025-03-28T18:44:27.761+0000] {logging_mixin.py:190} INFO - [2025-03-28T18:44:27.761+0000] {dag.py:4180} INFO - Setting next_dagrun for dataset_with_extra_from_classic_operator to 2025-03-27 00:00:00+00:00, run_after=2025-03-28 00:00:00+00:00
[2025-03-28T18:44:27.778+0000] {processor.py:208} INFO - Processing /usr/local/python/3.12.1/lib/python3.12/site-packages/airflow/example_dags/example_outlet_event_extra.py took 0.069 seconds
[2025-03-28T18:45:20.826+0000] {processor.py:186} INFO - Started process (PID=20963) to work on /usr/local/python/3.12.1/lib/python3.12/site-packages/airflow/example_dags/example_outlet_event_extra.py
[2025-03-28T18:45:20.826+0000] {processor.py:914} INFO - Processing file /usr/local/python/3.12.1/lib/python3.12/site-packages/airflow/example_dags/example_outlet_event_extra.py for tasks to queue
[2025-03-28T18:45:20.828+0000] {logging_mixin.py:190} INFO - [2025-03-28T18:45:20.828+0000] {dagbag.py:588} INFO - Filling up the DagBag from /usr/local/python/3.12.1/lib/python3.12/site-packages/airflow/example_dags/example_outlet_event_extra.py
[2025-03-28T18:45:20.839+0000] {processor.py:925} INFO - DAG(s) 'dataset_with_extra_from_classic_operator', 'dataset_with_extra_by_yield', 'dataset_with_extra_by_context' retrieved from /usr/local/python/3.12.1/lib/python3.12/site-packages/airflow/example_dags/example_outlet_event_extra.py
[2025-03-28T18:45:20.854+0000] {logging_mixin.py:190} INFO - [2025-03-28T18:45:20.853+0000] {dag.py:3239} INFO - Sync 3 DAGs
[2025-03-28T18:45:20.872+0000] {logging_mixin.py:190} INFO - [2025-03-28T18:45:20.872+0000] {dag.py:4180} INFO - Setting next_dagrun for dataset_with_extra_by_context to 2025-03-27 00:00:00+00:00, run_after=2025-03-28 00:00:00+00:00
[2025-03-28T18:45:20.876+0000] {logging_mixin.py:190} INFO - [2025-03-28T18:45:20.876+0000] {dag.py:4180} INFO - Setting next_dagrun for dataset_with_extra_by_yield to 2025-03-27 00:00:00+00:00, run_after=2025-03-28 00:00:00+00:00
[2025-03-28T18:45:20.878+0000] {logging_mixin.py:190} INFO - [2025-03-28T18:45:20.878+0000] {dag.py:4180} INFO - Setting next_dagrun for dataset_with_extra_from_classic_operator to 2025-03-27 00:00:00+00:00, run_after=2025-03-28 00:00:00+00:00
[2025-03-28T18:45:20.900+0000] {processor.py:208} INFO - Processing /usr/local/python/3.12.1/lib/python3.12/site-packages/airflow/example_dags/example_outlet_event_extra.py took 0.078 seconds
[2025-03-28T18:46:15.612+0000] {processor.py:186} INFO - Started process (PID=21459) to work on /usr/local/python/3.12.1/lib/python3.12/site-packages/airflow/example_dags/example_outlet_event_extra.py
[2025-03-28T18:46:15.613+0000] {processor.py:914} INFO - Processing file /usr/local/python/3.12.1/lib/python3.12/site-packages/airflow/example_dags/example_outlet_event_extra.py for tasks to queue
[2025-03-28T18:46:15.614+0000] {logging_mixin.py:190} INFO - [2025-03-28T18:46:15.614+0000] {dagbag.py:588} INFO - Filling up the DagBag from /usr/local/python/3.12.1/lib/python3.12/site-packages/airflow/example_dags/example_outlet_event_extra.py
[2025-03-28T18:46:15.625+0000] {processor.py:925} INFO - DAG(s) 'dataset_with_extra_by_context', 'dataset_with_extra_by_yield', 'dataset_with_extra_from_classic_operator' retrieved from /usr/local/python/3.12.1/lib/python3.12/site-packages/airflow/example_dags/example_outlet_event_extra.py
[2025-03-28T18:46:15.639+0000] {logging_mixin.py:190} INFO - [2025-03-28T18:46:15.639+0000] {dag.py:3239} INFO - Sync 3 DAGs
[2025-03-28T18:46:15.655+0000] {logging_mixin.py:190} INFO - [2025-03-28T18:46:15.655+0000] {dag.py:4180} INFO - Setting next_dagrun for dataset_with_extra_by_context to 2025-03-27 00:00:00+00:00, run_after=2025-03-28 00:00:00+00:00
[2025-03-28T18:46:15.659+0000] {logging_mixin.py:190} INFO - [2025-03-28T18:46:15.658+0000] {dag.py:4180} INFO - Setting next_dagrun for dataset_with_extra_by_yield to 2025-03-27 00:00:00+00:00, run_after=2025-03-28 00:00:00+00:00
[2025-03-28T18:46:15.660+0000] {logging_mixin.py:190} INFO - [2025-03-28T18:46:15.660+0000] {dag.py:4180} INFO - Setting next_dagrun for dataset_with_extra_from_classic_operator to 2025-03-27 00:00:00+00:00, run_after=2025-03-28 00:00:00+00:00
[2025-03-28T18:46:15.676+0000] {processor.py:208} INFO - Processing /usr/local/python/3.12.1/lib/python3.12/site-packages/airflow/example_dags/example_outlet_event_extra.py took 0.068 seconds
[2025-03-28T18:47:09.246+0000] {processor.py:186} INFO - Started process (PID=21932) to work on /usr/local/python/3.12.1/lib/python3.12/site-packages/airflow/example_dags/example_outlet_event_extra.py
[2025-03-28T18:47:09.246+0000] {processor.py:914} INFO - Processing file /usr/local/python/3.12.1/lib/python3.12/site-packages/airflow/example_dags/example_outlet_event_extra.py for tasks to queue
[2025-03-28T18:47:09.247+0000] {logging_mixin.py:190} INFO - [2025-03-28T18:47:09.247+0000] {dagbag.py:588} INFO - Filling up the DagBag from /usr/local/python/3.12.1/lib/python3.12/site-packages/airflow/example_dags/example_outlet_event_extra.py
[2025-03-28T18:47:09.259+0000] {processor.py:925} INFO - DAG(s) 'dataset_with_extra_from_classic_operator', 'dataset_with_extra_by_context', 'dataset_with_extra_by_yield' retrieved from /usr/local/python/3.12.1/lib/python3.12/site-packages/airflow/example_dags/example_outlet_event_extra.py
[2025-03-28T18:47:09.273+0000] {logging_mixin.py:190} INFO - [2025-03-28T18:47:09.273+0000] {dag.py:3239} INFO - Sync 3 DAGs
[2025-03-28T18:47:09.291+0000] {logging_mixin.py:190} INFO - [2025-03-28T18:47:09.290+0000] {dag.py:4180} INFO - Setting next_dagrun for dataset_with_extra_by_context to 2025-03-27 00:00:00+00:00, run_after=2025-03-28 00:00:00+00:00
[2025-03-28T18:47:09.294+0000] {logging_mixin.py:190} INFO - [2025-03-28T18:47:09.294+0000] {dag.py:4180} INFO - Setting next_dagrun for dataset_with_extra_by_yield to 2025-03-27 00:00:00+00:00, run_after=2025-03-28 00:00:00+00:00
[2025-03-28T18:47:09.296+0000] {logging_mixin.py:190} INFO - [2025-03-28T18:47:09.296+0000] {dag.py:4180} INFO - Setting next_dagrun for dataset_with_extra_from_classic_operator to 2025-03-27 00:00:00+00:00, run_after=2025-03-28 00:00:00+00:00
[2025-03-28T18:47:09.312+0000] {processor.py:208} INFO - Processing /usr/local/python/3.12.1/lib/python3.12/site-packages/airflow/example_dags/example_outlet_event_extra.py took 0.070 seconds
[2025-03-28T18:48:01.634+0000] {processor.py:186} INFO - Started process (PID=22333) to work on /usr/local/python/3.12.1/lib/python3.12/site-packages/airflow/example_dags/example_outlet_event_extra.py
[2025-03-28T18:48:01.635+0000] {processor.py:914} INFO - Processing file /usr/local/python/3.12.1/lib/python3.12/site-packages/airflow/example_dags/example_outlet_event_extra.py for tasks to queue
[2025-03-28T18:48:01.636+0000] {logging_mixin.py:190} INFO - [2025-03-28T18:48:01.636+0000] {dagbag.py:588} INFO - Filling up the DagBag from /usr/local/python/3.12.1/lib/python3.12/site-packages/airflow/example_dags/example_outlet_event_extra.py
[2025-03-28T18:48:01.647+0000] {processor.py:925} INFO - DAG(s) 'dataset_with_extra_from_classic_operator', 'dataset_with_extra_by_context', 'dataset_with_extra_by_yield' retrieved from /usr/local/python/3.12.1/lib/python3.12/site-packages/airflow/example_dags/example_outlet_event_extra.py
[2025-03-28T18:48:01.665+0000] {logging_mixin.py:190} INFO - [2025-03-28T18:48:01.665+0000] {dag.py:3239} INFO - Sync 3 DAGs
[2025-03-28T18:48:01.681+0000] {logging_mixin.py:190} INFO - [2025-03-28T18:48:01.681+0000] {dag.py:4180} INFO - Setting next_dagrun for dataset_with_extra_by_context to 2025-03-27 00:00:00+00:00, run_after=2025-03-28 00:00:00+00:00
[2025-03-28T18:48:01.685+0000] {logging_mixin.py:190} INFO - [2025-03-28T18:48:01.685+0000] {dag.py:4180} INFO - Setting next_dagrun for dataset_with_extra_by_yield to 2025-03-27 00:00:00+00:00, run_after=2025-03-28 00:00:00+00:00
[2025-03-28T18:48:01.687+0000] {logging_mixin.py:190} INFO - [2025-03-28T18:48:01.686+0000] {dag.py:4180} INFO - Setting next_dagrun for dataset_with_extra_from_classic_operator to 2025-03-27 00:00:00+00:00, run_after=2025-03-28 00:00:00+00:00
[2025-03-28T18:48:01.702+0000] {processor.py:208} INFO - Processing /usr/local/python/3.12.1/lib/python3.12/site-packages/airflow/example_dags/example_outlet_event_extra.py took 0.072 seconds
[2025-03-28T18:48:58.127+0000] {processor.py:186} INFO - Started process (PID=22815) to work on /usr/local/python/3.12.1/lib/python3.12/site-packages/airflow/example_dags/example_outlet_event_extra.py
[2025-03-28T18:48:58.127+0000] {processor.py:914} INFO - Processing file /usr/local/python/3.12.1/lib/python3.12/site-packages/airflow/example_dags/example_outlet_event_extra.py for tasks to queue
[2025-03-28T18:48:58.128+0000] {logging_mixin.py:190} INFO - [2025-03-28T18:48:58.128+0000] {dagbag.py:588} INFO - Filling up the DagBag from /usr/local/python/3.12.1/lib/python3.12/site-packages/airflow/example_dags/example_outlet_event_extra.py
[2025-03-28T18:48:58.139+0000] {processor.py:925} INFO - DAG(s) 'dataset_with_extra_by_context', 'dataset_with_extra_from_classic_operator', 'dataset_with_extra_by_yield' retrieved from /usr/local/python/3.12.1/lib/python3.12/site-packages/airflow/example_dags/example_outlet_event_extra.py
[2025-03-28T18:48:58.153+0000] {logging_mixin.py:190} INFO - [2025-03-28T18:48:58.153+0000] {dag.py:3239} INFO - Sync 3 DAGs
[2025-03-28T18:48:58.169+0000] {logging_mixin.py:190} INFO - [2025-03-28T18:48:58.169+0000] {dag.py:4180} INFO - Setting next_dagrun for dataset_with_extra_by_context to 2025-03-27 00:00:00+00:00, run_after=2025-03-28 00:00:00+00:00
[2025-03-28T18:48:58.172+0000] {logging_mixin.py:190} INFO - [2025-03-28T18:48:58.172+0000] {dag.py:4180} INFO - Setting next_dagrun for dataset_with_extra_by_yield to 2025-03-27 00:00:00+00:00, run_after=2025-03-28 00:00:00+00:00
[2025-03-28T18:48:58.174+0000] {logging_mixin.py:190} INFO - [2025-03-28T18:48:58.174+0000] {dag.py:4180} INFO - Setting next_dagrun for dataset_with_extra_from_classic_operator to 2025-03-27 00:00:00+00:00, run_after=2025-03-28 00:00:00+00:00
[2025-03-28T18:48:58.189+0000] {processor.py:208} INFO - Processing /usr/local/python/3.12.1/lib/python3.12/site-packages/airflow/example_dags/example_outlet_event_extra.py took 0.067 seconds
[2025-03-28T18:49:52.074+0000] {processor.py:186} INFO - Started process (PID=23253) to work on /usr/local/python/3.12.1/lib/python3.12/site-packages/airflow/example_dags/example_outlet_event_extra.py
[2025-03-28T18:49:52.075+0000] {processor.py:914} INFO - Processing file /usr/local/python/3.12.1/lib/python3.12/site-packages/airflow/example_dags/example_outlet_event_extra.py for tasks to queue
[2025-03-28T18:49:52.075+0000] {logging_mixin.py:190} INFO - [2025-03-28T18:49:52.075+0000] {dagbag.py:588} INFO - Filling up the DagBag from /usr/local/python/3.12.1/lib/python3.12/site-packages/airflow/example_dags/example_outlet_event_extra.py
[2025-03-28T18:49:52.086+0000] {processor.py:925} INFO - DAG(s) 'dataset_with_extra_by_context', 'dataset_with_extra_by_yield', 'dataset_with_extra_from_classic_operator' retrieved from /usr/local/python/3.12.1/lib/python3.12/site-packages/airflow/example_dags/example_outlet_event_extra.py
[2025-03-28T18:49:52.101+0000] {logging_mixin.py:190} INFO - [2025-03-28T18:49:52.100+0000] {dag.py:3239} INFO - Sync 3 DAGs
[2025-03-28T18:49:52.117+0000] {logging_mixin.py:190} INFO - [2025-03-28T18:49:52.117+0000] {dag.py:4180} INFO - Setting next_dagrun for dataset_with_extra_by_context to 2025-03-27 00:00:00+00:00, run_after=2025-03-28 00:00:00+00:00
[2025-03-28T18:49:52.121+0000] {logging_mixin.py:190} INFO - [2025-03-28T18:49:52.121+0000] {dag.py:4180} INFO - Setting next_dagrun for dataset_with_extra_by_yield to 2025-03-27 00:00:00+00:00, run_after=2025-03-28 00:00:00+00:00
[2025-03-28T18:49:52.123+0000] {logging_mixin.py:190} INFO - [2025-03-28T18:49:52.122+0000] {dag.py:4180} INFO - Setting next_dagrun for dataset_with_extra_from_classic_operator to 2025-03-27 00:00:00+00:00, run_after=2025-03-28 00:00:00+00:00
[2025-03-28T18:49:52.139+0000] {processor.py:208} INFO - Processing /usr/local/python/3.12.1/lib/python3.12/site-packages/airflow/example_dags/example_outlet_event_extra.py took 0.069 seconds
[2025-03-28T18:50:50.997+0000] {processor.py:186} INFO - Started process (PID=23729) to work on /usr/local/python/3.12.1/lib/python3.12/site-packages/airflow/example_dags/example_outlet_event_extra.py
[2025-03-28T18:50:50.998+0000] {processor.py:914} INFO - Processing file /usr/local/python/3.12.1/lib/python3.12/site-packages/airflow/example_dags/example_outlet_event_extra.py for tasks to queue
[2025-03-28T18:50:50.999+0000] {logging_mixin.py:190} INFO - [2025-03-28T18:50:50.999+0000] {dagbag.py:588} INFO - Filling up the DagBag from /usr/local/python/3.12.1/lib/python3.12/site-packages/airflow/example_dags/example_outlet_event_extra.py
[2025-03-28T18:50:51.012+0000] {processor.py:925} INFO - DAG(s) 'dataset_with_extra_by_context', 'dataset_with_extra_by_yield', 'dataset_with_extra_from_classic_operator' retrieved from /usr/local/python/3.12.1/lib/python3.12/site-packages/airflow/example_dags/example_outlet_event_extra.py
[2025-03-28T18:50:51.027+0000] {logging_mixin.py:190} INFO - [2025-03-28T18:50:51.027+0000] {dag.py:3239} INFO - Sync 3 DAGs
[2025-03-28T18:50:51.043+0000] {logging_mixin.py:190} INFO - [2025-03-28T18:50:51.043+0000] {dag.py:4180} INFO - Setting next_dagrun for dataset_with_extra_by_context to 2025-03-27 00:00:00+00:00, run_after=2025-03-28 00:00:00+00:00
[2025-03-28T18:50:51.047+0000] {logging_mixin.py:190} INFO - [2025-03-28T18:50:51.047+0000] {dag.py:4180} INFO - Setting next_dagrun for dataset_with_extra_by_yield to 2025-03-27 00:00:00+00:00, run_after=2025-03-28 00:00:00+00:00
[2025-03-28T18:50:51.049+0000] {logging_mixin.py:190} INFO - [2025-03-28T18:50:51.048+0000] {dag.py:4180} INFO - Setting next_dagrun for dataset_with_extra_from_classic_operator to 2025-03-27 00:00:00+00:00, run_after=2025-03-28 00:00:00+00:00
[2025-03-28T18:50:51.065+0000] {processor.py:208} INFO - Processing /usr/local/python/3.12.1/lib/python3.12/site-packages/airflow/example_dags/example_outlet_event_extra.py took 0.072 seconds
[2025-03-28T18:53:15.562+0000] {processor.py:186} INFO - Started process (PID=25126) to work on /usr/local/python/3.12.1/lib/python3.12/site-packages/airflow/example_dags/example_outlet_event_extra.py
[2025-03-28T18:53:15.563+0000] {processor.py:914} INFO - Processing file /usr/local/python/3.12.1/lib/python3.12/site-packages/airflow/example_dags/example_outlet_event_extra.py for tasks to queue
[2025-03-28T18:53:15.563+0000] {logging_mixin.py:190} INFO - [2025-03-28T18:53:15.563+0000] {dagbag.py:588} INFO - Filling up the DagBag from /usr/local/python/3.12.1/lib/python3.12/site-packages/airflow/example_dags/example_outlet_event_extra.py
[2025-03-28T18:53:15.575+0000] {processor.py:925} INFO - DAG(s) 'dataset_with_extra_by_yield', 'dataset_with_extra_by_context', 'dataset_with_extra_from_classic_operator' retrieved from /usr/local/python/3.12.1/lib/python3.12/site-packages/airflow/example_dags/example_outlet_event_extra.py
[2025-03-28T18:53:15.590+0000] {logging_mixin.py:190} INFO - [2025-03-28T18:53:15.589+0000] {dag.py:3239} INFO - Sync 3 DAGs
[2025-03-28T18:53:15.607+0000] {logging_mixin.py:190} INFO - [2025-03-28T18:53:15.606+0000] {dag.py:4180} INFO - Setting next_dagrun for dataset_with_extra_by_context to 2025-03-27 00:00:00+00:00, run_after=2025-03-28 00:00:00+00:00
[2025-03-28T18:53:15.610+0000] {logging_mixin.py:190} INFO - [2025-03-28T18:53:15.610+0000] {dag.py:4180} INFO - Setting next_dagrun for dataset_with_extra_by_yield to 2025-03-27 00:00:00+00:00, run_after=2025-03-28 00:00:00+00:00
[2025-03-28T18:53:15.612+0000] {logging_mixin.py:190} INFO - [2025-03-28T18:53:15.612+0000] {dag.py:4180} INFO - Setting next_dagrun for dataset_with_extra_from_classic_operator to 2025-03-27 00:00:00+00:00, run_after=2025-03-28 00:00:00+00:00
[2025-03-28T18:53:15.628+0000] {processor.py:208} INFO - Processing /usr/local/python/3.12.1/lib/python3.12/site-packages/airflow/example_dags/example_outlet_event_extra.py took 0.070 seconds
[2025-03-28T18:55:47.070+0000] {processor.py:186} INFO - Started process (PID=26633) to work on /usr/local/python/3.12.1/lib/python3.12/site-packages/airflow/example_dags/example_outlet_event_extra.py
[2025-03-28T18:55:47.070+0000] {processor.py:914} INFO - Processing file /usr/local/python/3.12.1/lib/python3.12/site-packages/airflow/example_dags/example_outlet_event_extra.py for tasks to queue
[2025-03-28T18:55:47.071+0000] {logging_mixin.py:190} INFO - [2025-03-28T18:55:47.071+0000] {dagbag.py:588} INFO - Filling up the DagBag from /usr/local/python/3.12.1/lib/python3.12/site-packages/airflow/example_dags/example_outlet_event_extra.py
[2025-03-28T18:55:47.082+0000] {processor.py:925} INFO - DAG(s) 'dataset_with_extra_by_yield', 'dataset_with_extra_from_classic_operator', 'dataset_with_extra_by_context' retrieved from /usr/local/python/3.12.1/lib/python3.12/site-packages/airflow/example_dags/example_outlet_event_extra.py
[2025-03-28T18:55:47.096+0000] {logging_mixin.py:190} INFO - [2025-03-28T18:55:47.096+0000] {dag.py:3239} INFO - Sync 3 DAGs
[2025-03-28T18:55:47.113+0000] {logging_mixin.py:190} INFO - [2025-03-28T18:55:47.113+0000] {dag.py:4180} INFO - Setting next_dagrun for dataset_with_extra_by_context to 2025-03-27 00:00:00+00:00, run_after=2025-03-28 00:00:00+00:00
[2025-03-28T18:55:47.116+0000] {logging_mixin.py:190} INFO - [2025-03-28T18:55:47.116+0000] {dag.py:4180} INFO - Setting next_dagrun for dataset_with_extra_by_yield to 2025-03-27 00:00:00+00:00, run_after=2025-03-28 00:00:00+00:00
[2025-03-28T18:55:47.118+0000] {logging_mixin.py:190} INFO - [2025-03-28T18:55:47.118+0000] {dag.py:4180} INFO - Setting next_dagrun for dataset_with_extra_from_classic_operator to 2025-03-27 00:00:00+00:00, run_after=2025-03-28 00:00:00+00:00
[2025-03-28T18:55:47.134+0000] {processor.py:208} INFO - Processing /usr/local/python/3.12.1/lib/python3.12/site-packages/airflow/example_dags/example_outlet_event_extra.py took 0.068 seconds
[2025-03-28T18:58:21.358+0000] {processor.py:186} INFO - Started process (PID=28338) to work on /usr/local/python/3.12.1/lib/python3.12/site-packages/airflow/example_dags/example_outlet_event_extra.py
[2025-03-28T18:58:21.358+0000] {processor.py:914} INFO - Processing file /usr/local/python/3.12.1/lib/python3.12/site-packages/airflow/example_dags/example_outlet_event_extra.py for tasks to queue
[2025-03-28T18:58:21.359+0000] {logging_mixin.py:190} INFO - [2025-03-28T18:58:21.359+0000] {dagbag.py:588} INFO - Filling up the DagBag from /usr/local/python/3.12.1/lib/python3.12/site-packages/airflow/example_dags/example_outlet_event_extra.py
[2025-03-28T18:58:21.370+0000] {processor.py:925} INFO - DAG(s) 'dataset_with_extra_by_yield', 'dataset_with_extra_by_context', 'dataset_with_extra_from_classic_operator' retrieved from /usr/local/python/3.12.1/lib/python3.12/site-packages/airflow/example_dags/example_outlet_event_extra.py
[2025-03-28T18:58:21.384+0000] {logging_mixin.py:190} INFO - [2025-03-28T18:58:21.384+0000] {dag.py:3239} INFO - Sync 3 DAGs
[2025-03-28T18:58:21.400+0000] {logging_mixin.py:190} INFO - [2025-03-28T18:58:21.400+0000] {dag.py:4180} INFO - Setting next_dagrun for dataset_with_extra_by_context to 2025-03-27 00:00:00+00:00, run_after=2025-03-28 00:00:00+00:00
[2025-03-28T18:58:21.404+0000] {logging_mixin.py:190} INFO - [2025-03-28T18:58:21.404+0000] {dag.py:4180} INFO - Setting next_dagrun for dataset_with_extra_by_yield to 2025-03-27 00:00:00+00:00, run_after=2025-03-28 00:00:00+00:00
[2025-03-28T18:58:21.406+0000] {logging_mixin.py:190} INFO - [2025-03-28T18:58:21.405+0000] {dag.py:4180} INFO - Setting next_dagrun for dataset_with_extra_from_classic_operator to 2025-03-27 00:00:00+00:00, run_after=2025-03-28 00:00:00+00:00
[2025-03-28T18:58:21.421+0000] {processor.py:208} INFO - Processing /usr/local/python/3.12.1/lib/python3.12/site-packages/airflow/example_dags/example_outlet_event_extra.py took 0.067 seconds
[2025-03-28T19:00:56.958+0000] {processor.py:186} INFO - Started process (PID=29910) to work on /usr/local/python/3.12.1/lib/python3.12/site-packages/airflow/example_dags/example_outlet_event_extra.py
[2025-03-28T19:00:56.958+0000] {processor.py:914} INFO - Processing file /usr/local/python/3.12.1/lib/python3.12/site-packages/airflow/example_dags/example_outlet_event_extra.py for tasks to queue
[2025-03-28T19:00:56.959+0000] {logging_mixin.py:190} INFO - [2025-03-28T19:00:56.959+0000] {dagbag.py:588} INFO - Filling up the DagBag from /usr/local/python/3.12.1/lib/python3.12/site-packages/airflow/example_dags/example_outlet_event_extra.py
[2025-03-28T19:00:56.970+0000] {processor.py:925} INFO - DAG(s) 'dataset_with_extra_by_yield', 'dataset_with_extra_from_classic_operator', 'dataset_with_extra_by_context' retrieved from /usr/local/python/3.12.1/lib/python3.12/site-packages/airflow/example_dags/example_outlet_event_extra.py
[2025-03-28T19:00:56.984+0000] {logging_mixin.py:190} INFO - [2025-03-28T19:00:56.984+0000] {dag.py:3239} INFO - Sync 3 DAGs
[2025-03-28T19:00:57.001+0000] {logging_mixin.py:190} INFO - [2025-03-28T19:00:57.001+0000] {dag.py:4180} INFO - Setting next_dagrun for dataset_with_extra_by_context to 2025-03-27 00:00:00+00:00, run_after=2025-03-28 00:00:00+00:00
[2025-03-28T19:00:57.004+0000] {logging_mixin.py:190} INFO - [2025-03-28T19:00:57.004+0000] {dag.py:4180} INFO - Setting next_dagrun for dataset_with_extra_by_yield to 2025-03-27 00:00:00+00:00, run_after=2025-03-28 00:00:00+00:00
[2025-03-28T19:00:57.006+0000] {logging_mixin.py:190} INFO - [2025-03-28T19:00:57.006+0000] {dag.py:4180} INFO - Setting next_dagrun for dataset_with_extra_from_classic_operator to 2025-03-27 00:00:00+00:00, run_after=2025-03-28 00:00:00+00:00
[2025-03-28T19:00:57.022+0000] {processor.py:208} INFO - Processing /usr/local/python/3.12.1/lib/python3.12/site-packages/airflow/example_dags/example_outlet_event_extra.py took 0.068 seconds
[2025-03-28T19:03:32.262+0000] {processor.py:186} INFO - Started process (PID=31878) to work on /usr/local/python/3.12.1/lib/python3.12/site-packages/airflow/example_dags/example_outlet_event_extra.py
[2025-03-28T19:03:32.262+0000] {processor.py:914} INFO - Processing file /usr/local/python/3.12.1/lib/python3.12/site-packages/airflow/example_dags/example_outlet_event_extra.py for tasks to queue
[2025-03-28T19:03:32.263+0000] {logging_mixin.py:190} INFO - [2025-03-28T19:03:32.263+0000] {dagbag.py:588} INFO - Filling up the DagBag from /usr/local/python/3.12.1/lib/python3.12/site-packages/airflow/example_dags/example_outlet_event_extra.py
[2025-03-28T19:03:32.277+0000] {processor.py:925} INFO - DAG(s) 'dataset_with_extra_from_classic_operator', 'dataset_with_extra_by_context', 'dataset_with_extra_by_yield' retrieved from /usr/local/python/3.12.1/lib/python3.12/site-packages/airflow/example_dags/example_outlet_event_extra.py
[2025-03-28T19:03:32.294+0000] {logging_mixin.py:190} INFO - [2025-03-28T19:03:32.294+0000] {dag.py:3239} INFO - Sync 3 DAGs
[2025-03-28T19:03:32.311+0000] {logging_mixin.py:190} INFO - [2025-03-28T19:03:32.311+0000] {dag.py:4180} INFO - Setting next_dagrun for dataset_with_extra_by_context to 2025-03-27 00:00:00+00:00, run_after=2025-03-28 00:00:00+00:00
[2025-03-28T19:03:32.315+0000] {logging_mixin.py:190} INFO - [2025-03-28T19:03:32.315+0000] {dag.py:4180} INFO - Setting next_dagrun for dataset_with_extra_by_yield to 2025-03-27 00:00:00+00:00, run_after=2025-03-28 00:00:00+00:00
[2025-03-28T19:03:32.317+0000] {logging_mixin.py:190} INFO - [2025-03-28T19:03:32.316+0000] {dag.py:4180} INFO - Setting next_dagrun for dataset_with_extra_from_classic_operator to 2025-03-27 00:00:00+00:00, run_after=2025-03-28 00:00:00+00:00
[2025-03-28T19:03:32.332+0000] {processor.py:208} INFO - Processing /usr/local/python/3.12.1/lib/python3.12/site-packages/airflow/example_dags/example_outlet_event_extra.py took 0.074 seconds
