[2025-03-28T18:24:39.748+0000] {processor.py:186} INFO - Started process (PID=9413) to work on /usr/local/python/3.12.1/lib/python3.12/site-packages/airflow/example_dags/example_branch_operator.py
[2025-03-28T18:24:39.749+0000] {processor.py:914} INFO - Processing file /usr/local/python/3.12.1/lib/python3.12/site-packages/airflow/example_dags/example_branch_operator.py for tasks to queue
[2025-03-28T18:24:39.750+0000] {logging_mixin.py:190} INFO - [2025-03-28T18:24:39.750+0000] {dagbag.py:588} INFO - Filling up the DagBag from /usr/local/python/3.12.1/lib/python3.12/site-packages/airflow/example_dags/example_branch_operator.py
[2025-03-28T18:24:39.764+0000] {processor.py:925} INFO - DAG(s) 'example_branch_operator' retrieved from /usr/local/python/3.12.1/lib/python3.12/site-packages/airflow/example_dags/example_branch_operator.py
[2025-03-28T18:24:39.852+0000] {logging_mixin.py:190} INFO - [2025-03-28T18:24:39.852+0000] {override.py:1930} INFO - Created Permission View: can edit on DAG:example_branch_operator
[2025-03-28T18:24:39.860+0000] {logging_mixin.py:190} INFO - [2025-03-28T18:24:39.860+0000] {override.py:1930} INFO - Created Permission View: can delete on DAG:example_branch_operator
[2025-03-28T18:24:39.866+0000] {logging_mixin.py:190} INFO - [2025-03-28T18:24:39.866+0000] {override.py:1930} INFO - Created Permission View: can read on DAG:example_branch_operator
[2025-03-28T18:24:39.874+0000] {logging_mixin.py:190} INFO - [2025-03-28T18:24:39.874+0000] {override.py:1930} INFO - Created Permission View: menu access on DAG Run:example_branch_operator
[2025-03-28T18:24:39.879+0000] {logging_mixin.py:190} INFO - [2025-03-28T18:24:39.879+0000] {override.py:1930} INFO - Created Permission View: can create on DAG Run:example_branch_operator
[2025-03-28T18:24:39.885+0000] {logging_mixin.py:190} INFO - [2025-03-28T18:24:39.884+0000] {override.py:1930} INFO - Created Permission View: can delete on DAG Run:example_branch_operator
[2025-03-28T18:24:39.890+0000] {logging_mixin.py:190} INFO - [2025-03-28T18:24:39.890+0000] {override.py:1930} INFO - Created Permission View: can read on DAG Run:example_branch_operator
[2025-03-28T18:24:39.890+0000] {logging_mixin.py:190} INFO - [2025-03-28T18:24:39.890+0000] {dag.py:3239} INFO - Sync 1 DAGs
[2025-03-28T18:24:39.900+0000] {logging_mixin.py:190} INFO - [2025-03-28T18:24:39.899+0000] {dag.py:3262} INFO - Creating ORM DAG for example_branch_operator
[2025-03-28T18:24:39.907+0000] {logging_mixin.py:190} INFO - [2025-03-28T18:24:39.907+0000] {dag.py:4180} INFO - Setting next_dagrun for example_branch_operator to 2025-03-27 00:00:00+00:00, run_after=2025-03-28 00:00:00+00:00
[2025-03-28T18:24:39.922+0000] {processor.py:208} INFO - Processing /usr/local/python/3.12.1/lib/python3.12/site-packages/airflow/example_dags/example_branch_operator.py took 0.178 seconds
[2025-03-28T18:25:36.092+0000] {processor.py:186} INFO - Started process (PID=9929) to work on /usr/local/python/3.12.1/lib/python3.12/site-packages/airflow/example_dags/example_branch_operator.py
[2025-03-28T18:25:36.093+0000] {processor.py:914} INFO - Processing file /usr/local/python/3.12.1/lib/python3.12/site-packages/airflow/example_dags/example_branch_operator.py for tasks to queue
[2025-03-28T18:25:36.094+0000] {logging_mixin.py:190} INFO - [2025-03-28T18:25:36.094+0000] {dagbag.py:588} INFO - Filling up the DagBag from /usr/local/python/3.12.1/lib/python3.12/site-packages/airflow/example_dags/example_branch_operator.py
[2025-03-28T18:25:36.108+0000] {processor.py:925} INFO - DAG(s) 'example_branch_operator' retrieved from /usr/local/python/3.12.1/lib/python3.12/site-packages/airflow/example_dags/example_branch_operator.py
[2025-03-28T18:25:36.126+0000] {logging_mixin.py:190} INFO - [2025-03-28T18:25:36.126+0000] {dag.py:3239} INFO - Sync 1 DAGs
[2025-03-28T18:25:36.143+0000] {logging_mixin.py:190} INFO - [2025-03-28T18:25:36.143+0000] {dag.py:4180} INFO - Setting next_dagrun for example_branch_operator to 2025-03-27 00:00:00+00:00, run_after=2025-03-28 00:00:00+00:00
[2025-03-28T18:25:36.163+0000] {processor.py:208} INFO - Processing /usr/local/python/3.12.1/lib/python3.12/site-packages/airflow/example_dags/example_branch_operator.py took 0.075 seconds
[2025-03-28T18:28:37.356+0000] {processor.py:186} INFO - Started process (PID=11584) to work on /usr/local/python/3.12.1/lib/python3.12/site-packages/airflow/example_dags/example_branch_operator.py
[2025-03-28T18:28:37.357+0000] {processor.py:914} INFO - Processing file /usr/local/python/3.12.1/lib/python3.12/site-packages/airflow/example_dags/example_branch_operator.py for tasks to queue
[2025-03-28T18:28:37.359+0000] {logging_mixin.py:190} INFO - [2025-03-28T18:28:37.358+0000] {dagbag.py:588} INFO - Filling up the DagBag from /usr/local/python/3.12.1/lib/python3.12/site-packages/airflow/example_dags/example_branch_operator.py
[2025-03-28T18:28:37.373+0000] {processor.py:925} INFO - DAG(s) 'example_branch_operator' retrieved from /usr/local/python/3.12.1/lib/python3.12/site-packages/airflow/example_dags/example_branch_operator.py
[2025-03-28T18:28:37.463+0000] {logging_mixin.py:190} INFO - [2025-03-28T18:28:37.463+0000] {dag.py:3239} INFO - Sync 1 DAGs
[2025-03-28T18:28:37.478+0000] {logging_mixin.py:190} INFO - [2025-03-28T18:28:37.478+0000] {dag.py:4180} INFO - Setting next_dagrun for example_branch_operator to 2025-03-27 00:00:00+00:00, run_after=2025-03-28 00:00:00+00:00
[2025-03-28T18:28:37.494+0000] {processor.py:208} INFO - Processing /usr/local/python/3.12.1/lib/python3.12/site-packages/airflow/example_dags/example_branch_operator.py took 0.141 seconds
[2025-03-28T18:29:32.585+0000] {processor.py:186} INFO - Started process (PID=12062) to work on /usr/local/python/3.12.1/lib/python3.12/site-packages/airflow/example_dags/example_branch_operator.py
[2025-03-28T18:29:32.586+0000] {processor.py:914} INFO - Processing file /usr/local/python/3.12.1/lib/python3.12/site-packages/airflow/example_dags/example_branch_operator.py for tasks to queue
[2025-03-28T18:29:32.587+0000] {logging_mixin.py:190} INFO - [2025-03-28T18:29:32.587+0000] {dagbag.py:588} INFO - Filling up the DagBag from /usr/local/python/3.12.1/lib/python3.12/site-packages/airflow/example_dags/example_branch_operator.py
[2025-03-28T18:29:32.601+0000] {processor.py:925} INFO - DAG(s) 'example_branch_operator' retrieved from /usr/local/python/3.12.1/lib/python3.12/site-packages/airflow/example_dags/example_branch_operator.py
[2025-03-28T18:29:32.619+0000] {logging_mixin.py:190} INFO - [2025-03-28T18:29:32.618+0000] {dag.py:3239} INFO - Sync 1 DAGs
[2025-03-28T18:29:32.634+0000] {logging_mixin.py:190} INFO - [2025-03-28T18:29:32.634+0000] {dag.py:4180} INFO - Setting next_dagrun for example_branch_operator to 2025-03-27 00:00:00+00:00, run_after=2025-03-28 00:00:00+00:00
[2025-03-28T18:29:32.648+0000] {processor.py:208} INFO - Processing /usr/local/python/3.12.1/lib/python3.12/site-packages/airflow/example_dags/example_branch_operator.py took 0.067 seconds
[2025-03-28T18:30:44.629+0000] {processor.py:186} INFO - Started process (PID=12673) to work on /usr/local/python/3.12.1/lib/python3.12/site-packages/airflow/example_dags/example_branch_operator.py
[2025-03-28T18:30:44.630+0000] {processor.py:914} INFO - Processing file /usr/local/python/3.12.1/lib/python3.12/site-packages/airflow/example_dags/example_branch_operator.py for tasks to queue
[2025-03-28T18:30:44.631+0000] {logging_mixin.py:190} INFO - [2025-03-28T18:30:44.631+0000] {dagbag.py:588} INFO - Filling up the DagBag from /usr/local/python/3.12.1/lib/python3.12/site-packages/airflow/example_dags/example_branch_operator.py
[2025-03-28T18:30:44.646+0000] {processor.py:925} INFO - DAG(s) 'example_branch_operator' retrieved from /usr/local/python/3.12.1/lib/python3.12/site-packages/airflow/example_dags/example_branch_operator.py
[2025-03-28T18:30:44.663+0000] {logging_mixin.py:190} INFO - [2025-03-28T18:30:44.663+0000] {dag.py:3239} INFO - Sync 1 DAGs
[2025-03-28T18:30:44.679+0000] {logging_mixin.py:190} INFO - [2025-03-28T18:30:44.678+0000] {dag.py:4180} INFO - Setting next_dagrun for example_branch_operator to 2025-03-27 00:00:00+00:00, run_after=2025-03-28 00:00:00+00:00
[2025-03-28T18:30:44.693+0000] {processor.py:208} INFO - Processing /usr/local/python/3.12.1/lib/python3.12/site-packages/airflow/example_dags/example_branch_operator.py took 0.068 seconds
[2025-03-28T18:31:58.848+0000] {processor.py:186} INFO - Started process (PID=13303) to work on /usr/local/python/3.12.1/lib/python3.12/site-packages/airflow/example_dags/example_branch_operator.py
[2025-03-28T18:31:58.848+0000] {processor.py:914} INFO - Processing file /usr/local/python/3.12.1/lib/python3.12/site-packages/airflow/example_dags/example_branch_operator.py for tasks to queue
[2025-03-28T18:31:58.850+0000] {logging_mixin.py:190} INFO - [2025-03-28T18:31:58.849+0000] {dagbag.py:588} INFO - Filling up the DagBag from /usr/local/python/3.12.1/lib/python3.12/site-packages/airflow/example_dags/example_branch_operator.py
[2025-03-28T18:31:58.864+0000] {processor.py:925} INFO - DAG(s) 'example_branch_operator' retrieved from /usr/local/python/3.12.1/lib/python3.12/site-packages/airflow/example_dags/example_branch_operator.py
[2025-03-28T18:31:58.882+0000] {logging_mixin.py:190} INFO - [2025-03-28T18:31:58.881+0000] {dag.py:3239} INFO - Sync 1 DAGs
[2025-03-28T18:31:58.897+0000] {logging_mixin.py:190} INFO - [2025-03-28T18:31:58.897+0000] {dag.py:4180} INFO - Setting next_dagrun for example_branch_operator to 2025-03-27 00:00:00+00:00, run_after=2025-03-28 00:00:00+00:00
[2025-03-28T18:31:58.912+0000] {processor.py:208} INFO - Processing /usr/local/python/3.12.1/lib/python3.12/site-packages/airflow/example_dags/example_branch_operator.py took 0.068 seconds
[2025-03-28T18:33:11.941+0000] {processor.py:186} INFO - Started process (PID=14015) to work on /usr/local/python/3.12.1/lib/python3.12/site-packages/airflow/example_dags/example_branch_operator.py
[2025-03-28T18:33:11.942+0000] {processor.py:914} INFO - Processing file /usr/local/python/3.12.1/lib/python3.12/site-packages/airflow/example_dags/example_branch_operator.py for tasks to queue
[2025-03-28T18:33:11.943+0000] {logging_mixin.py:190} INFO - [2025-03-28T18:33:11.943+0000] {dagbag.py:588} INFO - Filling up the DagBag from /usr/local/python/3.12.1/lib/python3.12/site-packages/airflow/example_dags/example_branch_operator.py
[2025-03-28T18:33:11.958+0000] {processor.py:925} INFO - DAG(s) 'example_branch_operator' retrieved from /usr/local/python/3.12.1/lib/python3.12/site-packages/airflow/example_dags/example_branch_operator.py
[2025-03-28T18:33:11.977+0000] {logging_mixin.py:190} INFO - [2025-03-28T18:33:11.977+0000] {dag.py:3239} INFO - Sync 1 DAGs
[2025-03-28T18:33:11.999+0000] {logging_mixin.py:190} INFO - [2025-03-28T18:33:11.999+0000] {dag.py:4180} INFO - Setting next_dagrun for example_branch_operator to 2025-03-27 00:00:00+00:00, run_after=2025-03-28 00:00:00+00:00
[2025-03-28T18:33:12.016+0000] {processor.py:208} INFO - Processing /usr/local/python/3.12.1/lib/python3.12/site-packages/airflow/example_dags/example_branch_operator.py took 0.079 seconds
[2025-03-28T18:34:25.107+0000] {processor.py:186} INFO - Started process (PID=14647) to work on /usr/local/python/3.12.1/lib/python3.12/site-packages/airflow/example_dags/example_branch_operator.py
[2025-03-28T18:34:25.108+0000] {processor.py:914} INFO - Processing file /usr/local/python/3.12.1/lib/python3.12/site-packages/airflow/example_dags/example_branch_operator.py for tasks to queue
[2025-03-28T18:34:25.109+0000] {logging_mixin.py:190} INFO - [2025-03-28T18:34:25.109+0000] {dagbag.py:588} INFO - Filling up the DagBag from /usr/local/python/3.12.1/lib/python3.12/site-packages/airflow/example_dags/example_branch_operator.py
[2025-03-28T18:34:25.125+0000] {processor.py:925} INFO - DAG(s) 'example_branch_operator' retrieved from /usr/local/python/3.12.1/lib/python3.12/site-packages/airflow/example_dags/example_branch_operator.py
[2025-03-28T18:34:25.143+0000] {logging_mixin.py:190} INFO - [2025-03-28T18:34:25.143+0000] {dag.py:3239} INFO - Sync 1 DAGs
[2025-03-28T18:34:25.161+0000] {logging_mixin.py:190} INFO - [2025-03-28T18:34:25.160+0000] {dag.py:4180} INFO - Setting next_dagrun for example_branch_operator to 2025-03-27 00:00:00+00:00, run_after=2025-03-28 00:00:00+00:00
[2025-03-28T18:34:25.176+0000] {processor.py:208} INFO - Processing /usr/local/python/3.12.1/lib/python3.12/site-packages/airflow/example_dags/example_branch_operator.py took 0.073 seconds
[2025-03-28T18:35:40.078+0000] {processor.py:186} INFO - Started process (PID=15287) to work on /usr/local/python/3.12.1/lib/python3.12/site-packages/airflow/example_dags/example_branch_operator.py
[2025-03-28T18:35:40.078+0000] {processor.py:914} INFO - Processing file /usr/local/python/3.12.1/lib/python3.12/site-packages/airflow/example_dags/example_branch_operator.py for tasks to queue
[2025-03-28T18:35:40.079+0000] {logging_mixin.py:190} INFO - [2025-03-28T18:35:40.079+0000] {dagbag.py:588} INFO - Filling up the DagBag from /usr/local/python/3.12.1/lib/python3.12/site-packages/airflow/example_dags/example_branch_operator.py
[2025-03-28T18:35:40.094+0000] {processor.py:925} INFO - DAG(s) 'example_branch_operator' retrieved from /usr/local/python/3.12.1/lib/python3.12/site-packages/airflow/example_dags/example_branch_operator.py
[2025-03-28T18:35:40.111+0000] {logging_mixin.py:190} INFO - [2025-03-28T18:35:40.111+0000] {dag.py:3239} INFO - Sync 1 DAGs
[2025-03-28T18:35:40.127+0000] {logging_mixin.py:190} INFO - [2025-03-28T18:35:40.126+0000] {dag.py:4180} INFO - Setting next_dagrun for example_branch_operator to 2025-03-27 00:00:00+00:00, run_after=2025-03-28 00:00:00+00:00
[2025-03-28T18:35:40.142+0000] {processor.py:208} INFO - Processing /usr/local/python/3.12.1/lib/python3.12/site-packages/airflow/example_dags/example_branch_operator.py took 0.068 seconds
[2025-03-28T18:38:10.970+0000] {processor.py:186} INFO - Started process (PID=16894) to work on /usr/local/python/3.12.1/lib/python3.12/site-packages/airflow/example_dags/example_branch_operator.py
[2025-03-28T18:38:10.971+0000] {processor.py:914} INFO - Processing file /usr/local/python/3.12.1/lib/python3.12/site-packages/airflow/example_dags/example_branch_operator.py for tasks to queue
[2025-03-28T18:38:10.972+0000] {logging_mixin.py:190} INFO - [2025-03-28T18:38:10.972+0000] {dagbag.py:588} INFO - Filling up the DagBag from /usr/local/python/3.12.1/lib/python3.12/site-packages/airflow/example_dags/example_branch_operator.py
[2025-03-28T18:38:10.987+0000] {processor.py:925} INFO - DAG(s) 'example_branch_operator' retrieved from /usr/local/python/3.12.1/lib/python3.12/site-packages/airflow/example_dags/example_branch_operator.py
[2025-03-28T18:38:11.074+0000] {logging_mixin.py:190} INFO - [2025-03-28T18:38:11.073+0000] {dag.py:3239} INFO - Sync 1 DAGs
[2025-03-28T18:38:11.088+0000] {logging_mixin.py:190} INFO - [2025-03-28T18:38:11.087+0000] {dag.py:4180} INFO - Setting next_dagrun for example_branch_operator to 2025-03-27 00:00:00+00:00, run_after=2025-03-28 00:00:00+00:00
[2025-03-28T18:38:11.102+0000] {processor.py:208} INFO - Processing /usr/local/python/3.12.1/lib/python3.12/site-packages/airflow/example_dags/example_branch_operator.py took 0.136 seconds
[2025-03-28T18:39:07.474+0000] {processor.py:186} INFO - Started process (PID=17374) to work on /usr/local/python/3.12.1/lib/python3.12/site-packages/airflow/example_dags/example_branch_operator.py
[2025-03-28T18:39:07.474+0000] {processor.py:914} INFO - Processing file /usr/local/python/3.12.1/lib/python3.12/site-packages/airflow/example_dags/example_branch_operator.py for tasks to queue
[2025-03-28T18:39:07.476+0000] {logging_mixin.py:190} INFO - [2025-03-28T18:39:07.476+0000] {dagbag.py:588} INFO - Filling up the DagBag from /usr/local/python/3.12.1/lib/python3.12/site-packages/airflow/example_dags/example_branch_operator.py
[2025-03-28T18:39:07.490+0000] {processor.py:925} INFO - DAG(s) 'example_branch_operator' retrieved from /usr/local/python/3.12.1/lib/python3.12/site-packages/airflow/example_dags/example_branch_operator.py
[2025-03-28T18:39:07.508+0000] {logging_mixin.py:190} INFO - [2025-03-28T18:39:07.508+0000] {dag.py:3239} INFO - Sync 1 DAGs
[2025-03-28T18:39:07.524+0000] {logging_mixin.py:190} INFO - [2025-03-28T18:39:07.524+0000] {dag.py:4180} INFO - Setting next_dagrun for example_branch_operator to 2025-03-27 00:00:00+00:00, run_after=2025-03-28 00:00:00+00:00
[2025-03-28T18:39:07.539+0000] {processor.py:208} INFO - Processing /usr/local/python/3.12.1/lib/python3.12/site-packages/airflow/example_dags/example_branch_operator.py took 0.070 seconds
[2025-03-28T18:41:53.672+0000] {processor.py:186} INFO - Started process (PID=19131) to work on /usr/local/python/3.12.1/lib/python3.12/site-packages/airflow/example_dags/example_branch_operator.py
[2025-03-28T18:41:53.673+0000] {processor.py:914} INFO - Processing file /usr/local/python/3.12.1/lib/python3.12/site-packages/airflow/example_dags/example_branch_operator.py for tasks to queue
[2025-03-28T18:41:53.674+0000] {logging_mixin.py:190} INFO - [2025-03-28T18:41:53.674+0000] {dagbag.py:588} INFO - Filling up the DagBag from /usr/local/python/3.12.1/lib/python3.12/site-packages/airflow/example_dags/example_branch_operator.py
[2025-03-28T18:41:53.689+0000] {processor.py:925} INFO - DAG(s) 'example_branch_operator' retrieved from /usr/local/python/3.12.1/lib/python3.12/site-packages/airflow/example_dags/example_branch_operator.py
[2025-03-28T18:41:53.778+0000] {logging_mixin.py:190} INFO - [2025-03-28T18:41:53.777+0000] {dag.py:3239} INFO - Sync 1 DAGs
[2025-03-28T18:41:53.793+0000] {logging_mixin.py:190} INFO - [2025-03-28T18:41:53.793+0000] {dag.py:4180} INFO - Setting next_dagrun for example_branch_operator to 2025-03-27 00:00:00+00:00, run_after=2025-03-28 00:00:00+00:00
[2025-03-28T18:41:53.808+0000] {processor.py:208} INFO - Processing /usr/local/python/3.12.1/lib/python3.12/site-packages/airflow/example_dags/example_branch_operator.py took 0.140 seconds
[2025-03-28T18:42:51.317+0000] {processor.py:186} INFO - Started process (PID=19648) to work on /usr/local/python/3.12.1/lib/python3.12/site-packages/airflow/example_dags/example_branch_operator.py
[2025-03-28T18:42:51.318+0000] {processor.py:914} INFO - Processing file /usr/local/python/3.12.1/lib/python3.12/site-packages/airflow/example_dags/example_branch_operator.py for tasks to queue
[2025-03-28T18:42:51.320+0000] {logging_mixin.py:190} INFO - [2025-03-28T18:42:51.320+0000] {dagbag.py:588} INFO - Filling up the DagBag from /usr/local/python/3.12.1/lib/python3.12/site-packages/airflow/example_dags/example_branch_operator.py
[2025-03-28T18:42:51.337+0000] {processor.py:925} INFO - DAG(s) 'example_branch_operator' retrieved from /usr/local/python/3.12.1/lib/python3.12/site-packages/airflow/example_dags/example_branch_operator.py
[2025-03-28T18:42:51.354+0000] {logging_mixin.py:190} INFO - [2025-03-28T18:42:51.354+0000] {dag.py:3239} INFO - Sync 1 DAGs
[2025-03-28T18:42:51.370+0000] {logging_mixin.py:190} INFO - [2025-03-28T18:42:51.370+0000] {dag.py:4180} INFO - Setting next_dagrun for example_branch_operator to 2025-03-27 00:00:00+00:00, run_after=2025-03-28 00:00:00+00:00
[2025-03-28T18:42:51.384+0000] {processor.py:208} INFO - Processing /usr/local/python/3.12.1/lib/python3.12/site-packages/airflow/example_dags/example_branch_operator.py took 0.071 seconds
[2025-03-28T18:43:48.895+0000] {processor.py:186} INFO - Started process (PID=20138) to work on /usr/local/python/3.12.1/lib/python3.12/site-packages/airflow/example_dags/example_branch_operator.py
[2025-03-28T18:43:48.896+0000] {processor.py:914} INFO - Processing file /usr/local/python/3.12.1/lib/python3.12/site-packages/airflow/example_dags/example_branch_operator.py for tasks to queue
[2025-03-28T18:43:48.897+0000] {logging_mixin.py:190} INFO - [2025-03-28T18:43:48.897+0000] {dagbag.py:588} INFO - Filling up the DagBag from /usr/local/python/3.12.1/lib/python3.12/site-packages/airflow/example_dags/example_branch_operator.py
[2025-03-28T18:43:48.914+0000] {processor.py:925} INFO - DAG(s) 'example_branch_operator' retrieved from /usr/local/python/3.12.1/lib/python3.12/site-packages/airflow/example_dags/example_branch_operator.py
[2025-03-28T18:43:48.932+0000] {logging_mixin.py:190} INFO - [2025-03-28T18:43:48.932+0000] {dag.py:3239} INFO - Sync 1 DAGs
[2025-03-28T18:43:48.948+0000] {logging_mixin.py:190} INFO - [2025-03-28T18:43:48.948+0000] {dag.py:4180} INFO - Setting next_dagrun for example_branch_operator to 2025-03-27 00:00:00+00:00, run_after=2025-03-28 00:00:00+00:00
[2025-03-28T18:43:48.962+0000] {processor.py:208} INFO - Processing /usr/local/python/3.12.1/lib/python3.12/site-packages/airflow/example_dags/example_branch_operator.py took 0.072 seconds
[2025-03-28T18:45:09.936+0000] {processor.py:186} INFO - Started process (PID=20865) to work on /usr/local/python/3.12.1/lib/python3.12/site-packages/airflow/example_dags/example_branch_operator.py
[2025-03-28T18:45:09.936+0000] {processor.py:914} INFO - Processing file /usr/local/python/3.12.1/lib/python3.12/site-packages/airflow/example_dags/example_branch_operator.py for tasks to queue
[2025-03-28T18:45:09.938+0000] {logging_mixin.py:190} INFO - [2025-03-28T18:45:09.937+0000] {dagbag.py:588} INFO - Filling up the DagBag from /usr/local/python/3.12.1/lib/python3.12/site-packages/airflow/example_dags/example_branch_operator.py
[2025-03-28T18:45:09.952+0000] {processor.py:925} INFO - DAG(s) 'example_branch_operator' retrieved from /usr/local/python/3.12.1/lib/python3.12/site-packages/airflow/example_dags/example_branch_operator.py
[2025-03-28T18:45:09.970+0000] {logging_mixin.py:190} INFO - [2025-03-28T18:45:09.970+0000] {dag.py:3239} INFO - Sync 1 DAGs
[2025-03-28T18:45:09.986+0000] {logging_mixin.py:190} INFO - [2025-03-28T18:45:09.986+0000] {dag.py:4180} INFO - Setting next_dagrun for example_branch_operator to 2025-03-27 00:00:00+00:00, run_after=2025-03-28 00:00:00+00:00
[2025-03-28T18:45:10.001+0000] {processor.py:208} INFO - Processing /usr/local/python/3.12.1/lib/python3.12/site-packages/airflow/example_dags/example_branch_operator.py took 0.069 seconds
[2025-03-28T18:46:29.854+0000] {processor.py:186} INFO - Started process (PID=21571) to work on /usr/local/python/3.12.1/lib/python3.12/site-packages/airflow/example_dags/example_branch_operator.py
[2025-03-28T18:46:29.855+0000] {processor.py:914} INFO - Processing file /usr/local/python/3.12.1/lib/python3.12/site-packages/airflow/example_dags/example_branch_operator.py for tasks to queue
[2025-03-28T18:46:29.856+0000] {logging_mixin.py:190} INFO - [2025-03-28T18:46:29.856+0000] {dagbag.py:588} INFO - Filling up the DagBag from /usr/local/python/3.12.1/lib/python3.12/site-packages/airflow/example_dags/example_branch_operator.py
[2025-03-28T18:46:29.874+0000] {processor.py:925} INFO - DAG(s) 'example_branch_operator' retrieved from /usr/local/python/3.12.1/lib/python3.12/site-packages/airflow/example_dags/example_branch_operator.py
[2025-03-28T18:46:29.892+0000] {logging_mixin.py:190} INFO - [2025-03-28T18:46:29.892+0000] {dag.py:3239} INFO - Sync 1 DAGs
[2025-03-28T18:46:29.908+0000] {logging_mixin.py:190} INFO - [2025-03-28T18:46:29.907+0000] {dag.py:4180} INFO - Setting next_dagrun for example_branch_operator to 2025-03-27 00:00:00+00:00, run_after=2025-03-28 00:00:00+00:00
[2025-03-28T18:46:29.922+0000] {processor.py:208} INFO - Processing /usr/local/python/3.12.1/lib/python3.12/site-packages/airflow/example_dags/example_branch_operator.py took 0.072 seconds
[2025-03-28T18:47:24.527+0000] {processor.py:186} INFO - Started process (PID=22053) to work on /usr/local/python/3.12.1/lib/python3.12/site-packages/airflow/example_dags/example_branch_operator.py
[2025-03-28T18:47:24.528+0000] {processor.py:914} INFO - Processing file /usr/local/python/3.12.1/lib/python3.12/site-packages/airflow/example_dags/example_branch_operator.py for tasks to queue
[2025-03-28T18:47:24.529+0000] {logging_mixin.py:190} INFO - [2025-03-28T18:47:24.528+0000] {dagbag.py:588} INFO - Filling up the DagBag from /usr/local/python/3.12.1/lib/python3.12/site-packages/airflow/example_dags/example_branch_operator.py
[2025-03-28T18:47:24.543+0000] {processor.py:925} INFO - DAG(s) 'example_branch_operator' retrieved from /usr/local/python/3.12.1/lib/python3.12/site-packages/airflow/example_dags/example_branch_operator.py
[2025-03-28T18:47:24.560+0000] {logging_mixin.py:190} INFO - [2025-03-28T18:47:24.560+0000] {dag.py:3239} INFO - Sync 1 DAGs
[2025-03-28T18:47:24.576+0000] {logging_mixin.py:190} INFO - [2025-03-28T18:47:24.576+0000] {dag.py:4180} INFO - Setting next_dagrun for example_branch_operator to 2025-03-27 00:00:00+00:00, run_after=2025-03-28 00:00:00+00:00
[2025-03-28T18:47:24.591+0000] {processor.py:208} INFO - Processing /usr/local/python/3.12.1/lib/python3.12/site-packages/airflow/example_dags/example_branch_operator.py took 0.067 seconds
[2025-03-28T18:48:45.585+0000] {processor.py:186} INFO - Started process (PID=22717) to work on /usr/local/python/3.12.1/lib/python3.12/site-packages/airflow/example_dags/example_branch_operator.py
[2025-03-28T18:48:45.585+0000] {processor.py:914} INFO - Processing file /usr/local/python/3.12.1/lib/python3.12/site-packages/airflow/example_dags/example_branch_operator.py for tasks to queue
[2025-03-28T18:48:45.586+0000] {logging_mixin.py:190} INFO - [2025-03-28T18:48:45.586+0000] {dagbag.py:588} INFO - Filling up the DagBag from /usr/local/python/3.12.1/lib/python3.12/site-packages/airflow/example_dags/example_branch_operator.py
[2025-03-28T18:48:45.600+0000] {processor.py:925} INFO - DAG(s) 'example_branch_operator' retrieved from /usr/local/python/3.12.1/lib/python3.12/site-packages/airflow/example_dags/example_branch_operator.py
[2025-03-28T18:48:45.618+0000] {logging_mixin.py:190} INFO - [2025-03-28T18:48:45.618+0000] {dag.py:3239} INFO - Sync 1 DAGs
[2025-03-28T18:48:45.639+0000] {logging_mixin.py:190} INFO - [2025-03-28T18:48:45.639+0000] {dag.py:4180} INFO - Setting next_dagrun for example_branch_operator to 2025-03-27 00:00:00+00:00, run_after=2025-03-28 00:00:00+00:00
[2025-03-28T18:48:45.654+0000] {processor.py:208} INFO - Processing /usr/local/python/3.12.1/lib/python3.12/site-packages/airflow/example_dags/example_branch_operator.py took 0.073 seconds
[2025-03-28T18:50:06.657+0000] {processor.py:186} INFO - Started process (PID=23382) to work on /usr/local/python/3.12.1/lib/python3.12/site-packages/airflow/example_dags/example_branch_operator.py
[2025-03-28T18:50:06.658+0000] {processor.py:914} INFO - Processing file /usr/local/python/3.12.1/lib/python3.12/site-packages/airflow/example_dags/example_branch_operator.py for tasks to queue
[2025-03-28T18:50:06.659+0000] {logging_mixin.py:190} INFO - [2025-03-28T18:50:06.658+0000] {dagbag.py:588} INFO - Filling up the DagBag from /usr/local/python/3.12.1/lib/python3.12/site-packages/airflow/example_dags/example_branch_operator.py
[2025-03-28T18:50:06.675+0000] {processor.py:925} INFO - DAG(s) 'example_branch_operator' retrieved from /usr/local/python/3.12.1/lib/python3.12/site-packages/airflow/example_dags/example_branch_operator.py
[2025-03-28T18:50:06.694+0000] {logging_mixin.py:190} INFO - [2025-03-28T18:50:06.693+0000] {dag.py:3239} INFO - Sync 1 DAGs
[2025-03-28T18:50:06.710+0000] {logging_mixin.py:190} INFO - [2025-03-28T18:50:06.710+0000] {dag.py:4180} INFO - Setting next_dagrun for example_branch_operator to 2025-03-27 00:00:00+00:00, run_after=2025-03-28 00:00:00+00:00
[2025-03-28T18:50:06.725+0000] {processor.py:208} INFO - Processing /usr/local/python/3.12.1/lib/python3.12/site-packages/airflow/example_dags/example_branch_operator.py took 0.071 seconds
[2025-03-28T18:51:17.441+0000] {processor.py:186} INFO - Started process (PID=23975) to work on /usr/local/python/3.12.1/lib/python3.12/site-packages/airflow/example_dags/example_branch_operator.py
[2025-03-28T18:51:17.442+0000] {processor.py:914} INFO - Processing file /usr/local/python/3.12.1/lib/python3.12/site-packages/airflow/example_dags/example_branch_operator.py for tasks to queue
[2025-03-28T18:51:17.443+0000] {logging_mixin.py:190} INFO - [2025-03-28T18:51:17.442+0000] {dagbag.py:588} INFO - Filling up the DagBag from /usr/local/python/3.12.1/lib/python3.12/site-packages/airflow/example_dags/example_branch_operator.py
[2025-03-28T18:51:17.457+0000] {processor.py:925} INFO - DAG(s) 'example_branch_operator' retrieved from /usr/local/python/3.12.1/lib/python3.12/site-packages/airflow/example_dags/example_branch_operator.py
[2025-03-28T18:51:17.474+0000] {logging_mixin.py:190} INFO - [2025-03-28T18:51:17.474+0000] {dag.py:3239} INFO - Sync 1 DAGs
[2025-03-28T18:51:17.492+0000] {logging_mixin.py:190} INFO - [2025-03-28T18:51:17.492+0000] {dag.py:4180} INFO - Setting next_dagrun for example_branch_operator to 2025-03-27 00:00:00+00:00, run_after=2025-03-28 00:00:00+00:00
[2025-03-28T18:51:17.509+0000] {processor.py:208} INFO - Processing /usr/local/python/3.12.1/lib/python3.12/site-packages/airflow/example_dags/example_branch_operator.py took 0.072 seconds
[2025-03-28T18:56:22.708+0000] {processor.py:186} INFO - Started process (PID=27041) to work on /usr/local/python/3.12.1/lib/python3.12/site-packages/airflow/example_dags/example_branch_operator.py
[2025-03-28T18:56:22.708+0000] {processor.py:914} INFO - Processing file /usr/local/python/3.12.1/lib/python3.12/site-packages/airflow/example_dags/example_branch_operator.py for tasks to queue
[2025-03-28T18:56:22.709+0000] {logging_mixin.py:190} INFO - [2025-03-28T18:56:22.709+0000] {dagbag.py:588} INFO - Filling up the DagBag from /usr/local/python/3.12.1/lib/python3.12/site-packages/airflow/example_dags/example_branch_operator.py
[2025-03-28T18:56:22.724+0000] {processor.py:925} INFO - DAG(s) 'example_branch_operator' retrieved from /usr/local/python/3.12.1/lib/python3.12/site-packages/airflow/example_dags/example_branch_operator.py
[2025-03-28T18:56:22.741+0000] {logging_mixin.py:190} INFO - [2025-03-28T18:56:22.741+0000] {dag.py:3239} INFO - Sync 1 DAGs
[2025-03-28T18:56:22.757+0000] {logging_mixin.py:190} INFO - [2025-03-28T18:56:22.757+0000] {dag.py:4180} INFO - Setting next_dagrun for example_branch_operator to 2025-03-27 00:00:00+00:00, run_after=2025-03-28 00:00:00+00:00
[2025-03-28T18:56:22.772+0000] {processor.py:208} INFO - Processing /usr/local/python/3.12.1/lib/python3.12/site-packages/airflow/example_dags/example_branch_operator.py took 0.068 seconds
[2025-03-28T19:01:32.897+0000] {processor.py:186} INFO - Started process (PID=30332) to work on /usr/local/python/3.12.1/lib/python3.12/site-packages/airflow/example_dags/example_branch_operator.py
[2025-03-28T19:01:32.898+0000] {processor.py:914} INFO - Processing file /usr/local/python/3.12.1/lib/python3.12/site-packages/airflow/example_dags/example_branch_operator.py for tasks to queue
[2025-03-28T19:01:32.899+0000] {logging_mixin.py:190} INFO - [2025-03-28T19:01:32.899+0000] {dagbag.py:588} INFO - Filling up the DagBag from /usr/local/python/3.12.1/lib/python3.12/site-packages/airflow/example_dags/example_branch_operator.py
[2025-03-28T19:01:32.914+0000] {processor.py:925} INFO - DAG(s) 'example_branch_operator' retrieved from /usr/local/python/3.12.1/lib/python3.12/site-packages/airflow/example_dags/example_branch_operator.py
[2025-03-28T19:01:32.931+0000] {logging_mixin.py:190} INFO - [2025-03-28T19:01:32.931+0000] {dag.py:3239} INFO - Sync 1 DAGs
[2025-03-28T19:01:32.948+0000] {logging_mixin.py:190} INFO - [2025-03-28T19:01:32.948+0000] {dag.py:4180} INFO - Setting next_dagrun for example_branch_operator to 2025-03-27 00:00:00+00:00, run_after=2025-03-28 00:00:00+00:00
[2025-03-28T19:01:32.965+0000] {processor.py:208} INFO - Processing /usr/local/python/3.12.1/lib/python3.12/site-packages/airflow/example_dags/example_branch_operator.py took 0.072 seconds
[2025-03-28T19:06:43.228+0000] {processor.py:186} INFO - Started process (PID=33892) to work on /usr/local/python/3.12.1/lib/python3.12/site-packages/airflow/example_dags/example_branch_operator.py
[2025-03-28T19:06:43.228+0000] {processor.py:914} INFO - Processing file /usr/local/python/3.12.1/lib/python3.12/site-packages/airflow/example_dags/example_branch_operator.py for tasks to queue
[2025-03-28T19:06:43.229+0000] {logging_mixin.py:190} INFO - [2025-03-28T19:06:43.229+0000] {dagbag.py:588} INFO - Filling up the DagBag from /usr/local/python/3.12.1/lib/python3.12/site-packages/airflow/example_dags/example_branch_operator.py
[2025-03-28T19:06:43.243+0000] {processor.py:925} INFO - DAG(s) 'example_branch_operator' retrieved from /usr/local/python/3.12.1/lib/python3.12/site-packages/airflow/example_dags/example_branch_operator.py
[2025-03-28T19:06:43.261+0000] {logging_mixin.py:190} INFO - [2025-03-28T19:06:43.260+0000] {dag.py:3239} INFO - Sync 1 DAGs
[2025-03-28T19:06:43.277+0000] {logging_mixin.py:190} INFO - [2025-03-28T19:06:43.277+0000] {dag.py:4180} INFO - Setting next_dagrun for example_branch_operator to 2025-03-27 00:00:00+00:00, run_after=2025-03-28 00:00:00+00:00
[2025-03-28T19:06:43.291+0000] {processor.py:208} INFO - Processing /usr/local/python/3.12.1/lib/python3.12/site-packages/airflow/example_dags/example_branch_operator.py took 0.067 seconds
[2025-03-28T19:12:35.356+0000] {processor.py:186} INFO - Started process (PID=39075) to work on /usr/local/python/3.12.1/lib/python3.12/site-packages/airflow/example_dags/example_branch_operator.py
[2025-03-28T19:12:35.357+0000] {processor.py:914} INFO - Processing file /usr/local/python/3.12.1/lib/python3.12/site-packages/airflow/example_dags/example_branch_operator.py for tasks to queue
[2025-03-28T19:12:35.358+0000] {logging_mixin.py:190} INFO - [2025-03-28T19:12:35.358+0000] {dagbag.py:588} INFO - Filling up the DagBag from /usr/local/python/3.12.1/lib/python3.12/site-packages/airflow/example_dags/example_branch_operator.py
[2025-03-28T19:12:35.373+0000] {processor.py:925} INFO - DAG(s) 'example_branch_operator' retrieved from /usr/local/python/3.12.1/lib/python3.12/site-packages/airflow/example_dags/example_branch_operator.py
[2025-03-28T19:12:35.459+0000] {logging_mixin.py:190} INFO - [2025-03-28T19:12:35.459+0000] {dag.py:3239} INFO - Sync 1 DAGs
[2025-03-28T19:12:35.473+0000] {logging_mixin.py:190} INFO - [2025-03-28T19:12:35.473+0000] {dag.py:4180} INFO - Setting next_dagrun for example_branch_operator to 2025-03-27 00:00:00+00:00, run_after=2025-03-28 00:00:00+00:00
[2025-03-28T19:12:35.487+0000] {processor.py:208} INFO - Processing /usr/local/python/3.12.1/lib/python3.12/site-packages/airflow/example_dags/example_branch_operator.py took 0.135 seconds
