[2025-03-28T18:24:18.092+0000] {processor.py:186} INFO - Started process (PID=9246) to work on /usr/local/python/3.12.1/lib/python3.12/site-packages/airflow/example_dags/example_python_operator.py
[2025-03-28T18:24:18.092+0000] {processor.py:914} INFO - Processing file /usr/local/python/3.12.1/lib/python3.12/site-packages/airflow/example_dags/example_python_operator.py for tasks to queue
[2025-03-28T18:24:18.094+0000] {logging_mixin.py:190} INFO - [2025-03-28T18:24:18.093+0000] {dagbag.py:588} INFO - Filling up the DagBag from /usr/local/python/3.12.1/lib/python3.12/site-packages/airflow/example_dags/example_python_operator.py
[2025-03-28T18:24:18.103+0000] {processor.py:925} INFO - DAG(s) 'example_python_operator' retrieved from /usr/local/python/3.12.1/lib/python3.12/site-packages/airflow/example_dags/example_python_operator.py
[2025-03-28T18:24:18.189+0000] {logging_mixin.py:190} INFO - [2025-03-28T18:24:18.188+0000] {override.py:1930} INFO - Created Permission View: can edit on DAG:example_python_operator
[2025-03-28T18:24:18.197+0000] {logging_mixin.py:190} INFO - [2025-03-28T18:24:18.197+0000] {override.py:1930} INFO - Created Permission View: can delete on DAG:example_python_operator
[2025-03-28T18:24:18.202+0000] {logging_mixin.py:190} INFO - [2025-03-28T18:24:18.202+0000] {override.py:1930} INFO - Created Permission View: can read on DAG:example_python_operator
[2025-03-28T18:24:18.211+0000] {logging_mixin.py:190} INFO - [2025-03-28T18:24:18.211+0000] {override.py:1930} INFO - Created Permission View: menu access on DAG Run:example_python_operator
[2025-03-28T18:24:18.216+0000] {logging_mixin.py:190} INFO - [2025-03-28T18:24:18.216+0000] {override.py:1930} INFO - Created Permission View: can create on DAG Run:example_python_operator
[2025-03-28T18:24:18.222+0000] {logging_mixin.py:190} INFO - [2025-03-28T18:24:18.221+0000] {override.py:1930} INFO - Created Permission View: can delete on DAG Run:example_python_operator
[2025-03-28T18:24:18.227+0000] {logging_mixin.py:190} INFO - [2025-03-28T18:24:18.227+0000] {override.py:1930} INFO - Created Permission View: can read on DAG Run:example_python_operator
[2025-03-28T18:24:18.227+0000] {logging_mixin.py:190} INFO - [2025-03-28T18:24:18.227+0000] {dag.py:3239} INFO - Sync 1 DAGs
[2025-03-28T18:24:18.238+0000] {logging_mixin.py:190} INFO - [2025-03-28T18:24:18.238+0000] {dag.py:3262} INFO - Creating ORM DAG for example_python_operator
[2025-03-28T18:24:18.238+0000] {logging_mixin.py:190} INFO - [2025-03-28T18:24:18.238+0000] {dag.py:4180} INFO - Setting next_dagrun for example_python_operator to None, run_after=None
[2025-03-28T18:24:18.252+0000] {processor.py:208} INFO - Processing /usr/local/python/3.12.1/lib/python3.12/site-packages/airflow/example_dags/example_python_operator.py took 0.165 seconds
[2025-03-28T18:25:16.926+0000] {processor.py:186} INFO - Started process (PID=9757) to work on /usr/local/python/3.12.1/lib/python3.12/site-packages/airflow/example_dags/example_python_operator.py
[2025-03-28T18:25:16.926+0000] {processor.py:914} INFO - Processing file /usr/local/python/3.12.1/lib/python3.12/site-packages/airflow/example_dags/example_python_operator.py for tasks to queue
[2025-03-28T18:25:16.928+0000] {logging_mixin.py:190} INFO - [2025-03-28T18:25:16.927+0000] {dagbag.py:588} INFO - Filling up the DagBag from /usr/local/python/3.12.1/lib/python3.12/site-packages/airflow/example_dags/example_python_operator.py
[2025-03-28T18:25:16.937+0000] {processor.py:925} INFO - DAG(s) 'example_python_operator' retrieved from /usr/local/python/3.12.1/lib/python3.12/site-packages/airflow/example_dags/example_python_operator.py
[2025-03-28T18:25:16.950+0000] {logging_mixin.py:190} INFO - [2025-03-28T18:25:16.950+0000] {dag.py:3239} INFO - Sync 1 DAGs
[2025-03-28T18:25:16.960+0000] {logging_mixin.py:190} INFO - [2025-03-28T18:25:16.960+0000] {dag.py:4180} INFO - Setting next_dagrun for example_python_operator to None, run_after=None
[2025-03-28T18:25:16.975+0000] {processor.py:208} INFO - Processing /usr/local/python/3.12.1/lib/python3.12/site-packages/airflow/example_dags/example_python_operator.py took 0.053 seconds
[2025-03-28T18:26:10.879+0000] {processor.py:186} INFO - Started process (PID=10225) to work on /usr/local/python/3.12.1/lib/python3.12/site-packages/airflow/example_dags/example_python_operator.py
[2025-03-28T18:26:10.880+0000] {processor.py:914} INFO - Processing file /usr/local/python/3.12.1/lib/python3.12/site-packages/airflow/example_dags/example_python_operator.py for tasks to queue
[2025-03-28T18:26:10.881+0000] {logging_mixin.py:190} INFO - [2025-03-28T18:26:10.881+0000] {dagbag.py:588} INFO - Filling up the DagBag from /usr/local/python/3.12.1/lib/python3.12/site-packages/airflow/example_dags/example_python_operator.py
[2025-03-28T18:26:10.891+0000] {processor.py:925} INFO - DAG(s) 'example_python_operator' retrieved from /usr/local/python/3.12.1/lib/python3.12/site-packages/airflow/example_dags/example_python_operator.py
[2025-03-28T18:26:10.904+0000] {logging_mixin.py:190} INFO - [2025-03-28T18:26:10.903+0000] {dag.py:3239} INFO - Sync 1 DAGs
[2025-03-28T18:26:10.913+0000] {logging_mixin.py:190} INFO - [2025-03-28T18:26:10.913+0000] {dag.py:4180} INFO - Setting next_dagrun for example_python_operator to None, run_after=None
[2025-03-28T18:26:10.928+0000] {processor.py:208} INFO - Processing /usr/local/python/3.12.1/lib/python3.12/site-packages/airflow/example_dags/example_python_operator.py took 0.053 seconds
[2025-03-28T18:28:20.199+0000] {processor.py:186} INFO - Started process (PID=11458) to work on /usr/local/python/3.12.1/lib/python3.12/site-packages/airflow/example_dags/example_python_operator.py
[2025-03-28T18:28:20.199+0000] {processor.py:914} INFO - Processing file /usr/local/python/3.12.1/lib/python3.12/site-packages/airflow/example_dags/example_python_operator.py for tasks to queue
[2025-03-28T18:28:20.201+0000] {logging_mixin.py:190} INFO - [2025-03-28T18:28:20.200+0000] {dagbag.py:588} INFO - Filling up the DagBag from /usr/local/python/3.12.1/lib/python3.12/site-packages/airflow/example_dags/example_python_operator.py
[2025-03-28T18:28:20.210+0000] {processor.py:925} INFO - DAG(s) 'example_python_operator' retrieved from /usr/local/python/3.12.1/lib/python3.12/site-packages/airflow/example_dags/example_python_operator.py
[2025-03-28T18:28:20.291+0000] {logging_mixin.py:190} INFO - [2025-03-28T18:28:20.291+0000] {dag.py:3239} INFO - Sync 1 DAGs
[2025-03-28T18:28:20.300+0000] {logging_mixin.py:190} INFO - [2025-03-28T18:28:20.299+0000] {dag.py:4180} INFO - Setting next_dagrun for example_python_operator to None, run_after=None
[2025-03-28T18:28:20.314+0000] {processor.py:208} INFO - Processing /usr/local/python/3.12.1/lib/python3.12/site-packages/airflow/example_dags/example_python_operator.py took 0.119 seconds
[2025-03-28T18:29:13.428+0000] {processor.py:186} INFO - Started process (PID=11884) to work on /usr/local/python/3.12.1/lib/python3.12/site-packages/airflow/example_dags/example_python_operator.py
[2025-03-28T18:29:13.428+0000] {processor.py:914} INFO - Processing file /usr/local/python/3.12.1/lib/python3.12/site-packages/airflow/example_dags/example_python_operator.py for tasks to queue
[2025-03-28T18:29:13.430+0000] {logging_mixin.py:190} INFO - [2025-03-28T18:29:13.430+0000] {dagbag.py:588} INFO - Filling up the DagBag from /usr/local/python/3.12.1/lib/python3.12/site-packages/airflow/example_dags/example_python_operator.py
[2025-03-28T18:29:13.439+0000] {processor.py:925} INFO - DAG(s) 'example_python_operator' retrieved from /usr/local/python/3.12.1/lib/python3.12/site-packages/airflow/example_dags/example_python_operator.py
[2025-03-28T18:29:13.451+0000] {logging_mixin.py:190} INFO - [2025-03-28T18:29:13.451+0000] {dag.py:3239} INFO - Sync 1 DAGs
[2025-03-28T18:29:13.461+0000] {logging_mixin.py:190} INFO - [2025-03-28T18:29:13.461+0000] {dag.py:4180} INFO - Setting next_dagrun for example_python_operator to None, run_after=None
[2025-03-28T18:29:13.476+0000] {processor.py:208} INFO - Processing /usr/local/python/3.12.1/lib/python3.12/site-packages/airflow/example_dags/example_python_operator.py took 0.052 seconds
[2025-03-28T18:30:07.386+0000] {processor.py:186} INFO - Started process (PID=12362) to work on /usr/local/python/3.12.1/lib/python3.12/site-packages/airflow/example_dags/example_python_operator.py
[2025-03-28T18:30:07.387+0000] {processor.py:914} INFO - Processing file /usr/local/python/3.12.1/lib/python3.12/site-packages/airflow/example_dags/example_python_operator.py for tasks to queue
[2025-03-28T18:30:07.388+0000] {logging_mixin.py:190} INFO - [2025-03-28T18:30:07.388+0000] {dagbag.py:588} INFO - Filling up the DagBag from /usr/local/python/3.12.1/lib/python3.12/site-packages/airflow/example_dags/example_python_operator.py
[2025-03-28T18:30:07.398+0000] {processor.py:925} INFO - DAG(s) 'example_python_operator' retrieved from /usr/local/python/3.12.1/lib/python3.12/site-packages/airflow/example_dags/example_python_operator.py
[2025-03-28T18:30:07.411+0000] {logging_mixin.py:190} INFO - [2025-03-28T18:30:07.411+0000] {dag.py:3239} INFO - Sync 1 DAGs
[2025-03-28T18:30:07.421+0000] {logging_mixin.py:190} INFO - [2025-03-28T18:30:07.421+0000] {dag.py:4180} INFO - Setting next_dagrun for example_python_operator to None, run_after=None
[2025-03-28T18:30:07.436+0000] {processor.py:208} INFO - Processing /usr/local/python/3.12.1/lib/python3.12/site-packages/airflow/example_dags/example_python_operator.py took 0.053 seconds
[2025-03-28T18:30:57.181+0000] {processor.py:186} INFO - Started process (PID=12771) to work on /usr/local/python/3.12.1/lib/python3.12/site-packages/airflow/example_dags/example_python_operator.py
[2025-03-28T18:30:57.181+0000] {processor.py:914} INFO - Processing file /usr/local/python/3.12.1/lib/python3.12/site-packages/airflow/example_dags/example_python_operator.py for tasks to queue
[2025-03-28T18:30:57.183+0000] {logging_mixin.py:190} INFO - [2025-03-28T18:30:57.182+0000] {dagbag.py:588} INFO - Filling up the DagBag from /usr/local/python/3.12.1/lib/python3.12/site-packages/airflow/example_dags/example_python_operator.py
[2025-03-28T18:30:57.193+0000] {processor.py:925} INFO - DAG(s) 'example_python_operator' retrieved from /usr/local/python/3.12.1/lib/python3.12/site-packages/airflow/example_dags/example_python_operator.py
[2025-03-28T18:30:57.208+0000] {logging_mixin.py:190} INFO - [2025-03-28T18:30:57.208+0000] {dag.py:3239} INFO - Sync 1 DAGs
[2025-03-28T18:30:57.218+0000] {logging_mixin.py:190} INFO - [2025-03-28T18:30:57.217+0000] {dag.py:4180} INFO - Setting next_dagrun for example_python_operator to None, run_after=None
[2025-03-28T18:30:57.232+0000] {processor.py:208} INFO - Processing /usr/local/python/3.12.1/lib/python3.12/site-packages/airflow/example_dags/example_python_operator.py took 0.055 seconds
[2025-03-28T18:31:47.436+0000] {processor.py:186} INFO - Started process (PID=13173) to work on /usr/local/python/3.12.1/lib/python3.12/site-packages/airflow/example_dags/example_python_operator.py
[2025-03-28T18:31:47.437+0000] {processor.py:914} INFO - Processing file /usr/local/python/3.12.1/lib/python3.12/site-packages/airflow/example_dags/example_python_operator.py for tasks to queue
[2025-03-28T18:31:47.438+0000] {logging_mixin.py:190} INFO - [2025-03-28T18:31:47.438+0000] {dagbag.py:588} INFO - Filling up the DagBag from /usr/local/python/3.12.1/lib/python3.12/site-packages/airflow/example_dags/example_python_operator.py
[2025-03-28T18:31:47.448+0000] {processor.py:925} INFO - DAG(s) 'example_python_operator' retrieved from /usr/local/python/3.12.1/lib/python3.12/site-packages/airflow/example_dags/example_python_operator.py
[2025-03-28T18:31:47.461+0000] {logging_mixin.py:190} INFO - [2025-03-28T18:31:47.460+0000] {dag.py:3239} INFO - Sync 1 DAGs
[2025-03-28T18:31:47.470+0000] {logging_mixin.py:190} INFO - [2025-03-28T18:31:47.470+0000] {dag.py:4180} INFO - Setting next_dagrun for example_python_operator to None, run_after=None
[2025-03-28T18:31:47.485+0000] {processor.py:208} INFO - Processing /usr/local/python/3.12.1/lib/python3.12/site-packages/airflow/example_dags/example_python_operator.py took 0.053 seconds
[2025-03-28T18:32:37.100+0000] {processor.py:186} INFO - Started process (PID=13718) to work on /usr/local/python/3.12.1/lib/python3.12/site-packages/airflow/example_dags/example_python_operator.py
[2025-03-28T18:32:37.100+0000] {processor.py:914} INFO - Processing file /usr/local/python/3.12.1/lib/python3.12/site-packages/airflow/example_dags/example_python_operator.py for tasks to queue
[2025-03-28T18:32:37.102+0000] {logging_mixin.py:190} INFO - [2025-03-28T18:32:37.102+0000] {dagbag.py:588} INFO - Filling up the DagBag from /usr/local/python/3.12.1/lib/python3.12/site-packages/airflow/example_dags/example_python_operator.py
[2025-03-28T18:32:37.111+0000] {processor.py:925} INFO - DAG(s) 'example_python_operator' retrieved from /usr/local/python/3.12.1/lib/python3.12/site-packages/airflow/example_dags/example_python_operator.py
[2025-03-28T18:32:37.124+0000] {logging_mixin.py:190} INFO - [2025-03-28T18:32:37.124+0000] {dag.py:3239} INFO - Sync 1 DAGs
[2025-03-28T18:32:37.134+0000] {logging_mixin.py:190} INFO - [2025-03-28T18:32:37.134+0000] {dag.py:4180} INFO - Setting next_dagrun for example_python_operator to None, run_after=None
[2025-03-28T18:32:37.149+0000] {processor.py:208} INFO - Processing /usr/local/python/3.12.1/lib/python3.12/site-packages/airflow/example_dags/example_python_operator.py took 0.053 seconds
[2025-03-28T18:33:25.504+0000] {processor.py:186} INFO - Started process (PID=14137) to work on /usr/local/python/3.12.1/lib/python3.12/site-packages/airflow/example_dags/example_python_operator.py
[2025-03-28T18:33:25.504+0000] {processor.py:914} INFO - Processing file /usr/local/python/3.12.1/lib/python3.12/site-packages/airflow/example_dags/example_python_operator.py for tasks to queue
[2025-03-28T18:33:25.506+0000] {logging_mixin.py:190} INFO - [2025-03-28T18:33:25.506+0000] {dagbag.py:588} INFO - Filling up the DagBag from /usr/local/python/3.12.1/lib/python3.12/site-packages/airflow/example_dags/example_python_operator.py
[2025-03-28T18:33:25.515+0000] {processor.py:925} INFO - DAG(s) 'example_python_operator' retrieved from /usr/local/python/3.12.1/lib/python3.12/site-packages/airflow/example_dags/example_python_operator.py
[2025-03-28T18:33:25.528+0000] {logging_mixin.py:190} INFO - [2025-03-28T18:33:25.527+0000] {dag.py:3239} INFO - Sync 1 DAGs
[2025-03-28T18:33:25.537+0000] {logging_mixin.py:190} INFO - [2025-03-28T18:33:25.537+0000] {dag.py:4180} INFO - Setting next_dagrun for example_python_operator to None, run_after=None
[2025-03-28T18:33:25.552+0000] {processor.py:208} INFO - Processing /usr/local/python/3.12.1/lib/python3.12/site-packages/airflow/example_dags/example_python_operator.py took 0.052 seconds
[2025-03-28T18:34:15.399+0000] {processor.py:186} INFO - Started process (PID=14567) to work on /usr/local/python/3.12.1/lib/python3.12/site-packages/airflow/example_dags/example_python_operator.py
[2025-03-28T18:34:15.399+0000] {processor.py:914} INFO - Processing file /usr/local/python/3.12.1/lib/python3.12/site-packages/airflow/example_dags/example_python_operator.py for tasks to queue
[2025-03-28T18:34:15.401+0000] {logging_mixin.py:190} INFO - [2025-03-28T18:34:15.400+0000] {dagbag.py:588} INFO - Filling up the DagBag from /usr/local/python/3.12.1/lib/python3.12/site-packages/airflow/example_dags/example_python_operator.py
[2025-03-28T18:34:15.410+0000] {processor.py:925} INFO - DAG(s) 'example_python_operator' retrieved from /usr/local/python/3.12.1/lib/python3.12/site-packages/airflow/example_dags/example_python_operator.py
[2025-03-28T18:34:15.423+0000] {logging_mixin.py:190} INFO - [2025-03-28T18:34:15.423+0000] {dag.py:3239} INFO - Sync 1 DAGs
[2025-03-28T18:34:15.432+0000] {logging_mixin.py:190} INFO - [2025-03-28T18:34:15.432+0000] {dag.py:4180} INFO - Setting next_dagrun for example_python_operator to None, run_after=None
[2025-03-28T18:34:15.447+0000] {processor.py:208} INFO - Processing /usr/local/python/3.12.1/lib/python3.12/site-packages/airflow/example_dags/example_python_operator.py took 0.052 seconds
[2025-03-28T18:35:05.646+0000] {processor.py:186} INFO - Started process (PID=14989) to work on /usr/local/python/3.12.1/lib/python3.12/site-packages/airflow/example_dags/example_python_operator.py
[2025-03-28T18:35:05.647+0000] {processor.py:914} INFO - Processing file /usr/local/python/3.12.1/lib/python3.12/site-packages/airflow/example_dags/example_python_operator.py for tasks to queue
[2025-03-28T18:35:05.648+0000] {logging_mixin.py:190} INFO - [2025-03-28T18:35:05.648+0000] {dagbag.py:588} INFO - Filling up the DagBag from /usr/local/python/3.12.1/lib/python3.12/site-packages/airflow/example_dags/example_python_operator.py
[2025-03-28T18:35:05.657+0000] {processor.py:925} INFO - DAG(s) 'example_python_operator' retrieved from /usr/local/python/3.12.1/lib/python3.12/site-packages/airflow/example_dags/example_python_operator.py
[2025-03-28T18:35:05.670+0000] {logging_mixin.py:190} INFO - [2025-03-28T18:35:05.670+0000] {dag.py:3239} INFO - Sync 1 DAGs
[2025-03-28T18:35:05.679+0000] {logging_mixin.py:190} INFO - [2025-03-28T18:35:05.679+0000] {dag.py:4180} INFO - Setting next_dagrun for example_python_operator to None, run_after=None
[2025-03-28T18:35:05.694+0000] {processor.py:208} INFO - Processing /usr/local/python/3.12.1/lib/python3.12/site-packages/airflow/example_dags/example_python_operator.py took 0.052 seconds
[2025-03-28T18:35:55.221+0000] {processor.py:186} INFO - Started process (PID=15429) to work on /usr/local/python/3.12.1/lib/python3.12/site-packages/airflow/example_dags/example_python_operator.py
[2025-03-28T18:35:55.221+0000] {processor.py:914} INFO - Processing file /usr/local/python/3.12.1/lib/python3.12/site-packages/airflow/example_dags/example_python_operator.py for tasks to queue
[2025-03-28T18:35:55.223+0000] {logging_mixin.py:190} INFO - [2025-03-28T18:35:55.222+0000] {dagbag.py:588} INFO - Filling up the DagBag from /usr/local/python/3.12.1/lib/python3.12/site-packages/airflow/example_dags/example_python_operator.py
[2025-03-28T18:35:55.232+0000] {processor.py:925} INFO - DAG(s) 'example_python_operator' retrieved from /usr/local/python/3.12.1/lib/python3.12/site-packages/airflow/example_dags/example_python_operator.py
[2025-03-28T18:35:55.244+0000] {logging_mixin.py:190} INFO - [2025-03-28T18:35:55.244+0000] {dag.py:3239} INFO - Sync 1 DAGs
[2025-03-28T18:35:55.253+0000] {logging_mixin.py:190} INFO - [2025-03-28T18:35:55.253+0000] {dag.py:4180} INFO - Setting next_dagrun for example_python_operator to None, run_after=None
[2025-03-28T18:35:55.267+0000] {processor.py:208} INFO - Processing /usr/local/python/3.12.1/lib/python3.12/site-packages/airflow/example_dags/example_python_operator.py took 0.050 seconds
[2025-03-28T18:37:52.896+0000] {processor.py:186} INFO - Started process (PID=16725) to work on /usr/local/python/3.12.1/lib/python3.12/site-packages/airflow/example_dags/example_python_operator.py
[2025-03-28T18:37:52.897+0000] {processor.py:914} INFO - Processing file /usr/local/python/3.12.1/lib/python3.12/site-packages/airflow/example_dags/example_python_operator.py for tasks to queue
[2025-03-28T18:37:52.898+0000] {logging_mixin.py:190} INFO - [2025-03-28T18:37:52.898+0000] {dagbag.py:588} INFO - Filling up the DagBag from /usr/local/python/3.12.1/lib/python3.12/site-packages/airflow/example_dags/example_python_operator.py
[2025-03-28T18:37:52.910+0000] {processor.py:925} INFO - DAG(s) 'example_python_operator' retrieved from /usr/local/python/3.12.1/lib/python3.12/site-packages/airflow/example_dags/example_python_operator.py
[2025-03-28T18:37:53.003+0000] {logging_mixin.py:190} INFO - [2025-03-28T18:37:53.002+0000] {dag.py:3239} INFO - Sync 1 DAGs
[2025-03-28T18:37:53.011+0000] {logging_mixin.py:190} INFO - [2025-03-28T18:37:53.011+0000] {dag.py:4180} INFO - Setting next_dagrun for example_python_operator to None, run_after=None
[2025-03-28T18:37:53.026+0000] {processor.py:208} INFO - Processing /usr/local/python/3.12.1/lib/python3.12/site-packages/airflow/example_dags/example_python_operator.py took 0.133 seconds
[2025-03-28T18:38:48.081+0000] {processor.py:186} INFO - Started process (PID=17208) to work on /usr/local/python/3.12.1/lib/python3.12/site-packages/airflow/example_dags/example_python_operator.py
[2025-03-28T18:38:48.082+0000] {processor.py:914} INFO - Processing file /usr/local/python/3.12.1/lib/python3.12/site-packages/airflow/example_dags/example_python_operator.py for tasks to queue
[2025-03-28T18:38:48.083+0000] {logging_mixin.py:190} INFO - [2025-03-28T18:38:48.083+0000] {dagbag.py:588} INFO - Filling up the DagBag from /usr/local/python/3.12.1/lib/python3.12/site-packages/airflow/example_dags/example_python_operator.py
[2025-03-28T18:38:48.092+0000] {processor.py:925} INFO - DAG(s) 'example_python_operator' retrieved from /usr/local/python/3.12.1/lib/python3.12/site-packages/airflow/example_dags/example_python_operator.py
[2025-03-28T18:38:48.105+0000] {logging_mixin.py:190} INFO - [2025-03-28T18:38:48.105+0000] {dag.py:3239} INFO - Sync 1 DAGs
[2025-03-28T18:38:48.114+0000] {logging_mixin.py:190} INFO - [2025-03-28T18:38:48.114+0000] {dag.py:4180} INFO - Setting next_dagrun for example_python_operator to None, run_after=None
[2025-03-28T18:38:48.129+0000] {processor.py:208} INFO - Processing /usr/local/python/3.12.1/lib/python3.12/site-packages/airflow/example_dags/example_python_operator.py took 0.051 seconds
[2025-03-28T18:39:42.315+0000] {processor.py:186} INFO - Started process (PID=17693) to work on /usr/local/python/3.12.1/lib/python3.12/site-packages/airflow/example_dags/example_python_operator.py
[2025-03-28T18:39:42.315+0000] {processor.py:914} INFO - Processing file /usr/local/python/3.12.1/lib/python3.12/site-packages/airflow/example_dags/example_python_operator.py for tasks to queue
[2025-03-28T18:39:42.316+0000] {logging_mixin.py:190} INFO - [2025-03-28T18:39:42.316+0000] {dagbag.py:588} INFO - Filling up the DagBag from /usr/local/python/3.12.1/lib/python3.12/site-packages/airflow/example_dags/example_python_operator.py
[2025-03-28T18:39:42.326+0000] {processor.py:925} INFO - DAG(s) 'example_python_operator' retrieved from /usr/local/python/3.12.1/lib/python3.12/site-packages/airflow/example_dags/example_python_operator.py
[2025-03-28T18:39:42.338+0000] {logging_mixin.py:190} INFO - [2025-03-28T18:39:42.338+0000] {dag.py:3239} INFO - Sync 1 DAGs
[2025-03-28T18:39:42.348+0000] {logging_mixin.py:190} INFO - [2025-03-28T18:39:42.347+0000] {dag.py:4180} INFO - Setting next_dagrun for example_python_operator to None, run_after=None
[2025-03-28T18:39:42.362+0000] {processor.py:208} INFO - Processing /usr/local/python/3.12.1/lib/python3.12/site-packages/airflow/example_dags/example_python_operator.py took 0.051 seconds
[2025-03-28T18:40:42.119+0000] {processor.py:186} INFO - Started process (PID=18375) to work on /usr/local/python/3.12.1/lib/python3.12/site-packages/airflow/example_dags/example_python_operator.py
[2025-03-28T18:40:42.119+0000] {processor.py:914} INFO - Processing file /usr/local/python/3.12.1/lib/python3.12/site-packages/airflow/example_dags/example_python_operator.py for tasks to queue
[2025-03-28T18:40:42.121+0000] {logging_mixin.py:190} INFO - [2025-03-28T18:40:42.120+0000] {dagbag.py:588} INFO - Filling up the DagBag from /usr/local/python/3.12.1/lib/python3.12/site-packages/airflow/example_dags/example_python_operator.py
[2025-03-28T18:40:42.130+0000] {processor.py:925} INFO - DAG(s) 'example_python_operator' retrieved from /usr/local/python/3.12.1/lib/python3.12/site-packages/airflow/example_dags/example_python_operator.py
[2025-03-28T18:40:42.214+0000] {logging_mixin.py:190} INFO - [2025-03-28T18:40:42.214+0000] {dag.py:3239} INFO - Sync 1 DAGs
[2025-03-28T18:40:42.223+0000] {logging_mixin.py:190} INFO - [2025-03-28T18:40:42.223+0000] {dag.py:4180} INFO - Setting next_dagrun for example_python_operator to None, run_after=None
[2025-03-28T18:40:42.238+0000] {processor.py:208} INFO - Processing /usr/local/python/3.12.1/lib/python3.12/site-packages/airflow/example_dags/example_python_operator.py took 0.124 seconds
[2025-03-28T18:41:35.392+0000] {processor.py:186} INFO - Started process (PID=18959) to work on /usr/local/python/3.12.1/lib/python3.12/site-packages/airflow/example_dags/example_python_operator.py
[2025-03-28T18:41:35.393+0000] {processor.py:914} INFO - Processing file /usr/local/python/3.12.1/lib/python3.12/site-packages/airflow/example_dags/example_python_operator.py for tasks to queue
[2025-03-28T18:41:35.394+0000] {logging_mixin.py:190} INFO - [2025-03-28T18:41:35.394+0000] {dagbag.py:588} INFO - Filling up the DagBag from /usr/local/python/3.12.1/lib/python3.12/site-packages/airflow/example_dags/example_python_operator.py
[2025-03-28T18:41:35.404+0000] {processor.py:925} INFO - DAG(s) 'example_python_operator' retrieved from /usr/local/python/3.12.1/lib/python3.12/site-packages/airflow/example_dags/example_python_operator.py
[2025-03-28T18:41:35.485+0000] {logging_mixin.py:190} INFO - [2025-03-28T18:41:35.485+0000] {dag.py:3239} INFO - Sync 1 DAGs
[2025-03-28T18:41:35.493+0000] {logging_mixin.py:190} INFO - [2025-03-28T18:41:35.493+0000] {dag.py:4180} INFO - Setting next_dagrun for example_python_operator to None, run_after=None
[2025-03-28T18:41:35.508+0000] {processor.py:208} INFO - Processing /usr/local/python/3.12.1/lib/python3.12/site-packages/airflow/example_dags/example_python_operator.py took 0.120 seconds
[2025-03-28T18:42:33.348+0000] {processor.py:186} INFO - Started process (PID=19478) to work on /usr/local/python/3.12.1/lib/python3.12/site-packages/airflow/example_dags/example_python_operator.py
[2025-03-28T18:42:33.349+0000] {processor.py:914} INFO - Processing file /usr/local/python/3.12.1/lib/python3.12/site-packages/airflow/example_dags/example_python_operator.py for tasks to queue
[2025-03-28T18:42:33.351+0000] {logging_mixin.py:190} INFO - [2025-03-28T18:42:33.350+0000] {dagbag.py:588} INFO - Filling up the DagBag from /usr/local/python/3.12.1/lib/python3.12/site-packages/airflow/example_dags/example_python_operator.py
[2025-03-28T18:42:33.361+0000] {processor.py:925} INFO - DAG(s) 'example_python_operator' retrieved from /usr/local/python/3.12.1/lib/python3.12/site-packages/airflow/example_dags/example_python_operator.py
[2025-03-28T18:42:33.376+0000] {logging_mixin.py:190} INFO - [2025-03-28T18:42:33.376+0000] {dag.py:3239} INFO - Sync 1 DAGs
[2025-03-28T18:42:33.386+0000] {logging_mixin.py:190} INFO - [2025-03-28T18:42:33.385+0000] {dag.py:4180} INFO - Setting next_dagrun for example_python_operator to None, run_after=None
[2025-03-28T18:42:33.401+0000] {processor.py:208} INFO - Processing /usr/local/python/3.12.1/lib/python3.12/site-packages/airflow/example_dags/example_python_operator.py took 0.057 seconds
[2025-03-28T18:43:30.669+0000] {processor.py:186} INFO - Started process (PID=19996) to work on /usr/local/python/3.12.1/lib/python3.12/site-packages/airflow/example_dags/example_python_operator.py
[2025-03-28T18:43:30.670+0000] {processor.py:914} INFO - Processing file /usr/local/python/3.12.1/lib/python3.12/site-packages/airflow/example_dags/example_python_operator.py for tasks to queue
[2025-03-28T18:43:30.671+0000] {logging_mixin.py:190} INFO - [2025-03-28T18:43:30.671+0000] {dagbag.py:588} INFO - Filling up the DagBag from /usr/local/python/3.12.1/lib/python3.12/site-packages/airflow/example_dags/example_python_operator.py
[2025-03-28T18:43:30.680+0000] {processor.py:925} INFO - DAG(s) 'example_python_operator' retrieved from /usr/local/python/3.12.1/lib/python3.12/site-packages/airflow/example_dags/example_python_operator.py
[2025-03-28T18:43:30.693+0000] {logging_mixin.py:190} INFO - [2025-03-28T18:43:30.693+0000] {dag.py:3239} INFO - Sync 1 DAGs
[2025-03-28T18:43:30.702+0000] {logging_mixin.py:190} INFO - [2025-03-28T18:43:30.702+0000] {dag.py:4180} INFO - Setting next_dagrun for example_python_operator to None, run_after=None
[2025-03-28T18:43:30.716+0000] {processor.py:208} INFO - Processing /usr/local/python/3.12.1/lib/python3.12/site-packages/airflow/example_dags/example_python_operator.py took 0.051 seconds
[2025-03-28T18:44:25.987+0000] {processor.py:186} INFO - Started process (PID=20483) to work on /usr/local/python/3.12.1/lib/python3.12/site-packages/airflow/example_dags/example_python_operator.py
[2025-03-28T18:44:25.987+0000] {processor.py:914} INFO - Processing file /usr/local/python/3.12.1/lib/python3.12/site-packages/airflow/example_dags/example_python_operator.py for tasks to queue
[2025-03-28T18:44:25.989+0000] {logging_mixin.py:190} INFO - [2025-03-28T18:44:25.988+0000] {dagbag.py:588} INFO - Filling up the DagBag from /usr/local/python/3.12.1/lib/python3.12/site-packages/airflow/example_dags/example_python_operator.py
[2025-03-28T18:44:25.998+0000] {processor.py:925} INFO - DAG(s) 'example_python_operator' retrieved from /usr/local/python/3.12.1/lib/python3.12/site-packages/airflow/example_dags/example_python_operator.py
[2025-03-28T18:44:26.011+0000] {logging_mixin.py:190} INFO - [2025-03-28T18:44:26.010+0000] {dag.py:3239} INFO - Sync 1 DAGs
[2025-03-28T18:44:26.020+0000] {logging_mixin.py:190} INFO - [2025-03-28T18:44:26.020+0000] {dag.py:4180} INFO - Setting next_dagrun for example_python_operator to None, run_after=None
[2025-03-28T18:44:26.035+0000] {processor.py:208} INFO - Processing /usr/local/python/3.12.1/lib/python3.12/site-packages/airflow/example_dags/example_python_operator.py took 0.053 seconds
[2025-03-28T18:45:19.073+0000] {processor.py:186} INFO - Started process (PID=20948) to work on /usr/local/python/3.12.1/lib/python3.12/site-packages/airflow/example_dags/example_python_operator.py
[2025-03-28T18:45:19.074+0000] {processor.py:914} INFO - Processing file /usr/local/python/3.12.1/lib/python3.12/site-packages/airflow/example_dags/example_python_operator.py for tasks to queue
[2025-03-28T18:45:19.075+0000] {logging_mixin.py:190} INFO - [2025-03-28T18:45:19.075+0000] {dagbag.py:588} INFO - Filling up the DagBag from /usr/local/python/3.12.1/lib/python3.12/site-packages/airflow/example_dags/example_python_operator.py
[2025-03-28T18:45:19.085+0000] {processor.py:925} INFO - DAG(s) 'example_python_operator' retrieved from /usr/local/python/3.12.1/lib/python3.12/site-packages/airflow/example_dags/example_python_operator.py
[2025-03-28T18:45:19.098+0000] {logging_mixin.py:190} INFO - [2025-03-28T18:45:19.097+0000] {dag.py:3239} INFO - Sync 1 DAGs
[2025-03-28T18:45:19.107+0000] {logging_mixin.py:190} INFO - [2025-03-28T18:45:19.107+0000] {dag.py:4180} INFO - Setting next_dagrun for example_python_operator to None, run_after=None
[2025-03-28T18:45:19.122+0000] {processor.py:208} INFO - Processing /usr/local/python/3.12.1/lib/python3.12/site-packages/airflow/example_dags/example_python_operator.py took 0.052 seconds
[2025-03-28T18:46:13.879+0000] {processor.py:186} INFO - Started process (PID=21445) to work on /usr/local/python/3.12.1/lib/python3.12/site-packages/airflow/example_dags/example_python_operator.py
[2025-03-28T18:46:13.880+0000] {processor.py:914} INFO - Processing file /usr/local/python/3.12.1/lib/python3.12/site-packages/airflow/example_dags/example_python_operator.py for tasks to queue
[2025-03-28T18:46:13.882+0000] {logging_mixin.py:190} INFO - [2025-03-28T18:46:13.881+0000] {dagbag.py:588} INFO - Filling up the DagBag from /usr/local/python/3.12.1/lib/python3.12/site-packages/airflow/example_dags/example_python_operator.py
[2025-03-28T18:46:13.891+0000] {processor.py:925} INFO - DAG(s) 'example_python_operator' retrieved from /usr/local/python/3.12.1/lib/python3.12/site-packages/airflow/example_dags/example_python_operator.py
[2025-03-28T18:46:13.904+0000] {logging_mixin.py:190} INFO - [2025-03-28T18:46:13.904+0000] {dag.py:3239} INFO - Sync 1 DAGs
[2025-03-28T18:46:13.914+0000] {logging_mixin.py:190} INFO - [2025-03-28T18:46:13.914+0000] {dag.py:4180} INFO - Setting next_dagrun for example_python_operator to None, run_after=None
[2025-03-28T18:46:13.929+0000] {processor.py:208} INFO - Processing /usr/local/python/3.12.1/lib/python3.12/site-packages/airflow/example_dags/example_python_operator.py took 0.054 seconds
[2025-03-28T18:47:06.972+0000] {processor.py:186} INFO - Started process (PID=21916) to work on /usr/local/python/3.12.1/lib/python3.12/site-packages/airflow/example_dags/example_python_operator.py
[2025-03-28T18:47:06.972+0000] {processor.py:914} INFO - Processing file /usr/local/python/3.12.1/lib/python3.12/site-packages/airflow/example_dags/example_python_operator.py for tasks to queue
[2025-03-28T18:47:06.973+0000] {logging_mixin.py:190} INFO - [2025-03-28T18:47:06.973+0000] {dagbag.py:588} INFO - Filling up the DagBag from /usr/local/python/3.12.1/lib/python3.12/site-packages/airflow/example_dags/example_python_operator.py
[2025-03-28T18:47:06.983+0000] {processor.py:925} INFO - DAG(s) 'example_python_operator' retrieved from /usr/local/python/3.12.1/lib/python3.12/site-packages/airflow/example_dags/example_python_operator.py
[2025-03-28T18:47:06.996+0000] {logging_mixin.py:190} INFO - [2025-03-28T18:47:06.996+0000] {dag.py:3239} INFO - Sync 1 DAGs
[2025-03-28T18:47:07.006+0000] {logging_mixin.py:190} INFO - [2025-03-28T18:47:07.005+0000] {dag.py:4180} INFO - Setting next_dagrun for example_python_operator to None, run_after=None
[2025-03-28T18:47:07.021+0000] {processor.py:208} INFO - Processing /usr/local/python/3.12.1/lib/python3.12/site-packages/airflow/example_dags/example_python_operator.py took 0.053 seconds
[2025-03-28T18:47:59.369+0000] {processor.py:186} INFO - Started process (PID=22323) to work on /usr/local/python/3.12.1/lib/python3.12/site-packages/airflow/example_dags/example_python_operator.py
[2025-03-28T18:47:59.369+0000] {processor.py:914} INFO - Processing file /usr/local/python/3.12.1/lib/python3.12/site-packages/airflow/example_dags/example_python_operator.py for tasks to queue
[2025-03-28T18:47:59.370+0000] {logging_mixin.py:190} INFO - [2025-03-28T18:47:59.370+0000] {dagbag.py:588} INFO - Filling up the DagBag from /usr/local/python/3.12.1/lib/python3.12/site-packages/airflow/example_dags/example_python_operator.py
[2025-03-28T18:47:59.380+0000] {processor.py:925} INFO - DAG(s) 'example_python_operator' retrieved from /usr/local/python/3.12.1/lib/python3.12/site-packages/airflow/example_dags/example_python_operator.py
[2025-03-28T18:47:59.392+0000] {logging_mixin.py:190} INFO - [2025-03-28T18:47:59.392+0000] {dag.py:3239} INFO - Sync 1 DAGs
[2025-03-28T18:47:59.402+0000] {logging_mixin.py:190} INFO - [2025-03-28T18:47:59.402+0000] {dag.py:4180} INFO - Setting next_dagrun for example_python_operator to None, run_after=None
[2025-03-28T18:47:59.416+0000] {processor.py:208} INFO - Processing /usr/local/python/3.12.1/lib/python3.12/site-packages/airflow/example_dags/example_python_operator.py took 0.052 seconds
[2025-03-28T18:48:55.862+0000] {processor.py:186} INFO - Started process (PID=22798) to work on /usr/local/python/3.12.1/lib/python3.12/site-packages/airflow/example_dags/example_python_operator.py
[2025-03-28T18:48:55.862+0000] {processor.py:914} INFO - Processing file /usr/local/python/3.12.1/lib/python3.12/site-packages/airflow/example_dags/example_python_operator.py for tasks to queue
[2025-03-28T18:48:55.863+0000] {logging_mixin.py:190} INFO - [2025-03-28T18:48:55.863+0000] {dagbag.py:588} INFO - Filling up the DagBag from /usr/local/python/3.12.1/lib/python3.12/site-packages/airflow/example_dags/example_python_operator.py
[2025-03-28T18:48:55.872+0000] {processor.py:925} INFO - DAG(s) 'example_python_operator' retrieved from /usr/local/python/3.12.1/lib/python3.12/site-packages/airflow/example_dags/example_python_operator.py
[2025-03-28T18:48:55.885+0000] {logging_mixin.py:190} INFO - [2025-03-28T18:48:55.885+0000] {dag.py:3239} INFO - Sync 1 DAGs
[2025-03-28T18:48:55.894+0000] {logging_mixin.py:190} INFO - [2025-03-28T18:48:55.894+0000] {dag.py:4180} INFO - Setting next_dagrun for example_python_operator to None, run_after=None
[2025-03-28T18:48:55.909+0000] {processor.py:208} INFO - Processing /usr/local/python/3.12.1/lib/python3.12/site-packages/airflow/example_dags/example_python_operator.py took 0.051 seconds
[2025-03-28T18:49:50.245+0000] {processor.py:186} INFO - Started process (PID=23237) to work on /usr/local/python/3.12.1/lib/python3.12/site-packages/airflow/example_dags/example_python_operator.py
[2025-03-28T18:49:50.246+0000] {processor.py:914} INFO - Processing file /usr/local/python/3.12.1/lib/python3.12/site-packages/airflow/example_dags/example_python_operator.py for tasks to queue
[2025-03-28T18:49:50.247+0000] {logging_mixin.py:190} INFO - [2025-03-28T18:49:50.247+0000] {dagbag.py:588} INFO - Filling up the DagBag from /usr/local/python/3.12.1/lib/python3.12/site-packages/airflow/example_dags/example_python_operator.py
[2025-03-28T18:49:50.256+0000] {processor.py:925} INFO - DAG(s) 'example_python_operator' retrieved from /usr/local/python/3.12.1/lib/python3.12/site-packages/airflow/example_dags/example_python_operator.py
[2025-03-28T18:49:50.269+0000] {logging_mixin.py:190} INFO - [2025-03-28T18:49:50.269+0000] {dag.py:3239} INFO - Sync 1 DAGs
[2025-03-28T18:49:50.278+0000] {logging_mixin.py:190} INFO - [2025-03-28T18:49:50.278+0000] {dag.py:4180} INFO - Setting next_dagrun for example_python_operator to None, run_after=None
[2025-03-28T18:49:50.293+0000] {processor.py:208} INFO - Processing /usr/local/python/3.12.1/lib/python3.12/site-packages/airflow/example_dags/example_python_operator.py took 0.051 seconds
[2025-03-28T18:50:48.870+0000] {processor.py:186} INFO - Started process (PID=23707) to work on /usr/local/python/3.12.1/lib/python3.12/site-packages/airflow/example_dags/example_python_operator.py
[2025-03-28T18:50:48.870+0000] {processor.py:914} INFO - Processing file /usr/local/python/3.12.1/lib/python3.12/site-packages/airflow/example_dags/example_python_operator.py for tasks to queue
[2025-03-28T18:50:48.871+0000] {logging_mixin.py:190} INFO - [2025-03-28T18:50:48.871+0000] {dagbag.py:588} INFO - Filling up the DagBag from /usr/local/python/3.12.1/lib/python3.12/site-packages/airflow/example_dags/example_python_operator.py
[2025-03-28T18:50:48.880+0000] {processor.py:925} INFO - DAG(s) 'example_python_operator' retrieved from /usr/local/python/3.12.1/lib/python3.12/site-packages/airflow/example_dags/example_python_operator.py
[2025-03-28T18:50:48.893+0000] {logging_mixin.py:190} INFO - [2025-03-28T18:50:48.893+0000] {dag.py:3239} INFO - Sync 1 DAGs
[2025-03-28T18:50:48.903+0000] {logging_mixin.py:190} INFO - [2025-03-28T18:50:48.903+0000] {dag.py:4180} INFO - Setting next_dagrun for example_python_operator to None, run_after=None
[2025-03-28T18:50:48.918+0000] {processor.py:208} INFO - Processing /usr/local/python/3.12.1/lib/python3.12/site-packages/airflow/example_dags/example_python_operator.py took 0.053 seconds
[2025-03-28T18:53:08.335+0000] {processor.py:186} INFO - Started process (PID=25054) to work on /usr/local/python/3.12.1/lib/python3.12/site-packages/airflow/example_dags/example_python_operator.py
[2025-03-28T18:53:08.336+0000] {processor.py:914} INFO - Processing file /usr/local/python/3.12.1/lib/python3.12/site-packages/airflow/example_dags/example_python_operator.py for tasks to queue
[2025-03-28T18:53:08.337+0000] {logging_mixin.py:190} INFO - [2025-03-28T18:53:08.337+0000] {dagbag.py:588} INFO - Filling up the DagBag from /usr/local/python/3.12.1/lib/python3.12/site-packages/airflow/example_dags/example_python_operator.py
[2025-03-28T18:53:08.346+0000] {processor.py:925} INFO - DAG(s) 'example_python_operator' retrieved from /usr/local/python/3.12.1/lib/python3.12/site-packages/airflow/example_dags/example_python_operator.py
[2025-03-28T18:53:08.358+0000] {logging_mixin.py:190} INFO - [2025-03-28T18:53:08.358+0000] {dag.py:3239} INFO - Sync 1 DAGs
[2025-03-28T18:53:08.368+0000] {logging_mixin.py:190} INFO - [2025-03-28T18:53:08.368+0000] {dag.py:4180} INFO - Setting next_dagrun for example_python_operator to None, run_after=None
[2025-03-28T18:53:08.383+0000] {processor.py:208} INFO - Processing /usr/local/python/3.12.1/lib/python3.12/site-packages/airflow/example_dags/example_python_operator.py took 0.051 seconds
[2025-03-28T18:55:43.428+0000] {processor.py:186} INFO - Started process (PID=26603) to work on /usr/local/python/3.12.1/lib/python3.12/site-packages/airflow/example_dags/example_python_operator.py
[2025-03-28T18:55:43.428+0000] {processor.py:914} INFO - Processing file /usr/local/python/3.12.1/lib/python3.12/site-packages/airflow/example_dags/example_python_operator.py for tasks to queue
[2025-03-28T18:55:43.429+0000] {logging_mixin.py:190} INFO - [2025-03-28T18:55:43.429+0000] {dagbag.py:588} INFO - Filling up the DagBag from /usr/local/python/3.12.1/lib/python3.12/site-packages/airflow/example_dags/example_python_operator.py
[2025-03-28T18:55:43.438+0000] {processor.py:925} INFO - DAG(s) 'example_python_operator' retrieved from /usr/local/python/3.12.1/lib/python3.12/site-packages/airflow/example_dags/example_python_operator.py
[2025-03-28T18:55:43.451+0000] {logging_mixin.py:190} INFO - [2025-03-28T18:55:43.451+0000] {dag.py:3239} INFO - Sync 1 DAGs
[2025-03-28T18:55:43.461+0000] {logging_mixin.py:190} INFO - [2025-03-28T18:55:43.461+0000] {dag.py:4180} INFO - Setting next_dagrun for example_python_operator to None, run_after=None
[2025-03-28T18:55:43.475+0000] {processor.py:208} INFO - Processing /usr/local/python/3.12.1/lib/python3.12/site-packages/airflow/example_dags/example_python_operator.py took 0.052 seconds
[2025-03-28T18:58:17.811+0000] {processor.py:186} INFO - Started process (PID=28297) to work on /usr/local/python/3.12.1/lib/python3.12/site-packages/airflow/example_dags/example_python_operator.py
[2025-03-28T18:58:17.812+0000] {processor.py:914} INFO - Processing file /usr/local/python/3.12.1/lib/python3.12/site-packages/airflow/example_dags/example_python_operator.py for tasks to queue
[2025-03-28T18:58:17.813+0000] {logging_mixin.py:190} INFO - [2025-03-28T18:58:17.812+0000] {dagbag.py:588} INFO - Filling up the DagBag from /usr/local/python/3.12.1/lib/python3.12/site-packages/airflow/example_dags/example_python_operator.py
[2025-03-28T18:58:17.822+0000] {processor.py:925} INFO - DAG(s) 'example_python_operator' retrieved from /usr/local/python/3.12.1/lib/python3.12/site-packages/airflow/example_dags/example_python_operator.py
[2025-03-28T18:58:17.835+0000] {logging_mixin.py:190} INFO - [2025-03-28T18:58:17.835+0000] {dag.py:3239} INFO - Sync 1 DAGs
[2025-03-28T18:58:17.845+0000] {logging_mixin.py:190} INFO - [2025-03-28T18:58:17.844+0000] {dag.py:4180} INFO - Setting next_dagrun for example_python_operator to None, run_after=None
[2025-03-28T18:58:17.859+0000] {processor.py:208} INFO - Processing /usr/local/python/3.12.1/lib/python3.12/site-packages/airflow/example_dags/example_python_operator.py took 0.051 seconds
[2025-03-28T19:00:53.305+0000] {processor.py:186} INFO - Started process (PID=29862) to work on /usr/local/python/3.12.1/lib/python3.12/site-packages/airflow/example_dags/example_python_operator.py
[2025-03-28T19:00:53.306+0000] {processor.py:914} INFO - Processing file /usr/local/python/3.12.1/lib/python3.12/site-packages/airflow/example_dags/example_python_operator.py for tasks to queue
[2025-03-28T19:00:53.307+0000] {logging_mixin.py:190} INFO - [2025-03-28T19:00:53.306+0000] {dagbag.py:588} INFO - Filling up the DagBag from /usr/local/python/3.12.1/lib/python3.12/site-packages/airflow/example_dags/example_python_operator.py
[2025-03-28T19:00:53.316+0000] {processor.py:925} INFO - DAG(s) 'example_python_operator' retrieved from /usr/local/python/3.12.1/lib/python3.12/site-packages/airflow/example_dags/example_python_operator.py
[2025-03-28T19:00:53.329+0000] {logging_mixin.py:190} INFO - [2025-03-28T19:00:53.328+0000] {dag.py:3239} INFO - Sync 1 DAGs
[2025-03-28T19:00:53.338+0000] {logging_mixin.py:190} INFO - [2025-03-28T19:00:53.338+0000] {dag.py:4180} INFO - Setting next_dagrun for example_python_operator to None, run_after=None
[2025-03-28T19:00:53.353+0000] {processor.py:208} INFO - Processing /usr/local/python/3.12.1/lib/python3.12/site-packages/airflow/example_dags/example_python_operator.py took 0.052 seconds
[2025-03-28T19:03:28.678+0000] {processor.py:186} INFO - Started process (PID=31848) to work on /usr/local/python/3.12.1/lib/python3.12/site-packages/airflow/example_dags/example_python_operator.py
[2025-03-28T19:03:28.679+0000] {processor.py:914} INFO - Processing file /usr/local/python/3.12.1/lib/python3.12/site-packages/airflow/example_dags/example_python_operator.py for tasks to queue
[2025-03-28T19:03:28.679+0000] {logging_mixin.py:190} INFO - [2025-03-28T19:03:28.679+0000] {dagbag.py:588} INFO - Filling up the DagBag from /usr/local/python/3.12.1/lib/python3.12/site-packages/airflow/example_dags/example_python_operator.py
[2025-03-28T19:03:28.689+0000] {processor.py:925} INFO - DAG(s) 'example_python_operator' retrieved from /usr/local/python/3.12.1/lib/python3.12/site-packages/airflow/example_dags/example_python_operator.py
[2025-03-28T19:03:28.701+0000] {logging_mixin.py:190} INFO - [2025-03-28T19:03:28.701+0000] {dag.py:3239} INFO - Sync 1 DAGs
[2025-03-28T19:03:28.712+0000] {logging_mixin.py:190} INFO - [2025-03-28T19:03:28.712+0000] {dag.py:4180} INFO - Setting next_dagrun for example_python_operator to None, run_after=None
[2025-03-28T19:03:28.726+0000] {processor.py:208} INFO - Processing /usr/local/python/3.12.1/lib/python3.12/site-packages/airflow/example_dags/example_python_operator.py took 0.052 seconds
[2025-03-28T19:06:03.701+0000] {processor.py:186} INFO - Started process (PID=33499) to work on /usr/local/python/3.12.1/lib/python3.12/site-packages/airflow/example_dags/example_python_operator.py
[2025-03-28T19:06:03.701+0000] {processor.py:914} INFO - Processing file /usr/local/python/3.12.1/lib/python3.12/site-packages/airflow/example_dags/example_python_operator.py for tasks to queue
[2025-03-28T19:06:03.702+0000] {logging_mixin.py:190} INFO - [2025-03-28T19:06:03.702+0000] {dagbag.py:588} INFO - Filling up the DagBag from /usr/local/python/3.12.1/lib/python3.12/site-packages/airflow/example_dags/example_python_operator.py
[2025-03-28T19:06:03.711+0000] {processor.py:925} INFO - DAG(s) 'example_python_operator' retrieved from /usr/local/python/3.12.1/lib/python3.12/site-packages/airflow/example_dags/example_python_operator.py
[2025-03-28T19:06:03.724+0000] {logging_mixin.py:190} INFO - [2025-03-28T19:06:03.724+0000] {dag.py:3239} INFO - Sync 1 DAGs
[2025-03-28T19:06:03.734+0000] {logging_mixin.py:190} INFO - [2025-03-28T19:06:03.733+0000] {dag.py:4180} INFO - Setting next_dagrun for example_python_operator to None, run_after=None
[2025-03-28T19:06:03.748+0000] {processor.py:208} INFO - Processing /usr/local/python/3.12.1/lib/python3.12/site-packages/airflow/example_dags/example_python_operator.py took 0.051 seconds
[2025-03-28T19:08:41.306+0000] {processor.py:186} INFO - Started process (PID=36331) to work on /usr/local/python/3.12.1/lib/python3.12/site-packages/airflow/example_dags/example_python_operator.py
[2025-03-28T19:08:41.307+0000] {processor.py:914} INFO - Processing file /usr/local/python/3.12.1/lib/python3.12/site-packages/airflow/example_dags/example_python_operator.py for tasks to queue
[2025-03-28T19:08:41.308+0000] {logging_mixin.py:190} INFO - [2025-03-28T19:08:41.307+0000] {dagbag.py:588} INFO - Filling up the DagBag from /usr/local/python/3.12.1/lib/python3.12/site-packages/airflow/example_dags/example_python_operator.py
[2025-03-28T19:08:41.317+0000] {processor.py:925} INFO - DAG(s) 'example_python_operator' retrieved from /usr/local/python/3.12.1/lib/python3.12/site-packages/airflow/example_dags/example_python_operator.py
[2025-03-28T19:08:41.330+0000] {logging_mixin.py:190} INFO - [2025-03-28T19:08:41.330+0000] {dag.py:3239} INFO - Sync 1 DAGs
[2025-03-28T19:08:41.340+0000] {logging_mixin.py:190} INFO - [2025-03-28T19:08:41.339+0000] {dag.py:4180} INFO - Setting next_dagrun for example_python_operator to None, run_after=None
[2025-03-28T19:08:41.354+0000] {processor.py:208} INFO - Processing /usr/local/python/3.12.1/lib/python3.12/site-packages/airflow/example_dags/example_python_operator.py took 0.052 seconds
[2025-03-28T19:11:36.071+0000] {processor.py:186} INFO - Started process (PID=38439) to work on /usr/local/python/3.12.1/lib/python3.12/site-packages/airflow/example_dags/example_python_operator.py
[2025-03-28T19:11:36.072+0000] {processor.py:914} INFO - Processing file /usr/local/python/3.12.1/lib/python3.12/site-packages/airflow/example_dags/example_python_operator.py for tasks to queue
[2025-03-28T19:11:36.073+0000] {logging_mixin.py:190} INFO - [2025-03-28T19:11:36.073+0000] {dagbag.py:588} INFO - Filling up the DagBag from /usr/local/python/3.12.1/lib/python3.12/site-packages/airflow/example_dags/example_python_operator.py
[2025-03-28T19:11:36.083+0000] {processor.py:925} INFO - DAG(s) 'example_python_operator' retrieved from /usr/local/python/3.12.1/lib/python3.12/site-packages/airflow/example_dags/example_python_operator.py
[2025-03-28T19:11:36.163+0000] {logging_mixin.py:190} INFO - [2025-03-28T19:11:36.163+0000] {dag.py:3239} INFO - Sync 1 DAGs
[2025-03-28T19:11:36.172+0000] {logging_mixin.py:190} INFO - [2025-03-28T19:11:36.172+0000] {dag.py:4180} INFO - Setting next_dagrun for example_python_operator to None, run_after=None
[2025-03-28T19:11:36.186+0000] {processor.py:208} INFO - Processing /usr/local/python/3.12.1/lib/python3.12/site-packages/airflow/example_dags/example_python_operator.py took 0.119 seconds
[2025-03-28T19:14:40.421+0000] {processor.py:186} INFO - Started process (PID=40435) to work on /usr/local/python/3.12.1/lib/python3.12/site-packages/airflow/example_dags/example_python_operator.py
[2025-03-28T19:14:40.422+0000] {processor.py:914} INFO - Processing file /usr/local/python/3.12.1/lib/python3.12/site-packages/airflow/example_dags/example_python_operator.py for tasks to queue
[2025-03-28T19:14:40.424+0000] {logging_mixin.py:190} INFO - [2025-03-28T19:14:40.423+0000] {dagbag.py:588} INFO - Filling up the DagBag from /usr/local/python/3.12.1/lib/python3.12/site-packages/airflow/example_dags/example_python_operator.py
[2025-03-28T19:14:40.434+0000] {processor.py:925} INFO - DAG(s) 'example_python_operator' retrieved from /usr/local/python/3.12.1/lib/python3.12/site-packages/airflow/example_dags/example_python_operator.py
[2025-03-28T19:14:40.446+0000] {logging_mixin.py:190} INFO - [2025-03-28T19:14:40.446+0000] {dag.py:3239} INFO - Sync 1 DAGs
[2025-03-28T19:14:40.456+0000] {logging_mixin.py:190} INFO - [2025-03-28T19:14:40.456+0000] {dag.py:4180} INFO - Setting next_dagrun for example_python_operator to None, run_after=None
[2025-03-28T19:14:40.471+0000] {processor.py:208} INFO - Processing /usr/local/python/3.12.1/lib/python3.12/site-packages/airflow/example_dags/example_python_operator.py took 0.053 seconds
[2025-03-28T19:17:15.251+0000] {processor.py:186} INFO - Started process (PID=41971) to work on /usr/local/python/3.12.1/lib/python3.12/site-packages/airflow/example_dags/example_python_operator.py
[2025-03-28T19:17:15.252+0000] {processor.py:914} INFO - Processing file /usr/local/python/3.12.1/lib/python3.12/site-packages/airflow/example_dags/example_python_operator.py for tasks to queue
[2025-03-28T19:17:15.254+0000] {logging_mixin.py:190} INFO - [2025-03-28T19:17:15.253+0000] {dagbag.py:588} INFO - Filling up the DagBag from /usr/local/python/3.12.1/lib/python3.12/site-packages/airflow/example_dags/example_python_operator.py
[2025-03-28T19:17:15.263+0000] {processor.py:925} INFO - DAG(s) 'example_python_operator' retrieved from /usr/local/python/3.12.1/lib/python3.12/site-packages/airflow/example_dags/example_python_operator.py
[2025-03-28T19:17:15.276+0000] {logging_mixin.py:190} INFO - [2025-03-28T19:17:15.275+0000] {dag.py:3239} INFO - Sync 1 DAGs
[2025-03-28T19:17:15.285+0000] {logging_mixin.py:190} INFO - [2025-03-28T19:17:15.285+0000] {dag.py:4180} INFO - Setting next_dagrun for example_python_operator to None, run_after=None
[2025-03-28T19:17:15.300+0000] {processor.py:208} INFO - Processing /usr/local/python/3.12.1/lib/python3.12/site-packages/airflow/example_dags/example_python_operator.py took 0.053 seconds
[2025-03-28T19:19:50.181+0000] {processor.py:186} INFO - Started process (PID=43483) to work on /usr/local/python/3.12.1/lib/python3.12/site-packages/airflow/example_dags/example_python_operator.py
[2025-03-28T19:19:50.182+0000] {processor.py:914} INFO - Processing file /usr/local/python/3.12.1/lib/python3.12/site-packages/airflow/example_dags/example_python_operator.py for tasks to queue
[2025-03-28T19:19:50.183+0000] {logging_mixin.py:190} INFO - [2025-03-28T19:19:50.183+0000] {dagbag.py:588} INFO - Filling up the DagBag from /usr/local/python/3.12.1/lib/python3.12/site-packages/airflow/example_dags/example_python_operator.py
[2025-03-28T19:19:50.192+0000] {processor.py:925} INFO - DAG(s) 'example_python_operator' retrieved from /usr/local/python/3.12.1/lib/python3.12/site-packages/airflow/example_dags/example_python_operator.py
[2025-03-28T19:19:50.205+0000] {logging_mixin.py:190} INFO - [2025-03-28T19:19:50.205+0000] {dag.py:3239} INFO - Sync 1 DAGs
[2025-03-28T19:19:50.214+0000] {logging_mixin.py:190} INFO - [2025-03-28T19:19:50.214+0000] {dag.py:4180} INFO - Setting next_dagrun for example_python_operator to None, run_after=None
[2025-03-28T19:19:50.228+0000] {processor.py:208} INFO - Processing /usr/local/python/3.12.1/lib/python3.12/site-packages/airflow/example_dags/example_python_operator.py took 0.051 seconds
[2025-03-28T19:22:25.888+0000] {processor.py:186} INFO - Started process (PID=45014) to work on /usr/local/python/3.12.1/lib/python3.12/site-packages/airflow/example_dags/example_python_operator.py
[2025-03-28T19:22:25.888+0000] {processor.py:914} INFO - Processing file /usr/local/python/3.12.1/lib/python3.12/site-packages/airflow/example_dags/example_python_operator.py for tasks to queue
[2025-03-28T19:22:25.890+0000] {logging_mixin.py:190} INFO - [2025-03-28T19:22:25.890+0000] {dagbag.py:588} INFO - Filling up the DagBag from /usr/local/python/3.12.1/lib/python3.12/site-packages/airflow/example_dags/example_python_operator.py
[2025-03-28T19:22:25.899+0000] {processor.py:925} INFO - DAG(s) 'example_python_operator' retrieved from /usr/local/python/3.12.1/lib/python3.12/site-packages/airflow/example_dags/example_python_operator.py
[2025-03-28T19:22:25.912+0000] {logging_mixin.py:190} INFO - [2025-03-28T19:22:25.912+0000] {dag.py:3239} INFO - Sync 1 DAGs
[2025-03-28T19:22:25.922+0000] {logging_mixin.py:190} INFO - [2025-03-28T19:22:25.922+0000] {dag.py:4180} INFO - Setting next_dagrun for example_python_operator to None, run_after=None
[2025-03-28T19:22:25.937+0000] {processor.py:208} INFO - Processing /usr/local/python/3.12.1/lib/python3.12/site-packages/airflow/example_dags/example_python_operator.py took 0.053 seconds
[2025-03-28T19:25:00.564+0000] {processor.py:186} INFO - Started process (PID=46551) to work on /usr/local/python/3.12.1/lib/python3.12/site-packages/airflow/example_dags/example_python_operator.py
[2025-03-28T19:25:00.564+0000] {processor.py:914} INFO - Processing file /usr/local/python/3.12.1/lib/python3.12/site-packages/airflow/example_dags/example_python_operator.py for tasks to queue
[2025-03-28T19:25:00.566+0000] {logging_mixin.py:190} INFO - [2025-03-28T19:25:00.565+0000] {dagbag.py:588} INFO - Filling up the DagBag from /usr/local/python/3.12.1/lib/python3.12/site-packages/airflow/example_dags/example_python_operator.py
[2025-03-28T19:25:00.575+0000] {processor.py:925} INFO - DAG(s) 'example_python_operator' retrieved from /usr/local/python/3.12.1/lib/python3.12/site-packages/airflow/example_dags/example_python_operator.py
[2025-03-28T19:25:00.588+0000] {logging_mixin.py:190} INFO - [2025-03-28T19:25:00.587+0000] {dag.py:3239} INFO - Sync 1 DAGs
[2025-03-28T19:25:00.599+0000] {logging_mixin.py:190} INFO - [2025-03-28T19:25:00.599+0000] {dag.py:4180} INFO - Setting next_dagrun for example_python_operator to None, run_after=None
[2025-03-28T19:25:00.614+0000] {processor.py:208} INFO - Processing /usr/local/python/3.12.1/lib/python3.12/site-packages/airflow/example_dags/example_python_operator.py took 0.054 seconds
[2025-03-28T19:26:14.303+0000] {processor.py:186} INFO - Started process (PID=47148) to work on /usr/local/python/3.12.1/lib/python3.12/site-packages/airflow/example_dags/example_python_operator.py
[2025-03-28T19:26:14.304+0000] {processor.py:914} INFO - Processing file /usr/local/python/3.12.1/lib/python3.12/site-packages/airflow/example_dags/example_python_operator.py for tasks to queue
[2025-03-28T19:26:14.305+0000] {logging_mixin.py:190} INFO - [2025-03-28T19:26:14.305+0000] {dagbag.py:588} INFO - Filling up the DagBag from /usr/local/python/3.12.1/lib/python3.12/site-packages/airflow/example_dags/example_python_operator.py
[2025-03-28T19:26:14.315+0000] {processor.py:925} INFO - DAG(s) 'example_python_operator' retrieved from /usr/local/python/3.12.1/lib/python3.12/site-packages/airflow/example_dags/example_python_operator.py
[2025-03-28T19:26:14.328+0000] {logging_mixin.py:190} INFO - [2025-03-28T19:26:14.328+0000] {dag.py:3239} INFO - Sync 1 DAGs
[2025-03-28T19:26:14.337+0000] {logging_mixin.py:190} INFO - [2025-03-28T19:26:14.337+0000] {dag.py:4180} INFO - Setting next_dagrun for example_python_operator to None, run_after=None
[2025-03-28T19:26:14.351+0000] {processor.py:208} INFO - Processing /usr/local/python/3.12.1/lib/python3.12/site-packages/airflow/example_dags/example_python_operator.py took 0.052 seconds
[2025-03-28T19:27:06.521+0000] {processor.py:186} INFO - Started process (PID=47562) to work on /usr/local/python/3.12.1/lib/python3.12/site-packages/airflow/example_dags/example_python_operator.py
[2025-03-28T19:27:06.522+0000] {processor.py:914} INFO - Processing file /usr/local/python/3.12.1/lib/python3.12/site-packages/airflow/example_dags/example_python_operator.py for tasks to queue
[2025-03-28T19:27:06.524+0000] {logging_mixin.py:190} INFO - [2025-03-28T19:27:06.523+0000] {dagbag.py:588} INFO - Filling up the DagBag from /usr/local/python/3.12.1/lib/python3.12/site-packages/airflow/example_dags/example_python_operator.py
[2025-03-28T19:27:06.535+0000] {processor.py:925} INFO - DAG(s) 'example_python_operator' retrieved from /usr/local/python/3.12.1/lib/python3.12/site-packages/airflow/example_dags/example_python_operator.py
[2025-03-28T19:27:06.548+0000] {logging_mixin.py:190} INFO - [2025-03-28T19:27:06.548+0000] {dag.py:3239} INFO - Sync 1 DAGs
[2025-03-28T19:27:06.557+0000] {logging_mixin.py:190} INFO - [2025-03-28T19:27:06.557+0000] {dag.py:4180} INFO - Setting next_dagrun for example_python_operator to None, run_after=None
[2025-03-28T19:27:06.572+0000] {processor.py:208} INFO - Processing /usr/local/python/3.12.1/lib/python3.12/site-packages/airflow/example_dags/example_python_operator.py took 0.056 seconds
[2025-03-28T19:28:00.187+0000] {processor.py:186} INFO - Started process (PID=47979) to work on /usr/local/python/3.12.1/lib/python3.12/site-packages/airflow/example_dags/example_python_operator.py
[2025-03-28T19:28:00.188+0000] {processor.py:914} INFO - Processing file /usr/local/python/3.12.1/lib/python3.12/site-packages/airflow/example_dags/example_python_operator.py for tasks to queue
[2025-03-28T19:28:00.189+0000] {logging_mixin.py:190} INFO - [2025-03-28T19:28:00.189+0000] {dagbag.py:588} INFO - Filling up the DagBag from /usr/local/python/3.12.1/lib/python3.12/site-packages/airflow/example_dags/example_python_operator.py
[2025-03-28T19:28:00.199+0000] {processor.py:925} INFO - DAG(s) 'example_python_operator' retrieved from /usr/local/python/3.12.1/lib/python3.12/site-packages/airflow/example_dags/example_python_operator.py
[2025-03-28T19:28:00.212+0000] {logging_mixin.py:190} INFO - [2025-03-28T19:28:00.212+0000] {dag.py:3239} INFO - Sync 1 DAGs
[2025-03-28T19:28:00.221+0000] {logging_mixin.py:190} INFO - [2025-03-28T19:28:00.221+0000] {dag.py:4180} INFO - Setting next_dagrun for example_python_operator to None, run_after=None
[2025-03-28T19:28:00.236+0000] {processor.py:208} INFO - Processing /usr/local/python/3.12.1/lib/python3.12/site-packages/airflow/example_dags/example_python_operator.py took 0.052 seconds
[2025-03-28T19:28:50.311+0000] {processor.py:186} INFO - Started process (PID=48377) to work on /usr/local/python/3.12.1/lib/python3.12/site-packages/airflow/example_dags/example_python_operator.py
[2025-03-28T19:28:50.312+0000] {processor.py:914} INFO - Processing file /usr/local/python/3.12.1/lib/python3.12/site-packages/airflow/example_dags/example_python_operator.py for tasks to queue
[2025-03-28T19:28:50.313+0000] {logging_mixin.py:190} INFO - [2025-03-28T19:28:50.313+0000] {dagbag.py:588} INFO - Filling up the DagBag from /usr/local/python/3.12.1/lib/python3.12/site-packages/airflow/example_dags/example_python_operator.py
[2025-03-28T19:28:50.323+0000] {processor.py:925} INFO - DAG(s) 'example_python_operator' retrieved from /usr/local/python/3.12.1/lib/python3.12/site-packages/airflow/example_dags/example_python_operator.py
[2025-03-28T19:28:50.335+0000] {logging_mixin.py:190} INFO - [2025-03-28T19:28:50.335+0000] {dag.py:3239} INFO - Sync 1 DAGs
[2025-03-28T19:28:50.345+0000] {logging_mixin.py:190} INFO - [2025-03-28T19:28:50.345+0000] {dag.py:4180} INFO - Setting next_dagrun for example_python_operator to None, run_after=None
[2025-03-28T19:28:50.359+0000] {processor.py:208} INFO - Processing /usr/local/python/3.12.1/lib/python3.12/site-packages/airflow/example_dags/example_python_operator.py took 0.052 seconds
[2025-03-28T19:29:44.422+0000] {processor.py:186} INFO - Started process (PID=48810) to work on /usr/local/python/3.12.1/lib/python3.12/site-packages/airflow/example_dags/example_python_operator.py
[2025-03-28T19:29:44.422+0000] {processor.py:914} INFO - Processing file /usr/local/python/3.12.1/lib/python3.12/site-packages/airflow/example_dags/example_python_operator.py for tasks to queue
[2025-03-28T19:29:44.424+0000] {logging_mixin.py:190} INFO - [2025-03-28T19:29:44.424+0000] {dagbag.py:588} INFO - Filling up the DagBag from /usr/local/python/3.12.1/lib/python3.12/site-packages/airflow/example_dags/example_python_operator.py
[2025-03-28T19:29:44.433+0000] {processor.py:925} INFO - DAG(s) 'example_python_operator' retrieved from /usr/local/python/3.12.1/lib/python3.12/site-packages/airflow/example_dags/example_python_operator.py
[2025-03-28T19:29:44.446+0000] {logging_mixin.py:190} INFO - [2025-03-28T19:29:44.446+0000] {dag.py:3239} INFO - Sync 1 DAGs
[2025-03-28T19:29:44.455+0000] {logging_mixin.py:190} INFO - [2025-03-28T19:29:44.455+0000] {dag.py:4180} INFO - Setting next_dagrun for example_python_operator to None, run_after=None
[2025-03-28T19:29:44.472+0000] {processor.py:208} INFO - Processing /usr/local/python/3.12.1/lib/python3.12/site-packages/airflow/example_dags/example_python_operator.py took 0.054 seconds
[2025-03-28T19:30:40.350+0000] {processor.py:186} INFO - Started process (PID=49248) to work on /usr/local/python/3.12.1/lib/python3.12/site-packages/airflow/example_dags/example_python_operator.py
[2025-03-28T19:30:40.351+0000] {processor.py:914} INFO - Processing file /usr/local/python/3.12.1/lib/python3.12/site-packages/airflow/example_dags/example_python_operator.py for tasks to queue
[2025-03-28T19:30:40.352+0000] {logging_mixin.py:190} INFO - [2025-03-28T19:30:40.352+0000] {dagbag.py:588} INFO - Filling up the DagBag from /usr/local/python/3.12.1/lib/python3.12/site-packages/airflow/example_dags/example_python_operator.py
[2025-03-28T19:30:40.361+0000] {processor.py:925} INFO - DAG(s) 'example_python_operator' retrieved from /usr/local/python/3.12.1/lib/python3.12/site-packages/airflow/example_dags/example_python_operator.py
[2025-03-28T19:30:40.374+0000] {logging_mixin.py:190} INFO - [2025-03-28T19:30:40.374+0000] {dag.py:3239} INFO - Sync 1 DAGs
[2025-03-28T19:30:40.383+0000] {logging_mixin.py:190} INFO - [2025-03-28T19:30:40.383+0000] {dag.py:4180} INFO - Setting next_dagrun for example_python_operator to None, run_after=None
[2025-03-28T19:30:40.397+0000] {processor.py:208} INFO - Processing /usr/local/python/3.12.1/lib/python3.12/site-packages/airflow/example_dags/example_python_operator.py took 0.051 seconds
[2025-03-28T19:31:38.167+0000] {processor.py:186} INFO - Started process (PID=49700) to work on /usr/local/python/3.12.1/lib/python3.12/site-packages/airflow/example_dags/example_python_operator.py
[2025-03-28T19:31:38.168+0000] {processor.py:914} INFO - Processing file /usr/local/python/3.12.1/lib/python3.12/site-packages/airflow/example_dags/example_python_operator.py for tasks to queue
[2025-03-28T19:31:38.170+0000] {logging_mixin.py:190} INFO - [2025-03-28T19:31:38.169+0000] {dagbag.py:588} INFO - Filling up the DagBag from /usr/local/python/3.12.1/lib/python3.12/site-packages/airflow/example_dags/example_python_operator.py
[2025-03-28T19:31:38.180+0000] {processor.py:925} INFO - DAG(s) 'example_python_operator' retrieved from /usr/local/python/3.12.1/lib/python3.12/site-packages/airflow/example_dags/example_python_operator.py
[2025-03-28T19:31:38.193+0000] {logging_mixin.py:190} INFO - [2025-03-28T19:31:38.192+0000] {dag.py:3239} INFO - Sync 1 DAGs
[2025-03-28T19:31:38.202+0000] {logging_mixin.py:190} INFO - [2025-03-28T19:31:38.202+0000] {dag.py:4180} INFO - Setting next_dagrun for example_python_operator to None, run_after=None
[2025-03-28T19:31:38.216+0000] {processor.py:208} INFO - Processing /usr/local/python/3.12.1/lib/python3.12/site-packages/airflow/example_dags/example_python_operator.py took 0.053 seconds
[2025-03-28T19:32:34.274+0000] {processor.py:186} INFO - Started process (PID=50138) to work on /usr/local/python/3.12.1/lib/python3.12/site-packages/airflow/example_dags/example_python_operator.py
[2025-03-28T19:32:34.275+0000] {processor.py:914} INFO - Processing file /usr/local/python/3.12.1/lib/python3.12/site-packages/airflow/example_dags/example_python_operator.py for tasks to queue
[2025-03-28T19:32:34.277+0000] {logging_mixin.py:190} INFO - [2025-03-28T19:32:34.276+0000] {dagbag.py:588} INFO - Filling up the DagBag from /usr/local/python/3.12.1/lib/python3.12/site-packages/airflow/example_dags/example_python_operator.py
[2025-03-28T19:32:34.286+0000] {processor.py:925} INFO - DAG(s) 'example_python_operator' retrieved from /usr/local/python/3.12.1/lib/python3.12/site-packages/airflow/example_dags/example_python_operator.py
[2025-03-28T19:32:34.298+0000] {logging_mixin.py:190} INFO - [2025-03-28T19:32:34.298+0000] {dag.py:3239} INFO - Sync 1 DAGs
[2025-03-28T19:32:34.308+0000] {logging_mixin.py:190} INFO - [2025-03-28T19:32:34.307+0000] {dag.py:4180} INFO - Setting next_dagrun for example_python_operator to None, run_after=None
[2025-03-28T19:32:34.321+0000] {processor.py:208} INFO - Processing /usr/local/python/3.12.1/lib/python3.12/site-packages/airflow/example_dags/example_python_operator.py took 0.051 seconds
[2025-03-28T19:33:26.287+0000] {processor.py:186} INFO - Started process (PID=50539) to work on /usr/local/python/3.12.1/lib/python3.12/site-packages/airflow/example_dags/example_python_operator.py
[2025-03-28T19:33:26.288+0000] {processor.py:914} INFO - Processing file /usr/local/python/3.12.1/lib/python3.12/site-packages/airflow/example_dags/example_python_operator.py for tasks to queue
[2025-03-28T19:33:26.289+0000] {logging_mixin.py:190} INFO - [2025-03-28T19:33:26.289+0000] {dagbag.py:588} INFO - Filling up the DagBag from /usr/local/python/3.12.1/lib/python3.12/site-packages/airflow/example_dags/example_python_operator.py
[2025-03-28T19:33:26.298+0000] {processor.py:925} INFO - DAG(s) 'example_python_operator' retrieved from /usr/local/python/3.12.1/lib/python3.12/site-packages/airflow/example_dags/example_python_operator.py
[2025-03-28T19:33:26.311+0000] {logging_mixin.py:190} INFO - [2025-03-28T19:33:26.311+0000] {dag.py:3239} INFO - Sync 1 DAGs
[2025-03-28T19:33:26.321+0000] {logging_mixin.py:190} INFO - [2025-03-28T19:33:26.321+0000] {dag.py:4180} INFO - Setting next_dagrun for example_python_operator to None, run_after=None
[2025-03-28T19:33:26.336+0000] {processor.py:208} INFO - Processing /usr/local/python/3.12.1/lib/python3.12/site-packages/airflow/example_dags/example_python_operator.py took 0.053 seconds
[2025-03-28T19:34:20.077+0000] {processor.py:186} INFO - Started process (PID=50979) to work on /usr/local/python/3.12.1/lib/python3.12/site-packages/airflow/example_dags/example_python_operator.py
[2025-03-28T19:34:20.077+0000] {processor.py:914} INFO - Processing file /usr/local/python/3.12.1/lib/python3.12/site-packages/airflow/example_dags/example_python_operator.py for tasks to queue
[2025-03-28T19:34:20.079+0000] {logging_mixin.py:190} INFO - [2025-03-28T19:34:20.078+0000] {dagbag.py:588} INFO - Filling up the DagBag from /usr/local/python/3.12.1/lib/python3.12/site-packages/airflow/example_dags/example_python_operator.py
[2025-03-28T19:34:20.088+0000] {processor.py:925} INFO - DAG(s) 'example_python_operator' retrieved from /usr/local/python/3.12.1/lib/python3.12/site-packages/airflow/example_dags/example_python_operator.py
[2025-03-28T19:34:20.101+0000] {logging_mixin.py:190} INFO - [2025-03-28T19:34:20.101+0000] {dag.py:3239} INFO - Sync 1 DAGs
[2025-03-28T19:34:20.111+0000] {logging_mixin.py:190} INFO - [2025-03-28T19:34:20.110+0000] {dag.py:4180} INFO - Setting next_dagrun for example_python_operator to None, run_after=None
[2025-03-28T19:34:20.124+0000] {processor.py:208} INFO - Processing /usr/local/python/3.12.1/lib/python3.12/site-packages/airflow/example_dags/example_python_operator.py took 0.052 seconds
[2025-03-28T19:35:13.872+0000] {processor.py:186} INFO - Started process (PID=51395) to work on /usr/local/python/3.12.1/lib/python3.12/site-packages/airflow/example_dags/example_python_operator.py
[2025-03-28T19:35:13.873+0000] {processor.py:914} INFO - Processing file /usr/local/python/3.12.1/lib/python3.12/site-packages/airflow/example_dags/example_python_operator.py for tasks to queue
[2025-03-28T19:35:13.875+0000] {logging_mixin.py:190} INFO - [2025-03-28T19:35:13.874+0000] {dagbag.py:588} INFO - Filling up the DagBag from /usr/local/python/3.12.1/lib/python3.12/site-packages/airflow/example_dags/example_python_operator.py
[2025-03-28T19:35:13.884+0000] {processor.py:925} INFO - DAG(s) 'example_python_operator' retrieved from /usr/local/python/3.12.1/lib/python3.12/site-packages/airflow/example_dags/example_python_operator.py
[2025-03-28T19:35:13.897+0000] {logging_mixin.py:190} INFO - [2025-03-28T19:35:13.897+0000] {dag.py:3239} INFO - Sync 1 DAGs
[2025-03-28T19:35:13.907+0000] {logging_mixin.py:190} INFO - [2025-03-28T19:35:13.907+0000] {dag.py:4180} INFO - Setting next_dagrun for example_python_operator to None, run_after=None
[2025-03-28T19:35:13.922+0000] {processor.py:208} INFO - Processing /usr/local/python/3.12.1/lib/python3.12/site-packages/airflow/example_dags/example_python_operator.py took 0.053 seconds
[2025-03-28T19:36:09.249+0000] {processor.py:186} INFO - Started process (PID=51841) to work on /usr/local/python/3.12.1/lib/python3.12/site-packages/airflow/example_dags/example_python_operator.py
[2025-03-28T19:36:09.250+0000] {processor.py:914} INFO - Processing file /usr/local/python/3.12.1/lib/python3.12/site-packages/airflow/example_dags/example_python_operator.py for tasks to queue
[2025-03-28T19:36:09.252+0000] {logging_mixin.py:190} INFO - [2025-03-28T19:36:09.251+0000] {dagbag.py:588} INFO - Filling up the DagBag from /usr/local/python/3.12.1/lib/python3.12/site-packages/airflow/example_dags/example_python_operator.py
[2025-03-28T19:36:09.261+0000] {processor.py:925} INFO - DAG(s) 'example_python_operator' retrieved from /usr/local/python/3.12.1/lib/python3.12/site-packages/airflow/example_dags/example_python_operator.py
[2025-03-28T19:36:09.274+0000] {logging_mixin.py:190} INFO - [2025-03-28T19:36:09.273+0000] {dag.py:3239} INFO - Sync 1 DAGs
[2025-03-28T19:36:09.283+0000] {logging_mixin.py:190} INFO - [2025-03-28T19:36:09.283+0000] {dag.py:4180} INFO - Setting next_dagrun for example_python_operator to None, run_after=None
[2025-03-28T19:36:09.297+0000] {processor.py:208} INFO - Processing /usr/local/python/3.12.1/lib/python3.12/site-packages/airflow/example_dags/example_python_operator.py took 0.052 seconds
[2025-03-28T19:37:03.131+0000] {processor.py:186} INFO - Started process (PID=52263) to work on /usr/local/python/3.12.1/lib/python3.12/site-packages/airflow/example_dags/example_python_operator.py
[2025-03-28T19:37:03.132+0000] {processor.py:914} INFO - Processing file /usr/local/python/3.12.1/lib/python3.12/site-packages/airflow/example_dags/example_python_operator.py for tasks to queue
[2025-03-28T19:37:03.133+0000] {logging_mixin.py:190} INFO - [2025-03-28T19:37:03.133+0000] {dagbag.py:588} INFO - Filling up the DagBag from /usr/local/python/3.12.1/lib/python3.12/site-packages/airflow/example_dags/example_python_operator.py
[2025-03-28T19:37:03.142+0000] {processor.py:925} INFO - DAG(s) 'example_python_operator' retrieved from /usr/local/python/3.12.1/lib/python3.12/site-packages/airflow/example_dags/example_python_operator.py
[2025-03-28T19:37:03.156+0000] {logging_mixin.py:190} INFO - [2025-03-28T19:37:03.155+0000] {dag.py:3239} INFO - Sync 1 DAGs
[2025-03-28T19:37:03.165+0000] {logging_mixin.py:190} INFO - [2025-03-28T19:37:03.165+0000] {dag.py:4180} INFO - Setting next_dagrun for example_python_operator to None, run_after=None
[2025-03-28T19:37:03.179+0000] {processor.py:208} INFO - Processing /usr/local/python/3.12.1/lib/python3.12/site-packages/airflow/example_dags/example_python_operator.py took 0.052 seconds
[2025-03-28T19:37:58.540+0000] {processor.py:186} INFO - Started process (PID=52689) to work on /usr/local/python/3.12.1/lib/python3.12/site-packages/airflow/example_dags/example_python_operator.py
[2025-03-28T19:37:58.541+0000] {processor.py:914} INFO - Processing file /usr/local/python/3.12.1/lib/python3.12/site-packages/airflow/example_dags/example_python_operator.py for tasks to queue
[2025-03-28T19:37:58.542+0000] {logging_mixin.py:190} INFO - [2025-03-28T19:37:58.542+0000] {dagbag.py:588} INFO - Filling up the DagBag from /usr/local/python/3.12.1/lib/python3.12/site-packages/airflow/example_dags/example_python_operator.py
[2025-03-28T19:37:58.552+0000] {processor.py:925} INFO - DAG(s) 'example_python_operator' retrieved from /usr/local/python/3.12.1/lib/python3.12/site-packages/airflow/example_dags/example_python_operator.py
[2025-03-28T19:37:58.564+0000] {logging_mixin.py:190} INFO - [2025-03-28T19:37:58.564+0000] {dag.py:3239} INFO - Sync 1 DAGs
[2025-03-28T19:37:58.574+0000] {logging_mixin.py:190} INFO - [2025-03-28T19:37:58.574+0000] {dag.py:4180} INFO - Setting next_dagrun for example_python_operator to None, run_after=None
[2025-03-28T19:37:58.588+0000] {processor.py:208} INFO - Processing /usr/local/python/3.12.1/lib/python3.12/site-packages/airflow/example_dags/example_python_operator.py took 0.052 seconds
[2025-03-28T19:38:53.625+0000] {processor.py:186} INFO - Started process (PID=53130) to work on /usr/local/python/3.12.1/lib/python3.12/site-packages/airflow/example_dags/example_python_operator.py
[2025-03-28T19:38:53.625+0000] {processor.py:914} INFO - Processing file /usr/local/python/3.12.1/lib/python3.12/site-packages/airflow/example_dags/example_python_operator.py for tasks to queue
[2025-03-28T19:38:53.627+0000] {logging_mixin.py:190} INFO - [2025-03-28T19:38:53.627+0000] {dagbag.py:588} INFO - Filling up the DagBag from /usr/local/python/3.12.1/lib/python3.12/site-packages/airflow/example_dags/example_python_operator.py
[2025-03-28T19:38:53.636+0000] {processor.py:925} INFO - DAG(s) 'example_python_operator' retrieved from /usr/local/python/3.12.1/lib/python3.12/site-packages/airflow/example_dags/example_python_operator.py
[2025-03-28T19:38:53.649+0000] {logging_mixin.py:190} INFO - [2025-03-28T19:38:53.649+0000] {dag.py:3239} INFO - Sync 1 DAGs
[2025-03-28T19:38:53.659+0000] {logging_mixin.py:190} INFO - [2025-03-28T19:38:53.659+0000] {dag.py:4180} INFO - Setting next_dagrun for example_python_operator to None, run_after=None
[2025-03-28T19:38:53.675+0000] {processor.py:208} INFO - Processing /usr/local/python/3.12.1/lib/python3.12/site-packages/airflow/example_dags/example_python_operator.py took 0.055 seconds
[2025-03-28T19:39:49.858+0000] {processor.py:186} INFO - Started process (PID=53555) to work on /usr/local/python/3.12.1/lib/python3.12/site-packages/airflow/example_dags/example_python_operator.py
[2025-03-28T19:39:49.859+0000] {processor.py:914} INFO - Processing file /usr/local/python/3.12.1/lib/python3.12/site-packages/airflow/example_dags/example_python_operator.py for tasks to queue
[2025-03-28T19:39:49.860+0000] {logging_mixin.py:190} INFO - [2025-03-28T19:39:49.860+0000] {dagbag.py:588} INFO - Filling up the DagBag from /usr/local/python/3.12.1/lib/python3.12/site-packages/airflow/example_dags/example_python_operator.py
[2025-03-28T19:39:49.869+0000] {processor.py:925} INFO - DAG(s) 'example_python_operator' retrieved from /usr/local/python/3.12.1/lib/python3.12/site-packages/airflow/example_dags/example_python_operator.py
[2025-03-28T19:39:49.882+0000] {logging_mixin.py:190} INFO - [2025-03-28T19:39:49.882+0000] {dag.py:3239} INFO - Sync 1 DAGs
[2025-03-28T19:39:49.893+0000] {logging_mixin.py:190} INFO - [2025-03-28T19:39:49.893+0000] {dag.py:4180} INFO - Setting next_dagrun for example_python_operator to None, run_after=None
[2025-03-28T19:39:49.907+0000] {processor.py:208} INFO - Processing /usr/local/python/3.12.1/lib/python3.12/site-packages/airflow/example_dags/example_python_operator.py took 0.053 seconds
[2025-03-28T19:40:42.704+0000] {processor.py:186} INFO - Started process (PID=53970) to work on /usr/local/python/3.12.1/lib/python3.12/site-packages/airflow/example_dags/example_python_operator.py
[2025-03-28T19:40:42.705+0000] {processor.py:914} INFO - Processing file /usr/local/python/3.12.1/lib/python3.12/site-packages/airflow/example_dags/example_python_operator.py for tasks to queue
[2025-03-28T19:40:42.706+0000] {logging_mixin.py:190} INFO - [2025-03-28T19:40:42.706+0000] {dagbag.py:588} INFO - Filling up the DagBag from /usr/local/python/3.12.1/lib/python3.12/site-packages/airflow/example_dags/example_python_operator.py
[2025-03-28T19:40:42.716+0000] {processor.py:925} INFO - DAG(s) 'example_python_operator' retrieved from /usr/local/python/3.12.1/lib/python3.12/site-packages/airflow/example_dags/example_python_operator.py
[2025-03-28T19:40:42.731+0000] {logging_mixin.py:190} INFO - [2025-03-28T19:40:42.731+0000] {dag.py:3239} INFO - Sync 1 DAGs
[2025-03-28T19:40:42.740+0000] {logging_mixin.py:190} INFO - [2025-03-28T19:40:42.740+0000] {dag.py:4180} INFO - Setting next_dagrun for example_python_operator to None, run_after=None
[2025-03-28T19:40:42.755+0000] {processor.py:208} INFO - Processing /usr/local/python/3.12.1/lib/python3.12/site-packages/airflow/example_dags/example_python_operator.py took 0.054 seconds
[2025-03-28T19:41:34.375+0000] {processor.py:186} INFO - Started process (PID=54399) to work on /usr/local/python/3.12.1/lib/python3.12/site-packages/airflow/example_dags/example_python_operator.py
[2025-03-28T19:41:34.376+0000] {processor.py:914} INFO - Processing file /usr/local/python/3.12.1/lib/python3.12/site-packages/airflow/example_dags/example_python_operator.py for tasks to queue
[2025-03-28T19:41:34.377+0000] {logging_mixin.py:190} INFO - [2025-03-28T19:41:34.377+0000] {dagbag.py:588} INFO - Filling up the DagBag from /usr/local/python/3.12.1/lib/python3.12/site-packages/airflow/example_dags/example_python_operator.py
[2025-03-28T19:41:34.387+0000] {processor.py:925} INFO - DAG(s) 'example_python_operator' retrieved from /usr/local/python/3.12.1/lib/python3.12/site-packages/airflow/example_dags/example_python_operator.py
[2025-03-28T19:41:34.400+0000] {logging_mixin.py:190} INFO - [2025-03-28T19:41:34.399+0000] {dag.py:3239} INFO - Sync 1 DAGs
[2025-03-28T19:41:34.409+0000] {logging_mixin.py:190} INFO - [2025-03-28T19:41:34.409+0000] {dag.py:4180} INFO - Setting next_dagrun for example_python_operator to None, run_after=None
[2025-03-28T19:41:34.423+0000] {processor.py:208} INFO - Processing /usr/local/python/3.12.1/lib/python3.12/site-packages/airflow/example_dags/example_python_operator.py took 0.052 seconds
[2025-03-28T19:42:26.928+0000] {processor.py:186} INFO - Started process (PID=54802) to work on /usr/local/python/3.12.1/lib/python3.12/site-packages/airflow/example_dags/example_python_operator.py
[2025-03-28T19:42:26.928+0000] {processor.py:914} INFO - Processing file /usr/local/python/3.12.1/lib/python3.12/site-packages/airflow/example_dags/example_python_operator.py for tasks to queue
[2025-03-28T19:42:26.930+0000] {logging_mixin.py:190} INFO - [2025-03-28T19:42:26.930+0000] {dagbag.py:588} INFO - Filling up the DagBag from /usr/local/python/3.12.1/lib/python3.12/site-packages/airflow/example_dags/example_python_operator.py
[2025-03-28T19:42:26.940+0000] {processor.py:925} INFO - DAG(s) 'example_python_operator' retrieved from /usr/local/python/3.12.1/lib/python3.12/site-packages/airflow/example_dags/example_python_operator.py
[2025-03-28T19:42:26.954+0000] {logging_mixin.py:190} INFO - [2025-03-28T19:42:26.954+0000] {dag.py:3239} INFO - Sync 1 DAGs
[2025-03-28T19:42:26.964+0000] {logging_mixin.py:190} INFO - [2025-03-28T19:42:26.964+0000] {dag.py:4180} INFO - Setting next_dagrun for example_python_operator to None, run_after=None
[2025-03-28T19:42:26.981+0000] {processor.py:208} INFO - Processing /usr/local/python/3.12.1/lib/python3.12/site-packages/airflow/example_dags/example_python_operator.py took 0.058 seconds
