[2025-03-28T18:24:28.872+0000] {processor.py:186} INFO - Started process (PID=9326) to work on /usr/local/python/3.12.1/lib/python3.12/site-packages/airflow/example_dags/example_inlet_event_extra.py
[2025-03-28T18:24:28.873+0000] {processor.py:914} INFO - Processing file /usr/local/python/3.12.1/lib/python3.12/site-packages/airflow/example_dags/example_inlet_event_extra.py for tasks to queue
[2025-03-28T18:24:28.874+0000] {logging_mixin.py:190} INFO - [2025-03-28T18:24:28.874+0000] {dagbag.py:588} INFO - Filling up the DagBag from /usr/local/python/3.12.1/lib/python3.12/site-packages/airflow/example_dags/example_inlet_event_extra.py
[2025-03-28T18:24:28.885+0000] {processor.py:925} INFO - DAG(s) 'read_dataset_event', 'read_dataset_event_from_classic' retrieved from /usr/local/python/3.12.1/lib/python3.12/site-packages/airflow/example_dags/example_inlet_event_extra.py
[2025-03-28T18:24:28.971+0000] {logging_mixin.py:190} INFO - [2025-03-28T18:24:28.970+0000] {override.py:1930} INFO - Created Permission View: can edit on DAG:read_dataset_event
[2025-03-28T18:24:28.979+0000] {logging_mixin.py:190} INFO - [2025-03-28T18:24:28.979+0000] {override.py:1930} INFO - Created Permission View: can delete on DAG:read_dataset_event
[2025-03-28T18:24:28.985+0000] {logging_mixin.py:190} INFO - [2025-03-28T18:24:28.985+0000] {override.py:1930} INFO - Created Permission View: can read on DAG:read_dataset_event
[2025-03-28T18:24:28.993+0000] {logging_mixin.py:190} INFO - [2025-03-28T18:24:28.993+0000] {override.py:1930} INFO - Created Permission View: menu access on DAG Run:read_dataset_event
[2025-03-28T18:24:28.999+0000] {logging_mixin.py:190} INFO - [2025-03-28T18:24:28.999+0000] {override.py:1930} INFO - Created Permission View: can create on DAG Run:read_dataset_event
[2025-03-28T18:24:29.005+0000] {logging_mixin.py:190} INFO - [2025-03-28T18:24:29.004+0000] {override.py:1930} INFO - Created Permission View: can delete on DAG Run:read_dataset_event
[2025-03-28T18:24:29.010+0000] {logging_mixin.py:190} INFO - [2025-03-28T18:24:29.010+0000] {override.py:1930} INFO - Created Permission View: can read on DAG Run:read_dataset_event
[2025-03-28T18:24:29.022+0000] {logging_mixin.py:190} INFO - [2025-03-28T18:24:29.021+0000] {override.py:1930} INFO - Created Permission View: can edit on DAG:read_dataset_event_from_classic
[2025-03-28T18:24:29.027+0000] {logging_mixin.py:190} INFO - [2025-03-28T18:24:29.027+0000] {override.py:1930} INFO - Created Permission View: can delete on DAG:read_dataset_event_from_classic
[2025-03-28T18:24:29.032+0000] {logging_mixin.py:190} INFO - [2025-03-28T18:24:29.032+0000] {override.py:1930} INFO - Created Permission View: can read on DAG:read_dataset_event_from_classic
[2025-03-28T18:24:29.041+0000] {logging_mixin.py:190} INFO - [2025-03-28T18:24:29.041+0000] {override.py:1930} INFO - Created Permission View: menu access on DAG Run:read_dataset_event_from_classic
[2025-03-28T18:24:29.047+0000] {logging_mixin.py:190} INFO - [2025-03-28T18:24:29.047+0000] {override.py:1930} INFO - Created Permission View: can create on DAG Run:read_dataset_event_from_classic
[2025-03-28T18:24:29.053+0000] {logging_mixin.py:190} INFO - [2025-03-28T18:24:29.053+0000] {override.py:1930} INFO - Created Permission View: can delete on DAG Run:read_dataset_event_from_classic
[2025-03-28T18:24:29.059+0000] {logging_mixin.py:190} INFO - [2025-03-28T18:24:29.059+0000] {override.py:1930} INFO - Created Permission View: can read on DAG Run:read_dataset_event_from_classic
[2025-03-28T18:24:29.059+0000] {logging_mixin.py:190} INFO - [2025-03-28T18:24:29.059+0000] {dag.py:3239} INFO - Sync 2 DAGs
[2025-03-28T18:24:29.068+0000] {logging_mixin.py:190} INFO - [2025-03-28T18:24:29.068+0000] {dag.py:3262} INFO - Creating ORM DAG for read_dataset_event_from_classic
[2025-03-28T18:24:29.068+0000] {logging_mixin.py:190} INFO - [2025-03-28T18:24:29.068+0000] {dag.py:3262} INFO - Creating ORM DAG for read_dataset_event
[2025-03-28T18:24:29.075+0000] {logging_mixin.py:190} INFO - [2025-03-28T18:24:29.075+0000] {dag.py:4180} INFO - Setting next_dagrun for read_dataset_event to 2025-03-27 00:00:00+00:00, run_after=2025-03-28 00:00:00+00:00
[2025-03-28T18:24:29.077+0000] {logging_mixin.py:190} INFO - [2025-03-28T18:24:29.077+0000] {dag.py:4180} INFO - Setting next_dagrun for read_dataset_event_from_classic to 2025-03-27 00:00:00+00:00, run_after=2025-03-28 00:00:00+00:00
[2025-03-28T18:24:29.091+0000] {processor.py:208} INFO - Processing /usr/local/python/3.12.1/lib/python3.12/site-packages/airflow/example_dags/example_inlet_event_extra.py took 0.223 seconds
[2025-03-28T18:25:25.895+0000] {processor.py:186} INFO - Started process (PID=9839) to work on /usr/local/python/3.12.1/lib/python3.12/site-packages/airflow/example_dags/example_inlet_event_extra.py
[2025-03-28T18:25:25.896+0000] {processor.py:914} INFO - Processing file /usr/local/python/3.12.1/lib/python3.12/site-packages/airflow/example_dags/example_inlet_event_extra.py for tasks to queue
[2025-03-28T18:25:25.898+0000] {logging_mixin.py:190} INFO - [2025-03-28T18:25:25.898+0000] {dagbag.py:588} INFO - Filling up the DagBag from /usr/local/python/3.12.1/lib/python3.12/site-packages/airflow/example_dags/example_inlet_event_extra.py
[2025-03-28T18:25:25.908+0000] {processor.py:925} INFO - DAG(s) 'read_dataset_event', 'read_dataset_event_from_classic' retrieved from /usr/local/python/3.12.1/lib/python3.12/site-packages/airflow/example_dags/example_inlet_event_extra.py
[2025-03-28T18:25:25.920+0000] {logging_mixin.py:190} INFO - [2025-03-28T18:25:25.920+0000] {dag.py:3239} INFO - Sync 2 DAGs
[2025-03-28T18:25:25.937+0000] {logging_mixin.py:190} INFO - [2025-03-28T18:25:25.937+0000] {dag.py:4180} INFO - Setting next_dagrun for read_dataset_event to 2025-03-27 00:00:00+00:00, run_after=2025-03-28 00:00:00+00:00
[2025-03-28T18:25:25.941+0000] {logging_mixin.py:190} INFO - [2025-03-28T18:25:25.941+0000] {dag.py:4180} INFO - Setting next_dagrun for read_dataset_event_from_classic to 2025-03-27 00:00:00+00:00, run_after=2025-03-28 00:00:00+00:00
[2025-03-28T18:25:25.955+0000] {processor.py:208} INFO - Processing /usr/local/python/3.12.1/lib/python3.12/site-packages/airflow/example_dags/example_inlet_event_extra.py took 0.064 seconds
[2025-03-28T18:28:28.212+0000] {processor.py:186} INFO - Started process (PID=11529) to work on /usr/local/python/3.12.1/lib/python3.12/site-packages/airflow/example_dags/example_inlet_event_extra.py
[2025-03-28T18:28:28.212+0000] {processor.py:914} INFO - Processing file /usr/local/python/3.12.1/lib/python3.12/site-packages/airflow/example_dags/example_inlet_event_extra.py for tasks to queue
[2025-03-28T18:28:28.214+0000] {logging_mixin.py:190} INFO - [2025-03-28T18:28:28.213+0000] {dagbag.py:588} INFO - Filling up the DagBag from /usr/local/python/3.12.1/lib/python3.12/site-packages/airflow/example_dags/example_inlet_event_extra.py
[2025-03-28T18:28:28.223+0000] {processor.py:925} INFO - DAG(s) 'read_dataset_event_from_classic', 'read_dataset_event' retrieved from /usr/local/python/3.12.1/lib/python3.12/site-packages/airflow/example_dags/example_inlet_event_extra.py
[2025-03-28T18:28:28.236+0000] {logging_mixin.py:190} INFO - [2025-03-28T18:28:28.236+0000] {dag.py:3239} INFO - Sync 2 DAGs
[2025-03-28T18:28:28.253+0000] {logging_mixin.py:190} INFO - [2025-03-28T18:28:28.252+0000] {dag.py:4180} INFO - Setting next_dagrun for read_dataset_event to 2025-03-27 00:00:00+00:00, run_after=2025-03-28 00:00:00+00:00
[2025-03-28T18:28:28.256+0000] {logging_mixin.py:190} INFO - [2025-03-28T18:28:28.256+0000] {dag.py:4180} INFO - Setting next_dagrun for read_dataset_event_from_classic to 2025-03-27 00:00:00+00:00, run_after=2025-03-28 00:00:00+00:00
[2025-03-28T18:28:28.269+0000] {processor.py:208} INFO - Processing /usr/local/python/3.12.1/lib/python3.12/site-packages/airflow/example_dags/example_inlet_event_extra.py took 0.061 seconds
[2025-03-28T18:29:22.451+0000] {processor.py:186} INFO - Started process (PID=11972) to work on /usr/local/python/3.12.1/lib/python3.12/site-packages/airflow/example_dags/example_inlet_event_extra.py
[2025-03-28T18:29:22.452+0000] {processor.py:914} INFO - Processing file /usr/local/python/3.12.1/lib/python3.12/site-packages/airflow/example_dags/example_inlet_event_extra.py for tasks to queue
[2025-03-28T18:29:22.453+0000] {logging_mixin.py:190} INFO - [2025-03-28T18:29:22.453+0000] {dagbag.py:588} INFO - Filling up the DagBag from /usr/local/python/3.12.1/lib/python3.12/site-packages/airflow/example_dags/example_inlet_event_extra.py
[2025-03-28T18:29:22.463+0000] {processor.py:925} INFO - DAG(s) 'read_dataset_event_from_classic', 'read_dataset_event' retrieved from /usr/local/python/3.12.1/lib/python3.12/site-packages/airflow/example_dags/example_inlet_event_extra.py
[2025-03-28T18:29:22.474+0000] {logging_mixin.py:190} INFO - [2025-03-28T18:29:22.474+0000] {dag.py:3239} INFO - Sync 2 DAGs
[2025-03-28T18:29:22.491+0000] {logging_mixin.py:190} INFO - [2025-03-28T18:29:22.491+0000] {dag.py:4180} INFO - Setting next_dagrun for read_dataset_event to 2025-03-27 00:00:00+00:00, run_after=2025-03-28 00:00:00+00:00
[2025-03-28T18:29:22.494+0000] {logging_mixin.py:190} INFO - [2025-03-28T18:29:22.494+0000] {dag.py:4180} INFO - Setting next_dagrun for read_dataset_event_from_classic to 2025-03-27 00:00:00+00:00, run_after=2025-03-28 00:00:00+00:00
[2025-03-28T18:29:22.507+0000] {processor.py:208} INFO - Processing /usr/local/python/3.12.1/lib/python3.12/site-packages/airflow/example_dags/example_inlet_event_extra.py took 0.060 seconds
[2025-03-28T18:30:16.215+0000] {processor.py:186} INFO - Started process (PID=12434) to work on /usr/local/python/3.12.1/lib/python3.12/site-packages/airflow/example_dags/example_inlet_event_extra.py
[2025-03-28T18:30:16.215+0000] {processor.py:914} INFO - Processing file /usr/local/python/3.12.1/lib/python3.12/site-packages/airflow/example_dags/example_inlet_event_extra.py for tasks to queue
[2025-03-28T18:30:16.216+0000] {logging_mixin.py:190} INFO - [2025-03-28T18:30:16.216+0000] {dagbag.py:588} INFO - Filling up the DagBag from /usr/local/python/3.12.1/lib/python3.12/site-packages/airflow/example_dags/example_inlet_event_extra.py
[2025-03-28T18:30:16.226+0000] {processor.py:925} INFO - DAG(s) 'read_dataset_event_from_classic', 'read_dataset_event' retrieved from /usr/local/python/3.12.1/lib/python3.12/site-packages/airflow/example_dags/example_inlet_event_extra.py
[2025-03-28T18:30:16.238+0000] {logging_mixin.py:190} INFO - [2025-03-28T18:30:16.238+0000] {dag.py:3239} INFO - Sync 2 DAGs
[2025-03-28T18:30:16.254+0000] {logging_mixin.py:190} INFO - [2025-03-28T18:30:16.254+0000] {dag.py:4180} INFO - Setting next_dagrun for read_dataset_event to 2025-03-27 00:00:00+00:00, run_after=2025-03-28 00:00:00+00:00
[2025-03-28T18:30:16.257+0000] {logging_mixin.py:190} INFO - [2025-03-28T18:30:16.257+0000] {dag.py:4180} INFO - Setting next_dagrun for read_dataset_event_from_classic to 2025-03-27 00:00:00+00:00, run_after=2025-03-28 00:00:00+00:00
[2025-03-28T18:30:16.271+0000] {processor.py:208} INFO - Processing /usr/local/python/3.12.1/lib/python3.12/site-packages/airflow/example_dags/example_inlet_event_extra.py took 0.060 seconds
[2025-03-28T18:31:28.012+0000] {processor.py:186} INFO - Started process (PID=13014) to work on /usr/local/python/3.12.1/lib/python3.12/site-packages/airflow/example_dags/example_inlet_event_extra.py
[2025-03-28T18:31:28.013+0000] {processor.py:914} INFO - Processing file /usr/local/python/3.12.1/lib/python3.12/site-packages/airflow/example_dags/example_inlet_event_extra.py for tasks to queue
[2025-03-28T18:31:28.014+0000] {logging_mixin.py:190} INFO - [2025-03-28T18:31:28.014+0000] {dagbag.py:588} INFO - Filling up the DagBag from /usr/local/python/3.12.1/lib/python3.12/site-packages/airflow/example_dags/example_inlet_event_extra.py
[2025-03-28T18:31:28.024+0000] {processor.py:925} INFO - DAG(s) 'read_dataset_event', 'read_dataset_event_from_classic' retrieved from /usr/local/python/3.12.1/lib/python3.12/site-packages/airflow/example_dags/example_inlet_event_extra.py
[2025-03-28T18:31:28.035+0000] {logging_mixin.py:190} INFO - [2025-03-28T18:31:28.035+0000] {dag.py:3239} INFO - Sync 2 DAGs
[2025-03-28T18:31:28.051+0000] {logging_mixin.py:190} INFO - [2025-03-28T18:31:28.051+0000] {dag.py:4180} INFO - Setting next_dagrun for read_dataset_event to 2025-03-27 00:00:00+00:00, run_after=2025-03-28 00:00:00+00:00
[2025-03-28T18:31:28.055+0000] {logging_mixin.py:190} INFO - [2025-03-28T18:31:28.055+0000] {dag.py:4180} INFO - Setting next_dagrun for read_dataset_event_from_classic to 2025-03-27 00:00:00+00:00, run_after=2025-03-28 00:00:00+00:00
[2025-03-28T18:31:28.070+0000] {processor.py:208} INFO - Processing /usr/local/python/3.12.1/lib/python3.12/site-packages/airflow/example_dags/example_inlet_event_extra.py took 0.061 seconds
[2025-03-28T18:32:16.830+0000] {processor.py:186} INFO - Started process (PID=13466) to work on /usr/local/python/3.12.1/lib/python3.12/site-packages/airflow/example_dags/example_inlet_event_extra.py
[2025-03-28T18:32:16.831+0000] {processor.py:914} INFO - Processing file /usr/local/python/3.12.1/lib/python3.12/site-packages/airflow/example_dags/example_inlet_event_extra.py for tasks to queue
[2025-03-28T18:32:16.832+0000] {logging_mixin.py:190} INFO - [2025-03-28T18:32:16.832+0000] {dagbag.py:588} INFO - Filling up the DagBag from /usr/local/python/3.12.1/lib/python3.12/site-packages/airflow/example_dags/example_inlet_event_extra.py
[2025-03-28T18:32:16.842+0000] {processor.py:925} INFO - DAG(s) 'read_dataset_event_from_classic', 'read_dataset_event' retrieved from /usr/local/python/3.12.1/lib/python3.12/site-packages/airflow/example_dags/example_inlet_event_extra.py
[2025-03-28T18:32:16.853+0000] {logging_mixin.py:190} INFO - [2025-03-28T18:32:16.853+0000] {dag.py:3239} INFO - Sync 2 DAGs
[2025-03-28T18:32:16.869+0000] {logging_mixin.py:190} INFO - [2025-03-28T18:32:16.869+0000] {dag.py:4180} INFO - Setting next_dagrun for read_dataset_event to 2025-03-27 00:00:00+00:00, run_after=2025-03-28 00:00:00+00:00
[2025-03-28T18:32:16.873+0000] {logging_mixin.py:190} INFO - [2025-03-28T18:32:16.873+0000] {dag.py:4180} INFO - Setting next_dagrun for read_dataset_event_from_classic to 2025-03-27 00:00:00+00:00, run_after=2025-03-28 00:00:00+00:00
[2025-03-28T18:32:16.886+0000] {processor.py:208} INFO - Processing /usr/local/python/3.12.1/lib/python3.12/site-packages/airflow/example_dags/example_inlet_event_extra.py took 0.059 seconds
[2025-03-28T18:33:06.366+0000] {processor.py:186} INFO - Started process (PID=13956) to work on /usr/local/python/3.12.1/lib/python3.12/site-packages/airflow/example_dags/example_inlet_event_extra.py
[2025-03-28T18:33:06.367+0000] {processor.py:914} INFO - Processing file /usr/local/python/3.12.1/lib/python3.12/site-packages/airflow/example_dags/example_inlet_event_extra.py for tasks to queue
[2025-03-28T18:33:06.368+0000] {logging_mixin.py:190} INFO - [2025-03-28T18:33:06.368+0000] {dagbag.py:588} INFO - Filling up the DagBag from /usr/local/python/3.12.1/lib/python3.12/site-packages/airflow/example_dags/example_inlet_event_extra.py
[2025-03-28T18:33:06.378+0000] {processor.py:925} INFO - DAG(s) 'read_dataset_event_from_classic', 'read_dataset_event' retrieved from /usr/local/python/3.12.1/lib/python3.12/site-packages/airflow/example_dags/example_inlet_event_extra.py
[2025-03-28T18:33:06.389+0000] {logging_mixin.py:190} INFO - [2025-03-28T18:33:06.389+0000] {dag.py:3239} INFO - Sync 2 DAGs
[2025-03-28T18:33:06.406+0000] {logging_mixin.py:190} INFO - [2025-03-28T18:33:06.405+0000] {dag.py:4180} INFO - Setting next_dagrun for read_dataset_event to 2025-03-27 00:00:00+00:00, run_after=2025-03-28 00:00:00+00:00
[2025-03-28T18:33:06.409+0000] {logging_mixin.py:190} INFO - [2025-03-28T18:33:06.409+0000] {dag.py:4180} INFO - Setting next_dagrun for read_dataset_event_from_classic to 2025-03-27 00:00:00+00:00, run_after=2025-03-28 00:00:00+00:00
[2025-03-28T18:33:06.422+0000] {processor.py:208} INFO - Processing /usr/local/python/3.12.1/lib/python3.12/site-packages/airflow/example_dags/example_inlet_event_extra.py took 0.059 seconds
[2025-03-28T18:33:55.982+0000] {processor.py:186} INFO - Started process (PID=14410) to work on /usr/local/python/3.12.1/lib/python3.12/site-packages/airflow/example_dags/example_inlet_event_extra.py
[2025-03-28T18:33:55.983+0000] {processor.py:914} INFO - Processing file /usr/local/python/3.12.1/lib/python3.12/site-packages/airflow/example_dags/example_inlet_event_extra.py for tasks to queue
[2025-03-28T18:33:55.984+0000] {logging_mixin.py:190} INFO - [2025-03-28T18:33:55.984+0000] {dagbag.py:588} INFO - Filling up the DagBag from /usr/local/python/3.12.1/lib/python3.12/site-packages/airflow/example_dags/example_inlet_event_extra.py
[2025-03-28T18:33:55.996+0000] {processor.py:925} INFO - DAG(s) 'read_dataset_event_from_classic', 'read_dataset_event' retrieved from /usr/local/python/3.12.1/lib/python3.12/site-packages/airflow/example_dags/example_inlet_event_extra.py
[2025-03-28T18:33:56.010+0000] {logging_mixin.py:190} INFO - [2025-03-28T18:33:56.010+0000] {dag.py:3239} INFO - Sync 2 DAGs
[2025-03-28T18:33:56.029+0000] {logging_mixin.py:190} INFO - [2025-03-28T18:33:56.029+0000] {dag.py:4180} INFO - Setting next_dagrun for read_dataset_event to 2025-03-27 00:00:00+00:00, run_after=2025-03-28 00:00:00+00:00
[2025-03-28T18:33:56.032+0000] {logging_mixin.py:190} INFO - [2025-03-28T18:33:56.032+0000] {dag.py:4180} INFO - Setting next_dagrun for read_dataset_event_from_classic to 2025-03-27 00:00:00+00:00, run_after=2025-03-28 00:00:00+00:00
[2025-03-28T18:33:56.045+0000] {processor.py:208} INFO - Processing /usr/local/python/3.12.1/lib/python3.12/site-packages/airflow/example_dags/example_inlet_event_extra.py took 0.067 seconds
[2025-03-28T18:34:46.231+0000] {processor.py:186} INFO - Started process (PID=14810) to work on /usr/local/python/3.12.1/lib/python3.12/site-packages/airflow/example_dags/example_inlet_event_extra.py
[2025-03-28T18:34:46.231+0000] {processor.py:914} INFO - Processing file /usr/local/python/3.12.1/lib/python3.12/site-packages/airflow/example_dags/example_inlet_event_extra.py for tasks to queue
[2025-03-28T18:34:46.233+0000] {logging_mixin.py:190} INFO - [2025-03-28T18:34:46.232+0000] {dagbag.py:588} INFO - Filling up the DagBag from /usr/local/python/3.12.1/lib/python3.12/site-packages/airflow/example_dags/example_inlet_event_extra.py
[2025-03-28T18:34:46.242+0000] {processor.py:925} INFO - DAG(s) 'read_dataset_event_from_classic', 'read_dataset_event' retrieved from /usr/local/python/3.12.1/lib/python3.12/site-packages/airflow/example_dags/example_inlet_event_extra.py
[2025-03-28T18:34:46.253+0000] {logging_mixin.py:190} INFO - [2025-03-28T18:34:46.253+0000] {dag.py:3239} INFO - Sync 2 DAGs
[2025-03-28T18:34:46.269+0000] {logging_mixin.py:190} INFO - [2025-03-28T18:34:46.269+0000] {dag.py:4180} INFO - Setting next_dagrun for read_dataset_event to 2025-03-27 00:00:00+00:00, run_after=2025-03-28 00:00:00+00:00
[2025-03-28T18:34:46.273+0000] {logging_mixin.py:190} INFO - [2025-03-28T18:34:46.273+0000] {dag.py:4180} INFO - Setting next_dagrun for read_dataset_event_from_classic to 2025-03-27 00:00:00+00:00, run_after=2025-03-28 00:00:00+00:00
[2025-03-28T18:34:46.286+0000] {processor.py:208} INFO - Processing /usr/local/python/3.12.1/lib/python3.12/site-packages/airflow/example_dags/example_inlet_event_extra.py took 0.059 seconds
[2025-03-28T18:35:37.182+0000] {processor.py:186} INFO - Started process (PID=15262) to work on /usr/local/python/3.12.1/lib/python3.12/site-packages/airflow/example_dags/example_inlet_event_extra.py
[2025-03-28T18:35:37.183+0000] {processor.py:914} INFO - Processing file /usr/local/python/3.12.1/lib/python3.12/site-packages/airflow/example_dags/example_inlet_event_extra.py for tasks to queue
[2025-03-28T18:35:37.184+0000] {logging_mixin.py:190} INFO - [2025-03-28T18:35:37.184+0000] {dagbag.py:588} INFO - Filling up the DagBag from /usr/local/python/3.12.1/lib/python3.12/site-packages/airflow/example_dags/example_inlet_event_extra.py
[2025-03-28T18:35:37.194+0000] {processor.py:925} INFO - DAG(s) 'read_dataset_event', 'read_dataset_event_from_classic' retrieved from /usr/local/python/3.12.1/lib/python3.12/site-packages/airflow/example_dags/example_inlet_event_extra.py
[2025-03-28T18:35:37.206+0000] {logging_mixin.py:190} INFO - [2025-03-28T18:35:37.206+0000] {dag.py:3239} INFO - Sync 2 DAGs
[2025-03-28T18:35:37.222+0000] {logging_mixin.py:190} INFO - [2025-03-28T18:35:37.222+0000] {dag.py:4180} INFO - Setting next_dagrun for read_dataset_event to 2025-03-27 00:00:00+00:00, run_after=2025-03-28 00:00:00+00:00
[2025-03-28T18:35:37.226+0000] {logging_mixin.py:190} INFO - [2025-03-28T18:35:37.226+0000] {dag.py:4180} INFO - Setting next_dagrun for read_dataset_event_from_classic to 2025-03-27 00:00:00+00:00, run_after=2025-03-28 00:00:00+00:00
[2025-03-28T18:35:37.239+0000] {processor.py:208} INFO - Processing /usr/local/python/3.12.1/lib/python3.12/site-packages/airflow/example_dags/example_inlet_event_extra.py took 0.061 seconds
[2025-03-28T18:38:01.827+0000] {processor.py:186} INFO - Started process (PID=16801) to work on /usr/local/python/3.12.1/lib/python3.12/site-packages/airflow/example_dags/example_inlet_event_extra.py
[2025-03-28T18:38:01.827+0000] {processor.py:914} INFO - Processing file /usr/local/python/3.12.1/lib/python3.12/site-packages/airflow/example_dags/example_inlet_event_extra.py for tasks to queue
[2025-03-28T18:38:01.829+0000] {logging_mixin.py:190} INFO - [2025-03-28T18:38:01.829+0000] {dagbag.py:588} INFO - Filling up the DagBag from /usr/local/python/3.12.1/lib/python3.12/site-packages/airflow/example_dags/example_inlet_event_extra.py
[2025-03-28T18:38:01.839+0000] {processor.py:925} INFO - DAG(s) 'read_dataset_event_from_classic', 'read_dataset_event' retrieved from /usr/local/python/3.12.1/lib/python3.12/site-packages/airflow/example_dags/example_inlet_event_extra.py
[2025-03-28T18:38:01.852+0000] {logging_mixin.py:190} INFO - [2025-03-28T18:38:01.852+0000] {dag.py:3239} INFO - Sync 2 DAGs
[2025-03-28T18:38:01.870+0000] {logging_mixin.py:190} INFO - [2025-03-28T18:38:01.869+0000] {dag.py:4180} INFO - Setting next_dagrun for read_dataset_event to 2025-03-27 00:00:00+00:00, run_after=2025-03-28 00:00:00+00:00
[2025-03-28T18:38:01.873+0000] {logging_mixin.py:190} INFO - [2025-03-28T18:38:01.873+0000] {dag.py:4180} INFO - Setting next_dagrun for read_dataset_event_from_classic to 2025-03-27 00:00:00+00:00, run_after=2025-03-28 00:00:00+00:00
[2025-03-28T18:38:01.886+0000] {processor.py:208} INFO - Processing /usr/local/python/3.12.1/lib/python3.12/site-packages/airflow/example_dags/example_inlet_event_extra.py took 0.063 seconds
[2025-03-28T18:38:57.223+0000] {processor.py:186} INFO - Started process (PID=17284) to work on /usr/local/python/3.12.1/lib/python3.12/site-packages/airflow/example_dags/example_inlet_event_extra.py
[2025-03-28T18:38:57.224+0000] {processor.py:914} INFO - Processing file /usr/local/python/3.12.1/lib/python3.12/site-packages/airflow/example_dags/example_inlet_event_extra.py for tasks to queue
[2025-03-28T18:38:57.225+0000] {logging_mixin.py:190} INFO - [2025-03-28T18:38:57.225+0000] {dagbag.py:588} INFO - Filling up the DagBag from /usr/local/python/3.12.1/lib/python3.12/site-packages/airflow/example_dags/example_inlet_event_extra.py
[2025-03-28T18:38:57.235+0000] {processor.py:925} INFO - DAG(s) 'read_dataset_event_from_classic', 'read_dataset_event' retrieved from /usr/local/python/3.12.1/lib/python3.12/site-packages/airflow/example_dags/example_inlet_event_extra.py
[2025-03-28T18:38:57.246+0000] {logging_mixin.py:190} INFO - [2025-03-28T18:38:57.246+0000] {dag.py:3239} INFO - Sync 2 DAGs
[2025-03-28T18:38:57.262+0000] {logging_mixin.py:190} INFO - [2025-03-28T18:38:57.262+0000] {dag.py:4180} INFO - Setting next_dagrun for read_dataset_event to 2025-03-27 00:00:00+00:00, run_after=2025-03-28 00:00:00+00:00
[2025-03-28T18:38:57.266+0000] {logging_mixin.py:190} INFO - [2025-03-28T18:38:57.266+0000] {dag.py:4180} INFO - Setting next_dagrun for read_dataset_event_from_classic to 2025-03-27 00:00:00+00:00, run_after=2025-03-28 00:00:00+00:00
[2025-03-28T18:38:57.278+0000] {processor.py:208} INFO - Processing /usr/local/python/3.12.1/lib/python3.12/site-packages/airflow/example_dags/example_inlet_event_extra.py took 0.059 seconds
[2025-03-28T18:40:51.116+0000] {processor.py:186} INFO - Started process (PID=18452) to work on /usr/local/python/3.12.1/lib/python3.12/site-packages/airflow/example_dags/example_inlet_event_extra.py
[2025-03-28T18:40:51.117+0000] {processor.py:914} INFO - Processing file /usr/local/python/3.12.1/lib/python3.12/site-packages/airflow/example_dags/example_inlet_event_extra.py for tasks to queue
[2025-03-28T18:40:51.118+0000] {logging_mixin.py:190} INFO - [2025-03-28T18:40:51.118+0000] {dagbag.py:588} INFO - Filling up the DagBag from /usr/local/python/3.12.1/lib/python3.12/site-packages/airflow/example_dags/example_inlet_event_extra.py
[2025-03-28T18:40:51.128+0000] {processor.py:925} INFO - DAG(s) 'read_dataset_event_from_classic', 'read_dataset_event' retrieved from /usr/local/python/3.12.1/lib/python3.12/site-packages/airflow/example_dags/example_inlet_event_extra.py
[2025-03-28T18:40:51.141+0000] {logging_mixin.py:190} INFO - [2025-03-28T18:40:51.141+0000] {dag.py:3239} INFO - Sync 2 DAGs
[2025-03-28T18:40:51.163+0000] {logging_mixin.py:190} INFO - [2025-03-28T18:40:51.163+0000] {dag.py:4180} INFO - Setting next_dagrun for read_dataset_event to 2025-03-27 00:00:00+00:00, run_after=2025-03-28 00:00:00+00:00
[2025-03-28T18:40:51.168+0000] {logging_mixin.py:190} INFO - [2025-03-28T18:40:51.168+0000] {dag.py:4180} INFO - Setting next_dagrun for read_dataset_event_from_classic to 2025-03-27 00:00:00+00:00, run_after=2025-03-28 00:00:00+00:00
[2025-03-28T18:40:51.180+0000] {processor.py:208} INFO - Processing /usr/local/python/3.12.1/lib/python3.12/site-packages/airflow/example_dags/example_inlet_event_extra.py took 0.068 seconds
[2025-03-28T18:41:43.397+0000] {processor.py:186} INFO - Started process (PID=19041) to work on /usr/local/python/3.12.1/lib/python3.12/site-packages/airflow/example_dags/example_inlet_event_extra.py
[2025-03-28T18:41:43.397+0000] {processor.py:914} INFO - Processing file /usr/local/python/3.12.1/lib/python3.12/site-packages/airflow/example_dags/example_inlet_event_extra.py for tasks to queue
[2025-03-28T18:41:43.399+0000] {logging_mixin.py:190} INFO - [2025-03-28T18:41:43.399+0000] {dagbag.py:588} INFO - Filling up the DagBag from /usr/local/python/3.12.1/lib/python3.12/site-packages/airflow/example_dags/example_inlet_event_extra.py
[2025-03-28T18:41:43.412+0000] {processor.py:925} INFO - DAG(s) 'read_dataset_event', 'read_dataset_event_from_classic' retrieved from /usr/local/python/3.12.1/lib/python3.12/site-packages/airflow/example_dags/example_inlet_event_extra.py
[2025-03-28T18:41:43.426+0000] {logging_mixin.py:190} INFO - [2025-03-28T18:41:43.426+0000] {dag.py:3239} INFO - Sync 2 DAGs
[2025-03-28T18:41:43.442+0000] {logging_mixin.py:190} INFO - [2025-03-28T18:41:43.442+0000] {dag.py:4180} INFO - Setting next_dagrun for read_dataset_event to 2025-03-27 00:00:00+00:00, run_after=2025-03-28 00:00:00+00:00
[2025-03-28T18:41:43.446+0000] {logging_mixin.py:190} INFO - [2025-03-28T18:41:43.446+0000] {dag.py:4180} INFO - Setting next_dagrun for read_dataset_event_from_classic to 2025-03-27 00:00:00+00:00, run_after=2025-03-28 00:00:00+00:00
[2025-03-28T18:41:43.459+0000] {processor.py:208} INFO - Processing /usr/local/python/3.12.1/lib/python3.12/site-packages/airflow/example_dags/example_inlet_event_extra.py took 0.068 seconds
[2025-03-28T18:42:42.171+0000] {processor.py:186} INFO - Started process (PID=19565) to work on /usr/local/python/3.12.1/lib/python3.12/site-packages/airflow/example_dags/example_inlet_event_extra.py
[2025-03-28T18:42:42.171+0000] {processor.py:914} INFO - Processing file /usr/local/python/3.12.1/lib/python3.12/site-packages/airflow/example_dags/example_inlet_event_extra.py for tasks to queue
[2025-03-28T18:42:42.173+0000] {logging_mixin.py:190} INFO - [2025-03-28T18:42:42.172+0000] {dagbag.py:588} INFO - Filling up the DagBag from /usr/local/python/3.12.1/lib/python3.12/site-packages/airflow/example_dags/example_inlet_event_extra.py
[2025-03-28T18:42:42.182+0000] {processor.py:925} INFO - DAG(s) 'read_dataset_event', 'read_dataset_event_from_classic' retrieved from /usr/local/python/3.12.1/lib/python3.12/site-packages/airflow/example_dags/example_inlet_event_extra.py
[2025-03-28T18:42:42.194+0000] {logging_mixin.py:190} INFO - [2025-03-28T18:42:42.193+0000] {dag.py:3239} INFO - Sync 2 DAGs
[2025-03-28T18:42:42.210+0000] {logging_mixin.py:190} INFO - [2025-03-28T18:42:42.210+0000] {dag.py:4180} INFO - Setting next_dagrun for read_dataset_event to 2025-03-27 00:00:00+00:00, run_after=2025-03-28 00:00:00+00:00
[2025-03-28T18:42:42.214+0000] {logging_mixin.py:190} INFO - [2025-03-28T18:42:42.213+0000] {dag.py:4180} INFO - Setting next_dagrun for read_dataset_event_from_classic to 2025-03-27 00:00:00+00:00, run_after=2025-03-28 00:00:00+00:00
[2025-03-28T18:42:42.226+0000] {processor.py:208} INFO - Processing /usr/local/python/3.12.1/lib/python3.12/site-packages/airflow/example_dags/example_inlet_event_extra.py took 0.059 seconds
[2025-03-28T18:43:38.683+0000] {processor.py:186} INFO - Started process (PID=20054) to work on /usr/local/python/3.12.1/lib/python3.12/site-packages/airflow/example_dags/example_inlet_event_extra.py
[2025-03-28T18:43:38.684+0000] {processor.py:914} INFO - Processing file /usr/local/python/3.12.1/lib/python3.12/site-packages/airflow/example_dags/example_inlet_event_extra.py for tasks to queue
[2025-03-28T18:43:38.685+0000] {logging_mixin.py:190} INFO - [2025-03-28T18:43:38.685+0000] {dagbag.py:588} INFO - Filling up the DagBag from /usr/local/python/3.12.1/lib/python3.12/site-packages/airflow/example_dags/example_inlet_event_extra.py
[2025-03-28T18:43:38.695+0000] {processor.py:925} INFO - DAG(s) 'read_dataset_event_from_classic', 'read_dataset_event' retrieved from /usr/local/python/3.12.1/lib/python3.12/site-packages/airflow/example_dags/example_inlet_event_extra.py
[2025-03-28T18:43:38.707+0000] {logging_mixin.py:190} INFO - [2025-03-28T18:43:38.707+0000] {dag.py:3239} INFO - Sync 2 DAGs
[2025-03-28T18:43:38.724+0000] {logging_mixin.py:190} INFO - [2025-03-28T18:43:38.724+0000] {dag.py:4180} INFO - Setting next_dagrun for read_dataset_event to 2025-03-27 00:00:00+00:00, run_after=2025-03-28 00:00:00+00:00
[2025-03-28T18:43:38.727+0000] {logging_mixin.py:190} INFO - [2025-03-28T18:43:38.727+0000] {dag.py:4180} INFO - Setting next_dagrun for read_dataset_event_from_classic to 2025-03-27 00:00:00+00:00, run_after=2025-03-28 00:00:00+00:00
[2025-03-28T18:43:38.740+0000] {processor.py:208} INFO - Processing /usr/local/python/3.12.1/lib/python3.12/site-packages/airflow/example_dags/example_inlet_event_extra.py took 0.061 seconds
[2025-03-28T18:44:34.306+0000] {processor.py:186} INFO - Started process (PID=20559) to work on /usr/local/python/3.12.1/lib/python3.12/site-packages/airflow/example_dags/example_inlet_event_extra.py
[2025-03-28T18:44:34.307+0000] {processor.py:914} INFO - Processing file /usr/local/python/3.12.1/lib/python3.12/site-packages/airflow/example_dags/example_inlet_event_extra.py for tasks to queue
[2025-03-28T18:44:34.308+0000] {logging_mixin.py:190} INFO - [2025-03-28T18:44:34.308+0000] {dagbag.py:588} INFO - Filling up the DagBag from /usr/local/python/3.12.1/lib/python3.12/site-packages/airflow/example_dags/example_inlet_event_extra.py
[2025-03-28T18:44:34.318+0000] {processor.py:925} INFO - DAG(s) 'read_dataset_event', 'read_dataset_event_from_classic' retrieved from /usr/local/python/3.12.1/lib/python3.12/site-packages/airflow/example_dags/example_inlet_event_extra.py
[2025-03-28T18:44:34.330+0000] {logging_mixin.py:190} INFO - [2025-03-28T18:44:34.330+0000] {dag.py:3239} INFO - Sync 2 DAGs
[2025-03-28T18:44:34.346+0000] {logging_mixin.py:190} INFO - [2025-03-28T18:44:34.346+0000] {dag.py:4180} INFO - Setting next_dagrun for read_dataset_event to 2025-03-27 00:00:00+00:00, run_after=2025-03-28 00:00:00+00:00
[2025-03-28T18:44:34.350+0000] {logging_mixin.py:190} INFO - [2025-03-28T18:44:34.349+0000] {dag.py:4180} INFO - Setting next_dagrun for read_dataset_event_from_classic to 2025-03-27 00:00:00+00:00, run_after=2025-03-28 00:00:00+00:00
[2025-03-28T18:44:34.362+0000] {processor.py:208} INFO - Processing /usr/local/python/3.12.1/lib/python3.12/site-packages/airflow/example_dags/example_inlet_event_extra.py took 0.060 seconds
[2025-03-28T18:45:27.929+0000] {processor.py:186} INFO - Started process (PID=21030) to work on /usr/local/python/3.12.1/lib/python3.12/site-packages/airflow/example_dags/example_inlet_event_extra.py
[2025-03-28T18:45:27.930+0000] {processor.py:914} INFO - Processing file /usr/local/python/3.12.1/lib/python3.12/site-packages/airflow/example_dags/example_inlet_event_extra.py for tasks to queue
[2025-03-28T18:45:27.931+0000] {logging_mixin.py:190} INFO - [2025-03-28T18:45:27.931+0000] {dagbag.py:588} INFO - Filling up the DagBag from /usr/local/python/3.12.1/lib/python3.12/site-packages/airflow/example_dags/example_inlet_event_extra.py
[2025-03-28T18:45:27.941+0000] {processor.py:925} INFO - DAG(s) 'read_dataset_event', 'read_dataset_event_from_classic' retrieved from /usr/local/python/3.12.1/lib/python3.12/site-packages/airflow/example_dags/example_inlet_event_extra.py
[2025-03-28T18:45:27.952+0000] {logging_mixin.py:190} INFO - [2025-03-28T18:45:27.952+0000] {dag.py:3239} INFO - Sync 2 DAGs
[2025-03-28T18:45:27.969+0000] {logging_mixin.py:190} INFO - [2025-03-28T18:45:27.968+0000] {dag.py:4180} INFO - Setting next_dagrun for read_dataset_event to 2025-03-27 00:00:00+00:00, run_after=2025-03-28 00:00:00+00:00
[2025-03-28T18:45:27.972+0000] {logging_mixin.py:190} INFO - [2025-03-28T18:45:27.972+0000] {dag.py:4180} INFO - Setting next_dagrun for read_dataset_event_from_classic to 2025-03-27 00:00:00+00:00, run_after=2025-03-28 00:00:00+00:00
[2025-03-28T18:45:27.985+0000] {processor.py:208} INFO - Processing /usr/local/python/3.12.1/lib/python3.12/site-packages/airflow/example_dags/example_inlet_event_extra.py took 0.059 seconds
[2025-03-28T18:46:21.890+0000] {processor.py:186} INFO - Started process (PID=21502) to work on /usr/local/python/3.12.1/lib/python3.12/site-packages/airflow/example_dags/example_inlet_event_extra.py
[2025-03-28T18:46:21.891+0000] {processor.py:914} INFO - Processing file /usr/local/python/3.12.1/lib/python3.12/site-packages/airflow/example_dags/example_inlet_event_extra.py for tasks to queue
[2025-03-28T18:46:21.892+0000] {logging_mixin.py:190} INFO - [2025-03-28T18:46:21.892+0000] {dagbag.py:588} INFO - Filling up the DagBag from /usr/local/python/3.12.1/lib/python3.12/site-packages/airflow/example_dags/example_inlet_event_extra.py
[2025-03-28T18:46:21.904+0000] {processor.py:925} INFO - DAG(s) 'read_dataset_event_from_classic', 'read_dataset_event' retrieved from /usr/local/python/3.12.1/lib/python3.12/site-packages/airflow/example_dags/example_inlet_event_extra.py
[2025-03-28T18:46:21.917+0000] {logging_mixin.py:190} INFO - [2025-03-28T18:46:21.917+0000] {dag.py:3239} INFO - Sync 2 DAGs
[2025-03-28T18:46:21.933+0000] {logging_mixin.py:190} INFO - [2025-03-28T18:46:21.933+0000] {dag.py:4180} INFO - Setting next_dagrun for read_dataset_event to 2025-03-27 00:00:00+00:00, run_after=2025-03-28 00:00:00+00:00
[2025-03-28T18:46:21.937+0000] {logging_mixin.py:190} INFO - [2025-03-28T18:46:21.937+0000] {dag.py:4180} INFO - Setting next_dagrun for read_dataset_event_from_classic to 2025-03-27 00:00:00+00:00, run_after=2025-03-28 00:00:00+00:00
[2025-03-28T18:46:21.951+0000] {processor.py:208} INFO - Processing /usr/local/python/3.12.1/lib/python3.12/site-packages/airflow/example_dags/example_inlet_event_extra.py took 0.064 seconds
[2025-03-28T18:47:16.650+0000] {processor.py:186} INFO - Started process (PID=21988) to work on /usr/local/python/3.12.1/lib/python3.12/site-packages/airflow/example_dags/example_inlet_event_extra.py
[2025-03-28T18:47:16.651+0000] {processor.py:914} INFO - Processing file /usr/local/python/3.12.1/lib/python3.12/site-packages/airflow/example_dags/example_inlet_event_extra.py for tasks to queue
[2025-03-28T18:47:16.652+0000] {logging_mixin.py:190} INFO - [2025-03-28T18:47:16.651+0000] {dagbag.py:588} INFO - Filling up the DagBag from /usr/local/python/3.12.1/lib/python3.12/site-packages/airflow/example_dags/example_inlet_event_extra.py
[2025-03-28T18:47:16.661+0000] {processor.py:925} INFO - DAG(s) 'read_dataset_event', 'read_dataset_event_from_classic' retrieved from /usr/local/python/3.12.1/lib/python3.12/site-packages/airflow/example_dags/example_inlet_event_extra.py
[2025-03-28T18:47:16.673+0000] {logging_mixin.py:190} INFO - [2025-03-28T18:47:16.673+0000] {dag.py:3239} INFO - Sync 2 DAGs
[2025-03-28T18:47:16.690+0000] {logging_mixin.py:190} INFO - [2025-03-28T18:47:16.689+0000] {dag.py:4180} INFO - Setting next_dagrun for read_dataset_event to 2025-03-27 00:00:00+00:00, run_after=2025-03-28 00:00:00+00:00
[2025-03-28T18:47:16.693+0000] {logging_mixin.py:190} INFO - [2025-03-28T18:47:16.693+0000] {dag.py:4180} INFO - Setting next_dagrun for read_dataset_event_from_classic to 2025-03-27 00:00:00+00:00, run_after=2025-03-28 00:00:00+00:00
[2025-03-28T18:47:16.708+0000] {processor.py:208} INFO - Processing /usr/local/python/3.12.1/lib/python3.12/site-packages/airflow/example_dags/example_inlet_event_extra.py took 0.061 seconds
[2025-03-28T18:48:07.764+0000] {processor.py:186} INFO - Started process (PID=22388) to work on /usr/local/python/3.12.1/lib/python3.12/site-packages/airflow/example_dags/example_inlet_event_extra.py
[2025-03-28T18:48:07.765+0000] {processor.py:914} INFO - Processing file /usr/local/python/3.12.1/lib/python3.12/site-packages/airflow/example_dags/example_inlet_event_extra.py for tasks to queue
[2025-03-28T18:48:07.766+0000] {logging_mixin.py:190} INFO - [2025-03-28T18:48:07.766+0000] {dagbag.py:588} INFO - Filling up the DagBag from /usr/local/python/3.12.1/lib/python3.12/site-packages/airflow/example_dags/example_inlet_event_extra.py
[2025-03-28T18:48:07.775+0000] {processor.py:925} INFO - DAG(s) 'read_dataset_event', 'read_dataset_event_from_classic' retrieved from /usr/local/python/3.12.1/lib/python3.12/site-packages/airflow/example_dags/example_inlet_event_extra.py
[2025-03-28T18:48:07.787+0000] {logging_mixin.py:190} INFO - [2025-03-28T18:48:07.787+0000] {dag.py:3239} INFO - Sync 2 DAGs
[2025-03-28T18:48:07.803+0000] {logging_mixin.py:190} INFO - [2025-03-28T18:48:07.803+0000] {dag.py:4180} INFO - Setting next_dagrun for read_dataset_event to 2025-03-27 00:00:00+00:00, run_after=2025-03-28 00:00:00+00:00
[2025-03-28T18:48:07.807+0000] {logging_mixin.py:190} INFO - [2025-03-28T18:48:07.807+0000] {dag.py:4180} INFO - Setting next_dagrun for read_dataset_event_from_classic to 2025-03-27 00:00:00+00:00, run_after=2025-03-28 00:00:00+00:00
[2025-03-28T18:48:07.819+0000] {processor.py:208} INFO - Processing /usr/local/python/3.12.1/lib/python3.12/site-packages/airflow/example_dags/example_inlet_event_extra.py took 0.059 seconds
[2025-03-28T18:49:03.511+0000] {processor.py:186} INFO - Started process (PID=22851) to work on /usr/local/python/3.12.1/lib/python3.12/site-packages/airflow/example_dags/example_inlet_event_extra.py
[2025-03-28T18:49:03.511+0000] {processor.py:914} INFO - Processing file /usr/local/python/3.12.1/lib/python3.12/site-packages/airflow/example_dags/example_inlet_event_extra.py for tasks to queue
[2025-03-28T18:49:03.512+0000] {logging_mixin.py:190} INFO - [2025-03-28T18:49:03.512+0000] {dagbag.py:588} INFO - Filling up the DagBag from /usr/local/python/3.12.1/lib/python3.12/site-packages/airflow/example_dags/example_inlet_event_extra.py
[2025-03-28T18:49:03.522+0000] {processor.py:925} INFO - DAG(s) 'read_dataset_event', 'read_dataset_event_from_classic' retrieved from /usr/local/python/3.12.1/lib/python3.12/site-packages/airflow/example_dags/example_inlet_event_extra.py
[2025-03-28T18:49:03.534+0000] {logging_mixin.py:190} INFO - [2025-03-28T18:49:03.533+0000] {dag.py:3239} INFO - Sync 2 DAGs
[2025-03-28T18:49:03.550+0000] {logging_mixin.py:190} INFO - [2025-03-28T18:49:03.550+0000] {dag.py:4180} INFO - Setting next_dagrun for read_dataset_event to 2025-03-27 00:00:00+00:00, run_after=2025-03-28 00:00:00+00:00
[2025-03-28T18:49:03.554+0000] {logging_mixin.py:190} INFO - [2025-03-28T18:49:03.554+0000] {dag.py:4180} INFO - Setting next_dagrun for read_dataset_event_from_classic to 2025-03-27 00:00:00+00:00, run_after=2025-03-28 00:00:00+00:00
[2025-03-28T18:49:03.567+0000] {processor.py:208} INFO - Processing /usr/local/python/3.12.1/lib/python3.12/site-packages/airflow/example_dags/example_inlet_event_extra.py took 0.060 seconds
[2025-03-28T18:49:59.245+0000] {processor.py:186} INFO - Started process (PID=23309) to work on /usr/local/python/3.12.1/lib/python3.12/site-packages/airflow/example_dags/example_inlet_event_extra.py
[2025-03-28T18:49:59.245+0000] {processor.py:914} INFO - Processing file /usr/local/python/3.12.1/lib/python3.12/site-packages/airflow/example_dags/example_inlet_event_extra.py for tasks to queue
[2025-03-28T18:49:59.246+0000] {logging_mixin.py:190} INFO - [2025-03-28T18:49:59.246+0000] {dagbag.py:588} INFO - Filling up the DagBag from /usr/local/python/3.12.1/lib/python3.12/site-packages/airflow/example_dags/example_inlet_event_extra.py
[2025-03-28T18:49:59.256+0000] {processor.py:925} INFO - DAG(s) 'read_dataset_event_from_classic', 'read_dataset_event' retrieved from /usr/local/python/3.12.1/lib/python3.12/site-packages/airflow/example_dags/example_inlet_event_extra.py
[2025-03-28T18:49:59.268+0000] {logging_mixin.py:190} INFO - [2025-03-28T18:49:59.267+0000] {dag.py:3239} INFO - Sync 2 DAGs
[2025-03-28T18:49:59.284+0000] {logging_mixin.py:190} INFO - [2025-03-28T18:49:59.284+0000] {dag.py:4180} INFO - Setting next_dagrun for read_dataset_event to 2025-03-27 00:00:00+00:00, run_after=2025-03-28 00:00:00+00:00
[2025-03-28T18:49:59.288+0000] {logging_mixin.py:190} INFO - [2025-03-28T18:49:59.288+0000] {dag.py:4180} INFO - Setting next_dagrun for read_dataset_event_from_classic to 2025-03-27 00:00:00+00:00, run_after=2025-03-28 00:00:00+00:00
[2025-03-28T18:49:59.300+0000] {processor.py:208} INFO - Processing /usr/local/python/3.12.1/lib/python3.12/site-packages/airflow/example_dags/example_inlet_event_extra.py took 0.060 seconds
[2025-03-28T18:50:57.412+0000] {processor.py:186} INFO - Started process (PID=23785) to work on /usr/local/python/3.12.1/lib/python3.12/site-packages/airflow/example_dags/example_inlet_event_extra.py
[2025-03-28T18:50:57.413+0000] {processor.py:914} INFO - Processing file /usr/local/python/3.12.1/lib/python3.12/site-packages/airflow/example_dags/example_inlet_event_extra.py for tasks to queue
[2025-03-28T18:50:57.414+0000] {logging_mixin.py:190} INFO - [2025-03-28T18:50:57.413+0000] {dagbag.py:588} INFO - Filling up the DagBag from /usr/local/python/3.12.1/lib/python3.12/site-packages/airflow/example_dags/example_inlet_event_extra.py
[2025-03-28T18:50:57.423+0000] {processor.py:925} INFO - DAG(s) 'read_dataset_event', 'read_dataset_event_from_classic' retrieved from /usr/local/python/3.12.1/lib/python3.12/site-packages/airflow/example_dags/example_inlet_event_extra.py
[2025-03-28T18:50:57.435+0000] {logging_mixin.py:190} INFO - [2025-03-28T18:50:57.435+0000] {dag.py:3239} INFO - Sync 2 DAGs
[2025-03-28T18:50:57.451+0000] {logging_mixin.py:190} INFO - [2025-03-28T18:50:57.451+0000] {dag.py:4180} INFO - Setting next_dagrun for read_dataset_event to 2025-03-27 00:00:00+00:00, run_after=2025-03-28 00:00:00+00:00
[2025-03-28T18:50:57.455+0000] {logging_mixin.py:190} INFO - [2025-03-28T18:50:57.455+0000] {dag.py:4180} INFO - Setting next_dagrun for read_dataset_event_from_classic to 2025-03-27 00:00:00+00:00, run_after=2025-03-28 00:00:00+00:00
[2025-03-28T18:50:57.467+0000] {processor.py:208} INFO - Processing /usr/local/python/3.12.1/lib/python3.12/site-packages/airflow/example_dags/example_inlet_event_extra.py took 0.059 seconds
[2025-03-28T18:53:38.295+0000] {processor.py:186} INFO - Started process (PID=25349) to work on /usr/local/python/3.12.1/lib/python3.12/site-packages/airflow/example_dags/example_inlet_event_extra.py
[2025-03-28T18:53:38.296+0000] {processor.py:914} INFO - Processing file /usr/local/python/3.12.1/lib/python3.12/site-packages/airflow/example_dags/example_inlet_event_extra.py for tasks to queue
[2025-03-28T18:53:38.297+0000] {logging_mixin.py:190} INFO - [2025-03-28T18:53:38.297+0000] {dagbag.py:588} INFO - Filling up the DagBag from /usr/local/python/3.12.1/lib/python3.12/site-packages/airflow/example_dags/example_inlet_event_extra.py
[2025-03-28T18:53:38.306+0000] {processor.py:925} INFO - DAG(s) 'read_dataset_event_from_classic', 'read_dataset_event' retrieved from /usr/local/python/3.12.1/lib/python3.12/site-packages/airflow/example_dags/example_inlet_event_extra.py
[2025-03-28T18:53:38.318+0000] {logging_mixin.py:190} INFO - [2025-03-28T18:53:38.318+0000] {dag.py:3239} INFO - Sync 2 DAGs
[2025-03-28T18:53:38.334+0000] {logging_mixin.py:190} INFO - [2025-03-28T18:53:38.334+0000] {dag.py:4180} INFO - Setting next_dagrun for read_dataset_event to 2025-03-27 00:00:00+00:00, run_after=2025-03-28 00:00:00+00:00
[2025-03-28T18:53:38.338+0000] {logging_mixin.py:190} INFO - [2025-03-28T18:53:38.338+0000] {dag.py:4180} INFO - Setting next_dagrun for read_dataset_event_from_classic to 2025-03-27 00:00:00+00:00, run_after=2025-03-28 00:00:00+00:00
[2025-03-28T18:53:38.351+0000] {processor.py:208} INFO - Processing /usr/local/python/3.12.1/lib/python3.12/site-packages/airflow/example_dags/example_inlet_event_extra.py took 0.059 seconds
[2025-03-28T18:58:46.381+0000] {processor.py:186} INFO - Started process (PID=28618) to work on /usr/local/python/3.12.1/lib/python3.12/site-packages/airflow/example_dags/example_inlet_event_extra.py
[2025-03-28T18:58:46.382+0000] {processor.py:914} INFO - Processing file /usr/local/python/3.12.1/lib/python3.12/site-packages/airflow/example_dags/example_inlet_event_extra.py for tasks to queue
[2025-03-28T18:58:46.383+0000] {logging_mixin.py:190} INFO - [2025-03-28T18:58:46.382+0000] {dagbag.py:588} INFO - Filling up the DagBag from /usr/local/python/3.12.1/lib/python3.12/site-packages/airflow/example_dags/example_inlet_event_extra.py
[2025-03-28T18:58:46.392+0000] {processor.py:925} INFO - DAG(s) 'read_dataset_event', 'read_dataset_event_from_classic' retrieved from /usr/local/python/3.12.1/lib/python3.12/site-packages/airflow/example_dags/example_inlet_event_extra.py
[2025-03-28T18:58:46.404+0000] {logging_mixin.py:190} INFO - [2025-03-28T18:58:46.404+0000] {dag.py:3239} INFO - Sync 2 DAGs
[2025-03-28T18:58:46.421+0000] {logging_mixin.py:190} INFO - [2025-03-28T18:58:46.421+0000] {dag.py:4180} INFO - Setting next_dagrun for read_dataset_event to 2025-03-27 00:00:00+00:00, run_after=2025-03-28 00:00:00+00:00
[2025-03-28T18:58:46.424+0000] {logging_mixin.py:190} INFO - [2025-03-28T18:58:46.424+0000] {dag.py:4180} INFO - Setting next_dagrun for read_dataset_event_from_classic to 2025-03-27 00:00:00+00:00, run_after=2025-03-28 00:00:00+00:00
[2025-03-28T18:58:46.437+0000] {processor.py:208} INFO - Processing /usr/local/python/3.12.1/lib/python3.12/site-packages/airflow/example_dags/example_inlet_event_extra.py took 0.060 seconds
[2025-03-28T19:03:57.227+0000] {processor.py:186} INFO - Started process (PID=32112) to work on /usr/local/python/3.12.1/lib/python3.12/site-packages/airflow/example_dags/example_inlet_event_extra.py
[2025-03-28T19:03:57.227+0000] {processor.py:914} INFO - Processing file /usr/local/python/3.12.1/lib/python3.12/site-packages/airflow/example_dags/example_inlet_event_extra.py for tasks to queue
[2025-03-28T19:03:57.228+0000] {logging_mixin.py:190} INFO - [2025-03-28T19:03:57.228+0000] {dagbag.py:588} INFO - Filling up the DagBag from /usr/local/python/3.12.1/lib/python3.12/site-packages/airflow/example_dags/example_inlet_event_extra.py
[2025-03-28T19:03:57.238+0000] {processor.py:925} INFO - DAG(s) 'read_dataset_event_from_classic', 'read_dataset_event' retrieved from /usr/local/python/3.12.1/lib/python3.12/site-packages/airflow/example_dags/example_inlet_event_extra.py
[2025-03-28T19:03:57.250+0000] {logging_mixin.py:190} INFO - [2025-03-28T19:03:57.250+0000] {dag.py:3239} INFO - Sync 2 DAGs
[2025-03-28T19:03:57.267+0000] {logging_mixin.py:190} INFO - [2025-03-28T19:03:57.266+0000] {dag.py:4180} INFO - Setting next_dagrun for read_dataset_event to 2025-03-27 00:00:00+00:00, run_after=2025-03-28 00:00:00+00:00
[2025-03-28T19:03:57.270+0000] {logging_mixin.py:190} INFO - [2025-03-28T19:03:57.270+0000] {dag.py:4180} INFO - Setting next_dagrun for read_dataset_event_from_classic to 2025-03-27 00:00:00+00:00, run_after=2025-03-28 00:00:00+00:00
[2025-03-28T19:03:57.282+0000] {processor.py:208} INFO - Processing /usr/local/python/3.12.1/lib/python3.12/site-packages/airflow/example_dags/example_inlet_event_extra.py took 0.060 seconds
[2025-03-28T19:09:09.852+0000] {processor.py:186} INFO - Started process (PID=36721) to work on /usr/local/python/3.12.1/lib/python3.12/site-packages/airflow/example_dags/example_inlet_event_extra.py
[2025-03-28T19:09:09.853+0000] {processor.py:914} INFO - Processing file /usr/local/python/3.12.1/lib/python3.12/site-packages/airflow/example_dags/example_inlet_event_extra.py for tasks to queue
[2025-03-28T19:09:09.854+0000] {logging_mixin.py:190} INFO - [2025-03-28T19:09:09.853+0000] {dagbag.py:588} INFO - Filling up the DagBag from /usr/local/python/3.12.1/lib/python3.12/site-packages/airflow/example_dags/example_inlet_event_extra.py
[2025-03-28T19:09:09.863+0000] {processor.py:925} INFO - DAG(s) 'read_dataset_event_from_classic', 'read_dataset_event' retrieved from /usr/local/python/3.12.1/lib/python3.12/site-packages/airflow/example_dags/example_inlet_event_extra.py
[2025-03-28T19:09:09.875+0000] {logging_mixin.py:190} INFO - [2025-03-28T19:09:09.875+0000] {dag.py:3239} INFO - Sync 2 DAGs
[2025-03-28T19:09:09.892+0000] {logging_mixin.py:190} INFO - [2025-03-28T19:09:09.892+0000] {dag.py:4180} INFO - Setting next_dagrun for read_dataset_event to 2025-03-27 00:00:00+00:00, run_after=2025-03-28 00:00:00+00:00
[2025-03-28T19:09:09.895+0000] {logging_mixin.py:190} INFO - [2025-03-28T19:09:09.895+0000] {dag.py:4180} INFO - Setting next_dagrun for read_dataset_event_from_classic to 2025-03-27 00:00:00+00:00, run_after=2025-03-28 00:00:00+00:00
[2025-03-28T19:09:09.908+0000] {processor.py:208} INFO - Processing /usr/local/python/3.12.1/lib/python3.12/site-packages/airflow/example_dags/example_inlet_event_extra.py took 0.060 seconds
[2025-03-28T19:12:04.651+0000] {processor.py:186} INFO - Started process (PID=38747) to work on /usr/local/python/3.12.1/lib/python3.12/site-packages/airflow/example_dags/example_inlet_event_extra.py
[2025-03-28T19:12:04.652+0000] {processor.py:914} INFO - Processing file /usr/local/python/3.12.1/lib/python3.12/site-packages/airflow/example_dags/example_inlet_event_extra.py for tasks to queue
[2025-03-28T19:12:04.653+0000] {logging_mixin.py:190} INFO - [2025-03-28T19:12:04.653+0000] {dagbag.py:588} INFO - Filling up the DagBag from /usr/local/python/3.12.1/lib/python3.12/site-packages/airflow/example_dags/example_inlet_event_extra.py
[2025-03-28T19:12:04.663+0000] {processor.py:925} INFO - DAG(s) 'read_dataset_event', 'read_dataset_event_from_classic' retrieved from /usr/local/python/3.12.1/lib/python3.12/site-packages/airflow/example_dags/example_inlet_event_extra.py
[2025-03-28T19:12:04.676+0000] {logging_mixin.py:190} INFO - [2025-03-28T19:12:04.676+0000] {dag.py:3239} INFO - Sync 2 DAGs
[2025-03-28T19:12:04.693+0000] {logging_mixin.py:190} INFO - [2025-03-28T19:12:04.692+0000] {dag.py:4180} INFO - Setting next_dagrun for read_dataset_event to 2025-03-27 00:00:00+00:00, run_after=2025-03-28 00:00:00+00:00
[2025-03-28T19:12:04.696+0000] {logging_mixin.py:190} INFO - [2025-03-28T19:12:04.696+0000] {dag.py:4180} INFO - Setting next_dagrun for read_dataset_event_from_classic to 2025-03-27 00:00:00+00:00, run_after=2025-03-28 00:00:00+00:00
[2025-03-28T19:12:04.708+0000] {processor.py:208} INFO - Processing /usr/local/python/3.12.1/lib/python3.12/site-packages/airflow/example_dags/example_inlet_event_extra.py took 0.061 seconds
[2025-03-28T19:15:06.671+0000] {processor.py:186} INFO - Started process (PID=40688) to work on /usr/local/python/3.12.1/lib/python3.12/site-packages/airflow/example_dags/example_inlet_event_extra.py
[2025-03-28T19:15:06.672+0000] {processor.py:914} INFO - Processing file /usr/local/python/3.12.1/lib/python3.12/site-packages/airflow/example_dags/example_inlet_event_extra.py for tasks to queue
[2025-03-28T19:15:06.673+0000] {logging_mixin.py:190} INFO - [2025-03-28T19:15:06.673+0000] {dagbag.py:588} INFO - Filling up the DagBag from /usr/local/python/3.12.1/lib/python3.12/site-packages/airflow/example_dags/example_inlet_event_extra.py
[2025-03-28T19:15:06.683+0000] {processor.py:925} INFO - DAG(s) 'read_dataset_event_from_classic', 'read_dataset_event' retrieved from /usr/local/python/3.12.1/lib/python3.12/site-packages/airflow/example_dags/example_inlet_event_extra.py
[2025-03-28T19:15:06.695+0000] {logging_mixin.py:190} INFO - [2025-03-28T19:15:06.695+0000] {dag.py:3239} INFO - Sync 2 DAGs
[2025-03-28T19:15:06.712+0000] {logging_mixin.py:190} INFO - [2025-03-28T19:15:06.712+0000] {dag.py:4180} INFO - Setting next_dagrun for read_dataset_event to 2025-03-27 00:00:00+00:00, run_after=2025-03-28 00:00:00+00:00
[2025-03-28T19:15:06.716+0000] {logging_mixin.py:190} INFO - [2025-03-28T19:15:06.716+0000] {dag.py:4180} INFO - Setting next_dagrun for read_dataset_event_from_classic to 2025-03-27 00:00:00+00:00, run_after=2025-03-28 00:00:00+00:00
[2025-03-28T19:15:06.729+0000] {processor.py:208} INFO - Processing /usr/local/python/3.12.1/lib/python3.12/site-packages/airflow/example_dags/example_inlet_event_extra.py took 0.062 seconds
[2025-03-28T19:20:16.697+0000] {processor.py:186} INFO - Started process (PID=43750) to work on /usr/local/python/3.12.1/lib/python3.12/site-packages/airflow/example_dags/example_inlet_event_extra.py
[2025-03-28T19:20:16.697+0000] {processor.py:914} INFO - Processing file /usr/local/python/3.12.1/lib/python3.12/site-packages/airflow/example_dags/example_inlet_event_extra.py for tasks to queue
[2025-03-28T19:20:16.699+0000] {logging_mixin.py:190} INFO - [2025-03-28T19:20:16.699+0000] {dagbag.py:588} INFO - Filling up the DagBag from /usr/local/python/3.12.1/lib/python3.12/site-packages/airflow/example_dags/example_inlet_event_extra.py
[2025-03-28T19:20:16.709+0000] {processor.py:925} INFO - DAG(s) 'read_dataset_event_from_classic', 'read_dataset_event' retrieved from /usr/local/python/3.12.1/lib/python3.12/site-packages/airflow/example_dags/example_inlet_event_extra.py
[2025-03-28T19:20:16.720+0000] {logging_mixin.py:190} INFO - [2025-03-28T19:20:16.720+0000] {dag.py:3239} INFO - Sync 2 DAGs
[2025-03-28T19:20:16.737+0000] {logging_mixin.py:190} INFO - [2025-03-28T19:20:16.736+0000] {dag.py:4180} INFO - Setting next_dagrun for read_dataset_event to 2025-03-27 00:00:00+00:00, run_after=2025-03-28 00:00:00+00:00
[2025-03-28T19:20:16.740+0000] {logging_mixin.py:190} INFO - [2025-03-28T19:20:16.740+0000] {dag.py:4180} INFO - Setting next_dagrun for read_dataset_event_from_classic to 2025-03-27 00:00:00+00:00, run_after=2025-03-28 00:00:00+00:00
[2025-03-28T19:20:16.753+0000] {processor.py:208} INFO - Processing /usr/local/python/3.12.1/lib/python3.12/site-packages/airflow/example_dags/example_inlet_event_extra.py took 0.060 seconds
[2025-03-28T19:25:18.156+0000] {processor.py:186} INFO - Started process (PID=46702) to work on /usr/local/python/3.12.1/lib/python3.12/site-packages/airflow/example_dags/example_inlet_event_extra.py
[2025-03-28T19:25:18.157+0000] {processor.py:914} INFO - Processing file /usr/local/python/3.12.1/lib/python3.12/site-packages/airflow/example_dags/example_inlet_event_extra.py for tasks to queue
[2025-03-28T19:25:18.158+0000] {logging_mixin.py:190} INFO - [2025-03-28T19:25:18.158+0000] {dagbag.py:588} INFO - Filling up the DagBag from /usr/local/python/3.12.1/lib/python3.12/site-packages/airflow/example_dags/example_inlet_event_extra.py
[2025-03-28T19:25:18.168+0000] {processor.py:925} INFO - DAG(s) 'read_dataset_event', 'read_dataset_event_from_classic' retrieved from /usr/local/python/3.12.1/lib/python3.12/site-packages/airflow/example_dags/example_inlet_event_extra.py
[2025-03-28T19:25:18.180+0000] {logging_mixin.py:190} INFO - [2025-03-28T19:25:18.180+0000] {dag.py:3239} INFO - Sync 2 DAGs
[2025-03-28T19:25:18.197+0000] {logging_mixin.py:190} INFO - [2025-03-28T19:25:18.197+0000] {dag.py:4180} INFO - Setting next_dagrun for read_dataset_event to 2025-03-27 00:00:00+00:00, run_after=2025-03-28 00:00:00+00:00
[2025-03-28T19:25:18.201+0000] {logging_mixin.py:190} INFO - [2025-03-28T19:25:18.200+0000] {dag.py:4180} INFO - Setting next_dagrun for read_dataset_event_from_classic to 2025-03-27 00:00:00+00:00, run_after=2025-03-28 00:00:00+00:00
[2025-03-28T19:25:18.214+0000] {processor.py:208} INFO - Processing /usr/local/python/3.12.1/lib/python3.12/site-packages/airflow/example_dags/example_inlet_event_extra.py took 0.062 seconds
[2025-03-28T19:26:21.956+0000] {processor.py:186} INFO - Started process (PID=47219) to work on /usr/local/python/3.12.1/lib/python3.12/site-packages/airflow/example_dags/example_inlet_event_extra.py
[2025-03-28T19:26:21.957+0000] {processor.py:914} INFO - Processing file /usr/local/python/3.12.1/lib/python3.12/site-packages/airflow/example_dags/example_inlet_event_extra.py for tasks to queue
[2025-03-28T19:26:21.958+0000] {logging_mixin.py:190} INFO - [2025-03-28T19:26:21.958+0000] {dagbag.py:588} INFO - Filling up the DagBag from /usr/local/python/3.12.1/lib/python3.12/site-packages/airflow/example_dags/example_inlet_event_extra.py
[2025-03-28T19:26:21.968+0000] {processor.py:925} INFO - DAG(s) 'read_dataset_event_from_classic', 'read_dataset_event' retrieved from /usr/local/python/3.12.1/lib/python3.12/site-packages/airflow/example_dags/example_inlet_event_extra.py
[2025-03-28T19:26:21.979+0000] {logging_mixin.py:190} INFO - [2025-03-28T19:26:21.979+0000] {dag.py:3239} INFO - Sync 2 DAGs
[2025-03-28T19:26:21.996+0000] {logging_mixin.py:190} INFO - [2025-03-28T19:26:21.995+0000] {dag.py:4180} INFO - Setting next_dagrun for read_dataset_event to 2025-03-27 00:00:00+00:00, run_after=2025-03-28 00:00:00+00:00
[2025-03-28T19:26:21.999+0000] {logging_mixin.py:190} INFO - [2025-03-28T19:26:21.999+0000] {dag.py:4180} INFO - Setting next_dagrun for read_dataset_event_from_classic to 2025-03-27 00:00:00+00:00, run_after=2025-03-28 00:00:00+00:00
[2025-03-28T19:26:22.013+0000] {processor.py:208} INFO - Processing /usr/local/python/3.12.1/lib/python3.12/site-packages/airflow/example_dags/example_inlet_event_extra.py took 0.061 seconds
[2025-03-28T19:27:15.919+0000] {processor.py:186} INFO - Started process (PID=47641) to work on /usr/local/python/3.12.1/lib/python3.12/site-packages/airflow/example_dags/example_inlet_event_extra.py
[2025-03-28T19:27:15.920+0000] {processor.py:914} INFO - Processing file /usr/local/python/3.12.1/lib/python3.12/site-packages/airflow/example_dags/example_inlet_event_extra.py for tasks to queue
[2025-03-28T19:27:15.921+0000] {logging_mixin.py:190} INFO - [2025-03-28T19:27:15.921+0000] {dagbag.py:588} INFO - Filling up the DagBag from /usr/local/python/3.12.1/lib/python3.12/site-packages/airflow/example_dags/example_inlet_event_extra.py
[2025-03-28T19:27:15.931+0000] {processor.py:925} INFO - DAG(s) 'read_dataset_event_from_classic', 'read_dataset_event' retrieved from /usr/local/python/3.12.1/lib/python3.12/site-packages/airflow/example_dags/example_inlet_event_extra.py
[2025-03-28T19:27:15.943+0000] {logging_mixin.py:190} INFO - [2025-03-28T19:27:15.943+0000] {dag.py:3239} INFO - Sync 2 DAGs
[2025-03-28T19:27:15.959+0000] {logging_mixin.py:190} INFO - [2025-03-28T19:27:15.959+0000] {dag.py:4180} INFO - Setting next_dagrun for read_dataset_event to 2025-03-27 00:00:00+00:00, run_after=2025-03-28 00:00:00+00:00
[2025-03-28T19:27:15.963+0000] {logging_mixin.py:190} INFO - [2025-03-28T19:27:15.963+0000] {dag.py:4180} INFO - Setting next_dagrun for read_dataset_event_from_classic to 2025-03-27 00:00:00+00:00, run_after=2025-03-28 00:00:00+00:00
[2025-03-28T19:27:15.976+0000] {processor.py:208} INFO - Processing /usr/local/python/3.12.1/lib/python3.12/site-packages/airflow/example_dags/example_inlet_event_extra.py took 0.061 seconds
[2025-03-28T19:28:08.194+0000] {processor.py:186} INFO - Started process (PID=48044) to work on /usr/local/python/3.12.1/lib/python3.12/site-packages/airflow/example_dags/example_inlet_event_extra.py
[2025-03-28T19:28:08.195+0000] {processor.py:914} INFO - Processing file /usr/local/python/3.12.1/lib/python3.12/site-packages/airflow/example_dags/example_inlet_event_extra.py for tasks to queue
[2025-03-28T19:28:08.196+0000] {logging_mixin.py:190} INFO - [2025-03-28T19:28:08.196+0000] {dagbag.py:588} INFO - Filling up the DagBag from /usr/local/python/3.12.1/lib/python3.12/site-packages/airflow/example_dags/example_inlet_event_extra.py
[2025-03-28T19:28:08.206+0000] {processor.py:925} INFO - DAG(s) 'read_dataset_event', 'read_dataset_event_from_classic' retrieved from /usr/local/python/3.12.1/lib/python3.12/site-packages/airflow/example_dags/example_inlet_event_extra.py
[2025-03-28T19:28:08.219+0000] {logging_mixin.py:190} INFO - [2025-03-28T19:28:08.218+0000] {dag.py:3239} INFO - Sync 2 DAGs
[2025-03-28T19:28:08.235+0000] {logging_mixin.py:190} INFO - [2025-03-28T19:28:08.235+0000] {dag.py:4180} INFO - Setting next_dagrun for read_dataset_event to 2025-03-27 00:00:00+00:00, run_after=2025-03-28 00:00:00+00:00
[2025-03-28T19:28:08.239+0000] {logging_mixin.py:190} INFO - [2025-03-28T19:28:08.238+0000] {dag.py:4180} INFO - Setting next_dagrun for read_dataset_event_from_classic to 2025-03-27 00:00:00+00:00, run_after=2025-03-28 00:00:00+00:00
[2025-03-28T19:28:08.251+0000] {processor.py:208} INFO - Processing /usr/local/python/3.12.1/lib/python3.12/site-packages/airflow/example_dags/example_inlet_event_extra.py took 0.062 seconds
[2025-03-28T19:28:58.954+0000] {processor.py:186} INFO - Started process (PID=48449) to work on /usr/local/python/3.12.1/lib/python3.12/site-packages/airflow/example_dags/example_inlet_event_extra.py
[2025-03-28T19:28:58.954+0000] {processor.py:914} INFO - Processing file /usr/local/python/3.12.1/lib/python3.12/site-packages/airflow/example_dags/example_inlet_event_extra.py for tasks to queue
[2025-03-28T19:28:58.956+0000] {logging_mixin.py:190} INFO - [2025-03-28T19:28:58.955+0000] {dagbag.py:588} INFO - Filling up the DagBag from /usr/local/python/3.12.1/lib/python3.12/site-packages/airflow/example_dags/example_inlet_event_extra.py
[2025-03-28T19:28:58.965+0000] {processor.py:925} INFO - DAG(s) 'read_dataset_event', 'read_dataset_event_from_classic' retrieved from /usr/local/python/3.12.1/lib/python3.12/site-packages/airflow/example_dags/example_inlet_event_extra.py
[2025-03-28T19:28:58.977+0000] {logging_mixin.py:190} INFO - [2025-03-28T19:28:58.977+0000] {dag.py:3239} INFO - Sync 2 DAGs
[2025-03-28T19:28:58.994+0000] {logging_mixin.py:190} INFO - [2025-03-28T19:28:58.994+0000] {dag.py:4180} INFO - Setting next_dagrun for read_dataset_event to 2025-03-27 00:00:00+00:00, run_after=2025-03-28 00:00:00+00:00
[2025-03-28T19:28:58.997+0000] {logging_mixin.py:190} INFO - [2025-03-28T19:28:58.997+0000] {dag.py:4180} INFO - Setting next_dagrun for read_dataset_event_from_classic to 2025-03-27 00:00:00+00:00, run_after=2025-03-28 00:00:00+00:00
[2025-03-28T19:28:59.010+0000] {processor.py:208} INFO - Processing /usr/local/python/3.12.1/lib/python3.12/site-packages/airflow/example_dags/example_inlet_event_extra.py took 0.060 seconds
[2025-03-28T19:29:53.834+0000] {processor.py:186} INFO - Started process (PID=48888) to work on /usr/local/python/3.12.1/lib/python3.12/site-packages/airflow/example_dags/example_inlet_event_extra.py
[2025-03-28T19:29:53.835+0000] {processor.py:914} INFO - Processing file /usr/local/python/3.12.1/lib/python3.12/site-packages/airflow/example_dags/example_inlet_event_extra.py for tasks to queue
[2025-03-28T19:29:53.837+0000] {logging_mixin.py:190} INFO - [2025-03-28T19:29:53.836+0000] {dagbag.py:588} INFO - Filling up the DagBag from /usr/local/python/3.12.1/lib/python3.12/site-packages/airflow/example_dags/example_inlet_event_extra.py
[2025-03-28T19:29:53.846+0000] {processor.py:925} INFO - DAG(s) 'read_dataset_event', 'read_dataset_event_from_classic' retrieved from /usr/local/python/3.12.1/lib/python3.12/site-packages/airflow/example_dags/example_inlet_event_extra.py
[2025-03-28T19:29:53.858+0000] {logging_mixin.py:190} INFO - [2025-03-28T19:29:53.857+0000] {dag.py:3239} INFO - Sync 2 DAGs
[2025-03-28T19:29:53.875+0000] {logging_mixin.py:190} INFO - [2025-03-28T19:29:53.874+0000] {dag.py:4180} INFO - Setting next_dagrun for read_dataset_event to 2025-03-27 00:00:00+00:00, run_after=2025-03-28 00:00:00+00:00
[2025-03-28T19:29:53.878+0000] {logging_mixin.py:190} INFO - [2025-03-28T19:29:53.878+0000] {dag.py:4180} INFO - Setting next_dagrun for read_dataset_event_from_classic to 2025-03-27 00:00:00+00:00, run_after=2025-03-28 00:00:00+00:00
[2025-03-28T19:29:53.891+0000] {processor.py:208} INFO - Processing /usr/local/python/3.12.1/lib/python3.12/site-packages/airflow/example_dags/example_inlet_event_extra.py took 0.060 seconds
[2025-03-28T19:30:49.498+0000] {processor.py:186} INFO - Started process (PID=49314) to work on /usr/local/python/3.12.1/lib/python3.12/site-packages/airflow/example_dags/example_inlet_event_extra.py
[2025-03-28T19:30:49.499+0000] {processor.py:914} INFO - Processing file /usr/local/python/3.12.1/lib/python3.12/site-packages/airflow/example_dags/example_inlet_event_extra.py for tasks to queue
[2025-03-28T19:30:49.500+0000] {logging_mixin.py:190} INFO - [2025-03-28T19:30:49.500+0000] {dagbag.py:588} INFO - Filling up the DagBag from /usr/local/python/3.12.1/lib/python3.12/site-packages/airflow/example_dags/example_inlet_event_extra.py
[2025-03-28T19:30:49.510+0000] {processor.py:925} INFO - DAG(s) 'read_dataset_event', 'read_dataset_event_from_classic' retrieved from /usr/local/python/3.12.1/lib/python3.12/site-packages/airflow/example_dags/example_inlet_event_extra.py
[2025-03-28T19:30:49.523+0000] {logging_mixin.py:190} INFO - [2025-03-28T19:30:49.522+0000] {dag.py:3239} INFO - Sync 2 DAGs
[2025-03-28T19:30:49.539+0000] {logging_mixin.py:190} INFO - [2025-03-28T19:30:49.539+0000] {dag.py:4180} INFO - Setting next_dagrun for read_dataset_event to 2025-03-27 00:00:00+00:00, run_after=2025-03-28 00:00:00+00:00
[2025-03-28T19:30:49.543+0000] {logging_mixin.py:190} INFO - [2025-03-28T19:30:49.542+0000] {dag.py:4180} INFO - Setting next_dagrun for read_dataset_event_from_classic to 2025-03-27 00:00:00+00:00, run_after=2025-03-28 00:00:00+00:00
[2025-03-28T19:30:49.557+0000] {processor.py:208} INFO - Processing /usr/local/python/3.12.1/lib/python3.12/site-packages/airflow/example_dags/example_inlet_event_extra.py took 0.063 seconds
[2025-03-28T19:31:45.977+0000] {processor.py:186} INFO - Started process (PID=49770) to work on /usr/local/python/3.12.1/lib/python3.12/site-packages/airflow/example_dags/example_inlet_event_extra.py
[2025-03-28T19:31:45.977+0000] {processor.py:914} INFO - Processing file /usr/local/python/3.12.1/lib/python3.12/site-packages/airflow/example_dags/example_inlet_event_extra.py for tasks to queue
[2025-03-28T19:31:45.979+0000] {logging_mixin.py:190} INFO - [2025-03-28T19:31:45.979+0000] {dagbag.py:588} INFO - Filling up the DagBag from /usr/local/python/3.12.1/lib/python3.12/site-packages/airflow/example_dags/example_inlet_event_extra.py
[2025-03-28T19:31:45.989+0000] {processor.py:925} INFO - DAG(s) 'read_dataset_event_from_classic', 'read_dataset_event' retrieved from /usr/local/python/3.12.1/lib/python3.12/site-packages/airflow/example_dags/example_inlet_event_extra.py
[2025-03-28T19:31:46.000+0000] {logging_mixin.py:190} INFO - [2025-03-28T19:31:46.000+0000] {dag.py:3239} INFO - Sync 2 DAGs
[2025-03-28T19:31:46.016+0000] {logging_mixin.py:190} INFO - [2025-03-28T19:31:46.016+0000] {dag.py:4180} INFO - Setting next_dagrun for read_dataset_event to 2025-03-27 00:00:00+00:00, run_after=2025-03-28 00:00:00+00:00
[2025-03-28T19:31:46.020+0000] {logging_mixin.py:190} INFO - [2025-03-28T19:31:46.020+0000] {dag.py:4180} INFO - Setting next_dagrun for read_dataset_event_from_classic to 2025-03-27 00:00:00+00:00, run_after=2025-03-28 00:00:00+00:00
[2025-03-28T19:31:46.032+0000] {processor.py:208} INFO - Processing /usr/local/python/3.12.1/lib/python3.12/site-packages/airflow/example_dags/example_inlet_event_extra.py took 0.060 seconds
[2025-03-28T19:32:41.473+0000] {processor.py:186} INFO - Started process (PID=50196) to work on /usr/local/python/3.12.1/lib/python3.12/site-packages/airflow/example_dags/example_inlet_event_extra.py
[2025-03-28T19:32:41.473+0000] {processor.py:914} INFO - Processing file /usr/local/python/3.12.1/lib/python3.12/site-packages/airflow/example_dags/example_inlet_event_extra.py for tasks to queue
[2025-03-28T19:32:41.475+0000] {logging_mixin.py:190} INFO - [2025-03-28T19:32:41.474+0000] {dagbag.py:588} INFO - Filling up the DagBag from /usr/local/python/3.12.1/lib/python3.12/site-packages/airflow/example_dags/example_inlet_event_extra.py
[2025-03-28T19:32:41.485+0000] {processor.py:925} INFO - DAG(s) 'read_dataset_event_from_classic', 'read_dataset_event' retrieved from /usr/local/python/3.12.1/lib/python3.12/site-packages/airflow/example_dags/example_inlet_event_extra.py
[2025-03-28T19:32:41.496+0000] {logging_mixin.py:190} INFO - [2025-03-28T19:32:41.496+0000] {dag.py:3239} INFO - Sync 2 DAGs
[2025-03-28T19:32:41.513+0000] {logging_mixin.py:190} INFO - [2025-03-28T19:32:41.512+0000] {dag.py:4180} INFO - Setting next_dagrun for read_dataset_event to 2025-03-27 00:00:00+00:00, run_after=2025-03-28 00:00:00+00:00
[2025-03-28T19:32:41.516+0000] {logging_mixin.py:190} INFO - [2025-03-28T19:32:41.516+0000] {dag.py:4180} INFO - Setting next_dagrun for read_dataset_event_from_classic to 2025-03-27 00:00:00+00:00, run_after=2025-03-28 00:00:00+00:00
[2025-03-28T19:32:41.529+0000] {processor.py:208} INFO - Processing /usr/local/python/3.12.1/lib/python3.12/site-packages/airflow/example_dags/example_inlet_event_extra.py took 0.060 seconds
[2025-03-28T19:33:35.964+0000] {processor.py:186} INFO - Started process (PID=50618) to work on /usr/local/python/3.12.1/lib/python3.12/site-packages/airflow/example_dags/example_inlet_event_extra.py
[2025-03-28T19:33:35.965+0000] {processor.py:914} INFO - Processing file /usr/local/python/3.12.1/lib/python3.12/site-packages/airflow/example_dags/example_inlet_event_extra.py for tasks to queue
[2025-03-28T19:33:35.966+0000] {logging_mixin.py:190} INFO - [2025-03-28T19:33:35.966+0000] {dagbag.py:588} INFO - Filling up the DagBag from /usr/local/python/3.12.1/lib/python3.12/site-packages/airflow/example_dags/example_inlet_event_extra.py
[2025-03-28T19:33:35.976+0000] {processor.py:925} INFO - DAG(s) 'read_dataset_event', 'read_dataset_event_from_classic' retrieved from /usr/local/python/3.12.1/lib/python3.12/site-packages/airflow/example_dags/example_inlet_event_extra.py
[2025-03-28T19:33:35.988+0000] {logging_mixin.py:190} INFO - [2025-03-28T19:33:35.988+0000] {dag.py:3239} INFO - Sync 2 DAGs
[2025-03-28T19:33:36.004+0000] {logging_mixin.py:190} INFO - [2025-03-28T19:33:36.004+0000] {dag.py:4180} INFO - Setting next_dagrun for read_dataset_event to 2025-03-27 00:00:00+00:00, run_after=2025-03-28 00:00:00+00:00
[2025-03-28T19:33:36.007+0000] {logging_mixin.py:190} INFO - [2025-03-28T19:33:36.007+0000] {dag.py:4180} INFO - Setting next_dagrun for read_dataset_event_from_classic to 2025-03-27 00:00:00+00:00, run_after=2025-03-28 00:00:00+00:00
[2025-03-28T19:33:36.020+0000] {processor.py:208} INFO - Processing /usr/local/python/3.12.1/lib/python3.12/site-packages/airflow/example_dags/example_inlet_event_extra.py took 0.059 seconds
[2025-03-28T19:34:29.059+0000] {processor.py:186} INFO - Started process (PID=51051) to work on /usr/local/python/3.12.1/lib/python3.12/site-packages/airflow/example_dags/example_inlet_event_extra.py
[2025-03-28T19:34:29.060+0000] {processor.py:914} INFO - Processing file /usr/local/python/3.12.1/lib/python3.12/site-packages/airflow/example_dags/example_inlet_event_extra.py for tasks to queue
[2025-03-28T19:34:29.061+0000] {logging_mixin.py:190} INFO - [2025-03-28T19:34:29.061+0000] {dagbag.py:588} INFO - Filling up the DagBag from /usr/local/python/3.12.1/lib/python3.12/site-packages/airflow/example_dags/example_inlet_event_extra.py
[2025-03-28T19:34:29.071+0000] {processor.py:925} INFO - DAG(s) 'read_dataset_event', 'read_dataset_event_from_classic' retrieved from /usr/local/python/3.12.1/lib/python3.12/site-packages/airflow/example_dags/example_inlet_event_extra.py
[2025-03-28T19:34:29.083+0000] {logging_mixin.py:190} INFO - [2025-03-28T19:34:29.083+0000] {dag.py:3239} INFO - Sync 2 DAGs
[2025-03-28T19:34:29.100+0000] {logging_mixin.py:190} INFO - [2025-03-28T19:34:29.099+0000] {dag.py:4180} INFO - Setting next_dagrun for read_dataset_event to 2025-03-27 00:00:00+00:00, run_after=2025-03-28 00:00:00+00:00
[2025-03-28T19:34:29.103+0000] {logging_mixin.py:190} INFO - [2025-03-28T19:34:29.103+0000] {dag.py:4180} INFO - Setting next_dagrun for read_dataset_event_from_classic to 2025-03-27 00:00:00+00:00, run_after=2025-03-28 00:00:00+00:00
[2025-03-28T19:34:29.116+0000] {processor.py:208} INFO - Processing /usr/local/python/3.12.1/lib/python3.12/site-packages/airflow/example_dags/example_inlet_event_extra.py took 0.061 seconds
[2025-03-28T19:35:22.480+0000] {processor.py:186} INFO - Started process (PID=51466) to work on /usr/local/python/3.12.1/lib/python3.12/site-packages/airflow/example_dags/example_inlet_event_extra.py
[2025-03-28T19:35:22.481+0000] {processor.py:914} INFO - Processing file /usr/local/python/3.12.1/lib/python3.12/site-packages/airflow/example_dags/example_inlet_event_extra.py for tasks to queue
[2025-03-28T19:35:22.482+0000] {logging_mixin.py:190} INFO - [2025-03-28T19:35:22.482+0000] {dagbag.py:588} INFO - Filling up the DagBag from /usr/local/python/3.12.1/lib/python3.12/site-packages/airflow/example_dags/example_inlet_event_extra.py
[2025-03-28T19:35:22.493+0000] {processor.py:925} INFO - DAG(s) 'read_dataset_event', 'read_dataset_event_from_classic' retrieved from /usr/local/python/3.12.1/lib/python3.12/site-packages/airflow/example_dags/example_inlet_event_extra.py
[2025-03-28T19:35:22.505+0000] {logging_mixin.py:190} INFO - [2025-03-28T19:35:22.505+0000] {dag.py:3239} INFO - Sync 2 DAGs
[2025-03-28T19:35:22.521+0000] {logging_mixin.py:190} INFO - [2025-03-28T19:35:22.521+0000] {dag.py:4180} INFO - Setting next_dagrun for read_dataset_event to 2025-03-27 00:00:00+00:00, run_after=2025-03-28 00:00:00+00:00
[2025-03-28T19:35:22.525+0000] {logging_mixin.py:190} INFO - [2025-03-28T19:35:22.525+0000] {dag.py:4180} INFO - Setting next_dagrun for read_dataset_event_from_classic to 2025-03-27 00:00:00+00:00, run_after=2025-03-28 00:00:00+00:00
[2025-03-28T19:35:22.539+0000] {processor.py:208} INFO - Processing /usr/local/python/3.12.1/lib/python3.12/site-packages/airflow/example_dags/example_inlet_event_extra.py took 0.063 seconds
[2025-03-28T19:36:16.959+0000] {processor.py:186} INFO - Started process (PID=51888) to work on /usr/local/python/3.12.1/lib/python3.12/site-packages/airflow/example_dags/example_inlet_event_extra.py
[2025-03-28T19:36:16.960+0000] {processor.py:914} INFO - Processing file /usr/local/python/3.12.1/lib/python3.12/site-packages/airflow/example_dags/example_inlet_event_extra.py for tasks to queue
[2025-03-28T19:36:16.961+0000] {logging_mixin.py:190} INFO - [2025-03-28T19:36:16.961+0000] {dagbag.py:588} INFO - Filling up the DagBag from /usr/local/python/3.12.1/lib/python3.12/site-packages/airflow/example_dags/example_inlet_event_extra.py
[2025-03-28T19:36:16.971+0000] {processor.py:925} INFO - DAG(s) 'read_dataset_event', 'read_dataset_event_from_classic' retrieved from /usr/local/python/3.12.1/lib/python3.12/site-packages/airflow/example_dags/example_inlet_event_extra.py
[2025-03-28T19:36:16.983+0000] {logging_mixin.py:190} INFO - [2025-03-28T19:36:16.983+0000] {dag.py:3239} INFO - Sync 2 DAGs
[2025-03-28T19:36:16.999+0000] {logging_mixin.py:190} INFO - [2025-03-28T19:36:16.999+0000] {dag.py:4180} INFO - Setting next_dagrun for read_dataset_event to 2025-03-27 00:00:00+00:00, run_after=2025-03-28 00:00:00+00:00
[2025-03-28T19:36:17.003+0000] {logging_mixin.py:190} INFO - [2025-03-28T19:36:17.002+0000] {dag.py:4180} INFO - Setting next_dagrun for read_dataset_event_from_classic to 2025-03-27 00:00:00+00:00, run_after=2025-03-28 00:00:00+00:00
[2025-03-28T19:36:17.015+0000] {processor.py:208} INFO - Processing /usr/local/python/3.12.1/lib/python3.12/site-packages/airflow/example_dags/example_inlet_event_extra.py took 0.060 seconds
[2025-03-28T19:37:12.274+0000] {processor.py:186} INFO - Started process (PID=52329) to work on /usr/local/python/3.12.1/lib/python3.12/site-packages/airflow/example_dags/example_inlet_event_extra.py
[2025-03-28T19:37:12.275+0000] {processor.py:914} INFO - Processing file /usr/local/python/3.12.1/lib/python3.12/site-packages/airflow/example_dags/example_inlet_event_extra.py for tasks to queue
[2025-03-28T19:37:12.276+0000] {logging_mixin.py:190} INFO - [2025-03-28T19:37:12.276+0000] {dagbag.py:588} INFO - Filling up the DagBag from /usr/local/python/3.12.1/lib/python3.12/site-packages/airflow/example_dags/example_inlet_event_extra.py
[2025-03-28T19:37:12.286+0000] {processor.py:925} INFO - DAG(s) 'read_dataset_event_from_classic', 'read_dataset_event' retrieved from /usr/local/python/3.12.1/lib/python3.12/site-packages/airflow/example_dags/example_inlet_event_extra.py
[2025-03-28T19:37:12.298+0000] {logging_mixin.py:190} INFO - [2025-03-28T19:37:12.298+0000] {dag.py:3239} INFO - Sync 2 DAGs
[2025-03-28T19:37:12.314+0000] {logging_mixin.py:190} INFO - [2025-03-28T19:37:12.314+0000] {dag.py:4180} INFO - Setting next_dagrun for read_dataset_event to 2025-03-27 00:00:00+00:00, run_after=2025-03-28 00:00:00+00:00
[2025-03-28T19:37:12.317+0000] {logging_mixin.py:190} INFO - [2025-03-28T19:37:12.317+0000] {dag.py:4180} INFO - Setting next_dagrun for read_dataset_event_from_classic to 2025-03-27 00:00:00+00:00, run_after=2025-03-28 00:00:00+00:00
[2025-03-28T19:37:12.330+0000] {processor.py:208} INFO - Processing /usr/local/python/3.12.1/lib/python3.12/site-packages/airflow/example_dags/example_inlet_event_extra.py took 0.060 seconds
[2025-03-28T19:38:08.223+0000] {processor.py:186} INFO - Started process (PID=52762) to work on /usr/local/python/3.12.1/lib/python3.12/site-packages/airflow/example_dags/example_inlet_event_extra.py
[2025-03-28T19:38:08.223+0000] {processor.py:914} INFO - Processing file /usr/local/python/3.12.1/lib/python3.12/site-packages/airflow/example_dags/example_inlet_event_extra.py for tasks to queue
[2025-03-28T19:38:08.225+0000] {logging_mixin.py:190} INFO - [2025-03-28T19:38:08.225+0000] {dagbag.py:588} INFO - Filling up the DagBag from /usr/local/python/3.12.1/lib/python3.12/site-packages/airflow/example_dags/example_inlet_event_extra.py
[2025-03-28T19:38:08.234+0000] {processor.py:925} INFO - DAG(s) 'read_dataset_event_from_classic', 'read_dataset_event' retrieved from /usr/local/python/3.12.1/lib/python3.12/site-packages/airflow/example_dags/example_inlet_event_extra.py
[2025-03-28T19:38:08.247+0000] {logging_mixin.py:190} INFO - [2025-03-28T19:38:08.246+0000] {dag.py:3239} INFO - Sync 2 DAGs
[2025-03-28T19:38:08.264+0000] {logging_mixin.py:190} INFO - [2025-03-28T19:38:08.264+0000] {dag.py:4180} INFO - Setting next_dagrun for read_dataset_event to 2025-03-27 00:00:00+00:00, run_after=2025-03-28 00:00:00+00:00
[2025-03-28T19:38:08.267+0000] {logging_mixin.py:190} INFO - [2025-03-28T19:38:08.267+0000] {dag.py:4180} INFO - Setting next_dagrun for read_dataset_event_from_classic to 2025-03-27 00:00:00+00:00, run_after=2025-03-28 00:00:00+00:00
[2025-03-28T19:38:08.281+0000] {processor.py:208} INFO - Processing /usr/local/python/3.12.1/lib/python3.12/site-packages/airflow/example_dags/example_inlet_event_extra.py took 0.063 seconds
[2025-03-28T19:39:02.555+0000] {processor.py:186} INFO - Started process (PID=53202) to work on /usr/local/python/3.12.1/lib/python3.12/site-packages/airflow/example_dags/example_inlet_event_extra.py
[2025-03-28T19:39:02.555+0000] {processor.py:914} INFO - Processing file /usr/local/python/3.12.1/lib/python3.12/site-packages/airflow/example_dags/example_inlet_event_extra.py for tasks to queue
[2025-03-28T19:39:02.557+0000] {logging_mixin.py:190} INFO - [2025-03-28T19:39:02.556+0000] {dagbag.py:588} INFO - Filling up the DagBag from /usr/local/python/3.12.1/lib/python3.12/site-packages/airflow/example_dags/example_inlet_event_extra.py
[2025-03-28T19:39:02.566+0000] {processor.py:925} INFO - DAG(s) 'read_dataset_event', 'read_dataset_event_from_classic' retrieved from /usr/local/python/3.12.1/lib/python3.12/site-packages/airflow/example_dags/example_inlet_event_extra.py
[2025-03-28T19:39:02.578+0000] {logging_mixin.py:190} INFO - [2025-03-28T19:39:02.578+0000] {dag.py:3239} INFO - Sync 2 DAGs
[2025-03-28T19:39:02.594+0000] {logging_mixin.py:190} INFO - [2025-03-28T19:39:02.594+0000] {dag.py:4180} INFO - Setting next_dagrun for read_dataset_event to 2025-03-27 00:00:00+00:00, run_after=2025-03-28 00:00:00+00:00
[2025-03-28T19:39:02.598+0000] {logging_mixin.py:190} INFO - [2025-03-28T19:39:02.598+0000] {dag.py:4180} INFO - Setting next_dagrun for read_dataset_event_from_classic to 2025-03-27 00:00:00+00:00, run_after=2025-03-28 00:00:00+00:00
[2025-03-28T19:39:02.610+0000] {processor.py:208} INFO - Processing /usr/local/python/3.12.1/lib/python3.12/site-packages/airflow/example_dags/example_inlet_event_extra.py took 0.060 seconds
[2025-03-28T19:39:57.894+0000] {processor.py:186} INFO - Started process (PID=53626) to work on /usr/local/python/3.12.1/lib/python3.12/site-packages/airflow/example_dags/example_inlet_event_extra.py
[2025-03-28T19:39:57.894+0000] {processor.py:914} INFO - Processing file /usr/local/python/3.12.1/lib/python3.12/site-packages/airflow/example_dags/example_inlet_event_extra.py for tasks to queue
[2025-03-28T19:39:57.896+0000] {logging_mixin.py:190} INFO - [2025-03-28T19:39:57.896+0000] {dagbag.py:588} INFO - Filling up the DagBag from /usr/local/python/3.12.1/lib/python3.12/site-packages/airflow/example_dags/example_inlet_event_extra.py
[2025-03-28T19:39:57.906+0000] {processor.py:925} INFO - DAG(s) 'read_dataset_event', 'read_dataset_event_from_classic' retrieved from /usr/local/python/3.12.1/lib/python3.12/site-packages/airflow/example_dags/example_inlet_event_extra.py
[2025-03-28T19:39:57.917+0000] {logging_mixin.py:190} INFO - [2025-03-28T19:39:57.917+0000] {dag.py:3239} INFO - Sync 2 DAGs
[2025-03-28T19:39:57.934+0000] {logging_mixin.py:190} INFO - [2025-03-28T19:39:57.934+0000] {dag.py:4180} INFO - Setting next_dagrun for read_dataset_event to 2025-03-27 00:00:00+00:00, run_after=2025-03-28 00:00:00+00:00
[2025-03-28T19:39:57.938+0000] {logging_mixin.py:190} INFO - [2025-03-28T19:39:57.938+0000] {dag.py:4180} INFO - Setting next_dagrun for read_dataset_event_from_classic to 2025-03-27 00:00:00+00:00, run_after=2025-03-28 00:00:00+00:00
[2025-03-28T19:39:57.951+0000] {processor.py:208} INFO - Processing /usr/local/python/3.12.1/lib/python3.12/site-packages/airflow/example_dags/example_inlet_event_extra.py took 0.061 seconds
[2025-03-28T19:40:50.405+0000] {processor.py:186} INFO - Started process (PID=54041) to work on /usr/local/python/3.12.1/lib/python3.12/site-packages/airflow/example_dags/example_inlet_event_extra.py
[2025-03-28T19:40:50.406+0000] {processor.py:914} INFO - Processing file /usr/local/python/3.12.1/lib/python3.12/site-packages/airflow/example_dags/example_inlet_event_extra.py for tasks to queue
[2025-03-28T19:40:50.407+0000] {logging_mixin.py:190} INFO - [2025-03-28T19:40:50.407+0000] {dagbag.py:588} INFO - Filling up the DagBag from /usr/local/python/3.12.1/lib/python3.12/site-packages/airflow/example_dags/example_inlet_event_extra.py
[2025-03-28T19:40:50.417+0000] {processor.py:925} INFO - DAG(s) 'read_dataset_event_from_classic', 'read_dataset_event' retrieved from /usr/local/python/3.12.1/lib/python3.12/site-packages/airflow/example_dags/example_inlet_event_extra.py
[2025-03-28T19:40:50.428+0000] {logging_mixin.py:190} INFO - [2025-03-28T19:40:50.428+0000] {dag.py:3239} INFO - Sync 2 DAGs
[2025-03-28T19:40:50.445+0000] {logging_mixin.py:190} INFO - [2025-03-28T19:40:50.444+0000] {dag.py:4180} INFO - Setting next_dagrun for read_dataset_event to 2025-03-27 00:00:00+00:00, run_after=2025-03-28 00:00:00+00:00
[2025-03-28T19:40:50.448+0000] {logging_mixin.py:190} INFO - [2025-03-28T19:40:50.448+0000] {dag.py:4180} INFO - Setting next_dagrun for read_dataset_event_from_classic to 2025-03-27 00:00:00+00:00, run_after=2025-03-28 00:00:00+00:00
[2025-03-28T19:40:50.461+0000] {processor.py:208} INFO - Processing /usr/local/python/3.12.1/lib/python3.12/site-packages/airflow/example_dags/example_inlet_event_extra.py took 0.060 seconds
[2025-03-28T19:41:43.375+0000] {processor.py:186} INFO - Started process (PID=54447) to work on /usr/local/python/3.12.1/lib/python3.12/site-packages/airflow/example_dags/example_inlet_event_extra.py
[2025-03-28T19:41:43.375+0000] {processor.py:914} INFO - Processing file /usr/local/python/3.12.1/lib/python3.12/site-packages/airflow/example_dags/example_inlet_event_extra.py for tasks to queue
[2025-03-28T19:41:43.377+0000] {logging_mixin.py:190} INFO - [2025-03-28T19:41:43.376+0000] {dagbag.py:588} INFO - Filling up the DagBag from /usr/local/python/3.12.1/lib/python3.12/site-packages/airflow/example_dags/example_inlet_event_extra.py
[2025-03-28T19:41:43.386+0000] {processor.py:925} INFO - DAG(s) 'read_dataset_event', 'read_dataset_event_from_classic' retrieved from /usr/local/python/3.12.1/lib/python3.12/site-packages/airflow/example_dags/example_inlet_event_extra.py
[2025-03-28T19:41:43.398+0000] {logging_mixin.py:190} INFO - [2025-03-28T19:41:43.398+0000] {dag.py:3239} INFO - Sync 2 DAGs
[2025-03-28T19:41:43.414+0000] {logging_mixin.py:190} INFO - [2025-03-28T19:41:43.414+0000] {dag.py:4180} INFO - Setting next_dagrun for read_dataset_event to 2025-03-27 00:00:00+00:00, run_after=2025-03-28 00:00:00+00:00
[2025-03-28T19:41:43.418+0000] {logging_mixin.py:190} INFO - [2025-03-28T19:41:43.417+0000] {dag.py:4180} INFO - Setting next_dagrun for read_dataset_event_from_classic to 2025-03-27 00:00:00+00:00, run_after=2025-03-28 00:00:00+00:00
[2025-03-28T19:41:43.430+0000] {processor.py:208} INFO - Processing /usr/local/python/3.12.1/lib/python3.12/site-packages/airflow/example_dags/example_inlet_event_extra.py took 0.060 seconds
[2025-03-28T19:42:36.065+0000] {processor.py:186} INFO - Started process (PID=54880) to work on /usr/local/python/3.12.1/lib/python3.12/site-packages/airflow/example_dags/example_inlet_event_extra.py
[2025-03-28T19:42:36.065+0000] {processor.py:914} INFO - Processing file /usr/local/python/3.12.1/lib/python3.12/site-packages/airflow/example_dags/example_inlet_event_extra.py for tasks to queue
[2025-03-28T19:42:36.067+0000] {logging_mixin.py:190} INFO - [2025-03-28T19:42:36.066+0000] {dagbag.py:588} INFO - Filling up the DagBag from /usr/local/python/3.12.1/lib/python3.12/site-packages/airflow/example_dags/example_inlet_event_extra.py
[2025-03-28T19:42:36.077+0000] {processor.py:925} INFO - DAG(s) 'read_dataset_event_from_classic', 'read_dataset_event' retrieved from /usr/local/python/3.12.1/lib/python3.12/site-packages/airflow/example_dags/example_inlet_event_extra.py
[2025-03-28T19:42:36.090+0000] {logging_mixin.py:190} INFO - [2025-03-28T19:42:36.089+0000] {dag.py:3239} INFO - Sync 2 DAGs
[2025-03-28T19:42:36.106+0000] {logging_mixin.py:190} INFO - [2025-03-28T19:42:36.106+0000] {dag.py:4180} INFO - Setting next_dagrun for read_dataset_event to 2025-03-27 00:00:00+00:00, run_after=2025-03-28 00:00:00+00:00
[2025-03-28T19:42:36.110+0000] {logging_mixin.py:190} INFO - [2025-03-28T19:42:36.110+0000] {dag.py:4180} INFO - Setting next_dagrun for read_dataset_event_from_classic to 2025-03-27 00:00:00+00:00, run_after=2025-03-28 00:00:00+00:00
[2025-03-28T19:42:36.124+0000] {processor.py:208} INFO - Processing /usr/local/python/3.12.1/lib/python3.12/site-packages/airflow/example_dags/example_inlet_event_extra.py took 0.064 seconds
