[2025-03-28T18:24:15.318+0000] {processor.py:186} INFO - Started process (PID=9227) to work on /usr/local/python/3.12.1/lib/python3.12/site-packages/airflow/example_dags/example_params_ui_tutorial.py
[2025-03-28T18:24:15.318+0000] {processor.py:914} INFO - Processing file /usr/local/python/3.12.1/lib/python3.12/site-packages/airflow/example_dags/example_params_ui_tutorial.py for tasks to queue
[2025-03-28T18:24:15.320+0000] {logging_mixin.py:190} INFO - [2025-03-28T18:24:15.319+0000] {dagbag.py:588} INFO - Filling up the DagBag from /usr/local/python/3.12.1/lib/python3.12/site-packages/airflow/example_dags/example_params_ui_tutorial.py
[2025-03-28T18:24:15.326+0000] {processor.py:925} INFO - DAG(s) 'example_params_ui_tutorial' retrieved from /usr/local/python/3.12.1/lib/python3.12/site-packages/airflow/example_dags/example_params_ui_tutorial.py
[2025-03-28T18:24:15.431+0000] {logging_mixin.py:190} INFO - [2025-03-28T18:24:15.430+0000] {override.py:1930} INFO - Created Permission View: can edit on DAG:example_params_ui_tutorial
[2025-03-28T18:24:15.439+0000] {logging_mixin.py:190} INFO - [2025-03-28T18:24:15.438+0000] {override.py:1930} INFO - Created Permission View: can delete on DAG:example_params_ui_tutorial
[2025-03-28T18:24:15.445+0000] {logging_mixin.py:190} INFO - [2025-03-28T18:24:15.444+0000] {override.py:1930} INFO - Created Permission View: can read on DAG:example_params_ui_tutorial
[2025-03-28T18:24:15.453+0000] {logging_mixin.py:190} INFO - [2025-03-28T18:24:15.452+0000] {override.py:1930} INFO - Created Permission View: menu access on DAG Run:example_params_ui_tutorial
[2025-03-28T18:24:15.458+0000] {logging_mixin.py:190} INFO - [2025-03-28T18:24:15.458+0000] {override.py:1930} INFO - Created Permission View: can create on DAG Run:example_params_ui_tutorial
[2025-03-28T18:24:15.464+0000] {logging_mixin.py:190} INFO - [2025-03-28T18:24:15.464+0000] {override.py:1930} INFO - Created Permission View: can delete on DAG Run:example_params_ui_tutorial
[2025-03-28T18:24:15.470+0000] {logging_mixin.py:190} INFO - [2025-03-28T18:24:15.469+0000] {override.py:1930} INFO - Created Permission View: can read on DAG Run:example_params_ui_tutorial
[2025-03-28T18:24:15.470+0000] {logging_mixin.py:190} INFO - [2025-03-28T18:24:15.470+0000] {dag.py:3239} INFO - Sync 1 DAGs
[2025-03-28T18:24:15.479+0000] {logging_mixin.py:190} INFO - [2025-03-28T18:24:15.479+0000] {dag.py:3262} INFO - Creating ORM DAG for example_params_ui_tutorial
[2025-03-28T18:24:15.480+0000] {logging_mixin.py:190} INFO - [2025-03-28T18:24:15.480+0000] {dag.py:4180} INFO - Setting next_dagrun for example_params_ui_tutorial to None, run_after=None
[2025-03-28T18:24:15.494+0000] {processor.py:208} INFO - Processing /usr/local/python/3.12.1/lib/python3.12/site-packages/airflow/example_dags/example_params_ui_tutorial.py took 0.181 seconds
[2025-03-28T18:25:13.876+0000] {processor.py:186} INFO - Started process (PID=9721) to work on /usr/local/python/3.12.1/lib/python3.12/site-packages/airflow/example_dags/example_params_ui_tutorial.py
[2025-03-28T18:25:13.877+0000] {processor.py:914} INFO - Processing file /usr/local/python/3.12.1/lib/python3.12/site-packages/airflow/example_dags/example_params_ui_tutorial.py for tasks to queue
[2025-03-28T18:25:13.878+0000] {logging_mixin.py:190} INFO - [2025-03-28T18:25:13.878+0000] {dagbag.py:588} INFO - Filling up the DagBag from /usr/local/python/3.12.1/lib/python3.12/site-packages/airflow/example_dags/example_params_ui_tutorial.py
[2025-03-28T18:25:13.885+0000] {processor.py:925} INFO - DAG(s) 'example_params_ui_tutorial' retrieved from /usr/local/python/3.12.1/lib/python3.12/site-packages/airflow/example_dags/example_params_ui_tutorial.py
[2025-03-28T18:25:13.916+0000] {logging_mixin.py:190} INFO - [2025-03-28T18:25:13.916+0000] {dag.py:3239} INFO - Sync 1 DAGs
[2025-03-28T18:25:13.926+0000] {logging_mixin.py:190} INFO - [2025-03-28T18:25:13.926+0000] {dag.py:4180} INFO - Setting next_dagrun for example_params_ui_tutorial to None, run_after=None
[2025-03-28T18:25:13.941+0000] {processor.py:208} INFO - Processing /usr/local/python/3.12.1/lib/python3.12/site-packages/airflow/example_dags/example_params_ui_tutorial.py took 0.069 seconds
[2025-03-28T18:26:08.012+0000] {processor.py:186} INFO - Started process (PID=10201) to work on /usr/local/python/3.12.1/lib/python3.12/site-packages/airflow/example_dags/example_params_ui_tutorial.py
[2025-03-28T18:26:08.013+0000] {processor.py:914} INFO - Processing file /usr/local/python/3.12.1/lib/python3.12/site-packages/airflow/example_dags/example_params_ui_tutorial.py for tasks to queue
[2025-03-28T18:26:08.014+0000] {logging_mixin.py:190} INFO - [2025-03-28T18:26:08.014+0000] {dagbag.py:588} INFO - Filling up the DagBag from /usr/local/python/3.12.1/lib/python3.12/site-packages/airflow/example_dags/example_params_ui_tutorial.py
[2025-03-28T18:26:08.021+0000] {processor.py:925} INFO - DAG(s) 'example_params_ui_tutorial' retrieved from /usr/local/python/3.12.1/lib/python3.12/site-packages/airflow/example_dags/example_params_ui_tutorial.py
[2025-03-28T18:26:08.052+0000] {logging_mixin.py:190} INFO - [2025-03-28T18:26:08.051+0000] {dag.py:3239} INFO - Sync 1 DAGs
[2025-03-28T18:26:08.061+0000] {logging_mixin.py:190} INFO - [2025-03-28T18:26:08.061+0000] {dag.py:4180} INFO - Setting next_dagrun for example_params_ui_tutorial to None, run_after=None
[2025-03-28T18:26:08.076+0000] {processor.py:208} INFO - Processing /usr/local/python/3.12.1/lib/python3.12/site-packages/airflow/example_dags/example_params_ui_tutorial.py took 0.067 seconds
[2025-03-28T18:28:15.660+0000] {processor.py:186} INFO - Started process (PID=11419) to work on /usr/local/python/3.12.1/lib/python3.12/site-packages/airflow/example_dags/example_params_ui_tutorial.py
[2025-03-28T18:28:15.661+0000] {processor.py:914} INFO - Processing file /usr/local/python/3.12.1/lib/python3.12/site-packages/airflow/example_dags/example_params_ui_tutorial.py for tasks to queue
[2025-03-28T18:28:15.662+0000] {logging_mixin.py:190} INFO - [2025-03-28T18:28:15.662+0000] {dagbag.py:588} INFO - Filling up the DagBag from /usr/local/python/3.12.1/lib/python3.12/site-packages/airflow/example_dags/example_params_ui_tutorial.py
[2025-03-28T18:28:15.668+0000] {processor.py:925} INFO - DAG(s) 'example_params_ui_tutorial' retrieved from /usr/local/python/3.12.1/lib/python3.12/site-packages/airflow/example_dags/example_params_ui_tutorial.py
[2025-03-28T18:28:15.700+0000] {logging_mixin.py:190} INFO - [2025-03-28T18:28:15.699+0000] {dag.py:3239} INFO - Sync 1 DAGs
[2025-03-28T18:28:15.709+0000] {logging_mixin.py:190} INFO - [2025-03-28T18:28:15.709+0000] {dag.py:4180} INFO - Setting next_dagrun for example_params_ui_tutorial to None, run_after=None
[2025-03-28T18:28:15.724+0000] {processor.py:208} INFO - Processing /usr/local/python/3.12.1/lib/python3.12/site-packages/airflow/example_dags/example_params_ui_tutorial.py took 0.068 seconds
[2025-03-28T18:29:09.423+0000] {processor.py:186} INFO - Started process (PID=11859) to work on /usr/local/python/3.12.1/lib/python3.12/site-packages/airflow/example_dags/example_params_ui_tutorial.py
[2025-03-28T18:29:09.424+0000] {processor.py:914} INFO - Processing file /usr/local/python/3.12.1/lib/python3.12/site-packages/airflow/example_dags/example_params_ui_tutorial.py for tasks to queue
[2025-03-28T18:29:09.425+0000] {logging_mixin.py:190} INFO - [2025-03-28T18:29:09.425+0000] {dagbag.py:588} INFO - Filling up the DagBag from /usr/local/python/3.12.1/lib/python3.12/site-packages/airflow/example_dags/example_params_ui_tutorial.py
[2025-03-28T18:29:09.433+0000] {processor.py:925} INFO - DAG(s) 'example_params_ui_tutorial' retrieved from /usr/local/python/3.12.1/lib/python3.12/site-packages/airflow/example_dags/example_params_ui_tutorial.py
[2025-03-28T18:29:09.468+0000] {logging_mixin.py:190} INFO - [2025-03-28T18:29:09.468+0000] {dag.py:3239} INFO - Sync 1 DAGs
[2025-03-28T18:29:09.477+0000] {logging_mixin.py:190} INFO - [2025-03-28T18:29:09.477+0000] {dag.py:4180} INFO - Setting next_dagrun for example_params_ui_tutorial to None, run_after=None
[2025-03-28T18:29:09.492+0000] {processor.py:208} INFO - Processing /usr/local/python/3.12.1/lib/python3.12/site-packages/airflow/example_dags/example_params_ui_tutorial.py took 0.074 seconds
[2025-03-28T18:30:03.562+0000] {processor.py:186} INFO - Started process (PID=12342) to work on /usr/local/python/3.12.1/lib/python3.12/site-packages/airflow/example_dags/example_params_ui_tutorial.py
[2025-03-28T18:30:03.562+0000] {processor.py:914} INFO - Processing file /usr/local/python/3.12.1/lib/python3.12/site-packages/airflow/example_dags/example_params_ui_tutorial.py for tasks to queue
[2025-03-28T18:30:03.563+0000] {logging_mixin.py:190} INFO - [2025-03-28T18:30:03.563+0000] {dagbag.py:588} INFO - Filling up the DagBag from /usr/local/python/3.12.1/lib/python3.12/site-packages/airflow/example_dags/example_params_ui_tutorial.py
[2025-03-28T18:30:03.570+0000] {processor.py:925} INFO - DAG(s) 'example_params_ui_tutorial' retrieved from /usr/local/python/3.12.1/lib/python3.12/site-packages/airflow/example_dags/example_params_ui_tutorial.py
[2025-03-28T18:30:03.600+0000] {logging_mixin.py:190} INFO - [2025-03-28T18:30:03.600+0000] {dag.py:3239} INFO - Sync 1 DAGs
[2025-03-28T18:30:03.609+0000] {logging_mixin.py:190} INFO - [2025-03-28T18:30:03.609+0000] {dag.py:4180} INFO - Setting next_dagrun for example_params_ui_tutorial to None, run_after=None
[2025-03-28T18:30:03.623+0000] {processor.py:208} INFO - Processing /usr/local/python/3.12.1/lib/python3.12/site-packages/airflow/example_dags/example_params_ui_tutorial.py took 0.066 seconds
[2025-03-28T18:30:53.631+0000] {processor.py:186} INFO - Started process (PID=12746) to work on /usr/local/python/3.12.1/lib/python3.12/site-packages/airflow/example_dags/example_params_ui_tutorial.py
[2025-03-28T18:30:53.632+0000] {processor.py:914} INFO - Processing file /usr/local/python/3.12.1/lib/python3.12/site-packages/airflow/example_dags/example_params_ui_tutorial.py for tasks to queue
[2025-03-28T18:30:53.633+0000] {logging_mixin.py:190} INFO - [2025-03-28T18:30:53.633+0000] {dagbag.py:588} INFO - Filling up the DagBag from /usr/local/python/3.12.1/lib/python3.12/site-packages/airflow/example_dags/example_params_ui_tutorial.py
[2025-03-28T18:30:53.640+0000] {processor.py:925} INFO - DAG(s) 'example_params_ui_tutorial' retrieved from /usr/local/python/3.12.1/lib/python3.12/site-packages/airflow/example_dags/example_params_ui_tutorial.py
[2025-03-28T18:30:53.670+0000] {logging_mixin.py:190} INFO - [2025-03-28T18:30:53.670+0000] {dag.py:3239} INFO - Sync 1 DAGs
[2025-03-28T18:30:53.679+0000] {logging_mixin.py:190} INFO - [2025-03-28T18:30:53.679+0000] {dag.py:4180} INFO - Setting next_dagrun for example_params_ui_tutorial to None, run_after=None
[2025-03-28T18:30:53.694+0000] {processor.py:208} INFO - Processing /usr/local/python/3.12.1/lib/python3.12/site-packages/airflow/example_dags/example_params_ui_tutorial.py took 0.066 seconds
[2025-03-28T18:31:43.151+0000] {processor.py:186} INFO - Started process (PID=13146) to work on /usr/local/python/3.12.1/lib/python3.12/site-packages/airflow/example_dags/example_params_ui_tutorial.py
[2025-03-28T18:31:43.151+0000] {processor.py:914} INFO - Processing file /usr/local/python/3.12.1/lib/python3.12/site-packages/airflow/example_dags/example_params_ui_tutorial.py for tasks to queue
[2025-03-28T18:31:43.153+0000] {logging_mixin.py:190} INFO - [2025-03-28T18:31:43.152+0000] {dagbag.py:588} INFO - Filling up the DagBag from /usr/local/python/3.12.1/lib/python3.12/site-packages/airflow/example_dags/example_params_ui_tutorial.py
[2025-03-28T18:31:43.159+0000] {processor.py:925} INFO - DAG(s) 'example_params_ui_tutorial' retrieved from /usr/local/python/3.12.1/lib/python3.12/site-packages/airflow/example_dags/example_params_ui_tutorial.py
[2025-03-28T18:31:43.190+0000] {logging_mixin.py:190} INFO - [2025-03-28T18:31:43.190+0000] {dag.py:3239} INFO - Sync 1 DAGs
[2025-03-28T18:31:43.199+0000] {logging_mixin.py:190} INFO - [2025-03-28T18:31:43.199+0000] {dag.py:4180} INFO - Setting next_dagrun for example_params_ui_tutorial to None, run_after=None
[2025-03-28T18:31:43.214+0000] {processor.py:208} INFO - Processing /usr/local/python/3.12.1/lib/python3.12/site-packages/airflow/example_dags/example_params_ui_tutorial.py took 0.067 seconds
[2025-03-28T18:32:32.560+0000] {processor.py:186} INFO - Started process (PID=13687) to work on /usr/local/python/3.12.1/lib/python3.12/site-packages/airflow/example_dags/example_params_ui_tutorial.py
[2025-03-28T18:32:32.561+0000] {processor.py:914} INFO - Processing file /usr/local/python/3.12.1/lib/python3.12/site-packages/airflow/example_dags/example_params_ui_tutorial.py for tasks to queue
[2025-03-28T18:32:32.562+0000] {logging_mixin.py:190} INFO - [2025-03-28T18:32:32.562+0000] {dagbag.py:588} INFO - Filling up the DagBag from /usr/local/python/3.12.1/lib/python3.12/site-packages/airflow/example_dags/example_params_ui_tutorial.py
[2025-03-28T18:32:32.569+0000] {processor.py:925} INFO - DAG(s) 'example_params_ui_tutorial' retrieved from /usr/local/python/3.12.1/lib/python3.12/site-packages/airflow/example_dags/example_params_ui_tutorial.py
[2025-03-28T18:32:32.600+0000] {logging_mixin.py:190} INFO - [2025-03-28T18:32:32.600+0000] {dag.py:3239} INFO - Sync 1 DAGs
[2025-03-28T18:32:32.610+0000] {logging_mixin.py:190} INFO - [2025-03-28T18:32:32.610+0000] {dag.py:4180} INFO - Setting next_dagrun for example_params_ui_tutorial to None, run_after=None
[2025-03-28T18:32:32.625+0000] {processor.py:208} INFO - Processing /usr/local/python/3.12.1/lib/python3.12/site-packages/airflow/example_dags/example_params_ui_tutorial.py took 0.069 seconds
[2025-03-28T18:33:22.175+0000] {processor.py:186} INFO - Started process (PID=14106) to work on /usr/local/python/3.12.1/lib/python3.12/site-packages/airflow/example_dags/example_params_ui_tutorial.py
[2025-03-28T18:33:22.175+0000] {processor.py:914} INFO - Processing file /usr/local/python/3.12.1/lib/python3.12/site-packages/airflow/example_dags/example_params_ui_tutorial.py for tasks to queue
[2025-03-28T18:33:22.177+0000] {logging_mixin.py:190} INFO - [2025-03-28T18:33:22.176+0000] {dagbag.py:588} INFO - Filling up the DagBag from /usr/local/python/3.12.1/lib/python3.12/site-packages/airflow/example_dags/example_params_ui_tutorial.py
[2025-03-28T18:33:22.183+0000] {processor.py:925} INFO - DAG(s) 'example_params_ui_tutorial' retrieved from /usr/local/python/3.12.1/lib/python3.12/site-packages/airflow/example_dags/example_params_ui_tutorial.py
[2025-03-28T18:33:22.214+0000] {logging_mixin.py:190} INFO - [2025-03-28T18:33:22.214+0000] {dag.py:3239} INFO - Sync 1 DAGs
[2025-03-28T18:33:22.224+0000] {logging_mixin.py:190} INFO - [2025-03-28T18:33:22.224+0000] {dag.py:4180} INFO - Setting next_dagrun for example_params_ui_tutorial to None, run_after=None
[2025-03-28T18:33:22.239+0000] {processor.py:208} INFO - Processing /usr/local/python/3.12.1/lib/python3.12/site-packages/airflow/example_dags/example_params_ui_tutorial.py took 0.069 seconds
[2025-03-28T18:34:12.536+0000] {processor.py:186} INFO - Started process (PID=14548) to work on /usr/local/python/3.12.1/lib/python3.12/site-packages/airflow/example_dags/example_params_ui_tutorial.py
[2025-03-28T18:34:12.536+0000] {processor.py:914} INFO - Processing file /usr/local/python/3.12.1/lib/python3.12/site-packages/airflow/example_dags/example_params_ui_tutorial.py for tasks to queue
[2025-03-28T18:34:12.538+0000] {logging_mixin.py:190} INFO - [2025-03-28T18:34:12.538+0000] {dagbag.py:588} INFO - Filling up the DagBag from /usr/local/python/3.12.1/lib/python3.12/site-packages/airflow/example_dags/example_params_ui_tutorial.py
[2025-03-28T18:34:12.545+0000] {processor.py:925} INFO - DAG(s) 'example_params_ui_tutorial' retrieved from /usr/local/python/3.12.1/lib/python3.12/site-packages/airflow/example_dags/example_params_ui_tutorial.py
[2025-03-28T18:34:12.580+0000] {logging_mixin.py:190} INFO - [2025-03-28T18:34:12.580+0000] {dag.py:3239} INFO - Sync 1 DAGs
[2025-03-28T18:34:12.590+0000] {logging_mixin.py:190} INFO - [2025-03-28T18:34:12.590+0000] {dag.py:4180} INFO - Setting next_dagrun for example_params_ui_tutorial to None, run_after=None
[2025-03-28T18:34:12.605+0000] {processor.py:208} INFO - Processing /usr/local/python/3.12.1/lib/python3.12/site-packages/airflow/example_dags/example_params_ui_tutorial.py took 0.073 seconds
[2025-03-28T18:35:01.648+0000] {processor.py:186} INFO - Started process (PID=14945) to work on /usr/local/python/3.12.1/lib/python3.12/site-packages/airflow/example_dags/example_params_ui_tutorial.py
[2025-03-28T18:35:01.649+0000] {processor.py:914} INFO - Processing file /usr/local/python/3.12.1/lib/python3.12/site-packages/airflow/example_dags/example_params_ui_tutorial.py for tasks to queue
[2025-03-28T18:35:01.650+0000] {logging_mixin.py:190} INFO - [2025-03-28T18:35:01.650+0000] {dagbag.py:588} INFO - Filling up the DagBag from /usr/local/python/3.12.1/lib/python3.12/site-packages/airflow/example_dags/example_params_ui_tutorial.py
[2025-03-28T18:35:01.657+0000] {processor.py:925} INFO - DAG(s) 'example_params_ui_tutorial' retrieved from /usr/local/python/3.12.1/lib/python3.12/site-packages/airflow/example_dags/example_params_ui_tutorial.py
[2025-03-28T18:35:01.687+0000] {logging_mixin.py:190} INFO - [2025-03-28T18:35:01.687+0000] {dag.py:3239} INFO - Sync 1 DAGs
[2025-03-28T18:35:01.697+0000] {logging_mixin.py:190} INFO - [2025-03-28T18:35:01.697+0000] {dag.py:4180} INFO - Setting next_dagrun for example_params_ui_tutorial to None, run_after=None
[2025-03-28T18:35:01.713+0000] {processor.py:208} INFO - Processing /usr/local/python/3.12.1/lib/python3.12/site-packages/airflow/example_dags/example_params_ui_tutorial.py took 0.069 seconds
[2025-03-28T18:35:50.900+0000] {processor.py:186} INFO - Started process (PID=15380) to work on /usr/local/python/3.12.1/lib/python3.12/site-packages/airflow/example_dags/example_params_ui_tutorial.py
[2025-03-28T18:35:50.901+0000] {processor.py:914} INFO - Processing file /usr/local/python/3.12.1/lib/python3.12/site-packages/airflow/example_dags/example_params_ui_tutorial.py for tasks to queue
[2025-03-28T18:35:50.902+0000] {logging_mixin.py:190} INFO - [2025-03-28T18:35:50.902+0000] {dagbag.py:588} INFO - Filling up the DagBag from /usr/local/python/3.12.1/lib/python3.12/site-packages/airflow/example_dags/example_params_ui_tutorial.py
[2025-03-28T18:35:50.909+0000] {processor.py:925} INFO - DAG(s) 'example_params_ui_tutorial' retrieved from /usr/local/python/3.12.1/lib/python3.12/site-packages/airflow/example_dags/example_params_ui_tutorial.py
[2025-03-28T18:35:50.939+0000] {logging_mixin.py:190} INFO - [2025-03-28T18:35:50.939+0000] {dag.py:3239} INFO - Sync 1 DAGs
[2025-03-28T18:35:50.949+0000] {logging_mixin.py:190} INFO - [2025-03-28T18:35:50.949+0000] {dag.py:4180} INFO - Setting next_dagrun for example_params_ui_tutorial to None, run_after=None
[2025-03-28T18:35:50.964+0000] {processor.py:208} INFO - Processing /usr/local/python/3.12.1/lib/python3.12/site-packages/airflow/example_dags/example_params_ui_tutorial.py took 0.068 seconds
[2025-03-28T18:37:49.282+0000] {processor.py:186} INFO - Started process (PID=16700) to work on /usr/local/python/3.12.1/lib/python3.12/site-packages/airflow/example_dags/example_params_ui_tutorial.py
[2025-03-28T18:37:49.283+0000] {processor.py:914} INFO - Processing file /usr/local/python/3.12.1/lib/python3.12/site-packages/airflow/example_dags/example_params_ui_tutorial.py for tasks to queue
[2025-03-28T18:37:49.284+0000] {logging_mixin.py:190} INFO - [2025-03-28T18:37:49.284+0000] {dagbag.py:588} INFO - Filling up the DagBag from /usr/local/python/3.12.1/lib/python3.12/site-packages/airflow/example_dags/example_params_ui_tutorial.py
[2025-03-28T18:37:49.291+0000] {processor.py:925} INFO - DAG(s) 'example_params_ui_tutorial' retrieved from /usr/local/python/3.12.1/lib/python3.12/site-packages/airflow/example_dags/example_params_ui_tutorial.py
[2025-03-28T18:37:49.322+0000] {logging_mixin.py:190} INFO - [2025-03-28T18:37:49.322+0000] {dag.py:3239} INFO - Sync 1 DAGs
[2025-03-28T18:37:49.332+0000] {logging_mixin.py:190} INFO - [2025-03-28T18:37:49.331+0000] {dag.py:4180} INFO - Setting next_dagrun for example_params_ui_tutorial to None, run_after=None
[2025-03-28T18:37:49.347+0000] {processor.py:208} INFO - Processing /usr/local/python/3.12.1/lib/python3.12/site-packages/airflow/example_dags/example_params_ui_tutorial.py took 0.069 seconds
[2025-03-28T18:38:43.788+0000] {processor.py:186} INFO - Started process (PID=17163) to work on /usr/local/python/3.12.1/lib/python3.12/site-packages/airflow/example_dags/example_params_ui_tutorial.py
[2025-03-28T18:38:43.789+0000] {processor.py:914} INFO - Processing file /usr/local/python/3.12.1/lib/python3.12/site-packages/airflow/example_dags/example_params_ui_tutorial.py for tasks to queue
[2025-03-28T18:38:43.790+0000] {logging_mixin.py:190} INFO - [2025-03-28T18:38:43.790+0000] {dagbag.py:588} INFO - Filling up the DagBag from /usr/local/python/3.12.1/lib/python3.12/site-packages/airflow/example_dags/example_params_ui_tutorial.py
[2025-03-28T18:38:43.797+0000] {processor.py:925} INFO - DAG(s) 'example_params_ui_tutorial' retrieved from /usr/local/python/3.12.1/lib/python3.12/site-packages/airflow/example_dags/example_params_ui_tutorial.py
[2025-03-28T18:38:43.827+0000] {logging_mixin.py:190} INFO - [2025-03-28T18:38:43.827+0000] {dag.py:3239} INFO - Sync 1 DAGs
[2025-03-28T18:38:43.836+0000] {logging_mixin.py:190} INFO - [2025-03-28T18:38:43.836+0000] {dag.py:4180} INFO - Setting next_dagrun for example_params_ui_tutorial to None, run_after=None
[2025-03-28T18:38:43.850+0000] {processor.py:208} INFO - Processing /usr/local/python/3.12.1/lib/python3.12/site-packages/airflow/example_dags/example_params_ui_tutorial.py took 0.066 seconds
[2025-03-28T18:39:38.626+0000] {processor.py:186} INFO - Started process (PID=17646) to work on /usr/local/python/3.12.1/lib/python3.12/site-packages/airflow/example_dags/example_params_ui_tutorial.py
[2025-03-28T18:39:38.627+0000] {processor.py:914} INFO - Processing file /usr/local/python/3.12.1/lib/python3.12/site-packages/airflow/example_dags/example_params_ui_tutorial.py for tasks to queue
[2025-03-28T18:39:38.628+0000] {logging_mixin.py:190} INFO - [2025-03-28T18:39:38.628+0000] {dagbag.py:588} INFO - Filling up the DagBag from /usr/local/python/3.12.1/lib/python3.12/site-packages/airflow/example_dags/example_params_ui_tutorial.py
[2025-03-28T18:39:38.635+0000] {processor.py:925} INFO - DAG(s) 'example_params_ui_tutorial' retrieved from /usr/local/python/3.12.1/lib/python3.12/site-packages/airflow/example_dags/example_params_ui_tutorial.py
[2025-03-28T18:39:38.665+0000] {logging_mixin.py:190} INFO - [2025-03-28T18:39:38.665+0000] {dag.py:3239} INFO - Sync 1 DAGs
[2025-03-28T18:39:38.675+0000] {logging_mixin.py:190} INFO - [2025-03-28T18:39:38.674+0000] {dag.py:4180} INFO - Setting next_dagrun for example_params_ui_tutorial to None, run_after=None
[2025-03-28T18:39:38.689+0000] {processor.py:208} INFO - Processing /usr/local/python/3.12.1/lib/python3.12/site-packages/airflow/example_dags/example_params_ui_tutorial.py took 0.067 seconds
[2025-03-28T18:40:39.477+0000] {processor.py:186} INFO - Started process (PID=18352) to work on /usr/local/python/3.12.1/lib/python3.12/site-packages/airflow/example_dags/example_params_ui_tutorial.py
[2025-03-28T18:40:39.478+0000] {processor.py:914} INFO - Processing file /usr/local/python/3.12.1/lib/python3.12/site-packages/airflow/example_dags/example_params_ui_tutorial.py for tasks to queue
[2025-03-28T18:40:39.480+0000] {logging_mixin.py:190} INFO - [2025-03-28T18:40:39.480+0000] {dagbag.py:588} INFO - Filling up the DagBag from /usr/local/python/3.12.1/lib/python3.12/site-packages/airflow/example_dags/example_params_ui_tutorial.py
[2025-03-28T18:40:39.491+0000] {processor.py:925} INFO - DAG(s) 'example_params_ui_tutorial' retrieved from /usr/local/python/3.12.1/lib/python3.12/site-packages/airflow/example_dags/example_params_ui_tutorial.py
[2025-03-28T18:40:39.524+0000] {logging_mixin.py:190} INFO - [2025-03-28T18:40:39.524+0000] {dag.py:3239} INFO - Sync 1 DAGs
[2025-03-28T18:40:39.534+0000] {logging_mixin.py:190} INFO - [2025-03-28T18:40:39.534+0000] {dag.py:4180} INFO - Setting next_dagrun for example_params_ui_tutorial to None, run_after=None
[2025-03-28T18:40:39.552+0000] {processor.py:208} INFO - Processing /usr/local/python/3.12.1/lib/python3.12/site-packages/airflow/example_dags/example_params_ui_tutorial.py took 0.078 seconds
[2025-03-28T18:41:32.614+0000] {processor.py:186} INFO - Started process (PID=18929) to work on /usr/local/python/3.12.1/lib/python3.12/site-packages/airflow/example_dags/example_params_ui_tutorial.py
[2025-03-28T18:41:32.615+0000] {processor.py:914} INFO - Processing file /usr/local/python/3.12.1/lib/python3.12/site-packages/airflow/example_dags/example_params_ui_tutorial.py for tasks to queue
[2025-03-28T18:41:32.616+0000] {logging_mixin.py:190} INFO - [2025-03-28T18:41:32.616+0000] {dagbag.py:588} INFO - Filling up the DagBag from /usr/local/python/3.12.1/lib/python3.12/site-packages/airflow/example_dags/example_params_ui_tutorial.py
[2025-03-28T18:41:32.623+0000] {processor.py:925} INFO - DAG(s) 'example_params_ui_tutorial' retrieved from /usr/local/python/3.12.1/lib/python3.12/site-packages/airflow/example_dags/example_params_ui_tutorial.py
[2025-03-28T18:41:32.654+0000] {logging_mixin.py:190} INFO - [2025-03-28T18:41:32.654+0000] {dag.py:3239} INFO - Sync 1 DAGs
[2025-03-28T18:41:32.664+0000] {logging_mixin.py:190} INFO - [2025-03-28T18:41:32.663+0000] {dag.py:4180} INFO - Setting next_dagrun for example_params_ui_tutorial to None, run_after=None
[2025-03-28T18:41:32.681+0000] {processor.py:208} INFO - Processing /usr/local/python/3.12.1/lib/python3.12/site-packages/airflow/example_dags/example_params_ui_tutorial.py took 0.071 seconds
[2025-03-28T18:42:29.623+0000] {processor.py:186} INFO - Started process (PID=19452) to work on /usr/local/python/3.12.1/lib/python3.12/site-packages/airflow/example_dags/example_params_ui_tutorial.py
[2025-03-28T18:42:29.624+0000] {processor.py:914} INFO - Processing file /usr/local/python/3.12.1/lib/python3.12/site-packages/airflow/example_dags/example_params_ui_tutorial.py for tasks to queue
[2025-03-28T18:42:29.625+0000] {logging_mixin.py:190} INFO - [2025-03-28T18:42:29.625+0000] {dagbag.py:588} INFO - Filling up the DagBag from /usr/local/python/3.12.1/lib/python3.12/site-packages/airflow/example_dags/example_params_ui_tutorial.py
[2025-03-28T18:42:29.633+0000] {processor.py:925} INFO - DAG(s) 'example_params_ui_tutorial' retrieved from /usr/local/python/3.12.1/lib/python3.12/site-packages/airflow/example_dags/example_params_ui_tutorial.py
[2025-03-28T18:42:29.670+0000] {logging_mixin.py:190} INFO - [2025-03-28T18:42:29.670+0000] {dag.py:3239} INFO - Sync 1 DAGs
[2025-03-28T18:42:29.679+0000] {logging_mixin.py:190} INFO - [2025-03-28T18:42:29.679+0000] {dag.py:4180} INFO - Setting next_dagrun for example_params_ui_tutorial to None, run_after=None
[2025-03-28T18:42:29.694+0000] {processor.py:208} INFO - Processing /usr/local/python/3.12.1/lib/python3.12/site-packages/airflow/example_dags/example_params_ui_tutorial.py took 0.075 seconds
[2025-03-28T18:43:26.129+0000] {processor.py:186} INFO - Started process (PID=19946) to work on /usr/local/python/3.12.1/lib/python3.12/site-packages/airflow/example_dags/example_params_ui_tutorial.py
[2025-03-28T18:43:26.130+0000] {processor.py:914} INFO - Processing file /usr/local/python/3.12.1/lib/python3.12/site-packages/airflow/example_dags/example_params_ui_tutorial.py for tasks to queue
[2025-03-28T18:43:26.131+0000] {logging_mixin.py:190} INFO - [2025-03-28T18:43:26.131+0000] {dagbag.py:588} INFO - Filling up the DagBag from /usr/local/python/3.12.1/lib/python3.12/site-packages/airflow/example_dags/example_params_ui_tutorial.py
[2025-03-28T18:43:26.138+0000] {processor.py:925} INFO - DAG(s) 'example_params_ui_tutorial' retrieved from /usr/local/python/3.12.1/lib/python3.12/site-packages/airflow/example_dags/example_params_ui_tutorial.py
[2025-03-28T18:43:26.170+0000] {logging_mixin.py:190} INFO - [2025-03-28T18:43:26.170+0000] {dag.py:3239} INFO - Sync 1 DAGs
[2025-03-28T18:43:26.179+0000] {logging_mixin.py:190} INFO - [2025-03-28T18:43:26.179+0000] {dag.py:4180} INFO - Setting next_dagrun for example_params_ui_tutorial to None, run_after=None
[2025-03-28T18:43:26.194+0000] {processor.py:208} INFO - Processing /usr/local/python/3.12.1/lib/python3.12/site-packages/airflow/example_dags/example_params_ui_tutorial.py took 0.069 seconds
[2025-03-28T18:44:21.441+0000] {processor.py:186} INFO - Started process (PID=20451) to work on /usr/local/python/3.12.1/lib/python3.12/site-packages/airflow/example_dags/example_params_ui_tutorial.py
[2025-03-28T18:44:21.441+0000] {processor.py:914} INFO - Processing file /usr/local/python/3.12.1/lib/python3.12/site-packages/airflow/example_dags/example_params_ui_tutorial.py for tasks to queue
[2025-03-28T18:44:21.443+0000] {logging_mixin.py:190} INFO - [2025-03-28T18:44:21.442+0000] {dagbag.py:588} INFO - Filling up the DagBag from /usr/local/python/3.12.1/lib/python3.12/site-packages/airflow/example_dags/example_params_ui_tutorial.py
[2025-03-28T18:44:21.450+0000] {processor.py:925} INFO - DAG(s) 'example_params_ui_tutorial' retrieved from /usr/local/python/3.12.1/lib/python3.12/site-packages/airflow/example_dags/example_params_ui_tutorial.py
[2025-03-28T18:44:21.484+0000] {logging_mixin.py:190} INFO - [2025-03-28T18:44:21.484+0000] {dag.py:3239} INFO - Sync 1 DAGs
[2025-03-28T18:44:21.493+0000] {logging_mixin.py:190} INFO - [2025-03-28T18:44:21.493+0000] {dag.py:4180} INFO - Setting next_dagrun for example_params_ui_tutorial to None, run_after=None
[2025-03-28T18:44:21.507+0000] {processor.py:208} INFO - Processing /usr/local/python/3.12.1/lib/python3.12/site-packages/airflow/example_dags/example_params_ui_tutorial.py took 0.071 seconds
[2025-03-28T18:45:15.528+0000] {processor.py:186} INFO - Started process (PID=20928) to work on /usr/local/python/3.12.1/lib/python3.12/site-packages/airflow/example_dags/example_params_ui_tutorial.py
[2025-03-28T18:45:15.528+0000] {processor.py:914} INFO - Processing file /usr/local/python/3.12.1/lib/python3.12/site-packages/airflow/example_dags/example_params_ui_tutorial.py for tasks to queue
[2025-03-28T18:45:15.530+0000] {logging_mixin.py:190} INFO - [2025-03-28T18:45:15.530+0000] {dagbag.py:588} INFO - Filling up the DagBag from /usr/local/python/3.12.1/lib/python3.12/site-packages/airflow/example_dags/example_params_ui_tutorial.py
[2025-03-28T18:45:15.537+0000] {processor.py:925} INFO - DAG(s) 'example_params_ui_tutorial' retrieved from /usr/local/python/3.12.1/lib/python3.12/site-packages/airflow/example_dags/example_params_ui_tutorial.py
[2025-03-28T18:45:15.568+0000] {logging_mixin.py:190} INFO - [2025-03-28T18:45:15.568+0000] {dag.py:3239} INFO - Sync 1 DAGs
[2025-03-28T18:45:15.577+0000] {logging_mixin.py:190} INFO - [2025-03-28T18:45:15.577+0000] {dag.py:4180} INFO - Setting next_dagrun for example_params_ui_tutorial to None, run_after=None
[2025-03-28T18:45:15.593+0000] {processor.py:208} INFO - Processing /usr/local/python/3.12.1/lib/python3.12/site-packages/airflow/example_dags/example_params_ui_tutorial.py took 0.069 seconds
[2025-03-28T18:46:09.585+0000] {processor.py:186} INFO - Started process (PID=21395) to work on /usr/local/python/3.12.1/lib/python3.12/site-packages/airflow/example_dags/example_params_ui_tutorial.py
[2025-03-28T18:46:09.586+0000] {processor.py:914} INFO - Processing file /usr/local/python/3.12.1/lib/python3.12/site-packages/airflow/example_dags/example_params_ui_tutorial.py for tasks to queue
[2025-03-28T18:46:09.587+0000] {logging_mixin.py:190} INFO - [2025-03-28T18:46:09.587+0000] {dagbag.py:588} INFO - Filling up the DagBag from /usr/local/python/3.12.1/lib/python3.12/site-packages/airflow/example_dags/example_params_ui_tutorial.py
[2025-03-28T18:46:09.594+0000] {processor.py:925} INFO - DAG(s) 'example_params_ui_tutorial' retrieved from /usr/local/python/3.12.1/lib/python3.12/site-packages/airflow/example_dags/example_params_ui_tutorial.py
[2025-03-28T18:46:09.624+0000] {logging_mixin.py:190} INFO - [2025-03-28T18:46:09.624+0000] {dag.py:3239} INFO - Sync 1 DAGs
[2025-03-28T18:46:09.637+0000] {logging_mixin.py:190} INFO - [2025-03-28T18:46:09.636+0000] {dag.py:4180} INFO - Setting next_dagrun for example_params_ui_tutorial to None, run_after=None
[2025-03-28T18:46:09.656+0000] {processor.py:208} INFO - Processing /usr/local/python/3.12.1/lib/python3.12/site-packages/airflow/example_dags/example_params_ui_tutorial.py took 0.075 seconds
[2025-03-28T18:47:03.263+0000] {processor.py:186} INFO - Started process (PID=21873) to work on /usr/local/python/3.12.1/lib/python3.12/site-packages/airflow/example_dags/example_params_ui_tutorial.py
[2025-03-28T18:47:03.263+0000] {processor.py:914} INFO - Processing file /usr/local/python/3.12.1/lib/python3.12/site-packages/airflow/example_dags/example_params_ui_tutorial.py for tasks to queue
[2025-03-28T18:47:03.265+0000] {logging_mixin.py:190} INFO - [2025-03-28T18:47:03.265+0000] {dagbag.py:588} INFO - Filling up the DagBag from /usr/local/python/3.12.1/lib/python3.12/site-packages/airflow/example_dags/example_params_ui_tutorial.py
[2025-03-28T18:47:03.272+0000] {processor.py:925} INFO - DAG(s) 'example_params_ui_tutorial' retrieved from /usr/local/python/3.12.1/lib/python3.12/site-packages/airflow/example_dags/example_params_ui_tutorial.py
[2025-03-28T18:47:03.308+0000] {logging_mixin.py:190} INFO - [2025-03-28T18:47:03.308+0000] {dag.py:3239} INFO - Sync 1 DAGs
[2025-03-28T18:47:03.318+0000] {logging_mixin.py:190} INFO - [2025-03-28T18:47:03.318+0000] {dag.py:4180} INFO - Setting next_dagrun for example_params_ui_tutorial to None, run_after=None
[2025-03-28T18:47:03.332+0000] {processor.py:208} INFO - Processing /usr/local/python/3.12.1/lib/python3.12/site-packages/airflow/example_dags/example_params_ui_tutorial.py took 0.074 seconds
[2025-03-28T18:47:55.364+0000] {processor.py:186} INFO - Started process (PID=22297) to work on /usr/local/python/3.12.1/lib/python3.12/site-packages/airflow/example_dags/example_params_ui_tutorial.py
[2025-03-28T18:47:55.365+0000] {processor.py:914} INFO - Processing file /usr/local/python/3.12.1/lib/python3.12/site-packages/airflow/example_dags/example_params_ui_tutorial.py for tasks to queue
[2025-03-28T18:47:55.366+0000] {logging_mixin.py:190} INFO - [2025-03-28T18:47:55.366+0000] {dagbag.py:588} INFO - Filling up the DagBag from /usr/local/python/3.12.1/lib/python3.12/site-packages/airflow/example_dags/example_params_ui_tutorial.py
[2025-03-28T18:47:55.373+0000] {processor.py:925} INFO - DAG(s) 'example_params_ui_tutorial' retrieved from /usr/local/python/3.12.1/lib/python3.12/site-packages/airflow/example_dags/example_params_ui_tutorial.py
[2025-03-28T18:47:55.403+0000] {logging_mixin.py:190} INFO - [2025-03-28T18:47:55.403+0000] {dag.py:3239} INFO - Sync 1 DAGs
[2025-03-28T18:47:55.413+0000] {logging_mixin.py:190} INFO - [2025-03-28T18:47:55.413+0000] {dag.py:4180} INFO - Setting next_dagrun for example_params_ui_tutorial to None, run_after=None
[2025-03-28T18:47:55.428+0000] {processor.py:208} INFO - Processing /usr/local/python/3.12.1/lib/python3.12/site-packages/airflow/example_dags/example_params_ui_tutorial.py took 0.068 seconds
[2025-03-28T18:48:51.522+0000] {processor.py:186} INFO - Started process (PID=22760) to work on /usr/local/python/3.12.1/lib/python3.12/site-packages/airflow/example_dags/example_params_ui_tutorial.py
[2025-03-28T18:48:51.522+0000] {processor.py:914} INFO - Processing file /usr/local/python/3.12.1/lib/python3.12/site-packages/airflow/example_dags/example_params_ui_tutorial.py for tasks to queue
[2025-03-28T18:48:51.523+0000] {logging_mixin.py:190} INFO - [2025-03-28T18:48:51.523+0000] {dagbag.py:588} INFO - Filling up the DagBag from /usr/local/python/3.12.1/lib/python3.12/site-packages/airflow/example_dags/example_params_ui_tutorial.py
[2025-03-28T18:48:51.530+0000] {processor.py:925} INFO - DAG(s) 'example_params_ui_tutorial' retrieved from /usr/local/python/3.12.1/lib/python3.12/site-packages/airflow/example_dags/example_params_ui_tutorial.py
[2025-03-28T18:48:51.560+0000] {logging_mixin.py:190} INFO - [2025-03-28T18:48:51.560+0000] {dag.py:3239} INFO - Sync 1 DAGs
[2025-03-28T18:48:51.570+0000] {logging_mixin.py:190} INFO - [2025-03-28T18:48:51.570+0000] {dag.py:4180} INFO - Setting next_dagrun for example_params_ui_tutorial to None, run_after=None
[2025-03-28T18:48:51.585+0000] {processor.py:208} INFO - Processing /usr/local/python/3.12.1/lib/python3.12/site-packages/airflow/example_dags/example_params_ui_tutorial.py took 0.067 seconds
[2025-03-28T18:49:46.219+0000] {processor.py:186} INFO - Started process (PID=23217) to work on /usr/local/python/3.12.1/lib/python3.12/site-packages/airflow/example_dags/example_params_ui_tutorial.py
[2025-03-28T18:49:46.220+0000] {processor.py:914} INFO - Processing file /usr/local/python/3.12.1/lib/python3.12/site-packages/airflow/example_dags/example_params_ui_tutorial.py for tasks to queue
[2025-03-28T18:49:46.221+0000] {logging_mixin.py:190} INFO - [2025-03-28T18:49:46.220+0000] {dagbag.py:588} INFO - Filling up the DagBag from /usr/local/python/3.12.1/lib/python3.12/site-packages/airflow/example_dags/example_params_ui_tutorial.py
[2025-03-28T18:49:46.227+0000] {processor.py:925} INFO - DAG(s) 'example_params_ui_tutorial' retrieved from /usr/local/python/3.12.1/lib/python3.12/site-packages/airflow/example_dags/example_params_ui_tutorial.py
[2025-03-28T18:49:46.258+0000] {logging_mixin.py:190} INFO - [2025-03-28T18:49:46.258+0000] {dag.py:3239} INFO - Sync 1 DAGs
[2025-03-28T18:49:46.268+0000] {logging_mixin.py:190} INFO - [2025-03-28T18:49:46.268+0000] {dag.py:4180} INFO - Setting next_dagrun for example_params_ui_tutorial to None, run_after=None
[2025-03-28T18:49:46.283+0000] {processor.py:208} INFO - Processing /usr/local/python/3.12.1/lib/python3.12/site-packages/airflow/example_dags/example_params_ui_tutorial.py took 0.068 seconds
[2025-03-28T18:50:44.865+0000] {processor.py:186} INFO - Started process (PID=23672) to work on /usr/local/python/3.12.1/lib/python3.12/site-packages/airflow/example_dags/example_params_ui_tutorial.py
[2025-03-28T18:50:44.866+0000] {processor.py:914} INFO - Processing file /usr/local/python/3.12.1/lib/python3.12/site-packages/airflow/example_dags/example_params_ui_tutorial.py for tasks to queue
[2025-03-28T18:50:44.867+0000] {logging_mixin.py:190} INFO - [2025-03-28T18:50:44.866+0000] {dagbag.py:588} INFO - Filling up the DagBag from /usr/local/python/3.12.1/lib/python3.12/site-packages/airflow/example_dags/example_params_ui_tutorial.py
[2025-03-28T18:50:44.874+0000] {processor.py:925} INFO - DAG(s) 'example_params_ui_tutorial' retrieved from /usr/local/python/3.12.1/lib/python3.12/site-packages/airflow/example_dags/example_params_ui_tutorial.py
[2025-03-28T18:50:44.909+0000] {logging_mixin.py:190} INFO - [2025-03-28T18:50:44.909+0000] {dag.py:3239} INFO - Sync 1 DAGs
[2025-03-28T18:50:44.919+0000] {logging_mixin.py:190} INFO - [2025-03-28T18:50:44.919+0000] {dag.py:4180} INFO - Setting next_dagrun for example_params_ui_tutorial to None, run_after=None
[2025-03-28T18:50:44.934+0000] {processor.py:208} INFO - Processing /usr/local/python/3.12.1/lib/python3.12/site-packages/airflow/example_dags/example_params_ui_tutorial.py took 0.073 seconds
[2025-03-28T18:52:55.331+0000] {processor.py:186} INFO - Started process (PID=24930) to work on /usr/local/python/3.12.1/lib/python3.12/site-packages/airflow/example_dags/example_params_ui_tutorial.py
[2025-03-28T18:52:55.332+0000] {processor.py:914} INFO - Processing file /usr/local/python/3.12.1/lib/python3.12/site-packages/airflow/example_dags/example_params_ui_tutorial.py for tasks to queue
[2025-03-28T18:52:55.332+0000] {logging_mixin.py:190} INFO - [2025-03-28T18:52:55.332+0000] {dagbag.py:588} INFO - Filling up the DagBag from /usr/local/python/3.12.1/lib/python3.12/site-packages/airflow/example_dags/example_params_ui_tutorial.py
[2025-03-28T18:52:55.339+0000] {processor.py:925} INFO - DAG(s) 'example_params_ui_tutorial' retrieved from /usr/local/python/3.12.1/lib/python3.12/site-packages/airflow/example_dags/example_params_ui_tutorial.py
[2025-03-28T18:52:55.370+0000] {logging_mixin.py:190} INFO - [2025-03-28T18:52:55.370+0000] {dag.py:3239} INFO - Sync 1 DAGs
[2025-03-28T18:52:55.379+0000] {logging_mixin.py:190} INFO - [2025-03-28T18:52:55.379+0000] {dag.py:4180} INFO - Setting next_dagrun for example_params_ui_tutorial to None, run_after=None
[2025-03-28T18:52:55.394+0000] {processor.py:208} INFO - Processing /usr/local/python/3.12.1/lib/python3.12/site-packages/airflow/example_dags/example_params_ui_tutorial.py took 0.067 seconds
[2025-03-28T18:55:29.103+0000] {processor.py:186} INFO - Started process (PID=26438) to work on /usr/local/python/3.12.1/lib/python3.12/site-packages/airflow/example_dags/example_params_ui_tutorial.py
[2025-03-28T18:55:29.104+0000] {processor.py:914} INFO - Processing file /usr/local/python/3.12.1/lib/python3.12/site-packages/airflow/example_dags/example_params_ui_tutorial.py for tasks to queue
[2025-03-28T18:55:29.105+0000] {logging_mixin.py:190} INFO - [2025-03-28T18:55:29.105+0000] {dagbag.py:588} INFO - Filling up the DagBag from /usr/local/python/3.12.1/lib/python3.12/site-packages/airflow/example_dags/example_params_ui_tutorial.py
[2025-03-28T18:55:29.111+0000] {processor.py:925} INFO - DAG(s) 'example_params_ui_tutorial' retrieved from /usr/local/python/3.12.1/lib/python3.12/site-packages/airflow/example_dags/example_params_ui_tutorial.py
[2025-03-28T18:55:29.141+0000] {logging_mixin.py:190} INFO - [2025-03-28T18:55:29.141+0000] {dag.py:3239} INFO - Sync 1 DAGs
[2025-03-28T18:55:29.151+0000] {logging_mixin.py:190} INFO - [2025-03-28T18:55:29.151+0000] {dag.py:4180} INFO - Setting next_dagrun for example_params_ui_tutorial to None, run_after=None
[2025-03-28T18:55:29.166+0000] {processor.py:208} INFO - Processing /usr/local/python/3.12.1/lib/python3.12/site-packages/airflow/example_dags/example_params_ui_tutorial.py took 0.066 seconds
[2025-03-28T18:58:03.527+0000] {processor.py:186} INFO - Started process (PID=28134) to work on /usr/local/python/3.12.1/lib/python3.12/site-packages/airflow/example_dags/example_params_ui_tutorial.py
[2025-03-28T18:58:03.527+0000] {processor.py:914} INFO - Processing file /usr/local/python/3.12.1/lib/python3.12/site-packages/airflow/example_dags/example_params_ui_tutorial.py for tasks to queue
[2025-03-28T18:58:03.528+0000] {logging_mixin.py:190} INFO - [2025-03-28T18:58:03.528+0000] {dagbag.py:588} INFO - Filling up the DagBag from /usr/local/python/3.12.1/lib/python3.12/site-packages/airflow/example_dags/example_params_ui_tutorial.py
[2025-03-28T18:58:03.537+0000] {processor.py:925} INFO - DAG(s) 'example_params_ui_tutorial' retrieved from /usr/local/python/3.12.1/lib/python3.12/site-packages/airflow/example_dags/example_params_ui_tutorial.py
[2025-03-28T18:58:03.575+0000] {logging_mixin.py:190} INFO - [2025-03-28T18:58:03.575+0000] {dag.py:3239} INFO - Sync 1 DAGs
[2025-03-28T18:58:03.586+0000] {logging_mixin.py:190} INFO - [2025-03-28T18:58:03.586+0000] {dag.py:4180} INFO - Setting next_dagrun for example_params_ui_tutorial to None, run_after=None
[2025-03-28T18:58:03.605+0000] {processor.py:208} INFO - Processing /usr/local/python/3.12.1/lib/python3.12/site-packages/airflow/example_dags/example_params_ui_tutorial.py took 0.082 seconds
[2025-03-28T19:00:38.890+0000] {processor.py:186} INFO - Started process (PID=29723) to work on /usr/local/python/3.12.1/lib/python3.12/site-packages/airflow/example_dags/example_params_ui_tutorial.py
[2025-03-28T19:00:38.891+0000] {processor.py:914} INFO - Processing file /usr/local/python/3.12.1/lib/python3.12/site-packages/airflow/example_dags/example_params_ui_tutorial.py for tasks to queue
[2025-03-28T19:00:38.892+0000] {logging_mixin.py:190} INFO - [2025-03-28T19:00:38.891+0000] {dagbag.py:588} INFO - Filling up the DagBag from /usr/local/python/3.12.1/lib/python3.12/site-packages/airflow/example_dags/example_params_ui_tutorial.py
[2025-03-28T19:00:38.898+0000] {processor.py:925} INFO - DAG(s) 'example_params_ui_tutorial' retrieved from /usr/local/python/3.12.1/lib/python3.12/site-packages/airflow/example_dags/example_params_ui_tutorial.py
[2025-03-28T19:00:38.929+0000] {logging_mixin.py:190} INFO - [2025-03-28T19:00:38.929+0000] {dag.py:3239} INFO - Sync 1 DAGs
[2025-03-28T19:00:38.939+0000] {logging_mixin.py:190} INFO - [2025-03-28T19:00:38.939+0000] {dag.py:4180} INFO - Setting next_dagrun for example_params_ui_tutorial to None, run_after=None
[2025-03-28T19:00:38.954+0000] {processor.py:208} INFO - Processing /usr/local/python/3.12.1/lib/python3.12/site-packages/airflow/example_dags/example_params_ui_tutorial.py took 0.069 seconds
[2025-03-28T19:03:14.412+0000] {processor.py:186} INFO - Started process (PID=31692) to work on /usr/local/python/3.12.1/lib/python3.12/site-packages/airflow/example_dags/example_params_ui_tutorial.py
[2025-03-28T19:03:14.413+0000] {processor.py:914} INFO - Processing file /usr/local/python/3.12.1/lib/python3.12/site-packages/airflow/example_dags/example_params_ui_tutorial.py for tasks to queue
[2025-03-28T19:03:14.414+0000] {logging_mixin.py:190} INFO - [2025-03-28T19:03:14.413+0000] {dagbag.py:588} INFO - Filling up the DagBag from /usr/local/python/3.12.1/lib/python3.12/site-packages/airflow/example_dags/example_params_ui_tutorial.py
[2025-03-28T19:03:14.421+0000] {processor.py:925} INFO - DAG(s) 'example_params_ui_tutorial' retrieved from /usr/local/python/3.12.1/lib/python3.12/site-packages/airflow/example_dags/example_params_ui_tutorial.py
[2025-03-28T19:03:14.451+0000] {logging_mixin.py:190} INFO - [2025-03-28T19:03:14.451+0000] {dag.py:3239} INFO - Sync 1 DAGs
[2025-03-28T19:03:14.461+0000] {logging_mixin.py:190} INFO - [2025-03-28T19:03:14.461+0000] {dag.py:4180} INFO - Setting next_dagrun for example_params_ui_tutorial to None, run_after=None
[2025-03-28T19:03:14.475+0000] {processor.py:208} INFO - Processing /usr/local/python/3.12.1/lib/python3.12/site-packages/airflow/example_dags/example_params_ui_tutorial.py took 0.067 seconds
