[2025-03-28T18:24:02.373+0000] {processor.py:186} INFO - Started process (PID=9112) to work on /usr/local/python/3.12.1/lib/python3.12/site-packages/airflow/example_dags/example_task_group.py
[2025-03-28T18:24:02.373+0000] {processor.py:914} INFO - Processing file /usr/local/python/3.12.1/lib/python3.12/site-packages/airflow/example_dags/example_task_group.py for tasks to queue
[2025-03-28T18:24:02.376+0000] {logging_mixin.py:190} INFO - [2025-03-28T18:24:02.375+0000] {dagbag.py:588} INFO - Filling up the DagBag from /usr/local/python/3.12.1/lib/python3.12/site-packages/airflow/example_dags/example_task_group.py
[2025-03-28T18:24:02.383+0000] {processor.py:925} INFO - DAG(s) 'example_task_group' retrieved from /usr/local/python/3.12.1/lib/python3.12/site-packages/airflow/example_dags/example_task_group.py
[2025-03-28T18:24:02.473+0000] {logging_mixin.py:190} INFO - [2025-03-28T18:24:02.473+0000] {override.py:1930} INFO - Created Permission View: can edit on DAG:example_task_group
[2025-03-28T18:24:02.481+0000] {logging_mixin.py:190} INFO - [2025-03-28T18:24:02.481+0000] {override.py:1930} INFO - Created Permission View: can delete on DAG:example_task_group
[2025-03-28T18:24:02.487+0000] {logging_mixin.py:190} INFO - [2025-03-28T18:24:02.487+0000] {override.py:1930} INFO - Created Permission View: can read on DAG:example_task_group
[2025-03-28T18:24:02.495+0000] {logging_mixin.py:190} INFO - [2025-03-28T18:24:02.495+0000] {override.py:1930} INFO - Created Permission View: menu access on DAG Run:example_task_group
[2025-03-28T18:24:02.501+0000] {logging_mixin.py:190} INFO - [2025-03-28T18:24:02.501+0000] {override.py:1930} INFO - Created Permission View: can create on DAG Run:example_task_group
[2025-03-28T18:24:02.507+0000] {logging_mixin.py:190} INFO - [2025-03-28T18:24:02.506+0000] {override.py:1930} INFO - Created Permission View: can delete on DAG Run:example_task_group
[2025-03-28T18:24:02.512+0000] {logging_mixin.py:190} INFO - [2025-03-28T18:24:02.512+0000] {override.py:1930} INFO - Created Permission View: can read on DAG Run:example_task_group
[2025-03-28T18:24:02.512+0000] {logging_mixin.py:190} INFO - [2025-03-28T18:24:02.512+0000] {dag.py:3239} INFO - Sync 1 DAGs
[2025-03-28T18:24:02.521+0000] {logging_mixin.py:190} INFO - [2025-03-28T18:24:02.521+0000] {dag.py:3262} INFO - Creating ORM DAG for example_task_group
[2025-03-28T18:24:02.522+0000] {logging_mixin.py:190} INFO - [2025-03-28T18:24:02.522+0000] {dag.py:4180} INFO - Setting next_dagrun for example_task_group to None, run_after=None
[2025-03-28T18:24:02.536+0000] {processor.py:208} INFO - Processing /usr/local/python/3.12.1/lib/python3.12/site-packages/airflow/example_dags/example_task_group.py took 0.168 seconds
[2025-03-28T18:25:01.792+0000] {processor.py:186} INFO - Started process (PID=9597) to work on /usr/local/python/3.12.1/lib/python3.12/site-packages/airflow/example_dags/example_task_group.py
[2025-03-28T18:25:01.792+0000] {processor.py:914} INFO - Processing file /usr/local/python/3.12.1/lib/python3.12/site-packages/airflow/example_dags/example_task_group.py for tasks to queue
[2025-03-28T18:25:01.794+0000] {logging_mixin.py:190} INFO - [2025-03-28T18:25:01.794+0000] {dagbag.py:588} INFO - Filling up the DagBag from /usr/local/python/3.12.1/lib/python3.12/site-packages/airflow/example_dags/example_task_group.py
[2025-03-28T18:25:01.801+0000] {processor.py:925} INFO - DAG(s) 'example_task_group' retrieved from /usr/local/python/3.12.1/lib/python3.12/site-packages/airflow/example_dags/example_task_group.py
[2025-03-28T18:25:01.813+0000] {logging_mixin.py:190} INFO - [2025-03-28T18:25:01.812+0000] {dag.py:3239} INFO - Sync 1 DAGs
[2025-03-28T18:25:01.822+0000] {logging_mixin.py:190} INFO - [2025-03-28T18:25:01.822+0000] {dag.py:4180} INFO - Setting next_dagrun for example_task_group to None, run_after=None
[2025-03-28T18:25:01.837+0000] {processor.py:208} INFO - Processing /usr/local/python/3.12.1/lib/python3.12/site-packages/airflow/example_dags/example_task_group.py took 0.049 seconds
[2025-03-28T18:25:55.471+0000] {processor.py:186} INFO - Started process (PID=10098) to work on /usr/local/python/3.12.1/lib/python3.12/site-packages/airflow/example_dags/example_task_group.py
[2025-03-28T18:25:55.471+0000] {processor.py:914} INFO - Processing file /usr/local/python/3.12.1/lib/python3.12/site-packages/airflow/example_dags/example_task_group.py for tasks to queue
[2025-03-28T18:25:55.473+0000] {logging_mixin.py:190} INFO - [2025-03-28T18:25:55.473+0000] {dagbag.py:588} INFO - Filling up the DagBag from /usr/local/python/3.12.1/lib/python3.12/site-packages/airflow/example_dags/example_task_group.py
[2025-03-28T18:25:55.482+0000] {processor.py:925} INFO - DAG(s) 'example_task_group' retrieved from /usr/local/python/3.12.1/lib/python3.12/site-packages/airflow/example_dags/example_task_group.py
[2025-03-28T18:25:55.499+0000] {logging_mixin.py:190} INFO - [2025-03-28T18:25:55.499+0000] {dag.py:3239} INFO - Sync 1 DAGs
[2025-03-28T18:25:55.511+0000] {logging_mixin.py:190} INFO - [2025-03-28T18:25:55.511+0000] {dag.py:4180} INFO - Setting next_dagrun for example_task_group to None, run_after=None
[2025-03-28T18:25:55.528+0000] {processor.py:208} INFO - Processing /usr/local/python/3.12.1/lib/python3.12/site-packages/airflow/example_dags/example_task_group.py took 0.062 seconds
[2025-03-28T18:28:05.139+0000] {processor.py:186} INFO - Started process (PID=11337) to work on /usr/local/python/3.12.1/lib/python3.12/site-packages/airflow/example_dags/example_task_group.py
[2025-03-28T18:28:05.140+0000] {processor.py:914} INFO - Processing file /usr/local/python/3.12.1/lib/python3.12/site-packages/airflow/example_dags/example_task_group.py for tasks to queue
[2025-03-28T18:28:05.141+0000] {logging_mixin.py:190} INFO - [2025-03-28T18:28:05.141+0000] {dagbag.py:588} INFO - Filling up the DagBag from /usr/local/python/3.12.1/lib/python3.12/site-packages/airflow/example_dags/example_task_group.py
[2025-03-28T18:28:05.148+0000] {processor.py:925} INFO - DAG(s) 'example_task_group' retrieved from /usr/local/python/3.12.1/lib/python3.12/site-packages/airflow/example_dags/example_task_group.py
[2025-03-28T18:28:05.161+0000] {logging_mixin.py:190} INFO - [2025-03-28T18:28:05.160+0000] {dag.py:3239} INFO - Sync 1 DAGs
[2025-03-28T18:28:05.170+0000] {logging_mixin.py:190} INFO - [2025-03-28T18:28:05.170+0000] {dag.py:4180} INFO - Setting next_dagrun for example_task_group to None, run_after=None
[2025-03-28T18:28:05.184+0000] {processor.py:208} INFO - Processing /usr/local/python/3.12.1/lib/python3.12/site-packages/airflow/example_dags/example_task_group.py took 0.049 seconds
[2025-03-28T18:28:58.015+0000] {processor.py:186} INFO - Started process (PID=11752) to work on /usr/local/python/3.12.1/lib/python3.12/site-packages/airflow/example_dags/example_task_group.py
[2025-03-28T18:28:58.016+0000] {processor.py:914} INFO - Processing file /usr/local/python/3.12.1/lib/python3.12/site-packages/airflow/example_dags/example_task_group.py for tasks to queue
[2025-03-28T18:28:58.017+0000] {logging_mixin.py:190} INFO - [2025-03-28T18:28:58.017+0000] {dagbag.py:588} INFO - Filling up the DagBag from /usr/local/python/3.12.1/lib/python3.12/site-packages/airflow/example_dags/example_task_group.py
[2025-03-28T18:28:58.024+0000] {processor.py:925} INFO - DAG(s) 'example_task_group' retrieved from /usr/local/python/3.12.1/lib/python3.12/site-packages/airflow/example_dags/example_task_group.py
[2025-03-28T18:28:58.037+0000] {logging_mixin.py:190} INFO - [2025-03-28T18:28:58.037+0000] {dag.py:3239} INFO - Sync 1 DAGs
[2025-03-28T18:28:58.050+0000] {logging_mixin.py:190} INFO - [2025-03-28T18:28:58.050+0000] {dag.py:4180} INFO - Setting next_dagrun for example_task_group to None, run_after=None
[2025-03-28T18:28:58.070+0000] {processor.py:208} INFO - Processing /usr/local/python/3.12.1/lib/python3.12/site-packages/airflow/example_dags/example_task_group.py took 0.060 seconds
[2025-03-28T18:29:47.542+0000] {processor.py:186} INFO - Started process (PID=12191) to work on /usr/local/python/3.12.1/lib/python3.12/site-packages/airflow/example_dags/example_task_group.py
[2025-03-28T18:29:47.542+0000] {processor.py:914} INFO - Processing file /usr/local/python/3.12.1/lib/python3.12/site-packages/airflow/example_dags/example_task_group.py for tasks to queue
[2025-03-28T18:29:47.544+0000] {logging_mixin.py:190} INFO - [2025-03-28T18:29:47.544+0000] {dagbag.py:588} INFO - Filling up the DagBag from /usr/local/python/3.12.1/lib/python3.12/site-packages/airflow/example_dags/example_task_group.py
[2025-03-28T18:29:47.551+0000] {processor.py:925} INFO - DAG(s) 'example_task_group' retrieved from /usr/local/python/3.12.1/lib/python3.12/site-packages/airflow/example_dags/example_task_group.py
[2025-03-28T18:29:47.562+0000] {logging_mixin.py:190} INFO - [2025-03-28T18:29:47.562+0000] {dag.py:3239} INFO - Sync 1 DAGs
[2025-03-28T18:29:47.572+0000] {logging_mixin.py:190} INFO - [2025-03-28T18:29:47.572+0000] {dag.py:4180} INFO - Setting next_dagrun for example_task_group to None, run_after=None
[2025-03-28T18:29:47.586+0000] {processor.py:208} INFO - Processing /usr/local/python/3.12.1/lib/python3.12/site-packages/airflow/example_dags/example_task_group.py took 0.048 seconds
[2025-03-28T18:30:35.542+0000] {processor.py:186} INFO - Started process (PID=12596) to work on /usr/local/python/3.12.1/lib/python3.12/site-packages/airflow/example_dags/example_task_group.py
[2025-03-28T18:30:35.542+0000] {processor.py:914} INFO - Processing file /usr/local/python/3.12.1/lib/python3.12/site-packages/airflow/example_dags/example_task_group.py for tasks to queue
[2025-03-28T18:30:35.544+0000] {logging_mixin.py:190} INFO - [2025-03-28T18:30:35.544+0000] {dagbag.py:588} INFO - Filling up the DagBag from /usr/local/python/3.12.1/lib/python3.12/site-packages/airflow/example_dags/example_task_group.py
[2025-03-28T18:30:35.550+0000] {processor.py:925} INFO - DAG(s) 'example_task_group' retrieved from /usr/local/python/3.12.1/lib/python3.12/site-packages/airflow/example_dags/example_task_group.py
[2025-03-28T18:30:35.562+0000] {logging_mixin.py:190} INFO - [2025-03-28T18:30:35.562+0000] {dag.py:3239} INFO - Sync 1 DAGs
[2025-03-28T18:30:35.571+0000] {logging_mixin.py:190} INFO - [2025-03-28T18:30:35.571+0000] {dag.py:4180} INFO - Setting next_dagrun for example_task_group to None, run_after=None
[2025-03-28T18:30:35.586+0000] {processor.py:208} INFO - Processing /usr/local/python/3.12.1/lib/python3.12/site-packages/airflow/example_dags/example_task_group.py took 0.048 seconds
[2025-03-28T18:31:25.149+0000] {processor.py:186} INFO - Started process (PID=13002) to work on /usr/local/python/3.12.1/lib/python3.12/site-packages/airflow/example_dags/example_task_group.py
[2025-03-28T18:31:25.150+0000] {processor.py:914} INFO - Processing file /usr/local/python/3.12.1/lib/python3.12/site-packages/airflow/example_dags/example_task_group.py for tasks to queue
[2025-03-28T18:31:25.152+0000] {logging_mixin.py:190} INFO - [2025-03-28T18:31:25.151+0000] {dagbag.py:588} INFO - Filling up the DagBag from /usr/local/python/3.12.1/lib/python3.12/site-packages/airflow/example_dags/example_task_group.py
[2025-03-28T18:31:25.158+0000] {processor.py:925} INFO - DAG(s) 'example_task_group' retrieved from /usr/local/python/3.12.1/lib/python3.12/site-packages/airflow/example_dags/example_task_group.py
[2025-03-28T18:31:25.170+0000] {logging_mixin.py:190} INFO - [2025-03-28T18:31:25.169+0000] {dag.py:3239} INFO - Sync 1 DAGs
[2025-03-28T18:31:25.179+0000] {logging_mixin.py:190} INFO - [2025-03-28T18:31:25.179+0000] {dag.py:4180} INFO - Setting next_dagrun for example_task_group to None, run_after=None
[2025-03-28T18:31:25.193+0000] {processor.py:208} INFO - Processing /usr/local/python/3.12.1/lib/python3.12/site-packages/airflow/example_dags/example_task_group.py took 0.047 seconds
[2025-03-28T18:32:13.132+0000] {processor.py:186} INFO - Started process (PID=13446) to work on /usr/local/python/3.12.1/lib/python3.12/site-packages/airflow/example_dags/example_task_group.py
[2025-03-28T18:32:13.133+0000] {processor.py:914} INFO - Processing file /usr/local/python/3.12.1/lib/python3.12/site-packages/airflow/example_dags/example_task_group.py for tasks to queue
[2025-03-28T18:32:13.134+0000] {logging_mixin.py:190} INFO - [2025-03-28T18:32:13.134+0000] {dagbag.py:588} INFO - Filling up the DagBag from /usr/local/python/3.12.1/lib/python3.12/site-packages/airflow/example_dags/example_task_group.py
[2025-03-28T18:32:13.141+0000] {processor.py:925} INFO - DAG(s) 'example_task_group' retrieved from /usr/local/python/3.12.1/lib/python3.12/site-packages/airflow/example_dags/example_task_group.py
[2025-03-28T18:32:13.152+0000] {logging_mixin.py:190} INFO - [2025-03-28T18:32:13.152+0000] {dag.py:3239} INFO - Sync 1 DAGs
[2025-03-28T18:32:13.162+0000] {logging_mixin.py:190} INFO - [2025-03-28T18:32:13.161+0000] {dag.py:4180} INFO - Setting next_dagrun for example_task_group to None, run_after=None
[2025-03-28T18:32:13.176+0000] {processor.py:208} INFO - Processing /usr/local/python/3.12.1/lib/python3.12/site-packages/airflow/example_dags/example_task_group.py took 0.048 seconds
[2025-03-28T18:33:02.802+0000] {processor.py:186} INFO - Started process (PID=13938) to work on /usr/local/python/3.12.1/lib/python3.12/site-packages/airflow/example_dags/example_task_group.py
[2025-03-28T18:33:02.802+0000] {processor.py:914} INFO - Processing file /usr/local/python/3.12.1/lib/python3.12/site-packages/airflow/example_dags/example_task_group.py for tasks to queue
[2025-03-28T18:33:02.804+0000] {logging_mixin.py:190} INFO - [2025-03-28T18:33:02.804+0000] {dagbag.py:588} INFO - Filling up the DagBag from /usr/local/python/3.12.1/lib/python3.12/site-packages/airflow/example_dags/example_task_group.py
[2025-03-28T18:33:02.811+0000] {processor.py:925} INFO - DAG(s) 'example_task_group' retrieved from /usr/local/python/3.12.1/lib/python3.12/site-packages/airflow/example_dags/example_task_group.py
[2025-03-28T18:33:02.822+0000] {logging_mixin.py:190} INFO - [2025-03-28T18:33:02.822+0000] {dag.py:3239} INFO - Sync 1 DAGs
[2025-03-28T18:33:02.832+0000] {logging_mixin.py:190} INFO - [2025-03-28T18:33:02.832+0000] {dag.py:4180} INFO - Setting next_dagrun for example_task_group to None, run_after=None
[2025-03-28T18:33:02.846+0000] {processor.py:208} INFO - Processing /usr/local/python/3.12.1/lib/python3.12/site-packages/airflow/example_dags/example_task_group.py took 0.048 seconds
[2025-03-28T18:33:52.975+0000] {processor.py:186} INFO - Started process (PID=14380) to work on /usr/local/python/3.12.1/lib/python3.12/site-packages/airflow/example_dags/example_task_group.py
[2025-03-28T18:33:52.976+0000] {processor.py:914} INFO - Processing file /usr/local/python/3.12.1/lib/python3.12/site-packages/airflow/example_dags/example_task_group.py for tasks to queue
[2025-03-28T18:33:52.977+0000] {logging_mixin.py:190} INFO - [2025-03-28T18:33:52.977+0000] {dagbag.py:588} INFO - Filling up the DagBag from /usr/local/python/3.12.1/lib/python3.12/site-packages/airflow/example_dags/example_task_group.py
[2025-03-28T18:33:52.984+0000] {processor.py:925} INFO - DAG(s) 'example_task_group' retrieved from /usr/local/python/3.12.1/lib/python3.12/site-packages/airflow/example_dags/example_task_group.py
[2025-03-28T18:33:52.996+0000] {logging_mixin.py:190} INFO - [2025-03-28T18:33:52.996+0000] {dag.py:3239} INFO - Sync 1 DAGs
[2025-03-28T18:33:53.005+0000] {logging_mixin.py:190} INFO - [2025-03-28T18:33:53.005+0000] {dag.py:4180} INFO - Setting next_dagrun for example_task_group to None, run_after=None
[2025-03-28T18:33:53.021+0000] {processor.py:208} INFO - Processing /usr/local/python/3.12.1/lib/python3.12/site-packages/airflow/example_dags/example_task_group.py took 0.050 seconds
[2025-03-28T18:34:42.231+0000] {processor.py:186} INFO - Started process (PID=14766) to work on /usr/local/python/3.12.1/lib/python3.12/site-packages/airflow/example_dags/example_task_group.py
[2025-03-28T18:34:42.231+0000] {processor.py:914} INFO - Processing file /usr/local/python/3.12.1/lib/python3.12/site-packages/airflow/example_dags/example_task_group.py for tasks to queue
[2025-03-28T18:34:42.233+0000] {logging_mixin.py:190} INFO - [2025-03-28T18:34:42.233+0000] {dagbag.py:588} INFO - Filling up the DagBag from /usr/local/python/3.12.1/lib/python3.12/site-packages/airflow/example_dags/example_task_group.py
[2025-03-28T18:34:42.239+0000] {processor.py:925} INFO - DAG(s) 'example_task_group' retrieved from /usr/local/python/3.12.1/lib/python3.12/site-packages/airflow/example_dags/example_task_group.py
[2025-03-28T18:34:42.252+0000] {logging_mixin.py:190} INFO - [2025-03-28T18:34:42.251+0000] {dag.py:3239} INFO - Sync 1 DAGs
[2025-03-28T18:34:42.261+0000] {logging_mixin.py:190} INFO - [2025-03-28T18:34:42.261+0000] {dag.py:4180} INFO - Setting next_dagrun for example_task_group to None, run_after=None
[2025-03-28T18:34:42.277+0000] {processor.py:208} INFO - Processing /usr/local/python/3.12.1/lib/python3.12/site-packages/airflow/example_dags/example_task_group.py took 0.050 seconds
[2025-03-28T18:35:32.478+0000] {processor.py:186} INFO - Started process (PID=15217) to work on /usr/local/python/3.12.1/lib/python3.12/site-packages/airflow/example_dags/example_task_group.py
[2025-03-28T18:35:32.479+0000] {processor.py:914} INFO - Processing file /usr/local/python/3.12.1/lib/python3.12/site-packages/airflow/example_dags/example_task_group.py for tasks to queue
[2025-03-28T18:35:32.480+0000] {logging_mixin.py:190} INFO - [2025-03-28T18:35:32.480+0000] {dagbag.py:588} INFO - Filling up the DagBag from /usr/local/python/3.12.1/lib/python3.12/site-packages/airflow/example_dags/example_task_group.py
[2025-03-28T18:35:32.487+0000] {processor.py:925} INFO - DAG(s) 'example_task_group' retrieved from /usr/local/python/3.12.1/lib/python3.12/site-packages/airflow/example_dags/example_task_group.py
[2025-03-28T18:35:32.498+0000] {logging_mixin.py:190} INFO - [2025-03-28T18:35:32.498+0000] {dag.py:3239} INFO - Sync 1 DAGs
[2025-03-28T18:35:32.508+0000] {logging_mixin.py:190} INFO - [2025-03-28T18:35:32.508+0000] {dag.py:4180} INFO - Setting next_dagrun for example_task_group to None, run_after=None
[2025-03-28T18:35:32.527+0000] {processor.py:208} INFO - Processing /usr/local/python/3.12.1/lib/python3.12/site-packages/airflow/example_dags/example_task_group.py took 0.053 seconds
[2025-03-28T18:36:22.139+0000] {processor.py:186} INFO - Started process (PID=15656) to work on /usr/local/python/3.12.1/lib/python3.12/site-packages/airflow/example_dags/example_task_group.py
[2025-03-28T18:36:22.139+0000] {processor.py:914} INFO - Processing file /usr/local/python/3.12.1/lib/python3.12/site-packages/airflow/example_dags/example_task_group.py for tasks to queue
[2025-03-28T18:36:22.141+0000] {logging_mixin.py:190} INFO - [2025-03-28T18:36:22.141+0000] {dagbag.py:588} INFO - Filling up the DagBag from /usr/local/python/3.12.1/lib/python3.12/site-packages/airflow/example_dags/example_task_group.py
[2025-03-28T18:36:22.147+0000] {processor.py:925} INFO - DAG(s) 'example_task_group' retrieved from /usr/local/python/3.12.1/lib/python3.12/site-packages/airflow/example_dags/example_task_group.py
[2025-03-28T18:36:22.159+0000] {logging_mixin.py:190} INFO - [2025-03-28T18:36:22.159+0000] {dag.py:3239} INFO - Sync 1 DAGs
[2025-03-28T18:36:22.169+0000] {logging_mixin.py:190} INFO - [2025-03-28T18:36:22.169+0000] {dag.py:4180} INFO - Setting next_dagrun for example_task_group to None, run_after=None
[2025-03-28T18:36:22.184+0000] {processor.py:208} INFO - Processing /usr/local/python/3.12.1/lib/python3.12/site-packages/airflow/example_dags/example_task_group.py took 0.049 seconds
[2025-03-28T18:37:37.764+0000] {processor.py:186} INFO - Started process (PID=16605) to work on /usr/local/python/3.12.1/lib/python3.12/site-packages/airflow/example_dags/example_task_group.py
[2025-03-28T18:37:37.765+0000] {processor.py:914} INFO - Processing file /usr/local/python/3.12.1/lib/python3.12/site-packages/airflow/example_dags/example_task_group.py for tasks to queue
[2025-03-28T18:37:37.766+0000] {logging_mixin.py:190} INFO - [2025-03-28T18:37:37.766+0000] {dagbag.py:588} INFO - Filling up the DagBag from /usr/local/python/3.12.1/lib/python3.12/site-packages/airflow/example_dags/example_task_group.py
[2025-03-28T18:37:37.773+0000] {processor.py:925} INFO - DAG(s) 'example_task_group' retrieved from /usr/local/python/3.12.1/lib/python3.12/site-packages/airflow/example_dags/example_task_group.py
[2025-03-28T18:37:37.786+0000] {logging_mixin.py:190} INFO - [2025-03-28T18:37:37.786+0000] {dag.py:3239} INFO - Sync 1 DAGs
[2025-03-28T18:37:37.795+0000] {logging_mixin.py:190} INFO - [2025-03-28T18:37:37.795+0000] {dag.py:4180} INFO - Setting next_dagrun for example_task_group to None, run_after=None
[2025-03-28T18:37:37.810+0000] {processor.py:208} INFO - Processing /usr/local/python/3.12.1/lib/python3.12/site-packages/airflow/example_dags/example_task_group.py took 0.050 seconds
[2025-03-28T18:38:32.661+0000] {processor.py:186} INFO - Started process (PID=17074) to work on /usr/local/python/3.12.1/lib/python3.12/site-packages/airflow/example_dags/example_task_group.py
[2025-03-28T18:38:32.662+0000] {processor.py:914} INFO - Processing file /usr/local/python/3.12.1/lib/python3.12/site-packages/airflow/example_dags/example_task_group.py for tasks to queue
[2025-03-28T18:38:32.664+0000] {logging_mixin.py:190} INFO - [2025-03-28T18:38:32.663+0000] {dagbag.py:588} INFO - Filling up the DagBag from /usr/local/python/3.12.1/lib/python3.12/site-packages/airflow/example_dags/example_task_group.py
[2025-03-28T18:38:32.670+0000] {processor.py:925} INFO - DAG(s) 'example_task_group' retrieved from /usr/local/python/3.12.1/lib/python3.12/site-packages/airflow/example_dags/example_task_group.py
[2025-03-28T18:38:32.682+0000] {logging_mixin.py:190} INFO - [2025-03-28T18:38:32.682+0000] {dag.py:3239} INFO - Sync 1 DAGs
[2025-03-28T18:38:32.691+0000] {logging_mixin.py:190} INFO - [2025-03-28T18:38:32.691+0000] {dag.py:4180} INFO - Setting next_dagrun for example_task_group to None, run_after=None
[2025-03-28T18:38:32.706+0000] {processor.py:208} INFO - Processing /usr/local/python/3.12.1/lib/python3.12/site-packages/airflow/example_dags/example_task_group.py took 0.049 seconds
[2025-03-28T18:39:24.335+0000] {processor.py:186} INFO - Started process (PID=17505) to work on /usr/local/python/3.12.1/lib/python3.12/site-packages/airflow/example_dags/example_task_group.py
[2025-03-28T18:39:24.335+0000] {processor.py:914} INFO - Processing file /usr/local/python/3.12.1/lib/python3.12/site-packages/airflow/example_dags/example_task_group.py for tasks to queue
[2025-03-28T18:39:24.337+0000] {logging_mixin.py:190} INFO - [2025-03-28T18:39:24.337+0000] {dagbag.py:588} INFO - Filling up the DagBag from /usr/local/python/3.12.1/lib/python3.12/site-packages/airflow/example_dags/example_task_group.py
[2025-03-28T18:39:24.344+0000] {processor.py:925} INFO - DAG(s) 'example_task_group' retrieved from /usr/local/python/3.12.1/lib/python3.12/site-packages/airflow/example_dags/example_task_group.py
[2025-03-28T18:39:24.356+0000] {logging_mixin.py:190} INFO - [2025-03-28T18:39:24.355+0000] {dag.py:3239} INFO - Sync 1 DAGs
[2025-03-28T18:39:24.365+0000] {logging_mixin.py:190} INFO - [2025-03-28T18:39:24.365+0000] {dag.py:4180} INFO - Setting next_dagrun for example_task_group to None, run_after=None
[2025-03-28T18:39:24.379+0000] {processor.py:208} INFO - Processing /usr/local/python/3.12.1/lib/python3.12/site-packages/airflow/example_dags/example_task_group.py took 0.049 seconds
[2025-03-28T18:40:26.964+0000] {processor.py:186} INFO - Started process (PID=18232) to work on /usr/local/python/3.12.1/lib/python3.12/site-packages/airflow/example_dags/example_task_group.py
[2025-03-28T18:40:26.964+0000] {processor.py:914} INFO - Processing file /usr/local/python/3.12.1/lib/python3.12/site-packages/airflow/example_dags/example_task_group.py for tasks to queue
[2025-03-28T18:40:26.966+0000] {logging_mixin.py:190} INFO - [2025-03-28T18:40:26.966+0000] {dagbag.py:588} INFO - Filling up the DagBag from /usr/local/python/3.12.1/lib/python3.12/site-packages/airflow/example_dags/example_task_group.py
[2025-03-28T18:40:26.972+0000] {processor.py:925} INFO - DAG(s) 'example_task_group' retrieved from /usr/local/python/3.12.1/lib/python3.12/site-packages/airflow/example_dags/example_task_group.py
[2025-03-28T18:40:26.985+0000] {logging_mixin.py:190} INFO - [2025-03-28T18:40:26.985+0000] {dag.py:3239} INFO - Sync 1 DAGs
[2025-03-28T18:40:26.994+0000] {logging_mixin.py:190} INFO - [2025-03-28T18:40:26.994+0000] {dag.py:4180} INFO - Setting next_dagrun for example_task_group to None, run_after=None
[2025-03-28T18:40:27.009+0000] {processor.py:208} INFO - Processing /usr/local/python/3.12.1/lib/python3.12/site-packages/airflow/example_dags/example_task_group.py took 0.049 seconds
[2025-03-28T18:41:19.980+0000] {processor.py:186} INFO - Started process (PID=18828) to work on /usr/local/python/3.12.1/lib/python3.12/site-packages/airflow/example_dags/example_task_group.py
[2025-03-28T18:41:19.980+0000] {processor.py:914} INFO - Processing file /usr/local/python/3.12.1/lib/python3.12/site-packages/airflow/example_dags/example_task_group.py for tasks to queue
[2025-03-28T18:41:19.982+0000] {logging_mixin.py:190} INFO - [2025-03-28T18:41:19.982+0000] {dagbag.py:588} INFO - Filling up the DagBag from /usr/local/python/3.12.1/lib/python3.12/site-packages/airflow/example_dags/example_task_group.py
[2025-03-28T18:41:19.989+0000] {processor.py:925} INFO - DAG(s) 'example_task_group' retrieved from /usr/local/python/3.12.1/lib/python3.12/site-packages/airflow/example_dags/example_task_group.py
[2025-03-28T18:41:20.002+0000] {logging_mixin.py:190} INFO - [2025-03-28T18:41:20.002+0000] {dag.py:3239} INFO - Sync 1 DAGs
[2025-03-28T18:41:20.011+0000] {logging_mixin.py:190} INFO - [2025-03-28T18:41:20.011+0000] {dag.py:4180} INFO - Setting next_dagrun for example_task_group to None, run_after=None
[2025-03-28T18:41:20.026+0000] {processor.py:208} INFO - Processing /usr/local/python/3.12.1/lib/python3.12/site-packages/airflow/example_dags/example_task_group.py took 0.050 seconds
[2025-03-28T18:42:17.739+0000] {processor.py:186} INFO - Started process (PID=19341) to work on /usr/local/python/3.12.1/lib/python3.12/site-packages/airflow/example_dags/example_task_group.py
[2025-03-28T18:42:17.740+0000] {processor.py:914} INFO - Processing file /usr/local/python/3.12.1/lib/python3.12/site-packages/airflow/example_dags/example_task_group.py for tasks to queue
[2025-03-28T18:42:17.741+0000] {logging_mixin.py:190} INFO - [2025-03-28T18:42:17.741+0000] {dagbag.py:588} INFO - Filling up the DagBag from /usr/local/python/3.12.1/lib/python3.12/site-packages/airflow/example_dags/example_task_group.py
[2025-03-28T18:42:17.748+0000] {processor.py:925} INFO - DAG(s) 'example_task_group' retrieved from /usr/local/python/3.12.1/lib/python3.12/site-packages/airflow/example_dags/example_task_group.py
[2025-03-28T18:42:17.760+0000] {logging_mixin.py:190} INFO - [2025-03-28T18:42:17.760+0000] {dag.py:3239} INFO - Sync 1 DAGs
[2025-03-28T18:42:17.769+0000] {logging_mixin.py:190} INFO - [2025-03-28T18:42:17.769+0000] {dag.py:4180} INFO - Setting next_dagrun for example_task_group to None, run_after=None
[2025-03-28T18:42:17.784+0000] {processor.py:208} INFO - Processing /usr/local/python/3.12.1/lib/python3.12/site-packages/airflow/example_dags/example_task_group.py took 0.048 seconds
[2025-03-28T18:43:11.875+0000] {processor.py:186} INFO - Started process (PID=19831) to work on /usr/local/python/3.12.1/lib/python3.12/site-packages/airflow/example_dags/example_task_group.py
[2025-03-28T18:43:11.876+0000] {processor.py:914} INFO - Processing file /usr/local/python/3.12.1/lib/python3.12/site-packages/airflow/example_dags/example_task_group.py for tasks to queue
[2025-03-28T18:43:11.877+0000] {logging_mixin.py:190} INFO - [2025-03-28T18:43:11.877+0000] {dagbag.py:588} INFO - Filling up the DagBag from /usr/local/python/3.12.1/lib/python3.12/site-packages/airflow/example_dags/example_task_group.py
[2025-03-28T18:43:11.884+0000] {processor.py:925} INFO - DAG(s) 'example_task_group' retrieved from /usr/local/python/3.12.1/lib/python3.12/site-packages/airflow/example_dags/example_task_group.py
[2025-03-28T18:43:11.896+0000] {logging_mixin.py:190} INFO - [2025-03-28T18:43:11.895+0000] {dag.py:3239} INFO - Sync 1 DAGs
[2025-03-28T18:43:11.905+0000] {logging_mixin.py:190} INFO - [2025-03-28T18:43:11.905+0000] {dag.py:4180} INFO - Setting next_dagrun for example_task_group to None, run_after=None
[2025-03-28T18:43:11.919+0000] {processor.py:208} INFO - Processing /usr/local/python/3.12.1/lib/python3.12/site-packages/airflow/example_dags/example_task_group.py took 0.048 seconds
[2025-03-28T18:44:05.757+0000] {processor.py:186} INFO - Started process (PID=20308) to work on /usr/local/python/3.12.1/lib/python3.12/site-packages/airflow/example_dags/example_task_group.py
[2025-03-28T18:44:05.757+0000] {processor.py:914} INFO - Processing file /usr/local/python/3.12.1/lib/python3.12/site-packages/airflow/example_dags/example_task_group.py for tasks to queue
[2025-03-28T18:44:05.759+0000] {logging_mixin.py:190} INFO - [2025-03-28T18:44:05.759+0000] {dagbag.py:588} INFO - Filling up the DagBag from /usr/local/python/3.12.1/lib/python3.12/site-packages/airflow/example_dags/example_task_group.py
[2025-03-28T18:44:05.766+0000] {processor.py:925} INFO - DAG(s) 'example_task_group' retrieved from /usr/local/python/3.12.1/lib/python3.12/site-packages/airflow/example_dags/example_task_group.py
[2025-03-28T18:44:05.777+0000] {logging_mixin.py:190} INFO - [2025-03-28T18:44:05.777+0000] {dag.py:3239} INFO - Sync 1 DAGs
[2025-03-28T18:44:05.787+0000] {logging_mixin.py:190} INFO - [2025-03-28T18:44:05.787+0000] {dag.py:4180} INFO - Setting next_dagrun for example_task_group to None, run_after=None
[2025-03-28T18:44:05.801+0000] {processor.py:208} INFO - Processing /usr/local/python/3.12.1/lib/python3.12/site-packages/airflow/example_dags/example_task_group.py took 0.048 seconds
[2025-03-28T18:45:01.954+0000] {processor.py:186} INFO - Started process (PID=20806) to work on /usr/local/python/3.12.1/lib/python3.12/site-packages/airflow/example_dags/example_task_group.py
[2025-03-28T18:45:01.955+0000] {processor.py:914} INFO - Processing file /usr/local/python/3.12.1/lib/python3.12/site-packages/airflow/example_dags/example_task_group.py for tasks to queue
[2025-03-28T18:45:01.956+0000] {logging_mixin.py:190} INFO - [2025-03-28T18:45:01.956+0000] {dagbag.py:588} INFO - Filling up the DagBag from /usr/local/python/3.12.1/lib/python3.12/site-packages/airflow/example_dags/example_task_group.py
[2025-03-28T18:45:01.963+0000] {processor.py:925} INFO - DAG(s) 'example_task_group' retrieved from /usr/local/python/3.12.1/lib/python3.12/site-packages/airflow/example_dags/example_task_group.py
[2025-03-28T18:45:01.975+0000] {logging_mixin.py:190} INFO - [2025-03-28T18:45:01.975+0000] {dag.py:3239} INFO - Sync 1 DAGs
[2025-03-28T18:45:01.984+0000] {logging_mixin.py:190} INFO - [2025-03-28T18:45:01.984+0000] {dag.py:4180} INFO - Setting next_dagrun for example_task_group to None, run_after=None
[2025-03-28T18:45:01.999+0000] {processor.py:208} INFO - Processing /usr/local/python/3.12.1/lib/python3.12/site-packages/airflow/example_dags/example_task_group.py took 0.049 seconds
[2025-03-28T18:45:55.055+0000] {processor.py:186} INFO - Started process (PID=21272) to work on /usr/local/python/3.12.1/lib/python3.12/site-packages/airflow/example_dags/example_task_group.py
[2025-03-28T18:45:55.056+0000] {processor.py:914} INFO - Processing file /usr/local/python/3.12.1/lib/python3.12/site-packages/airflow/example_dags/example_task_group.py for tasks to queue
[2025-03-28T18:45:55.058+0000] {logging_mixin.py:190} INFO - [2025-03-28T18:45:55.057+0000] {dagbag.py:588} INFO - Filling up the DagBag from /usr/local/python/3.12.1/lib/python3.12/site-packages/airflow/example_dags/example_task_group.py
[2025-03-28T18:45:55.064+0000] {processor.py:925} INFO - DAG(s) 'example_task_group' retrieved from /usr/local/python/3.12.1/lib/python3.12/site-packages/airflow/example_dags/example_task_group.py
[2025-03-28T18:45:55.076+0000] {logging_mixin.py:190} INFO - [2025-03-28T18:45:55.076+0000] {dag.py:3239} INFO - Sync 1 DAGs
[2025-03-28T18:45:55.085+0000] {logging_mixin.py:190} INFO - [2025-03-28T18:45:55.085+0000] {dag.py:4180} INFO - Setting next_dagrun for example_task_group to None, run_after=None
[2025-03-28T18:45:55.100+0000] {processor.py:208} INFO - Processing /usr/local/python/3.12.1/lib/python3.12/site-packages/airflow/example_dags/example_task_group.py took 0.049 seconds
[2025-03-28T18:46:47.855+0000] {processor.py:186} INFO - Started process (PID=21742) to work on /usr/local/python/3.12.1/lib/python3.12/site-packages/airflow/example_dags/example_task_group.py
[2025-03-28T18:46:47.856+0000] {processor.py:914} INFO - Processing file /usr/local/python/3.12.1/lib/python3.12/site-packages/airflow/example_dags/example_task_group.py for tasks to queue
[2025-03-28T18:46:47.857+0000] {logging_mixin.py:190} INFO - [2025-03-28T18:46:47.857+0000] {dagbag.py:588} INFO - Filling up the DagBag from /usr/local/python/3.12.1/lib/python3.12/site-packages/airflow/example_dags/example_task_group.py
[2025-03-28T18:46:47.864+0000] {processor.py:925} INFO - DAG(s) 'example_task_group' retrieved from /usr/local/python/3.12.1/lib/python3.12/site-packages/airflow/example_dags/example_task_group.py
[2025-03-28T18:46:47.876+0000] {logging_mixin.py:190} INFO - [2025-03-28T18:46:47.875+0000] {dag.py:3239} INFO - Sync 1 DAGs
[2025-03-28T18:46:47.885+0000] {logging_mixin.py:190} INFO - [2025-03-28T18:46:47.885+0000] {dag.py:4180} INFO - Setting next_dagrun for example_task_group to None, run_after=None
[2025-03-28T18:46:47.900+0000] {processor.py:208} INFO - Processing /usr/local/python/3.12.1/lib/python3.12/site-packages/airflow/example_dags/example_task_group.py took 0.049 seconds
[2025-03-28T18:47:41.079+0000] {processor.py:186} INFO - Started process (PID=22178) to work on /usr/local/python/3.12.1/lib/python3.12/site-packages/airflow/example_dags/example_task_group.py
[2025-03-28T18:47:41.080+0000] {processor.py:914} INFO - Processing file /usr/local/python/3.12.1/lib/python3.12/site-packages/airflow/example_dags/example_task_group.py for tasks to queue
[2025-03-28T18:47:41.081+0000] {logging_mixin.py:190} INFO - [2025-03-28T18:47:41.081+0000] {dagbag.py:588} INFO - Filling up the DagBag from /usr/local/python/3.12.1/lib/python3.12/site-packages/airflow/example_dags/example_task_group.py
[2025-03-28T18:47:41.088+0000] {processor.py:925} INFO - DAG(s) 'example_task_group' retrieved from /usr/local/python/3.12.1/lib/python3.12/site-packages/airflow/example_dags/example_task_group.py
[2025-03-28T18:47:41.101+0000] {logging_mixin.py:190} INFO - [2025-03-28T18:47:41.100+0000] {dag.py:3239} INFO - Sync 1 DAGs
[2025-03-28T18:47:41.110+0000] {logging_mixin.py:190} INFO - [2025-03-28T18:47:41.110+0000] {dag.py:4180} INFO - Setting next_dagrun for example_task_group to None, run_after=None
[2025-03-28T18:47:41.125+0000] {processor.py:208} INFO - Processing /usr/local/python/3.12.1/lib/python3.12/site-packages/airflow/example_dags/example_task_group.py took 0.051 seconds
[2025-03-28T18:48:34.213+0000] {processor.py:186} INFO - Started process (PID=22611) to work on /usr/local/python/3.12.1/lib/python3.12/site-packages/airflow/example_dags/example_task_group.py
[2025-03-28T18:48:34.213+0000] {processor.py:914} INFO - Processing file /usr/local/python/3.12.1/lib/python3.12/site-packages/airflow/example_dags/example_task_group.py for tasks to queue
[2025-03-28T18:48:34.214+0000] {logging_mixin.py:190} INFO - [2025-03-28T18:48:34.214+0000] {dagbag.py:588} INFO - Filling up the DagBag from /usr/local/python/3.12.1/lib/python3.12/site-packages/airflow/example_dags/example_task_group.py
[2025-03-28T18:48:34.221+0000] {processor.py:925} INFO - DAG(s) 'example_task_group' retrieved from /usr/local/python/3.12.1/lib/python3.12/site-packages/airflow/example_dags/example_task_group.py
[2025-03-28T18:48:34.233+0000] {logging_mixin.py:190} INFO - [2025-03-28T18:48:34.232+0000] {dag.py:3239} INFO - Sync 1 DAGs
[2025-03-28T18:48:34.242+0000] {logging_mixin.py:190} INFO - [2025-03-28T18:48:34.242+0000] {dag.py:4180} INFO - Setting next_dagrun for example_task_group to None, run_after=None
[2025-03-28T18:48:34.257+0000] {processor.py:208} INFO - Processing /usr/local/python/3.12.1/lib/python3.12/site-packages/airflow/example_dags/example_task_group.py took 0.048 seconds
[2025-03-28T18:49:29.977+0000] {processor.py:186} INFO - Started process (PID=23068) to work on /usr/local/python/3.12.1/lib/python3.12/site-packages/airflow/example_dags/example_task_group.py
[2025-03-28T18:49:29.977+0000] {processor.py:914} INFO - Processing file /usr/local/python/3.12.1/lib/python3.12/site-packages/airflow/example_dags/example_task_group.py for tasks to queue
[2025-03-28T18:49:29.978+0000] {logging_mixin.py:190} INFO - [2025-03-28T18:49:29.978+0000] {dagbag.py:588} INFO - Filling up the DagBag from /usr/local/python/3.12.1/lib/python3.12/site-packages/airflow/example_dags/example_task_group.py
[2025-03-28T18:49:29.985+0000] {processor.py:925} INFO - DAG(s) 'example_task_group' retrieved from /usr/local/python/3.12.1/lib/python3.12/site-packages/airflow/example_dags/example_task_group.py
[2025-03-28T18:49:29.997+0000] {logging_mixin.py:190} INFO - [2025-03-28T18:49:29.996+0000] {dag.py:3239} INFO - Sync 1 DAGs
[2025-03-28T18:49:30.007+0000] {logging_mixin.py:190} INFO - [2025-03-28T18:49:30.006+0000] {dag.py:4180} INFO - Setting next_dagrun for example_task_group to None, run_after=None
[2025-03-28T18:49:30.021+0000] {processor.py:208} INFO - Processing /usr/local/python/3.12.1/lib/python3.12/site-packages/airflow/example_dags/example_task_group.py took 0.048 seconds
[2025-03-28T18:50:26.885+0000] {processor.py:186} INFO - Started process (PID=23542) to work on /usr/local/python/3.12.1/lib/python3.12/site-packages/airflow/example_dags/example_task_group.py
[2025-03-28T18:50:26.886+0000] {processor.py:914} INFO - Processing file /usr/local/python/3.12.1/lib/python3.12/site-packages/airflow/example_dags/example_task_group.py for tasks to queue
[2025-03-28T18:50:26.887+0000] {logging_mixin.py:190} INFO - [2025-03-28T18:50:26.887+0000] {dagbag.py:588} INFO - Filling up the DagBag from /usr/local/python/3.12.1/lib/python3.12/site-packages/airflow/example_dags/example_task_group.py
[2025-03-28T18:50:26.894+0000] {processor.py:925} INFO - DAG(s) 'example_task_group' retrieved from /usr/local/python/3.12.1/lib/python3.12/site-packages/airflow/example_dags/example_task_group.py
[2025-03-28T18:50:26.906+0000] {logging_mixin.py:190} INFO - [2025-03-28T18:50:26.905+0000] {dag.py:3239} INFO - Sync 1 DAGs
[2025-03-28T18:50:26.915+0000] {logging_mixin.py:190} INFO - [2025-03-28T18:50:26.915+0000] {dag.py:4180} INFO - Setting next_dagrun for example_task_group to None, run_after=None
[2025-03-28T18:50:26.930+0000] {processor.py:208} INFO - Processing /usr/local/python/3.12.1/lib/python3.12/site-packages/airflow/example_dags/example_task_group.py took 0.048 seconds
[2025-03-28T18:52:20.910+0000] {processor.py:186} INFO - Started process (PID=24600) to work on /usr/local/python/3.12.1/lib/python3.12/site-packages/airflow/example_dags/example_task_group.py
[2025-03-28T18:52:20.911+0000] {processor.py:914} INFO - Processing file /usr/local/python/3.12.1/lib/python3.12/site-packages/airflow/example_dags/example_task_group.py for tasks to queue
[2025-03-28T18:52:20.912+0000] {logging_mixin.py:190} INFO - [2025-03-28T18:52:20.912+0000] {dagbag.py:588} INFO - Filling up the DagBag from /usr/local/python/3.12.1/lib/python3.12/site-packages/airflow/example_dags/example_task_group.py
[2025-03-28T18:52:20.919+0000] {processor.py:925} INFO - DAG(s) 'example_task_group' retrieved from /usr/local/python/3.12.1/lib/python3.12/site-packages/airflow/example_dags/example_task_group.py
[2025-03-28T18:52:20.931+0000] {logging_mixin.py:190} INFO - [2025-03-28T18:52:20.931+0000] {dag.py:3239} INFO - Sync 1 DAGs
[2025-03-28T18:52:20.940+0000] {logging_mixin.py:190} INFO - [2025-03-28T18:52:20.940+0000] {dag.py:4180} INFO - Setting next_dagrun for example_task_group to None, run_after=None
[2025-03-28T18:52:20.955+0000] {processor.py:208} INFO - Processing /usr/local/python/3.12.1/lib/python3.12/site-packages/airflow/example_dags/example_task_group.py took 0.049 seconds
[2025-03-28T18:54:53.851+0000] {processor.py:186} INFO - Started process (PID=26102) to work on /usr/local/python/3.12.1/lib/python3.12/site-packages/airflow/example_dags/example_task_group.py
[2025-03-28T18:54:53.852+0000] {processor.py:914} INFO - Processing file /usr/local/python/3.12.1/lib/python3.12/site-packages/airflow/example_dags/example_task_group.py for tasks to queue
[2025-03-28T18:54:53.853+0000] {logging_mixin.py:190} INFO - [2025-03-28T18:54:53.852+0000] {dagbag.py:588} INFO - Filling up the DagBag from /usr/local/python/3.12.1/lib/python3.12/site-packages/airflow/example_dags/example_task_group.py
[2025-03-28T18:54:53.859+0000] {processor.py:925} INFO - DAG(s) 'example_task_group' retrieved from /usr/local/python/3.12.1/lib/python3.12/site-packages/airflow/example_dags/example_task_group.py
[2025-03-28T18:54:53.871+0000] {logging_mixin.py:190} INFO - [2025-03-28T18:54:53.871+0000] {dag.py:3239} INFO - Sync 1 DAGs
[2025-03-28T18:54:53.880+0000] {logging_mixin.py:190} INFO - [2025-03-28T18:54:53.880+0000] {dag.py:4180} INFO - Setting next_dagrun for example_task_group to None, run_after=None
[2025-03-28T18:54:53.895+0000] {processor.py:208} INFO - Processing /usr/local/python/3.12.1/lib/python3.12/site-packages/airflow/example_dags/example_task_group.py took 0.048 seconds
[2025-03-28T18:57:29.195+0000] {processor.py:186} INFO - Started process (PID=27758) to work on /usr/local/python/3.12.1/lib/python3.12/site-packages/airflow/example_dags/example_task_group.py
[2025-03-28T18:57:29.195+0000] {processor.py:914} INFO - Processing file /usr/local/python/3.12.1/lib/python3.12/site-packages/airflow/example_dags/example_task_group.py for tasks to queue
[2025-03-28T18:57:29.196+0000] {logging_mixin.py:190} INFO - [2025-03-28T18:57:29.196+0000] {dagbag.py:588} INFO - Filling up the DagBag from /usr/local/python/3.12.1/lib/python3.12/site-packages/airflow/example_dags/example_task_group.py
[2025-03-28T18:57:29.203+0000] {processor.py:925} INFO - DAG(s) 'example_task_group' retrieved from /usr/local/python/3.12.1/lib/python3.12/site-packages/airflow/example_dags/example_task_group.py
[2025-03-28T18:57:29.215+0000] {logging_mixin.py:190} INFO - [2025-03-28T18:57:29.215+0000] {dag.py:3239} INFO - Sync 1 DAGs
[2025-03-28T18:57:29.224+0000] {logging_mixin.py:190} INFO - [2025-03-28T18:57:29.224+0000] {dag.py:4180} INFO - Setting next_dagrun for example_task_group to None, run_after=None
[2025-03-28T18:57:29.239+0000] {processor.py:208} INFO - Processing /usr/local/python/3.12.1/lib/python3.12/site-packages/airflow/example_dags/example_task_group.py took 0.048 seconds
[2025-03-28T19:00:03.950+0000] {processor.py:186} INFO - Started process (PID=29375) to work on /usr/local/python/3.12.1/lib/python3.12/site-packages/airflow/example_dags/example_task_group.py
[2025-03-28T19:00:03.950+0000] {processor.py:914} INFO - Processing file /usr/local/python/3.12.1/lib/python3.12/site-packages/airflow/example_dags/example_task_group.py for tasks to queue
[2025-03-28T19:00:03.951+0000] {logging_mixin.py:190} INFO - [2025-03-28T19:00:03.951+0000] {dagbag.py:588} INFO - Filling up the DagBag from /usr/local/python/3.12.1/lib/python3.12/site-packages/airflow/example_dags/example_task_group.py
[2025-03-28T19:00:03.958+0000] {processor.py:925} INFO - DAG(s) 'example_task_group' retrieved from /usr/local/python/3.12.1/lib/python3.12/site-packages/airflow/example_dags/example_task_group.py
[2025-03-28T19:00:03.971+0000] {logging_mixin.py:190} INFO - [2025-03-28T19:00:03.971+0000] {dag.py:3239} INFO - Sync 1 DAGs
[2025-03-28T19:00:03.981+0000] {logging_mixin.py:190} INFO - [2025-03-28T19:00:03.981+0000] {dag.py:4180} INFO - Setting next_dagrun for example_task_group to None, run_after=None
[2025-03-28T19:00:03.996+0000] {processor.py:208} INFO - Processing /usr/local/python/3.12.1/lib/python3.12/site-packages/airflow/example_dags/example_task_group.py took 0.050 seconds
