[2025-03-28T18:24:00.833+0000] {processor.py:186} INFO - Started process (PID=9103) to work on /usr/local/python/3.12.1/lib/python3.12/site-packages/airflow/example_dags/example_trigger_controller_dag.py
[2025-03-28T18:24:00.833+0000] {processor.py:914} INFO - Processing file /usr/local/python/3.12.1/lib/python3.12/site-packages/airflow/example_dags/example_trigger_controller_dag.py for tasks to queue
[2025-03-28T18:24:00.834+0000] {logging_mixin.py:190} INFO - [2025-03-28T18:24:00.834+0000] {dagbag.py:588} INFO - Filling up the DagBag from /usr/local/python/3.12.1/lib/python3.12/site-packages/airflow/example_dags/example_trigger_controller_dag.py
[2025-03-28T18:24:00.839+0000] {processor.py:925} INFO - DAG(s) 'example_trigger_controller_dag' retrieved from /usr/local/python/3.12.1/lib/python3.12/site-packages/airflow/example_dags/example_trigger_controller_dag.py
[2025-03-28T18:24:00.922+0000] {logging_mixin.py:190} INFO - [2025-03-28T18:24:00.921+0000] {override.py:1930} INFO - Created Permission View: can edit on DAG:example_trigger_controller_dag
[2025-03-28T18:24:00.930+0000] {logging_mixin.py:190} INFO - [2025-03-28T18:24:00.930+0000] {override.py:1930} INFO - Created Permission View: can delete on DAG:example_trigger_controller_dag
[2025-03-28T18:24:00.936+0000] {logging_mixin.py:190} INFO - [2025-03-28T18:24:00.935+0000] {override.py:1930} INFO - Created Permission View: can read on DAG:example_trigger_controller_dag
[2025-03-28T18:24:00.944+0000] {logging_mixin.py:190} INFO - [2025-03-28T18:24:00.944+0000] {override.py:1930} INFO - Created Permission View: menu access on DAG Run:example_trigger_controller_dag
[2025-03-28T18:24:00.949+0000] {logging_mixin.py:190} INFO - [2025-03-28T18:24:00.949+0000] {override.py:1930} INFO - Created Permission View: can create on DAG Run:example_trigger_controller_dag
[2025-03-28T18:24:00.955+0000] {logging_mixin.py:190} INFO - [2025-03-28T18:24:00.954+0000] {override.py:1930} INFO - Created Permission View: can delete on DAG Run:example_trigger_controller_dag
[2025-03-28T18:24:00.960+0000] {logging_mixin.py:190} INFO - [2025-03-28T18:24:00.960+0000] {override.py:1930} INFO - Created Permission View: can read on DAG Run:example_trigger_controller_dag
[2025-03-28T18:24:00.960+0000] {logging_mixin.py:190} INFO - [2025-03-28T18:24:00.960+0000] {dag.py:3239} INFO - Sync 1 DAGs
[2025-03-28T18:24:00.969+0000] {logging_mixin.py:190} INFO - [2025-03-28T18:24:00.969+0000] {dag.py:3262} INFO - Creating ORM DAG for example_trigger_controller_dag
[2025-03-28T18:24:00.975+0000] {logging_mixin.py:190} INFO - [2025-03-28T18:24:00.975+0000] {dag.py:4180} INFO - Setting next_dagrun for example_trigger_controller_dag to 2021-01-01 00:00:00+00:00, run_after=2021-01-01 00:00:00+00:00
[2025-03-28T18:24:00.990+0000] {processor.py:208} INFO - Processing /usr/local/python/3.12.1/lib/python3.12/site-packages/airflow/example_dags/example_trigger_controller_dag.py took 0.161 seconds
[2025-03-28T18:25:00.201+0000] {processor.py:186} INFO - Started process (PID=9576) to work on /usr/local/python/3.12.1/lib/python3.12/site-packages/airflow/example_dags/example_trigger_controller_dag.py
[2025-03-28T18:25:00.201+0000] {processor.py:914} INFO - Processing file /usr/local/python/3.12.1/lib/python3.12/site-packages/airflow/example_dags/example_trigger_controller_dag.py for tasks to queue
[2025-03-28T18:25:00.203+0000] {logging_mixin.py:190} INFO - [2025-03-28T18:25:00.203+0000] {dagbag.py:588} INFO - Filling up the DagBag from /usr/local/python/3.12.1/lib/python3.12/site-packages/airflow/example_dags/example_trigger_controller_dag.py
[2025-03-28T18:25:00.209+0000] {processor.py:925} INFO - DAG(s) 'example_trigger_controller_dag' retrieved from /usr/local/python/3.12.1/lib/python3.12/site-packages/airflow/example_dags/example_trigger_controller_dag.py
[2025-03-28T18:25:00.222+0000] {logging_mixin.py:190} INFO - [2025-03-28T18:25:00.222+0000] {dag.py:3239} INFO - Sync 1 DAGs
[2025-03-28T18:25:00.239+0000] {logging_mixin.py:190} INFO - [2025-03-28T18:25:00.239+0000] {dag.py:4180} INFO - Setting next_dagrun for example_trigger_controller_dag to 2021-01-01 00:00:00+00:00, run_after=2021-01-01 00:00:00+00:00
[2025-03-28T18:25:00.254+0000] {processor.py:208} INFO - Processing /usr/local/python/3.12.1/lib/python3.12/site-packages/airflow/example_dags/example_trigger_controller_dag.py took 0.057 seconds
[2025-03-28T18:25:53.737+0000] {processor.py:186} INFO - Started process (PID=10070) to work on /usr/local/python/3.12.1/lib/python3.12/site-packages/airflow/example_dags/example_trigger_controller_dag.py
[2025-03-28T18:25:53.738+0000] {processor.py:914} INFO - Processing file /usr/local/python/3.12.1/lib/python3.12/site-packages/airflow/example_dags/example_trigger_controller_dag.py for tasks to queue
[2025-03-28T18:25:53.740+0000] {logging_mixin.py:190} INFO - [2025-03-28T18:25:53.740+0000] {dagbag.py:588} INFO - Filling up the DagBag from /usr/local/python/3.12.1/lib/python3.12/site-packages/airflow/example_dags/example_trigger_controller_dag.py
[2025-03-28T18:25:53.746+0000] {processor.py:925} INFO - DAG(s) 'example_trigger_controller_dag' retrieved from /usr/local/python/3.12.1/lib/python3.12/site-packages/airflow/example_dags/example_trigger_controller_dag.py
[2025-03-28T18:25:53.757+0000] {logging_mixin.py:190} INFO - [2025-03-28T18:25:53.757+0000] {dag.py:3239} INFO - Sync 1 DAGs
[2025-03-28T18:25:53.772+0000] {logging_mixin.py:190} INFO - [2025-03-28T18:25:53.772+0000] {dag.py:4180} INFO - Setting next_dagrun for example_trigger_controller_dag to 2021-01-01 00:00:00+00:00, run_after=2021-01-01 00:00:00+00:00
[2025-03-28T18:25:53.787+0000] {processor.py:208} INFO - Processing /usr/local/python/3.12.1/lib/python3.12/site-packages/airflow/example_dags/example_trigger_controller_dag.py took 0.055 seconds
[2025-03-28T18:28:03.654+0000] {processor.py:186} INFO - Started process (PID=11321) to work on /usr/local/python/3.12.1/lib/python3.12/site-packages/airflow/example_dags/example_trigger_controller_dag.py
[2025-03-28T18:28:03.655+0000] {processor.py:914} INFO - Processing file /usr/local/python/3.12.1/lib/python3.12/site-packages/airflow/example_dags/example_trigger_controller_dag.py for tasks to queue
[2025-03-28T18:28:03.656+0000] {logging_mixin.py:190} INFO - [2025-03-28T18:28:03.656+0000] {dagbag.py:588} INFO - Filling up the DagBag from /usr/local/python/3.12.1/lib/python3.12/site-packages/airflow/example_dags/example_trigger_controller_dag.py
[2025-03-28T18:28:03.661+0000] {processor.py:925} INFO - DAG(s) 'example_trigger_controller_dag' retrieved from /usr/local/python/3.12.1/lib/python3.12/site-packages/airflow/example_dags/example_trigger_controller_dag.py
[2025-03-28T18:28:03.673+0000] {logging_mixin.py:190} INFO - [2025-03-28T18:28:03.673+0000] {dag.py:3239} INFO - Sync 1 DAGs
[2025-03-28T18:28:03.688+0000] {logging_mixin.py:190} INFO - [2025-03-28T18:28:03.688+0000] {dag.py:4180} INFO - Setting next_dagrun for example_trigger_controller_dag to 2021-01-01 00:00:00+00:00, run_after=2021-01-01 00:00:00+00:00
[2025-03-28T18:28:03.703+0000] {processor.py:208} INFO - Processing /usr/local/python/3.12.1/lib/python3.12/site-packages/airflow/example_dags/example_trigger_controller_dag.py took 0.053 seconds
[2025-03-28T18:28:56.267+0000] {processor.py:186} INFO - Started process (PID=11737) to work on /usr/local/python/3.12.1/lib/python3.12/site-packages/airflow/example_dags/example_trigger_controller_dag.py
[2025-03-28T18:28:56.268+0000] {processor.py:914} INFO - Processing file /usr/local/python/3.12.1/lib/python3.12/site-packages/airflow/example_dags/example_trigger_controller_dag.py for tasks to queue
[2025-03-28T18:28:56.270+0000] {logging_mixin.py:190} INFO - [2025-03-28T18:28:56.269+0000] {dagbag.py:588} INFO - Filling up the DagBag from /usr/local/python/3.12.1/lib/python3.12/site-packages/airflow/example_dags/example_trigger_controller_dag.py
[2025-03-28T18:28:56.274+0000] {processor.py:925} INFO - DAG(s) 'example_trigger_controller_dag' retrieved from /usr/local/python/3.12.1/lib/python3.12/site-packages/airflow/example_dags/example_trigger_controller_dag.py
[2025-03-28T18:28:56.284+0000] {logging_mixin.py:190} INFO - [2025-03-28T18:28:56.284+0000] {dag.py:3239} INFO - Sync 1 DAGs
[2025-03-28T18:28:56.299+0000] {logging_mixin.py:190} INFO - [2025-03-28T18:28:56.299+0000] {dag.py:4180} INFO - Setting next_dagrun for example_trigger_controller_dag to 2021-01-01 00:00:00+00:00, run_after=2021-01-01 00:00:00+00:00
[2025-03-28T18:28:56.313+0000] {processor.py:208} INFO - Processing /usr/local/python/3.12.1/lib/python3.12/site-packages/airflow/example_dags/example_trigger_controller_dag.py took 0.049 seconds
[2025-03-28T18:29:45.278+0000] {processor.py:186} INFO - Started process (PID=12170) to work on /usr/local/python/3.12.1/lib/python3.12/site-packages/airflow/example_dags/example_trigger_controller_dag.py
[2025-03-28T18:29:45.278+0000] {processor.py:914} INFO - Processing file /usr/local/python/3.12.1/lib/python3.12/site-packages/airflow/example_dags/example_trigger_controller_dag.py for tasks to queue
[2025-03-28T18:29:45.280+0000] {logging_mixin.py:190} INFO - [2025-03-28T18:29:45.280+0000] {dagbag.py:588} INFO - Filling up the DagBag from /usr/local/python/3.12.1/lib/python3.12/site-packages/airflow/example_dags/example_trigger_controller_dag.py
[2025-03-28T18:29:45.285+0000] {processor.py:925} INFO - DAG(s) 'example_trigger_controller_dag' retrieved from /usr/local/python/3.12.1/lib/python3.12/site-packages/airflow/example_dags/example_trigger_controller_dag.py
[2025-03-28T18:29:45.295+0000] {logging_mixin.py:190} INFO - [2025-03-28T18:29:45.295+0000] {dag.py:3239} INFO - Sync 1 DAGs
[2025-03-28T18:29:45.310+0000] {logging_mixin.py:190} INFO - [2025-03-28T18:29:45.309+0000] {dag.py:4180} INFO - Setting next_dagrun for example_trigger_controller_dag to 2021-01-01 00:00:00+00:00, run_after=2021-01-01 00:00:00+00:00
[2025-03-28T18:29:45.324+0000] {processor.py:208} INFO - Processing /usr/local/python/3.12.1/lib/python3.12/site-packages/airflow/example_dags/example_trigger_controller_dag.py took 0.050 seconds
[2025-03-28T18:30:33.362+0000] {processor.py:186} INFO - Started process (PID=12580) to work on /usr/local/python/3.12.1/lib/python3.12/site-packages/airflow/example_dags/example_trigger_controller_dag.py
[2025-03-28T18:30:33.363+0000] {processor.py:914} INFO - Processing file /usr/local/python/3.12.1/lib/python3.12/site-packages/airflow/example_dags/example_trigger_controller_dag.py for tasks to queue
[2025-03-28T18:30:33.364+0000] {logging_mixin.py:190} INFO - [2025-03-28T18:30:33.364+0000] {dagbag.py:588} INFO - Filling up the DagBag from /usr/local/python/3.12.1/lib/python3.12/site-packages/airflow/example_dags/example_trigger_controller_dag.py
[2025-03-28T18:30:33.369+0000] {processor.py:925} INFO - DAG(s) 'example_trigger_controller_dag' retrieved from /usr/local/python/3.12.1/lib/python3.12/site-packages/airflow/example_dags/example_trigger_controller_dag.py
[2025-03-28T18:30:33.380+0000] {logging_mixin.py:190} INFO - [2025-03-28T18:30:33.379+0000] {dag.py:3239} INFO - Sync 1 DAGs
[2025-03-28T18:30:33.394+0000] {logging_mixin.py:190} INFO - [2025-03-28T18:30:33.394+0000] {dag.py:4180} INFO - Setting next_dagrun for example_trigger_controller_dag to 2021-01-01 00:00:00+00:00, run_after=2021-01-01 00:00:00+00:00
[2025-03-28T18:30:33.409+0000] {processor.py:208} INFO - Processing /usr/local/python/3.12.1/lib/python3.12/site-packages/airflow/example_dags/example_trigger_controller_dag.py took 0.050 seconds
[2025-03-28T18:31:22.882+0000] {processor.py:186} INFO - Started process (PID=12986) to work on /usr/local/python/3.12.1/lib/python3.12/site-packages/airflow/example_dags/example_trigger_controller_dag.py
[2025-03-28T18:31:22.883+0000] {processor.py:914} INFO - Processing file /usr/local/python/3.12.1/lib/python3.12/site-packages/airflow/example_dags/example_trigger_controller_dag.py for tasks to queue
[2025-03-28T18:31:22.884+0000] {logging_mixin.py:190} INFO - [2025-03-28T18:31:22.884+0000] {dagbag.py:588} INFO - Filling up the DagBag from /usr/local/python/3.12.1/lib/python3.12/site-packages/airflow/example_dags/example_trigger_controller_dag.py
[2025-03-28T18:31:22.889+0000] {processor.py:925} INFO - DAG(s) 'example_trigger_controller_dag' retrieved from /usr/local/python/3.12.1/lib/python3.12/site-packages/airflow/example_dags/example_trigger_controller_dag.py
[2025-03-28T18:31:22.899+0000] {logging_mixin.py:190} INFO - [2025-03-28T18:31:22.899+0000] {dag.py:3239} INFO - Sync 1 DAGs
[2025-03-28T18:31:22.913+0000] {logging_mixin.py:190} INFO - [2025-03-28T18:31:22.913+0000] {dag.py:4180} INFO - Setting next_dagrun for example_trigger_controller_dag to 2021-01-01 00:00:00+00:00, run_after=2021-01-01 00:00:00+00:00
[2025-03-28T18:31:22.928+0000] {processor.py:208} INFO - Processing /usr/local/python/3.12.1/lib/python3.12/site-packages/airflow/example_dags/example_trigger_controller_dag.py took 0.050 seconds
[2025-03-28T18:32:11.691+0000] {processor.py:186} INFO - Started process (PID=13437) to work on /usr/local/python/3.12.1/lib/python3.12/site-packages/airflow/example_dags/example_trigger_controller_dag.py
[2025-03-28T18:32:11.691+0000] {processor.py:914} INFO - Processing file /usr/local/python/3.12.1/lib/python3.12/site-packages/airflow/example_dags/example_trigger_controller_dag.py for tasks to queue
[2025-03-28T18:32:11.693+0000] {logging_mixin.py:190} INFO - [2025-03-28T18:32:11.692+0000] {dagbag.py:588} INFO - Filling up the DagBag from /usr/local/python/3.12.1/lib/python3.12/site-packages/airflow/example_dags/example_trigger_controller_dag.py
[2025-03-28T18:32:11.697+0000] {processor.py:925} INFO - DAG(s) 'example_trigger_controller_dag' retrieved from /usr/local/python/3.12.1/lib/python3.12/site-packages/airflow/example_dags/example_trigger_controller_dag.py
[2025-03-28T18:32:11.708+0000] {logging_mixin.py:190} INFO - [2025-03-28T18:32:11.707+0000] {dag.py:3239} INFO - Sync 1 DAGs
[2025-03-28T18:32:11.722+0000] {logging_mixin.py:190} INFO - [2025-03-28T18:32:11.722+0000] {dag.py:4180} INFO - Setting next_dagrun for example_trigger_controller_dag to 2021-01-01 00:00:00+00:00, run_after=2021-01-01 00:00:00+00:00
[2025-03-28T18:32:11.737+0000] {processor.py:208} INFO - Processing /usr/local/python/3.12.1/lib/python3.12/site-packages/airflow/example_dags/example_trigger_controller_dag.py took 0.050 seconds
[2025-03-28T18:33:00.535+0000] {processor.py:186} INFO - Started process (PID=13898) to work on /usr/local/python/3.12.1/lib/python3.12/site-packages/airflow/example_dags/example_trigger_controller_dag.py
[2025-03-28T18:33:00.535+0000] {processor.py:914} INFO - Processing file /usr/local/python/3.12.1/lib/python3.12/site-packages/airflow/example_dags/example_trigger_controller_dag.py for tasks to queue
[2025-03-28T18:33:00.537+0000] {logging_mixin.py:190} INFO - [2025-03-28T18:33:00.536+0000] {dagbag.py:588} INFO - Filling up the DagBag from /usr/local/python/3.12.1/lib/python3.12/site-packages/airflow/example_dags/example_trigger_controller_dag.py
[2025-03-28T18:33:00.542+0000] {processor.py:925} INFO - DAG(s) 'example_trigger_controller_dag' retrieved from /usr/local/python/3.12.1/lib/python3.12/site-packages/airflow/example_dags/example_trigger_controller_dag.py
[2025-03-28T18:33:00.552+0000] {logging_mixin.py:190} INFO - [2025-03-28T18:33:00.552+0000] {dag.py:3239} INFO - Sync 1 DAGs
[2025-03-28T18:33:00.571+0000] {logging_mixin.py:190} INFO - [2025-03-28T18:33:00.571+0000] {dag.py:4180} INFO - Setting next_dagrun for example_trigger_controller_dag to 2021-01-01 00:00:00+00:00, run_after=2021-01-01 00:00:00+00:00
[2025-03-28T18:33:00.590+0000] {processor.py:208} INFO - Processing /usr/local/python/3.12.1/lib/python3.12/site-packages/airflow/example_dags/example_trigger_controller_dag.py took 0.059 seconds
[2025-03-28T18:33:50.706+0000] {processor.py:186} INFO - Started process (PID=14352) to work on /usr/local/python/3.12.1/lib/python3.12/site-packages/airflow/example_dags/example_trigger_controller_dag.py
[2025-03-28T18:33:50.707+0000] {processor.py:914} INFO - Processing file /usr/local/python/3.12.1/lib/python3.12/site-packages/airflow/example_dags/example_trigger_controller_dag.py for tasks to queue
[2025-03-28T18:33:50.708+0000] {logging_mixin.py:190} INFO - [2025-03-28T18:33:50.708+0000] {dagbag.py:588} INFO - Filling up the DagBag from /usr/local/python/3.12.1/lib/python3.12/site-packages/airflow/example_dags/example_trigger_controller_dag.py
[2025-03-28T18:33:50.713+0000] {processor.py:925} INFO - DAG(s) 'example_trigger_controller_dag' retrieved from /usr/local/python/3.12.1/lib/python3.12/site-packages/airflow/example_dags/example_trigger_controller_dag.py
[2025-03-28T18:33:50.723+0000] {logging_mixin.py:190} INFO - [2025-03-28T18:33:50.723+0000] {dag.py:3239} INFO - Sync 1 DAGs
[2025-03-28T18:33:50.738+0000] {logging_mixin.py:190} INFO - [2025-03-28T18:33:50.738+0000] {dag.py:4180} INFO - Setting next_dagrun for example_trigger_controller_dag to 2021-01-01 00:00:00+00:00, run_after=2021-01-01 00:00:00+00:00
[2025-03-28T18:33:50.753+0000] {processor.py:208} INFO - Processing /usr/local/python/3.12.1/lib/python3.12/site-packages/airflow/example_dags/example_trigger_controller_dag.py took 0.051 seconds
[2025-03-28T18:34:40.657+0000] {processor.py:186} INFO - Started process (PID=14763) to work on /usr/local/python/3.12.1/lib/python3.12/site-packages/airflow/example_dags/example_trigger_controller_dag.py
[2025-03-28T18:34:40.658+0000] {processor.py:914} INFO - Processing file /usr/local/python/3.12.1/lib/python3.12/site-packages/airflow/example_dags/example_trigger_controller_dag.py for tasks to queue
[2025-03-28T18:34:40.659+0000] {logging_mixin.py:190} INFO - [2025-03-28T18:34:40.659+0000] {dagbag.py:588} INFO - Filling up the DagBag from /usr/local/python/3.12.1/lib/python3.12/site-packages/airflow/example_dags/example_trigger_controller_dag.py
[2025-03-28T18:34:40.664+0000] {processor.py:925} INFO - DAG(s) 'example_trigger_controller_dag' retrieved from /usr/local/python/3.12.1/lib/python3.12/site-packages/airflow/example_dags/example_trigger_controller_dag.py
[2025-03-28T18:34:40.674+0000] {logging_mixin.py:190} INFO - [2025-03-28T18:34:40.674+0000] {dag.py:3239} INFO - Sync 1 DAGs
[2025-03-28T18:34:40.689+0000] {logging_mixin.py:190} INFO - [2025-03-28T18:34:40.689+0000] {dag.py:4180} INFO - Setting next_dagrun for example_trigger_controller_dag to 2021-01-01 00:00:00+00:00, run_after=2021-01-01 00:00:00+00:00
[2025-03-28T18:34:40.704+0000] {processor.py:208} INFO - Processing /usr/local/python/3.12.1/lib/python3.12/site-packages/airflow/example_dags/example_trigger_controller_dag.py took 0.050 seconds
[2025-03-28T18:35:30.742+0000] {processor.py:186} INFO - Started process (PID=15197) to work on /usr/local/python/3.12.1/lib/python3.12/site-packages/airflow/example_dags/example_trigger_controller_dag.py
[2025-03-28T18:35:30.743+0000] {processor.py:914} INFO - Processing file /usr/local/python/3.12.1/lib/python3.12/site-packages/airflow/example_dags/example_trigger_controller_dag.py for tasks to queue
[2025-03-28T18:35:30.744+0000] {logging_mixin.py:190} INFO - [2025-03-28T18:35:30.744+0000] {dagbag.py:588} INFO - Filling up the DagBag from /usr/local/python/3.12.1/lib/python3.12/site-packages/airflow/example_dags/example_trigger_controller_dag.py
[2025-03-28T18:35:30.749+0000] {processor.py:925} INFO - DAG(s) 'example_trigger_controller_dag' retrieved from /usr/local/python/3.12.1/lib/python3.12/site-packages/airflow/example_dags/example_trigger_controller_dag.py
[2025-03-28T18:35:30.759+0000] {logging_mixin.py:190} INFO - [2025-03-28T18:35:30.759+0000] {dag.py:3239} INFO - Sync 1 DAGs
[2025-03-28T18:35:30.774+0000] {logging_mixin.py:190} INFO - [2025-03-28T18:35:30.773+0000] {dag.py:4180} INFO - Setting next_dagrun for example_trigger_controller_dag to 2021-01-01 00:00:00+00:00, run_after=2021-01-01 00:00:00+00:00
[2025-03-28T18:35:30.788+0000] {processor.py:208} INFO - Processing /usr/local/python/3.12.1/lib/python3.12/site-packages/airflow/example_dags/example_trigger_controller_dag.py took 0.049 seconds
[2025-03-28T18:36:19.874+0000] {processor.py:186} INFO - Started process (PID=15635) to work on /usr/local/python/3.12.1/lib/python3.12/site-packages/airflow/example_dags/example_trigger_controller_dag.py
[2025-03-28T18:36:19.875+0000] {processor.py:914} INFO - Processing file /usr/local/python/3.12.1/lib/python3.12/site-packages/airflow/example_dags/example_trigger_controller_dag.py for tasks to queue
[2025-03-28T18:36:19.876+0000] {logging_mixin.py:190} INFO - [2025-03-28T18:36:19.876+0000] {dagbag.py:588} INFO - Filling up the DagBag from /usr/local/python/3.12.1/lib/python3.12/site-packages/airflow/example_dags/example_trigger_controller_dag.py
[2025-03-28T18:36:19.881+0000] {processor.py:925} INFO - DAG(s) 'example_trigger_controller_dag' retrieved from /usr/local/python/3.12.1/lib/python3.12/site-packages/airflow/example_dags/example_trigger_controller_dag.py
[2025-03-28T18:36:19.891+0000] {logging_mixin.py:190} INFO - [2025-03-28T18:36:19.891+0000] {dag.py:3239} INFO - Sync 1 DAGs
[2025-03-28T18:36:19.905+0000] {logging_mixin.py:190} INFO - [2025-03-28T18:36:19.905+0000] {dag.py:4180} INFO - Setting next_dagrun for example_trigger_controller_dag to 2021-01-01 00:00:00+00:00, run_after=2021-01-01 00:00:00+00:00
[2025-03-28T18:36:19.920+0000] {processor.py:208} INFO - Processing /usr/local/python/3.12.1/lib/python3.12/site-packages/airflow/example_dags/example_trigger_controller_dag.py took 0.050 seconds
[2025-03-28T18:37:37.266+0000] {processor.py:186} INFO - Started process (PID=16603) to work on /usr/local/python/3.12.1/lib/python3.12/site-packages/airflow/example_dags/example_trigger_controller_dag.py
[2025-03-28T18:37:37.267+0000] {processor.py:914} INFO - Processing file /usr/local/python/3.12.1/lib/python3.12/site-packages/airflow/example_dags/example_trigger_controller_dag.py for tasks to queue
[2025-03-28T18:37:37.268+0000] {logging_mixin.py:190} INFO - [2025-03-28T18:37:37.268+0000] {dagbag.py:588} INFO - Filling up the DagBag from /usr/local/python/3.12.1/lib/python3.12/site-packages/airflow/example_dags/example_trigger_controller_dag.py
[2025-03-28T18:37:37.273+0000] {processor.py:925} INFO - DAG(s) 'example_trigger_controller_dag' retrieved from /usr/local/python/3.12.1/lib/python3.12/site-packages/airflow/example_dags/example_trigger_controller_dag.py
[2025-03-28T18:37:37.284+0000] {logging_mixin.py:190} INFO - [2025-03-28T18:37:37.284+0000] {dag.py:3239} INFO - Sync 1 DAGs
[2025-03-28T18:37:37.298+0000] {logging_mixin.py:190} INFO - [2025-03-28T18:37:37.298+0000] {dag.py:4180} INFO - Setting next_dagrun for example_trigger_controller_dag to 2021-01-01 00:00:00+00:00, run_after=2021-01-01 00:00:00+00:00
[2025-03-28T18:37:37.312+0000] {processor.py:208} INFO - Processing /usr/local/python/3.12.1/lib/python3.12/site-packages/airflow/example_dags/example_trigger_controller_dag.py took 0.050 seconds
[2025-03-28T18:38:30.394+0000] {processor.py:186} INFO - Started process (PID=17058) to work on /usr/local/python/3.12.1/lib/python3.12/site-packages/airflow/example_dags/example_trigger_controller_dag.py
[2025-03-28T18:38:30.395+0000] {processor.py:914} INFO - Processing file /usr/local/python/3.12.1/lib/python3.12/site-packages/airflow/example_dags/example_trigger_controller_dag.py for tasks to queue
[2025-03-28T18:38:30.396+0000] {logging_mixin.py:190} INFO - [2025-03-28T18:38:30.396+0000] {dagbag.py:588} INFO - Filling up the DagBag from /usr/local/python/3.12.1/lib/python3.12/site-packages/airflow/example_dags/example_trigger_controller_dag.py
[2025-03-28T18:38:30.401+0000] {processor.py:925} INFO - DAG(s) 'example_trigger_controller_dag' retrieved from /usr/local/python/3.12.1/lib/python3.12/site-packages/airflow/example_dags/example_trigger_controller_dag.py
[2025-03-28T18:38:30.411+0000] {logging_mixin.py:190} INFO - [2025-03-28T18:38:30.411+0000] {dag.py:3239} INFO - Sync 1 DAGs
[2025-03-28T18:38:30.426+0000] {logging_mixin.py:190} INFO - [2025-03-28T18:38:30.425+0000] {dag.py:4180} INFO - Setting next_dagrun for example_trigger_controller_dag to 2021-01-01 00:00:00+00:00, run_after=2021-01-01 00:00:00+00:00
[2025-03-28T18:38:30.440+0000] {processor.py:208} INFO - Processing /usr/local/python/3.12.1/lib/python3.12/site-packages/airflow/example_dags/example_trigger_controller_dag.py took 0.050 seconds
[2025-03-28T18:39:22.757+0000] {processor.py:186} INFO - Started process (PID=17495) to work on /usr/local/python/3.12.1/lib/python3.12/site-packages/airflow/example_dags/example_trigger_controller_dag.py
[2025-03-28T18:39:22.758+0000] {processor.py:914} INFO - Processing file /usr/local/python/3.12.1/lib/python3.12/site-packages/airflow/example_dags/example_trigger_controller_dag.py for tasks to queue
[2025-03-28T18:39:22.759+0000] {logging_mixin.py:190} INFO - [2025-03-28T18:39:22.759+0000] {dagbag.py:588} INFO - Filling up the DagBag from /usr/local/python/3.12.1/lib/python3.12/site-packages/airflow/example_dags/example_trigger_controller_dag.py
[2025-03-28T18:39:22.764+0000] {processor.py:925} INFO - DAG(s) 'example_trigger_controller_dag' retrieved from /usr/local/python/3.12.1/lib/python3.12/site-packages/airflow/example_dags/example_trigger_controller_dag.py
[2025-03-28T18:39:22.775+0000] {logging_mixin.py:190} INFO - [2025-03-28T18:39:22.775+0000] {dag.py:3239} INFO - Sync 1 DAGs
[2025-03-28T18:39:22.789+0000] {logging_mixin.py:190} INFO - [2025-03-28T18:39:22.789+0000] {dag.py:4180} INFO - Setting next_dagrun for example_trigger_controller_dag to 2021-01-01 00:00:00+00:00, run_after=2021-01-01 00:00:00+00:00
[2025-03-28T18:39:22.804+0000] {processor.py:208} INFO - Processing /usr/local/python/3.12.1/lib/python3.12/site-packages/airflow/example_dags/example_trigger_controller_dag.py took 0.051 seconds
[2025-03-28T18:40:25.691+0000] {processor.py:186} INFO - Started process (PID=18229) to work on /usr/local/python/3.12.1/lib/python3.12/site-packages/airflow/example_dags/example_trigger_controller_dag.py
[2025-03-28T18:40:25.691+0000] {processor.py:914} INFO - Processing file /usr/local/python/3.12.1/lib/python3.12/site-packages/airflow/example_dags/example_trigger_controller_dag.py for tasks to queue
[2025-03-28T18:40:25.693+0000] {logging_mixin.py:190} INFO - [2025-03-28T18:40:25.692+0000] {dagbag.py:588} INFO - Filling up the DagBag from /usr/local/python/3.12.1/lib/python3.12/site-packages/airflow/example_dags/example_trigger_controller_dag.py
[2025-03-28T18:40:25.698+0000] {processor.py:925} INFO - DAG(s) 'example_trigger_controller_dag' retrieved from /usr/local/python/3.12.1/lib/python3.12/site-packages/airflow/example_dags/example_trigger_controller_dag.py
[2025-03-28T18:40:25.709+0000] {logging_mixin.py:190} INFO - [2025-03-28T18:40:25.709+0000] {dag.py:3239} INFO - Sync 1 DAGs
[2025-03-28T18:40:25.724+0000] {logging_mixin.py:190} INFO - [2025-03-28T18:40:25.723+0000] {dag.py:4180} INFO - Setting next_dagrun for example_trigger_controller_dag to 2021-01-01 00:00:00+00:00, run_after=2021-01-01 00:00:00+00:00
[2025-03-28T18:40:25.738+0000] {processor.py:208} INFO - Processing /usr/local/python/3.12.1/lib/python3.12/site-packages/airflow/example_dags/example_trigger_controller_dag.py took 0.051 seconds
[2025-03-28T18:41:17.701+0000] {processor.py:186} INFO - Started process (PID=18789) to work on /usr/local/python/3.12.1/lib/python3.12/site-packages/airflow/example_dags/example_trigger_controller_dag.py
[2025-03-28T18:41:17.701+0000] {processor.py:914} INFO - Processing file /usr/local/python/3.12.1/lib/python3.12/site-packages/airflow/example_dags/example_trigger_controller_dag.py for tasks to queue
[2025-03-28T18:41:17.703+0000] {logging_mixin.py:190} INFO - [2025-03-28T18:41:17.702+0000] {dagbag.py:588} INFO - Filling up the DagBag from /usr/local/python/3.12.1/lib/python3.12/site-packages/airflow/example_dags/example_trigger_controller_dag.py
[2025-03-28T18:41:17.708+0000] {processor.py:925} INFO - DAG(s) 'example_trigger_controller_dag' retrieved from /usr/local/python/3.12.1/lib/python3.12/site-packages/airflow/example_dags/example_trigger_controller_dag.py
[2025-03-28T18:41:17.721+0000] {logging_mixin.py:190} INFO - [2025-03-28T18:41:17.721+0000] {dag.py:3239} INFO - Sync 1 DAGs
[2025-03-28T18:41:17.736+0000] {logging_mixin.py:190} INFO - [2025-03-28T18:41:17.736+0000] {dag.py:4180} INFO - Setting next_dagrun for example_trigger_controller_dag to 2021-01-01 00:00:00+00:00, run_after=2021-01-01 00:00:00+00:00
[2025-03-28T18:41:17.751+0000] {processor.py:208} INFO - Processing /usr/local/python/3.12.1/lib/python3.12/site-packages/airflow/example_dags/example_trigger_controller_dag.py took 0.054 seconds
[2025-03-28T18:42:15.475+0000] {processor.py:186} INFO - Started process (PID=19319) to work on /usr/local/python/3.12.1/lib/python3.12/site-packages/airflow/example_dags/example_trigger_controller_dag.py
[2025-03-28T18:42:15.475+0000] {processor.py:914} INFO - Processing file /usr/local/python/3.12.1/lib/python3.12/site-packages/airflow/example_dags/example_trigger_controller_dag.py for tasks to queue
[2025-03-28T18:42:15.477+0000] {logging_mixin.py:190} INFO - [2025-03-28T18:42:15.477+0000] {dagbag.py:588} INFO - Filling up the DagBag from /usr/local/python/3.12.1/lib/python3.12/site-packages/airflow/example_dags/example_trigger_controller_dag.py
[2025-03-28T18:42:15.482+0000] {processor.py:925} INFO - DAG(s) 'example_trigger_controller_dag' retrieved from /usr/local/python/3.12.1/lib/python3.12/site-packages/airflow/example_dags/example_trigger_controller_dag.py
[2025-03-28T18:42:15.492+0000] {logging_mixin.py:190} INFO - [2025-03-28T18:42:15.492+0000] {dag.py:3239} INFO - Sync 1 DAGs
[2025-03-28T18:42:15.508+0000] {logging_mixin.py:190} INFO - [2025-03-28T18:42:15.508+0000] {dag.py:4180} INFO - Setting next_dagrun for example_trigger_controller_dag to 2021-01-01 00:00:00+00:00, run_after=2021-01-01 00:00:00+00:00
[2025-03-28T18:42:15.527+0000] {processor.py:208} INFO - Processing /usr/local/python/3.12.1/lib/python3.12/site-packages/airflow/example_dags/example_trigger_controller_dag.py took 0.056 seconds
[2025-03-28T18:43:10.139+0000] {processor.py:186} INFO - Started process (PID=19803) to work on /usr/local/python/3.12.1/lib/python3.12/site-packages/airflow/example_dags/example_trigger_controller_dag.py
[2025-03-28T18:43:10.140+0000] {processor.py:914} INFO - Processing file /usr/local/python/3.12.1/lib/python3.12/site-packages/airflow/example_dags/example_trigger_controller_dag.py for tasks to queue
[2025-03-28T18:43:10.142+0000] {logging_mixin.py:190} INFO - [2025-03-28T18:43:10.142+0000] {dagbag.py:588} INFO - Filling up the DagBag from /usr/local/python/3.12.1/lib/python3.12/site-packages/airflow/example_dags/example_trigger_controller_dag.py
[2025-03-28T18:43:10.149+0000] {processor.py:925} INFO - DAG(s) 'example_trigger_controller_dag' retrieved from /usr/local/python/3.12.1/lib/python3.12/site-packages/airflow/example_dags/example_trigger_controller_dag.py
[2025-03-28T18:43:10.160+0000] {logging_mixin.py:190} INFO - [2025-03-28T18:43:10.160+0000] {dag.py:3239} INFO - Sync 1 DAGs
[2025-03-28T18:43:10.176+0000] {logging_mixin.py:190} INFO - [2025-03-28T18:43:10.175+0000] {dag.py:4180} INFO - Setting next_dagrun for example_trigger_controller_dag to 2021-01-01 00:00:00+00:00, run_after=2021-01-01 00:00:00+00:00
[2025-03-28T18:43:10.195+0000] {processor.py:208} INFO - Processing /usr/local/python/3.12.1/lib/python3.12/site-packages/airflow/example_dags/example_trigger_controller_dag.py took 0.060 seconds
[2025-03-28T18:44:04.032+0000] {processor.py:186} INFO - Started process (PID=20287) to work on /usr/local/python/3.12.1/lib/python3.12/site-packages/airflow/example_dags/example_trigger_controller_dag.py
[2025-03-28T18:44:04.032+0000] {processor.py:914} INFO - Processing file /usr/local/python/3.12.1/lib/python3.12/site-packages/airflow/example_dags/example_trigger_controller_dag.py for tasks to queue
[2025-03-28T18:44:04.033+0000] {logging_mixin.py:190} INFO - [2025-03-28T18:44:04.033+0000] {dagbag.py:588} INFO - Filling up the DagBag from /usr/local/python/3.12.1/lib/python3.12/site-packages/airflow/example_dags/example_trigger_controller_dag.py
[2025-03-28T18:44:04.039+0000] {processor.py:925} INFO - DAG(s) 'example_trigger_controller_dag' retrieved from /usr/local/python/3.12.1/lib/python3.12/site-packages/airflow/example_dags/example_trigger_controller_dag.py
[2025-03-28T18:44:04.051+0000] {logging_mixin.py:190} INFO - [2025-03-28T18:44:04.051+0000] {dag.py:3239} INFO - Sync 1 DAGs
[2025-03-28T18:44:04.070+0000] {logging_mixin.py:190} INFO - [2025-03-28T18:44:04.070+0000] {dag.py:4180} INFO - Setting next_dagrun for example_trigger_controller_dag to 2021-01-01 00:00:00+00:00, run_after=2021-01-01 00:00:00+00:00
[2025-03-28T18:44:04.085+0000] {processor.py:208} INFO - Processing /usr/local/python/3.12.1/lib/python3.12/site-packages/airflow/example_dags/example_trigger_controller_dag.py took 0.057 seconds
[2025-03-28T18:44:59.689+0000] {processor.py:186} INFO - Started process (PID=20773) to work on /usr/local/python/3.12.1/lib/python3.12/site-packages/airflow/example_dags/example_trigger_controller_dag.py
[2025-03-28T18:44:59.690+0000] {processor.py:914} INFO - Processing file /usr/local/python/3.12.1/lib/python3.12/site-packages/airflow/example_dags/example_trigger_controller_dag.py for tasks to queue
[2025-03-28T18:44:59.691+0000] {logging_mixin.py:190} INFO - [2025-03-28T18:44:59.691+0000] {dagbag.py:588} INFO - Filling up the DagBag from /usr/local/python/3.12.1/lib/python3.12/site-packages/airflow/example_dags/example_trigger_controller_dag.py
[2025-03-28T18:44:59.696+0000] {processor.py:925} INFO - DAG(s) 'example_trigger_controller_dag' retrieved from /usr/local/python/3.12.1/lib/python3.12/site-packages/airflow/example_dags/example_trigger_controller_dag.py
[2025-03-28T18:44:59.706+0000] {logging_mixin.py:190} INFO - [2025-03-28T18:44:59.706+0000] {dag.py:3239} INFO - Sync 1 DAGs
[2025-03-28T18:44:59.721+0000] {logging_mixin.py:190} INFO - [2025-03-28T18:44:59.721+0000] {dag.py:4180} INFO - Setting next_dagrun for example_trigger_controller_dag to 2021-01-01 00:00:00+00:00, run_after=2021-01-01 00:00:00+00:00
[2025-03-28T18:44:59.735+0000] {processor.py:208} INFO - Processing /usr/local/python/3.12.1/lib/python3.12/site-packages/airflow/example_dags/example_trigger_controller_dag.py took 0.050 seconds
[2025-03-28T18:45:53.323+0000] {processor.py:186} INFO - Started process (PID=21262) to work on /usr/local/python/3.12.1/lib/python3.12/site-packages/airflow/example_dags/example_trigger_controller_dag.py
[2025-03-28T18:45:53.323+0000] {processor.py:914} INFO - Processing file /usr/local/python/3.12.1/lib/python3.12/site-packages/airflow/example_dags/example_trigger_controller_dag.py for tasks to queue
[2025-03-28T18:45:53.325+0000] {logging_mixin.py:190} INFO - [2025-03-28T18:45:53.324+0000] {dagbag.py:588} INFO - Filling up the DagBag from /usr/local/python/3.12.1/lib/python3.12/site-packages/airflow/example_dags/example_trigger_controller_dag.py
[2025-03-28T18:45:53.330+0000] {processor.py:925} INFO - DAG(s) 'example_trigger_controller_dag' retrieved from /usr/local/python/3.12.1/lib/python3.12/site-packages/airflow/example_dags/example_trigger_controller_dag.py
[2025-03-28T18:45:53.343+0000] {logging_mixin.py:190} INFO - [2025-03-28T18:45:53.343+0000] {dag.py:3239} INFO - Sync 1 DAGs
[2025-03-28T18:45:53.360+0000] {logging_mixin.py:190} INFO - [2025-03-28T18:45:53.360+0000] {dag.py:4180} INFO - Setting next_dagrun for example_trigger_controller_dag to 2021-01-01 00:00:00+00:00, run_after=2021-01-01 00:00:00+00:00
[2025-03-28T18:45:53.376+0000] {processor.py:208} INFO - Processing /usr/local/python/3.12.1/lib/python3.12/site-packages/airflow/example_dags/example_trigger_controller_dag.py took 0.057 seconds
[2025-03-28T18:46:46.416+0000] {processor.py:186} INFO - Started process (PID=21726) to work on /usr/local/python/3.12.1/lib/python3.12/site-packages/airflow/example_dags/example_trigger_controller_dag.py
[2025-03-28T18:46:46.416+0000] {processor.py:914} INFO - Processing file /usr/local/python/3.12.1/lib/python3.12/site-packages/airflow/example_dags/example_trigger_controller_dag.py for tasks to queue
[2025-03-28T18:46:46.418+0000] {logging_mixin.py:190} INFO - [2025-03-28T18:46:46.418+0000] {dagbag.py:588} INFO - Filling up the DagBag from /usr/local/python/3.12.1/lib/python3.12/site-packages/airflow/example_dags/example_trigger_controller_dag.py
[2025-03-28T18:46:46.424+0000] {processor.py:925} INFO - DAG(s) 'example_trigger_controller_dag' retrieved from /usr/local/python/3.12.1/lib/python3.12/site-packages/airflow/example_dags/example_trigger_controller_dag.py
[2025-03-28T18:46:46.436+0000] {logging_mixin.py:190} INFO - [2025-03-28T18:46:46.435+0000] {dag.py:3239} INFO - Sync 1 DAGs
[2025-03-28T18:46:46.452+0000] {logging_mixin.py:190} INFO - [2025-03-28T18:46:46.452+0000] {dag.py:4180} INFO - Setting next_dagrun for example_trigger_controller_dag to 2021-01-01 00:00:00+00:00, run_after=2021-01-01 00:00:00+00:00
[2025-03-28T18:46:46.466+0000] {processor.py:208} INFO - Processing /usr/local/python/3.12.1/lib/python3.12/site-packages/airflow/example_dags/example_trigger_controller_dag.py took 0.054 seconds
[2025-03-28T18:47:38.812+0000] {processor.py:186} INFO - Started process (PID=22162) to work on /usr/local/python/3.12.1/lib/python3.12/site-packages/airflow/example_dags/example_trigger_controller_dag.py
[2025-03-28T18:47:38.813+0000] {processor.py:914} INFO - Processing file /usr/local/python/3.12.1/lib/python3.12/site-packages/airflow/example_dags/example_trigger_controller_dag.py for tasks to queue
[2025-03-28T18:47:38.813+0000] {logging_mixin.py:190} INFO - [2025-03-28T18:47:38.813+0000] {dagbag.py:588} INFO - Filling up the DagBag from /usr/local/python/3.12.1/lib/python3.12/site-packages/airflow/example_dags/example_trigger_controller_dag.py
[2025-03-28T18:47:38.819+0000] {processor.py:925} INFO - DAG(s) 'example_trigger_controller_dag' retrieved from /usr/local/python/3.12.1/lib/python3.12/site-packages/airflow/example_dags/example_trigger_controller_dag.py
[2025-03-28T18:47:38.829+0000] {logging_mixin.py:190} INFO - [2025-03-28T18:47:38.829+0000] {dag.py:3239} INFO - Sync 1 DAGs
[2025-03-28T18:47:38.843+0000] {logging_mixin.py:190} INFO - [2025-03-28T18:47:38.843+0000] {dag.py:4180} INFO - Setting next_dagrun for example_trigger_controller_dag to 2021-01-01 00:00:00+00:00, run_after=2021-01-01 00:00:00+00:00
[2025-03-28T18:47:38.858+0000] {processor.py:208} INFO - Processing /usr/local/python/3.12.1/lib/python3.12/site-packages/airflow/example_dags/example_trigger_controller_dag.py took 0.050 seconds
[2025-03-28T18:48:32.480+0000] {processor.py:186} INFO - Started process (PID=22607) to work on /usr/local/python/3.12.1/lib/python3.12/site-packages/airflow/example_dags/example_trigger_controller_dag.py
[2025-03-28T18:48:32.481+0000] {processor.py:914} INFO - Processing file /usr/local/python/3.12.1/lib/python3.12/site-packages/airflow/example_dags/example_trigger_controller_dag.py for tasks to queue
[2025-03-28T18:48:32.482+0000] {logging_mixin.py:190} INFO - [2025-03-28T18:48:32.481+0000] {dagbag.py:588} INFO - Filling up the DagBag from /usr/local/python/3.12.1/lib/python3.12/site-packages/airflow/example_dags/example_trigger_controller_dag.py
[2025-03-28T18:48:32.487+0000] {processor.py:925} INFO - DAG(s) 'example_trigger_controller_dag' retrieved from /usr/local/python/3.12.1/lib/python3.12/site-packages/airflow/example_dags/example_trigger_controller_dag.py
[2025-03-28T18:48:32.497+0000] {logging_mixin.py:190} INFO - [2025-03-28T18:48:32.496+0000] {dag.py:3239} INFO - Sync 1 DAGs
[2025-03-28T18:48:32.511+0000] {logging_mixin.py:190} INFO - [2025-03-28T18:48:32.511+0000] {dag.py:4180} INFO - Setting next_dagrun for example_trigger_controller_dag to 2021-01-01 00:00:00+00:00, run_after=2021-01-01 00:00:00+00:00
[2025-03-28T18:48:32.526+0000] {processor.py:208} INFO - Processing /usr/local/python/3.12.1/lib/python3.12/site-packages/airflow/example_dags/example_trigger_controller_dag.py took 0.050 seconds
[2025-03-28T18:49:27.933+0000] {processor.py:186} INFO - Started process (PID=23051) to work on /usr/local/python/3.12.1/lib/python3.12/site-packages/airflow/example_dags/example_trigger_controller_dag.py
[2025-03-28T18:49:27.934+0000] {processor.py:914} INFO - Processing file /usr/local/python/3.12.1/lib/python3.12/site-packages/airflow/example_dags/example_trigger_controller_dag.py for tasks to queue
[2025-03-28T18:49:27.935+0000] {logging_mixin.py:190} INFO - [2025-03-28T18:49:27.934+0000] {dagbag.py:588} INFO - Filling up the DagBag from /usr/local/python/3.12.1/lib/python3.12/site-packages/airflow/example_dags/example_trigger_controller_dag.py
[2025-03-28T18:49:27.940+0000] {processor.py:925} INFO - DAG(s) 'example_trigger_controller_dag' retrieved from /usr/local/python/3.12.1/lib/python3.12/site-packages/airflow/example_dags/example_trigger_controller_dag.py
[2025-03-28T18:49:27.951+0000] {logging_mixin.py:190} INFO - [2025-03-28T18:49:27.950+0000] {dag.py:3239} INFO - Sync 1 DAGs
[2025-03-28T18:49:27.966+0000] {logging_mixin.py:190} INFO - [2025-03-28T18:49:27.966+0000] {dag.py:4180} INFO - Setting next_dagrun for example_trigger_controller_dag to 2021-01-01 00:00:00+00:00, run_after=2021-01-01 00:00:00+00:00
[2025-03-28T18:49:27.981+0000] {processor.py:208} INFO - Processing /usr/local/python/3.12.1/lib/python3.12/site-packages/airflow/example_dags/example_trigger_controller_dag.py took 0.051 seconds
[2025-03-28T18:50:24.620+0000] {processor.py:186} INFO - Started process (PID=23514) to work on /usr/local/python/3.12.1/lib/python3.12/site-packages/airflow/example_dags/example_trigger_controller_dag.py
[2025-03-28T18:50:24.621+0000] {processor.py:914} INFO - Processing file /usr/local/python/3.12.1/lib/python3.12/site-packages/airflow/example_dags/example_trigger_controller_dag.py for tasks to queue
[2025-03-28T18:50:24.622+0000] {logging_mixin.py:190} INFO - [2025-03-28T18:50:24.622+0000] {dagbag.py:588} INFO - Filling up the DagBag from /usr/local/python/3.12.1/lib/python3.12/site-packages/airflow/example_dags/example_trigger_controller_dag.py
[2025-03-28T18:50:24.627+0000] {processor.py:925} INFO - DAG(s) 'example_trigger_controller_dag' retrieved from /usr/local/python/3.12.1/lib/python3.12/site-packages/airflow/example_dags/example_trigger_controller_dag.py
[2025-03-28T18:50:24.637+0000] {logging_mixin.py:190} INFO - [2025-03-28T18:50:24.637+0000] {dag.py:3239} INFO - Sync 1 DAGs
[2025-03-28T18:50:24.652+0000] {logging_mixin.py:190} INFO - [2025-03-28T18:50:24.652+0000] {dag.py:4180} INFO - Setting next_dagrun for example_trigger_controller_dag to 2021-01-01 00:00:00+00:00, run_after=2021-01-01 00:00:00+00:00
[2025-03-28T18:50:24.667+0000] {processor.py:208} INFO - Processing /usr/local/python/3.12.1/lib/python3.12/site-packages/airflow/example_dags/example_trigger_controller_dag.py took 0.050 seconds
[2025-03-28T18:52:13.820+0000] {processor.py:186} INFO - Started process (PID=24522) to work on /usr/local/python/3.12.1/lib/python3.12/site-packages/airflow/example_dags/example_trigger_controller_dag.py
[2025-03-28T18:52:13.820+0000] {processor.py:914} INFO - Processing file /usr/local/python/3.12.1/lib/python3.12/site-packages/airflow/example_dags/example_trigger_controller_dag.py for tasks to queue
[2025-03-28T18:52:13.821+0000] {logging_mixin.py:190} INFO - [2025-03-28T18:52:13.821+0000] {dagbag.py:588} INFO - Filling up the DagBag from /usr/local/python/3.12.1/lib/python3.12/site-packages/airflow/example_dags/example_trigger_controller_dag.py
[2025-03-28T18:52:13.826+0000] {processor.py:925} INFO - DAG(s) 'example_trigger_controller_dag' retrieved from /usr/local/python/3.12.1/lib/python3.12/site-packages/airflow/example_dags/example_trigger_controller_dag.py
[2025-03-28T18:52:13.837+0000] {logging_mixin.py:190} INFO - [2025-03-28T18:52:13.836+0000] {dag.py:3239} INFO - Sync 1 DAGs
[2025-03-28T18:52:13.851+0000] {logging_mixin.py:190} INFO - [2025-03-28T18:52:13.851+0000] {dag.py:4180} INFO - Setting next_dagrun for example_trigger_controller_dag to 2021-01-01 00:00:00+00:00, run_after=2021-01-01 00:00:00+00:00
[2025-03-28T18:52:13.866+0000] {processor.py:208} INFO - Processing /usr/local/python/3.12.1/lib/python3.12/site-packages/airflow/example_dags/example_trigger_controller_dag.py took 0.050 seconds
[2025-03-28T18:54:44.481+0000] {processor.py:186} INFO - Started process (PID=26009) to work on /usr/local/python/3.12.1/lib/python3.12/site-packages/airflow/example_dags/example_trigger_controller_dag.py
[2025-03-28T18:54:44.482+0000] {processor.py:914} INFO - Processing file /usr/local/python/3.12.1/lib/python3.12/site-packages/airflow/example_dags/example_trigger_controller_dag.py for tasks to queue
[2025-03-28T18:54:44.483+0000] {logging_mixin.py:190} INFO - [2025-03-28T18:54:44.483+0000] {dagbag.py:588} INFO - Filling up the DagBag from /usr/local/python/3.12.1/lib/python3.12/site-packages/airflow/example_dags/example_trigger_controller_dag.py
[2025-03-28T18:54:44.488+0000] {processor.py:925} INFO - DAG(s) 'example_trigger_controller_dag' retrieved from /usr/local/python/3.12.1/lib/python3.12/site-packages/airflow/example_dags/example_trigger_controller_dag.py
[2025-03-28T18:54:44.498+0000] {logging_mixin.py:190} INFO - [2025-03-28T18:54:44.498+0000] {dag.py:3239} INFO - Sync 1 DAGs
[2025-03-28T18:54:44.513+0000] {logging_mixin.py:190} INFO - [2025-03-28T18:54:44.512+0000] {dag.py:4180} INFO - Setting next_dagrun for example_trigger_controller_dag to 2021-01-01 00:00:00+00:00, run_after=2021-01-01 00:00:00+00:00
[2025-03-28T18:54:44.527+0000] {processor.py:208} INFO - Processing /usr/local/python/3.12.1/lib/python3.12/site-packages/airflow/example_dags/example_trigger_controller_dag.py took 0.049 seconds
[2025-03-28T18:57:19.876+0000] {processor.py:186} INFO - Started process (PID=27666) to work on /usr/local/python/3.12.1/lib/python3.12/site-packages/airflow/example_dags/example_trigger_controller_dag.py
[2025-03-28T18:57:19.876+0000] {processor.py:914} INFO - Processing file /usr/local/python/3.12.1/lib/python3.12/site-packages/airflow/example_dags/example_trigger_controller_dag.py for tasks to queue
[2025-03-28T18:57:19.877+0000] {logging_mixin.py:190} INFO - [2025-03-28T18:57:19.877+0000] {dagbag.py:588} INFO - Filling up the DagBag from /usr/local/python/3.12.1/lib/python3.12/site-packages/airflow/example_dags/example_trigger_controller_dag.py
[2025-03-28T18:57:19.882+0000] {processor.py:925} INFO - DAG(s) 'example_trigger_controller_dag' retrieved from /usr/local/python/3.12.1/lib/python3.12/site-packages/airflow/example_dags/example_trigger_controller_dag.py
[2025-03-28T18:57:19.893+0000] {logging_mixin.py:190} INFO - [2025-03-28T18:57:19.893+0000] {dag.py:3239} INFO - Sync 1 DAGs
[2025-03-28T18:57:19.908+0000] {logging_mixin.py:190} INFO - [2025-03-28T18:57:19.908+0000] {dag.py:4180} INFO - Setting next_dagrun for example_trigger_controller_dag to 2021-01-01 00:00:00+00:00, run_after=2021-01-01 00:00:00+00:00
[2025-03-28T18:57:19.922+0000] {processor.py:208} INFO - Processing /usr/local/python/3.12.1/lib/python3.12/site-packages/airflow/example_dags/example_trigger_controller_dag.py took 0.051 seconds
[2025-03-28T18:59:54.374+0000] {processor.py:186} INFO - Started process (PID=29276) to work on /usr/local/python/3.12.1/lib/python3.12/site-packages/airflow/example_dags/example_trigger_controller_dag.py
[2025-03-28T18:59:54.374+0000] {processor.py:914} INFO - Processing file /usr/local/python/3.12.1/lib/python3.12/site-packages/airflow/example_dags/example_trigger_controller_dag.py for tasks to queue
[2025-03-28T18:59:54.375+0000] {logging_mixin.py:190} INFO - [2025-03-28T18:59:54.375+0000] {dagbag.py:588} INFO - Filling up the DagBag from /usr/local/python/3.12.1/lib/python3.12/site-packages/airflow/example_dags/example_trigger_controller_dag.py
[2025-03-28T18:59:54.380+0000] {processor.py:925} INFO - DAG(s) 'example_trigger_controller_dag' retrieved from /usr/local/python/3.12.1/lib/python3.12/site-packages/airflow/example_dags/example_trigger_controller_dag.py
[2025-03-28T18:59:54.391+0000] {logging_mixin.py:190} INFO - [2025-03-28T18:59:54.390+0000] {dag.py:3239} INFO - Sync 1 DAGs
[2025-03-28T18:59:54.407+0000] {logging_mixin.py:190} INFO - [2025-03-28T18:59:54.407+0000] {dag.py:4180} INFO - Setting next_dagrun for example_trigger_controller_dag to 2021-01-01 00:00:00+00:00, run_after=2021-01-01 00:00:00+00:00
[2025-03-28T18:59:54.422+0000] {processor.py:208} INFO - Processing /usr/local/python/3.12.1/lib/python3.12/site-packages/airflow/example_dags/example_trigger_controller_dag.py took 0.052 seconds
[2025-03-28T19:02:30.482+0000] {processor.py:186} INFO - Started process (PID=31190) to work on /usr/local/python/3.12.1/lib/python3.12/site-packages/airflow/example_dags/example_trigger_controller_dag.py
[2025-03-28T19:02:30.483+0000] {processor.py:914} INFO - Processing file /usr/local/python/3.12.1/lib/python3.12/site-packages/airflow/example_dags/example_trigger_controller_dag.py for tasks to queue
[2025-03-28T19:02:30.484+0000] {logging_mixin.py:190} INFO - [2025-03-28T19:02:30.483+0000] {dagbag.py:588} INFO - Filling up the DagBag from /usr/local/python/3.12.1/lib/python3.12/site-packages/airflow/example_dags/example_trigger_controller_dag.py
[2025-03-28T19:02:30.490+0000] {processor.py:925} INFO - DAG(s) 'example_trigger_controller_dag' retrieved from /usr/local/python/3.12.1/lib/python3.12/site-packages/airflow/example_dags/example_trigger_controller_dag.py
[2025-03-28T19:02:30.503+0000] {logging_mixin.py:190} INFO - [2025-03-28T19:02:30.503+0000] {dag.py:3239} INFO - Sync 1 DAGs
[2025-03-28T19:02:30.520+0000] {logging_mixin.py:190} INFO - [2025-03-28T19:02:30.519+0000] {dag.py:4180} INFO - Setting next_dagrun for example_trigger_controller_dag to 2021-01-01 00:00:00+00:00, run_after=2021-01-01 00:00:00+00:00
[2025-03-28T19:02:30.534+0000] {processor.py:208} INFO - Processing /usr/local/python/3.12.1/lib/python3.12/site-packages/airflow/example_dags/example_trigger_controller_dag.py took 0.056 seconds
