[2025-03-28T18:24:31.312+0000] {processor.py:186} INFO - Started process (PID=9342) to work on /usr/local/python/3.12.1/lib/python3.12/site-packages/airflow/example_dags/example_dynamic_task_mapping.py
[2025-03-28T18:24:31.312+0000] {processor.py:914} INFO - Processing file /usr/local/python/3.12.1/lib/python3.12/site-packages/airflow/example_dags/example_dynamic_task_mapping.py for tasks to queue
[2025-03-28T18:24:31.314+0000] {logging_mixin.py:190} INFO - [2025-03-28T18:24:31.314+0000] {dagbag.py:588} INFO - Filling up the DagBag from /usr/local/python/3.12.1/lib/python3.12/site-packages/airflow/example_dags/example_dynamic_task_mapping.py
[2025-03-28T18:24:31.320+0000] {processor.py:925} INFO - DAG(s) 'example_dynamic_task_mapping' retrieved from /usr/local/python/3.12.1/lib/python3.12/site-packages/airflow/example_dags/example_dynamic_task_mapping.py
[2025-03-28T18:24:31.408+0000] {logging_mixin.py:190} INFO - [2025-03-28T18:24:31.408+0000] {override.py:1930} INFO - Created Permission View: can edit on DAG:example_dynamic_task_mapping
[2025-03-28T18:24:31.419+0000] {logging_mixin.py:190} INFO - [2025-03-28T18:24:31.418+0000] {override.py:1930} INFO - Created Permission View: can delete on DAG:example_dynamic_task_mapping
[2025-03-28T18:24:31.425+0000] {logging_mixin.py:190} INFO - [2025-03-28T18:24:31.424+0000] {override.py:1930} INFO - Created Permission View: can read on DAG:example_dynamic_task_mapping
[2025-03-28T18:24:31.434+0000] {logging_mixin.py:190} INFO - [2025-03-28T18:24:31.434+0000] {override.py:1930} INFO - Created Permission View: menu access on DAG Run:example_dynamic_task_mapping
[2025-03-28T18:24:31.440+0000] {logging_mixin.py:190} INFO - [2025-03-28T18:24:31.439+0000] {override.py:1930} INFO - Created Permission View: can create on DAG Run:example_dynamic_task_mapping
[2025-03-28T18:24:31.445+0000] {logging_mixin.py:190} INFO - [2025-03-28T18:24:31.445+0000] {override.py:1930} INFO - Created Permission View: can delete on DAG Run:example_dynamic_task_mapping
[2025-03-28T18:24:31.451+0000] {logging_mixin.py:190} INFO - [2025-03-28T18:24:31.450+0000] {override.py:1930} INFO - Created Permission View: can read on DAG Run:example_dynamic_task_mapping
[2025-03-28T18:24:31.451+0000] {logging_mixin.py:190} INFO - [2025-03-28T18:24:31.451+0000] {dag.py:3239} INFO - Sync 1 DAGs
[2025-03-28T18:24:31.459+0000] {logging_mixin.py:190} INFO - [2025-03-28T18:24:31.459+0000] {dag.py:3262} INFO - Creating ORM DAG for example_dynamic_task_mapping
[2025-03-28T18:24:31.460+0000] {logging_mixin.py:190} INFO - [2025-03-28T18:24:31.460+0000] {dag.py:4180} INFO - Setting next_dagrun for example_dynamic_task_mapping to None, run_after=None
[2025-03-28T18:24:31.473+0000] {processor.py:208} INFO - Processing /usr/local/python/3.12.1/lib/python3.12/site-packages/airflow/example_dags/example_dynamic_task_mapping.py took 0.165 seconds
[2025-03-28T18:25:27.548+0000] {processor.py:186} INFO - Started process (PID=9848) to work on /usr/local/python/3.12.1/lib/python3.12/site-packages/airflow/example_dags/example_dynamic_task_mapping.py
[2025-03-28T18:25:27.549+0000] {processor.py:914} INFO - Processing file /usr/local/python/3.12.1/lib/python3.12/site-packages/airflow/example_dags/example_dynamic_task_mapping.py for tasks to queue
[2025-03-28T18:25:27.550+0000] {logging_mixin.py:190} INFO - [2025-03-28T18:25:27.550+0000] {dagbag.py:588} INFO - Filling up the DagBag from /usr/local/python/3.12.1/lib/python3.12/site-packages/airflow/example_dags/example_dynamic_task_mapping.py
[2025-03-28T18:25:27.556+0000] {processor.py:925} INFO - DAG(s) 'example_dynamic_task_mapping' retrieved from /usr/local/python/3.12.1/lib/python3.12/site-packages/airflow/example_dags/example_dynamic_task_mapping.py
[2025-03-28T18:25:27.567+0000] {logging_mixin.py:190} INFO - [2025-03-28T18:25:27.567+0000] {dag.py:3239} INFO - Sync 1 DAGs
[2025-03-28T18:25:27.576+0000] {logging_mixin.py:190} INFO - [2025-03-28T18:25:27.576+0000] {dag.py:4180} INFO - Setting next_dagrun for example_dynamic_task_mapping to None, run_after=None
[2025-03-28T18:25:27.590+0000] {processor.py:208} INFO - Processing /usr/local/python/3.12.1/lib/python3.12/site-packages/airflow/example_dags/example_dynamic_task_mapping.py took 0.046 seconds
[2025-03-28T18:28:30.477+0000] {processor.py:186} INFO - Started process (PID=11539) to work on /usr/local/python/3.12.1/lib/python3.12/site-packages/airflow/example_dags/example_dynamic_task_mapping.py
[2025-03-28T18:28:30.478+0000] {processor.py:914} INFO - Processing file /usr/local/python/3.12.1/lib/python3.12/site-packages/airflow/example_dags/example_dynamic_task_mapping.py for tasks to queue
[2025-03-28T18:28:30.480+0000] {logging_mixin.py:190} INFO - [2025-03-28T18:28:30.479+0000] {dagbag.py:588} INFO - Filling up the DagBag from /usr/local/python/3.12.1/lib/python3.12/site-packages/airflow/example_dags/example_dynamic_task_mapping.py
[2025-03-28T18:28:30.486+0000] {processor.py:925} INFO - DAG(s) 'example_dynamic_task_mapping' retrieved from /usr/local/python/3.12.1/lib/python3.12/site-packages/airflow/example_dags/example_dynamic_task_mapping.py
[2025-03-28T18:28:30.496+0000] {logging_mixin.py:190} INFO - [2025-03-28T18:28:30.496+0000] {dag.py:3239} INFO - Sync 1 DAGs
[2025-03-28T18:28:30.506+0000] {logging_mixin.py:190} INFO - [2025-03-28T18:28:30.506+0000] {dag.py:4180} INFO - Setting next_dagrun for example_dynamic_task_mapping to None, run_after=None
[2025-03-28T18:28:30.521+0000] {processor.py:208} INFO - Processing /usr/local/python/3.12.1/lib/python3.12/site-packages/airflow/example_dags/example_dynamic_task_mapping.py took 0.047 seconds
[2025-03-28T18:29:24.722+0000] {processor.py:186} INFO - Started process (PID=11982) to work on /usr/local/python/3.12.1/lib/python3.12/site-packages/airflow/example_dags/example_dynamic_task_mapping.py
[2025-03-28T18:29:24.722+0000] {processor.py:914} INFO - Processing file /usr/local/python/3.12.1/lib/python3.12/site-packages/airflow/example_dags/example_dynamic_task_mapping.py for tasks to queue
[2025-03-28T18:29:24.724+0000] {logging_mixin.py:190} INFO - [2025-03-28T18:29:24.723+0000] {dagbag.py:588} INFO - Filling up the DagBag from /usr/local/python/3.12.1/lib/python3.12/site-packages/airflow/example_dags/example_dynamic_task_mapping.py
[2025-03-28T18:29:24.730+0000] {processor.py:925} INFO - DAG(s) 'example_dynamic_task_mapping' retrieved from /usr/local/python/3.12.1/lib/python3.12/site-packages/airflow/example_dags/example_dynamic_task_mapping.py
[2025-03-28T18:29:24.741+0000] {logging_mixin.py:190} INFO - [2025-03-28T18:29:24.740+0000] {dag.py:3239} INFO - Sync 1 DAGs
[2025-03-28T18:29:24.750+0000] {logging_mixin.py:190} INFO - [2025-03-28T18:29:24.750+0000] {dag.py:4180} INFO - Setting next_dagrun for example_dynamic_task_mapping to None, run_after=None
[2025-03-28T18:29:24.764+0000] {processor.py:208} INFO - Processing /usr/local/python/3.12.1/lib/python3.12/site-packages/airflow/example_dags/example_dynamic_task_mapping.py took 0.047 seconds
[2025-03-28T18:30:18.478+0000] {processor.py:186} INFO - Started process (PID=12444) to work on /usr/local/python/3.12.1/lib/python3.12/site-packages/airflow/example_dags/example_dynamic_task_mapping.py
[2025-03-28T18:30:18.479+0000] {processor.py:914} INFO - Processing file /usr/local/python/3.12.1/lib/python3.12/site-packages/airflow/example_dags/example_dynamic_task_mapping.py for tasks to queue
[2025-03-28T18:30:18.480+0000] {logging_mixin.py:190} INFO - [2025-03-28T18:30:18.480+0000] {dagbag.py:588} INFO - Filling up the DagBag from /usr/local/python/3.12.1/lib/python3.12/site-packages/airflow/example_dags/example_dynamic_task_mapping.py
[2025-03-28T18:30:18.486+0000] {processor.py:925} INFO - DAG(s) 'example_dynamic_task_mapping' retrieved from /usr/local/python/3.12.1/lib/python3.12/site-packages/airflow/example_dags/example_dynamic_task_mapping.py
[2025-03-28T18:30:18.497+0000] {logging_mixin.py:190} INFO - [2025-03-28T18:30:18.497+0000] {dag.py:3239} INFO - Sync 1 DAGs
[2025-03-28T18:30:18.506+0000] {logging_mixin.py:190} INFO - [2025-03-28T18:30:18.506+0000] {dag.py:4180} INFO - Setting next_dagrun for example_dynamic_task_mapping to None, run_after=None
[2025-03-28T18:30:18.520+0000] {processor.py:208} INFO - Processing /usr/local/python/3.12.1/lib/python3.12/site-packages/airflow/example_dags/example_dynamic_task_mapping.py took 0.046 seconds
[2025-03-28T18:31:30.276+0000] {processor.py:186} INFO - Started process (PID=13048) to work on /usr/local/python/3.12.1/lib/python3.12/site-packages/airflow/example_dags/example_dynamic_task_mapping.py
[2025-03-28T18:31:30.277+0000] {processor.py:914} INFO - Processing file /usr/local/python/3.12.1/lib/python3.12/site-packages/airflow/example_dags/example_dynamic_task_mapping.py for tasks to queue
[2025-03-28T18:31:30.278+0000] {logging_mixin.py:190} INFO - [2025-03-28T18:31:30.278+0000] {dagbag.py:588} INFO - Filling up the DagBag from /usr/local/python/3.12.1/lib/python3.12/site-packages/airflow/example_dags/example_dynamic_task_mapping.py
[2025-03-28T18:31:30.284+0000] {processor.py:925} INFO - DAG(s) 'example_dynamic_task_mapping' retrieved from /usr/local/python/3.12.1/lib/python3.12/site-packages/airflow/example_dags/example_dynamic_task_mapping.py
[2025-03-28T18:31:30.295+0000] {logging_mixin.py:190} INFO - [2025-03-28T18:31:30.294+0000] {dag.py:3239} INFO - Sync 1 DAGs
[2025-03-28T18:31:30.304+0000] {logging_mixin.py:190} INFO - [2025-03-28T18:31:30.304+0000] {dag.py:4180} INFO - Setting next_dagrun for example_dynamic_task_mapping to None, run_after=None
[2025-03-28T18:31:30.319+0000] {processor.py:208} INFO - Processing /usr/local/python/3.12.1/lib/python3.12/site-packages/airflow/example_dags/example_dynamic_task_mapping.py took 0.047 seconds
[2025-03-28T18:32:43.832+0000] {processor.py:186} INFO - Started process (PID=13775) to work on /usr/local/python/3.12.1/lib/python3.12/site-packages/airflow/example_dags/example_dynamic_task_mapping.py
[2025-03-28T18:32:43.833+0000] {processor.py:914} INFO - Processing file /usr/local/python/3.12.1/lib/python3.12/site-packages/airflow/example_dags/example_dynamic_task_mapping.py for tasks to queue
[2025-03-28T18:32:43.834+0000] {logging_mixin.py:190} INFO - [2025-03-28T18:32:43.834+0000] {dagbag.py:588} INFO - Filling up the DagBag from /usr/local/python/3.12.1/lib/python3.12/site-packages/airflow/example_dags/example_dynamic_task_mapping.py
[2025-03-28T18:32:43.841+0000] {processor.py:925} INFO - DAG(s) 'example_dynamic_task_mapping' retrieved from /usr/local/python/3.12.1/lib/python3.12/site-packages/airflow/example_dags/example_dynamic_task_mapping.py
[2025-03-28T18:32:43.852+0000] {logging_mixin.py:190} INFO - [2025-03-28T18:32:43.851+0000] {dag.py:3239} INFO - Sync 1 DAGs
[2025-03-28T18:32:43.861+0000] {logging_mixin.py:190} INFO - [2025-03-28T18:32:43.861+0000] {dag.py:4180} INFO - Setting next_dagrun for example_dynamic_task_mapping to None, run_after=None
[2025-03-28T18:32:43.875+0000] {processor.py:208} INFO - Processing /usr/local/python/3.12.1/lib/python3.12/site-packages/airflow/example_dags/example_dynamic_task_mapping.py took 0.047 seconds
[2025-03-28T18:33:58.246+0000] {processor.py:186} INFO - Started process (PID=14424) to work on /usr/local/python/3.12.1/lib/python3.12/site-packages/airflow/example_dags/example_dynamic_task_mapping.py
[2025-03-28T18:33:58.247+0000] {processor.py:914} INFO - Processing file /usr/local/python/3.12.1/lib/python3.12/site-packages/airflow/example_dags/example_dynamic_task_mapping.py for tasks to queue
[2025-03-28T18:33:58.248+0000] {logging_mixin.py:190} INFO - [2025-03-28T18:33:58.248+0000] {dagbag.py:588} INFO - Filling up the DagBag from /usr/local/python/3.12.1/lib/python3.12/site-packages/airflow/example_dags/example_dynamic_task_mapping.py
[2025-03-28T18:33:58.254+0000] {processor.py:925} INFO - DAG(s) 'example_dynamic_task_mapping' retrieved from /usr/local/python/3.12.1/lib/python3.12/site-packages/airflow/example_dags/example_dynamic_task_mapping.py
[2025-03-28T18:33:58.265+0000] {logging_mixin.py:190} INFO - [2025-03-28T18:33:58.265+0000] {dag.py:3239} INFO - Sync 1 DAGs
[2025-03-28T18:33:58.275+0000] {logging_mixin.py:190} INFO - [2025-03-28T18:33:58.275+0000] {dag.py:4180} INFO - Setting next_dagrun for example_dynamic_task_mapping to None, run_after=None
[2025-03-28T18:33:58.289+0000] {processor.py:208} INFO - Processing /usr/local/python/3.12.1/lib/python3.12/site-packages/airflow/example_dags/example_dynamic_task_mapping.py took 0.047 seconds
[2025-03-28T18:35:13.064+0000] {processor.py:186} INFO - Started process (PID=15043) to work on /usr/local/python/3.12.1/lib/python3.12/site-packages/airflow/example_dags/example_dynamic_task_mapping.py
[2025-03-28T18:35:13.064+0000] {processor.py:914} INFO - Processing file /usr/local/python/3.12.1/lib/python3.12/site-packages/airflow/example_dags/example_dynamic_task_mapping.py for tasks to queue
[2025-03-28T18:35:13.066+0000] {logging_mixin.py:190} INFO - [2025-03-28T18:35:13.065+0000] {dagbag.py:588} INFO - Filling up the DagBag from /usr/local/python/3.12.1/lib/python3.12/site-packages/airflow/example_dags/example_dynamic_task_mapping.py
[2025-03-28T18:35:13.072+0000] {processor.py:925} INFO - DAG(s) 'example_dynamic_task_mapping' retrieved from /usr/local/python/3.12.1/lib/python3.12/site-packages/airflow/example_dags/example_dynamic_task_mapping.py
[2025-03-28T18:35:13.083+0000] {logging_mixin.py:190} INFO - [2025-03-28T18:35:13.082+0000] {dag.py:3239} INFO - Sync 1 DAGs
[2025-03-28T18:35:13.093+0000] {logging_mixin.py:190} INFO - [2025-03-28T18:35:13.092+0000] {dag.py:4180} INFO - Setting next_dagrun for example_dynamic_task_mapping to None, run_after=None
[2025-03-28T18:35:13.108+0000] {processor.py:208} INFO - Processing /usr/local/python/3.12.1/lib/python3.12/site-packages/airflow/example_dags/example_dynamic_task_mapping.py took 0.048 seconds
[2025-03-28T18:36:26.631+0000] {processor.py:186} INFO - Started process (PID=15707) to work on /usr/local/python/3.12.1/lib/python3.12/site-packages/airflow/example_dags/example_dynamic_task_mapping.py
[2025-03-28T18:36:26.632+0000] {processor.py:914} INFO - Processing file /usr/local/python/3.12.1/lib/python3.12/site-packages/airflow/example_dags/example_dynamic_task_mapping.py for tasks to queue
[2025-03-28T18:36:26.633+0000] {logging_mixin.py:190} INFO - [2025-03-28T18:36:26.633+0000] {dagbag.py:588} INFO - Filling up the DagBag from /usr/local/python/3.12.1/lib/python3.12/site-packages/airflow/example_dags/example_dynamic_task_mapping.py
[2025-03-28T18:36:26.640+0000] {processor.py:925} INFO - DAG(s) 'example_dynamic_task_mapping' retrieved from /usr/local/python/3.12.1/lib/python3.12/site-packages/airflow/example_dags/example_dynamic_task_mapping.py
[2025-03-28T18:36:26.650+0000] {logging_mixin.py:190} INFO - [2025-03-28T18:36:26.650+0000] {dag.py:3239} INFO - Sync 1 DAGs
[2025-03-28T18:36:26.662+0000] {logging_mixin.py:190} INFO - [2025-03-28T18:36:26.662+0000] {dag.py:4180} INFO - Setting next_dagrun for example_dynamic_task_mapping to None, run_after=None
[2025-03-28T18:36:26.679+0000] {processor.py:208} INFO - Processing /usr/local/python/3.12.1/lib/python3.12/site-packages/airflow/example_dags/example_dynamic_task_mapping.py took 0.051 seconds
[2025-03-28T18:38:03.141+0000] {processor.py:186} INFO - Started process (PID=16816) to work on /usr/local/python/3.12.1/lib/python3.12/site-packages/airflow/example_dags/example_dynamic_task_mapping.py
[2025-03-28T18:38:03.142+0000] {processor.py:914} INFO - Processing file /usr/local/python/3.12.1/lib/python3.12/site-packages/airflow/example_dags/example_dynamic_task_mapping.py for tasks to queue
[2025-03-28T18:38:03.144+0000] {logging_mixin.py:190} INFO - [2025-03-28T18:38:03.143+0000] {dagbag.py:588} INFO - Filling up the DagBag from /usr/local/python/3.12.1/lib/python3.12/site-packages/airflow/example_dags/example_dynamic_task_mapping.py
[2025-03-28T18:38:03.150+0000] {processor.py:925} INFO - DAG(s) 'example_dynamic_task_mapping' retrieved from /usr/local/python/3.12.1/lib/python3.12/site-packages/airflow/example_dags/example_dynamic_task_mapping.py
[2025-03-28T18:38:03.160+0000] {logging_mixin.py:190} INFO - [2025-03-28T18:38:03.160+0000] {dag.py:3239} INFO - Sync 1 DAGs
[2025-03-28T18:38:03.170+0000] {logging_mixin.py:190} INFO - [2025-03-28T18:38:03.170+0000] {dag.py:4180} INFO - Setting next_dagrun for example_dynamic_task_mapping to None, run_after=None
[2025-03-28T18:38:03.184+0000] {processor.py:208} INFO - Processing /usr/local/python/3.12.1/lib/python3.12/site-packages/airflow/example_dags/example_dynamic_task_mapping.py took 0.047 seconds
[2025-03-28T18:38:59.489+0000] {processor.py:186} INFO - Started process (PID=17311) to work on /usr/local/python/3.12.1/lib/python3.12/site-packages/airflow/example_dags/example_dynamic_task_mapping.py
[2025-03-28T18:38:59.489+0000] {processor.py:914} INFO - Processing file /usr/local/python/3.12.1/lib/python3.12/site-packages/airflow/example_dags/example_dynamic_task_mapping.py for tasks to queue
[2025-03-28T18:38:59.491+0000] {logging_mixin.py:190} INFO - [2025-03-28T18:38:59.491+0000] {dagbag.py:588} INFO - Filling up the DagBag from /usr/local/python/3.12.1/lib/python3.12/site-packages/airflow/example_dags/example_dynamic_task_mapping.py
[2025-03-28T18:38:59.500+0000] {processor.py:925} INFO - DAG(s) 'example_dynamic_task_mapping' retrieved from /usr/local/python/3.12.1/lib/python3.12/site-packages/airflow/example_dags/example_dynamic_task_mapping.py
[2025-03-28T18:38:59.511+0000] {logging_mixin.py:190} INFO - [2025-03-28T18:38:59.510+0000] {dag.py:3239} INFO - Sync 1 DAGs
[2025-03-28T18:38:59.520+0000] {logging_mixin.py:190} INFO - [2025-03-28T18:38:59.520+0000] {dag.py:4180} INFO - Setting next_dagrun for example_dynamic_task_mapping to None, run_after=None
[2025-03-28T18:38:59.535+0000] {processor.py:208} INFO - Processing /usr/local/python/3.12.1/lib/python3.12/site-packages/airflow/example_dags/example_dynamic_task_mapping.py took 0.050 seconds
[2025-03-28T18:40:52.398+0000] {processor.py:186} INFO - Started process (PID=18462) to work on /usr/local/python/3.12.1/lib/python3.12/site-packages/airflow/example_dags/example_dynamic_task_mapping.py
[2025-03-28T18:40:52.399+0000] {processor.py:914} INFO - Processing file /usr/local/python/3.12.1/lib/python3.12/site-packages/airflow/example_dags/example_dynamic_task_mapping.py for tasks to queue
[2025-03-28T18:40:52.401+0000] {logging_mixin.py:190} INFO - [2025-03-28T18:40:52.400+0000] {dagbag.py:588} INFO - Filling up the DagBag from /usr/local/python/3.12.1/lib/python3.12/site-packages/airflow/example_dags/example_dynamic_task_mapping.py
[2025-03-28T18:40:52.407+0000] {processor.py:925} INFO - DAG(s) 'example_dynamic_task_mapping' retrieved from /usr/local/python/3.12.1/lib/python3.12/site-packages/airflow/example_dags/example_dynamic_task_mapping.py
[2025-03-28T18:40:52.418+0000] {logging_mixin.py:190} INFO - [2025-03-28T18:40:52.418+0000] {dag.py:3239} INFO - Sync 1 DAGs
[2025-03-28T18:40:52.428+0000] {logging_mixin.py:190} INFO - [2025-03-28T18:40:52.428+0000] {dag.py:4180} INFO - Setting next_dagrun for example_dynamic_task_mapping to None, run_after=None
[2025-03-28T18:40:52.442+0000] {processor.py:208} INFO - Processing /usr/local/python/3.12.1/lib/python3.12/site-packages/airflow/example_dags/example_dynamic_task_mapping.py took 0.048 seconds
[2025-03-28T18:41:45.667+0000] {processor.py:186} INFO - Started process (PID=19062) to work on /usr/local/python/3.12.1/lib/python3.12/site-packages/airflow/example_dags/example_dynamic_task_mapping.py
[2025-03-28T18:41:45.668+0000] {processor.py:914} INFO - Processing file /usr/local/python/3.12.1/lib/python3.12/site-packages/airflow/example_dags/example_dynamic_task_mapping.py for tasks to queue
[2025-03-28T18:41:45.669+0000] {logging_mixin.py:190} INFO - [2025-03-28T18:41:45.669+0000] {dagbag.py:588} INFO - Filling up the DagBag from /usr/local/python/3.12.1/lib/python3.12/site-packages/airflow/example_dags/example_dynamic_task_mapping.py
[2025-03-28T18:41:45.675+0000] {processor.py:925} INFO - DAG(s) 'example_dynamic_task_mapping' retrieved from /usr/local/python/3.12.1/lib/python3.12/site-packages/airflow/example_dags/example_dynamic_task_mapping.py
[2025-03-28T18:41:45.685+0000] {logging_mixin.py:190} INFO - [2025-03-28T18:41:45.685+0000] {dag.py:3239} INFO - Sync 1 DAGs
[2025-03-28T18:41:45.695+0000] {logging_mixin.py:190} INFO - [2025-03-28T18:41:45.695+0000] {dag.py:4180} INFO - Setting next_dagrun for example_dynamic_task_mapping to None, run_after=None
[2025-03-28T18:41:45.710+0000] {processor.py:208} INFO - Processing /usr/local/python/3.12.1/lib/python3.12/site-packages/airflow/example_dags/example_dynamic_task_mapping.py took 0.046 seconds
[2025-03-28T18:42:43.490+0000] {processor.py:186} INFO - Started process (PID=19569) to work on /usr/local/python/3.12.1/lib/python3.12/site-packages/airflow/example_dags/example_dynamic_task_mapping.py
[2025-03-28T18:42:43.490+0000] {processor.py:914} INFO - Processing file /usr/local/python/3.12.1/lib/python3.12/site-packages/airflow/example_dags/example_dynamic_task_mapping.py for tasks to queue
[2025-03-28T18:42:43.492+0000] {logging_mixin.py:190} INFO - [2025-03-28T18:42:43.491+0000] {dagbag.py:588} INFO - Filling up the DagBag from /usr/local/python/3.12.1/lib/python3.12/site-packages/airflow/example_dags/example_dynamic_task_mapping.py
[2025-03-28T18:42:43.498+0000] {processor.py:925} INFO - DAG(s) 'example_dynamic_task_mapping' retrieved from /usr/local/python/3.12.1/lib/python3.12/site-packages/airflow/example_dags/example_dynamic_task_mapping.py
[2025-03-28T18:42:43.508+0000] {logging_mixin.py:190} INFO - [2025-03-28T18:42:43.508+0000] {dag.py:3239} INFO - Sync 1 DAGs
[2025-03-28T18:42:43.518+0000] {logging_mixin.py:190} INFO - [2025-03-28T18:42:43.518+0000] {dag.py:4180} INFO - Setting next_dagrun for example_dynamic_task_mapping to None, run_after=None
[2025-03-28T18:42:43.532+0000] {processor.py:208} INFO - Processing /usr/local/python/3.12.1/lib/python3.12/site-packages/airflow/example_dags/example_dynamic_task_mapping.py took 0.047 seconds
[2025-03-28T18:43:40.949+0000] {processor.py:186} INFO - Started process (PID=20087) to work on /usr/local/python/3.12.1/lib/python3.12/site-packages/airflow/example_dags/example_dynamic_task_mapping.py
[2025-03-28T18:43:40.950+0000] {processor.py:914} INFO - Processing file /usr/local/python/3.12.1/lib/python3.12/site-packages/airflow/example_dags/example_dynamic_task_mapping.py for tasks to queue
[2025-03-28T18:43:40.951+0000] {logging_mixin.py:190} INFO - [2025-03-28T18:43:40.951+0000] {dagbag.py:588} INFO - Filling up the DagBag from /usr/local/python/3.12.1/lib/python3.12/site-packages/airflow/example_dags/example_dynamic_task_mapping.py
[2025-03-28T18:43:40.958+0000] {processor.py:925} INFO - DAG(s) 'example_dynamic_task_mapping' retrieved from /usr/local/python/3.12.1/lib/python3.12/site-packages/airflow/example_dags/example_dynamic_task_mapping.py
[2025-03-28T18:43:40.968+0000] {logging_mixin.py:190} INFO - [2025-03-28T18:43:40.968+0000] {dag.py:3239} INFO - Sync 1 DAGs
[2025-03-28T18:43:40.977+0000] {logging_mixin.py:190} INFO - [2025-03-28T18:43:40.977+0000] {dag.py:4180} INFO - Setting next_dagrun for example_dynamic_task_mapping to None, run_after=None
[2025-03-28T18:43:40.992+0000] {processor.py:208} INFO - Processing /usr/local/python/3.12.1/lib/python3.12/site-packages/airflow/example_dags/example_dynamic_task_mapping.py took 0.046 seconds
[2025-03-28T18:44:36.123+0000] {processor.py:186} INFO - Started process (PID=20574) to work on /usr/local/python/3.12.1/lib/python3.12/site-packages/airflow/example_dags/example_dynamic_task_mapping.py
[2025-03-28T18:44:36.124+0000] {processor.py:914} INFO - Processing file /usr/local/python/3.12.1/lib/python3.12/site-packages/airflow/example_dags/example_dynamic_task_mapping.py for tasks to queue
[2025-03-28T18:44:36.125+0000] {logging_mixin.py:190} INFO - [2025-03-28T18:44:36.125+0000] {dagbag.py:588} INFO - Filling up the DagBag from /usr/local/python/3.12.1/lib/python3.12/site-packages/airflow/example_dags/example_dynamic_task_mapping.py
[2025-03-28T18:44:36.132+0000] {processor.py:925} INFO - DAG(s) 'example_dynamic_task_mapping' retrieved from /usr/local/python/3.12.1/lib/python3.12/site-packages/airflow/example_dags/example_dynamic_task_mapping.py
[2025-03-28T18:44:36.142+0000] {logging_mixin.py:190} INFO - [2025-03-28T18:44:36.142+0000] {dag.py:3239} INFO - Sync 1 DAGs
[2025-03-28T18:44:36.152+0000] {logging_mixin.py:190} INFO - [2025-03-28T18:44:36.151+0000] {dag.py:4180} INFO - Setting next_dagrun for example_dynamic_task_mapping to None, run_after=None
[2025-03-28T18:44:36.165+0000] {processor.py:208} INFO - Processing /usr/local/python/3.12.1/lib/python3.12/site-packages/airflow/example_dags/example_dynamic_task_mapping.py took 0.046 seconds
[2025-03-28T18:45:29.354+0000] {processor.py:186} INFO - Started process (PID=21039) to work on /usr/local/python/3.12.1/lib/python3.12/site-packages/airflow/example_dags/example_dynamic_task_mapping.py
[2025-03-28T18:45:29.354+0000] {processor.py:914} INFO - Processing file /usr/local/python/3.12.1/lib/python3.12/site-packages/airflow/example_dags/example_dynamic_task_mapping.py for tasks to queue
[2025-03-28T18:45:29.356+0000] {logging_mixin.py:190} INFO - [2025-03-28T18:45:29.355+0000] {dagbag.py:588} INFO - Filling up the DagBag from /usr/local/python/3.12.1/lib/python3.12/site-packages/airflow/example_dags/example_dynamic_task_mapping.py
[2025-03-28T18:45:29.362+0000] {processor.py:925} INFO - DAG(s) 'example_dynamic_task_mapping' retrieved from /usr/local/python/3.12.1/lib/python3.12/site-packages/airflow/example_dags/example_dynamic_task_mapping.py
[2025-03-28T18:45:29.372+0000] {logging_mixin.py:190} INFO - [2025-03-28T18:45:29.372+0000] {dag.py:3239} INFO - Sync 1 DAGs
[2025-03-28T18:45:29.381+0000] {logging_mixin.py:190} INFO - [2025-03-28T18:45:29.381+0000] {dag.py:4180} INFO - Setting next_dagrun for example_dynamic_task_mapping to None, run_after=None
[2025-03-28T18:45:29.399+0000] {processor.py:208} INFO - Processing /usr/local/python/3.12.1/lib/python3.12/site-packages/airflow/example_dags/example_dynamic_task_mapping.py took 0.050 seconds
[2025-03-28T18:46:24.161+0000] {processor.py:186} INFO - Started process (PID=21536) to work on /usr/local/python/3.12.1/lib/python3.12/site-packages/airflow/example_dags/example_dynamic_task_mapping.py
[2025-03-28T18:46:24.162+0000] {processor.py:914} INFO - Processing file /usr/local/python/3.12.1/lib/python3.12/site-packages/airflow/example_dags/example_dynamic_task_mapping.py for tasks to queue
[2025-03-28T18:46:24.163+0000] {logging_mixin.py:190} INFO - [2025-03-28T18:46:24.163+0000] {dagbag.py:588} INFO - Filling up the DagBag from /usr/local/python/3.12.1/lib/python3.12/site-packages/airflow/example_dags/example_dynamic_task_mapping.py
[2025-03-28T18:46:24.169+0000] {processor.py:925} INFO - DAG(s) 'example_dynamic_task_mapping' retrieved from /usr/local/python/3.12.1/lib/python3.12/site-packages/airflow/example_dags/example_dynamic_task_mapping.py
[2025-03-28T18:46:24.180+0000] {logging_mixin.py:190} INFO - [2025-03-28T18:46:24.180+0000] {dag.py:3239} INFO - Sync 1 DAGs
[2025-03-28T18:46:24.189+0000] {logging_mixin.py:190} INFO - [2025-03-28T18:46:24.189+0000] {dag.py:4180} INFO - Setting next_dagrun for example_dynamic_task_mapping to None, run_after=None
[2025-03-28T18:46:24.204+0000] {processor.py:208} INFO - Processing /usr/local/python/3.12.1/lib/python3.12/site-packages/airflow/example_dags/example_dynamic_task_mapping.py took 0.047 seconds
[2025-03-28T18:47:18.254+0000] {processor.py:186} INFO - Started process (PID=21998) to work on /usr/local/python/3.12.1/lib/python3.12/site-packages/airflow/example_dags/example_dynamic_task_mapping.py
[2025-03-28T18:47:18.254+0000] {processor.py:914} INFO - Processing file /usr/local/python/3.12.1/lib/python3.12/site-packages/airflow/example_dags/example_dynamic_task_mapping.py for tasks to queue
[2025-03-28T18:47:18.255+0000] {logging_mixin.py:190} INFO - [2025-03-28T18:47:18.255+0000] {dagbag.py:588} INFO - Filling up the DagBag from /usr/local/python/3.12.1/lib/python3.12/site-packages/airflow/example_dags/example_dynamic_task_mapping.py
[2025-03-28T18:47:18.262+0000] {processor.py:925} INFO - DAG(s) 'example_dynamic_task_mapping' retrieved from /usr/local/python/3.12.1/lib/python3.12/site-packages/airflow/example_dags/example_dynamic_task_mapping.py
[2025-03-28T18:47:18.272+0000] {logging_mixin.py:190} INFO - [2025-03-28T18:47:18.272+0000] {dag.py:3239} INFO - Sync 1 DAGs
[2025-03-28T18:47:18.282+0000] {logging_mixin.py:190} INFO - [2025-03-28T18:47:18.282+0000] {dag.py:4180} INFO - Setting next_dagrun for example_dynamic_task_mapping to None, run_after=None
[2025-03-28T18:47:18.296+0000] {processor.py:208} INFO - Processing /usr/local/python/3.12.1/lib/python3.12/site-packages/airflow/example_dags/example_dynamic_task_mapping.py took 0.046 seconds
[2025-03-28T18:48:09.648+0000] {processor.py:186} INFO - Started process (PID=22404) to work on /usr/local/python/3.12.1/lib/python3.12/site-packages/airflow/example_dags/example_dynamic_task_mapping.py
[2025-03-28T18:48:09.648+0000] {processor.py:914} INFO - Processing file /usr/local/python/3.12.1/lib/python3.12/site-packages/airflow/example_dags/example_dynamic_task_mapping.py for tasks to queue
[2025-03-28T18:48:09.649+0000] {logging_mixin.py:190} INFO - [2025-03-28T18:48:09.649+0000] {dagbag.py:588} INFO - Filling up the DagBag from /usr/local/python/3.12.1/lib/python3.12/site-packages/airflow/example_dags/example_dynamic_task_mapping.py
[2025-03-28T18:48:09.656+0000] {processor.py:925} INFO - DAG(s) 'example_dynamic_task_mapping' retrieved from /usr/local/python/3.12.1/lib/python3.12/site-packages/airflow/example_dags/example_dynamic_task_mapping.py
[2025-03-28T18:48:09.666+0000] {logging_mixin.py:190} INFO - [2025-03-28T18:48:09.666+0000] {dag.py:3239} INFO - Sync 1 DAGs
[2025-03-28T18:48:09.675+0000] {logging_mixin.py:190} INFO - [2025-03-28T18:48:09.675+0000] {dag.py:4180} INFO - Setting next_dagrun for example_dynamic_task_mapping to None, run_after=None
[2025-03-28T18:48:09.690+0000] {processor.py:208} INFO - Processing /usr/local/python/3.12.1/lib/python3.12/site-packages/airflow/example_dags/example_dynamic_task_mapping.py took 0.046 seconds
[2025-03-28T18:49:05.001+0000] {processor.py:186} INFO - Started process (PID=22858) to work on /usr/local/python/3.12.1/lib/python3.12/site-packages/airflow/example_dags/example_dynamic_task_mapping.py
[2025-03-28T18:49:05.002+0000] {processor.py:914} INFO - Processing file /usr/local/python/3.12.1/lib/python3.12/site-packages/airflow/example_dags/example_dynamic_task_mapping.py for tasks to queue
[2025-03-28T18:49:05.003+0000] {logging_mixin.py:190} INFO - [2025-03-28T18:49:05.003+0000] {dagbag.py:588} INFO - Filling up the DagBag from /usr/local/python/3.12.1/lib/python3.12/site-packages/airflow/example_dags/example_dynamic_task_mapping.py
[2025-03-28T18:49:05.010+0000] {processor.py:925} INFO - DAG(s) 'example_dynamic_task_mapping' retrieved from /usr/local/python/3.12.1/lib/python3.12/site-packages/airflow/example_dags/example_dynamic_task_mapping.py
[2025-03-28T18:49:05.020+0000] {logging_mixin.py:190} INFO - [2025-03-28T18:49:05.020+0000] {dag.py:3239} INFO - Sync 1 DAGs
[2025-03-28T18:49:05.030+0000] {logging_mixin.py:190} INFO - [2025-03-28T18:49:05.030+0000] {dag.py:4180} INFO - Setting next_dagrun for example_dynamic_task_mapping to None, run_after=None
[2025-03-28T18:49:05.044+0000] {processor.py:208} INFO - Processing /usr/local/python/3.12.1/lib/python3.12/site-packages/airflow/example_dags/example_dynamic_task_mapping.py took 0.047 seconds
[2025-03-28T18:50:01.511+0000] {processor.py:186} INFO - Started process (PID=23325) to work on /usr/local/python/3.12.1/lib/python3.12/site-packages/airflow/example_dags/example_dynamic_task_mapping.py
[2025-03-28T18:50:01.512+0000] {processor.py:914} INFO - Processing file /usr/local/python/3.12.1/lib/python3.12/site-packages/airflow/example_dags/example_dynamic_task_mapping.py for tasks to queue
[2025-03-28T18:50:01.513+0000] {logging_mixin.py:190} INFO - [2025-03-28T18:50:01.513+0000] {dagbag.py:588} INFO - Filling up the DagBag from /usr/local/python/3.12.1/lib/python3.12/site-packages/airflow/example_dags/example_dynamic_task_mapping.py
[2025-03-28T18:50:01.520+0000] {processor.py:925} INFO - DAG(s) 'example_dynamic_task_mapping' retrieved from /usr/local/python/3.12.1/lib/python3.12/site-packages/airflow/example_dags/example_dynamic_task_mapping.py
[2025-03-28T18:50:01.532+0000] {logging_mixin.py:190} INFO - [2025-03-28T18:50:01.531+0000] {dag.py:3239} INFO - Sync 1 DAGs
[2025-03-28T18:50:01.544+0000] {logging_mixin.py:190} INFO - [2025-03-28T18:50:01.544+0000] {dag.py:4180} INFO - Setting next_dagrun for example_dynamic_task_mapping to None, run_after=None
[2025-03-28T18:50:01.559+0000] {processor.py:208} INFO - Processing /usr/local/python/3.12.1/lib/python3.12/site-packages/airflow/example_dags/example_dynamic_task_mapping.py took 0.051 seconds
[2025-03-28T18:50:59.149+0000] {processor.py:186} INFO - Started process (PID=23795) to work on /usr/local/python/3.12.1/lib/python3.12/site-packages/airflow/example_dags/example_dynamic_task_mapping.py
[2025-03-28T18:50:59.149+0000] {processor.py:914} INFO - Processing file /usr/local/python/3.12.1/lib/python3.12/site-packages/airflow/example_dags/example_dynamic_task_mapping.py for tasks to queue
[2025-03-28T18:50:59.150+0000] {logging_mixin.py:190} INFO - [2025-03-28T18:50:59.150+0000] {dagbag.py:588} INFO - Filling up the DagBag from /usr/local/python/3.12.1/lib/python3.12/site-packages/airflow/example_dags/example_dynamic_task_mapping.py
[2025-03-28T18:50:59.157+0000] {processor.py:925} INFO - DAG(s) 'example_dynamic_task_mapping' retrieved from /usr/local/python/3.12.1/lib/python3.12/site-packages/airflow/example_dags/example_dynamic_task_mapping.py
[2025-03-28T18:50:59.167+0000] {logging_mixin.py:190} INFO - [2025-03-28T18:50:59.167+0000] {dag.py:3239} INFO - Sync 1 DAGs
[2025-03-28T18:50:59.177+0000] {logging_mixin.py:190} INFO - [2025-03-28T18:50:59.176+0000] {dag.py:4180} INFO - Setting next_dagrun for example_dynamic_task_mapping to None, run_after=None
[2025-03-28T18:50:59.191+0000] {processor.py:208} INFO - Processing /usr/local/python/3.12.1/lib/python3.12/site-packages/airflow/example_dags/example_dynamic_task_mapping.py took 0.046 seconds
[2025-03-28T18:56:07.292+0000] {processor.py:186} INFO - Started process (PID=26862) to work on /usr/local/python/3.12.1/lib/python3.12/site-packages/airflow/example_dags/example_dynamic_task_mapping.py
[2025-03-28T18:56:07.293+0000] {processor.py:914} INFO - Processing file /usr/local/python/3.12.1/lib/python3.12/site-packages/airflow/example_dags/example_dynamic_task_mapping.py for tasks to queue
[2025-03-28T18:56:07.294+0000] {logging_mixin.py:190} INFO - [2025-03-28T18:56:07.293+0000] {dagbag.py:588} INFO - Filling up the DagBag from /usr/local/python/3.12.1/lib/python3.12/site-packages/airflow/example_dags/example_dynamic_task_mapping.py
[2025-03-28T18:56:07.300+0000] {processor.py:925} INFO - DAG(s) 'example_dynamic_task_mapping' retrieved from /usr/local/python/3.12.1/lib/python3.12/site-packages/airflow/example_dags/example_dynamic_task_mapping.py
[2025-03-28T18:56:07.311+0000] {logging_mixin.py:190} INFO - [2025-03-28T18:56:07.311+0000] {dag.py:3239} INFO - Sync 1 DAGs
[2025-03-28T18:56:07.320+0000] {logging_mixin.py:190} INFO - [2025-03-28T18:56:07.320+0000] {dag.py:4180} INFO - Setting next_dagrun for example_dynamic_task_mapping to None, run_after=None
[2025-03-28T18:56:07.335+0000] {processor.py:208} INFO - Processing /usr/local/python/3.12.1/lib/python3.12/site-packages/airflow/example_dags/example_dynamic_task_mapping.py took 0.046 seconds
[2025-03-28T19:01:17.351+0000] {processor.py:186} INFO - Started process (PID=30195) to work on /usr/local/python/3.12.1/lib/python3.12/site-packages/airflow/example_dags/example_dynamic_task_mapping.py
[2025-03-28T19:01:17.352+0000] {processor.py:914} INFO - Processing file /usr/local/python/3.12.1/lib/python3.12/site-packages/airflow/example_dags/example_dynamic_task_mapping.py for tasks to queue
[2025-03-28T19:01:17.352+0000] {logging_mixin.py:190} INFO - [2025-03-28T19:01:17.352+0000] {dagbag.py:588} INFO - Filling up the DagBag from /usr/local/python/3.12.1/lib/python3.12/site-packages/airflow/example_dags/example_dynamic_task_mapping.py
[2025-03-28T19:01:17.359+0000] {processor.py:925} INFO - DAG(s) 'example_dynamic_task_mapping' retrieved from /usr/local/python/3.12.1/lib/python3.12/site-packages/airflow/example_dags/example_dynamic_task_mapping.py
[2025-03-28T19:01:17.369+0000] {logging_mixin.py:190} INFO - [2025-03-28T19:01:17.369+0000] {dag.py:3239} INFO - Sync 1 DAGs
[2025-03-28T19:01:17.379+0000] {logging_mixin.py:190} INFO - [2025-03-28T19:01:17.379+0000] {dag.py:4180} INFO - Setting next_dagrun for example_dynamic_task_mapping to None, run_after=None
[2025-03-28T19:01:17.393+0000] {processor.py:208} INFO - Processing /usr/local/python/3.12.1/lib/python3.12/site-packages/airflow/example_dags/example_dynamic_task_mapping.py took 0.046 seconds
[2025-03-28T19:06:27.549+0000] {processor.py:186} INFO - Started process (PID=33725) to work on /usr/local/python/3.12.1/lib/python3.12/site-packages/airflow/example_dags/example_dynamic_task_mapping.py
[2025-03-28T19:06:27.550+0000] {processor.py:914} INFO - Processing file /usr/local/python/3.12.1/lib/python3.12/site-packages/airflow/example_dags/example_dynamic_task_mapping.py for tasks to queue
[2025-03-28T19:06:27.550+0000] {logging_mixin.py:190} INFO - [2025-03-28T19:06:27.550+0000] {dagbag.py:588} INFO - Filling up the DagBag from /usr/local/python/3.12.1/lib/python3.12/site-packages/airflow/example_dags/example_dynamic_task_mapping.py
[2025-03-28T19:06:27.557+0000] {processor.py:925} INFO - DAG(s) 'example_dynamic_task_mapping' retrieved from /usr/local/python/3.12.1/lib/python3.12/site-packages/airflow/example_dags/example_dynamic_task_mapping.py
[2025-03-28T19:06:27.568+0000] {logging_mixin.py:190} INFO - [2025-03-28T19:06:27.567+0000] {dag.py:3239} INFO - Sync 1 DAGs
[2025-03-28T19:06:27.577+0000] {logging_mixin.py:190} INFO - [2025-03-28T19:06:27.577+0000] {dag.py:4180} INFO - Setting next_dagrun for example_dynamic_task_mapping to None, run_after=None
[2025-03-28T19:06:27.592+0000] {processor.py:208} INFO - Processing /usr/local/python/3.12.1/lib/python3.12/site-packages/airflow/example_dags/example_dynamic_task_mapping.py took 0.047 seconds
[2025-03-28T19:12:08.316+0000] {processor.py:186} INFO - Started process (PID=38799) to work on /usr/local/python/3.12.1/lib/python3.12/site-packages/airflow/example_dags/example_dynamic_task_mapping.py
[2025-03-28T19:12:08.317+0000] {processor.py:914} INFO - Processing file /usr/local/python/3.12.1/lib/python3.12/site-packages/airflow/example_dags/example_dynamic_task_mapping.py for tasks to queue
[2025-03-28T19:12:08.320+0000] {logging_mixin.py:190} INFO - [2025-03-28T19:12:08.320+0000] {dagbag.py:588} INFO - Filling up the DagBag from /usr/local/python/3.12.1/lib/python3.12/site-packages/airflow/example_dags/example_dynamic_task_mapping.py
[2025-03-28T19:12:08.327+0000] {processor.py:925} INFO - DAG(s) 'example_dynamic_task_mapping' retrieved from /usr/local/python/3.12.1/lib/python3.12/site-packages/airflow/example_dags/example_dynamic_task_mapping.py
[2025-03-28T19:12:08.338+0000] {logging_mixin.py:190} INFO - [2025-03-28T19:12:08.337+0000] {dag.py:3239} INFO - Sync 1 DAGs
[2025-03-28T19:12:08.347+0000] {logging_mixin.py:190} INFO - [2025-03-28T19:12:08.347+0000] {dag.py:4180} INFO - Setting next_dagrun for example_dynamic_task_mapping to None, run_after=None
[2025-03-28T19:12:08.363+0000] {processor.py:208} INFO - Processing /usr/local/python/3.12.1/lib/python3.12/site-packages/airflow/example_dags/example_dynamic_task_mapping.py took 0.052 seconds
