[2025-03-28T18:24:25.397+0000] {processor.py:186} INFO - Started process (PID=9307) to work on /usr/local/python/3.12.1/lib/python3.12/site-packages/airflow/example_dags/example_nested_branch_dag.py
[2025-03-28T18:24:25.397+0000] {processor.py:914} INFO - Processing file /usr/local/python/3.12.1/lib/python3.12/site-packages/airflow/example_dags/example_nested_branch_dag.py for tasks to queue
[2025-03-28T18:24:25.398+0000] {logging_mixin.py:190} INFO - [2025-03-28T18:24:25.398+0000] {dagbag.py:588} INFO - Filling up the DagBag from /usr/local/python/3.12.1/lib/python3.12/site-packages/airflow/example_dags/example_nested_branch_dag.py
[2025-03-28T18:24:25.407+0000] {processor.py:925} INFO - DAG(s) 'example_nested_branch_dag' retrieved from /usr/local/python/3.12.1/lib/python3.12/site-packages/airflow/example_dags/example_nested_branch_dag.py
[2025-03-28T18:24:25.491+0000] {logging_mixin.py:190} INFO - [2025-03-28T18:24:25.491+0000] {override.py:1930} INFO - Created Permission View: can edit on DAG:example_nested_branch_dag
[2025-03-28T18:24:25.499+0000] {logging_mixin.py:190} INFO - [2025-03-28T18:24:25.498+0000] {override.py:1930} INFO - Created Permission View: can delete on DAG:example_nested_branch_dag
[2025-03-28T18:24:25.504+0000] {logging_mixin.py:190} INFO - [2025-03-28T18:24:25.504+0000] {override.py:1930} INFO - Created Permission View: can read on DAG:example_nested_branch_dag
[2025-03-28T18:24:25.513+0000] {logging_mixin.py:190} INFO - [2025-03-28T18:24:25.512+0000] {override.py:1930} INFO - Created Permission View: menu access on DAG Run:example_nested_branch_dag
[2025-03-28T18:24:25.519+0000] {logging_mixin.py:190} INFO - [2025-03-28T18:24:25.519+0000] {override.py:1930} INFO - Created Permission View: can create on DAG Run:example_nested_branch_dag
[2025-03-28T18:24:25.526+0000] {logging_mixin.py:190} INFO - [2025-03-28T18:24:25.526+0000] {override.py:1930} INFO - Created Permission View: can delete on DAG Run:example_nested_branch_dag
[2025-03-28T18:24:25.532+0000] {logging_mixin.py:190} INFO - [2025-03-28T18:24:25.531+0000] {override.py:1930} INFO - Created Permission View: can read on DAG Run:example_nested_branch_dag
[2025-03-28T18:24:25.532+0000] {logging_mixin.py:190} INFO - [2025-03-28T18:24:25.532+0000] {dag.py:3239} INFO - Sync 1 DAGs
[2025-03-28T18:24:25.541+0000] {logging_mixin.py:190} INFO - [2025-03-28T18:24:25.541+0000] {dag.py:3262} INFO - Creating ORM DAG for example_nested_branch_dag
[2025-03-28T18:24:25.549+0000] {logging_mixin.py:190} INFO - [2025-03-28T18:24:25.548+0000] {dag.py:4180} INFO - Setting next_dagrun for example_nested_branch_dag to 2025-03-27 00:00:00+00:00, run_after=2025-03-28 00:00:00+00:00
[2025-03-28T18:24:25.563+0000] {processor.py:208} INFO - Processing /usr/local/python/3.12.1/lib/python3.12/site-packages/airflow/example_dags/example_nested_branch_dag.py took 0.170 seconds
[2025-03-28T18:25:23.028+0000] {processor.py:186} INFO - Started process (PID=9804) to work on /usr/local/python/3.12.1/lib/python3.12/site-packages/airflow/example_dags/example_nested_branch_dag.py
[2025-03-28T18:25:23.028+0000] {processor.py:914} INFO - Processing file /usr/local/python/3.12.1/lib/python3.12/site-packages/airflow/example_dags/example_nested_branch_dag.py for tasks to queue
[2025-03-28T18:25:23.030+0000] {logging_mixin.py:190} INFO - [2025-03-28T18:25:23.029+0000] {dagbag.py:588} INFO - Filling up the DagBag from /usr/local/python/3.12.1/lib/python3.12/site-packages/airflow/example_dags/example_nested_branch_dag.py
[2025-03-28T18:25:23.039+0000] {processor.py:925} INFO - DAG(s) 'example_nested_branch_dag' retrieved from /usr/local/python/3.12.1/lib/python3.12/site-packages/airflow/example_dags/example_nested_branch_dag.py
[2025-03-28T18:25:23.051+0000] {logging_mixin.py:190} INFO - [2025-03-28T18:25:23.051+0000] {dag.py:3239} INFO - Sync 1 DAGs
[2025-03-28T18:25:23.067+0000] {logging_mixin.py:190} INFO - [2025-03-28T18:25:23.067+0000] {dag.py:4180} INFO - Setting next_dagrun for example_nested_branch_dag to 2025-03-27 00:00:00+00:00, run_after=2025-03-28 00:00:00+00:00
[2025-03-28T18:25:23.082+0000] {processor.py:208} INFO - Processing /usr/local/python/3.12.1/lib/python3.12/site-packages/airflow/example_dags/example_nested_branch_dag.py took 0.058 seconds
[2025-03-28T18:28:25.337+0000] {processor.py:186} INFO - Started process (PID=11493) to work on /usr/local/python/3.12.1/lib/python3.12/site-packages/airflow/example_dags/example_nested_branch_dag.py
[2025-03-28T18:28:25.338+0000] {processor.py:914} INFO - Processing file /usr/local/python/3.12.1/lib/python3.12/site-packages/airflow/example_dags/example_nested_branch_dag.py for tasks to queue
[2025-03-28T18:28:25.339+0000] {logging_mixin.py:190} INFO - [2025-03-28T18:28:25.339+0000] {dagbag.py:588} INFO - Filling up the DagBag from /usr/local/python/3.12.1/lib/python3.12/site-packages/airflow/example_dags/example_nested_branch_dag.py
[2025-03-28T18:28:25.348+0000] {processor.py:925} INFO - DAG(s) 'example_nested_branch_dag' retrieved from /usr/local/python/3.12.1/lib/python3.12/site-packages/airflow/example_dags/example_nested_branch_dag.py
[2025-03-28T18:28:25.361+0000] {logging_mixin.py:190} INFO - [2025-03-28T18:28:25.361+0000] {dag.py:3239} INFO - Sync 1 DAGs
[2025-03-28T18:28:25.377+0000] {logging_mixin.py:190} INFO - [2025-03-28T18:28:25.377+0000] {dag.py:4180} INFO - Setting next_dagrun for example_nested_branch_dag to 2025-03-27 00:00:00+00:00, run_after=2025-03-28 00:00:00+00:00
[2025-03-28T18:28:25.392+0000] {processor.py:208} INFO - Processing /usr/local/python/3.12.1/lib/python3.12/site-packages/airflow/example_dags/example_nested_branch_dag.py took 0.059 seconds
[2025-03-28T18:29:19.698+0000] {processor.py:186} INFO - Started process (PID=11943) to work on /usr/local/python/3.12.1/lib/python3.12/site-packages/airflow/example_dags/example_nested_branch_dag.py
[2025-03-28T18:29:19.699+0000] {processor.py:914} INFO - Processing file /usr/local/python/3.12.1/lib/python3.12/site-packages/airflow/example_dags/example_nested_branch_dag.py for tasks to queue
[2025-03-28T18:29:19.700+0000] {logging_mixin.py:190} INFO - [2025-03-28T18:29:19.700+0000] {dagbag.py:588} INFO - Filling up the DagBag from /usr/local/python/3.12.1/lib/python3.12/site-packages/airflow/example_dags/example_nested_branch_dag.py
[2025-03-28T18:29:19.709+0000] {processor.py:925} INFO - DAG(s) 'example_nested_branch_dag' retrieved from /usr/local/python/3.12.1/lib/python3.12/site-packages/airflow/example_dags/example_nested_branch_dag.py
[2025-03-28T18:29:19.721+0000] {logging_mixin.py:190} INFO - [2025-03-28T18:29:19.721+0000] {dag.py:3239} INFO - Sync 1 DAGs
[2025-03-28T18:29:19.737+0000] {logging_mixin.py:190} INFO - [2025-03-28T18:29:19.737+0000] {dag.py:4180} INFO - Setting next_dagrun for example_nested_branch_dag to 2025-03-27 00:00:00+00:00, run_after=2025-03-28 00:00:00+00:00
[2025-03-28T18:29:19.755+0000] {processor.py:208} INFO - Processing /usr/local/python/3.12.1/lib/python3.12/site-packages/airflow/example_dags/example_nested_branch_dag.py took 0.060 seconds
[2025-03-28T18:30:13.092+0000] {processor.py:186} INFO - Started process (PID=12409) to work on /usr/local/python/3.12.1/lib/python3.12/site-packages/airflow/example_dags/example_nested_branch_dag.py
[2025-03-28T18:30:13.093+0000] {processor.py:914} INFO - Processing file /usr/local/python/3.12.1/lib/python3.12/site-packages/airflow/example_dags/example_nested_branch_dag.py for tasks to queue
[2025-03-28T18:30:13.094+0000] {logging_mixin.py:190} INFO - [2025-03-28T18:30:13.094+0000] {dagbag.py:588} INFO - Filling up the DagBag from /usr/local/python/3.12.1/lib/python3.12/site-packages/airflow/example_dags/example_nested_branch_dag.py
[2025-03-28T18:30:13.103+0000] {processor.py:925} INFO - DAG(s) 'example_nested_branch_dag' retrieved from /usr/local/python/3.12.1/lib/python3.12/site-packages/airflow/example_dags/example_nested_branch_dag.py
[2025-03-28T18:30:13.115+0000] {logging_mixin.py:190} INFO - [2025-03-28T18:30:13.114+0000] {dag.py:3239} INFO - Sync 1 DAGs
[2025-03-28T18:30:13.130+0000] {logging_mixin.py:190} INFO - [2025-03-28T18:30:13.130+0000] {dag.py:4180} INFO - Setting next_dagrun for example_nested_branch_dag to 2025-03-27 00:00:00+00:00, run_after=2025-03-28 00:00:00+00:00
[2025-03-28T18:30:13.145+0000] {processor.py:208} INFO - Processing /usr/local/python/3.12.1/lib/python3.12/site-packages/airflow/example_dags/example_nested_branch_dag.py took 0.057 seconds
[2025-03-28T18:31:02.630+0000] {processor.py:186} INFO - Started process (PID=12825) to work on /usr/local/python/3.12.1/lib/python3.12/site-packages/airflow/example_dags/example_nested_branch_dag.py
[2025-03-28T18:31:02.631+0000] {processor.py:914} INFO - Processing file /usr/local/python/3.12.1/lib/python3.12/site-packages/airflow/example_dags/example_nested_branch_dag.py for tasks to queue
[2025-03-28T18:31:02.632+0000] {logging_mixin.py:190} INFO - [2025-03-28T18:31:02.632+0000] {dagbag.py:588} INFO - Filling up the DagBag from /usr/local/python/3.12.1/lib/python3.12/site-packages/airflow/example_dags/example_nested_branch_dag.py
[2025-03-28T18:31:02.641+0000] {processor.py:925} INFO - DAG(s) 'example_nested_branch_dag' retrieved from /usr/local/python/3.12.1/lib/python3.12/site-packages/airflow/example_dags/example_nested_branch_dag.py
[2025-03-28T18:31:02.653+0000] {logging_mixin.py:190} INFO - [2025-03-28T18:31:02.653+0000] {dag.py:3239} INFO - Sync 1 DAGs
[2025-03-28T18:31:02.669+0000] {logging_mixin.py:190} INFO - [2025-03-28T18:31:02.668+0000] {dag.py:4180} INFO - Setting next_dagrun for example_nested_branch_dag to 2025-03-27 00:00:00+00:00, run_after=2025-03-28 00:00:00+00:00
[2025-03-28T18:31:02.683+0000] {processor.py:208} INFO - Processing /usr/local/python/3.12.1/lib/python3.12/site-packages/airflow/example_dags/example_nested_branch_dag.py took 0.057 seconds
[2025-03-28T18:31:52.019+0000] {processor.py:186} INFO - Started process (PID=13224) to work on /usr/local/python/3.12.1/lib/python3.12/site-packages/airflow/example_dags/example_nested_branch_dag.py
[2025-03-28T18:31:52.020+0000] {processor.py:914} INFO - Processing file /usr/local/python/3.12.1/lib/python3.12/site-packages/airflow/example_dags/example_nested_branch_dag.py for tasks to queue
[2025-03-28T18:31:52.021+0000] {logging_mixin.py:190} INFO - [2025-03-28T18:31:52.021+0000] {dagbag.py:588} INFO - Filling up the DagBag from /usr/local/python/3.12.1/lib/python3.12/site-packages/airflow/example_dags/example_nested_branch_dag.py
[2025-03-28T18:31:52.030+0000] {processor.py:925} INFO - DAG(s) 'example_nested_branch_dag' retrieved from /usr/local/python/3.12.1/lib/python3.12/site-packages/airflow/example_dags/example_nested_branch_dag.py
[2025-03-28T18:31:52.042+0000] {logging_mixin.py:190} INFO - [2025-03-28T18:31:52.042+0000] {dag.py:3239} INFO - Sync 1 DAGs
[2025-03-28T18:31:52.059+0000] {logging_mixin.py:190} INFO - [2025-03-28T18:31:52.059+0000] {dag.py:4180} INFO - Setting next_dagrun for example_nested_branch_dag to 2025-03-27 00:00:00+00:00, run_after=2025-03-28 00:00:00+00:00
[2025-03-28T18:31:52.075+0000] {processor.py:208} INFO - Processing /usr/local/python/3.12.1/lib/python3.12/site-packages/airflow/example_dags/example_nested_branch_dag.py took 0.059 seconds
[2025-03-28T18:32:42.242+0000] {processor.py:186} INFO - Started process (PID=13768) to work on /usr/local/python/3.12.1/lib/python3.12/site-packages/airflow/example_dags/example_nested_branch_dag.py
[2025-03-28T18:32:42.243+0000] {processor.py:914} INFO - Processing file /usr/local/python/3.12.1/lib/python3.12/site-packages/airflow/example_dags/example_nested_branch_dag.py for tasks to queue
[2025-03-28T18:32:42.244+0000] {logging_mixin.py:190} INFO - [2025-03-28T18:32:42.244+0000] {dagbag.py:588} INFO - Filling up the DagBag from /usr/local/python/3.12.1/lib/python3.12/site-packages/airflow/example_dags/example_nested_branch_dag.py
[2025-03-28T18:32:42.253+0000] {processor.py:925} INFO - DAG(s) 'example_nested_branch_dag' retrieved from /usr/local/python/3.12.1/lib/python3.12/site-packages/airflow/example_dags/example_nested_branch_dag.py
[2025-03-28T18:32:42.266+0000] {logging_mixin.py:190} INFO - [2025-03-28T18:32:42.266+0000] {dag.py:3239} INFO - Sync 1 DAGs
[2025-03-28T18:32:42.282+0000] {logging_mixin.py:190} INFO - [2025-03-28T18:32:42.282+0000] {dag.py:4180} INFO - Setting next_dagrun for example_nested_branch_dag to 2025-03-27 00:00:00+00:00, run_after=2025-03-28 00:00:00+00:00
[2025-03-28T18:32:42.298+0000] {processor.py:208} INFO - Processing /usr/local/python/3.12.1/lib/python3.12/site-packages/airflow/example_dags/example_nested_branch_dag.py took 0.060 seconds
[2025-03-28T18:33:31.318+0000] {processor.py:186} INFO - Started process (PID=14177) to work on /usr/local/python/3.12.1/lib/python3.12/site-packages/airflow/example_dags/example_nested_branch_dag.py
[2025-03-28T18:33:31.318+0000] {processor.py:914} INFO - Processing file /usr/local/python/3.12.1/lib/python3.12/site-packages/airflow/example_dags/example_nested_branch_dag.py for tasks to queue
[2025-03-28T18:33:31.320+0000] {logging_mixin.py:190} INFO - [2025-03-28T18:33:31.319+0000] {dagbag.py:588} INFO - Filling up the DagBag from /usr/local/python/3.12.1/lib/python3.12/site-packages/airflow/example_dags/example_nested_branch_dag.py
[2025-03-28T18:33:31.329+0000] {processor.py:925} INFO - DAG(s) 'example_nested_branch_dag' retrieved from /usr/local/python/3.12.1/lib/python3.12/site-packages/airflow/example_dags/example_nested_branch_dag.py
[2025-03-28T18:33:31.341+0000] {logging_mixin.py:190} INFO - [2025-03-28T18:33:31.341+0000] {dag.py:3239} INFO - Sync 1 DAGs
[2025-03-28T18:33:31.357+0000] {logging_mixin.py:190} INFO - [2025-03-28T18:33:31.356+0000] {dag.py:4180} INFO - Setting next_dagrun for example_nested_branch_dag to 2025-03-27 00:00:00+00:00, run_after=2025-03-28 00:00:00+00:00
[2025-03-28T18:33:31.372+0000] {processor.py:208} INFO - Processing /usr/local/python/3.12.1/lib/python3.12/site-packages/airflow/example_dags/example_nested_branch_dag.py took 0.058 seconds
[2025-03-28T18:34:21.676+0000] {processor.py:186} INFO - Started process (PID=14604) to work on /usr/local/python/3.12.1/lib/python3.12/site-packages/airflow/example_dags/example_nested_branch_dag.py
[2025-03-28T18:34:21.676+0000] {processor.py:914} INFO - Processing file /usr/local/python/3.12.1/lib/python3.12/site-packages/airflow/example_dags/example_nested_branch_dag.py for tasks to queue
[2025-03-28T18:34:21.678+0000] {logging_mixin.py:190} INFO - [2025-03-28T18:34:21.678+0000] {dagbag.py:588} INFO - Filling up the DagBag from /usr/local/python/3.12.1/lib/python3.12/site-packages/airflow/example_dags/example_nested_branch_dag.py
[2025-03-28T18:34:21.686+0000] {processor.py:925} INFO - DAG(s) 'example_nested_branch_dag' retrieved from /usr/local/python/3.12.1/lib/python3.12/site-packages/airflow/example_dags/example_nested_branch_dag.py
[2025-03-28T18:34:21.699+0000] {logging_mixin.py:190} INFO - [2025-03-28T18:34:21.698+0000] {dag.py:3239} INFO - Sync 1 DAGs
[2025-03-28T18:34:21.714+0000] {logging_mixin.py:190} INFO - [2025-03-28T18:34:21.714+0000] {dag.py:4180} INFO - Setting next_dagrun for example_nested_branch_dag to 2025-03-27 00:00:00+00:00, run_after=2025-03-28 00:00:00+00:00
[2025-03-28T18:34:21.729+0000] {processor.py:208} INFO - Processing /usr/local/python/3.12.1/lib/python3.12/site-packages/airflow/example_dags/example_nested_branch_dag.py took 0.057 seconds
[2025-03-28T18:35:11.922+0000] {processor.py:186} INFO - Started process (PID=15035) to work on /usr/local/python/3.12.1/lib/python3.12/site-packages/airflow/example_dags/example_nested_branch_dag.py
[2025-03-28T18:35:11.923+0000] {processor.py:914} INFO - Processing file /usr/local/python/3.12.1/lib/python3.12/site-packages/airflow/example_dags/example_nested_branch_dag.py for tasks to queue
[2025-03-28T18:35:11.924+0000] {logging_mixin.py:190} INFO - [2025-03-28T18:35:11.924+0000] {dagbag.py:588} INFO - Filling up the DagBag from /usr/local/python/3.12.1/lib/python3.12/site-packages/airflow/example_dags/example_nested_branch_dag.py
[2025-03-28T18:35:11.933+0000] {processor.py:925} INFO - DAG(s) 'example_nested_branch_dag' retrieved from /usr/local/python/3.12.1/lib/python3.12/site-packages/airflow/example_dags/example_nested_branch_dag.py
[2025-03-28T18:35:11.947+0000] {logging_mixin.py:190} INFO - [2025-03-28T18:35:11.947+0000] {dag.py:3239} INFO - Sync 1 DAGs
[2025-03-28T18:35:11.963+0000] {logging_mixin.py:190} INFO - [2025-03-28T18:35:11.963+0000] {dag.py:4180} INFO - Setting next_dagrun for example_nested_branch_dag to 2025-03-27 00:00:00+00:00, run_after=2025-03-28 00:00:00+00:00
[2025-03-28T18:35:11.978+0000] {processor.py:208} INFO - Processing /usr/local/python/3.12.1/lib/python3.12/site-packages/airflow/example_dags/example_nested_branch_dag.py took 0.060 seconds
[2025-03-28T18:36:01.579+0000] {processor.py:186} INFO - Started process (PID=15470) to work on /usr/local/python/3.12.1/lib/python3.12/site-packages/airflow/example_dags/example_nested_branch_dag.py
[2025-03-28T18:36:01.579+0000] {processor.py:914} INFO - Processing file /usr/local/python/3.12.1/lib/python3.12/site-packages/airflow/example_dags/example_nested_branch_dag.py for tasks to queue
[2025-03-28T18:36:01.581+0000] {logging_mixin.py:190} INFO - [2025-03-28T18:36:01.580+0000] {dagbag.py:588} INFO - Filling up the DagBag from /usr/local/python/3.12.1/lib/python3.12/site-packages/airflow/example_dags/example_nested_branch_dag.py
[2025-03-28T18:36:01.589+0000] {processor.py:925} INFO - DAG(s) 'example_nested_branch_dag' retrieved from /usr/local/python/3.12.1/lib/python3.12/site-packages/airflow/example_dags/example_nested_branch_dag.py
[2025-03-28T18:36:01.601+0000] {logging_mixin.py:190} INFO - [2025-03-28T18:36:01.601+0000] {dag.py:3239} INFO - Sync 1 DAGs
[2025-03-28T18:36:01.617+0000] {logging_mixin.py:190} INFO - [2025-03-28T18:36:01.617+0000] {dag.py:4180} INFO - Setting next_dagrun for example_nested_branch_dag to 2025-03-27 00:00:00+00:00, run_after=2025-03-28 00:00:00+00:00
[2025-03-28T18:36:01.631+0000] {processor.py:208} INFO - Processing /usr/local/python/3.12.1/lib/python3.12/site-packages/airflow/example_dags/example_nested_branch_dag.py took 0.056 seconds
[2025-03-28T18:37:58.420+0000] {processor.py:186} INFO - Started process (PID=16789) to work on /usr/local/python/3.12.1/lib/python3.12/site-packages/airflow/example_dags/example_nested_branch_dag.py
[2025-03-28T18:37:58.421+0000] {processor.py:914} INFO - Processing file /usr/local/python/3.12.1/lib/python3.12/site-packages/airflow/example_dags/example_nested_branch_dag.py for tasks to queue
[2025-03-28T18:37:58.422+0000] {logging_mixin.py:190} INFO - [2025-03-28T18:37:58.422+0000] {dagbag.py:588} INFO - Filling up the DagBag from /usr/local/python/3.12.1/lib/python3.12/site-packages/airflow/example_dags/example_nested_branch_dag.py
[2025-03-28T18:37:58.431+0000] {processor.py:925} INFO - DAG(s) 'example_nested_branch_dag' retrieved from /usr/local/python/3.12.1/lib/python3.12/site-packages/airflow/example_dags/example_nested_branch_dag.py
[2025-03-28T18:37:58.444+0000] {logging_mixin.py:190} INFO - [2025-03-28T18:37:58.444+0000] {dag.py:3239} INFO - Sync 1 DAGs
[2025-03-28T18:37:58.460+0000] {logging_mixin.py:190} INFO - [2025-03-28T18:37:58.460+0000] {dag.py:4180} INFO - Setting next_dagrun for example_nested_branch_dag to 2025-03-27 00:00:00+00:00, run_after=2025-03-28 00:00:00+00:00
[2025-03-28T18:37:58.475+0000] {processor.py:208} INFO - Processing /usr/local/python/3.12.1/lib/python3.12/site-packages/airflow/example_dags/example_nested_branch_dag.py took 0.059 seconds
[2025-03-28T18:38:53.925+0000] {processor.py:186} INFO - Started process (PID=17248) to work on /usr/local/python/3.12.1/lib/python3.12/site-packages/airflow/example_dags/example_nested_branch_dag.py
[2025-03-28T18:38:53.926+0000] {processor.py:914} INFO - Processing file /usr/local/python/3.12.1/lib/python3.12/site-packages/airflow/example_dags/example_nested_branch_dag.py for tasks to queue
[2025-03-28T18:38:53.927+0000] {logging_mixin.py:190} INFO - [2025-03-28T18:38:53.927+0000] {dagbag.py:588} INFO - Filling up the DagBag from /usr/local/python/3.12.1/lib/python3.12/site-packages/airflow/example_dags/example_nested_branch_dag.py
[2025-03-28T18:38:53.936+0000] {processor.py:925} INFO - DAG(s) 'example_nested_branch_dag' retrieved from /usr/local/python/3.12.1/lib/python3.12/site-packages/airflow/example_dags/example_nested_branch_dag.py
[2025-03-28T18:38:53.948+0000] {logging_mixin.py:190} INFO - [2025-03-28T18:38:53.948+0000] {dag.py:3239} INFO - Sync 1 DAGs
[2025-03-28T18:38:53.964+0000] {logging_mixin.py:190} INFO - [2025-03-28T18:38:53.964+0000] {dag.py:4180} INFO - Setting next_dagrun for example_nested_branch_dag to 2025-03-27 00:00:00+00:00, run_after=2025-03-28 00:00:00+00:00
[2025-03-28T18:38:53.979+0000] {processor.py:208} INFO - Processing /usr/local/python/3.12.1/lib/python3.12/site-packages/airflow/example_dags/example_nested_branch_dag.py took 0.058 seconds
[2025-03-28T18:40:48.395+0000] {processor.py:186} INFO - Started process (PID=18430) to work on /usr/local/python/3.12.1/lib/python3.12/site-packages/airflow/example_dags/example_nested_branch_dag.py
[2025-03-28T18:40:48.395+0000] {processor.py:914} INFO - Processing file /usr/local/python/3.12.1/lib/python3.12/site-packages/airflow/example_dags/example_nested_branch_dag.py for tasks to queue
[2025-03-28T18:40:48.397+0000] {logging_mixin.py:190} INFO - [2025-03-28T18:40:48.396+0000] {dagbag.py:588} INFO - Filling up the DagBag from /usr/local/python/3.12.1/lib/python3.12/site-packages/airflow/example_dags/example_nested_branch_dag.py
[2025-03-28T18:40:48.405+0000] {processor.py:925} INFO - DAG(s) 'example_nested_branch_dag' retrieved from /usr/local/python/3.12.1/lib/python3.12/site-packages/airflow/example_dags/example_nested_branch_dag.py
[2025-03-28T18:40:48.419+0000] {logging_mixin.py:190} INFO - [2025-03-28T18:40:48.419+0000] {dag.py:3239} INFO - Sync 1 DAGs
[2025-03-28T18:40:48.436+0000] {logging_mixin.py:190} INFO - [2025-03-28T18:40:48.435+0000] {dag.py:4180} INFO - Setting next_dagrun for example_nested_branch_dag to 2025-03-27 00:00:00+00:00, run_after=2025-03-28 00:00:00+00:00
[2025-03-28T18:40:48.450+0000] {processor.py:208} INFO - Processing /usr/local/python/3.12.1/lib/python3.12/site-packages/airflow/example_dags/example_nested_branch_dag.py took 0.059 seconds
[2025-03-28T18:41:41.665+0000] {processor.py:186} INFO - Started process (PID=19030) to work on /usr/local/python/3.12.1/lib/python3.12/site-packages/airflow/example_dags/example_nested_branch_dag.py
[2025-03-28T18:41:41.665+0000] {processor.py:914} INFO - Processing file /usr/local/python/3.12.1/lib/python3.12/site-packages/airflow/example_dags/example_nested_branch_dag.py for tasks to queue
[2025-03-28T18:41:41.667+0000] {logging_mixin.py:190} INFO - [2025-03-28T18:41:41.667+0000] {dagbag.py:588} INFO - Filling up the DagBag from /usr/local/python/3.12.1/lib/python3.12/site-packages/airflow/example_dags/example_nested_branch_dag.py
[2025-03-28T18:41:41.678+0000] {processor.py:925} INFO - DAG(s) 'example_nested_branch_dag' retrieved from /usr/local/python/3.12.1/lib/python3.12/site-packages/airflow/example_dags/example_nested_branch_dag.py
[2025-03-28T18:41:41.694+0000] {logging_mixin.py:190} INFO - [2025-03-28T18:41:41.694+0000] {dag.py:3239} INFO - Sync 1 DAGs
[2025-03-28T18:41:41.713+0000] {logging_mixin.py:190} INFO - [2025-03-28T18:41:41.713+0000] {dag.py:4180} INFO - Setting next_dagrun for example_nested_branch_dag to 2025-03-27 00:00:00+00:00, run_after=2025-03-28 00:00:00+00:00
[2025-03-28T18:41:41.728+0000] {processor.py:208} INFO - Processing /usr/local/python/3.12.1/lib/python3.12/site-packages/airflow/example_dags/example_nested_branch_dag.py took 0.069 seconds
[2025-03-28T18:42:39.299+0000] {processor.py:186} INFO - Started process (PID=19524) to work on /usr/local/python/3.12.1/lib/python3.12/site-packages/airflow/example_dags/example_nested_branch_dag.py
[2025-03-28T18:42:39.300+0000] {processor.py:914} INFO - Processing file /usr/local/python/3.12.1/lib/python3.12/site-packages/airflow/example_dags/example_nested_branch_dag.py for tasks to queue
[2025-03-28T18:42:39.301+0000] {logging_mixin.py:190} INFO - [2025-03-28T18:42:39.301+0000] {dagbag.py:588} INFO - Filling up the DagBag from /usr/local/python/3.12.1/lib/python3.12/site-packages/airflow/example_dags/example_nested_branch_dag.py
[2025-03-28T18:42:39.310+0000] {processor.py:925} INFO - DAG(s) 'example_nested_branch_dag' retrieved from /usr/local/python/3.12.1/lib/python3.12/site-packages/airflow/example_dags/example_nested_branch_dag.py
[2025-03-28T18:42:39.322+0000] {logging_mixin.py:190} INFO - [2025-03-28T18:42:39.321+0000] {dag.py:3239} INFO - Sync 1 DAGs
[2025-03-28T18:42:39.338+0000] {logging_mixin.py:190} INFO - [2025-03-28T18:42:39.337+0000] {dag.py:4180} INFO - Setting next_dagrun for example_nested_branch_dag to 2025-03-27 00:00:00+00:00, run_after=2025-03-28 00:00:00+00:00
[2025-03-28T18:42:39.353+0000] {processor.py:208} INFO - Processing /usr/local/python/3.12.1/lib/python3.12/site-packages/airflow/example_dags/example_nested_branch_dag.py took 0.058 seconds
[2025-03-28T18:43:35.353+0000] {processor.py:186} INFO - Started process (PID=20035) to work on /usr/local/python/3.12.1/lib/python3.12/site-packages/airflow/example_dags/example_nested_branch_dag.py
[2025-03-28T18:43:35.353+0000] {processor.py:914} INFO - Processing file /usr/local/python/3.12.1/lib/python3.12/site-packages/airflow/example_dags/example_nested_branch_dag.py for tasks to queue
[2025-03-28T18:43:35.355+0000] {logging_mixin.py:190} INFO - [2025-03-28T18:43:35.354+0000] {dagbag.py:588} INFO - Filling up the DagBag from /usr/local/python/3.12.1/lib/python3.12/site-packages/airflow/example_dags/example_nested_branch_dag.py
[2025-03-28T18:43:35.363+0000] {processor.py:925} INFO - DAG(s) 'example_nested_branch_dag' retrieved from /usr/local/python/3.12.1/lib/python3.12/site-packages/airflow/example_dags/example_nested_branch_dag.py
[2025-03-28T18:43:35.375+0000] {logging_mixin.py:190} INFO - [2025-03-28T18:43:35.375+0000] {dag.py:3239} INFO - Sync 1 DAGs
[2025-03-28T18:43:35.391+0000] {logging_mixin.py:190} INFO - [2025-03-28T18:43:35.391+0000] {dag.py:4180} INFO - Setting next_dagrun for example_nested_branch_dag to 2025-03-27 00:00:00+00:00, run_after=2025-03-28 00:00:00+00:00
[2025-03-28T18:43:35.406+0000] {processor.py:208} INFO - Processing /usr/local/python/3.12.1/lib/python3.12/site-packages/airflow/example_dags/example_nested_branch_dag.py took 0.057 seconds
[2025-03-28T18:44:32.254+0000] {processor.py:186} INFO - Started process (PID=20548) to work on /usr/local/python/3.12.1/lib/python3.12/site-packages/airflow/example_dags/example_nested_branch_dag.py
[2025-03-28T18:44:32.255+0000] {processor.py:914} INFO - Processing file /usr/local/python/3.12.1/lib/python3.12/site-packages/airflow/example_dags/example_nested_branch_dag.py for tasks to queue
[2025-03-28T18:44:32.257+0000] {logging_mixin.py:190} INFO - [2025-03-28T18:44:32.256+0000] {dagbag.py:588} INFO - Filling up the DagBag from /usr/local/python/3.12.1/lib/python3.12/site-packages/airflow/example_dags/example_nested_branch_dag.py
[2025-03-28T18:44:32.266+0000] {processor.py:925} INFO - DAG(s) 'example_nested_branch_dag' retrieved from /usr/local/python/3.12.1/lib/python3.12/site-packages/airflow/example_dags/example_nested_branch_dag.py
[2025-03-28T18:44:32.278+0000] {logging_mixin.py:190} INFO - [2025-03-28T18:44:32.278+0000] {dag.py:3239} INFO - Sync 1 DAGs
[2025-03-28T18:44:32.294+0000] {logging_mixin.py:190} INFO - [2025-03-28T18:44:32.293+0000] {dag.py:4180} INFO - Setting next_dagrun for example_nested_branch_dag to 2025-03-27 00:00:00+00:00, run_after=2025-03-28 00:00:00+00:00
[2025-03-28T18:44:32.309+0000] {processor.py:208} INFO - Processing /usr/local/python/3.12.1/lib/python3.12/site-packages/airflow/example_dags/example_nested_branch_dag.py took 0.059 seconds
[2025-03-28T18:45:25.354+0000] {processor.py:186} INFO - Started process (PID=21012) to work on /usr/local/python/3.12.1/lib/python3.12/site-packages/airflow/example_dags/example_nested_branch_dag.py
[2025-03-28T18:45:25.355+0000] {processor.py:914} INFO - Processing file /usr/local/python/3.12.1/lib/python3.12/site-packages/airflow/example_dags/example_nested_branch_dag.py for tasks to queue
[2025-03-28T18:45:25.356+0000] {logging_mixin.py:190} INFO - [2025-03-28T18:45:25.356+0000] {dagbag.py:588} INFO - Filling up the DagBag from /usr/local/python/3.12.1/lib/python3.12/site-packages/airflow/example_dags/example_nested_branch_dag.py
[2025-03-28T18:45:25.365+0000] {processor.py:925} INFO - DAG(s) 'example_nested_branch_dag' retrieved from /usr/local/python/3.12.1/lib/python3.12/site-packages/airflow/example_dags/example_nested_branch_dag.py
[2025-03-28T18:45:25.377+0000] {logging_mixin.py:190} INFO - [2025-03-28T18:45:25.377+0000] {dag.py:3239} INFO - Sync 1 DAGs
[2025-03-28T18:45:25.392+0000] {logging_mixin.py:190} INFO - [2025-03-28T18:45:25.392+0000] {dag.py:4180} INFO - Setting next_dagrun for example_nested_branch_dag to 2025-03-27 00:00:00+00:00, run_after=2025-03-28 00:00:00+00:00
[2025-03-28T18:45:25.407+0000] {processor.py:208} INFO - Processing /usr/local/python/3.12.1/lib/python3.12/site-packages/airflow/example_dags/example_nested_branch_dag.py took 0.057 seconds
[2025-03-28T18:46:19.723+0000] {processor.py:186} INFO - Started process (PID=21480) to work on /usr/local/python/3.12.1/lib/python3.12/site-packages/airflow/example_dags/example_nested_branch_dag.py
[2025-03-28T18:46:19.723+0000] {processor.py:914} INFO - Processing file /usr/local/python/3.12.1/lib/python3.12/site-packages/airflow/example_dags/example_nested_branch_dag.py for tasks to queue
[2025-03-28T18:46:19.725+0000] {logging_mixin.py:190} INFO - [2025-03-28T18:46:19.725+0000] {dagbag.py:588} INFO - Filling up the DagBag from /usr/local/python/3.12.1/lib/python3.12/site-packages/airflow/example_dags/example_nested_branch_dag.py
[2025-03-28T18:46:19.736+0000] {processor.py:925} INFO - DAG(s) 'example_nested_branch_dag' retrieved from /usr/local/python/3.12.1/lib/python3.12/site-packages/airflow/example_dags/example_nested_branch_dag.py
[2025-03-28T18:46:19.750+0000] {logging_mixin.py:190} INFO - [2025-03-28T18:46:19.749+0000] {dag.py:3239} INFO - Sync 1 DAGs
[2025-03-28T18:46:19.768+0000] {logging_mixin.py:190} INFO - [2025-03-28T18:46:19.768+0000] {dag.py:4180} INFO - Setting next_dagrun for example_nested_branch_dag to 2025-03-27 00:00:00+00:00, run_after=2025-03-28 00:00:00+00:00
[2025-03-28T18:46:19.787+0000] {processor.py:208} INFO - Processing /usr/local/python/3.12.1/lib/python3.12/site-packages/airflow/example_dags/example_nested_branch_dag.py took 0.069 seconds
[2025-03-28T18:47:13.251+0000] {processor.py:186} INFO - Started process (PID=21952) to work on /usr/local/python/3.12.1/lib/python3.12/site-packages/airflow/example_dags/example_nested_branch_dag.py
[2025-03-28T18:47:13.252+0000] {processor.py:914} INFO - Processing file /usr/local/python/3.12.1/lib/python3.12/site-packages/airflow/example_dags/example_nested_branch_dag.py for tasks to queue
[2025-03-28T18:47:13.253+0000] {logging_mixin.py:190} INFO - [2025-03-28T18:47:13.252+0000] {dagbag.py:588} INFO - Filling up the DagBag from /usr/local/python/3.12.1/lib/python3.12/site-packages/airflow/example_dags/example_nested_branch_dag.py
[2025-03-28T18:47:13.262+0000] {processor.py:925} INFO - DAG(s) 'example_nested_branch_dag' retrieved from /usr/local/python/3.12.1/lib/python3.12/site-packages/airflow/example_dags/example_nested_branch_dag.py
[2025-03-28T18:47:13.274+0000] {logging_mixin.py:190} INFO - [2025-03-28T18:47:13.274+0000] {dag.py:3239} INFO - Sync 1 DAGs
[2025-03-28T18:47:13.295+0000] {logging_mixin.py:190} INFO - [2025-03-28T18:47:13.295+0000] {dag.py:4180} INFO - Setting next_dagrun for example_nested_branch_dag to 2025-03-27 00:00:00+00:00, run_after=2025-03-28 00:00:00+00:00
[2025-03-28T18:47:13.310+0000] {processor.py:208} INFO - Processing /usr/local/python/3.12.1/lib/python3.12/site-packages/airflow/example_dags/example_nested_branch_dag.py took 0.063 seconds
[2025-03-28T18:48:05.647+0000] {processor.py:186} INFO - Started process (PID=22377) to work on /usr/local/python/3.12.1/lib/python3.12/site-packages/airflow/example_dags/example_nested_branch_dag.py
[2025-03-28T18:48:05.647+0000] {processor.py:914} INFO - Processing file /usr/local/python/3.12.1/lib/python3.12/site-packages/airflow/example_dags/example_nested_branch_dag.py for tasks to queue
[2025-03-28T18:48:05.648+0000] {logging_mixin.py:190} INFO - [2025-03-28T18:48:05.648+0000] {dagbag.py:588} INFO - Filling up the DagBag from /usr/local/python/3.12.1/lib/python3.12/site-packages/airflow/example_dags/example_nested_branch_dag.py
[2025-03-28T18:48:05.657+0000] {processor.py:925} INFO - DAG(s) 'example_nested_branch_dag' retrieved from /usr/local/python/3.12.1/lib/python3.12/site-packages/airflow/example_dags/example_nested_branch_dag.py
[2025-03-28T18:48:05.669+0000] {logging_mixin.py:190} INFO - [2025-03-28T18:48:05.669+0000] {dag.py:3239} INFO - Sync 1 DAGs
[2025-03-28T18:48:05.685+0000] {logging_mixin.py:190} INFO - [2025-03-28T18:48:05.684+0000] {dag.py:4180} INFO - Setting next_dagrun for example_nested_branch_dag to 2025-03-27 00:00:00+00:00, run_after=2025-03-28 00:00:00+00:00
[2025-03-28T18:48:05.702+0000] {processor.py:208} INFO - Processing /usr/local/python/3.12.1/lib/python3.12/site-packages/airflow/example_dags/example_nested_branch_dag.py took 0.059 seconds
[2025-03-28T18:49:00.999+0000] {processor.py:186} INFO - Started process (PID=22834) to work on /usr/local/python/3.12.1/lib/python3.12/site-packages/airflow/example_dags/example_nested_branch_dag.py
[2025-03-28T18:49:01.000+0000] {processor.py:914} INFO - Processing file /usr/local/python/3.12.1/lib/python3.12/site-packages/airflow/example_dags/example_nested_branch_dag.py for tasks to queue
[2025-03-28T18:49:01.000+0000] {logging_mixin.py:190} INFO - [2025-03-28T18:49:01.000+0000] {dagbag.py:588} INFO - Filling up the DagBag from /usr/local/python/3.12.1/lib/python3.12/site-packages/airflow/example_dags/example_nested_branch_dag.py
[2025-03-28T18:49:01.009+0000] {processor.py:925} INFO - DAG(s) 'example_nested_branch_dag' retrieved from /usr/local/python/3.12.1/lib/python3.12/site-packages/airflow/example_dags/example_nested_branch_dag.py
[2025-03-28T18:49:01.021+0000] {logging_mixin.py:190} INFO - [2025-03-28T18:49:01.021+0000] {dag.py:3239} INFO - Sync 1 DAGs
[2025-03-28T18:49:01.037+0000] {logging_mixin.py:190} INFO - [2025-03-28T18:49:01.037+0000] {dag.py:4180} INFO - Setting next_dagrun for example_nested_branch_dag to 2025-03-27 00:00:00+00:00, run_after=2025-03-28 00:00:00+00:00
[2025-03-28T18:49:01.052+0000] {processor.py:208} INFO - Processing /usr/local/python/3.12.1/lib/python3.12/site-packages/airflow/example_dags/example_nested_branch_dag.py took 0.057 seconds
[2025-03-28T18:49:56.498+0000] {processor.py:186} INFO - Started process (PID=23297) to work on /usr/local/python/3.12.1/lib/python3.12/site-packages/airflow/example_dags/example_nested_branch_dag.py
[2025-03-28T18:49:56.498+0000] {processor.py:914} INFO - Processing file /usr/local/python/3.12.1/lib/python3.12/site-packages/airflow/example_dags/example_nested_branch_dag.py for tasks to queue
[2025-03-28T18:49:56.499+0000] {logging_mixin.py:190} INFO - [2025-03-28T18:49:56.499+0000] {dagbag.py:588} INFO - Filling up the DagBag from /usr/local/python/3.12.1/lib/python3.12/site-packages/airflow/example_dags/example_nested_branch_dag.py
[2025-03-28T18:49:56.508+0000] {processor.py:925} INFO - DAG(s) 'example_nested_branch_dag' retrieved from /usr/local/python/3.12.1/lib/python3.12/site-packages/airflow/example_dags/example_nested_branch_dag.py
[2025-03-28T18:49:56.520+0000] {logging_mixin.py:190} INFO - [2025-03-28T18:49:56.520+0000] {dag.py:3239} INFO - Sync 1 DAGs
[2025-03-28T18:49:56.537+0000] {logging_mixin.py:190} INFO - [2025-03-28T18:49:56.537+0000] {dag.py:4180} INFO - Setting next_dagrun for example_nested_branch_dag to 2025-03-27 00:00:00+00:00, run_after=2025-03-28 00:00:00+00:00
[2025-03-28T18:49:56.552+0000] {processor.py:208} INFO - Processing /usr/local/python/3.12.1/lib/python3.12/site-packages/airflow/example_dags/example_nested_branch_dag.py took 0.059 seconds
[2025-03-28T18:50:54.010+0000] {processor.py:186} INFO - Started process (PID=23742) to work on /usr/local/python/3.12.1/lib/python3.12/site-packages/airflow/example_dags/example_nested_branch_dag.py
[2025-03-28T18:50:54.010+0000] {processor.py:914} INFO - Processing file /usr/local/python/3.12.1/lib/python3.12/site-packages/airflow/example_dags/example_nested_branch_dag.py for tasks to queue
[2025-03-28T18:50:54.011+0000] {logging_mixin.py:190} INFO - [2025-03-28T18:50:54.011+0000] {dagbag.py:588} INFO - Filling up the DagBag from /usr/local/python/3.12.1/lib/python3.12/site-packages/airflow/example_dags/example_nested_branch_dag.py
[2025-03-28T18:50:54.020+0000] {processor.py:925} INFO - DAG(s) 'example_nested_branch_dag' retrieved from /usr/local/python/3.12.1/lib/python3.12/site-packages/airflow/example_dags/example_nested_branch_dag.py
[2025-03-28T18:50:54.032+0000] {logging_mixin.py:190} INFO - [2025-03-28T18:50:54.032+0000] {dag.py:3239} INFO - Sync 1 DAGs
[2025-03-28T18:50:54.048+0000] {logging_mixin.py:190} INFO - [2025-03-28T18:50:54.048+0000] {dag.py:4180} INFO - Setting next_dagrun for example_nested_branch_dag to 2025-03-27 00:00:00+00:00, run_after=2025-03-28 00:00:00+00:00
[2025-03-28T18:50:54.063+0000] {processor.py:208} INFO - Processing /usr/local/python/3.12.1/lib/python3.12/site-packages/airflow/example_dags/example_nested_branch_dag.py took 0.057 seconds
[2025-03-28T18:53:26.341+0000] {processor.py:186} INFO - Started process (PID=25235) to work on /usr/local/python/3.12.1/lib/python3.12/site-packages/airflow/example_dags/example_nested_branch_dag.py
[2025-03-28T18:53:26.342+0000] {processor.py:914} INFO - Processing file /usr/local/python/3.12.1/lib/python3.12/site-packages/airflow/example_dags/example_nested_branch_dag.py for tasks to queue
[2025-03-28T18:53:26.343+0000] {logging_mixin.py:190} INFO - [2025-03-28T18:53:26.342+0000] {dagbag.py:588} INFO - Filling up the DagBag from /usr/local/python/3.12.1/lib/python3.12/site-packages/airflow/example_dags/example_nested_branch_dag.py
[2025-03-28T18:53:26.352+0000] {processor.py:925} INFO - DAG(s) 'example_nested_branch_dag' retrieved from /usr/local/python/3.12.1/lib/python3.12/site-packages/airflow/example_dags/example_nested_branch_dag.py
[2025-03-28T18:53:26.364+0000] {logging_mixin.py:190} INFO - [2025-03-28T18:53:26.364+0000] {dag.py:3239} INFO - Sync 1 DAGs
[2025-03-28T18:53:26.380+0000] {logging_mixin.py:190} INFO - [2025-03-28T18:53:26.380+0000] {dag.py:4180} INFO - Setting next_dagrun for example_nested_branch_dag to 2025-03-27 00:00:00+00:00, run_after=2025-03-28 00:00:00+00:00
[2025-03-28T18:53:26.395+0000] {processor.py:208} INFO - Processing /usr/local/python/3.12.1/lib/python3.12/site-packages/airflow/example_dags/example_nested_branch_dag.py took 0.058 seconds
[2025-03-28T18:56:00.112+0000] {processor.py:186} INFO - Started process (PID=26782) to work on /usr/local/python/3.12.1/lib/python3.12/site-packages/airflow/example_dags/example_nested_branch_dag.py
[2025-03-28T18:56:00.112+0000] {processor.py:914} INFO - Processing file /usr/local/python/3.12.1/lib/python3.12/site-packages/airflow/example_dags/example_nested_branch_dag.py for tasks to queue
[2025-03-28T18:56:00.113+0000] {logging_mixin.py:190} INFO - [2025-03-28T18:56:00.113+0000] {dagbag.py:588} INFO - Filling up the DagBag from /usr/local/python/3.12.1/lib/python3.12/site-packages/airflow/example_dags/example_nested_branch_dag.py
[2025-03-28T18:56:00.122+0000] {processor.py:925} INFO - DAG(s) 'example_nested_branch_dag' retrieved from /usr/local/python/3.12.1/lib/python3.12/site-packages/airflow/example_dags/example_nested_branch_dag.py
[2025-03-28T18:56:00.134+0000] {logging_mixin.py:190} INFO - [2025-03-28T18:56:00.134+0000] {dag.py:3239} INFO - Sync 1 DAGs
[2025-03-28T18:56:00.150+0000] {logging_mixin.py:190} INFO - [2025-03-28T18:56:00.150+0000] {dag.py:4180} INFO - Setting next_dagrun for example_nested_branch_dag to 2025-03-27 00:00:00+00:00, run_after=2025-03-28 00:00:00+00:00
[2025-03-28T18:56:00.166+0000] {processor.py:208} INFO - Processing /usr/local/python/3.12.1/lib/python3.12/site-packages/airflow/example_dags/example_nested_branch_dag.py took 0.058 seconds
[2025-03-28T18:58:34.374+0000] {processor.py:186} INFO - Started process (PID=28495) to work on /usr/local/python/3.12.1/lib/python3.12/site-packages/airflow/example_dags/example_nested_branch_dag.py
[2025-03-28T18:58:34.375+0000] {processor.py:914} INFO - Processing file /usr/local/python/3.12.1/lib/python3.12/site-packages/airflow/example_dags/example_nested_branch_dag.py for tasks to queue
[2025-03-28T18:58:34.375+0000] {logging_mixin.py:190} INFO - [2025-03-28T18:58:34.375+0000] {dagbag.py:588} INFO - Filling up the DagBag from /usr/local/python/3.12.1/lib/python3.12/site-packages/airflow/example_dags/example_nested_branch_dag.py
[2025-03-28T18:58:34.385+0000] {processor.py:925} INFO - DAG(s) 'example_nested_branch_dag' retrieved from /usr/local/python/3.12.1/lib/python3.12/site-packages/airflow/example_dags/example_nested_branch_dag.py
[2025-03-28T18:58:34.397+0000] {logging_mixin.py:190} INFO - [2025-03-28T18:58:34.396+0000] {dag.py:3239} INFO - Sync 1 DAGs
[2025-03-28T18:58:34.413+0000] {logging_mixin.py:190} INFO - [2025-03-28T18:58:34.412+0000] {dag.py:4180} INFO - Setting next_dagrun for example_nested_branch_dag to 2025-03-27 00:00:00+00:00, run_after=2025-03-28 00:00:00+00:00
[2025-03-28T18:58:34.441+0000] {processor.py:208} INFO - Processing /usr/local/python/3.12.1/lib/python3.12/site-packages/airflow/example_dags/example_nested_branch_dag.py took 0.071 seconds
[2025-03-28T19:01:10.118+0000] {processor.py:186} INFO - Started process (PID=30090) to work on /usr/local/python/3.12.1/lib/python3.12/site-packages/airflow/example_dags/example_nested_branch_dag.py
[2025-03-28T19:01:10.118+0000] {processor.py:914} INFO - Processing file /usr/local/python/3.12.1/lib/python3.12/site-packages/airflow/example_dags/example_nested_branch_dag.py for tasks to queue
[2025-03-28T19:01:10.119+0000] {logging_mixin.py:190} INFO - [2025-03-28T19:01:10.119+0000] {dagbag.py:588} INFO - Filling up the DagBag from /usr/local/python/3.12.1/lib/python3.12/site-packages/airflow/example_dags/example_nested_branch_dag.py
[2025-03-28T19:01:10.128+0000] {processor.py:925} INFO - DAG(s) 'example_nested_branch_dag' retrieved from /usr/local/python/3.12.1/lib/python3.12/site-packages/airflow/example_dags/example_nested_branch_dag.py
[2025-03-28T19:01:10.140+0000] {logging_mixin.py:190} INFO - [2025-03-28T19:01:10.140+0000] {dag.py:3239} INFO - Sync 1 DAGs
[2025-03-28T19:01:10.156+0000] {logging_mixin.py:190} INFO - [2025-03-28T19:01:10.156+0000] {dag.py:4180} INFO - Setting next_dagrun for example_nested_branch_dag to 2025-03-27 00:00:00+00:00, run_after=2025-03-28 00:00:00+00:00
[2025-03-28T19:01:10.171+0000] {processor.py:208} INFO - Processing /usr/local/python/3.12.1/lib/python3.12/site-packages/airflow/example_dags/example_nested_branch_dag.py took 0.057 seconds
[2025-03-28T19:03:45.322+0000] {processor.py:186} INFO - Started process (PID=31996) to work on /usr/local/python/3.12.1/lib/python3.12/site-packages/airflow/example_dags/example_nested_branch_dag.py
[2025-03-28T19:03:45.323+0000] {processor.py:914} INFO - Processing file /usr/local/python/3.12.1/lib/python3.12/site-packages/airflow/example_dags/example_nested_branch_dag.py for tasks to queue
[2025-03-28T19:03:45.323+0000] {logging_mixin.py:190} INFO - [2025-03-28T19:03:45.323+0000] {dagbag.py:588} INFO - Filling up the DagBag from /usr/local/python/3.12.1/lib/python3.12/site-packages/airflow/example_dags/example_nested_branch_dag.py
[2025-03-28T19:03:45.332+0000] {processor.py:925} INFO - DAG(s) 'example_nested_branch_dag' retrieved from /usr/local/python/3.12.1/lib/python3.12/site-packages/airflow/example_dags/example_nested_branch_dag.py
[2025-03-28T19:03:45.344+0000] {logging_mixin.py:190} INFO - [2025-03-28T19:03:45.344+0000] {dag.py:3239} INFO - Sync 1 DAGs
[2025-03-28T19:03:45.361+0000] {logging_mixin.py:190} INFO - [2025-03-28T19:03:45.361+0000] {dag.py:4180} INFO - Setting next_dagrun for example_nested_branch_dag to 2025-03-27 00:00:00+00:00, run_after=2025-03-28 00:00:00+00:00
[2025-03-28T19:03:45.375+0000] {processor.py:208} INFO - Processing /usr/local/python/3.12.1/lib/python3.12/site-packages/airflow/example_dags/example_nested_branch_dag.py took 0.058 seconds
