[2025-03-28T18:24:11.611+0000] {processor.py:186} INFO - Started process (PID=9184) to work on /usr/local/python/3.12.1/lib/python3.12/site-packages/airflow/example_dags/example_skip_dag.py
[2025-03-28T18:24:11.612+0000] {processor.py:914} INFO - Processing file /usr/local/python/3.12.1/lib/python3.12/site-packages/airflow/example_dags/example_skip_dag.py for tasks to queue
[2025-03-28T18:24:11.613+0000] {logging_mixin.py:190} INFO - [2025-03-28T18:24:11.613+0000] {dagbag.py:588} INFO - Filling up the DagBag from /usr/local/python/3.12.1/lib/python3.12/site-packages/airflow/example_dags/example_skip_dag.py
[2025-03-28T18:24:11.619+0000] {processor.py:925} INFO - DAG(s) 'example_skip_dag' retrieved from /usr/local/python/3.12.1/lib/python3.12/site-packages/airflow/example_dags/example_skip_dag.py
[2025-03-28T18:24:11.704+0000] {logging_mixin.py:190} INFO - [2025-03-28T18:24:11.704+0000] {override.py:1930} INFO - Created Permission View: can edit on DAG:example_skip_dag
[2025-03-28T18:24:11.712+0000] {logging_mixin.py:190} INFO - [2025-03-28T18:24:11.712+0000] {override.py:1930} INFO - Created Permission View: can delete on DAG:example_skip_dag
[2025-03-28T18:24:11.718+0000] {logging_mixin.py:190} INFO - [2025-03-28T18:24:11.717+0000] {override.py:1930} INFO - Created Permission View: can read on DAG:example_skip_dag
[2025-03-28T18:24:11.726+0000] {logging_mixin.py:190} INFO - [2025-03-28T18:24:11.726+0000] {override.py:1930} INFO - Created Permission View: menu access on DAG Run:example_skip_dag
[2025-03-28T18:24:11.732+0000] {logging_mixin.py:190} INFO - [2025-03-28T18:24:11.732+0000] {override.py:1930} INFO - Created Permission View: can create on DAG Run:example_skip_dag
[2025-03-28T18:24:11.738+0000] {logging_mixin.py:190} INFO - [2025-03-28T18:24:11.737+0000] {override.py:1930} INFO - Created Permission View: can delete on DAG Run:example_skip_dag
[2025-03-28T18:24:11.743+0000] {logging_mixin.py:190} INFO - [2025-03-28T18:24:11.743+0000] {override.py:1930} INFO - Created Permission View: can read on DAG Run:example_skip_dag
[2025-03-28T18:24:11.744+0000] {logging_mixin.py:190} INFO - [2025-03-28T18:24:11.744+0000] {dag.py:3239} INFO - Sync 1 DAGs
[2025-03-28T18:24:11.753+0000] {logging_mixin.py:190} INFO - [2025-03-28T18:24:11.753+0000] {dag.py:3262} INFO - Creating ORM DAG for example_skip_dag
[2025-03-28T18:24:11.762+0000] {logging_mixin.py:190} INFO - [2025-03-28T18:24:11.762+0000] {dag.py:4180} INFO - Setting next_dagrun for example_skip_dag to 2025-03-27 00:00:00+00:00, run_after=2025-03-28 00:00:00+00:00
[2025-03-28T18:24:11.780+0000] {processor.py:208} INFO - Processing /usr/local/python/3.12.1/lib/python3.12/site-packages/airflow/example_dags/example_skip_dag.py took 0.173 seconds
[2025-03-28T18:25:10.477+0000] {processor.py:186} INFO - Started process (PID=9691) to work on /usr/local/python/3.12.1/lib/python3.12/site-packages/airflow/example_dags/example_skip_dag.py
[2025-03-28T18:25:10.477+0000] {processor.py:914} INFO - Processing file /usr/local/python/3.12.1/lib/python3.12/site-packages/airflow/example_dags/example_skip_dag.py for tasks to queue
[2025-03-28T18:25:10.479+0000] {logging_mixin.py:190} INFO - [2025-03-28T18:25:10.478+0000] {dagbag.py:588} INFO - Filling up the DagBag from /usr/local/python/3.12.1/lib/python3.12/site-packages/airflow/example_dags/example_skip_dag.py
[2025-03-28T18:25:10.485+0000] {processor.py:925} INFO - DAG(s) 'example_skip_dag' retrieved from /usr/local/python/3.12.1/lib/python3.12/site-packages/airflow/example_dags/example_skip_dag.py
[2025-03-28T18:25:10.497+0000] {logging_mixin.py:190} INFO - [2025-03-28T18:25:10.497+0000] {dag.py:3239} INFO - Sync 1 DAGs
[2025-03-28T18:25:10.512+0000] {logging_mixin.py:190} INFO - [2025-03-28T18:25:10.512+0000] {dag.py:4180} INFO - Setting next_dagrun for example_skip_dag to 2025-03-27 00:00:00+00:00, run_after=2025-03-28 00:00:00+00:00
[2025-03-28T18:25:10.527+0000] {processor.py:208} INFO - Processing /usr/local/python/3.12.1/lib/python3.12/site-packages/airflow/example_dags/example_skip_dag.py took 0.054 seconds
[2025-03-28T18:26:03.477+0000] {processor.py:186} INFO - Started process (PID=10156) to work on /usr/local/python/3.12.1/lib/python3.12/site-packages/airflow/example_dags/example_skip_dag.py
[2025-03-28T18:26:03.477+0000] {processor.py:914} INFO - Processing file /usr/local/python/3.12.1/lib/python3.12/site-packages/airflow/example_dags/example_skip_dag.py for tasks to queue
[2025-03-28T18:26:03.479+0000] {logging_mixin.py:190} INFO - [2025-03-28T18:26:03.478+0000] {dagbag.py:588} INFO - Filling up the DagBag from /usr/local/python/3.12.1/lib/python3.12/site-packages/airflow/example_dags/example_skip_dag.py
[2025-03-28T18:26:03.484+0000] {processor.py:925} INFO - DAG(s) 'example_skip_dag' retrieved from /usr/local/python/3.12.1/lib/python3.12/site-packages/airflow/example_dags/example_skip_dag.py
[2025-03-28T18:26:03.496+0000] {logging_mixin.py:190} INFO - [2025-03-28T18:26:03.496+0000] {dag.py:3239} INFO - Sync 1 DAGs
[2025-03-28T18:26:03.511+0000] {logging_mixin.py:190} INFO - [2025-03-28T18:26:03.511+0000] {dag.py:4180} INFO - Setting next_dagrun for example_skip_dag to 2025-03-27 00:00:00+00:00, run_after=2025-03-28 00:00:00+00:00
[2025-03-28T18:26:03.526+0000] {processor.py:208} INFO - Processing /usr/local/python/3.12.1/lib/python3.12/site-packages/airflow/example_dags/example_skip_dag.py took 0.053 seconds
[2025-03-28T18:28:12.791+0000] {processor.py:186} INFO - Started process (PID=11395) to work on /usr/local/python/3.12.1/lib/python3.12/site-packages/airflow/example_dags/example_skip_dag.py
[2025-03-28T18:28:12.792+0000] {processor.py:914} INFO - Processing file /usr/local/python/3.12.1/lib/python3.12/site-packages/airflow/example_dags/example_skip_dag.py for tasks to queue
[2025-03-28T18:28:12.793+0000] {logging_mixin.py:190} INFO - [2025-03-28T18:28:12.793+0000] {dagbag.py:588} INFO - Filling up the DagBag from /usr/local/python/3.12.1/lib/python3.12/site-packages/airflow/example_dags/example_skip_dag.py
[2025-03-28T18:28:12.799+0000] {processor.py:925} INFO - DAG(s) 'example_skip_dag' retrieved from /usr/local/python/3.12.1/lib/python3.12/site-packages/airflow/example_dags/example_skip_dag.py
[2025-03-28T18:28:12.812+0000] {logging_mixin.py:190} INFO - [2025-03-28T18:28:12.812+0000] {dag.py:3239} INFO - Sync 1 DAGs
[2025-03-28T18:28:12.827+0000] {logging_mixin.py:190} INFO - [2025-03-28T18:28:12.827+0000] {dag.py:4180} INFO - Setting next_dagrun for example_skip_dag to 2025-03-27 00:00:00+00:00, run_after=2025-03-28 00:00:00+00:00
[2025-03-28T18:28:12.841+0000] {processor.py:208} INFO - Processing /usr/local/python/3.12.1/lib/python3.12/site-packages/airflow/example_dags/example_skip_dag.py took 0.054 seconds
[2025-03-28T18:29:06.850+0000] {processor.py:186} INFO - Started process (PID=11823) to work on /usr/local/python/3.12.1/lib/python3.12/site-packages/airflow/example_dags/example_skip_dag.py
[2025-03-28T18:29:06.850+0000] {processor.py:914} INFO - Processing file /usr/local/python/3.12.1/lib/python3.12/site-packages/airflow/example_dags/example_skip_dag.py for tasks to queue
[2025-03-28T18:29:06.852+0000] {logging_mixin.py:190} INFO - [2025-03-28T18:29:06.851+0000] {dagbag.py:588} INFO - Filling up the DagBag from /usr/local/python/3.12.1/lib/python3.12/site-packages/airflow/example_dags/example_skip_dag.py
[2025-03-28T18:29:06.857+0000] {processor.py:925} INFO - DAG(s) 'example_skip_dag' retrieved from /usr/local/python/3.12.1/lib/python3.12/site-packages/airflow/example_dags/example_skip_dag.py
[2025-03-28T18:29:06.869+0000] {logging_mixin.py:190} INFO - [2025-03-28T18:29:06.869+0000] {dag.py:3239} INFO - Sync 1 DAGs
[2025-03-28T18:29:06.884+0000] {logging_mixin.py:190} INFO - [2025-03-28T18:29:06.884+0000] {dag.py:4180} INFO - Setting next_dagrun for example_skip_dag to 2025-03-27 00:00:00+00:00, run_after=2025-03-28 00:00:00+00:00
[2025-03-28T18:29:06.898+0000] {processor.py:208} INFO - Processing /usr/local/python/3.12.1/lib/python3.12/site-packages/airflow/example_dags/example_skip_dag.py took 0.052 seconds
[2025-03-28T18:30:00.692+0000] {processor.py:186} INFO - Started process (PID=12313) to work on /usr/local/python/3.12.1/lib/python3.12/site-packages/airflow/example_dags/example_skip_dag.py
[2025-03-28T18:30:00.693+0000] {processor.py:914} INFO - Processing file /usr/local/python/3.12.1/lib/python3.12/site-packages/airflow/example_dags/example_skip_dag.py for tasks to queue
[2025-03-28T18:30:00.694+0000] {logging_mixin.py:190} INFO - [2025-03-28T18:30:00.694+0000] {dagbag.py:588} INFO - Filling up the DagBag from /usr/local/python/3.12.1/lib/python3.12/site-packages/airflow/example_dags/example_skip_dag.py
[2025-03-28T18:30:00.700+0000] {processor.py:925} INFO - DAG(s) 'example_skip_dag' retrieved from /usr/local/python/3.12.1/lib/python3.12/site-packages/airflow/example_dags/example_skip_dag.py
[2025-03-28T18:30:00.712+0000] {logging_mixin.py:190} INFO - [2025-03-28T18:30:00.712+0000] {dag.py:3239} INFO - Sync 1 DAGs
[2025-03-28T18:30:00.727+0000] {logging_mixin.py:190} INFO - [2025-03-28T18:30:00.726+0000] {dag.py:4180} INFO - Setting next_dagrun for example_skip_dag to 2025-03-27 00:00:00+00:00, run_after=2025-03-28 00:00:00+00:00
[2025-03-28T18:30:00.741+0000] {processor.py:208} INFO - Processing /usr/local/python/3.12.1/lib/python3.12/site-packages/airflow/example_dags/example_skip_dag.py took 0.052 seconds
[2025-03-28T18:30:50.410+0000] {processor.py:186} INFO - Started process (PID=12728) to work on /usr/local/python/3.12.1/lib/python3.12/site-packages/airflow/example_dags/example_skip_dag.py
[2025-03-28T18:30:50.410+0000] {processor.py:914} INFO - Processing file /usr/local/python/3.12.1/lib/python3.12/site-packages/airflow/example_dags/example_skip_dag.py for tasks to queue
[2025-03-28T18:30:50.412+0000] {logging_mixin.py:190} INFO - [2025-03-28T18:30:50.411+0000] {dagbag.py:588} INFO - Filling up the DagBag from /usr/local/python/3.12.1/lib/python3.12/site-packages/airflow/example_dags/example_skip_dag.py
[2025-03-28T18:30:50.418+0000] {processor.py:925} INFO - DAG(s) 'example_skip_dag' retrieved from /usr/local/python/3.12.1/lib/python3.12/site-packages/airflow/example_dags/example_skip_dag.py
[2025-03-28T18:30:50.430+0000] {logging_mixin.py:190} INFO - [2025-03-28T18:30:50.429+0000] {dag.py:3239} INFO - Sync 1 DAGs
[2025-03-28T18:30:50.445+0000] {logging_mixin.py:190} INFO - [2025-03-28T18:30:50.445+0000] {dag.py:4180} INFO - Setting next_dagrun for example_skip_dag to 2025-03-27 00:00:00+00:00, run_after=2025-03-28 00:00:00+00:00
[2025-03-28T18:30:50.459+0000] {processor.py:208} INFO - Processing /usr/local/python/3.12.1/lib/python3.12/site-packages/airflow/example_dags/example_skip_dag.py took 0.053 seconds
[2025-03-28T18:31:40.285+0000] {processor.py:186} INFO - Started process (PID=13111) to work on /usr/local/python/3.12.1/lib/python3.12/site-packages/airflow/example_dags/example_skip_dag.py
[2025-03-28T18:31:40.286+0000] {processor.py:914} INFO - Processing file /usr/local/python/3.12.1/lib/python3.12/site-packages/airflow/example_dags/example_skip_dag.py for tasks to queue
[2025-03-28T18:31:40.287+0000] {logging_mixin.py:190} INFO - [2025-03-28T18:31:40.287+0000] {dagbag.py:588} INFO - Filling up the DagBag from /usr/local/python/3.12.1/lib/python3.12/site-packages/airflow/example_dags/example_skip_dag.py
[2025-03-28T18:31:40.295+0000] {processor.py:925} INFO - DAG(s) 'example_skip_dag' retrieved from /usr/local/python/3.12.1/lib/python3.12/site-packages/airflow/example_dags/example_skip_dag.py
[2025-03-28T18:31:40.309+0000] {logging_mixin.py:190} INFO - [2025-03-28T18:31:40.309+0000] {dag.py:3239} INFO - Sync 1 DAGs
[2025-03-28T18:31:40.327+0000] {logging_mixin.py:190} INFO - [2025-03-28T18:31:40.327+0000] {dag.py:4180} INFO - Setting next_dagrun for example_skip_dag to 2025-03-27 00:00:00+00:00, run_after=2025-03-28 00:00:00+00:00
[2025-03-28T18:31:40.344+0000] {processor.py:208} INFO - Processing /usr/local/python/3.12.1/lib/python3.12/site-packages/airflow/example_dags/example_skip_dag.py took 0.063 seconds
[2025-03-28T18:32:29.691+0000] {processor.py:186} INFO - Started process (PID=13642) to work on /usr/local/python/3.12.1/lib/python3.12/site-packages/airflow/example_dags/example_skip_dag.py
[2025-03-28T18:32:29.692+0000] {processor.py:914} INFO - Processing file /usr/local/python/3.12.1/lib/python3.12/site-packages/airflow/example_dags/example_skip_dag.py for tasks to queue
[2025-03-28T18:32:29.694+0000] {logging_mixin.py:190} INFO - [2025-03-28T18:32:29.694+0000] {dagbag.py:588} INFO - Filling up the DagBag from /usr/local/python/3.12.1/lib/python3.12/site-packages/airflow/example_dags/example_skip_dag.py
[2025-03-28T18:32:29.701+0000] {processor.py:925} INFO - DAG(s) 'example_skip_dag' retrieved from /usr/local/python/3.12.1/lib/python3.12/site-packages/airflow/example_dags/example_skip_dag.py
[2025-03-28T18:32:29.716+0000] {logging_mixin.py:190} INFO - [2025-03-28T18:32:29.716+0000] {dag.py:3239} INFO - Sync 1 DAGs
[2025-03-28T18:32:29.733+0000] {logging_mixin.py:190} INFO - [2025-03-28T18:32:29.733+0000] {dag.py:4180} INFO - Setting next_dagrun for example_skip_dag to 2025-03-27 00:00:00+00:00, run_after=2025-03-28 00:00:00+00:00
[2025-03-28T18:32:29.748+0000] {processor.py:208} INFO - Processing /usr/local/python/3.12.1/lib/python3.12/site-packages/airflow/example_dags/example_skip_dag.py took 0.061 seconds
[2025-03-28T18:33:18.768+0000] {processor.py:186} INFO - Started process (PID=14065) to work on /usr/local/python/3.12.1/lib/python3.12/site-packages/airflow/example_dags/example_skip_dag.py
[2025-03-28T18:33:18.769+0000] {processor.py:914} INFO - Processing file /usr/local/python/3.12.1/lib/python3.12/site-packages/airflow/example_dags/example_skip_dag.py for tasks to queue
[2025-03-28T18:33:18.770+0000] {logging_mixin.py:190} INFO - [2025-03-28T18:33:18.770+0000] {dagbag.py:588} INFO - Filling up the DagBag from /usr/local/python/3.12.1/lib/python3.12/site-packages/airflow/example_dags/example_skip_dag.py
[2025-03-28T18:33:18.776+0000] {processor.py:925} INFO - DAG(s) 'example_skip_dag' retrieved from /usr/local/python/3.12.1/lib/python3.12/site-packages/airflow/example_dags/example_skip_dag.py
[2025-03-28T18:33:18.788+0000] {logging_mixin.py:190} INFO - [2025-03-28T18:33:18.788+0000] {dag.py:3239} INFO - Sync 1 DAGs
[2025-03-28T18:33:18.803+0000] {logging_mixin.py:190} INFO - [2025-03-28T18:33:18.803+0000] {dag.py:4180} INFO - Setting next_dagrun for example_skip_dag to 2025-03-27 00:00:00+00:00, run_after=2025-03-28 00:00:00+00:00
[2025-03-28T18:33:18.818+0000] {processor.py:208} INFO - Processing /usr/local/python/3.12.1/lib/python3.12/site-packages/airflow/example_dags/example_skip_dag.py took 0.054 seconds
[2025-03-28T18:34:09.250+0000] {processor.py:186} INFO - Started process (PID=14512) to work on /usr/local/python/3.12.1/lib/python3.12/site-packages/airflow/example_dags/example_skip_dag.py
[2025-03-28T18:34:09.250+0000] {processor.py:914} INFO - Processing file /usr/local/python/3.12.1/lib/python3.12/site-packages/airflow/example_dags/example_skip_dag.py for tasks to queue
[2025-03-28T18:34:09.252+0000] {logging_mixin.py:190} INFO - [2025-03-28T18:34:09.252+0000] {dagbag.py:588} INFO - Filling up the DagBag from /usr/local/python/3.12.1/lib/python3.12/site-packages/airflow/example_dags/example_skip_dag.py
[2025-03-28T18:34:09.258+0000] {processor.py:925} INFO - DAG(s) 'example_skip_dag' retrieved from /usr/local/python/3.12.1/lib/python3.12/site-packages/airflow/example_dags/example_skip_dag.py
[2025-03-28T18:34:09.270+0000] {logging_mixin.py:190} INFO - [2025-03-28T18:34:09.270+0000] {dag.py:3239} INFO - Sync 1 DAGs
[2025-03-28T18:34:09.286+0000] {logging_mixin.py:190} INFO - [2025-03-28T18:34:09.286+0000] {dag.py:4180} INFO - Setting next_dagrun for example_skip_dag to 2025-03-27 00:00:00+00:00, run_after=2025-03-28 00:00:00+00:00
[2025-03-28T18:34:09.301+0000] {processor.py:208} INFO - Processing /usr/local/python/3.12.1/lib/python3.12/site-packages/airflow/example_dags/example_skip_dag.py took 0.055 seconds
[2025-03-28T18:34:58.779+0000] {processor.py:186} INFO - Started process (PID=14922) to work on /usr/local/python/3.12.1/lib/python3.12/site-packages/airflow/example_dags/example_skip_dag.py
[2025-03-28T18:34:58.780+0000] {processor.py:914} INFO - Processing file /usr/local/python/3.12.1/lib/python3.12/site-packages/airflow/example_dags/example_skip_dag.py for tasks to queue
[2025-03-28T18:34:58.782+0000] {logging_mixin.py:190} INFO - [2025-03-28T18:34:58.781+0000] {dagbag.py:588} INFO - Filling up the DagBag from /usr/local/python/3.12.1/lib/python3.12/site-packages/airflow/example_dags/example_skip_dag.py
[2025-03-28T18:34:58.787+0000] {processor.py:925} INFO - DAG(s) 'example_skip_dag' retrieved from /usr/local/python/3.12.1/lib/python3.12/site-packages/airflow/example_dags/example_skip_dag.py
[2025-03-28T18:34:58.799+0000] {logging_mixin.py:190} INFO - [2025-03-28T18:34:58.799+0000] {dag.py:3239} INFO - Sync 1 DAGs
[2025-03-28T18:34:58.814+0000] {logging_mixin.py:190} INFO - [2025-03-28T18:34:58.814+0000] {dag.py:4180} INFO - Setting next_dagrun for example_skip_dag to 2025-03-27 00:00:00+00:00, run_after=2025-03-28 00:00:00+00:00
[2025-03-28T18:34:58.828+0000] {processor.py:208} INFO - Processing /usr/local/python/3.12.1/lib/python3.12/site-packages/airflow/example_dags/example_skip_dag.py took 0.053 seconds
[2025-03-28T18:35:49.036+0000] {processor.py:186} INFO - Started process (PID=15369) to work on /usr/local/python/3.12.1/lib/python3.12/site-packages/airflow/example_dags/example_skip_dag.py
[2025-03-28T18:35:49.036+0000] {processor.py:914} INFO - Processing file /usr/local/python/3.12.1/lib/python3.12/site-packages/airflow/example_dags/example_skip_dag.py for tasks to queue
[2025-03-28T18:35:49.038+0000] {logging_mixin.py:190} INFO - [2025-03-28T18:35:49.037+0000] {dagbag.py:588} INFO - Filling up the DagBag from /usr/local/python/3.12.1/lib/python3.12/site-packages/airflow/example_dags/example_skip_dag.py
[2025-03-28T18:35:49.044+0000] {processor.py:925} INFO - DAG(s) 'example_skip_dag' retrieved from /usr/local/python/3.12.1/lib/python3.12/site-packages/airflow/example_dags/example_skip_dag.py
[2025-03-28T18:35:49.056+0000] {logging_mixin.py:190} INFO - [2025-03-28T18:35:49.056+0000] {dag.py:3239} INFO - Sync 1 DAGs
[2025-03-28T18:35:49.071+0000] {logging_mixin.py:190} INFO - [2025-03-28T18:35:49.071+0000] {dag.py:4180} INFO - Setting next_dagrun for example_skip_dag to 2025-03-27 00:00:00+00:00, run_after=2025-03-28 00:00:00+00:00
[2025-03-28T18:35:49.085+0000] {processor.py:208} INFO - Processing /usr/local/python/3.12.1/lib/python3.12/site-packages/airflow/example_dags/example_skip_dag.py took 0.053 seconds
[2025-03-28T18:37:46.306+0000] {processor.py:186} INFO - Started process (PID=16677) to work on /usr/local/python/3.12.1/lib/python3.12/site-packages/airflow/example_dags/example_skip_dag.py
[2025-03-28T18:37:46.306+0000] {processor.py:914} INFO - Processing file /usr/local/python/3.12.1/lib/python3.12/site-packages/airflow/example_dags/example_skip_dag.py for tasks to queue
[2025-03-28T18:37:46.308+0000] {logging_mixin.py:190} INFO - [2025-03-28T18:37:46.307+0000] {dagbag.py:588} INFO - Filling up the DagBag from /usr/local/python/3.12.1/lib/python3.12/site-packages/airflow/example_dags/example_skip_dag.py
[2025-03-28T18:37:46.313+0000] {processor.py:925} INFO - DAG(s) 'example_skip_dag' retrieved from /usr/local/python/3.12.1/lib/python3.12/site-packages/airflow/example_dags/example_skip_dag.py
[2025-03-28T18:37:46.327+0000] {logging_mixin.py:190} INFO - [2025-03-28T18:37:46.327+0000] {dag.py:3239} INFO - Sync 1 DAGs
[2025-03-28T18:37:46.342+0000] {logging_mixin.py:190} INFO - [2025-03-28T18:37:46.342+0000] {dag.py:4180} INFO - Setting next_dagrun for example_skip_dag to 2025-03-27 00:00:00+00:00, run_after=2025-03-28 00:00:00+00:00
[2025-03-28T18:37:46.357+0000] {processor.py:208} INFO - Processing /usr/local/python/3.12.1/lib/python3.12/site-packages/airflow/example_dags/example_skip_dag.py took 0.055 seconds
[2025-03-28T18:38:40.673+0000] {processor.py:186} INFO - Started process (PID=17139) to work on /usr/local/python/3.12.1/lib/python3.12/site-packages/airflow/example_dags/example_skip_dag.py
[2025-03-28T18:38:40.673+0000] {processor.py:914} INFO - Processing file /usr/local/python/3.12.1/lib/python3.12/site-packages/airflow/example_dags/example_skip_dag.py for tasks to queue
[2025-03-28T18:38:40.675+0000] {logging_mixin.py:190} INFO - [2025-03-28T18:38:40.675+0000] {dagbag.py:588} INFO - Filling up the DagBag from /usr/local/python/3.12.1/lib/python3.12/site-packages/airflow/example_dags/example_skip_dag.py
[2025-03-28T18:38:40.681+0000] {processor.py:925} INFO - DAG(s) 'example_skip_dag' retrieved from /usr/local/python/3.12.1/lib/python3.12/site-packages/airflow/example_dags/example_skip_dag.py
[2025-03-28T18:38:40.693+0000] {logging_mixin.py:190} INFO - [2025-03-28T18:38:40.693+0000] {dag.py:3239} INFO - Sync 1 DAGs
[2025-03-28T18:38:40.708+0000] {logging_mixin.py:190} INFO - [2025-03-28T18:38:40.708+0000] {dag.py:4180} INFO - Setting next_dagrun for example_skip_dag to 2025-03-27 00:00:00+00:00, run_after=2025-03-28 00:00:00+00:00
[2025-03-28T18:38:40.722+0000] {processor.py:208} INFO - Processing /usr/local/python/3.12.1/lib/python3.12/site-packages/airflow/example_dags/example_skip_dag.py took 0.053 seconds
[2025-03-28T18:39:36.036+0000] {processor.py:186} INFO - Started process (PID=17605) to work on /usr/local/python/3.12.1/lib/python3.12/site-packages/airflow/example_dags/example_skip_dag.py
[2025-03-28T18:39:36.037+0000] {processor.py:914} INFO - Processing file /usr/local/python/3.12.1/lib/python3.12/site-packages/airflow/example_dags/example_skip_dag.py for tasks to queue
[2025-03-28T18:39:36.038+0000] {logging_mixin.py:190} INFO - [2025-03-28T18:39:36.038+0000] {dagbag.py:588} INFO - Filling up the DagBag from /usr/local/python/3.12.1/lib/python3.12/site-packages/airflow/example_dags/example_skip_dag.py
[2025-03-28T18:39:36.044+0000] {processor.py:925} INFO - DAG(s) 'example_skip_dag' retrieved from /usr/local/python/3.12.1/lib/python3.12/site-packages/airflow/example_dags/example_skip_dag.py
[2025-03-28T18:39:36.056+0000] {logging_mixin.py:190} INFO - [2025-03-28T18:39:36.055+0000] {dag.py:3239} INFO - Sync 1 DAGs
[2025-03-28T18:39:36.070+0000] {logging_mixin.py:190} INFO - [2025-03-28T18:39:36.070+0000] {dag.py:4180} INFO - Setting next_dagrun for example_skip_dag to 2025-03-27 00:00:00+00:00, run_after=2025-03-28 00:00:00+00:00
[2025-03-28T18:39:36.086+0000] {processor.py:208} INFO - Processing /usr/local/python/3.12.1/lib/python3.12/site-packages/airflow/example_dags/example_skip_dag.py took 0.054 seconds
[2025-03-28T18:40:35.970+0000] {processor.py:186} INFO - Started process (PID=18315) to work on /usr/local/python/3.12.1/lib/python3.12/site-packages/airflow/example_dags/example_skip_dag.py
[2025-03-28T18:40:35.970+0000] {processor.py:914} INFO - Processing file /usr/local/python/3.12.1/lib/python3.12/site-packages/airflow/example_dags/example_skip_dag.py for tasks to queue
[2025-03-28T18:40:35.972+0000] {logging_mixin.py:190} INFO - [2025-03-28T18:40:35.972+0000] {dagbag.py:588} INFO - Filling up the DagBag from /usr/local/python/3.12.1/lib/python3.12/site-packages/airflow/example_dags/example_skip_dag.py
[2025-03-28T18:40:35.978+0000] {processor.py:925} INFO - DAG(s) 'example_skip_dag' retrieved from /usr/local/python/3.12.1/lib/python3.12/site-packages/airflow/example_dags/example_skip_dag.py
[2025-03-28T18:40:35.991+0000] {logging_mixin.py:190} INFO - [2025-03-28T18:40:35.991+0000] {dag.py:3239} INFO - Sync 1 DAGs
[2025-03-28T18:40:36.007+0000] {logging_mixin.py:190} INFO - [2025-03-28T18:40:36.007+0000] {dag.py:4180} INFO - Setting next_dagrun for example_skip_dag to 2025-03-27 00:00:00+00:00, run_after=2025-03-28 00:00:00+00:00
[2025-03-28T18:40:36.022+0000] {processor.py:208} INFO - Processing /usr/local/python/3.12.1/lib/python3.12/site-packages/airflow/example_dags/example_skip_dag.py took 0.057 seconds
[2025-03-28T18:41:29.117+0000] {processor.py:186} INFO - Started process (PID=18916) to work on /usr/local/python/3.12.1/lib/python3.12/site-packages/airflow/example_dags/example_skip_dag.py
[2025-03-28T18:41:29.117+0000] {processor.py:914} INFO - Processing file /usr/local/python/3.12.1/lib/python3.12/site-packages/airflow/example_dags/example_skip_dag.py for tasks to queue
[2025-03-28T18:41:29.119+0000] {logging_mixin.py:190} INFO - [2025-03-28T18:41:29.118+0000] {dagbag.py:588} INFO - Filling up the DagBag from /usr/local/python/3.12.1/lib/python3.12/site-packages/airflow/example_dags/example_skip_dag.py
[2025-03-28T18:41:29.124+0000] {processor.py:925} INFO - DAG(s) 'example_skip_dag' retrieved from /usr/local/python/3.12.1/lib/python3.12/site-packages/airflow/example_dags/example_skip_dag.py
[2025-03-28T18:41:29.137+0000] {logging_mixin.py:190} INFO - [2025-03-28T18:41:29.137+0000] {dag.py:3239} INFO - Sync 1 DAGs
[2025-03-28T18:41:29.155+0000] {logging_mixin.py:190} INFO - [2025-03-28T18:41:29.154+0000] {dag.py:4180} INFO - Setting next_dagrun for example_skip_dag to 2025-03-27 00:00:00+00:00, run_after=2025-03-28 00:00:00+00:00
[2025-03-28T18:41:29.171+0000] {processor.py:208} INFO - Processing /usr/local/python/3.12.1/lib/python3.12/site-packages/airflow/example_dags/example_skip_dag.py took 0.058 seconds
[2025-03-28T18:42:26.753+0000] {processor.py:186} INFO - Started process (PID=19417) to work on /usr/local/python/3.12.1/lib/python3.12/site-packages/airflow/example_dags/example_skip_dag.py
[2025-03-28T18:42:26.753+0000] {processor.py:914} INFO - Processing file /usr/local/python/3.12.1/lib/python3.12/site-packages/airflow/example_dags/example_skip_dag.py for tasks to queue
[2025-03-28T18:42:26.755+0000] {logging_mixin.py:190} INFO - [2025-03-28T18:42:26.755+0000] {dagbag.py:588} INFO - Filling up the DagBag from /usr/local/python/3.12.1/lib/python3.12/site-packages/airflow/example_dags/example_skip_dag.py
[2025-03-28T18:42:26.761+0000] {processor.py:925} INFO - DAG(s) 'example_skip_dag' retrieved from /usr/local/python/3.12.1/lib/python3.12/site-packages/airflow/example_dags/example_skip_dag.py
[2025-03-28T18:42:26.773+0000] {logging_mixin.py:190} INFO - [2025-03-28T18:42:26.773+0000] {dag.py:3239} INFO - Sync 1 DAGs
[2025-03-28T18:42:26.788+0000] {logging_mixin.py:190} INFO - [2025-03-28T18:42:26.787+0000] {dag.py:4180} INFO - Setting next_dagrun for example_skip_dag to 2025-03-27 00:00:00+00:00, run_after=2025-03-28 00:00:00+00:00
[2025-03-28T18:42:26.802+0000] {processor.py:208} INFO - Processing /usr/local/python/3.12.1/lib/python3.12/site-packages/airflow/example_dags/example_skip_dag.py took 0.053 seconds
[2025-03-28T18:43:23.261+0000] {processor.py:186} INFO - Started process (PID=19929) to work on /usr/local/python/3.12.1/lib/python3.12/site-packages/airflow/example_dags/example_skip_dag.py
[2025-03-28T18:43:23.262+0000] {processor.py:914} INFO - Processing file /usr/local/python/3.12.1/lib/python3.12/site-packages/airflow/example_dags/example_skip_dag.py for tasks to queue
[2025-03-28T18:43:23.263+0000] {logging_mixin.py:190} INFO - [2025-03-28T18:43:23.263+0000] {dagbag.py:588} INFO - Filling up the DagBag from /usr/local/python/3.12.1/lib/python3.12/site-packages/airflow/example_dags/example_skip_dag.py
[2025-03-28T18:43:23.269+0000] {processor.py:925} INFO - DAG(s) 'example_skip_dag' retrieved from /usr/local/python/3.12.1/lib/python3.12/site-packages/airflow/example_dags/example_skip_dag.py
[2025-03-28T18:43:23.281+0000] {logging_mixin.py:190} INFO - [2025-03-28T18:43:23.281+0000] {dag.py:3239} INFO - Sync 1 DAGs
[2025-03-28T18:43:23.295+0000] {logging_mixin.py:190} INFO - [2025-03-28T18:43:23.295+0000] {dag.py:4180} INFO - Setting next_dagrun for example_skip_dag to 2025-03-27 00:00:00+00:00, run_after=2025-03-28 00:00:00+00:00
[2025-03-28T18:43:23.309+0000] {processor.py:208} INFO - Processing /usr/local/python/3.12.1/lib/python3.12/site-packages/airflow/example_dags/example_skip_dag.py took 0.052 seconds
[2025-03-28T18:44:18.594+0000] {processor.py:186} INFO - Started process (PID=20411) to work on /usr/local/python/3.12.1/lib/python3.12/site-packages/airflow/example_dags/example_skip_dag.py
[2025-03-28T18:44:18.595+0000] {processor.py:914} INFO - Processing file /usr/local/python/3.12.1/lib/python3.12/site-packages/airflow/example_dags/example_skip_dag.py for tasks to queue
[2025-03-28T18:44:18.596+0000] {logging_mixin.py:190} INFO - [2025-03-28T18:44:18.596+0000] {dagbag.py:588} INFO - Filling up the DagBag from /usr/local/python/3.12.1/lib/python3.12/site-packages/airflow/example_dags/example_skip_dag.py
[2025-03-28T18:44:18.602+0000] {processor.py:925} INFO - DAG(s) 'example_skip_dag' retrieved from /usr/local/python/3.12.1/lib/python3.12/site-packages/airflow/example_dags/example_skip_dag.py
[2025-03-28T18:44:18.614+0000] {logging_mixin.py:190} INFO - [2025-03-28T18:44:18.614+0000] {dag.py:3239} INFO - Sync 1 DAGs
[2025-03-28T18:44:18.629+0000] {logging_mixin.py:190} INFO - [2025-03-28T18:44:18.629+0000] {dag.py:4180} INFO - Setting next_dagrun for example_skip_dag to 2025-03-27 00:00:00+00:00, run_after=2025-03-28 00:00:00+00:00
[2025-03-28T18:44:18.643+0000] {processor.py:208} INFO - Processing /usr/local/python/3.12.1/lib/python3.12/site-packages/airflow/example_dags/example_skip_dag.py took 0.053 seconds
[2025-03-28T18:45:13.335+0000] {processor.py:186} INFO - Started process (PID=20906) to work on /usr/local/python/3.12.1/lib/python3.12/site-packages/airflow/example_dags/example_skip_dag.py
[2025-03-28T18:45:13.335+0000] {processor.py:914} INFO - Processing file /usr/local/python/3.12.1/lib/python3.12/site-packages/airflow/example_dags/example_skip_dag.py for tasks to queue
[2025-03-28T18:45:13.337+0000] {logging_mixin.py:190} INFO - [2025-03-28T18:45:13.336+0000] {dagbag.py:588} INFO - Filling up the DagBag from /usr/local/python/3.12.1/lib/python3.12/site-packages/airflow/example_dags/example_skip_dag.py
[2025-03-28T18:45:13.343+0000] {processor.py:925} INFO - DAG(s) 'example_skip_dag' retrieved from /usr/local/python/3.12.1/lib/python3.12/site-packages/airflow/example_dags/example_skip_dag.py
[2025-03-28T18:45:13.355+0000] {logging_mixin.py:190} INFO - [2025-03-28T18:45:13.355+0000] {dag.py:3239} INFO - Sync 1 DAGs
[2025-03-28T18:45:13.370+0000] {logging_mixin.py:190} INFO - [2025-03-28T18:45:13.370+0000] {dag.py:4180} INFO - Setting next_dagrun for example_skip_dag to 2025-03-27 00:00:00+00:00, run_after=2025-03-28 00:00:00+00:00
[2025-03-28T18:45:13.385+0000] {processor.py:208} INFO - Processing /usr/local/python/3.12.1/lib/python3.12/site-packages/airflow/example_dags/example_skip_dag.py took 0.054 seconds
[2025-03-28T18:46:06.185+0000] {processor.py:186} INFO - Started process (PID=21377) to work on /usr/local/python/3.12.1/lib/python3.12/site-packages/airflow/example_dags/example_skip_dag.py
[2025-03-28T18:46:06.185+0000] {processor.py:914} INFO - Processing file /usr/local/python/3.12.1/lib/python3.12/site-packages/airflow/example_dags/example_skip_dag.py for tasks to queue
[2025-03-28T18:46:06.187+0000] {logging_mixin.py:190} INFO - [2025-03-28T18:46:06.186+0000] {dagbag.py:588} INFO - Filling up the DagBag from /usr/local/python/3.12.1/lib/python3.12/site-packages/airflow/example_dags/example_skip_dag.py
[2025-03-28T18:46:06.193+0000] {processor.py:925} INFO - DAG(s) 'example_skip_dag' retrieved from /usr/local/python/3.12.1/lib/python3.12/site-packages/airflow/example_dags/example_skip_dag.py
[2025-03-28T18:46:06.204+0000] {logging_mixin.py:190} INFO - [2025-03-28T18:46:06.204+0000] {dag.py:3239} INFO - Sync 1 DAGs
[2025-03-28T18:46:06.219+0000] {logging_mixin.py:190} INFO - [2025-03-28T18:46:06.219+0000] {dag.py:4180} INFO - Setting next_dagrun for example_skip_dag to 2025-03-27 00:00:00+00:00, run_after=2025-03-28 00:00:00+00:00
[2025-03-28T18:46:06.234+0000] {processor.py:208} INFO - Processing /usr/local/python/3.12.1/lib/python3.12/site-packages/airflow/example_dags/example_skip_dag.py took 0.053 seconds
[2025-03-28T18:47:01.388+0000] {processor.py:186} INFO - Started process (PID=21856) to work on /usr/local/python/3.12.1/lib/python3.12/site-packages/airflow/example_dags/example_skip_dag.py
[2025-03-28T18:47:01.388+0000] {processor.py:914} INFO - Processing file /usr/local/python/3.12.1/lib/python3.12/site-packages/airflow/example_dags/example_skip_dag.py for tasks to queue
[2025-03-28T18:47:01.390+0000] {logging_mixin.py:190} INFO - [2025-03-28T18:47:01.390+0000] {dagbag.py:588} INFO - Filling up the DagBag from /usr/local/python/3.12.1/lib/python3.12/site-packages/airflow/example_dags/example_skip_dag.py
[2025-03-28T18:47:01.396+0000] {processor.py:925} INFO - DAG(s) 'example_skip_dag' retrieved from /usr/local/python/3.12.1/lib/python3.12/site-packages/airflow/example_dags/example_skip_dag.py
[2025-03-28T18:47:01.409+0000] {logging_mixin.py:190} INFO - [2025-03-28T18:47:01.408+0000] {dag.py:3239} INFO - Sync 1 DAGs
[2025-03-28T18:47:01.425+0000] {logging_mixin.py:190} INFO - [2025-03-28T18:47:01.425+0000] {dag.py:4180} INFO - Setting next_dagrun for example_skip_dag to 2025-03-27 00:00:00+00:00, run_after=2025-03-28 00:00:00+00:00
[2025-03-28T18:47:01.440+0000] {processor.py:208} INFO - Processing /usr/local/python/3.12.1/lib/python3.12/site-packages/airflow/example_dags/example_skip_dag.py took 0.056 seconds
[2025-03-28T18:47:52.103+0000] {processor.py:186} INFO - Started process (PID=22267) to work on /usr/local/python/3.12.1/lib/python3.12/site-packages/airflow/example_dags/example_skip_dag.py
[2025-03-28T18:47:52.104+0000] {processor.py:914} INFO - Processing file /usr/local/python/3.12.1/lib/python3.12/site-packages/airflow/example_dags/example_skip_dag.py for tasks to queue
[2025-03-28T18:47:52.105+0000] {logging_mixin.py:190} INFO - [2025-03-28T18:47:52.104+0000] {dagbag.py:588} INFO - Filling up the DagBag from /usr/local/python/3.12.1/lib/python3.12/site-packages/airflow/example_dags/example_skip_dag.py
[2025-03-28T18:47:52.111+0000] {processor.py:925} INFO - DAG(s) 'example_skip_dag' retrieved from /usr/local/python/3.12.1/lib/python3.12/site-packages/airflow/example_dags/example_skip_dag.py
[2025-03-28T18:47:52.124+0000] {logging_mixin.py:190} INFO - [2025-03-28T18:47:52.123+0000] {dag.py:3239} INFO - Sync 1 DAGs
[2025-03-28T18:47:52.139+0000] {logging_mixin.py:190} INFO - [2025-03-28T18:47:52.138+0000] {dag.py:4180} INFO - Setting next_dagrun for example_skip_dag to 2025-03-27 00:00:00+00:00, run_after=2025-03-28 00:00:00+00:00
[2025-03-28T18:47:52.153+0000] {processor.py:208} INFO - Processing /usr/local/python/3.12.1/lib/python3.12/site-packages/airflow/example_dags/example_skip_dag.py took 0.054 seconds
[2025-03-28T18:48:49.439+0000] {processor.py:186} INFO - Started process (PID=22743) to work on /usr/local/python/3.12.1/lib/python3.12/site-packages/airflow/example_dags/example_skip_dag.py
[2025-03-28T18:48:49.440+0000] {processor.py:914} INFO - Processing file /usr/local/python/3.12.1/lib/python3.12/site-packages/airflow/example_dags/example_skip_dag.py for tasks to queue
[2025-03-28T18:48:49.441+0000] {logging_mixin.py:190} INFO - [2025-03-28T18:48:49.441+0000] {dagbag.py:588} INFO - Filling up the DagBag from /usr/local/python/3.12.1/lib/python3.12/site-packages/airflow/example_dags/example_skip_dag.py
[2025-03-28T18:48:49.447+0000] {processor.py:925} INFO - DAG(s) 'example_skip_dag' retrieved from /usr/local/python/3.12.1/lib/python3.12/site-packages/airflow/example_dags/example_skip_dag.py
[2025-03-28T18:48:49.459+0000] {logging_mixin.py:190} INFO - [2025-03-28T18:48:49.459+0000] {dag.py:3239} INFO - Sync 1 DAGs
[2025-03-28T18:48:49.474+0000] {logging_mixin.py:190} INFO - [2025-03-28T18:48:49.473+0000] {dag.py:4180} INFO - Setting next_dagrun for example_skip_dag to 2025-03-27 00:00:00+00:00, run_after=2025-03-28 00:00:00+00:00
[2025-03-28T18:48:49.490+0000] {processor.py:208} INFO - Processing /usr/local/python/3.12.1/lib/python3.12/site-packages/airflow/example_dags/example_skip_dag.py took 0.054 seconds
[2025-03-28T18:49:43.351+0000] {processor.py:186} INFO - Started process (PID=23175) to work on /usr/local/python/3.12.1/lib/python3.12/site-packages/airflow/example_dags/example_skip_dag.py
[2025-03-28T18:49:43.352+0000] {processor.py:914} INFO - Processing file /usr/local/python/3.12.1/lib/python3.12/site-packages/airflow/example_dags/example_skip_dag.py for tasks to queue
[2025-03-28T18:49:43.352+0000] {logging_mixin.py:190} INFO - [2025-03-28T18:49:43.352+0000] {dagbag.py:588} INFO - Filling up the DagBag from /usr/local/python/3.12.1/lib/python3.12/site-packages/airflow/example_dags/example_skip_dag.py
[2025-03-28T18:49:43.359+0000] {processor.py:925} INFO - DAG(s) 'example_skip_dag' retrieved from /usr/local/python/3.12.1/lib/python3.12/site-packages/airflow/example_dags/example_skip_dag.py
[2025-03-28T18:49:43.370+0000] {logging_mixin.py:190} INFO - [2025-03-28T18:49:43.370+0000] {dag.py:3239} INFO - Sync 1 DAGs
[2025-03-28T18:49:43.385+0000] {logging_mixin.py:190} INFO - [2025-03-28T18:49:43.385+0000] {dag.py:4180} INFO - Setting next_dagrun for example_skip_dag to 2025-03-27 00:00:00+00:00, run_after=2025-03-28 00:00:00+00:00
[2025-03-28T18:49:43.399+0000] {processor.py:208} INFO - Processing /usr/local/python/3.12.1/lib/python3.12/site-packages/airflow/example_dags/example_skip_dag.py took 0.052 seconds
[2025-03-28T18:50:41.993+0000] {processor.py:186} INFO - Started process (PID=23651) to work on /usr/local/python/3.12.1/lib/python3.12/site-packages/airflow/example_dags/example_skip_dag.py
[2025-03-28T18:50:41.993+0000] {processor.py:914} INFO - Processing file /usr/local/python/3.12.1/lib/python3.12/site-packages/airflow/example_dags/example_skip_dag.py for tasks to queue
[2025-03-28T18:50:41.994+0000] {logging_mixin.py:190} INFO - [2025-03-28T18:50:41.994+0000] {dagbag.py:588} INFO - Filling up the DagBag from /usr/local/python/3.12.1/lib/python3.12/site-packages/airflow/example_dags/example_skip_dag.py
[2025-03-28T18:50:42.001+0000] {processor.py:925} INFO - DAG(s) 'example_skip_dag' retrieved from /usr/local/python/3.12.1/lib/python3.12/site-packages/airflow/example_dags/example_skip_dag.py
[2025-03-28T18:50:42.012+0000] {logging_mixin.py:190} INFO - [2025-03-28T18:50:42.012+0000] {dag.py:3239} INFO - Sync 1 DAGs
[2025-03-28T18:50:42.027+0000] {logging_mixin.py:190} INFO - [2025-03-28T18:50:42.027+0000] {dag.py:4180} INFO - Setting next_dagrun for example_skip_dag to 2025-03-27 00:00:00+00:00, run_after=2025-03-28 00:00:00+00:00
[2025-03-28T18:50:42.042+0000] {processor.py:208} INFO - Processing /usr/local/python/3.12.1/lib/python3.12/site-packages/airflow/example_dags/example_skip_dag.py took 0.053 seconds
[2025-03-28T18:52:49.275+0000] {processor.py:186} INFO - Started process (PID=24883) to work on /usr/local/python/3.12.1/lib/python3.12/site-packages/airflow/example_dags/example_skip_dag.py
[2025-03-28T18:52:49.276+0000] {processor.py:914} INFO - Processing file /usr/local/python/3.12.1/lib/python3.12/site-packages/airflow/example_dags/example_skip_dag.py for tasks to queue
[2025-03-28T18:52:49.277+0000] {logging_mixin.py:190} INFO - [2025-03-28T18:52:49.276+0000] {dagbag.py:588} INFO - Filling up the DagBag from /usr/local/python/3.12.1/lib/python3.12/site-packages/airflow/example_dags/example_skip_dag.py
[2025-03-28T18:52:49.283+0000] {processor.py:925} INFO - DAG(s) 'example_skip_dag' retrieved from /usr/local/python/3.12.1/lib/python3.12/site-packages/airflow/example_dags/example_skip_dag.py
[2025-03-28T18:52:49.295+0000] {logging_mixin.py:190} INFO - [2025-03-28T18:52:49.295+0000] {dag.py:3239} INFO - Sync 1 DAGs
[2025-03-28T18:52:49.310+0000] {logging_mixin.py:190} INFO - [2025-03-28T18:52:49.310+0000] {dag.py:4180} INFO - Setting next_dagrun for example_skip_dag to 2025-03-27 00:00:00+00:00, run_after=2025-03-28 00:00:00+00:00
[2025-03-28T18:52:49.325+0000] {processor.py:208} INFO - Processing /usr/local/python/3.12.1/lib/python3.12/site-packages/airflow/example_dags/example_skip_dag.py took 0.054 seconds
[2025-03-28T18:55:20.775+0000] {processor.py:186} INFO - Started process (PID=26358) to work on /usr/local/python/3.12.1/lib/python3.12/site-packages/airflow/example_dags/example_skip_dag.py
[2025-03-28T18:55:20.776+0000] {processor.py:914} INFO - Processing file /usr/local/python/3.12.1/lib/python3.12/site-packages/airflow/example_dags/example_skip_dag.py for tasks to queue
[2025-03-28T18:55:20.777+0000] {logging_mixin.py:190} INFO - [2025-03-28T18:55:20.777+0000] {dagbag.py:588} INFO - Filling up the DagBag from /usr/local/python/3.12.1/lib/python3.12/site-packages/airflow/example_dags/example_skip_dag.py
[2025-03-28T18:55:20.784+0000] {processor.py:925} INFO - DAG(s) 'example_skip_dag' retrieved from /usr/local/python/3.12.1/lib/python3.12/site-packages/airflow/example_dags/example_skip_dag.py
[2025-03-28T18:55:20.796+0000] {logging_mixin.py:190} INFO - [2025-03-28T18:55:20.796+0000] {dag.py:3239} INFO - Sync 1 DAGs
[2025-03-28T18:55:20.811+0000] {logging_mixin.py:190} INFO - [2025-03-28T18:55:20.811+0000] {dag.py:4180} INFO - Setting next_dagrun for example_skip_dag to 2025-03-27 00:00:00+00:00, run_after=2025-03-28 00:00:00+00:00
[2025-03-28T18:55:20.826+0000] {processor.py:208} INFO - Processing /usr/local/python/3.12.1/lib/python3.12/site-packages/airflow/example_dags/example_skip_dag.py took 0.055 seconds
[2025-03-28T18:57:55.320+0000] {processor.py:186} INFO - Started process (PID=28055) to work on /usr/local/python/3.12.1/lib/python3.12/site-packages/airflow/example_dags/example_skip_dag.py
[2025-03-28T18:57:55.321+0000] {processor.py:914} INFO - Processing file /usr/local/python/3.12.1/lib/python3.12/site-packages/airflow/example_dags/example_skip_dag.py for tasks to queue
[2025-03-28T18:57:55.321+0000] {logging_mixin.py:190} INFO - [2025-03-28T18:57:55.321+0000] {dagbag.py:588} INFO - Filling up the DagBag from /usr/local/python/3.12.1/lib/python3.12/site-packages/airflow/example_dags/example_skip_dag.py
[2025-03-28T18:57:55.328+0000] {processor.py:925} INFO - DAG(s) 'example_skip_dag' retrieved from /usr/local/python/3.12.1/lib/python3.12/site-packages/airflow/example_dags/example_skip_dag.py
[2025-03-28T18:57:55.340+0000] {logging_mixin.py:190} INFO - [2025-03-28T18:57:55.340+0000] {dag.py:3239} INFO - Sync 1 DAGs
[2025-03-28T18:57:55.355+0000] {logging_mixin.py:190} INFO - [2025-03-28T18:57:55.354+0000] {dag.py:4180} INFO - Setting next_dagrun for example_skip_dag to 2025-03-27 00:00:00+00:00, run_after=2025-03-28 00:00:00+00:00
[2025-03-28T18:57:55.369+0000] {processor.py:208} INFO - Processing /usr/local/python/3.12.1/lib/python3.12/site-packages/airflow/example_dags/example_skip_dag.py took 0.053 seconds
[2025-03-28T19:00:30.476+0000] {processor.py:186} INFO - Started process (PID=29643) to work on /usr/local/python/3.12.1/lib/python3.12/site-packages/airflow/example_dags/example_skip_dag.py
[2025-03-28T19:00:30.476+0000] {processor.py:914} INFO - Processing file /usr/local/python/3.12.1/lib/python3.12/site-packages/airflow/example_dags/example_skip_dag.py for tasks to queue
[2025-03-28T19:00:30.477+0000] {logging_mixin.py:190} INFO - [2025-03-28T19:00:30.477+0000] {dagbag.py:588} INFO - Filling up the DagBag from /usr/local/python/3.12.1/lib/python3.12/site-packages/airflow/example_dags/example_skip_dag.py
[2025-03-28T19:00:30.484+0000] {processor.py:925} INFO - DAG(s) 'example_skip_dag' retrieved from /usr/local/python/3.12.1/lib/python3.12/site-packages/airflow/example_dags/example_skip_dag.py
[2025-03-28T19:00:30.496+0000] {logging_mixin.py:190} INFO - [2025-03-28T19:00:30.495+0000] {dag.py:3239} INFO - Sync 1 DAGs
[2025-03-28T19:00:30.511+0000] {logging_mixin.py:190} INFO - [2025-03-28T19:00:30.510+0000] {dag.py:4180} INFO - Setting next_dagrun for example_skip_dag to 2025-03-27 00:00:00+00:00, run_after=2025-03-28 00:00:00+00:00
[2025-03-28T19:00:30.525+0000] {processor.py:208} INFO - Processing /usr/local/python/3.12.1/lib/python3.12/site-packages/airflow/example_dags/example_skip_dag.py took 0.053 seconds
[2025-03-28T19:03:06.097+0000] {processor.py:186} INFO - Started process (PID=31611) to work on /usr/local/python/3.12.1/lib/python3.12/site-packages/airflow/example_dags/example_skip_dag.py
[2025-03-28T19:03:06.098+0000] {processor.py:914} INFO - Processing file /usr/local/python/3.12.1/lib/python3.12/site-packages/airflow/example_dags/example_skip_dag.py for tasks to queue
[2025-03-28T19:03:06.099+0000] {logging_mixin.py:190} INFO - [2025-03-28T19:03:06.098+0000] {dagbag.py:588} INFO - Filling up the DagBag from /usr/local/python/3.12.1/lib/python3.12/site-packages/airflow/example_dags/example_skip_dag.py
[2025-03-28T19:03:06.105+0000] {processor.py:925} INFO - DAG(s) 'example_skip_dag' retrieved from /usr/local/python/3.12.1/lib/python3.12/site-packages/airflow/example_dags/example_skip_dag.py
[2025-03-28T19:03:06.117+0000] {logging_mixin.py:190} INFO - [2025-03-28T19:03:06.117+0000] {dag.py:3239} INFO - Sync 1 DAGs
[2025-03-28T19:03:06.134+0000] {logging_mixin.py:190} INFO - [2025-03-28T19:03:06.134+0000] {dag.py:4180} INFO - Setting next_dagrun for example_skip_dag to 2025-03-27 00:00:00+00:00, run_after=2025-03-28 00:00:00+00:00
[2025-03-28T19:03:06.149+0000] {processor.py:208} INFO - Processing /usr/local/python/3.12.1/lib/python3.12/site-packages/airflow/example_dags/example_skip_dag.py took 0.055 seconds
[2025-03-28T19:05:41.330+0000] {processor.py:186} INFO - Started process (PID=33275) to work on /usr/local/python/3.12.1/lib/python3.12/site-packages/airflow/example_dags/example_skip_dag.py
[2025-03-28T19:05:41.330+0000] {processor.py:914} INFO - Processing file /usr/local/python/3.12.1/lib/python3.12/site-packages/airflow/example_dags/example_skip_dag.py for tasks to queue
[2025-03-28T19:05:41.331+0000] {logging_mixin.py:190} INFO - [2025-03-28T19:05:41.331+0000] {dagbag.py:588} INFO - Filling up the DagBag from /usr/local/python/3.12.1/lib/python3.12/site-packages/airflow/example_dags/example_skip_dag.py
[2025-03-28T19:05:41.338+0000] {processor.py:925} INFO - DAG(s) 'example_skip_dag' retrieved from /usr/local/python/3.12.1/lib/python3.12/site-packages/airflow/example_dags/example_skip_dag.py
[2025-03-28T19:05:41.350+0000] {logging_mixin.py:190} INFO - [2025-03-28T19:05:41.350+0000] {dag.py:3239} INFO - Sync 1 DAGs
[2025-03-28T19:05:41.365+0000] {logging_mixin.py:190} INFO - [2025-03-28T19:05:41.364+0000] {dag.py:4180} INFO - Setting next_dagrun for example_skip_dag to 2025-03-27 00:00:00+00:00, run_after=2025-03-28 00:00:00+00:00
[2025-03-28T19:05:41.379+0000] {processor.py:208} INFO - Processing /usr/local/python/3.12.1/lib/python3.12/site-packages/airflow/example_dags/example_skip_dag.py took 0.053 seconds
[2025-03-28T19:08:18.537+0000] {processor.py:186} INFO - Started process (PID=35988) to work on /usr/local/python/3.12.1/lib/python3.12/site-packages/airflow/example_dags/example_skip_dag.py
[2025-03-28T19:08:18.538+0000] {processor.py:914} INFO - Processing file /usr/local/python/3.12.1/lib/python3.12/site-packages/airflow/example_dags/example_skip_dag.py for tasks to queue
[2025-03-28T19:08:18.539+0000] {logging_mixin.py:190} INFO - [2025-03-28T19:08:18.539+0000] {dagbag.py:588} INFO - Filling up the DagBag from /usr/local/python/3.12.1/lib/python3.12/site-packages/airflow/example_dags/example_skip_dag.py
[2025-03-28T19:08:18.545+0000] {processor.py:925} INFO - DAG(s) 'example_skip_dag' retrieved from /usr/local/python/3.12.1/lib/python3.12/site-packages/airflow/example_dags/example_skip_dag.py
[2025-03-28T19:08:18.557+0000] {logging_mixin.py:190} INFO - [2025-03-28T19:08:18.557+0000] {dag.py:3239} INFO - Sync 1 DAGs
[2025-03-28T19:08:18.573+0000] {logging_mixin.py:190} INFO - [2025-03-28T19:08:18.572+0000] {dag.py:4180} INFO - Setting next_dagrun for example_skip_dag to 2025-03-27 00:00:00+00:00, run_after=2025-03-28 00:00:00+00:00
[2025-03-28T19:08:18.587+0000] {processor.py:208} INFO - Processing /usr/local/python/3.12.1/lib/python3.12/site-packages/airflow/example_dags/example_skip_dag.py took 0.053 seconds
[2025-03-28T19:11:13.106+0000] {processor.py:186} INFO - Started process (PID=38204) to work on /usr/local/python/3.12.1/lib/python3.12/site-packages/airflow/example_dags/example_skip_dag.py
[2025-03-28T19:11:13.107+0000] {processor.py:914} INFO - Processing file /usr/local/python/3.12.1/lib/python3.12/site-packages/airflow/example_dags/example_skip_dag.py for tasks to queue
[2025-03-28T19:11:13.108+0000] {logging_mixin.py:190} INFO - [2025-03-28T19:11:13.108+0000] {dagbag.py:588} INFO - Filling up the DagBag from /usr/local/python/3.12.1/lib/python3.12/site-packages/airflow/example_dags/example_skip_dag.py
[2025-03-28T19:11:13.114+0000] {processor.py:925} INFO - DAG(s) 'example_skip_dag' retrieved from /usr/local/python/3.12.1/lib/python3.12/site-packages/airflow/example_dags/example_skip_dag.py
[2025-03-28T19:11:13.128+0000] {logging_mixin.py:190} INFO - [2025-03-28T19:11:13.128+0000] {dag.py:3239} INFO - Sync 1 DAGs
[2025-03-28T19:11:13.143+0000] {logging_mixin.py:190} INFO - [2025-03-28T19:11:13.143+0000] {dag.py:4180} INFO - Setting next_dagrun for example_skip_dag to 2025-03-27 00:00:00+00:00, run_after=2025-03-28 00:00:00+00:00
[2025-03-28T19:11:13.157+0000] {processor.py:208} INFO - Processing /usr/local/python/3.12.1/lib/python3.12/site-packages/airflow/example_dags/example_skip_dag.py took 0.055 seconds
[2025-03-28T19:14:15.512+0000] {processor.py:186} INFO - Started process (PID=40178) to work on /usr/local/python/3.12.1/lib/python3.12/site-packages/airflow/example_dags/example_skip_dag.py
[2025-03-28T19:14:15.513+0000] {processor.py:914} INFO - Processing file /usr/local/python/3.12.1/lib/python3.12/site-packages/airflow/example_dags/example_skip_dag.py for tasks to queue
[2025-03-28T19:14:15.514+0000] {logging_mixin.py:190} INFO - [2025-03-28T19:14:15.514+0000] {dagbag.py:588} INFO - Filling up the DagBag from /usr/local/python/3.12.1/lib/python3.12/site-packages/airflow/example_dags/example_skip_dag.py
[2025-03-28T19:14:15.521+0000] {processor.py:925} INFO - DAG(s) 'example_skip_dag' retrieved from /usr/local/python/3.12.1/lib/python3.12/site-packages/airflow/example_dags/example_skip_dag.py
[2025-03-28T19:14:15.533+0000] {logging_mixin.py:190} INFO - [2025-03-28T19:14:15.533+0000] {dag.py:3239} INFO - Sync 1 DAGs
[2025-03-28T19:14:15.548+0000] {logging_mixin.py:190} INFO - [2025-03-28T19:14:15.548+0000] {dag.py:4180} INFO - Setting next_dagrun for example_skip_dag to 2025-03-27 00:00:00+00:00, run_after=2025-03-28 00:00:00+00:00
[2025-03-28T19:14:15.563+0000] {processor.py:208} INFO - Processing /usr/local/python/3.12.1/lib/python3.12/site-packages/airflow/example_dags/example_skip_dag.py took 0.055 seconds
[2025-03-28T19:16:50.430+0000] {processor.py:186} INFO - Started process (PID=41713) to work on /usr/local/python/3.12.1/lib/python3.12/site-packages/airflow/example_dags/example_skip_dag.py
[2025-03-28T19:16:50.431+0000] {processor.py:914} INFO - Processing file /usr/local/python/3.12.1/lib/python3.12/site-packages/airflow/example_dags/example_skip_dag.py for tasks to queue
[2025-03-28T19:16:50.433+0000] {logging_mixin.py:190} INFO - [2025-03-28T19:16:50.432+0000] {dagbag.py:588} INFO - Filling up the DagBag from /usr/local/python/3.12.1/lib/python3.12/site-packages/airflow/example_dags/example_skip_dag.py
[2025-03-28T19:16:50.439+0000] {processor.py:925} INFO - DAG(s) 'example_skip_dag' retrieved from /usr/local/python/3.12.1/lib/python3.12/site-packages/airflow/example_dags/example_skip_dag.py
[2025-03-28T19:16:50.450+0000] {logging_mixin.py:190} INFO - [2025-03-28T19:16:50.450+0000] {dag.py:3239} INFO - Sync 1 DAGs
[2025-03-28T19:16:50.465+0000] {logging_mixin.py:190} INFO - [2025-03-28T19:16:50.465+0000] {dag.py:4180} INFO - Setting next_dagrun for example_skip_dag to 2025-03-27 00:00:00+00:00, run_after=2025-03-28 00:00:00+00:00
[2025-03-28T19:16:50.480+0000] {processor.py:208} INFO - Processing /usr/local/python/3.12.1/lib/python3.12/site-packages/airflow/example_dags/example_skip_dag.py took 0.053 seconds
[2025-03-28T19:19:25.135+0000] {processor.py:186} INFO - Started process (PID=43249) to work on /usr/local/python/3.12.1/lib/python3.12/site-packages/airflow/example_dags/example_skip_dag.py
[2025-03-28T19:19:25.135+0000] {processor.py:914} INFO - Processing file /usr/local/python/3.12.1/lib/python3.12/site-packages/airflow/example_dags/example_skip_dag.py for tasks to queue
[2025-03-28T19:19:25.137+0000] {logging_mixin.py:190} INFO - [2025-03-28T19:19:25.136+0000] {dagbag.py:588} INFO - Filling up the DagBag from /usr/local/python/3.12.1/lib/python3.12/site-packages/airflow/example_dags/example_skip_dag.py
[2025-03-28T19:19:25.143+0000] {processor.py:925} INFO - DAG(s) 'example_skip_dag' retrieved from /usr/local/python/3.12.1/lib/python3.12/site-packages/airflow/example_dags/example_skip_dag.py
[2025-03-28T19:19:25.155+0000] {logging_mixin.py:190} INFO - [2025-03-28T19:19:25.155+0000] {dag.py:3239} INFO - Sync 1 DAGs
[2025-03-28T19:19:25.170+0000] {logging_mixin.py:190} INFO - [2025-03-28T19:19:25.170+0000] {dag.py:4180} INFO - Setting next_dagrun for example_skip_dag to 2025-03-27 00:00:00+00:00, run_after=2025-03-28 00:00:00+00:00
[2025-03-28T19:19:25.185+0000] {processor.py:208} INFO - Processing /usr/local/python/3.12.1/lib/python3.12/site-packages/airflow/example_dags/example_skip_dag.py took 0.054 seconds
[2025-03-28T19:22:00.930+0000] {processor.py:186} INFO - Started process (PID=44768) to work on /usr/local/python/3.12.1/lib/python3.12/site-packages/airflow/example_dags/example_skip_dag.py
[2025-03-28T19:22:00.931+0000] {processor.py:914} INFO - Processing file /usr/local/python/3.12.1/lib/python3.12/site-packages/airflow/example_dags/example_skip_dag.py for tasks to queue
[2025-03-28T19:22:00.932+0000] {logging_mixin.py:190} INFO - [2025-03-28T19:22:00.932+0000] {dagbag.py:588} INFO - Filling up the DagBag from /usr/local/python/3.12.1/lib/python3.12/site-packages/airflow/example_dags/example_skip_dag.py
[2025-03-28T19:22:00.938+0000] {processor.py:925} INFO - DAG(s) 'example_skip_dag' retrieved from /usr/local/python/3.12.1/lib/python3.12/site-packages/airflow/example_dags/example_skip_dag.py
[2025-03-28T19:22:00.950+0000] {logging_mixin.py:190} INFO - [2025-03-28T19:22:00.950+0000] {dag.py:3239} INFO - Sync 1 DAGs
[2025-03-28T19:22:00.965+0000] {logging_mixin.py:190} INFO - [2025-03-28T19:22:00.965+0000] {dag.py:4180} INFO - Setting next_dagrun for example_skip_dag to 2025-03-27 00:00:00+00:00, run_after=2025-03-28 00:00:00+00:00
[2025-03-28T19:22:00.980+0000] {processor.py:208} INFO - Processing /usr/local/python/3.12.1/lib/python3.12/site-packages/airflow/example_dags/example_skip_dag.py took 0.054 seconds
[2025-03-28T19:24:35.540+0000] {processor.py:186} INFO - Started process (PID=46293) to work on /usr/local/python/3.12.1/lib/python3.12/site-packages/airflow/example_dags/example_skip_dag.py
[2025-03-28T19:24:35.541+0000] {processor.py:914} INFO - Processing file /usr/local/python/3.12.1/lib/python3.12/site-packages/airflow/example_dags/example_skip_dag.py for tasks to queue
[2025-03-28T19:24:35.542+0000] {logging_mixin.py:190} INFO - [2025-03-28T19:24:35.542+0000] {dagbag.py:588} INFO - Filling up the DagBag from /usr/local/python/3.12.1/lib/python3.12/site-packages/airflow/example_dags/example_skip_dag.py
[2025-03-28T19:24:35.548+0000] {processor.py:925} INFO - DAG(s) 'example_skip_dag' retrieved from /usr/local/python/3.12.1/lib/python3.12/site-packages/airflow/example_dags/example_skip_dag.py
[2025-03-28T19:24:35.560+0000] {logging_mixin.py:190} INFO - [2025-03-28T19:24:35.560+0000] {dag.py:3239} INFO - Sync 1 DAGs
[2025-03-28T19:24:35.574+0000] {logging_mixin.py:190} INFO - [2025-03-28T19:24:35.574+0000] {dag.py:4180} INFO - Setting next_dagrun for example_skip_dag to 2025-03-27 00:00:00+00:00, run_after=2025-03-28 00:00:00+00:00
[2025-03-28T19:24:35.590+0000] {processor.py:208} INFO - Processing /usr/local/python/3.12.1/lib/python3.12/site-packages/airflow/example_dags/example_skip_dag.py took 0.054 seconds
[2025-03-28T19:25:49.417+0000] {processor.py:186} INFO - Started process (PID=46947) to work on /usr/local/python/3.12.1/lib/python3.12/site-packages/airflow/example_dags/example_skip_dag.py
[2025-03-28T19:25:49.418+0000] {processor.py:914} INFO - Processing file /usr/local/python/3.12.1/lib/python3.12/site-packages/airflow/example_dags/example_skip_dag.py for tasks to queue
[2025-03-28T19:25:49.419+0000] {logging_mixin.py:190} INFO - [2025-03-28T19:25:49.419+0000] {dagbag.py:588} INFO - Filling up the DagBag from /usr/local/python/3.12.1/lib/python3.12/site-packages/airflow/example_dags/example_skip_dag.py
[2025-03-28T19:25:49.425+0000] {processor.py:925} INFO - DAG(s) 'example_skip_dag' retrieved from /usr/local/python/3.12.1/lib/python3.12/site-packages/airflow/example_dags/example_skip_dag.py
[2025-03-28T19:25:49.437+0000] {logging_mixin.py:190} INFO - [2025-03-28T19:25:49.437+0000] {dag.py:3239} INFO - Sync 1 DAGs
[2025-03-28T19:25:49.452+0000] {logging_mixin.py:190} INFO - [2025-03-28T19:25:49.452+0000] {dag.py:4180} INFO - Setting next_dagrun for example_skip_dag to 2025-03-27 00:00:00+00:00, run_after=2025-03-28 00:00:00+00:00
[2025-03-28T19:25:49.466+0000] {processor.py:208} INFO - Processing /usr/local/python/3.12.1/lib/python3.12/site-packages/airflow/example_dags/example_skip_dag.py took 0.053 seconds
[2025-03-28T19:26:43.359+0000] {processor.py:186} INFO - Started process (PID=47390) to work on /usr/local/python/3.12.1/lib/python3.12/site-packages/airflow/example_dags/example_skip_dag.py
[2025-03-28T19:26:43.360+0000] {processor.py:914} INFO - Processing file /usr/local/python/3.12.1/lib/python3.12/site-packages/airflow/example_dags/example_skip_dag.py for tasks to queue
[2025-03-28T19:26:43.361+0000] {logging_mixin.py:190} INFO - [2025-03-28T19:26:43.361+0000] {dagbag.py:588} INFO - Filling up the DagBag from /usr/local/python/3.12.1/lib/python3.12/site-packages/airflow/example_dags/example_skip_dag.py
[2025-03-28T19:26:43.367+0000] {processor.py:925} INFO - DAG(s) 'example_skip_dag' retrieved from /usr/local/python/3.12.1/lib/python3.12/site-packages/airflow/example_dags/example_skip_dag.py
[2025-03-28T19:26:43.379+0000] {logging_mixin.py:190} INFO - [2025-03-28T19:26:43.379+0000] {dag.py:3239} INFO - Sync 1 DAGs
[2025-03-28T19:26:43.395+0000] {logging_mixin.py:190} INFO - [2025-03-28T19:26:43.395+0000] {dag.py:4180} INFO - Setting next_dagrun for example_skip_dag to 2025-03-27 00:00:00+00:00, run_after=2025-03-28 00:00:00+00:00
[2025-03-28T19:26:43.409+0000] {processor.py:208} INFO - Processing /usr/local/python/3.12.1/lib/python3.12/site-packages/airflow/example_dags/example_skip_dag.py took 0.054 seconds
[2025-03-28T19:27:37.661+0000] {processor.py:186} INFO - Started process (PID=47806) to work on /usr/local/python/3.12.1/lib/python3.12/site-packages/airflow/example_dags/example_skip_dag.py
[2025-03-28T19:27:37.662+0000] {processor.py:914} INFO - Processing file /usr/local/python/3.12.1/lib/python3.12/site-packages/airflow/example_dags/example_skip_dag.py for tasks to queue
[2025-03-28T19:27:37.663+0000] {logging_mixin.py:190} INFO - [2025-03-28T19:27:37.663+0000] {dagbag.py:588} INFO - Filling up the DagBag from /usr/local/python/3.12.1/lib/python3.12/site-packages/airflow/example_dags/example_skip_dag.py
[2025-03-28T19:27:37.670+0000] {processor.py:925} INFO - DAG(s) 'example_skip_dag' retrieved from /usr/local/python/3.12.1/lib/python3.12/site-packages/airflow/example_dags/example_skip_dag.py
[2025-03-28T19:27:37.682+0000] {logging_mixin.py:190} INFO - [2025-03-28T19:27:37.682+0000] {dag.py:3239} INFO - Sync 1 DAGs
[2025-03-28T19:27:37.697+0000] {logging_mixin.py:190} INFO - [2025-03-28T19:27:37.697+0000] {dag.py:4180} INFO - Setting next_dagrun for example_skip_dag to 2025-03-27 00:00:00+00:00, run_after=2025-03-28 00:00:00+00:00
[2025-03-28T19:27:37.711+0000] {processor.py:208} INFO - Processing /usr/local/python/3.12.1/lib/python3.12/site-packages/airflow/example_dags/example_skip_dag.py took 0.053 seconds
[2025-03-28T19:28:28.615+0000] {processor.py:186} INFO - Started process (PID=48206) to work on /usr/local/python/3.12.1/lib/python3.12/site-packages/airflow/example_dags/example_skip_dag.py
[2025-03-28T19:28:28.615+0000] {processor.py:914} INFO - Processing file /usr/local/python/3.12.1/lib/python3.12/site-packages/airflow/example_dags/example_skip_dag.py for tasks to queue
[2025-03-28T19:28:28.617+0000] {logging_mixin.py:190} INFO - [2025-03-28T19:28:28.617+0000] {dagbag.py:588} INFO - Filling up the DagBag from /usr/local/python/3.12.1/lib/python3.12/site-packages/airflow/example_dags/example_skip_dag.py
[2025-03-28T19:28:28.623+0000] {processor.py:925} INFO - DAG(s) 'example_skip_dag' retrieved from /usr/local/python/3.12.1/lib/python3.12/site-packages/airflow/example_dags/example_skip_dag.py
[2025-03-28T19:28:28.635+0000] {logging_mixin.py:190} INFO - [2025-03-28T19:28:28.635+0000] {dag.py:3239} INFO - Sync 1 DAGs
[2025-03-28T19:28:28.650+0000] {logging_mixin.py:190} INFO - [2025-03-28T19:28:28.649+0000] {dag.py:4180} INFO - Setting next_dagrun for example_skip_dag to 2025-03-27 00:00:00+00:00, run_after=2025-03-28 00:00:00+00:00
[2025-03-28T19:28:28.664+0000] {processor.py:208} INFO - Processing /usr/local/python/3.12.1/lib/python3.12/site-packages/airflow/example_dags/example_skip_dag.py took 0.053 seconds
[2025-03-28T19:29:21.881+0000] {processor.py:186} INFO - Started process (PID=48620) to work on /usr/local/python/3.12.1/lib/python3.12/site-packages/airflow/example_dags/example_skip_dag.py
[2025-03-28T19:29:21.881+0000] {processor.py:914} INFO - Processing file /usr/local/python/3.12.1/lib/python3.12/site-packages/airflow/example_dags/example_skip_dag.py for tasks to queue
[2025-03-28T19:29:21.883+0000] {logging_mixin.py:190} INFO - [2025-03-28T19:29:21.882+0000] {dagbag.py:588} INFO - Filling up the DagBag from /usr/local/python/3.12.1/lib/python3.12/site-packages/airflow/example_dags/example_skip_dag.py
[2025-03-28T19:29:21.889+0000] {processor.py:925} INFO - DAG(s) 'example_skip_dag' retrieved from /usr/local/python/3.12.1/lib/python3.12/site-packages/airflow/example_dags/example_skip_dag.py
[2025-03-28T19:29:21.901+0000] {logging_mixin.py:190} INFO - [2025-03-28T19:29:21.900+0000] {dag.py:3239} INFO - Sync 1 DAGs
[2025-03-28T19:29:21.915+0000] {logging_mixin.py:190} INFO - [2025-03-28T19:29:21.915+0000] {dag.py:4180} INFO - Setting next_dagrun for example_skip_dag to 2025-03-27 00:00:00+00:00, run_after=2025-03-28 00:00:00+00:00
[2025-03-28T19:29:21.929+0000] {processor.py:208} INFO - Processing /usr/local/python/3.12.1/lib/python3.12/site-packages/airflow/example_dags/example_skip_dag.py took 0.053 seconds
[2025-03-28T19:30:16.386+0000] {processor.py:186} INFO - Started process (PID=49062) to work on /usr/local/python/3.12.1/lib/python3.12/site-packages/airflow/example_dags/example_skip_dag.py
[2025-03-28T19:30:16.387+0000] {processor.py:914} INFO - Processing file /usr/local/python/3.12.1/lib/python3.12/site-packages/airflow/example_dags/example_skip_dag.py for tasks to queue
[2025-03-28T19:30:16.388+0000] {logging_mixin.py:190} INFO - [2025-03-28T19:30:16.388+0000] {dagbag.py:588} INFO - Filling up the DagBag from /usr/local/python/3.12.1/lib/python3.12/site-packages/airflow/example_dags/example_skip_dag.py
[2025-03-28T19:30:16.394+0000] {processor.py:925} INFO - DAG(s) 'example_skip_dag' retrieved from /usr/local/python/3.12.1/lib/python3.12/site-packages/airflow/example_dags/example_skip_dag.py
[2025-03-28T19:30:16.406+0000] {logging_mixin.py:190} INFO - [2025-03-28T19:30:16.406+0000] {dag.py:3239} INFO - Sync 1 DAGs
[2025-03-28T19:30:16.421+0000] {logging_mixin.py:190} INFO - [2025-03-28T19:30:16.421+0000] {dag.py:4180} INFO - Setting next_dagrun for example_skip_dag to 2025-03-27 00:00:00+00:00, run_after=2025-03-28 00:00:00+00:00
[2025-03-28T19:30:16.436+0000] {processor.py:208} INFO - Processing /usr/local/python/3.12.1/lib/python3.12/site-packages/airflow/example_dags/example_skip_dag.py took 0.054 seconds
[2025-03-28T19:31:12.891+0000] {processor.py:186} INFO - Started process (PID=49498) to work on /usr/local/python/3.12.1/lib/python3.12/site-packages/airflow/example_dags/example_skip_dag.py
[2025-03-28T19:31:12.892+0000] {processor.py:914} INFO - Processing file /usr/local/python/3.12.1/lib/python3.12/site-packages/airflow/example_dags/example_skip_dag.py for tasks to queue
[2025-03-28T19:31:12.893+0000] {logging_mixin.py:190} INFO - [2025-03-28T19:31:12.893+0000] {dagbag.py:588} INFO - Filling up the DagBag from /usr/local/python/3.12.1/lib/python3.12/site-packages/airflow/example_dags/example_skip_dag.py
[2025-03-28T19:31:12.899+0000] {processor.py:925} INFO - DAG(s) 'example_skip_dag' retrieved from /usr/local/python/3.12.1/lib/python3.12/site-packages/airflow/example_dags/example_skip_dag.py
[2025-03-28T19:31:12.911+0000] {logging_mixin.py:190} INFO - [2025-03-28T19:31:12.911+0000] {dag.py:3239} INFO - Sync 1 DAGs
[2025-03-28T19:31:12.926+0000] {logging_mixin.py:190} INFO - [2025-03-28T19:31:12.925+0000] {dag.py:4180} INFO - Setting next_dagrun for example_skip_dag to 2025-03-27 00:00:00+00:00, run_after=2025-03-28 00:00:00+00:00
[2025-03-28T19:31:12.941+0000] {processor.py:208} INFO - Processing /usr/local/python/3.12.1/lib/python3.12/site-packages/airflow/example_dags/example_skip_dag.py took 0.054 seconds
[2025-03-28T19:32:10.056+0000] {processor.py:186} INFO - Started process (PID=49950) to work on /usr/local/python/3.12.1/lib/python3.12/site-packages/airflow/example_dags/example_skip_dag.py
[2025-03-28T19:32:10.057+0000] {processor.py:914} INFO - Processing file /usr/local/python/3.12.1/lib/python3.12/site-packages/airflow/example_dags/example_skip_dag.py for tasks to queue
[2025-03-28T19:32:10.059+0000] {logging_mixin.py:190} INFO - [2025-03-28T19:32:10.059+0000] {dagbag.py:588} INFO - Filling up the DagBag from /usr/local/python/3.12.1/lib/python3.12/site-packages/airflow/example_dags/example_skip_dag.py
[2025-03-28T19:32:10.066+0000] {processor.py:925} INFO - DAG(s) 'example_skip_dag' retrieved from /usr/local/python/3.12.1/lib/python3.12/site-packages/airflow/example_dags/example_skip_dag.py
[2025-03-28T19:32:10.079+0000] {logging_mixin.py:190} INFO - [2025-03-28T19:32:10.078+0000] {dag.py:3239} INFO - Sync 1 DAGs
[2025-03-28T19:32:10.093+0000] {logging_mixin.py:190} INFO - [2025-03-28T19:32:10.093+0000] {dag.py:4180} INFO - Setting next_dagrun for example_skip_dag to 2025-03-27 00:00:00+00:00, run_after=2025-03-28 00:00:00+00:00
[2025-03-28T19:32:10.109+0000] {processor.py:208} INFO - Processing /usr/local/python/3.12.1/lib/python3.12/site-packages/airflow/example_dags/example_skip_dag.py took 0.058 seconds
[2025-03-28T19:33:02.855+0000] {processor.py:186} INFO - Started process (PID=50366) to work on /usr/local/python/3.12.1/lib/python3.12/site-packages/airflow/example_dags/example_skip_dag.py
[2025-03-28T19:33:02.856+0000] {processor.py:914} INFO - Processing file /usr/local/python/3.12.1/lib/python3.12/site-packages/airflow/example_dags/example_skip_dag.py for tasks to queue
[2025-03-28T19:33:02.857+0000] {logging_mixin.py:190} INFO - [2025-03-28T19:33:02.857+0000] {dagbag.py:588} INFO - Filling up the DagBag from /usr/local/python/3.12.1/lib/python3.12/site-packages/airflow/example_dags/example_skip_dag.py
[2025-03-28T19:33:02.863+0000] {processor.py:925} INFO - DAG(s) 'example_skip_dag' retrieved from /usr/local/python/3.12.1/lib/python3.12/site-packages/airflow/example_dags/example_skip_dag.py
[2025-03-28T19:33:02.875+0000] {logging_mixin.py:190} INFO - [2025-03-28T19:33:02.875+0000] {dag.py:3239} INFO - Sync 1 DAGs
[2025-03-28T19:33:02.890+0000] {logging_mixin.py:190} INFO - [2025-03-28T19:33:02.890+0000] {dag.py:4180} INFO - Setting next_dagrun for example_skip_dag to 2025-03-27 00:00:00+00:00, run_after=2025-03-28 00:00:00+00:00
[2025-03-28T19:33:02.904+0000] {processor.py:208} INFO - Processing /usr/local/python/3.12.1/lib/python3.12/site-packages/airflow/example_dags/example_skip_dag.py took 0.052 seconds
[2025-03-28T19:33:55.969+0000] {processor.py:186} INFO - Started process (PID=50779) to work on /usr/local/python/3.12.1/lib/python3.12/site-packages/airflow/example_dags/example_skip_dag.py
[2025-03-28T19:33:55.969+0000] {processor.py:914} INFO - Processing file /usr/local/python/3.12.1/lib/python3.12/site-packages/airflow/example_dags/example_skip_dag.py for tasks to queue
[2025-03-28T19:33:55.971+0000] {logging_mixin.py:190} INFO - [2025-03-28T19:33:55.970+0000] {dagbag.py:588} INFO - Filling up the DagBag from /usr/local/python/3.12.1/lib/python3.12/site-packages/airflow/example_dags/example_skip_dag.py
[2025-03-28T19:33:55.977+0000] {processor.py:925} INFO - DAG(s) 'example_skip_dag' retrieved from /usr/local/python/3.12.1/lib/python3.12/site-packages/airflow/example_dags/example_skip_dag.py
[2025-03-28T19:33:55.988+0000] {logging_mixin.py:190} INFO - [2025-03-28T19:33:55.988+0000] {dag.py:3239} INFO - Sync 1 DAGs
[2025-03-28T19:33:56.003+0000] {logging_mixin.py:190} INFO - [2025-03-28T19:33:56.003+0000] {dag.py:4180} INFO - Setting next_dagrun for example_skip_dag to 2025-03-27 00:00:00+00:00, run_after=2025-03-28 00:00:00+00:00
[2025-03-28T19:33:56.018+0000] {processor.py:208} INFO - Processing /usr/local/python/3.12.1/lib/python3.12/site-packages/airflow/example_dags/example_skip_dag.py took 0.053 seconds
[2025-03-28T19:34:49.616+0000] {processor.py:186} INFO - Started process (PID=51214) to work on /usr/local/python/3.12.1/lib/python3.12/site-packages/airflow/example_dags/example_skip_dag.py
[2025-03-28T19:34:49.617+0000] {processor.py:914} INFO - Processing file /usr/local/python/3.12.1/lib/python3.12/site-packages/airflow/example_dags/example_skip_dag.py for tasks to queue
[2025-03-28T19:34:49.618+0000] {logging_mixin.py:190} INFO - [2025-03-28T19:34:49.618+0000] {dagbag.py:588} INFO - Filling up the DagBag from /usr/local/python/3.12.1/lib/python3.12/site-packages/airflow/example_dags/example_skip_dag.py
[2025-03-28T19:34:49.624+0000] {processor.py:925} INFO - DAG(s) 'example_skip_dag' retrieved from /usr/local/python/3.12.1/lib/python3.12/site-packages/airflow/example_dags/example_skip_dag.py
[2025-03-28T19:34:49.636+0000] {logging_mixin.py:190} INFO - [2025-03-28T19:34:49.636+0000] {dag.py:3239} INFO - Sync 1 DAGs
[2025-03-28T19:34:49.651+0000] {logging_mixin.py:190} INFO - [2025-03-28T19:34:49.651+0000] {dag.py:4180} INFO - Setting next_dagrun for example_skip_dag to 2025-03-27 00:00:00+00:00, run_after=2025-03-28 00:00:00+00:00
[2025-03-28T19:34:49.665+0000] {processor.py:208} INFO - Processing /usr/local/python/3.12.1/lib/python3.12/site-packages/airflow/example_dags/example_skip_dag.py took 0.053 seconds
[2025-03-28T19:35:44.145+0000] {processor.py:186} INFO - Started process (PID=51635) to work on /usr/local/python/3.12.1/lib/python3.12/site-packages/airflow/example_dags/example_skip_dag.py
[2025-03-28T19:35:44.145+0000] {processor.py:914} INFO - Processing file /usr/local/python/3.12.1/lib/python3.12/site-packages/airflow/example_dags/example_skip_dag.py for tasks to queue
[2025-03-28T19:35:44.147+0000] {logging_mixin.py:190} INFO - [2025-03-28T19:35:44.147+0000] {dagbag.py:588} INFO - Filling up the DagBag from /usr/local/python/3.12.1/lib/python3.12/site-packages/airflow/example_dags/example_skip_dag.py
[2025-03-28T19:35:44.153+0000] {processor.py:925} INFO - DAG(s) 'example_skip_dag' retrieved from /usr/local/python/3.12.1/lib/python3.12/site-packages/airflow/example_dags/example_skip_dag.py
[2025-03-28T19:35:44.165+0000] {logging_mixin.py:190} INFO - [2025-03-28T19:35:44.165+0000] {dag.py:3239} INFO - Sync 1 DAGs
[2025-03-28T19:35:44.180+0000] {logging_mixin.py:190} INFO - [2025-03-28T19:35:44.180+0000] {dag.py:4180} INFO - Setting next_dagrun for example_skip_dag to 2025-03-27 00:00:00+00:00, run_after=2025-03-28 00:00:00+00:00
[2025-03-28T19:35:44.195+0000] {processor.py:208} INFO - Processing /usr/local/python/3.12.1/lib/python3.12/site-packages/airflow/example_dags/example_skip_dag.py took 0.054 seconds
[2025-03-28T19:36:40.706+0000] {processor.py:186} INFO - Started process (PID=52086) to work on /usr/local/python/3.12.1/lib/python3.12/site-packages/airflow/example_dags/example_skip_dag.py
[2025-03-28T19:36:40.707+0000] {processor.py:914} INFO - Processing file /usr/local/python/3.12.1/lib/python3.12/site-packages/airflow/example_dags/example_skip_dag.py for tasks to queue
[2025-03-28T19:36:40.708+0000] {logging_mixin.py:190} INFO - [2025-03-28T19:36:40.708+0000] {dagbag.py:588} INFO - Filling up the DagBag from /usr/local/python/3.12.1/lib/python3.12/site-packages/airflow/example_dags/example_skip_dag.py
[2025-03-28T19:36:40.714+0000] {processor.py:925} INFO - DAG(s) 'example_skip_dag' retrieved from /usr/local/python/3.12.1/lib/python3.12/site-packages/airflow/example_dags/example_skip_dag.py
[2025-03-28T19:36:40.726+0000] {logging_mixin.py:190} INFO - [2025-03-28T19:36:40.726+0000] {dag.py:3239} INFO - Sync 1 DAGs
[2025-03-28T19:36:40.741+0000] {logging_mixin.py:190} INFO - [2025-03-28T19:36:40.741+0000] {dag.py:4180} INFO - Setting next_dagrun for example_skip_dag to 2025-03-27 00:00:00+00:00, run_after=2025-03-28 00:00:00+00:00
[2025-03-28T19:36:40.756+0000] {processor.py:208} INFO - Processing /usr/local/python/3.12.1/lib/python3.12/site-packages/airflow/example_dags/example_skip_dag.py took 0.054 seconds
[2025-03-28T19:37:35.110+0000] {processor.py:186} INFO - Started process (PID=52503) to work on /usr/local/python/3.12.1/lib/python3.12/site-packages/airflow/example_dags/example_skip_dag.py
[2025-03-28T19:37:35.111+0000] {processor.py:914} INFO - Processing file /usr/local/python/3.12.1/lib/python3.12/site-packages/airflow/example_dags/example_skip_dag.py for tasks to queue
[2025-03-28T19:37:35.112+0000] {logging_mixin.py:190} INFO - [2025-03-28T19:37:35.112+0000] {dagbag.py:588} INFO - Filling up the DagBag from /usr/local/python/3.12.1/lib/python3.12/site-packages/airflow/example_dags/example_skip_dag.py
[2025-03-28T19:37:35.118+0000] {processor.py:925} INFO - DAG(s) 'example_skip_dag' retrieved from /usr/local/python/3.12.1/lib/python3.12/site-packages/airflow/example_dags/example_skip_dag.py
[2025-03-28T19:37:35.130+0000] {logging_mixin.py:190} INFO - [2025-03-28T19:37:35.130+0000] {dag.py:3239} INFO - Sync 1 DAGs
[2025-03-28T19:37:35.145+0000] {logging_mixin.py:190} INFO - [2025-03-28T19:37:35.145+0000] {dag.py:4180} INFO - Setting next_dagrun for example_skip_dag to 2025-03-27 00:00:00+00:00, run_after=2025-03-28 00:00:00+00:00
[2025-03-28T19:37:35.160+0000] {processor.py:208} INFO - Processing /usr/local/python/3.12.1/lib/python3.12/site-packages/airflow/example_dags/example_skip_dag.py took 0.054 seconds
[2025-03-28T19:38:27.651+0000] {processor.py:186} INFO - Started process (PID=52915) to work on /usr/local/python/3.12.1/lib/python3.12/site-packages/airflow/example_dags/example_skip_dag.py
[2025-03-28T19:38:27.652+0000] {processor.py:914} INFO - Processing file /usr/local/python/3.12.1/lib/python3.12/site-packages/airflow/example_dags/example_skip_dag.py for tasks to queue
[2025-03-28T19:38:27.653+0000] {logging_mixin.py:190} INFO - [2025-03-28T19:38:27.653+0000] {dagbag.py:588} INFO - Filling up the DagBag from /usr/local/python/3.12.1/lib/python3.12/site-packages/airflow/example_dags/example_skip_dag.py
[2025-03-28T19:38:27.659+0000] {processor.py:925} INFO - DAG(s) 'example_skip_dag' retrieved from /usr/local/python/3.12.1/lib/python3.12/site-packages/airflow/example_dags/example_skip_dag.py
[2025-03-28T19:38:27.671+0000] {logging_mixin.py:190} INFO - [2025-03-28T19:38:27.671+0000] {dag.py:3239} INFO - Sync 1 DAGs
[2025-03-28T19:38:27.686+0000] {logging_mixin.py:190} INFO - [2025-03-28T19:38:27.686+0000] {dag.py:4180} INFO - Setting next_dagrun for example_skip_dag to 2025-03-27 00:00:00+00:00, run_after=2025-03-28 00:00:00+00:00
[2025-03-28T19:38:27.701+0000] {processor.py:208} INFO - Processing /usr/local/python/3.12.1/lib/python3.12/site-packages/airflow/example_dags/example_skip_dag.py took 0.054 seconds
[2025-03-28T19:39:25.283+0000] {processor.py:186} INFO - Started process (PID=53374) to work on /usr/local/python/3.12.1/lib/python3.12/site-packages/airflow/example_dags/example_skip_dag.py
[2025-03-28T19:39:25.284+0000] {processor.py:914} INFO - Processing file /usr/local/python/3.12.1/lib/python3.12/site-packages/airflow/example_dags/example_skip_dag.py for tasks to queue
[2025-03-28T19:39:25.285+0000] {logging_mixin.py:190} INFO - [2025-03-28T19:39:25.285+0000] {dagbag.py:588} INFO - Filling up the DagBag from /usr/local/python/3.12.1/lib/python3.12/site-packages/airflow/example_dags/example_skip_dag.py
[2025-03-28T19:39:25.291+0000] {processor.py:925} INFO - DAG(s) 'example_skip_dag' retrieved from /usr/local/python/3.12.1/lib/python3.12/site-packages/airflow/example_dags/example_skip_dag.py
[2025-03-28T19:39:25.303+0000] {logging_mixin.py:190} INFO - [2025-03-28T19:39:25.303+0000] {dag.py:3239} INFO - Sync 1 DAGs
[2025-03-28T19:39:25.318+0000] {logging_mixin.py:190} INFO - [2025-03-28T19:39:25.318+0000] {dag.py:4180} INFO - Setting next_dagrun for example_skip_dag to 2025-03-27 00:00:00+00:00, run_after=2025-03-28 00:00:00+00:00
[2025-03-28T19:39:25.332+0000] {processor.py:208} INFO - Processing /usr/local/python/3.12.1/lib/python3.12/site-packages/airflow/example_dags/example_skip_dag.py took 0.053 seconds
[2025-03-28T19:40:19.562+0000] {processor.py:186} INFO - Started process (PID=53797) to work on /usr/local/python/3.12.1/lib/python3.12/site-packages/airflow/example_dags/example_skip_dag.py
[2025-03-28T19:40:19.563+0000] {processor.py:914} INFO - Processing file /usr/local/python/3.12.1/lib/python3.12/site-packages/airflow/example_dags/example_skip_dag.py for tasks to queue
[2025-03-28T19:40:19.564+0000] {logging_mixin.py:190} INFO - [2025-03-28T19:40:19.564+0000] {dagbag.py:588} INFO - Filling up the DagBag from /usr/local/python/3.12.1/lib/python3.12/site-packages/airflow/example_dags/example_skip_dag.py
[2025-03-28T19:40:19.570+0000] {processor.py:925} INFO - DAG(s) 'example_skip_dag' retrieved from /usr/local/python/3.12.1/lib/python3.12/site-packages/airflow/example_dags/example_skip_dag.py
[2025-03-28T19:40:19.582+0000] {logging_mixin.py:190} INFO - [2025-03-28T19:40:19.582+0000] {dag.py:3239} INFO - Sync 1 DAGs
[2025-03-28T19:40:19.597+0000] {logging_mixin.py:190} INFO - [2025-03-28T19:40:19.597+0000] {dag.py:4180} INFO - Setting next_dagrun for example_skip_dag to 2025-03-27 00:00:00+00:00, run_after=2025-03-28 00:00:00+00:00
[2025-03-28T19:40:19.611+0000] {processor.py:208} INFO - Processing /usr/local/python/3.12.1/lib/python3.12/site-packages/airflow/example_dags/example_skip_dag.py took 0.053 seconds
[2025-03-28T19:41:10.967+0000] {processor.py:186} INFO - Started process (PID=54196) to work on /usr/local/python/3.12.1/lib/python3.12/site-packages/airflow/example_dags/example_skip_dag.py
[2025-03-28T19:41:10.968+0000] {processor.py:914} INFO - Processing file /usr/local/python/3.12.1/lib/python3.12/site-packages/airflow/example_dags/example_skip_dag.py for tasks to queue
[2025-03-28T19:41:10.969+0000] {logging_mixin.py:190} INFO - [2025-03-28T19:41:10.969+0000] {dagbag.py:588} INFO - Filling up the DagBag from /usr/local/python/3.12.1/lib/python3.12/site-packages/airflow/example_dags/example_skip_dag.py
[2025-03-28T19:41:10.975+0000] {processor.py:925} INFO - DAG(s) 'example_skip_dag' retrieved from /usr/local/python/3.12.1/lib/python3.12/site-packages/airflow/example_dags/example_skip_dag.py
[2025-03-28T19:41:10.987+0000] {logging_mixin.py:190} INFO - [2025-03-28T19:41:10.987+0000] {dag.py:3239} INFO - Sync 1 DAGs
[2025-03-28T19:41:11.003+0000] {logging_mixin.py:190} INFO - [2025-03-28T19:41:11.003+0000] {dag.py:4180} INFO - Setting next_dagrun for example_skip_dag to 2025-03-27 00:00:00+00:00, run_after=2025-03-28 00:00:00+00:00
[2025-03-28T19:41:11.019+0000] {processor.py:208} INFO - Processing /usr/local/python/3.12.1/lib/python3.12/site-packages/airflow/example_dags/example_skip_dag.py took 0.056 seconds
[2025-03-28T19:42:03.642+0000] {processor.py:186} INFO - Started process (PID=54610) to work on /usr/local/python/3.12.1/lib/python3.12/site-packages/airflow/example_dags/example_skip_dag.py
[2025-03-28T19:42:03.643+0000] {processor.py:914} INFO - Processing file /usr/local/python/3.12.1/lib/python3.12/site-packages/airflow/example_dags/example_skip_dag.py for tasks to queue
[2025-03-28T19:42:03.644+0000] {logging_mixin.py:190} INFO - [2025-03-28T19:42:03.644+0000] {dagbag.py:588} INFO - Filling up the DagBag from /usr/local/python/3.12.1/lib/python3.12/site-packages/airflow/example_dags/example_skip_dag.py
[2025-03-28T19:42:03.650+0000] {processor.py:925} INFO - DAG(s) 'example_skip_dag' retrieved from /usr/local/python/3.12.1/lib/python3.12/site-packages/airflow/example_dags/example_skip_dag.py
[2025-03-28T19:42:03.662+0000] {logging_mixin.py:190} INFO - [2025-03-28T19:42:03.662+0000] {dag.py:3239} INFO - Sync 1 DAGs
[2025-03-28T19:42:03.677+0000] {logging_mixin.py:190} INFO - [2025-03-28T19:42:03.677+0000] {dag.py:4180} INFO - Setting next_dagrun for example_skip_dag to 2025-03-27 00:00:00+00:00, run_after=2025-03-28 00:00:00+00:00
[2025-03-28T19:42:03.692+0000] {processor.py:208} INFO - Processing /usr/local/python/3.12.1/lib/python3.12/site-packages/airflow/example_dags/example_skip_dag.py took 0.054 seconds
[2025-03-28T19:42:56.574+0000] {processor.py:186} INFO - Started process (PID=55042) to work on /usr/local/python/3.12.1/lib/python3.12/site-packages/airflow/example_dags/example_skip_dag.py
[2025-03-28T19:42:56.574+0000] {processor.py:914} INFO - Processing file /usr/local/python/3.12.1/lib/python3.12/site-packages/airflow/example_dags/example_skip_dag.py for tasks to queue
[2025-03-28T19:42:56.576+0000] {logging_mixin.py:190} INFO - [2025-03-28T19:42:56.575+0000] {dagbag.py:588} INFO - Filling up the DagBag from /usr/local/python/3.12.1/lib/python3.12/site-packages/airflow/example_dags/example_skip_dag.py
[2025-03-28T19:42:56.582+0000] {processor.py:925} INFO - DAG(s) 'example_skip_dag' retrieved from /usr/local/python/3.12.1/lib/python3.12/site-packages/airflow/example_dags/example_skip_dag.py
[2025-03-28T19:42:56.594+0000] {logging_mixin.py:190} INFO - [2025-03-28T19:42:56.594+0000] {dag.py:3239} INFO - Sync 1 DAGs
[2025-03-28T19:42:56.609+0000] {logging_mixin.py:190} INFO - [2025-03-28T19:42:56.609+0000] {dag.py:4180} INFO - Setting next_dagrun for example_skip_dag to 2025-03-27 00:00:00+00:00, run_after=2025-03-28 00:00:00+00:00
[2025-03-28T19:42:56.623+0000] {processor.py:208} INFO - Processing /usr/local/python/3.12.1/lib/python3.12/site-packages/airflow/example_dags/example_skip_dag.py took 0.054 seconds
