[2025-03-28T18:24:38.011+0000] {processor.py:186} INFO - Started process (PID=9397) to work on /usr/local/python/3.12.1/lib/python3.12/site-packages/airflow/example_dags/example_branch_python_dop_operator_3.py
[2025-03-28T18:24:38.012+0000] {processor.py:914} INFO - Processing file /usr/local/python/3.12.1/lib/python3.12/site-packages/airflow/example_dags/example_branch_python_dop_operator_3.py for tasks to queue
[2025-03-28T18:24:38.013+0000] {logging_mixin.py:190} INFO - [2025-03-28T18:24:38.013+0000] {dagbag.py:588} INFO - Filling up the DagBag from /usr/local/python/3.12.1/lib/python3.12/site-packages/airflow/example_dags/example_branch_python_dop_operator_3.py
[2025-03-28T18:24:38.021+0000] {processor.py:925} INFO - DAG(s) 'example_branch_dop_operator_v3' retrieved from /usr/local/python/3.12.1/lib/python3.12/site-packages/airflow/example_dags/example_branch_python_dop_operator_3.py
[2025-03-28T18:24:38.103+0000] {logging_mixin.py:190} INFO - [2025-03-28T18:24:38.103+0000] {override.py:1930} INFO - Created Permission View: can edit on DAG:example_branch_dop_operator_v3
[2025-03-28T18:24:38.111+0000] {logging_mixin.py:190} INFO - [2025-03-28T18:24:38.111+0000] {override.py:1930} INFO - Created Permission View: can delete on DAG:example_branch_dop_operator_v3
[2025-03-28T18:24:38.117+0000] {logging_mixin.py:190} INFO - [2025-03-28T18:24:38.117+0000] {override.py:1930} INFO - Created Permission View: can read on DAG:example_branch_dop_operator_v3
[2025-03-28T18:24:38.126+0000] {logging_mixin.py:190} INFO - [2025-03-28T18:24:38.125+0000] {override.py:1930} INFO - Created Permission View: menu access on DAG Run:example_branch_dop_operator_v3
[2025-03-28T18:24:38.131+0000] {logging_mixin.py:190} INFO - [2025-03-28T18:24:38.131+0000] {override.py:1930} INFO - Created Permission View: can create on DAG Run:example_branch_dop_operator_v3
[2025-03-28T18:24:38.137+0000] {logging_mixin.py:190} INFO - [2025-03-28T18:24:38.137+0000] {override.py:1930} INFO - Created Permission View: can delete on DAG Run:example_branch_dop_operator_v3
[2025-03-28T18:24:38.142+0000] {logging_mixin.py:190} INFO - [2025-03-28T18:24:38.142+0000] {override.py:1930} INFO - Created Permission View: can read on DAG Run:example_branch_dop_operator_v3
[2025-03-28T18:24:38.143+0000] {logging_mixin.py:190} INFO - [2025-03-28T18:24:38.142+0000] {dag.py:3239} INFO - Sync 1 DAGs
[2025-03-28T18:24:38.151+0000] {logging_mixin.py:190} INFO - [2025-03-28T18:24:38.151+0000] {dag.py:3262} INFO - Creating ORM DAG for example_branch_dop_operator_v3
[2025-03-28T18:24:38.160+0000] {logging_mixin.py:190} INFO - [2025-03-28T18:24:38.160+0000] {dag.py:4180} INFO - Setting next_dagrun for example_branch_dop_operator_v3 to 2025-03-28 18:23:00+00:00, run_after=2025-03-28 18:24:00+00:00
[2025-03-28T18:24:38.172+0000] {processor.py:208} INFO - Processing /usr/local/python/3.12.1/lib/python3.12/site-packages/airflow/example_dags/example_branch_python_dop_operator_3.py took 0.165 seconds
[2025-03-28T18:25:34.330+0000] {processor.py:186} INFO - Started process (PID=9902) to work on /usr/local/python/3.12.1/lib/python3.12/site-packages/airflow/example_dags/example_branch_python_dop_operator_3.py
[2025-03-28T18:25:34.330+0000] {processor.py:914} INFO - Processing file /usr/local/python/3.12.1/lib/python3.12/site-packages/airflow/example_dags/example_branch_python_dop_operator_3.py for tasks to queue
[2025-03-28T18:25:34.332+0000] {logging_mixin.py:190} INFO - [2025-03-28T18:25:34.331+0000] {dagbag.py:588} INFO - Filling up the DagBag from /usr/local/python/3.12.1/lib/python3.12/site-packages/airflow/example_dags/example_branch_python_dop_operator_3.py
[2025-03-28T18:25:34.339+0000] {processor.py:925} INFO - DAG(s) 'example_branch_dop_operator_v3' retrieved from /usr/local/python/3.12.1/lib/python3.12/site-packages/airflow/example_dags/example_branch_python_dop_operator_3.py
[2025-03-28T18:25:34.350+0000] {logging_mixin.py:190} INFO - [2025-03-28T18:25:34.350+0000] {dag.py:3239} INFO - Sync 1 DAGs
[2025-03-28T18:25:34.368+0000] {logging_mixin.py:190} INFO - [2025-03-28T18:25:34.367+0000] {dag.py:4180} INFO - Setting next_dagrun for example_branch_dop_operator_v3 to 2025-03-28 18:24:00+00:00, run_after=2025-03-28 18:25:00+00:00
[2025-03-28T18:25:34.383+0000] {processor.py:208} INFO - Processing /usr/local/python/3.12.1/lib/python3.12/site-packages/airflow/example_dags/example_branch_python_dop_operator_3.py took 0.057 seconds
[2025-03-28T18:28:35.439+0000] {processor.py:186} INFO - Started process (PID=11568) to work on /usr/local/python/3.12.1/lib/python3.12/site-packages/airflow/example_dags/example_branch_python_dop_operator_3.py
[2025-03-28T18:28:35.440+0000] {processor.py:914} INFO - Processing file /usr/local/python/3.12.1/lib/python3.12/site-packages/airflow/example_dags/example_branch_python_dop_operator_3.py for tasks to queue
[2025-03-28T18:28:35.441+0000] {logging_mixin.py:190} INFO - [2025-03-28T18:28:35.441+0000] {dagbag.py:588} INFO - Filling up the DagBag from /usr/local/python/3.12.1/lib/python3.12/site-packages/airflow/example_dags/example_branch_python_dop_operator_3.py
[2025-03-28T18:28:35.449+0000] {processor.py:925} INFO - DAG(s) 'example_branch_dop_operator_v3' retrieved from /usr/local/python/3.12.1/lib/python3.12/site-packages/airflow/example_dags/example_branch_python_dop_operator_3.py
[2025-03-28T18:28:35.460+0000] {logging_mixin.py:190} INFO - [2025-03-28T18:28:35.460+0000] {dag.py:3239} INFO - Sync 1 DAGs
[2025-03-28T18:28:35.477+0000] {logging_mixin.py:190} INFO - [2025-03-28T18:28:35.477+0000] {dag.py:4180} INFO - Setting next_dagrun for example_branch_dop_operator_v3 to 2025-03-28 18:27:00+00:00, run_after=2025-03-28 18:28:00+00:00
[2025-03-28T18:28:35.493+0000] {processor.py:208} INFO - Processing /usr/local/python/3.12.1/lib/python3.12/site-packages/airflow/example_dags/example_branch_python_dop_operator_3.py took 0.058 seconds
[2025-03-28T18:29:30.993+0000] {processor.py:186} INFO - Started process (PID=12052) to work on /usr/local/python/3.12.1/lib/python3.12/site-packages/airflow/example_dags/example_branch_python_dop_operator_3.py
[2025-03-28T18:29:30.993+0000] {processor.py:914} INFO - Processing file /usr/local/python/3.12.1/lib/python3.12/site-packages/airflow/example_dags/example_branch_python_dop_operator_3.py for tasks to queue
[2025-03-28T18:29:30.995+0000] {logging_mixin.py:190} INFO - [2025-03-28T18:29:30.994+0000] {dagbag.py:588} INFO - Filling up the DagBag from /usr/local/python/3.12.1/lib/python3.12/site-packages/airflow/example_dags/example_branch_python_dop_operator_3.py
[2025-03-28T18:29:31.006+0000] {processor.py:925} INFO - DAG(s) 'example_branch_dop_operator_v3' retrieved from /usr/local/python/3.12.1/lib/python3.12/site-packages/airflow/example_dags/example_branch_python_dop_operator_3.py
[2025-03-28T18:29:31.022+0000] {logging_mixin.py:190} INFO - [2025-03-28T18:29:31.021+0000] {dag.py:3239} INFO - Sync 1 DAGs
[2025-03-28T18:29:31.045+0000] {logging_mixin.py:190} INFO - [2025-03-28T18:29:31.044+0000] {dag.py:4180} INFO - Setting next_dagrun for example_branch_dop_operator_v3 to 2025-03-28 18:28:00+00:00, run_after=2025-03-28 18:29:00+00:00
[2025-03-28T18:29:31.059+0000] {processor.py:208} INFO - Processing /usr/local/python/3.12.1/lib/python3.12/site-packages/airflow/example_dags/example_branch_python_dop_operator_3.py took 0.071 seconds
[2025-03-28T18:30:42.363+0000] {processor.py:186} INFO - Started process (PID=12663) to work on /usr/local/python/3.12.1/lib/python3.12/site-packages/airflow/example_dags/example_branch_python_dop_operator_3.py
[2025-03-28T18:30:42.363+0000] {processor.py:914} INFO - Processing file /usr/local/python/3.12.1/lib/python3.12/site-packages/airflow/example_dags/example_branch_python_dop_operator_3.py for tasks to queue
[2025-03-28T18:30:42.365+0000] {logging_mixin.py:190} INFO - [2025-03-28T18:30:42.364+0000] {dagbag.py:588} INFO - Filling up the DagBag from /usr/local/python/3.12.1/lib/python3.12/site-packages/airflow/example_dags/example_branch_python_dop_operator_3.py
[2025-03-28T18:30:42.372+0000] {processor.py:925} INFO - DAG(s) 'example_branch_dop_operator_v3' retrieved from /usr/local/python/3.12.1/lib/python3.12/site-packages/airflow/example_dags/example_branch_python_dop_operator_3.py
[2025-03-28T18:30:42.383+0000] {logging_mixin.py:190} INFO - [2025-03-28T18:30:42.382+0000] {dag.py:3239} INFO - Sync 1 DAGs
[2025-03-28T18:30:42.400+0000] {logging_mixin.py:190} INFO - [2025-03-28T18:30:42.400+0000] {dag.py:4180} INFO - Setting next_dagrun for example_branch_dop_operator_v3 to 2025-03-28 18:29:00+00:00, run_after=2025-03-28 18:30:00+00:00
[2025-03-28T18:30:42.415+0000] {processor.py:208} INFO - Processing /usr/local/python/3.12.1/lib/python3.12/site-packages/airflow/example_dags/example_branch_python_dop_operator_3.py took 0.056 seconds
[2025-03-28T18:31:56.576+0000] {processor.py:186} INFO - Started process (PID=13290) to work on /usr/local/python/3.12.1/lib/python3.12/site-packages/airflow/example_dags/example_branch_python_dop_operator_3.py
[2025-03-28T18:31:56.577+0000] {processor.py:914} INFO - Processing file /usr/local/python/3.12.1/lib/python3.12/site-packages/airflow/example_dags/example_branch_python_dop_operator_3.py for tasks to queue
[2025-03-28T18:31:56.579+0000] {logging_mixin.py:190} INFO - [2025-03-28T18:31:56.578+0000] {dagbag.py:588} INFO - Filling up the DagBag from /usr/local/python/3.12.1/lib/python3.12/site-packages/airflow/example_dags/example_branch_python_dop_operator_3.py
[2025-03-28T18:31:56.587+0000] {processor.py:925} INFO - DAG(s) 'example_branch_dop_operator_v3' retrieved from /usr/local/python/3.12.1/lib/python3.12/site-packages/airflow/example_dags/example_branch_python_dop_operator_3.py
[2025-03-28T18:31:56.598+0000] {logging_mixin.py:190} INFO - [2025-03-28T18:31:56.598+0000] {dag.py:3239} INFO - Sync 1 DAGs
[2025-03-28T18:31:56.616+0000] {logging_mixin.py:190} INFO - [2025-03-28T18:31:56.616+0000] {dag.py:4180} INFO - Setting next_dagrun for example_branch_dop_operator_v3 to 2025-03-28 18:30:00+00:00, run_after=2025-03-28 18:31:00+00:00
[2025-03-28T18:31:56.631+0000] {processor.py:208} INFO - Processing /usr/local/python/3.12.1/lib/python3.12/site-packages/airflow/example_dags/example_branch_python_dop_operator_3.py took 0.059 seconds
[2025-03-28T18:33:09.677+0000] {processor.py:186} INFO - Started process (PID=13987) to work on /usr/local/python/3.12.1/lib/python3.12/site-packages/airflow/example_dags/example_branch_python_dop_operator_3.py
[2025-03-28T18:33:09.677+0000] {processor.py:914} INFO - Processing file /usr/local/python/3.12.1/lib/python3.12/site-packages/airflow/example_dags/example_branch_python_dop_operator_3.py for tasks to queue
[2025-03-28T18:33:09.679+0000] {logging_mixin.py:190} INFO - [2025-03-28T18:33:09.678+0000] {dagbag.py:588} INFO - Filling up the DagBag from /usr/local/python/3.12.1/lib/python3.12/site-packages/airflow/example_dags/example_branch_python_dop_operator_3.py
[2025-03-28T18:33:09.687+0000] {processor.py:925} INFO - DAG(s) 'example_branch_dop_operator_v3' retrieved from /usr/local/python/3.12.1/lib/python3.12/site-packages/airflow/example_dags/example_branch_python_dop_operator_3.py
[2025-03-28T18:33:09.697+0000] {logging_mixin.py:190} INFO - [2025-03-28T18:33:09.697+0000] {dag.py:3239} INFO - Sync 1 DAGs
[2025-03-28T18:33:09.715+0000] {logging_mixin.py:190} INFO - [2025-03-28T18:33:09.715+0000] {dag.py:4180} INFO - Setting next_dagrun for example_branch_dop_operator_v3 to 2025-03-28 18:32:00+00:00, run_after=2025-03-28 18:33:00+00:00
[2025-03-28T18:33:09.730+0000] {processor.py:208} INFO - Processing /usr/local/python/3.12.1/lib/python3.12/site-packages/airflow/example_dags/example_branch_python_dop_operator_3.py took 0.057 seconds
[2025-03-28T18:34:23.250+0000] {processor.py:186} INFO - Started process (PID=14637) to work on /usr/local/python/3.12.1/lib/python3.12/site-packages/airflow/example_dags/example_branch_python_dop_operator_3.py
[2025-03-28T18:34:23.250+0000] {processor.py:914} INFO - Processing file /usr/local/python/3.12.1/lib/python3.12/site-packages/airflow/example_dags/example_branch_python_dop_operator_3.py for tasks to queue
[2025-03-28T18:34:23.252+0000] {logging_mixin.py:190} INFO - [2025-03-28T18:34:23.251+0000] {dagbag.py:588} INFO - Filling up the DagBag from /usr/local/python/3.12.1/lib/python3.12/site-packages/airflow/example_dags/example_branch_python_dop_operator_3.py
[2025-03-28T18:34:23.259+0000] {processor.py:925} INFO - DAG(s) 'example_branch_dop_operator_v3' retrieved from /usr/local/python/3.12.1/lib/python3.12/site-packages/airflow/example_dags/example_branch_python_dop_operator_3.py
[2025-03-28T18:34:23.270+0000] {logging_mixin.py:190} INFO - [2025-03-28T18:34:23.269+0000] {dag.py:3239} INFO - Sync 1 DAGs
[2025-03-28T18:34:23.287+0000] {logging_mixin.py:190} INFO - [2025-03-28T18:34:23.287+0000] {dag.py:4180} INFO - Setting next_dagrun for example_branch_dop_operator_v3 to 2025-03-28 18:33:00+00:00, run_after=2025-03-28 18:34:00+00:00
[2025-03-28T18:34:23.302+0000] {processor.py:208} INFO - Processing /usr/local/python/3.12.1/lib/python3.12/site-packages/airflow/example_dags/example_branch_python_dop_operator_3.py took 0.057 seconds
[2025-03-28T18:35:38.758+0000] {processor.py:186} INFO - Started process (PID=15278) to work on /usr/local/python/3.12.1/lib/python3.12/site-packages/airflow/example_dags/example_branch_python_dop_operator_3.py
[2025-03-28T18:35:38.759+0000] {processor.py:914} INFO - Processing file /usr/local/python/3.12.1/lib/python3.12/site-packages/airflow/example_dags/example_branch_python_dop_operator_3.py for tasks to queue
[2025-03-28T18:35:38.760+0000] {logging_mixin.py:190} INFO - [2025-03-28T18:35:38.760+0000] {dagbag.py:588} INFO - Filling up the DagBag from /usr/local/python/3.12.1/lib/python3.12/site-packages/airflow/example_dags/example_branch_python_dop_operator_3.py
[2025-03-28T18:35:38.768+0000] {processor.py:925} INFO - DAG(s) 'example_branch_dop_operator_v3' retrieved from /usr/local/python/3.12.1/lib/python3.12/site-packages/airflow/example_dags/example_branch_python_dop_operator_3.py
[2025-03-28T18:35:38.778+0000] {logging_mixin.py:190} INFO - [2025-03-28T18:35:38.778+0000] {dag.py:3239} INFO - Sync 1 DAGs
[2025-03-28T18:35:38.796+0000] {logging_mixin.py:190} INFO - [2025-03-28T18:35:38.796+0000] {dag.py:4180} INFO - Setting next_dagrun for example_branch_dop_operator_v3 to 2025-03-28 18:34:00+00:00, run_after=2025-03-28 18:35:00+00:00
[2025-03-28T18:35:38.812+0000] {processor.py:208} INFO - Processing /usr/local/python/3.12.1/lib/python3.12/site-packages/airflow/example_dags/example_branch_python_dop_operator_3.py took 0.058 seconds
[2025-03-28T18:38:08.698+0000] {processor.py:186} INFO - Started process (PID=16877) to work on /usr/local/python/3.12.1/lib/python3.12/site-packages/airflow/example_dags/example_branch_python_dop_operator_3.py
[2025-03-28T18:38:08.699+0000] {processor.py:914} INFO - Processing file /usr/local/python/3.12.1/lib/python3.12/site-packages/airflow/example_dags/example_branch_python_dop_operator_3.py for tasks to queue
[2025-03-28T18:38:08.700+0000] {logging_mixin.py:190} INFO - [2025-03-28T18:38:08.700+0000] {dagbag.py:588} INFO - Filling up the DagBag from /usr/local/python/3.12.1/lib/python3.12/site-packages/airflow/example_dags/example_branch_python_dop_operator_3.py
[2025-03-28T18:38:08.708+0000] {processor.py:925} INFO - DAG(s) 'example_branch_dop_operator_v3' retrieved from /usr/local/python/3.12.1/lib/python3.12/site-packages/airflow/example_dags/example_branch_python_dop_operator_3.py
[2025-03-28T18:38:08.719+0000] {logging_mixin.py:190} INFO - [2025-03-28T18:38:08.719+0000] {dag.py:3239} INFO - Sync 1 DAGs
[2025-03-28T18:38:08.737+0000] {logging_mixin.py:190} INFO - [2025-03-28T18:38:08.736+0000] {dag.py:4180} INFO - Setting next_dagrun for example_branch_dop_operator_v3 to 2025-03-28 18:37:00+00:00, run_after=2025-03-28 18:38:00+00:00
[2025-03-28T18:38:08.752+0000] {processor.py:208} INFO - Processing /usr/local/python/3.12.1/lib/python3.12/site-packages/airflow/example_dags/example_branch_python_dop_operator_3.py took 0.058 seconds
[2025-03-28T18:39:05.201+0000] {processor.py:186} INFO - Started process (PID=17346) to work on /usr/local/python/3.12.1/lib/python3.12/site-packages/airflow/example_dags/example_branch_python_dop_operator_3.py
[2025-03-28T18:39:05.201+0000] {processor.py:914} INFO - Processing file /usr/local/python/3.12.1/lib/python3.12/site-packages/airflow/example_dags/example_branch_python_dop_operator_3.py for tasks to queue
[2025-03-28T18:39:05.203+0000] {logging_mixin.py:190} INFO - [2025-03-28T18:39:05.202+0000] {dagbag.py:588} INFO - Filling up the DagBag from /usr/local/python/3.12.1/lib/python3.12/site-packages/airflow/example_dags/example_branch_python_dop_operator_3.py
[2025-03-28T18:39:05.211+0000] {processor.py:925} INFO - DAG(s) 'example_branch_dop_operator_v3' retrieved from /usr/local/python/3.12.1/lib/python3.12/site-packages/airflow/example_dags/example_branch_python_dop_operator_3.py
[2025-03-28T18:39:05.221+0000] {logging_mixin.py:190} INFO - [2025-03-28T18:39:05.221+0000] {dag.py:3239} INFO - Sync 1 DAGs
[2025-03-28T18:39:05.238+0000] {logging_mixin.py:190} INFO - [2025-03-28T18:39:05.238+0000] {dag.py:4180} INFO - Setting next_dagrun for example_branch_dop_operator_v3 to 2025-03-28 18:38:00+00:00, run_after=2025-03-28 18:39:00+00:00
[2025-03-28T18:39:05.253+0000] {processor.py:208} INFO - Processing /usr/local/python/3.12.1/lib/python3.12/site-packages/airflow/example_dags/example_branch_python_dop_operator_3.py took 0.056 seconds
[2025-03-28T18:41:51.937+0000] {processor.py:186} INFO - Started process (PID=19121) to work on /usr/local/python/3.12.1/lib/python3.12/site-packages/airflow/example_dags/example_branch_python_dop_operator_3.py
[2025-03-28T18:41:51.937+0000] {processor.py:914} INFO - Processing file /usr/local/python/3.12.1/lib/python3.12/site-packages/airflow/example_dags/example_branch_python_dop_operator_3.py for tasks to queue
[2025-03-28T18:41:51.939+0000] {logging_mixin.py:190} INFO - [2025-03-28T18:41:51.939+0000] {dagbag.py:588} INFO - Filling up the DagBag from /usr/local/python/3.12.1/lib/python3.12/site-packages/airflow/example_dags/example_branch_python_dop_operator_3.py
[2025-03-28T18:41:51.947+0000] {processor.py:925} INFO - DAG(s) 'example_branch_dop_operator_v3' retrieved from /usr/local/python/3.12.1/lib/python3.12/site-packages/airflow/example_dags/example_branch_python_dop_operator_3.py
[2025-03-28T18:41:51.958+0000] {logging_mixin.py:190} INFO - [2025-03-28T18:41:51.957+0000] {dag.py:3239} INFO - Sync 1 DAGs
[2025-03-28T18:41:51.975+0000] {logging_mixin.py:190} INFO - [2025-03-28T18:41:51.975+0000] {dag.py:4180} INFO - Setting next_dagrun for example_branch_dop_operator_v3 to 2025-03-28 18:40:00+00:00, run_after=2025-03-28 18:41:00+00:00
[2025-03-28T18:41:51.989+0000] {processor.py:208} INFO - Processing /usr/local/python/3.12.1/lib/python3.12/site-packages/airflow/example_dags/example_branch_python_dop_operator_3.py took 0.056 seconds
[2025-03-28T18:42:49.579+0000] {processor.py:186} INFO - Started process (PID=19621) to work on /usr/local/python/3.12.1/lib/python3.12/site-packages/airflow/example_dags/example_branch_python_dop_operator_3.py
[2025-03-28T18:42:49.579+0000] {processor.py:914} INFO - Processing file /usr/local/python/3.12.1/lib/python3.12/site-packages/airflow/example_dags/example_branch_python_dop_operator_3.py for tasks to queue
[2025-03-28T18:42:49.581+0000] {logging_mixin.py:190} INFO - [2025-03-28T18:42:49.581+0000] {dagbag.py:588} INFO - Filling up the DagBag from /usr/local/python/3.12.1/lib/python3.12/site-packages/airflow/example_dags/example_branch_python_dop_operator_3.py
[2025-03-28T18:42:49.589+0000] {processor.py:925} INFO - DAG(s) 'example_branch_dop_operator_v3' retrieved from /usr/local/python/3.12.1/lib/python3.12/site-packages/airflow/example_dags/example_branch_python_dop_operator_3.py
[2025-03-28T18:42:49.599+0000] {logging_mixin.py:190} INFO - [2025-03-28T18:42:49.599+0000] {dag.py:3239} INFO - Sync 1 DAGs
[2025-03-28T18:42:49.617+0000] {logging_mixin.py:190} INFO - [2025-03-28T18:42:49.617+0000] {dag.py:4180} INFO - Setting next_dagrun for example_branch_dop_operator_v3 to 2025-03-28 18:41:00+00:00, run_after=2025-03-28 18:42:00+00:00
[2025-03-28T18:42:49.632+0000] {processor.py:208} INFO - Processing /usr/local/python/3.12.1/lib/python3.12/site-packages/airflow/example_dags/example_branch_python_dop_operator_3.py took 0.057 seconds
[2025-03-28T18:43:46.619+0000] {processor.py:186} INFO - Started process (PID=20128) to work on /usr/local/python/3.12.1/lib/python3.12/site-packages/airflow/example_dags/example_branch_python_dop_operator_3.py
[2025-03-28T18:43:46.619+0000] {processor.py:914} INFO - Processing file /usr/local/python/3.12.1/lib/python3.12/site-packages/airflow/example_dags/example_branch_python_dop_operator_3.py for tasks to queue
[2025-03-28T18:43:46.621+0000] {logging_mixin.py:190} INFO - [2025-03-28T18:43:46.621+0000] {dagbag.py:588} INFO - Filling up the DagBag from /usr/local/python/3.12.1/lib/python3.12/site-packages/airflow/example_dags/example_branch_python_dop_operator_3.py
[2025-03-28T18:43:46.629+0000] {processor.py:925} INFO - DAG(s) 'example_branch_dop_operator_v3' retrieved from /usr/local/python/3.12.1/lib/python3.12/site-packages/airflow/example_dags/example_branch_python_dop_operator_3.py
[2025-03-28T18:43:46.639+0000] {logging_mixin.py:190} INFO - [2025-03-28T18:43:46.639+0000] {dag.py:3239} INFO - Sync 1 DAGs
[2025-03-28T18:43:46.657+0000] {logging_mixin.py:190} INFO - [2025-03-28T18:43:46.657+0000] {dag.py:4180} INFO - Setting next_dagrun for example_branch_dop_operator_v3 to 2025-03-28 18:42:00+00:00, run_after=2025-03-28 18:43:00+00:00
[2025-03-28T18:43:46.673+0000] {processor.py:208} INFO - Processing /usr/local/python/3.12.1/lib/python3.12/site-packages/airflow/example_dags/example_branch_python_dop_operator_3.py took 0.058 seconds
[2025-03-28T18:44:42.534+0000] {processor.py:186} INFO - Started process (PID=20633) to work on /usr/local/python/3.12.1/lib/python3.12/site-packages/airflow/example_dags/example_branch_python_dop_operator_3.py
[2025-03-28T18:44:42.534+0000] {processor.py:914} INFO - Processing file /usr/local/python/3.12.1/lib/python3.12/site-packages/airflow/example_dags/example_branch_python_dop_operator_3.py for tasks to queue
[2025-03-28T18:44:42.536+0000] {logging_mixin.py:190} INFO - [2025-03-28T18:44:42.535+0000] {dagbag.py:588} INFO - Filling up the DagBag from /usr/local/python/3.12.1/lib/python3.12/site-packages/airflow/example_dags/example_branch_python_dop_operator_3.py
[2025-03-28T18:44:42.544+0000] {processor.py:925} INFO - DAG(s) 'example_branch_dop_operator_v3' retrieved from /usr/local/python/3.12.1/lib/python3.12/site-packages/airflow/example_dags/example_branch_python_dop_operator_3.py
[2025-03-28T18:44:42.554+0000] {logging_mixin.py:190} INFO - [2025-03-28T18:44:42.554+0000] {dag.py:3239} INFO - Sync 1 DAGs
[2025-03-28T18:44:42.572+0000] {logging_mixin.py:190} INFO - [2025-03-28T18:44:42.572+0000] {dag.py:4180} INFO - Setting next_dagrun for example_branch_dop_operator_v3 to 2025-03-28 18:43:00+00:00, run_after=2025-03-28 18:44:00+00:00
[2025-03-28T18:44:42.587+0000] {processor.py:208} INFO - Processing /usr/local/python/3.12.1/lib/python3.12/site-packages/airflow/example_dags/example_branch_python_dop_operator_3.py took 0.057 seconds
[2025-03-28T18:46:03.127+0000] {processor.py:186} INFO - Started process (PID=21347) to work on /usr/local/python/3.12.1/lib/python3.12/site-packages/airflow/example_dags/example_branch_python_dop_operator_3.py
[2025-03-28T18:46:03.128+0000] {processor.py:914} INFO - Processing file /usr/local/python/3.12.1/lib/python3.12/site-packages/airflow/example_dags/example_branch_python_dop_operator_3.py for tasks to queue
[2025-03-28T18:46:03.129+0000] {logging_mixin.py:190} INFO - [2025-03-28T18:46:03.129+0000] {dagbag.py:588} INFO - Filling up the DagBag from /usr/local/python/3.12.1/lib/python3.12/site-packages/airflow/example_dags/example_branch_python_dop_operator_3.py
[2025-03-28T18:46:03.137+0000] {processor.py:925} INFO - DAG(s) 'example_branch_dop_operator_v3' retrieved from /usr/local/python/3.12.1/lib/python3.12/site-packages/airflow/example_dags/example_branch_python_dop_operator_3.py
[2025-03-28T18:46:03.147+0000] {logging_mixin.py:190} INFO - [2025-03-28T18:46:03.147+0000] {dag.py:3239} INFO - Sync 1 DAGs
[2025-03-28T18:46:03.164+0000] {logging_mixin.py:190} INFO - [2025-03-28T18:46:03.164+0000] {dag.py:4180} INFO - Setting next_dagrun for example_branch_dop_operator_v3 to 2025-03-28 18:45:00+00:00, run_after=2025-03-28 18:46:00+00:00
[2025-03-28T18:46:03.180+0000] {processor.py:208} INFO - Processing /usr/local/python/3.12.1/lib/python3.12/site-packages/airflow/example_dags/example_branch_python_dop_operator_3.py took 0.057 seconds
[2025-03-28T18:46:56.693+0000] {processor.py:186} INFO - Started process (PID=21823) to work on /usr/local/python/3.12.1/lib/python3.12/site-packages/airflow/example_dags/example_branch_python_dop_operator_3.py
[2025-03-28T18:46:56.694+0000] {processor.py:914} INFO - Processing file /usr/local/python/3.12.1/lib/python3.12/site-packages/airflow/example_dags/example_branch_python_dop_operator_3.py for tasks to queue
[2025-03-28T18:46:56.695+0000] {logging_mixin.py:190} INFO - [2025-03-28T18:46:56.695+0000] {dagbag.py:588} INFO - Filling up the DagBag from /usr/local/python/3.12.1/lib/python3.12/site-packages/airflow/example_dags/example_branch_python_dop_operator_3.py
[2025-03-28T18:46:56.703+0000] {processor.py:925} INFO - DAG(s) 'example_branch_dop_operator_v3' retrieved from /usr/local/python/3.12.1/lib/python3.12/site-packages/airflow/example_dags/example_branch_python_dop_operator_3.py
[2025-03-28T18:46:56.713+0000] {logging_mixin.py:190} INFO - [2025-03-28T18:46:56.713+0000] {dag.py:3239} INFO - Sync 1 DAGs
[2025-03-28T18:46:56.731+0000] {logging_mixin.py:190} INFO - [2025-03-28T18:46:56.730+0000] {dag.py:4180} INFO - Setting next_dagrun for example_branch_dop_operator_v3 to 2025-03-28 18:45:00+00:00, run_after=2025-03-28 18:46:00+00:00
[2025-03-28T18:46:56.746+0000] {processor.py:208} INFO - Processing /usr/local/python/3.12.1/lib/python3.12/site-packages/airflow/example_dags/example_branch_python_dop_operator_3.py took 0.056 seconds
[2025-03-28T18:48:13.649+0000] {processor.py:186} INFO - Started process (PID=22435) to work on /usr/local/python/3.12.1/lib/python3.12/site-packages/airflow/example_dags/example_branch_python_dop_operator_3.py
[2025-03-28T18:48:13.649+0000] {processor.py:914} INFO - Processing file /usr/local/python/3.12.1/lib/python3.12/site-packages/airflow/example_dags/example_branch_python_dop_operator_3.py for tasks to queue
[2025-03-28T18:48:13.650+0000] {logging_mixin.py:190} INFO - [2025-03-28T18:48:13.650+0000] {dagbag.py:588} INFO - Filling up the DagBag from /usr/local/python/3.12.1/lib/python3.12/site-packages/airflow/example_dags/example_branch_python_dop_operator_3.py
[2025-03-28T18:48:13.658+0000] {processor.py:925} INFO - DAG(s) 'example_branch_dop_operator_v3' retrieved from /usr/local/python/3.12.1/lib/python3.12/site-packages/airflow/example_dags/example_branch_python_dop_operator_3.py
[2025-03-28T18:48:13.669+0000] {logging_mixin.py:190} INFO - [2025-03-28T18:48:13.669+0000] {dag.py:3239} INFO - Sync 1 DAGs
[2025-03-28T18:48:13.687+0000] {logging_mixin.py:190} INFO - [2025-03-28T18:48:13.687+0000] {dag.py:4180} INFO - Setting next_dagrun for example_branch_dop_operator_v3 to 2025-03-28 18:47:00+00:00, run_after=2025-03-28 18:48:00+00:00
[2025-03-28T18:48:13.703+0000] {processor.py:208} INFO - Processing /usr/local/python/3.12.1/lib/python3.12/site-packages/airflow/example_dags/example_branch_python_dop_operator_3.py took 0.058 seconds
[2025-03-28T18:49:08.572+0000] {processor.py:186} INFO - Started process (PID=22898) to work on /usr/local/python/3.12.1/lib/python3.12/site-packages/airflow/example_dags/example_branch_python_dop_operator_3.py
[2025-03-28T18:49:08.573+0000] {processor.py:914} INFO - Processing file /usr/local/python/3.12.1/lib/python3.12/site-packages/airflow/example_dags/example_branch_python_dop_operator_3.py for tasks to queue
[2025-03-28T18:49:08.574+0000] {logging_mixin.py:190} INFO - [2025-03-28T18:49:08.573+0000] {dagbag.py:588} INFO - Filling up the DagBag from /usr/local/python/3.12.1/lib/python3.12/site-packages/airflow/example_dags/example_branch_python_dop_operator_3.py
[2025-03-28T18:49:08.582+0000] {processor.py:925} INFO - DAG(s) 'example_branch_dop_operator_v3' retrieved from /usr/local/python/3.12.1/lib/python3.12/site-packages/airflow/example_dags/example_branch_python_dop_operator_3.py
[2025-03-28T18:49:08.592+0000] {logging_mixin.py:190} INFO - [2025-03-28T18:49:08.592+0000] {dag.py:3239} INFO - Sync 1 DAGs
[2025-03-28T18:49:08.610+0000] {logging_mixin.py:190} INFO - [2025-03-28T18:49:08.610+0000] {dag.py:4180} INFO - Setting next_dagrun for example_branch_dop_operator_v3 to 2025-03-28 18:48:00+00:00, run_after=2025-03-28 18:49:00+00:00
[2025-03-28T18:49:08.625+0000] {processor.py:208} INFO - Processing /usr/local/python/3.12.1/lib/python3.12/site-packages/airflow/example_dags/example_branch_python_dop_operator_3.py took 0.057 seconds
[2025-03-28T18:50:05.913+0000] {processor.py:186} INFO - Started process (PID=23350) to work on /usr/local/python/3.12.1/lib/python3.12/site-packages/airflow/example_dags/example_branch_python_dop_operator_3.py
[2025-03-28T18:50:05.913+0000] {processor.py:914} INFO - Processing file /usr/local/python/3.12.1/lib/python3.12/site-packages/airflow/example_dags/example_branch_python_dop_operator_3.py for tasks to queue
[2025-03-28T18:50:05.914+0000] {logging_mixin.py:190} INFO - [2025-03-28T18:50:05.914+0000] {dagbag.py:588} INFO - Filling up the DagBag from /usr/local/python/3.12.1/lib/python3.12/site-packages/airflow/example_dags/example_branch_python_dop_operator_3.py
[2025-03-28T18:50:05.922+0000] {processor.py:925} INFO - DAG(s) 'example_branch_dop_operator_v3' retrieved from /usr/local/python/3.12.1/lib/python3.12/site-packages/airflow/example_dags/example_branch_python_dop_operator_3.py
[2025-03-28T18:50:05.933+0000] {logging_mixin.py:190} INFO - [2025-03-28T18:50:05.933+0000] {dag.py:3239} INFO - Sync 1 DAGs
[2025-03-28T18:50:05.956+0000] {logging_mixin.py:190} INFO - [2025-03-28T18:50:05.955+0000] {dag.py:4180} INFO - Setting next_dagrun for example_branch_dop_operator_v3 to 2025-03-28 18:49:00+00:00, run_after=2025-03-28 18:50:00+00:00
[2025-03-28T18:50:05.974+0000] {processor.py:208} INFO - Processing /usr/local/python/3.12.1/lib/python3.12/site-packages/airflow/example_dags/example_branch_python_dop_operator_3.py took 0.066 seconds
[2025-03-28T18:51:10.500+0000] {processor.py:186} INFO - Started process (PID=23898) to work on /usr/local/python/3.12.1/lib/python3.12/site-packages/airflow/example_dags/example_branch_python_dop_operator_3.py
[2025-03-28T18:51:10.500+0000] {processor.py:914} INFO - Processing file /usr/local/python/3.12.1/lib/python3.12/site-packages/airflow/example_dags/example_branch_python_dop_operator_3.py for tasks to queue
[2025-03-28T18:51:10.501+0000] {logging_mixin.py:190} INFO - [2025-03-28T18:51:10.501+0000] {dagbag.py:588} INFO - Filling up the DagBag from /usr/local/python/3.12.1/lib/python3.12/site-packages/airflow/example_dags/example_branch_python_dop_operator_3.py
[2025-03-28T18:51:10.509+0000] {processor.py:925} INFO - DAG(s) 'example_branch_dop_operator_v3' retrieved from /usr/local/python/3.12.1/lib/python3.12/site-packages/airflow/example_dags/example_branch_python_dop_operator_3.py
[2025-03-28T18:51:10.519+0000] {logging_mixin.py:190} INFO - [2025-03-28T18:51:10.519+0000] {dag.py:3239} INFO - Sync 1 DAGs
[2025-03-28T18:51:10.537+0000] {logging_mixin.py:190} INFO - [2025-03-28T18:51:10.537+0000] {dag.py:4180} INFO - Setting next_dagrun for example_branch_dop_operator_v3 to 2025-03-28 18:50:00+00:00, run_after=2025-03-28 18:51:00+00:00
[2025-03-28T18:51:10.552+0000] {processor.py:208} INFO - Processing /usr/local/python/3.12.1/lib/python3.12/site-packages/airflow/example_dags/example_branch_python_dop_operator_3.py took 0.056 seconds
[2025-03-28T18:56:17.988+0000] {processor.py:186} INFO - Started process (PID=26980) to work on /usr/local/python/3.12.1/lib/python3.12/site-packages/airflow/example_dags/example_branch_python_dop_operator_3.py
[2025-03-28T18:56:17.988+0000] {processor.py:914} INFO - Processing file /usr/local/python/3.12.1/lib/python3.12/site-packages/airflow/example_dags/example_branch_python_dop_operator_3.py for tasks to queue
[2025-03-28T18:56:17.989+0000] {logging_mixin.py:190} INFO - [2025-03-28T18:56:17.989+0000] {dagbag.py:588} INFO - Filling up the DagBag from /usr/local/python/3.12.1/lib/python3.12/site-packages/airflow/example_dags/example_branch_python_dop_operator_3.py
[2025-03-28T18:56:17.997+0000] {processor.py:925} INFO - DAG(s) 'example_branch_dop_operator_v3' retrieved from /usr/local/python/3.12.1/lib/python3.12/site-packages/airflow/example_dags/example_branch_python_dop_operator_3.py
[2025-03-28T18:56:18.008+0000] {logging_mixin.py:190} INFO - [2025-03-28T18:56:18.008+0000] {dag.py:3239} INFO - Sync 1 DAGs
[2025-03-28T18:56:18.026+0000] {logging_mixin.py:190} INFO - [2025-03-28T18:56:18.026+0000] {dag.py:4180} INFO - Setting next_dagrun for example_branch_dop_operator_v3 to 2025-03-28 18:55:00+00:00, run_after=2025-03-28 18:56:00+00:00
[2025-03-28T18:56:18.042+0000] {processor.py:208} INFO - Processing /usr/local/python/3.12.1/lib/python3.12/site-packages/airflow/example_dags/example_branch_python_dop_operator_3.py took 0.058 seconds
[2025-03-28T19:01:28.162+0000] {processor.py:186} INFO - Started process (PID=30301) to work on /usr/local/python/3.12.1/lib/python3.12/site-packages/airflow/example_dags/example_branch_python_dop_operator_3.py
[2025-03-28T19:01:28.162+0000] {processor.py:914} INFO - Processing file /usr/local/python/3.12.1/lib/python3.12/site-packages/airflow/example_dags/example_branch_python_dop_operator_3.py for tasks to queue
[2025-03-28T19:01:28.163+0000] {logging_mixin.py:190} INFO - [2025-03-28T19:01:28.163+0000] {dagbag.py:588} INFO - Filling up the DagBag from /usr/local/python/3.12.1/lib/python3.12/site-packages/airflow/example_dags/example_branch_python_dop_operator_3.py
[2025-03-28T19:01:28.172+0000] {processor.py:925} INFO - DAG(s) 'example_branch_dop_operator_v3' retrieved from /usr/local/python/3.12.1/lib/python3.12/site-packages/airflow/example_dags/example_branch_python_dop_operator_3.py
[2025-03-28T19:01:28.183+0000] {logging_mixin.py:190} INFO - [2025-03-28T19:01:28.183+0000] {dag.py:3239} INFO - Sync 1 DAGs
[2025-03-28T19:01:28.201+0000] {logging_mixin.py:190} INFO - [2025-03-28T19:01:28.201+0000] {dag.py:4180} INFO - Setting next_dagrun for example_branch_dop_operator_v3 to 2025-03-28 19:00:00+00:00, run_after=2025-03-28 19:01:00+00:00
[2025-03-28T19:01:28.216+0000] {processor.py:208} INFO - Processing /usr/local/python/3.12.1/lib/python3.12/site-packages/airflow/example_dags/example_branch_python_dop_operator_3.py took 0.058 seconds
[2025-03-28T19:06:38.418+0000] {processor.py:186} INFO - Started process (PID=33832) to work on /usr/local/python/3.12.1/lib/python3.12/site-packages/airflow/example_dags/example_branch_python_dop_operator_3.py
[2025-03-28T19:06:38.418+0000] {processor.py:914} INFO - Processing file /usr/local/python/3.12.1/lib/python3.12/site-packages/airflow/example_dags/example_branch_python_dop_operator_3.py for tasks to queue
[2025-03-28T19:06:38.419+0000] {logging_mixin.py:190} INFO - [2025-03-28T19:06:38.419+0000] {dagbag.py:588} INFO - Filling up the DagBag from /usr/local/python/3.12.1/lib/python3.12/site-packages/airflow/example_dags/example_branch_python_dop_operator_3.py
[2025-03-28T19:06:38.427+0000] {processor.py:925} INFO - DAG(s) 'example_branch_dop_operator_v3' retrieved from /usr/local/python/3.12.1/lib/python3.12/site-packages/airflow/example_dags/example_branch_python_dop_operator_3.py
[2025-03-28T19:06:38.438+0000] {logging_mixin.py:190} INFO - [2025-03-28T19:06:38.438+0000] {dag.py:3239} INFO - Sync 1 DAGs
[2025-03-28T19:06:38.457+0000] {logging_mixin.py:190} INFO - [2025-03-28T19:06:38.457+0000] {dag.py:4180} INFO - Setting next_dagrun for example_branch_dop_operator_v3 to 2025-03-28 19:05:00+00:00, run_after=2025-03-28 19:06:00+00:00
[2025-03-28T19:06:38.472+0000] {processor.py:208} INFO - Processing /usr/local/python/3.12.1/lib/python3.12/site-packages/airflow/example_dags/example_branch_python_dop_operator_3.py took 0.058 seconds
[2025-03-28T19:12:25.992+0000] {processor.py:186} INFO - Started process (PID=38967) to work on /usr/local/python/3.12.1/lib/python3.12/site-packages/airflow/example_dags/example_branch_python_dop_operator_3.py
[2025-03-28T19:12:25.992+0000] {processor.py:914} INFO - Processing file /usr/local/python/3.12.1/lib/python3.12/site-packages/airflow/example_dags/example_branch_python_dop_operator_3.py for tasks to queue
[2025-03-28T19:12:25.994+0000] {logging_mixin.py:190} INFO - [2025-03-28T19:12:25.994+0000] {dagbag.py:588} INFO - Filling up the DagBag from /usr/local/python/3.12.1/lib/python3.12/site-packages/airflow/example_dags/example_branch_python_dop_operator_3.py
[2025-03-28T19:12:26.002+0000] {processor.py:925} INFO - DAG(s) 'example_branch_dop_operator_v3' retrieved from /usr/local/python/3.12.1/lib/python3.12/site-packages/airflow/example_dags/example_branch_python_dop_operator_3.py
[2025-03-28T19:12:26.013+0000] {logging_mixin.py:190} INFO - [2025-03-28T19:12:26.013+0000] {dag.py:3239} INFO - Sync 1 DAGs
[2025-03-28T19:12:26.031+0000] {logging_mixin.py:190} INFO - [2025-03-28T19:12:26.031+0000] {dag.py:4180} INFO - Setting next_dagrun for example_branch_dop_operator_v3 to 2025-03-28 19:11:00+00:00, run_after=2025-03-28 19:12:00+00:00
[2025-03-28T19:12:26.045+0000] {processor.py:208} INFO - Processing /usr/local/python/3.12.1/lib/python3.12/site-packages/airflow/example_dags/example_branch_python_dop_operator_3.py took 0.057 seconds
[2025-03-28T19:17:36.649+0000] {processor.py:186} INFO - Started process (PID=42176) to work on /usr/local/python/3.12.1/lib/python3.12/site-packages/airflow/example_dags/example_branch_python_dop_operator_3.py
[2025-03-28T19:17:36.650+0000] {processor.py:914} INFO - Processing file /usr/local/python/3.12.1/lib/python3.12/site-packages/airflow/example_dags/example_branch_python_dop_operator_3.py for tasks to queue
[2025-03-28T19:17:36.651+0000] {logging_mixin.py:190} INFO - [2025-03-28T19:17:36.651+0000] {dagbag.py:588} INFO - Filling up the DagBag from /usr/local/python/3.12.1/lib/python3.12/site-packages/airflow/example_dags/example_branch_python_dop_operator_3.py
[2025-03-28T19:17:36.659+0000] {processor.py:925} INFO - DAG(s) 'example_branch_dop_operator_v3' retrieved from /usr/local/python/3.12.1/lib/python3.12/site-packages/airflow/example_dags/example_branch_python_dop_operator_3.py
[2025-03-28T19:17:36.669+0000] {logging_mixin.py:190} INFO - [2025-03-28T19:17:36.669+0000] {dag.py:3239} INFO - Sync 1 DAGs
[2025-03-28T19:17:36.687+0000] {logging_mixin.py:190} INFO - [2025-03-28T19:17:36.687+0000] {dag.py:4180} INFO - Setting next_dagrun for example_branch_dop_operator_v3 to 2025-03-28 19:16:00+00:00, run_after=2025-03-28 19:17:00+00:00
[2025-03-28T19:17:36.701+0000] {processor.py:208} INFO - Processing /usr/local/python/3.12.1/lib/python3.12/site-packages/airflow/example_dags/example_branch_python_dop_operator_3.py took 0.056 seconds
[2025-03-28T19:22:47.448+0000] {processor.py:186} INFO - Started process (PID=45238) to work on /usr/local/python/3.12.1/lib/python3.12/site-packages/airflow/example_dags/example_branch_python_dop_operator_3.py
[2025-03-28T19:22:47.449+0000] {processor.py:914} INFO - Processing file /usr/local/python/3.12.1/lib/python3.12/site-packages/airflow/example_dags/example_branch_python_dop_operator_3.py for tasks to queue
[2025-03-28T19:22:47.450+0000] {logging_mixin.py:190} INFO - [2025-03-28T19:22:47.450+0000] {dagbag.py:588} INFO - Filling up the DagBag from /usr/local/python/3.12.1/lib/python3.12/site-packages/airflow/example_dags/example_branch_python_dop_operator_3.py
[2025-03-28T19:22:47.458+0000] {processor.py:925} INFO - DAG(s) 'example_branch_dop_operator_v3' retrieved from /usr/local/python/3.12.1/lib/python3.12/site-packages/airflow/example_dags/example_branch_python_dop_operator_3.py
[2025-03-28T19:22:47.469+0000] {logging_mixin.py:190} INFO - [2025-03-28T19:22:47.468+0000] {dag.py:3239} INFO - Sync 1 DAGs
[2025-03-28T19:22:47.486+0000] {logging_mixin.py:190} INFO - [2025-03-28T19:22:47.486+0000] {dag.py:4180} INFO - Setting next_dagrun for example_branch_dop_operator_v3 to 2025-03-28 19:21:00+00:00, run_after=2025-03-28 19:22:00+00:00
[2025-03-28T19:22:47.501+0000] {processor.py:208} INFO - Processing /usr/local/python/3.12.1/lib/python3.12/site-packages/airflow/example_dags/example_branch_python_dop_operator_3.py took 0.057 seconds
[2025-03-28T19:25:54.557+0000] {processor.py:186} INFO - Started process (PID=47000) to work on /usr/local/python/3.12.1/lib/python3.12/site-packages/airflow/example_dags/example_branch_python_dop_operator_3.py
[2025-03-28T19:25:54.558+0000] {processor.py:914} INFO - Processing file /usr/local/python/3.12.1/lib/python3.12/site-packages/airflow/example_dags/example_branch_python_dop_operator_3.py for tasks to queue
[2025-03-28T19:25:54.560+0000] {logging_mixin.py:190} INFO - [2025-03-28T19:25:54.559+0000] {dagbag.py:588} INFO - Filling up the DagBag from /usr/local/python/3.12.1/lib/python3.12/site-packages/airflow/example_dags/example_branch_python_dop_operator_3.py
[2025-03-28T19:25:54.568+0000] {processor.py:925} INFO - DAG(s) 'example_branch_dop_operator_v3' retrieved from /usr/local/python/3.12.1/lib/python3.12/site-packages/airflow/example_dags/example_branch_python_dop_operator_3.py
[2025-03-28T19:25:54.579+0000] {logging_mixin.py:190} INFO - [2025-03-28T19:25:54.579+0000] {dag.py:3239} INFO - Sync 1 DAGs
[2025-03-28T19:25:54.596+0000] {logging_mixin.py:190} INFO - [2025-03-28T19:25:54.596+0000] {dag.py:4180} INFO - Setting next_dagrun for example_branch_dop_operator_v3 to 2025-03-28 19:24:00+00:00, run_after=2025-03-28 19:25:00+00:00
[2025-03-28T19:25:54.611+0000] {processor.py:208} INFO - Processing /usr/local/python/3.12.1/lib/python3.12/site-packages/airflow/example_dags/example_branch_python_dop_operator_3.py took 0.058 seconds
[2025-03-28T19:26:49.365+0000] {processor.py:186} INFO - Started process (PID=47420) to work on /usr/local/python/3.12.1/lib/python3.12/site-packages/airflow/example_dags/example_branch_python_dop_operator_3.py
[2025-03-28T19:26:49.365+0000] {processor.py:914} INFO - Processing file /usr/local/python/3.12.1/lib/python3.12/site-packages/airflow/example_dags/example_branch_python_dop_operator_3.py for tasks to queue
[2025-03-28T19:26:49.367+0000] {logging_mixin.py:190} INFO - [2025-03-28T19:26:49.367+0000] {dagbag.py:588} INFO - Filling up the DagBag from /usr/local/python/3.12.1/lib/python3.12/site-packages/airflow/example_dags/example_branch_python_dop_operator_3.py
[2025-03-28T19:26:49.380+0000] {processor.py:925} INFO - DAG(s) 'example_branch_dop_operator_v3' retrieved from /usr/local/python/3.12.1/lib/python3.12/site-packages/airflow/example_dags/example_branch_python_dop_operator_3.py
[2025-03-28T19:26:49.393+0000] {logging_mixin.py:190} INFO - [2025-03-28T19:26:49.393+0000] {dag.py:3239} INFO - Sync 1 DAGs
[2025-03-28T19:26:49.411+0000] {logging_mixin.py:190} INFO - [2025-03-28T19:26:49.411+0000] {dag.py:4180} INFO - Setting next_dagrun for example_branch_dop_operator_v3 to 2025-03-28 19:25:00+00:00, run_after=2025-03-28 19:26:00+00:00
[2025-03-28T19:26:49.426+0000] {processor.py:208} INFO - Processing /usr/local/python/3.12.1/lib/python3.12/site-packages/airflow/example_dags/example_branch_python_dop_operator_3.py took 0.067 seconds
[2025-03-28T19:27:46.197+0000] {processor.py:186} INFO - Started process (PID=47872) to work on /usr/local/python/3.12.1/lib/python3.12/site-packages/airflow/example_dags/example_branch_python_dop_operator_3.py
[2025-03-28T19:27:46.198+0000] {processor.py:914} INFO - Processing file /usr/local/python/3.12.1/lib/python3.12/site-packages/airflow/example_dags/example_branch_python_dop_operator_3.py for tasks to queue
[2025-03-28T19:27:46.199+0000] {logging_mixin.py:190} INFO - [2025-03-28T19:27:46.199+0000] {dagbag.py:588} INFO - Filling up the DagBag from /usr/local/python/3.12.1/lib/python3.12/site-packages/airflow/example_dags/example_branch_python_dop_operator_3.py
[2025-03-28T19:27:46.207+0000] {processor.py:925} INFO - DAG(s) 'example_branch_dop_operator_v3' retrieved from /usr/local/python/3.12.1/lib/python3.12/site-packages/airflow/example_dags/example_branch_python_dop_operator_3.py
[2025-03-28T19:27:46.218+0000] {logging_mixin.py:190} INFO - [2025-03-28T19:27:46.217+0000] {dag.py:3239} INFO - Sync 1 DAGs
[2025-03-28T19:27:46.235+0000] {logging_mixin.py:190} INFO - [2025-03-28T19:27:46.235+0000] {dag.py:4180} INFO - Setting next_dagrun for example_branch_dop_operator_v3 to 2025-03-28 19:26:00+00:00, run_after=2025-03-28 19:27:00+00:00
[2025-03-28T19:27:46.250+0000] {processor.py:208} INFO - Processing /usr/local/python/3.12.1/lib/python3.12/site-packages/airflow/example_dags/example_branch_python_dop_operator_3.py took 0.057 seconds
[2025-03-28T19:29:01.724+0000] {processor.py:186} INFO - Started process (PID=48460) to work on /usr/local/python/3.12.1/lib/python3.12/site-packages/airflow/example_dags/example_branch_python_dop_operator_3.py
[2025-03-28T19:29:01.725+0000] {processor.py:914} INFO - Processing file /usr/local/python/3.12.1/lib/python3.12/site-packages/airflow/example_dags/example_branch_python_dop_operator_3.py for tasks to queue
[2025-03-28T19:29:01.727+0000] {logging_mixin.py:190} INFO - [2025-03-28T19:29:01.726+0000] {dagbag.py:588} INFO - Filling up the DagBag from /usr/local/python/3.12.1/lib/python3.12/site-packages/airflow/example_dags/example_branch_python_dop_operator_3.py
[2025-03-28T19:29:01.735+0000] {processor.py:925} INFO - DAG(s) 'example_branch_dop_operator_v3' retrieved from /usr/local/python/3.12.1/lib/python3.12/site-packages/airflow/example_dags/example_branch_python_dop_operator_3.py
[2025-03-28T19:29:01.746+0000] {logging_mixin.py:190} INFO - [2025-03-28T19:29:01.746+0000] {dag.py:3239} INFO - Sync 1 DAGs
[2025-03-28T19:29:01.765+0000] {logging_mixin.py:190} INFO - [2025-03-28T19:29:01.764+0000] {dag.py:4180} INFO - Setting next_dagrun for example_branch_dop_operator_v3 to 2025-03-28 19:28:00+00:00, run_after=2025-03-28 19:29:00+00:00
[2025-03-28T19:29:01.779+0000] {processor.py:208} INFO - Processing /usr/local/python/3.12.1/lib/python3.12/site-packages/airflow/example_dags/example_branch_python_dop_operator_3.py took 0.059 seconds
[2025-03-28T19:29:56.998+0000] {processor.py:186} INFO - Started process (PID=48914) to work on /usr/local/python/3.12.1/lib/python3.12/site-packages/airflow/example_dags/example_branch_python_dop_operator_3.py
[2025-03-28T19:29:56.999+0000] {processor.py:914} INFO - Processing file /usr/local/python/3.12.1/lib/python3.12/site-packages/airflow/example_dags/example_branch_python_dop_operator_3.py for tasks to queue
[2025-03-28T19:29:57.000+0000] {logging_mixin.py:190} INFO - [2025-03-28T19:29:57.000+0000] {dagbag.py:588} INFO - Filling up the DagBag from /usr/local/python/3.12.1/lib/python3.12/site-packages/airflow/example_dags/example_branch_python_dop_operator_3.py
[2025-03-28T19:29:57.009+0000] {processor.py:925} INFO - DAG(s) 'example_branch_dop_operator_v3' retrieved from /usr/local/python/3.12.1/lib/python3.12/site-packages/airflow/example_dags/example_branch_python_dop_operator_3.py
[2025-03-28T19:29:57.019+0000] {logging_mixin.py:190} INFO - [2025-03-28T19:29:57.019+0000] {dag.py:3239} INFO - Sync 1 DAGs
[2025-03-28T19:29:57.038+0000] {logging_mixin.py:190} INFO - [2025-03-28T19:29:57.037+0000] {dag.py:4180} INFO - Setting next_dagrun for example_branch_dop_operator_v3 to 2025-03-28 19:28:00+00:00, run_after=2025-03-28 19:29:00+00:00
[2025-03-28T19:29:57.052+0000] {processor.py:208} INFO - Processing /usr/local/python/3.12.1/lib/python3.12/site-packages/airflow/example_dags/example_branch_python_dop_operator_3.py took 0.058 seconds
[2025-03-28T19:30:53.500+0000] {processor.py:186} INFO - Started process (PID=49340) to work on /usr/local/python/3.12.1/lib/python3.12/site-packages/airflow/example_dags/example_branch_python_dop_operator_3.py
[2025-03-28T19:30:53.501+0000] {processor.py:914} INFO - Processing file /usr/local/python/3.12.1/lib/python3.12/site-packages/airflow/example_dags/example_branch_python_dop_operator_3.py for tasks to queue
[2025-03-28T19:30:53.502+0000] {logging_mixin.py:190} INFO - [2025-03-28T19:30:53.502+0000] {dagbag.py:588} INFO - Filling up the DagBag from /usr/local/python/3.12.1/lib/python3.12/site-packages/airflow/example_dags/example_branch_python_dop_operator_3.py
[2025-03-28T19:30:53.510+0000] {processor.py:925} INFO - DAG(s) 'example_branch_dop_operator_v3' retrieved from /usr/local/python/3.12.1/lib/python3.12/site-packages/airflow/example_dags/example_branch_python_dop_operator_3.py
[2025-03-28T19:30:53.521+0000] {logging_mixin.py:190} INFO - [2025-03-28T19:30:53.520+0000] {dag.py:3239} INFO - Sync 1 DAGs
[2025-03-28T19:30:53.538+0000] {logging_mixin.py:190} INFO - [2025-03-28T19:30:53.538+0000] {dag.py:4180} INFO - Setting next_dagrun for example_branch_dop_operator_v3 to 2025-03-28 19:29:00+00:00, run_after=2025-03-28 19:30:00+00:00
[2025-03-28T19:30:53.554+0000] {processor.py:208} INFO - Processing /usr/local/python/3.12.1/lib/python3.12/site-packages/airflow/example_dags/example_branch_python_dop_operator_3.py took 0.058 seconds
[2025-03-28T19:31:49.884+0000] {processor.py:186} INFO - Started process (PID=49790) to work on /usr/local/python/3.12.1/lib/python3.12/site-packages/airflow/example_dags/example_branch_python_dop_operator_3.py
[2025-03-28T19:31:49.885+0000] {processor.py:914} INFO - Processing file /usr/local/python/3.12.1/lib/python3.12/site-packages/airflow/example_dags/example_branch_python_dop_operator_3.py for tasks to queue
[2025-03-28T19:31:49.887+0000] {logging_mixin.py:190} INFO - [2025-03-28T19:31:49.886+0000] {dagbag.py:588} INFO - Filling up the DagBag from /usr/local/python/3.12.1/lib/python3.12/site-packages/airflow/example_dags/example_branch_python_dop_operator_3.py
[2025-03-28T19:31:49.898+0000] {processor.py:925} INFO - DAG(s) 'example_branch_dop_operator_v3' retrieved from /usr/local/python/3.12.1/lib/python3.12/site-packages/airflow/example_dags/example_branch_python_dop_operator_3.py
[2025-03-28T19:31:49.910+0000] {logging_mixin.py:190} INFO - [2025-03-28T19:31:49.909+0000] {dag.py:3239} INFO - Sync 1 DAGs
[2025-03-28T19:31:49.929+0000] {logging_mixin.py:190} INFO - [2025-03-28T19:31:49.929+0000] {dag.py:4180} INFO - Setting next_dagrun for example_branch_dop_operator_v3 to 2025-03-28 19:30:00+00:00, run_after=2025-03-28 19:31:00+00:00
[2025-03-28T19:31:49.944+0000] {processor.py:208} INFO - Processing /usr/local/python/3.12.1/lib/python3.12/site-packages/airflow/example_dags/example_branch_python_dop_operator_3.py took 0.064 seconds
[2025-03-28T19:32:45.152+0000] {processor.py:186} INFO - Started process (PID=50221) to work on /usr/local/python/3.12.1/lib/python3.12/site-packages/airflow/example_dags/example_branch_python_dop_operator_3.py
[2025-03-28T19:32:45.153+0000] {processor.py:914} INFO - Processing file /usr/local/python/3.12.1/lib/python3.12/site-packages/airflow/example_dags/example_branch_python_dop_operator_3.py for tasks to queue
[2025-03-28T19:32:45.154+0000] {logging_mixin.py:190} INFO - [2025-03-28T19:32:45.154+0000] {dagbag.py:588} INFO - Filling up the DagBag from /usr/local/python/3.12.1/lib/python3.12/site-packages/airflow/example_dags/example_branch_python_dop_operator_3.py
[2025-03-28T19:32:45.162+0000] {processor.py:925} INFO - DAG(s) 'example_branch_dop_operator_v3' retrieved from /usr/local/python/3.12.1/lib/python3.12/site-packages/airflow/example_dags/example_branch_python_dop_operator_3.py
[2025-03-28T19:32:45.173+0000] {logging_mixin.py:190} INFO - [2025-03-28T19:32:45.173+0000] {dag.py:3239} INFO - Sync 1 DAGs
[2025-03-28T19:32:45.190+0000] {logging_mixin.py:190} INFO - [2025-03-28T19:32:45.190+0000] {dag.py:4180} INFO - Setting next_dagrun for example_branch_dop_operator_v3 to 2025-03-28 19:31:00+00:00, run_after=2025-03-28 19:32:00+00:00
[2025-03-28T19:32:45.205+0000] {processor.py:208} INFO - Processing /usr/local/python/3.12.1/lib/python3.12/site-packages/airflow/example_dags/example_branch_python_dop_operator_3.py took 0.057 seconds
[2025-03-28T19:34:05.623+0000] {processor.py:186} INFO - Started process (PID=50853) to work on /usr/local/python/3.12.1/lib/python3.12/site-packages/airflow/example_dags/example_branch_python_dop_operator_3.py
[2025-03-28T19:34:05.623+0000] {processor.py:914} INFO - Processing file /usr/local/python/3.12.1/lib/python3.12/site-packages/airflow/example_dags/example_branch_python_dop_operator_3.py for tasks to queue
[2025-03-28T19:34:05.625+0000] {logging_mixin.py:190} INFO - [2025-03-28T19:34:05.624+0000] {dagbag.py:588} INFO - Filling up the DagBag from /usr/local/python/3.12.1/lib/python3.12/site-packages/airflow/example_dags/example_branch_python_dop_operator_3.py
[2025-03-28T19:34:05.633+0000] {processor.py:925} INFO - DAG(s) 'example_branch_dop_operator_v3' retrieved from /usr/local/python/3.12.1/lib/python3.12/site-packages/airflow/example_dags/example_branch_python_dop_operator_3.py
[2025-03-28T19:34:05.644+0000] {logging_mixin.py:190} INFO - [2025-03-28T19:34:05.644+0000] {dag.py:3239} INFO - Sync 1 DAGs
[2025-03-28T19:34:05.661+0000] {logging_mixin.py:190} INFO - [2025-03-28T19:34:05.661+0000] {dag.py:4180} INFO - Setting next_dagrun for example_branch_dop_operator_v3 to 2025-03-28 19:33:00+00:00, run_after=2025-03-28 19:34:00+00:00
[2025-03-28T19:34:05.676+0000] {processor.py:208} INFO - Processing /usr/local/python/3.12.1/lib/python3.12/site-packages/airflow/example_dags/example_branch_python_dop_operator_3.py took 0.057 seconds
[2025-03-28T19:34:58.759+0000] {processor.py:186} INFO - Started process (PID=51287) to work on /usr/local/python/3.12.1/lib/python3.12/site-packages/airflow/example_dags/example_branch_python_dop_operator_3.py
[2025-03-28T19:34:58.760+0000] {processor.py:914} INFO - Processing file /usr/local/python/3.12.1/lib/python3.12/site-packages/airflow/example_dags/example_branch_python_dop_operator_3.py for tasks to queue
[2025-03-28T19:34:58.761+0000] {logging_mixin.py:190} INFO - [2025-03-28T19:34:58.761+0000] {dagbag.py:588} INFO - Filling up the DagBag from /usr/local/python/3.12.1/lib/python3.12/site-packages/airflow/example_dags/example_branch_python_dop_operator_3.py
[2025-03-28T19:34:58.770+0000] {processor.py:925} INFO - DAG(s) 'example_branch_dop_operator_v3' retrieved from /usr/local/python/3.12.1/lib/python3.12/site-packages/airflow/example_dags/example_branch_python_dop_operator_3.py
[2025-03-28T19:34:58.780+0000] {logging_mixin.py:190} INFO - [2025-03-28T19:34:58.780+0000] {dag.py:3239} INFO - Sync 1 DAGs
[2025-03-28T19:34:58.798+0000] {logging_mixin.py:190} INFO - [2025-03-28T19:34:58.798+0000] {dag.py:4180} INFO - Setting next_dagrun for example_branch_dop_operator_v3 to 2025-03-28 19:33:00+00:00, run_after=2025-03-28 19:34:00+00:00
[2025-03-28T19:34:58.812+0000] {processor.py:208} INFO - Processing /usr/local/python/3.12.1/lib/python3.12/site-packages/airflow/example_dags/example_branch_python_dop_operator_3.py took 0.057 seconds
[2025-03-28T19:36:19.383+0000] {processor.py:186} INFO - Started process (PID=51917) to work on /usr/local/python/3.12.1/lib/python3.12/site-packages/airflow/example_dags/example_branch_python_dop_operator_3.py
[2025-03-28T19:36:19.384+0000] {processor.py:914} INFO - Processing file /usr/local/python/3.12.1/lib/python3.12/site-packages/airflow/example_dags/example_branch_python_dop_operator_3.py for tasks to queue
[2025-03-28T19:36:19.385+0000] {logging_mixin.py:190} INFO - [2025-03-28T19:36:19.385+0000] {dagbag.py:588} INFO - Filling up the DagBag from /usr/local/python/3.12.1/lib/python3.12/site-packages/airflow/example_dags/example_branch_python_dop_operator_3.py
[2025-03-28T19:36:19.393+0000] {processor.py:925} INFO - DAG(s) 'example_branch_dop_operator_v3' retrieved from /usr/local/python/3.12.1/lib/python3.12/site-packages/airflow/example_dags/example_branch_python_dop_operator_3.py
[2025-03-28T19:36:19.404+0000] {logging_mixin.py:190} INFO - [2025-03-28T19:36:19.404+0000] {dag.py:3239} INFO - Sync 1 DAGs
[2025-03-28T19:36:19.421+0000] {logging_mixin.py:190} INFO - [2025-03-28T19:36:19.421+0000] {dag.py:4180} INFO - Setting next_dagrun for example_branch_dop_operator_v3 to 2025-03-28 19:35:00+00:00, run_after=2025-03-28 19:36:00+00:00
[2025-03-28T19:36:19.436+0000] {processor.py:208} INFO - Processing /usr/local/python/3.12.1/lib/python3.12/site-packages/airflow/example_dags/example_branch_python_dop_operator_3.py took 0.057 seconds
[2025-03-28T19:37:14.837+0000] {processor.py:186} INFO - Started process (PID=52347) to work on /usr/local/python/3.12.1/lib/python3.12/site-packages/airflow/example_dags/example_branch_python_dop_operator_3.py
[2025-03-28T19:37:14.838+0000] {processor.py:914} INFO - Processing file /usr/local/python/3.12.1/lib/python3.12/site-packages/airflow/example_dags/example_branch_python_dop_operator_3.py for tasks to queue
[2025-03-28T19:37:14.840+0000] {logging_mixin.py:190} INFO - [2025-03-28T19:37:14.839+0000] {dagbag.py:588} INFO - Filling up the DagBag from /usr/local/python/3.12.1/lib/python3.12/site-packages/airflow/example_dags/example_branch_python_dop_operator_3.py
[2025-03-28T19:37:14.848+0000] {processor.py:925} INFO - DAG(s) 'example_branch_dop_operator_v3' retrieved from /usr/local/python/3.12.1/lib/python3.12/site-packages/airflow/example_dags/example_branch_python_dop_operator_3.py
[2025-03-28T19:37:14.859+0000] {logging_mixin.py:190} INFO - [2025-03-28T19:37:14.858+0000] {dag.py:3239} INFO - Sync 1 DAGs
[2025-03-28T19:37:14.876+0000] {logging_mixin.py:190} INFO - [2025-03-28T19:37:14.876+0000] {dag.py:4180} INFO - Setting next_dagrun for example_branch_dop_operator_v3 to 2025-03-28 19:36:00+00:00, run_after=2025-03-28 19:37:00+00:00
[2025-03-28T19:37:14.890+0000] {processor.py:208} INFO - Processing /usr/local/python/3.12.1/lib/python3.12/site-packages/airflow/example_dags/example_branch_python_dop_operator_3.py took 0.057 seconds
[2025-03-28T19:38:10.804+0000] {processor.py:186} INFO - Started process (PID=52786) to work on /usr/local/python/3.12.1/lib/python3.12/site-packages/airflow/example_dags/example_branch_python_dop_operator_3.py
[2025-03-28T19:38:10.805+0000] {processor.py:914} INFO - Processing file /usr/local/python/3.12.1/lib/python3.12/site-packages/airflow/example_dags/example_branch_python_dop_operator_3.py for tasks to queue
[2025-03-28T19:38:10.807+0000] {logging_mixin.py:190} INFO - [2025-03-28T19:38:10.806+0000] {dagbag.py:588} INFO - Filling up the DagBag from /usr/local/python/3.12.1/lib/python3.12/site-packages/airflow/example_dags/example_branch_python_dop_operator_3.py
[2025-03-28T19:38:10.817+0000] {processor.py:925} INFO - DAG(s) 'example_branch_dop_operator_v3' retrieved from /usr/local/python/3.12.1/lib/python3.12/site-packages/airflow/example_dags/example_branch_python_dop_operator_3.py
[2025-03-28T19:38:10.830+0000] {logging_mixin.py:190} INFO - [2025-03-28T19:38:10.829+0000] {dag.py:3239} INFO - Sync 1 DAGs
[2025-03-28T19:38:10.851+0000] {logging_mixin.py:190} INFO - [2025-03-28T19:38:10.850+0000] {dag.py:4180} INFO - Setting next_dagrun for example_branch_dop_operator_v3 to 2025-03-28 19:37:00+00:00, run_after=2025-03-28 19:38:00+00:00
[2025-03-28T19:38:10.868+0000] {processor.py:208} INFO - Processing /usr/local/python/3.12.1/lib/python3.12/site-packages/airflow/example_dags/example_branch_python_dop_operator_3.py took 0.069 seconds
[2025-03-28T19:39:06.560+0000] {processor.py:186} INFO - Started process (PID=53222) to work on /usr/local/python/3.12.1/lib/python3.12/site-packages/airflow/example_dags/example_branch_python_dop_operator_3.py
[2025-03-28T19:39:06.561+0000] {processor.py:914} INFO - Processing file /usr/local/python/3.12.1/lib/python3.12/site-packages/airflow/example_dags/example_branch_python_dop_operator_3.py for tasks to queue
[2025-03-28T19:39:06.562+0000] {logging_mixin.py:190} INFO - [2025-03-28T19:39:06.562+0000] {dagbag.py:588} INFO - Filling up the DagBag from /usr/local/python/3.12.1/lib/python3.12/site-packages/airflow/example_dags/example_branch_python_dop_operator_3.py
[2025-03-28T19:39:06.570+0000] {processor.py:925} INFO - DAG(s) 'example_branch_dop_operator_v3' retrieved from /usr/local/python/3.12.1/lib/python3.12/site-packages/airflow/example_dags/example_branch_python_dop_operator_3.py
[2025-03-28T19:39:06.581+0000] {logging_mixin.py:190} INFO - [2025-03-28T19:39:06.581+0000] {dag.py:3239} INFO - Sync 1 DAGs
[2025-03-28T19:39:06.599+0000] {logging_mixin.py:190} INFO - [2025-03-28T19:39:06.599+0000] {dag.py:4180} INFO - Setting next_dagrun for example_branch_dop_operator_v3 to 2025-03-28 19:38:00+00:00, run_after=2025-03-28 19:39:00+00:00
[2025-03-28T19:39:06.615+0000] {processor.py:208} INFO - Processing /usr/local/python/3.12.1/lib/python3.12/site-packages/airflow/example_dags/example_branch_python_dop_operator_3.py took 0.060 seconds
[2025-03-28T19:40:01.871+0000] {processor.py:186} INFO - Started process (PID=53652) to work on /usr/local/python/3.12.1/lib/python3.12/site-packages/airflow/example_dags/example_branch_python_dop_operator_3.py
[2025-03-28T19:40:01.871+0000] {processor.py:914} INFO - Processing file /usr/local/python/3.12.1/lib/python3.12/site-packages/airflow/example_dags/example_branch_python_dop_operator_3.py for tasks to queue
[2025-03-28T19:40:01.873+0000] {logging_mixin.py:190} INFO - [2025-03-28T19:40:01.872+0000] {dagbag.py:588} INFO - Filling up the DagBag from /usr/local/python/3.12.1/lib/python3.12/site-packages/airflow/example_dags/example_branch_python_dop_operator_3.py
[2025-03-28T19:40:01.881+0000] {processor.py:925} INFO - DAG(s) 'example_branch_dop_operator_v3' retrieved from /usr/local/python/3.12.1/lib/python3.12/site-packages/airflow/example_dags/example_branch_python_dop_operator_3.py
[2025-03-28T19:40:01.894+0000] {logging_mixin.py:190} INFO - [2025-03-28T19:40:01.893+0000] {dag.py:3239} INFO - Sync 1 DAGs
[2025-03-28T19:40:01.915+0000] {logging_mixin.py:190} INFO - [2025-03-28T19:40:01.914+0000] {dag.py:4180} INFO - Setting next_dagrun for example_branch_dop_operator_v3 to 2025-03-28 19:39:00+00:00, run_after=2025-03-28 19:40:00+00:00
[2025-03-28T19:40:01.930+0000] {processor.py:208} INFO - Processing /usr/local/python/3.12.1/lib/python3.12/site-packages/airflow/example_dags/example_branch_python_dop_operator_3.py took 0.064 seconds
[2025-03-28T19:41:18.095+0000] {processor.py:186} INFO - Started process (PID=54265) to work on /usr/local/python/3.12.1/lib/python3.12/site-packages/airflow/example_dags/example_branch_python_dop_operator_3.py
[2025-03-28T19:41:18.096+0000] {processor.py:914} INFO - Processing file /usr/local/python/3.12.1/lib/python3.12/site-packages/airflow/example_dags/example_branch_python_dop_operator_3.py for tasks to queue
[2025-03-28T19:41:18.097+0000] {logging_mixin.py:190} INFO - [2025-03-28T19:41:18.097+0000] {dagbag.py:588} INFO - Filling up the DagBag from /usr/local/python/3.12.1/lib/python3.12/site-packages/airflow/example_dags/example_branch_python_dop_operator_3.py
[2025-03-28T19:41:18.106+0000] {processor.py:925} INFO - DAG(s) 'example_branch_dop_operator_v3' retrieved from /usr/local/python/3.12.1/lib/python3.12/site-packages/airflow/example_dags/example_branch_python_dop_operator_3.py
[2025-03-28T19:41:18.116+0000] {logging_mixin.py:190} INFO - [2025-03-28T19:41:18.116+0000] {dag.py:3239} INFO - Sync 1 DAGs
[2025-03-28T19:41:18.134+0000] {logging_mixin.py:190} INFO - [2025-03-28T19:41:18.134+0000] {dag.py:4180} INFO - Setting next_dagrun for example_branch_dop_operator_v3 to 2025-03-28 19:40:00+00:00, run_after=2025-03-28 19:41:00+00:00
[2025-03-28T19:41:18.149+0000] {processor.py:208} INFO - Processing /usr/local/python/3.12.1/lib/python3.12/site-packages/airflow/example_dags/example_branch_python_dop_operator_3.py took 0.057 seconds
[2025-03-28T19:42:12.633+0000] {processor.py:186} INFO - Started process (PID=54682) to work on /usr/local/python/3.12.1/lib/python3.12/site-packages/airflow/example_dags/example_branch_python_dop_operator_3.py
[2025-03-28T19:42:12.634+0000] {processor.py:914} INFO - Processing file /usr/local/python/3.12.1/lib/python3.12/site-packages/airflow/example_dags/example_branch_python_dop_operator_3.py for tasks to queue
[2025-03-28T19:42:12.635+0000] {logging_mixin.py:190} INFO - [2025-03-28T19:42:12.635+0000] {dagbag.py:588} INFO - Filling up the DagBag from /usr/local/python/3.12.1/lib/python3.12/site-packages/airflow/example_dags/example_branch_python_dop_operator_3.py
[2025-03-28T19:42:12.643+0000] {processor.py:925} INFO - DAG(s) 'example_branch_dop_operator_v3' retrieved from /usr/local/python/3.12.1/lib/python3.12/site-packages/airflow/example_dags/example_branch_python_dop_operator_3.py
[2025-03-28T19:42:12.654+0000] {logging_mixin.py:190} INFO - [2025-03-28T19:42:12.654+0000] {dag.py:3239} INFO - Sync 1 DAGs
[2025-03-28T19:42:12.672+0000] {logging_mixin.py:190} INFO - [2025-03-28T19:42:12.671+0000] {dag.py:4180} INFO - Setting next_dagrun for example_branch_dop_operator_v3 to 2025-03-28 19:41:00+00:00, run_after=2025-03-28 19:42:00+00:00
[2025-03-28T19:42:12.686+0000] {processor.py:208} INFO - Processing /usr/local/python/3.12.1/lib/python3.12/site-packages/airflow/example_dags/example_branch_python_dop_operator_3.py took 0.057 seconds
