[2025-03-28T18:24:30.205+0000] {processor.py:186} INFO - Started process (PID=9334) to work on /usr/local/python/3.12.1/lib/python3.12/site-packages/airflow/example_dags/example_external_task_marker_dag.py
[2025-03-28T18:24:30.205+0000] {processor.py:914} INFO - Processing file /usr/local/python/3.12.1/lib/python3.12/site-packages/airflow/example_dags/example_external_task_marker_dag.py for tasks to queue
[2025-03-28T18:24:30.207+0000] {logging_mixin.py:190} INFO - [2025-03-28T18:24:30.206+0000] {dagbag.py:588} INFO - Filling up the DagBag from /usr/local/python/3.12.1/lib/python3.12/site-packages/airflow/example_dags/example_external_task_marker_dag.py
[2025-03-28T18:24:30.212+0000] {processor.py:925} INFO - DAG(s) 'example_external_task_marker_parent', 'example_external_task_marker_child' retrieved from /usr/local/python/3.12.1/lib/python3.12/site-packages/airflow/example_dags/example_external_task_marker_dag.py
[2025-03-28T18:24:30.293+0000] {logging_mixin.py:190} INFO - [2025-03-28T18:24:30.293+0000] {override.py:1930} INFO - Created Permission View: can edit on DAG:example_external_task_marker_parent
[2025-03-28T18:24:30.302+0000] {logging_mixin.py:190} INFO - [2025-03-28T18:24:30.302+0000] {override.py:1930} INFO - Created Permission View: can delete on DAG:example_external_task_marker_parent
[2025-03-28T18:24:30.308+0000] {logging_mixin.py:190} INFO - [2025-03-28T18:24:30.308+0000] {override.py:1930} INFO - Created Permission View: can read on DAG:example_external_task_marker_parent
[2025-03-28T18:24:30.316+0000] {logging_mixin.py:190} INFO - [2025-03-28T18:24:30.316+0000] {override.py:1930} INFO - Created Permission View: menu access on DAG Run:example_external_task_marker_parent
[2025-03-28T18:24:30.321+0000] {logging_mixin.py:190} INFO - [2025-03-28T18:24:30.321+0000] {override.py:1930} INFO - Created Permission View: can create on DAG Run:example_external_task_marker_parent
[2025-03-28T18:24:30.327+0000] {logging_mixin.py:190} INFO - [2025-03-28T18:24:30.326+0000] {override.py:1930} INFO - Created Permission View: can delete on DAG Run:example_external_task_marker_parent
[2025-03-28T18:24:30.332+0000] {logging_mixin.py:190} INFO - [2025-03-28T18:24:30.332+0000] {override.py:1930} INFO - Created Permission View: can read on DAG Run:example_external_task_marker_parent
[2025-03-28T18:24:30.346+0000] {logging_mixin.py:190} INFO - [2025-03-28T18:24:30.346+0000] {override.py:1930} INFO - Created Permission View: can edit on DAG:example_external_task_marker_child
[2025-03-28T18:24:30.351+0000] {logging_mixin.py:190} INFO - [2025-03-28T18:24:30.351+0000] {override.py:1930} INFO - Created Permission View: can delete on DAG:example_external_task_marker_child
[2025-03-28T18:24:30.357+0000] {logging_mixin.py:190} INFO - [2025-03-28T18:24:30.357+0000] {override.py:1930} INFO - Created Permission View: can read on DAG:example_external_task_marker_child
[2025-03-28T18:24:30.366+0000] {logging_mixin.py:190} INFO - [2025-03-28T18:24:30.366+0000] {override.py:1930} INFO - Created Permission View: menu access on DAG Run:example_external_task_marker_child
[2025-03-28T18:24:30.372+0000] {logging_mixin.py:190} INFO - [2025-03-28T18:24:30.372+0000] {override.py:1930} INFO - Created Permission View: can create on DAG Run:example_external_task_marker_child
[2025-03-28T18:24:30.378+0000] {logging_mixin.py:190} INFO - [2025-03-28T18:24:30.378+0000] {override.py:1930} INFO - Created Permission View: can delete on DAG Run:example_external_task_marker_child
[2025-03-28T18:24:30.384+0000] {logging_mixin.py:190} INFO - [2025-03-28T18:24:30.384+0000] {override.py:1930} INFO - Created Permission View: can read on DAG Run:example_external_task_marker_child
[2025-03-28T18:24:30.384+0000] {logging_mixin.py:190} INFO - [2025-03-28T18:24:30.384+0000] {dag.py:3239} INFO - Sync 2 DAGs
[2025-03-28T18:24:30.393+0000] {logging_mixin.py:190} INFO - [2025-03-28T18:24:30.392+0000] {dag.py:3262} INFO - Creating ORM DAG for example_external_task_marker_child
[2025-03-28T18:24:30.393+0000] {logging_mixin.py:190} INFO - [2025-03-28T18:24:30.393+0000] {dag.py:3262} INFO - Creating ORM DAG for example_external_task_marker_parent
[2025-03-28T18:24:30.393+0000] {logging_mixin.py:190} INFO - [2025-03-28T18:24:30.393+0000] {dag.py:4180} INFO - Setting next_dagrun for example_external_task_marker_child to None, run_after=None
[2025-03-28T18:24:30.394+0000] {logging_mixin.py:190} INFO - [2025-03-28T18:24:30.394+0000] {dag.py:4180} INFO - Setting next_dagrun for example_external_task_marker_parent to None, run_after=None
[2025-03-28T18:24:30.408+0000] {processor.py:208} INFO - Processing /usr/local/python/3.12.1/lib/python3.12/site-packages/airflow/example_dags/example_external_task_marker_dag.py took 0.207 seconds
[2025-03-28T18:25:27.026+0000] {processor.py:186} INFO - Started process (PID=9847) to work on /usr/local/python/3.12.1/lib/python3.12/site-packages/airflow/example_dags/example_external_task_marker_dag.py
[2025-03-28T18:25:27.027+0000] {processor.py:914} INFO - Processing file /usr/local/python/3.12.1/lib/python3.12/site-packages/airflow/example_dags/example_external_task_marker_dag.py for tasks to queue
[2025-03-28T18:25:27.028+0000] {logging_mixin.py:190} INFO - [2025-03-28T18:25:27.028+0000] {dagbag.py:588} INFO - Filling up the DagBag from /usr/local/python/3.12.1/lib/python3.12/site-packages/airflow/example_dags/example_external_task_marker_dag.py
[2025-03-28T18:25:27.034+0000] {processor.py:925} INFO - DAG(s) 'example_external_task_marker_parent', 'example_external_task_marker_child' retrieved from /usr/local/python/3.12.1/lib/python3.12/site-packages/airflow/example_dags/example_external_task_marker_dag.py
[2025-03-28T18:25:27.050+0000] {logging_mixin.py:190} INFO - [2025-03-28T18:25:27.049+0000] {dag.py:3239} INFO - Sync 2 DAGs
[2025-03-28T18:25:27.060+0000] {logging_mixin.py:190} INFO - [2025-03-28T18:25:27.060+0000] {dag.py:4180} INFO - Setting next_dagrun for example_external_task_marker_child to None, run_after=None
[2025-03-28T18:25:27.062+0000] {logging_mixin.py:190} INFO - [2025-03-28T18:25:27.062+0000] {dag.py:4180} INFO - Setting next_dagrun for example_external_task_marker_parent to None, run_after=None
[2025-03-28T18:25:27.075+0000] {processor.py:208} INFO - Processing /usr/local/python/3.12.1/lib/python3.12/site-packages/airflow/example_dags/example_external_task_marker_dag.py took 0.053 seconds
[2025-03-28T18:28:29.345+0000] {processor.py:186} INFO - Started process (PID=11531) to work on /usr/local/python/3.12.1/lib/python3.12/site-packages/airflow/example_dags/example_external_task_marker_dag.py
[2025-03-28T18:28:29.346+0000] {processor.py:914} INFO - Processing file /usr/local/python/3.12.1/lib/python3.12/site-packages/airflow/example_dags/example_external_task_marker_dag.py for tasks to queue
[2025-03-28T18:28:29.347+0000] {logging_mixin.py:190} INFO - [2025-03-28T18:28:29.347+0000] {dagbag.py:588} INFO - Filling up the DagBag from /usr/local/python/3.12.1/lib/python3.12/site-packages/airflow/example_dags/example_external_task_marker_dag.py
[2025-03-28T18:28:29.353+0000] {processor.py:925} INFO - DAG(s) 'example_external_task_marker_parent', 'example_external_task_marker_child' retrieved from /usr/local/python/3.12.1/lib/python3.12/site-packages/airflow/example_dags/example_external_task_marker_dag.py
[2025-03-28T18:28:29.366+0000] {logging_mixin.py:190} INFO - [2025-03-28T18:28:29.366+0000] {dag.py:3239} INFO - Sync 2 DAGs
[2025-03-28T18:28:29.376+0000] {logging_mixin.py:190} INFO - [2025-03-28T18:28:29.376+0000] {dag.py:4180} INFO - Setting next_dagrun for example_external_task_marker_child to None, run_after=None
[2025-03-28T18:28:29.379+0000] {logging_mixin.py:190} INFO - [2025-03-28T18:28:29.379+0000] {dag.py:4180} INFO - Setting next_dagrun for example_external_task_marker_parent to None, run_after=None
[2025-03-28T18:28:29.395+0000] {processor.py:208} INFO - Processing /usr/local/python/3.12.1/lib/python3.12/site-packages/airflow/example_dags/example_external_task_marker_dag.py took 0.054 seconds
[2025-03-28T18:29:23.590+0000] {processor.py:186} INFO - Started process (PID=11974) to work on /usr/local/python/3.12.1/lib/python3.12/site-packages/airflow/example_dags/example_external_task_marker_dag.py
[2025-03-28T18:29:23.590+0000] {processor.py:914} INFO - Processing file /usr/local/python/3.12.1/lib/python3.12/site-packages/airflow/example_dags/example_external_task_marker_dag.py for tasks to queue
[2025-03-28T18:29:23.592+0000] {logging_mixin.py:190} INFO - [2025-03-28T18:29:23.591+0000] {dagbag.py:588} INFO - Filling up the DagBag from /usr/local/python/3.12.1/lib/python3.12/site-packages/airflow/example_dags/example_external_task_marker_dag.py
[2025-03-28T18:29:23.598+0000] {processor.py:925} INFO - DAG(s) 'example_external_task_marker_parent', 'example_external_task_marker_child' retrieved from /usr/local/python/3.12.1/lib/python3.12/site-packages/airflow/example_dags/example_external_task_marker_dag.py
[2025-03-28T18:29:23.611+0000] {logging_mixin.py:190} INFO - [2025-03-28T18:29:23.611+0000] {dag.py:3239} INFO - Sync 2 DAGs
[2025-03-28T18:29:23.621+0000] {logging_mixin.py:190} INFO - [2025-03-28T18:29:23.621+0000] {dag.py:4180} INFO - Setting next_dagrun for example_external_task_marker_child to None, run_after=None
[2025-03-28T18:29:23.624+0000] {logging_mixin.py:190} INFO - [2025-03-28T18:29:23.623+0000] {dag.py:4180} INFO - Setting next_dagrun for example_external_task_marker_parent to None, run_after=None
[2025-03-28T18:29:23.636+0000] {processor.py:208} INFO - Processing /usr/local/python/3.12.1/lib/python3.12/site-packages/airflow/example_dags/example_external_task_marker_dag.py took 0.050 seconds
[2025-03-28T18:30:17.346+0000] {processor.py:186} INFO - Started process (PID=12436) to work on /usr/local/python/3.12.1/lib/python3.12/site-packages/airflow/example_dags/example_external_task_marker_dag.py
[2025-03-28T18:30:17.347+0000] {processor.py:914} INFO - Processing file /usr/local/python/3.12.1/lib/python3.12/site-packages/airflow/example_dags/example_external_task_marker_dag.py for tasks to queue
[2025-03-28T18:30:17.348+0000] {logging_mixin.py:190} INFO - [2025-03-28T18:30:17.348+0000] {dagbag.py:588} INFO - Filling up the DagBag from /usr/local/python/3.12.1/lib/python3.12/site-packages/airflow/example_dags/example_external_task_marker_dag.py
[2025-03-28T18:30:17.354+0000] {processor.py:925} INFO - DAG(s) 'example_external_task_marker_child', 'example_external_task_marker_parent' retrieved from /usr/local/python/3.12.1/lib/python3.12/site-packages/airflow/example_dags/example_external_task_marker_dag.py
[2025-03-28T18:30:17.367+0000] {logging_mixin.py:190} INFO - [2025-03-28T18:30:17.367+0000] {dag.py:3239} INFO - Sync 2 DAGs
[2025-03-28T18:30:17.377+0000] {logging_mixin.py:190} INFO - [2025-03-28T18:30:17.376+0000] {dag.py:4180} INFO - Setting next_dagrun for example_external_task_marker_child to None, run_after=None
[2025-03-28T18:30:17.379+0000] {logging_mixin.py:190} INFO - [2025-03-28T18:30:17.379+0000] {dag.py:4180} INFO - Setting next_dagrun for example_external_task_marker_parent to None, run_after=None
[2025-03-28T18:30:17.392+0000] {processor.py:208} INFO - Processing /usr/local/python/3.12.1/lib/python3.12/site-packages/airflow/example_dags/example_external_task_marker_dag.py took 0.049 seconds
[2025-03-28T18:31:29.144+0000] {processor.py:186} INFO - Started process (PID=13022) to work on /usr/local/python/3.12.1/lib/python3.12/site-packages/airflow/example_dags/example_external_task_marker_dag.py
[2025-03-28T18:31:29.145+0000] {processor.py:914} INFO - Processing file /usr/local/python/3.12.1/lib/python3.12/site-packages/airflow/example_dags/example_external_task_marker_dag.py for tasks to queue
[2025-03-28T18:31:29.146+0000] {logging_mixin.py:190} INFO - [2025-03-28T18:31:29.146+0000] {dagbag.py:588} INFO - Filling up the DagBag from /usr/local/python/3.12.1/lib/python3.12/site-packages/airflow/example_dags/example_external_task_marker_dag.py
[2025-03-28T18:31:29.152+0000] {processor.py:925} INFO - DAG(s) 'example_external_task_marker_child', 'example_external_task_marker_parent' retrieved from /usr/local/python/3.12.1/lib/python3.12/site-packages/airflow/example_dags/example_external_task_marker_dag.py
[2025-03-28T18:31:29.164+0000] {logging_mixin.py:190} INFO - [2025-03-28T18:31:29.164+0000] {dag.py:3239} INFO - Sync 2 DAGs
[2025-03-28T18:31:29.175+0000] {logging_mixin.py:190} INFO - [2025-03-28T18:31:29.175+0000] {dag.py:4180} INFO - Setting next_dagrun for example_external_task_marker_child to None, run_after=None
[2025-03-28T18:31:29.178+0000] {logging_mixin.py:190} INFO - [2025-03-28T18:31:29.178+0000] {dag.py:4180} INFO - Setting next_dagrun for example_external_task_marker_parent to None, run_after=None
[2025-03-28T18:31:29.190+0000] {processor.py:208} INFO - Processing /usr/local/python/3.12.1/lib/python3.12/site-packages/airflow/example_dags/example_external_task_marker_dag.py took 0.050 seconds
[2025-03-28T18:32:17.131+0000] {processor.py:186} INFO - Started process (PID=13467) to work on /usr/local/python/3.12.1/lib/python3.12/site-packages/airflow/example_dags/example_external_task_marker_dag.py
[2025-03-28T18:32:17.132+0000] {processor.py:914} INFO - Processing file /usr/local/python/3.12.1/lib/python3.12/site-packages/airflow/example_dags/example_external_task_marker_dag.py for tasks to queue
[2025-03-28T18:32:17.133+0000] {logging_mixin.py:190} INFO - [2025-03-28T18:32:17.133+0000] {dagbag.py:588} INFO - Filling up the DagBag from /usr/local/python/3.12.1/lib/python3.12/site-packages/airflow/example_dags/example_external_task_marker_dag.py
[2025-03-28T18:32:17.139+0000] {processor.py:925} INFO - DAG(s) 'example_external_task_marker_parent', 'example_external_task_marker_child' retrieved from /usr/local/python/3.12.1/lib/python3.12/site-packages/airflow/example_dags/example_external_task_marker_dag.py
[2025-03-28T18:32:17.152+0000] {logging_mixin.py:190} INFO - [2025-03-28T18:32:17.152+0000] {dag.py:3239} INFO - Sync 2 DAGs
[2025-03-28T18:32:17.161+0000] {logging_mixin.py:190} INFO - [2025-03-28T18:32:17.161+0000] {dag.py:4180} INFO - Setting next_dagrun for example_external_task_marker_child to None, run_after=None
[2025-03-28T18:32:17.164+0000] {logging_mixin.py:190} INFO - [2025-03-28T18:32:17.163+0000] {dag.py:4180} INFO - Setting next_dagrun for example_external_task_marker_parent to None, run_after=None
[2025-03-28T18:32:17.177+0000] {processor.py:208} INFO - Processing /usr/local/python/3.12.1/lib/python3.12/site-packages/airflow/example_dags/example_external_task_marker_dag.py took 0.049 seconds
[2025-03-28T18:33:07.498+0000] {processor.py:186} INFO - Started process (PID=13971) to work on /usr/local/python/3.12.1/lib/python3.12/site-packages/airflow/example_dags/example_external_task_marker_dag.py
[2025-03-28T18:33:07.498+0000] {processor.py:914} INFO - Processing file /usr/local/python/3.12.1/lib/python3.12/site-packages/airflow/example_dags/example_external_task_marker_dag.py for tasks to queue
[2025-03-28T18:33:07.499+0000] {logging_mixin.py:190} INFO - [2025-03-28T18:33:07.499+0000] {dagbag.py:588} INFO - Filling up the DagBag from /usr/local/python/3.12.1/lib/python3.12/site-packages/airflow/example_dags/example_external_task_marker_dag.py
[2025-03-28T18:33:07.505+0000] {processor.py:925} INFO - DAG(s) 'example_external_task_marker_parent', 'example_external_task_marker_child' retrieved from /usr/local/python/3.12.1/lib/python3.12/site-packages/airflow/example_dags/example_external_task_marker_dag.py
[2025-03-28T18:33:07.518+0000] {logging_mixin.py:190} INFO - [2025-03-28T18:33:07.518+0000] {dag.py:3239} INFO - Sync 2 DAGs
[2025-03-28T18:33:07.527+0000] {logging_mixin.py:190} INFO - [2025-03-28T18:33:07.527+0000] {dag.py:4180} INFO - Setting next_dagrun for example_external_task_marker_child to None, run_after=None
[2025-03-28T18:33:07.530+0000] {logging_mixin.py:190} INFO - [2025-03-28T18:33:07.530+0000] {dag.py:4180} INFO - Setting next_dagrun for example_external_task_marker_parent to None, run_after=None
[2025-03-28T18:33:07.543+0000] {processor.py:208} INFO - Processing /usr/local/python/3.12.1/lib/python3.12/site-packages/airflow/example_dags/example_external_task_marker_dag.py took 0.049 seconds
[2025-03-28T18:33:57.114+0000] {processor.py:186} INFO - Started process (PID=14412) to work on /usr/local/python/3.12.1/lib/python3.12/site-packages/airflow/example_dags/example_external_task_marker_dag.py
[2025-03-28T18:33:57.115+0000] {processor.py:914} INFO - Processing file /usr/local/python/3.12.1/lib/python3.12/site-packages/airflow/example_dags/example_external_task_marker_dag.py for tasks to queue
[2025-03-28T18:33:57.116+0000] {logging_mixin.py:190} INFO - [2025-03-28T18:33:57.116+0000] {dagbag.py:588} INFO - Filling up the DagBag from /usr/local/python/3.12.1/lib/python3.12/site-packages/airflow/example_dags/example_external_task_marker_dag.py
[2025-03-28T18:33:57.122+0000] {processor.py:925} INFO - DAG(s) 'example_external_task_marker_parent', 'example_external_task_marker_child' retrieved from /usr/local/python/3.12.1/lib/python3.12/site-packages/airflow/example_dags/example_external_task_marker_dag.py
[2025-03-28T18:33:57.135+0000] {logging_mixin.py:190} INFO - [2025-03-28T18:33:57.135+0000] {dag.py:3239} INFO - Sync 2 DAGs
[2025-03-28T18:33:57.144+0000] {logging_mixin.py:190} INFO - [2025-03-28T18:33:57.144+0000] {dag.py:4180} INFO - Setting next_dagrun for example_external_task_marker_child to None, run_after=None
[2025-03-28T18:33:57.147+0000] {logging_mixin.py:190} INFO - [2025-03-28T18:33:57.147+0000] {dag.py:4180} INFO - Setting next_dagrun for example_external_task_marker_parent to None, run_after=None
[2025-03-28T18:33:57.161+0000] {processor.py:208} INFO - Processing /usr/local/python/3.12.1/lib/python3.12/site-packages/airflow/example_dags/example_external_task_marker_dag.py took 0.050 seconds
[2025-03-28T18:34:47.370+0000] {processor.py:186} INFO - Started process (PID=14823) to work on /usr/local/python/3.12.1/lib/python3.12/site-packages/airflow/example_dags/example_external_task_marker_dag.py
[2025-03-28T18:34:47.370+0000] {processor.py:914} INFO - Processing file /usr/local/python/3.12.1/lib/python3.12/site-packages/airflow/example_dags/example_external_task_marker_dag.py for tasks to queue
[2025-03-28T18:34:47.372+0000] {logging_mixin.py:190} INFO - [2025-03-28T18:34:47.371+0000] {dagbag.py:588} INFO - Filling up the DagBag from /usr/local/python/3.12.1/lib/python3.12/site-packages/airflow/example_dags/example_external_task_marker_dag.py
[2025-03-28T18:34:47.378+0000] {processor.py:925} INFO - DAG(s) 'example_external_task_marker_child', 'example_external_task_marker_parent' retrieved from /usr/local/python/3.12.1/lib/python3.12/site-packages/airflow/example_dags/example_external_task_marker_dag.py
[2025-03-28T18:34:47.390+0000] {logging_mixin.py:190} INFO - [2025-03-28T18:34:47.390+0000] {dag.py:3239} INFO - Sync 2 DAGs
[2025-03-28T18:34:47.400+0000] {logging_mixin.py:190} INFO - [2025-03-28T18:34:47.399+0000] {dag.py:4180} INFO - Setting next_dagrun for example_external_task_marker_child to None, run_after=None
[2025-03-28T18:34:47.402+0000] {logging_mixin.py:190} INFO - [2025-03-28T18:34:47.402+0000] {dag.py:4180} INFO - Setting next_dagrun for example_external_task_marker_parent to None, run_after=None
[2025-03-28T18:34:47.416+0000] {processor.py:208} INFO - Processing /usr/local/python/3.12.1/lib/python3.12/site-packages/airflow/example_dags/example_external_task_marker_dag.py took 0.050 seconds
[2025-03-28T18:35:37.617+0000] {processor.py:186} INFO - Started process (PID=15269) to work on /usr/local/python/3.12.1/lib/python3.12/site-packages/airflow/example_dags/example_external_task_marker_dag.py
[2025-03-28T18:35:37.618+0000] {processor.py:914} INFO - Processing file /usr/local/python/3.12.1/lib/python3.12/site-packages/airflow/example_dags/example_external_task_marker_dag.py for tasks to queue
[2025-03-28T18:35:37.619+0000] {logging_mixin.py:190} INFO - [2025-03-28T18:35:37.619+0000] {dagbag.py:588} INFO - Filling up the DagBag from /usr/local/python/3.12.1/lib/python3.12/site-packages/airflow/example_dags/example_external_task_marker_dag.py
[2025-03-28T18:35:37.625+0000] {processor.py:925} INFO - DAG(s) 'example_external_task_marker_parent', 'example_external_task_marker_child' retrieved from /usr/local/python/3.12.1/lib/python3.12/site-packages/airflow/example_dags/example_external_task_marker_dag.py
[2025-03-28T18:35:37.638+0000] {logging_mixin.py:190} INFO - [2025-03-28T18:35:37.638+0000] {dag.py:3239} INFO - Sync 2 DAGs
[2025-03-28T18:35:37.648+0000] {logging_mixin.py:190} INFO - [2025-03-28T18:35:37.648+0000] {dag.py:4180} INFO - Setting next_dagrun for example_external_task_marker_child to None, run_after=None
[2025-03-28T18:35:37.650+0000] {logging_mixin.py:190} INFO - [2025-03-28T18:35:37.650+0000] {dag.py:4180} INFO - Setting next_dagrun for example_external_task_marker_parent to None, run_after=None
[2025-03-28T18:35:37.663+0000] {processor.py:208} INFO - Processing /usr/local/python/3.12.1/lib/python3.12/site-packages/airflow/example_dags/example_external_task_marker_dag.py took 0.050 seconds
[2025-03-28T18:38:02.960+0000] {processor.py:186} INFO - Started process (PID=16810) to work on /usr/local/python/3.12.1/lib/python3.12/site-packages/airflow/example_dags/example_external_task_marker_dag.py
[2025-03-28T18:38:02.961+0000] {processor.py:914} INFO - Processing file /usr/local/python/3.12.1/lib/python3.12/site-packages/airflow/example_dags/example_external_task_marker_dag.py for tasks to queue
[2025-03-28T18:38:02.963+0000] {logging_mixin.py:190} INFO - [2025-03-28T18:38:02.962+0000] {dagbag.py:588} INFO - Filling up the DagBag from /usr/local/python/3.12.1/lib/python3.12/site-packages/airflow/example_dags/example_external_task_marker_dag.py
[2025-03-28T18:38:02.968+0000] {processor.py:925} INFO - DAG(s) 'example_external_task_marker_child', 'example_external_task_marker_parent' retrieved from /usr/local/python/3.12.1/lib/python3.12/site-packages/airflow/example_dags/example_external_task_marker_dag.py
[2025-03-28T18:38:02.982+0000] {logging_mixin.py:190} INFO - [2025-03-28T18:38:02.982+0000] {dag.py:3239} INFO - Sync 2 DAGs
[2025-03-28T18:38:02.995+0000] {logging_mixin.py:190} INFO - [2025-03-28T18:38:02.994+0000] {dag.py:4180} INFO - Setting next_dagrun for example_external_task_marker_child to None, run_after=None
[2025-03-28T18:38:02.998+0000] {logging_mixin.py:190} INFO - [2025-03-28T18:38:02.997+0000] {dag.py:4180} INFO - Setting next_dagrun for example_external_task_marker_parent to None, run_after=None
[2025-03-28T18:38:03.011+0000] {processor.py:208} INFO - Processing /usr/local/python/3.12.1/lib/python3.12/site-packages/airflow/example_dags/example_external_task_marker_dag.py took 0.054 seconds
[2025-03-28T18:38:58.355+0000] {processor.py:186} INFO - Started process (PID=17298) to work on /usr/local/python/3.12.1/lib/python3.12/site-packages/airflow/example_dags/example_external_task_marker_dag.py
[2025-03-28T18:38:58.356+0000] {processor.py:914} INFO - Processing file /usr/local/python/3.12.1/lib/python3.12/site-packages/airflow/example_dags/example_external_task_marker_dag.py for tasks to queue
[2025-03-28T18:38:58.357+0000] {logging_mixin.py:190} INFO - [2025-03-28T18:38:58.357+0000] {dagbag.py:588} INFO - Filling up the DagBag from /usr/local/python/3.12.1/lib/python3.12/site-packages/airflow/example_dags/example_external_task_marker_dag.py
[2025-03-28T18:38:58.363+0000] {processor.py:925} INFO - DAG(s) 'example_external_task_marker_child', 'example_external_task_marker_parent' retrieved from /usr/local/python/3.12.1/lib/python3.12/site-packages/airflow/example_dags/example_external_task_marker_dag.py
[2025-03-28T18:38:58.376+0000] {logging_mixin.py:190} INFO - [2025-03-28T18:38:58.376+0000] {dag.py:3239} INFO - Sync 2 DAGs
[2025-03-28T18:38:58.386+0000] {logging_mixin.py:190} INFO - [2025-03-28T18:38:58.385+0000] {dag.py:4180} INFO - Setting next_dagrun for example_external_task_marker_child to None, run_after=None
[2025-03-28T18:38:58.388+0000] {logging_mixin.py:190} INFO - [2025-03-28T18:38:58.388+0000] {dag.py:4180} INFO - Setting next_dagrun for example_external_task_marker_parent to None, run_after=None
[2025-03-28T18:38:58.401+0000] {processor.py:208} INFO - Processing /usr/local/python/3.12.1/lib/python3.12/site-packages/airflow/example_dags/example_external_task_marker_dag.py took 0.049 seconds
[2025-03-28T18:40:51.259+0000] {processor.py:186} INFO - Started process (PID=18454) to work on /usr/local/python/3.12.1/lib/python3.12/site-packages/airflow/example_dags/example_external_task_marker_dag.py
[2025-03-28T18:40:51.260+0000] {processor.py:914} INFO - Processing file /usr/local/python/3.12.1/lib/python3.12/site-packages/airflow/example_dags/example_external_task_marker_dag.py for tasks to queue
[2025-03-28T18:40:51.262+0000] {logging_mixin.py:190} INFO - [2025-03-28T18:40:51.261+0000] {dagbag.py:588} INFO - Filling up the DagBag from /usr/local/python/3.12.1/lib/python3.12/site-packages/airflow/example_dags/example_external_task_marker_dag.py
[2025-03-28T18:40:51.268+0000] {processor.py:925} INFO - DAG(s) 'example_external_task_marker_child', 'example_external_task_marker_parent' retrieved from /usr/local/python/3.12.1/lib/python3.12/site-packages/airflow/example_dags/example_external_task_marker_dag.py
[2025-03-28T18:40:51.280+0000] {logging_mixin.py:190} INFO - [2025-03-28T18:40:51.280+0000] {dag.py:3239} INFO - Sync 2 DAGs
[2025-03-28T18:40:51.291+0000] {logging_mixin.py:190} INFO - [2025-03-28T18:40:51.290+0000] {dag.py:4180} INFO - Setting next_dagrun for example_external_task_marker_child to None, run_after=None
[2025-03-28T18:40:51.293+0000] {logging_mixin.py:190} INFO - [2025-03-28T18:40:51.293+0000] {dag.py:4180} INFO - Setting next_dagrun for example_external_task_marker_parent to None, run_after=None
[2025-03-28T18:40:51.306+0000] {processor.py:208} INFO - Processing /usr/local/python/3.12.1/lib/python3.12/site-packages/airflow/example_dags/example_external_task_marker_dag.py took 0.051 seconds
[2025-03-28T18:41:44.534+0000] {processor.py:186} INFO - Started process (PID=19048) to work on /usr/local/python/3.12.1/lib/python3.12/site-packages/airflow/example_dags/example_external_task_marker_dag.py
[2025-03-28T18:41:44.535+0000] {processor.py:914} INFO - Processing file /usr/local/python/3.12.1/lib/python3.12/site-packages/airflow/example_dags/example_external_task_marker_dag.py for tasks to queue
[2025-03-28T18:41:44.537+0000] {logging_mixin.py:190} INFO - [2025-03-28T18:41:44.536+0000] {dagbag.py:588} INFO - Filling up the DagBag from /usr/local/python/3.12.1/lib/python3.12/site-packages/airflow/example_dags/example_external_task_marker_dag.py
[2025-03-28T18:41:44.542+0000] {processor.py:925} INFO - DAG(s) 'example_external_task_marker_parent', 'example_external_task_marker_child' retrieved from /usr/local/python/3.12.1/lib/python3.12/site-packages/airflow/example_dags/example_external_task_marker_dag.py
[2025-03-28T18:41:44.555+0000] {logging_mixin.py:190} INFO - [2025-03-28T18:41:44.555+0000] {dag.py:3239} INFO - Sync 2 DAGs
[2025-03-28T18:41:44.565+0000] {logging_mixin.py:190} INFO - [2025-03-28T18:41:44.565+0000] {dag.py:4180} INFO - Setting next_dagrun for example_external_task_marker_child to None, run_after=None
[2025-03-28T18:41:44.568+0000] {logging_mixin.py:190} INFO - [2025-03-28T18:41:44.568+0000] {dag.py:4180} INFO - Setting next_dagrun for example_external_task_marker_parent to None, run_after=None
[2025-03-28T18:41:44.581+0000] {processor.py:208} INFO - Processing /usr/local/python/3.12.1/lib/python3.12/site-packages/airflow/example_dags/example_external_task_marker_dag.py took 0.050 seconds
[2025-03-28T18:42:43.303+0000] {processor.py:186} INFO - Started process (PID=19567) to work on /usr/local/python/3.12.1/lib/python3.12/site-packages/airflow/example_dags/example_external_task_marker_dag.py
[2025-03-28T18:42:43.304+0000] {processor.py:914} INFO - Processing file /usr/local/python/3.12.1/lib/python3.12/site-packages/airflow/example_dags/example_external_task_marker_dag.py for tasks to queue
[2025-03-28T18:42:43.305+0000] {logging_mixin.py:190} INFO - [2025-03-28T18:42:43.305+0000] {dagbag.py:588} INFO - Filling up the DagBag from /usr/local/python/3.12.1/lib/python3.12/site-packages/airflow/example_dags/example_external_task_marker_dag.py
[2025-03-28T18:42:43.311+0000] {processor.py:925} INFO - DAG(s) 'example_external_task_marker_child', 'example_external_task_marker_parent' retrieved from /usr/local/python/3.12.1/lib/python3.12/site-packages/airflow/example_dags/example_external_task_marker_dag.py
[2025-03-28T18:42:43.324+0000] {logging_mixin.py:190} INFO - [2025-03-28T18:42:43.323+0000] {dag.py:3239} INFO - Sync 2 DAGs
[2025-03-28T18:42:43.333+0000] {logging_mixin.py:190} INFO - [2025-03-28T18:42:43.333+0000] {dag.py:4180} INFO - Setting next_dagrun for example_external_task_marker_child to None, run_after=None
[2025-03-28T18:42:43.336+0000] {logging_mixin.py:190} INFO - [2025-03-28T18:42:43.336+0000] {dag.py:4180} INFO - Setting next_dagrun for example_external_task_marker_parent to None, run_after=None
[2025-03-28T18:42:43.348+0000] {processor.py:208} INFO - Processing /usr/local/python/3.12.1/lib/python3.12/site-packages/airflow/example_dags/example_external_task_marker_dag.py took 0.049 seconds
[2025-03-28T18:43:39.817+0000] {processor.py:186} INFO - Started process (PID=20067) to work on /usr/local/python/3.12.1/lib/python3.12/site-packages/airflow/example_dags/example_external_task_marker_dag.py
[2025-03-28T18:43:39.818+0000] {processor.py:914} INFO - Processing file /usr/local/python/3.12.1/lib/python3.12/site-packages/airflow/example_dags/example_external_task_marker_dag.py for tasks to queue
[2025-03-28T18:43:39.819+0000] {logging_mixin.py:190} INFO - [2025-03-28T18:43:39.819+0000] {dagbag.py:588} INFO - Filling up the DagBag from /usr/local/python/3.12.1/lib/python3.12/site-packages/airflow/example_dags/example_external_task_marker_dag.py
[2025-03-28T18:43:39.826+0000] {processor.py:925} INFO - DAG(s) 'example_external_task_marker_child', 'example_external_task_marker_parent' retrieved from /usr/local/python/3.12.1/lib/python3.12/site-packages/airflow/example_dags/example_external_task_marker_dag.py
[2025-03-28T18:43:39.838+0000] {logging_mixin.py:190} INFO - [2025-03-28T18:43:39.838+0000] {dag.py:3239} INFO - Sync 2 DAGs
[2025-03-28T18:43:39.847+0000] {logging_mixin.py:190} INFO - [2025-03-28T18:43:39.847+0000] {dag.py:4180} INFO - Setting next_dagrun for example_external_task_marker_child to None, run_after=None
[2025-03-28T18:43:39.850+0000] {logging_mixin.py:190} INFO - [2025-03-28T18:43:39.850+0000] {dag.py:4180} INFO - Setting next_dagrun for example_external_task_marker_parent to None, run_after=None
[2025-03-28T18:43:39.864+0000] {processor.py:208} INFO - Processing /usr/local/python/3.12.1/lib/python3.12/site-packages/airflow/example_dags/example_external_task_marker_dag.py took 0.051 seconds
[2025-03-28T18:44:34.988+0000] {processor.py:186} INFO - Started process (PID=20566) to work on /usr/local/python/3.12.1/lib/python3.12/site-packages/airflow/example_dags/example_external_task_marker_dag.py
[2025-03-28T18:44:34.988+0000] {processor.py:914} INFO - Processing file /usr/local/python/3.12.1/lib/python3.12/site-packages/airflow/example_dags/example_external_task_marker_dag.py for tasks to queue
[2025-03-28T18:44:34.990+0000] {logging_mixin.py:190} INFO - [2025-03-28T18:44:34.989+0000] {dagbag.py:588} INFO - Filling up the DagBag from /usr/local/python/3.12.1/lib/python3.12/site-packages/airflow/example_dags/example_external_task_marker_dag.py
[2025-03-28T18:44:34.996+0000] {processor.py:925} INFO - DAG(s) 'example_external_task_marker_child', 'example_external_task_marker_parent' retrieved from /usr/local/python/3.12.1/lib/python3.12/site-packages/airflow/example_dags/example_external_task_marker_dag.py
[2025-03-28T18:44:35.009+0000] {logging_mixin.py:190} INFO - [2025-03-28T18:44:35.008+0000] {dag.py:3239} INFO - Sync 2 DAGs
[2025-03-28T18:44:35.018+0000] {logging_mixin.py:190} INFO - [2025-03-28T18:44:35.018+0000] {dag.py:4180} INFO - Setting next_dagrun for example_external_task_marker_child to None, run_after=None
[2025-03-28T18:44:35.020+0000] {logging_mixin.py:190} INFO - [2025-03-28T18:44:35.020+0000] {dag.py:4180} INFO - Setting next_dagrun for example_external_task_marker_parent to None, run_after=None
[2025-03-28T18:44:35.033+0000] {processor.py:208} INFO - Processing /usr/local/python/3.12.1/lib/python3.12/site-packages/airflow/example_dags/example_external_task_marker_dag.py took 0.050 seconds
[2025-03-28T18:45:29.062+0000] {processor.py:186} INFO - Started process (PID=21038) to work on /usr/local/python/3.12.1/lib/python3.12/site-packages/airflow/example_dags/example_external_task_marker_dag.py
[2025-03-28T18:45:29.063+0000] {processor.py:914} INFO - Processing file /usr/local/python/3.12.1/lib/python3.12/site-packages/airflow/example_dags/example_external_task_marker_dag.py for tasks to queue
[2025-03-28T18:45:29.064+0000] {logging_mixin.py:190} INFO - [2025-03-28T18:45:29.064+0000] {dagbag.py:588} INFO - Filling up the DagBag from /usr/local/python/3.12.1/lib/python3.12/site-packages/airflow/example_dags/example_external_task_marker_dag.py
[2025-03-28T18:45:29.070+0000] {processor.py:925} INFO - DAG(s) 'example_external_task_marker_child', 'example_external_task_marker_parent' retrieved from /usr/local/python/3.12.1/lib/python3.12/site-packages/airflow/example_dags/example_external_task_marker_dag.py
[2025-03-28T18:45:29.083+0000] {logging_mixin.py:190} INFO - [2025-03-28T18:45:29.083+0000] {dag.py:3239} INFO - Sync 2 DAGs
[2025-03-28T18:45:29.092+0000] {logging_mixin.py:190} INFO - [2025-03-28T18:45:29.092+0000] {dag.py:4180} INFO - Setting next_dagrun for example_external_task_marker_child to None, run_after=None
[2025-03-28T18:45:29.095+0000] {logging_mixin.py:190} INFO - [2025-03-28T18:45:29.095+0000] {dag.py:4180} INFO - Setting next_dagrun for example_external_task_marker_parent to None, run_after=None
[2025-03-28T18:45:29.107+0000] {processor.py:208} INFO - Processing /usr/local/python/3.12.1/lib/python3.12/site-packages/airflow/example_dags/example_external_task_marker_dag.py took 0.049 seconds
[2025-03-28T18:46:23.028+0000] {processor.py:186} INFO - Started process (PID=21528) to work on /usr/local/python/3.12.1/lib/python3.12/site-packages/airflow/example_dags/example_external_task_marker_dag.py
[2025-03-28T18:46:23.029+0000] {processor.py:914} INFO - Processing file /usr/local/python/3.12.1/lib/python3.12/site-packages/airflow/example_dags/example_external_task_marker_dag.py for tasks to queue
[2025-03-28T18:46:23.030+0000] {logging_mixin.py:190} INFO - [2025-03-28T18:46:23.030+0000] {dagbag.py:588} INFO - Filling up the DagBag from /usr/local/python/3.12.1/lib/python3.12/site-packages/airflow/example_dags/example_external_task_marker_dag.py
[2025-03-28T18:46:23.037+0000] {processor.py:925} INFO - DAG(s) 'example_external_task_marker_child', 'example_external_task_marker_parent' retrieved from /usr/local/python/3.12.1/lib/python3.12/site-packages/airflow/example_dags/example_external_task_marker_dag.py
[2025-03-28T18:46:23.049+0000] {logging_mixin.py:190} INFO - [2025-03-28T18:46:23.049+0000] {dag.py:3239} INFO - Sync 2 DAGs
[2025-03-28T18:46:23.058+0000] {logging_mixin.py:190} INFO - [2025-03-28T18:46:23.058+0000] {dag.py:4180} INFO - Setting next_dagrun for example_external_task_marker_child to None, run_after=None
[2025-03-28T18:46:23.061+0000] {logging_mixin.py:190} INFO - [2025-03-28T18:46:23.061+0000] {dag.py:4180} INFO - Setting next_dagrun for example_external_task_marker_parent to None, run_after=None
[2025-03-28T18:46:23.074+0000] {processor.py:208} INFO - Processing /usr/local/python/3.12.1/lib/python3.12/site-packages/airflow/example_dags/example_external_task_marker_dag.py took 0.049 seconds
[2025-03-28T18:47:17.113+0000] {processor.py:186} INFO - Started process (PID=21996) to work on /usr/local/python/3.12.1/lib/python3.12/site-packages/airflow/example_dags/example_external_task_marker_dag.py
[2025-03-28T18:47:17.113+0000] {processor.py:914} INFO - Processing file /usr/local/python/3.12.1/lib/python3.12/site-packages/airflow/example_dags/example_external_task_marker_dag.py for tasks to queue
[2025-03-28T18:47:17.114+0000] {logging_mixin.py:190} INFO - [2025-03-28T18:47:17.114+0000] {dagbag.py:588} INFO - Filling up the DagBag from /usr/local/python/3.12.1/lib/python3.12/site-packages/airflow/example_dags/example_external_task_marker_dag.py
[2025-03-28T18:47:17.121+0000] {processor.py:925} INFO - DAG(s) 'example_external_task_marker_child', 'example_external_task_marker_parent' retrieved from /usr/local/python/3.12.1/lib/python3.12/site-packages/airflow/example_dags/example_external_task_marker_dag.py
[2025-03-28T18:47:17.133+0000] {logging_mixin.py:190} INFO - [2025-03-28T18:47:17.133+0000] {dag.py:3239} INFO - Sync 2 DAGs
[2025-03-28T18:47:17.144+0000] {logging_mixin.py:190} INFO - [2025-03-28T18:47:17.144+0000] {dag.py:4180} INFO - Setting next_dagrun for example_external_task_marker_child to None, run_after=None
[2025-03-28T18:47:17.146+0000] {logging_mixin.py:190} INFO - [2025-03-28T18:47:17.146+0000] {dag.py:4180} INFO - Setting next_dagrun for example_external_task_marker_parent to None, run_after=None
[2025-03-28T18:47:17.160+0000] {processor.py:208} INFO - Processing /usr/local/python/3.12.1/lib/python3.12/site-packages/airflow/example_dags/example_external_task_marker_dag.py took 0.051 seconds
[2025-03-28T18:48:08.509+0000] {processor.py:186} INFO - Started process (PID=22402) to work on /usr/local/python/3.12.1/lib/python3.12/site-packages/airflow/example_dags/example_external_task_marker_dag.py
[2025-03-28T18:48:08.510+0000] {processor.py:914} INFO - Processing file /usr/local/python/3.12.1/lib/python3.12/site-packages/airflow/example_dags/example_external_task_marker_dag.py for tasks to queue
[2025-03-28T18:48:08.511+0000] {logging_mixin.py:190} INFO - [2025-03-28T18:48:08.510+0000] {dagbag.py:588} INFO - Filling up the DagBag from /usr/local/python/3.12.1/lib/python3.12/site-packages/airflow/example_dags/example_external_task_marker_dag.py
[2025-03-28T18:48:08.517+0000] {processor.py:925} INFO - DAG(s) 'example_external_task_marker_child', 'example_external_task_marker_parent' retrieved from /usr/local/python/3.12.1/lib/python3.12/site-packages/airflow/example_dags/example_external_task_marker_dag.py
[2025-03-28T18:48:08.529+0000] {logging_mixin.py:190} INFO - [2025-03-28T18:48:08.529+0000] {dag.py:3239} INFO - Sync 2 DAGs
[2025-03-28T18:48:08.539+0000] {logging_mixin.py:190} INFO - [2025-03-28T18:48:08.539+0000] {dag.py:4180} INFO - Setting next_dagrun for example_external_task_marker_child to None, run_after=None
[2025-03-28T18:48:08.541+0000] {logging_mixin.py:190} INFO - [2025-03-28T18:48:08.541+0000] {dag.py:4180} INFO - Setting next_dagrun for example_external_task_marker_parent to None, run_after=None
[2025-03-28T18:48:08.558+0000] {processor.py:208} INFO - Processing /usr/local/python/3.12.1/lib/python3.12/site-packages/airflow/example_dags/example_external_task_marker_dag.py took 0.053 seconds
[2025-03-28T18:49:04.646+0000] {processor.py:186} INFO - Started process (PID=22853) to work on /usr/local/python/3.12.1/lib/python3.12/site-packages/airflow/example_dags/example_external_task_marker_dag.py
[2025-03-28T18:49:04.647+0000] {processor.py:914} INFO - Processing file /usr/local/python/3.12.1/lib/python3.12/site-packages/airflow/example_dags/example_external_task_marker_dag.py for tasks to queue
[2025-03-28T18:49:04.647+0000] {logging_mixin.py:190} INFO - [2025-03-28T18:49:04.647+0000] {dagbag.py:588} INFO - Filling up the DagBag from /usr/local/python/3.12.1/lib/python3.12/site-packages/airflow/example_dags/example_external_task_marker_dag.py
[2025-03-28T18:49:04.653+0000] {processor.py:925} INFO - DAG(s) 'example_external_task_marker_parent', 'example_external_task_marker_child' retrieved from /usr/local/python/3.12.1/lib/python3.12/site-packages/airflow/example_dags/example_external_task_marker_dag.py
[2025-03-28T18:49:04.666+0000] {logging_mixin.py:190} INFO - [2025-03-28T18:49:04.666+0000] {dag.py:3239} INFO - Sync 2 DAGs
[2025-03-28T18:49:04.676+0000] {logging_mixin.py:190} INFO - [2025-03-28T18:49:04.675+0000] {dag.py:4180} INFO - Setting next_dagrun for example_external_task_marker_child to None, run_after=None
[2025-03-28T18:49:04.678+0000] {logging_mixin.py:190} INFO - [2025-03-28T18:49:04.678+0000] {dag.py:4180} INFO - Setting next_dagrun for example_external_task_marker_parent to None, run_after=None
[2025-03-28T18:49:04.691+0000] {processor.py:208} INFO - Processing /usr/local/python/3.12.1/lib/python3.12/site-packages/airflow/example_dags/example_external_task_marker_dag.py took 0.049 seconds
[2025-03-28T18:50:00.379+0000] {processor.py:186} INFO - Started process (PID=23317) to work on /usr/local/python/3.12.1/lib/python3.12/site-packages/airflow/example_dags/example_external_task_marker_dag.py
[2025-03-28T18:50:00.380+0000] {processor.py:914} INFO - Processing file /usr/local/python/3.12.1/lib/python3.12/site-packages/airflow/example_dags/example_external_task_marker_dag.py for tasks to queue
[2025-03-28T18:50:00.380+0000] {logging_mixin.py:190} INFO - [2025-03-28T18:50:00.380+0000] {dagbag.py:588} INFO - Filling up the DagBag from /usr/local/python/3.12.1/lib/python3.12/site-packages/airflow/example_dags/example_external_task_marker_dag.py
[2025-03-28T18:50:00.387+0000] {processor.py:925} INFO - DAG(s) 'example_external_task_marker_child', 'example_external_task_marker_parent' retrieved from /usr/local/python/3.12.1/lib/python3.12/site-packages/airflow/example_dags/example_external_task_marker_dag.py
[2025-03-28T18:50:00.399+0000] {logging_mixin.py:190} INFO - [2025-03-28T18:50:00.399+0000] {dag.py:3239} INFO - Sync 2 DAGs
[2025-03-28T18:50:00.408+0000] {logging_mixin.py:190} INFO - [2025-03-28T18:50:00.408+0000] {dag.py:4180} INFO - Setting next_dagrun for example_external_task_marker_child to None, run_after=None
[2025-03-28T18:50:00.411+0000] {logging_mixin.py:190} INFO - [2025-03-28T18:50:00.411+0000] {dag.py:4180} INFO - Setting next_dagrun for example_external_task_marker_parent to None, run_after=None
[2025-03-28T18:50:00.424+0000] {processor.py:208} INFO - Processing /usr/local/python/3.12.1/lib/python3.12/site-packages/airflow/example_dags/example_external_task_marker_dag.py took 0.049 seconds
[2025-03-28T18:50:58.010+0000] {processor.py:186} INFO - Started process (PID=23786) to work on /usr/local/python/3.12.1/lib/python3.12/site-packages/airflow/example_dags/example_external_task_marker_dag.py
[2025-03-28T18:50:58.010+0000] {processor.py:914} INFO - Processing file /usr/local/python/3.12.1/lib/python3.12/site-packages/airflow/example_dags/example_external_task_marker_dag.py for tasks to queue
[2025-03-28T18:50:58.011+0000] {logging_mixin.py:190} INFO - [2025-03-28T18:50:58.011+0000] {dagbag.py:588} INFO - Filling up the DagBag from /usr/local/python/3.12.1/lib/python3.12/site-packages/airflow/example_dags/example_external_task_marker_dag.py
[2025-03-28T18:50:58.017+0000] {processor.py:925} INFO - DAG(s) 'example_external_task_marker_child', 'example_external_task_marker_parent' retrieved from /usr/local/python/3.12.1/lib/python3.12/site-packages/airflow/example_dags/example_external_task_marker_dag.py
[2025-03-28T18:50:58.030+0000] {logging_mixin.py:190} INFO - [2025-03-28T18:50:58.030+0000] {dag.py:3239} INFO - Sync 2 DAGs
[2025-03-28T18:50:58.039+0000] {logging_mixin.py:190} INFO - [2025-03-28T18:50:58.039+0000] {dag.py:4180} INFO - Setting next_dagrun for example_external_task_marker_child to None, run_after=None
[2025-03-28T18:50:58.042+0000] {logging_mixin.py:190} INFO - [2025-03-28T18:50:58.042+0000] {dag.py:4180} INFO - Setting next_dagrun for example_external_task_marker_parent to None, run_after=None
[2025-03-28T18:50:58.055+0000] {processor.py:208} INFO - Processing /usr/local/python/3.12.1/lib/python3.12/site-packages/airflow/example_dags/example_external_task_marker_dag.py took 0.049 seconds
[2025-03-28T18:56:02.586+0000] {processor.py:186} INFO - Started process (PID=26819) to work on /usr/local/python/3.12.1/lib/python3.12/site-packages/airflow/example_dags/example_external_task_marker_dag.py
[2025-03-28T18:56:02.586+0000] {processor.py:914} INFO - Processing file /usr/local/python/3.12.1/lib/python3.12/site-packages/airflow/example_dags/example_external_task_marker_dag.py for tasks to queue
[2025-03-28T18:56:02.587+0000] {logging_mixin.py:190} INFO - [2025-03-28T18:56:02.587+0000] {dagbag.py:588} INFO - Filling up the DagBag from /usr/local/python/3.12.1/lib/python3.12/site-packages/airflow/example_dags/example_external_task_marker_dag.py
[2025-03-28T18:56:02.593+0000] {processor.py:925} INFO - DAG(s) 'example_external_task_marker_parent', 'example_external_task_marker_child' retrieved from /usr/local/python/3.12.1/lib/python3.12/site-packages/airflow/example_dags/example_external_task_marker_dag.py
[2025-03-28T18:56:02.606+0000] {logging_mixin.py:190} INFO - [2025-03-28T18:56:02.606+0000] {dag.py:3239} INFO - Sync 2 DAGs
[2025-03-28T18:56:02.616+0000] {logging_mixin.py:190} INFO - [2025-03-28T18:56:02.615+0000] {dag.py:4180} INFO - Setting next_dagrun for example_external_task_marker_child to None, run_after=None
[2025-03-28T18:56:02.618+0000] {logging_mixin.py:190} INFO - [2025-03-28T18:56:02.618+0000] {dag.py:4180} INFO - Setting next_dagrun for example_external_task_marker_parent to None, run_after=None
[2025-03-28T18:56:02.631+0000] {processor.py:208} INFO - Processing /usr/local/python/3.12.1/lib/python3.12/site-packages/airflow/example_dags/example_external_task_marker_dag.py took 0.049 seconds
[2025-03-28T18:58:48.784+0000] {processor.py:186} INFO - Started process (PID=28634) to work on /usr/local/python/3.12.1/lib/python3.12/site-packages/airflow/example_dags/example_external_task_marker_dag.py
[2025-03-28T18:58:48.785+0000] {processor.py:914} INFO - Processing file /usr/local/python/3.12.1/lib/python3.12/site-packages/airflow/example_dags/example_external_task_marker_dag.py for tasks to queue
[2025-03-28T18:58:48.785+0000] {logging_mixin.py:190} INFO - [2025-03-28T18:58:48.785+0000] {dagbag.py:588} INFO - Filling up the DagBag from /usr/local/python/3.12.1/lib/python3.12/site-packages/airflow/example_dags/example_external_task_marker_dag.py
[2025-03-28T18:58:48.792+0000] {processor.py:925} INFO - DAG(s) 'example_external_task_marker_parent', 'example_external_task_marker_child' retrieved from /usr/local/python/3.12.1/lib/python3.12/site-packages/airflow/example_dags/example_external_task_marker_dag.py
[2025-03-28T18:58:48.804+0000] {logging_mixin.py:190} INFO - [2025-03-28T18:58:48.804+0000] {dag.py:3239} INFO - Sync 2 DAGs
[2025-03-28T18:58:48.814+0000] {logging_mixin.py:190} INFO - [2025-03-28T18:58:48.814+0000] {dag.py:4180} INFO - Setting next_dagrun for example_external_task_marker_child to None, run_after=None
[2025-03-28T18:58:48.816+0000] {logging_mixin.py:190} INFO - [2025-03-28T18:58:48.816+0000] {dag.py:4180} INFO - Setting next_dagrun for example_external_task_marker_parent to None, run_after=None
[2025-03-28T18:58:48.829+0000] {processor.py:208} INFO - Processing /usr/local/python/3.12.1/lib/python3.12/site-packages/airflow/example_dags/example_external_task_marker_dag.py took 0.049 seconds
