[2025-03-28T18:24:23.131+0000] {processor.py:186} INFO - Started process (PID=9279) to work on /usr/local/python/3.12.1/lib/python3.12/site-packages/airflow/example_dags/example_kubernetes_executor.py
[2025-03-28T18:24:23.132+0000] {processor.py:914} INFO - Processing file /usr/local/python/3.12.1/lib/python3.12/site-packages/airflow/example_dags/example_kubernetes_executor.py for tasks to queue
[2025-03-28T18:24:23.133+0000] {logging_mixin.py:190} INFO - [2025-03-28T18:24:23.133+0000] {dagbag.py:588} INFO - Filling up the DagBag from /usr/local/python/3.12.1/lib/python3.12/site-packages/airflow/example_dags/example_kubernetes_executor.py
[2025-03-28T18:24:23.135+0000] {logging_mixin.py:190} INFO - [2025-03-28T18:24:23.135+0000] {example_kubernetes_executor.py:39} WARNING - The example_kubernetes_executor example DAG requires the kubernetes provider. Please install it with: pip install apache-airflow[cncf.kubernetes]
[2025-03-28T18:24:23.135+0000] {processor.py:927} WARNING - No viable dags retrieved from /usr/local/python/3.12.1/lib/python3.12/site-packages/airflow/example_dags/example_kubernetes_executor.py
[2025-03-28T18:24:23.142+0000] {processor.py:208} INFO - Processing /usr/local/python/3.12.1/lib/python3.12/site-packages/airflow/example_dags/example_kubernetes_executor.py took 0.015 seconds
[2025-03-28T18:25:20.759+0000] {processor.py:186} INFO - Started process (PID=9786) to work on /usr/local/python/3.12.1/lib/python3.12/site-packages/airflow/example_dags/example_kubernetes_executor.py
[2025-03-28T18:25:20.760+0000] {processor.py:914} INFO - Processing file /usr/local/python/3.12.1/lib/python3.12/site-packages/airflow/example_dags/example_kubernetes_executor.py for tasks to queue
[2025-03-28T18:25:20.762+0000] {logging_mixin.py:190} INFO - [2025-03-28T18:25:20.761+0000] {dagbag.py:588} INFO - Filling up the DagBag from /usr/local/python/3.12.1/lib/python3.12/site-packages/airflow/example_dags/example_kubernetes_executor.py
[2025-03-28T18:25:20.764+0000] {logging_mixin.py:190} INFO - [2025-03-28T18:25:20.764+0000] {example_kubernetes_executor.py:39} WARNING - The example_kubernetes_executor example DAG requires the kubernetes provider. Please install it with: pip install apache-airflow[cncf.kubernetes]
[2025-03-28T18:25:20.764+0000] {processor.py:927} WARNING - No viable dags retrieved from /usr/local/python/3.12.1/lib/python3.12/site-packages/airflow/example_dags/example_kubernetes_executor.py
[2025-03-28T18:25:20.772+0000] {processor.py:208} INFO - Processing /usr/local/python/3.12.1/lib/python3.12/site-packages/airflow/example_dags/example_kubernetes_executor.py took 0.017 seconds
[2025-03-28T18:26:15.414+0000] {processor.py:186} INFO - Started process (PID=10268) to work on /usr/local/python/3.12.1/lib/python3.12/site-packages/airflow/example_dags/example_kubernetes_executor.py
[2025-03-28T18:26:15.415+0000] {processor.py:914} INFO - Processing file /usr/local/python/3.12.1/lib/python3.12/site-packages/airflow/example_dags/example_kubernetes_executor.py for tasks to queue
[2025-03-28T18:26:15.416+0000] {logging_mixin.py:190} INFO - [2025-03-28T18:26:15.416+0000] {dagbag.py:588} INFO - Filling up the DagBag from /usr/local/python/3.12.1/lib/python3.12/site-packages/airflow/example_dags/example_kubernetes_executor.py
[2025-03-28T18:26:15.418+0000] {logging_mixin.py:190} INFO - [2025-03-28T18:26:15.418+0000] {example_kubernetes_executor.py:39} WARNING - The example_kubernetes_executor example DAG requires the kubernetes provider. Please install it with: pip install apache-airflow[cncf.kubernetes]
[2025-03-28T18:26:15.418+0000] {processor.py:927} WARNING - No viable dags retrieved from /usr/local/python/3.12.1/lib/python3.12/site-packages/airflow/example_dags/example_kubernetes_executor.py
[2025-03-28T18:26:15.425+0000] {processor.py:208} INFO - Processing /usr/local/python/3.12.1/lib/python3.12/site-packages/airflow/example_dags/example_kubernetes_executor.py took 0.015 seconds
[2025-03-28T18:28:23.073+0000] {processor.py:186} INFO - Started process (PID=11477) to work on /usr/local/python/3.12.1/lib/python3.12/site-packages/airflow/example_dags/example_kubernetes_executor.py
[2025-03-28T18:28:23.074+0000] {processor.py:914} INFO - Processing file /usr/local/python/3.12.1/lib/python3.12/site-packages/airflow/example_dags/example_kubernetes_executor.py for tasks to queue
[2025-03-28T18:28:23.075+0000] {logging_mixin.py:190} INFO - [2025-03-28T18:28:23.075+0000] {dagbag.py:588} INFO - Filling up the DagBag from /usr/local/python/3.12.1/lib/python3.12/site-packages/airflow/example_dags/example_kubernetes_executor.py
[2025-03-28T18:28:23.077+0000] {logging_mixin.py:190} INFO - [2025-03-28T18:28:23.077+0000] {example_kubernetes_executor.py:39} WARNING - The example_kubernetes_executor example DAG requires the kubernetes provider. Please install it with: pip install apache-airflow[cncf.kubernetes]
[2025-03-28T18:28:23.077+0000] {processor.py:927} WARNING - No viable dags retrieved from /usr/local/python/3.12.1/lib/python3.12/site-packages/airflow/example_dags/example_kubernetes_executor.py
[2025-03-28T18:28:23.084+0000] {processor.py:208} INFO - Processing /usr/local/python/3.12.1/lib/python3.12/site-packages/airflow/example_dags/example_kubernetes_executor.py took 0.015 seconds
[2025-03-28T18:29:17.428+0000] {processor.py:186} INFO - Started process (PID=11915) to work on /usr/local/python/3.12.1/lib/python3.12/site-packages/airflow/example_dags/example_kubernetes_executor.py
[2025-03-28T18:29:17.429+0000] {processor.py:914} INFO - Processing file /usr/local/python/3.12.1/lib/python3.12/site-packages/airflow/example_dags/example_kubernetes_executor.py for tasks to queue
[2025-03-28T18:29:17.430+0000] {logging_mixin.py:190} INFO - [2025-03-28T18:29:17.430+0000] {dagbag.py:588} INFO - Filling up the DagBag from /usr/local/python/3.12.1/lib/python3.12/site-packages/airflow/example_dags/example_kubernetes_executor.py
[2025-03-28T18:29:17.432+0000] {logging_mixin.py:190} INFO - [2025-03-28T18:29:17.432+0000] {example_kubernetes_executor.py:39} WARNING - The example_kubernetes_executor example DAG requires the kubernetes provider. Please install it with: pip install apache-airflow[cncf.kubernetes]
[2025-03-28T18:29:17.432+0000] {processor.py:927} WARNING - No viable dags retrieved from /usr/local/python/3.12.1/lib/python3.12/site-packages/airflow/example_dags/example_kubernetes_executor.py
[2025-03-28T18:29:17.439+0000] {processor.py:208} INFO - Processing /usr/local/python/3.12.1/lib/python3.12/site-packages/airflow/example_dags/example_kubernetes_executor.py took 0.015 seconds
[2025-03-28T18:30:10.976+0000] {processor.py:186} INFO - Started process (PID=12399) to work on /usr/local/python/3.12.1/lib/python3.12/site-packages/airflow/example_dags/example_kubernetes_executor.py
[2025-03-28T18:30:10.977+0000] {processor.py:914} INFO - Processing file /usr/local/python/3.12.1/lib/python3.12/site-packages/airflow/example_dags/example_kubernetes_executor.py for tasks to queue
[2025-03-28T18:30:10.978+0000] {logging_mixin.py:190} INFO - [2025-03-28T18:30:10.978+0000] {dagbag.py:588} INFO - Filling up the DagBag from /usr/local/python/3.12.1/lib/python3.12/site-packages/airflow/example_dags/example_kubernetes_executor.py
[2025-03-28T18:30:10.980+0000] {logging_mixin.py:190} INFO - [2025-03-28T18:30:10.980+0000] {example_kubernetes_executor.py:39} WARNING - The example_kubernetes_executor example DAG requires the kubernetes provider. Please install it with: pip install apache-airflow[cncf.kubernetes]
[2025-03-28T18:30:10.980+0000] {processor.py:927} WARNING - No viable dags retrieved from /usr/local/python/3.12.1/lib/python3.12/site-packages/airflow/example_dags/example_kubernetes_executor.py
[2025-03-28T18:30:10.987+0000] {processor.py:208} INFO - Processing /usr/local/python/3.12.1/lib/python3.12/site-packages/airflow/example_dags/example_kubernetes_executor.py took 0.015 seconds
[2025-03-28T18:31:01.185+0000] {processor.py:186} INFO - Started process (PID=12809) to work on /usr/local/python/3.12.1/lib/python3.12/site-packages/airflow/example_dags/example_kubernetes_executor.py
[2025-03-28T18:31:01.185+0000] {processor.py:914} INFO - Processing file /usr/local/python/3.12.1/lib/python3.12/site-packages/airflow/example_dags/example_kubernetes_executor.py for tasks to queue
[2025-03-28T18:31:01.187+0000] {logging_mixin.py:190} INFO - [2025-03-28T18:31:01.186+0000] {dagbag.py:588} INFO - Filling up the DagBag from /usr/local/python/3.12.1/lib/python3.12/site-packages/airflow/example_dags/example_kubernetes_executor.py
[2025-03-28T18:31:01.189+0000] {logging_mixin.py:190} INFO - [2025-03-28T18:31:01.188+0000] {example_kubernetes_executor.py:39} WARNING - The example_kubernetes_executor example DAG requires the kubernetes provider. Please install it with: pip install apache-airflow[cncf.kubernetes]
[2025-03-28T18:31:01.189+0000] {processor.py:927} WARNING - No viable dags retrieved from /usr/local/python/3.12.1/lib/python3.12/site-packages/airflow/example_dags/example_kubernetes_executor.py
[2025-03-28T18:31:01.196+0000] {processor.py:208} INFO - Processing /usr/local/python/3.12.1/lib/python3.12/site-packages/airflow/example_dags/example_kubernetes_executor.py took 0.015 seconds
[2025-03-28T18:31:50.414+0000] {processor.py:186} INFO - Started process (PID=13186) to work on /usr/local/python/3.12.1/lib/python3.12/site-packages/airflow/example_dags/example_kubernetes_executor.py
[2025-03-28T18:31:50.415+0000] {processor.py:914} INFO - Processing file /usr/local/python/3.12.1/lib/python3.12/site-packages/airflow/example_dags/example_kubernetes_executor.py for tasks to queue
[2025-03-28T18:31:50.416+0000] {logging_mixin.py:190} INFO - [2025-03-28T18:31:50.416+0000] {dagbag.py:588} INFO - Filling up the DagBag from /usr/local/python/3.12.1/lib/python3.12/site-packages/airflow/example_dags/example_kubernetes_executor.py
[2025-03-28T18:31:50.418+0000] {logging_mixin.py:190} INFO - [2025-03-28T18:31:50.418+0000] {example_kubernetes_executor.py:39} WARNING - The example_kubernetes_executor example DAG requires the kubernetes provider. Please install it with: pip install apache-airflow[cncf.kubernetes]
[2025-03-28T18:31:50.419+0000] {processor.py:927} WARNING - No viable dags retrieved from /usr/local/python/3.12.1/lib/python3.12/site-packages/airflow/example_dags/example_kubernetes_executor.py
[2025-03-28T18:31:50.426+0000] {processor.py:208} INFO - Processing /usr/local/python/3.12.1/lib/python3.12/site-packages/airflow/example_dags/example_kubernetes_executor.py took 0.017 seconds
[2025-03-28T18:32:39.972+0000] {processor.py:186} INFO - Started process (PID=13737) to work on /usr/local/python/3.12.1/lib/python3.12/site-packages/airflow/example_dags/example_kubernetes_executor.py
[2025-03-28T18:32:39.972+0000] {processor.py:914} INFO - Processing file /usr/local/python/3.12.1/lib/python3.12/site-packages/airflow/example_dags/example_kubernetes_executor.py for tasks to queue
[2025-03-28T18:32:39.974+0000] {logging_mixin.py:190} INFO - [2025-03-28T18:32:39.973+0000] {dagbag.py:588} INFO - Filling up the DagBag from /usr/local/python/3.12.1/lib/python3.12/site-packages/airflow/example_dags/example_kubernetes_executor.py
[2025-03-28T18:32:39.976+0000] {logging_mixin.py:190} INFO - [2025-03-28T18:32:39.976+0000] {example_kubernetes_executor.py:39} WARNING - The example_kubernetes_executor example DAG requires the kubernetes provider. Please install it with: pip install apache-airflow[cncf.kubernetes]
[2025-03-28T18:32:39.976+0000] {processor.py:927} WARNING - No viable dags retrieved from /usr/local/python/3.12.1/lib/python3.12/site-packages/airflow/example_dags/example_kubernetes_executor.py
[2025-03-28T18:32:39.983+0000] {processor.py:208} INFO - Processing /usr/local/python/3.12.1/lib/python3.12/site-packages/airflow/example_dags/example_kubernetes_executor.py took 0.015 seconds
[2025-03-28T18:33:29.046+0000] {processor.py:186} INFO - Started process (PID=14156) to work on /usr/local/python/3.12.1/lib/python3.12/site-packages/airflow/example_dags/example_kubernetes_executor.py
[2025-03-28T18:33:29.047+0000] {processor.py:914} INFO - Processing file /usr/local/python/3.12.1/lib/python3.12/site-packages/airflow/example_dags/example_kubernetes_executor.py for tasks to queue
[2025-03-28T18:33:29.048+0000] {logging_mixin.py:190} INFO - [2025-03-28T18:33:29.048+0000] {dagbag.py:588} INFO - Filling up the DagBag from /usr/local/python/3.12.1/lib/python3.12/site-packages/airflow/example_dags/example_kubernetes_executor.py
[2025-03-28T18:33:29.050+0000] {logging_mixin.py:190} INFO - [2025-03-28T18:33:29.050+0000] {example_kubernetes_executor.py:39} WARNING - The example_kubernetes_executor example DAG requires the kubernetes provider. Please install it with: pip install apache-airflow[cncf.kubernetes]
[2025-03-28T18:33:29.051+0000] {processor.py:927} WARNING - No viable dags retrieved from /usr/local/python/3.12.1/lib/python3.12/site-packages/airflow/example_dags/example_kubernetes_executor.py
[2025-03-28T18:33:29.057+0000] {processor.py:208} INFO - Processing /usr/local/python/3.12.1/lib/python3.12/site-packages/airflow/example_dags/example_kubernetes_executor.py took 0.015 seconds
[2025-03-28T18:34:19.934+0000] {processor.py:186} INFO - Started process (PID=14594) to work on /usr/local/python/3.12.1/lib/python3.12/site-packages/airflow/example_dags/example_kubernetes_executor.py
[2025-03-28T18:34:19.935+0000] {processor.py:914} INFO - Processing file /usr/local/python/3.12.1/lib/python3.12/site-packages/airflow/example_dags/example_kubernetes_executor.py for tasks to queue
[2025-03-28T18:34:19.936+0000] {logging_mixin.py:190} INFO - [2025-03-28T18:34:19.936+0000] {dagbag.py:588} INFO - Filling up the DagBag from /usr/local/python/3.12.1/lib/python3.12/site-packages/airflow/example_dags/example_kubernetes_executor.py
[2025-03-28T18:34:19.938+0000] {logging_mixin.py:190} INFO - [2025-03-28T18:34:19.938+0000] {example_kubernetes_executor.py:39} WARNING - The example_kubernetes_executor example DAG requires the kubernetes provider. Please install it with: pip install apache-airflow[cncf.kubernetes]
[2025-03-28T18:34:19.938+0000] {processor.py:927} WARNING - No viable dags retrieved from /usr/local/python/3.12.1/lib/python3.12/site-packages/airflow/example_dags/example_kubernetes_executor.py
[2025-03-28T18:34:19.945+0000] {processor.py:208} INFO - Processing /usr/local/python/3.12.1/lib/python3.12/site-packages/airflow/example_dags/example_kubernetes_executor.py took 0.015 seconds
[2025-03-28T18:35:09.804+0000] {processor.py:186} INFO - Started process (PID=15014) to work on /usr/local/python/3.12.1/lib/python3.12/site-packages/airflow/example_dags/example_kubernetes_executor.py
[2025-03-28T18:35:09.804+0000] {processor.py:914} INFO - Processing file /usr/local/python/3.12.1/lib/python3.12/site-packages/airflow/example_dags/example_kubernetes_executor.py for tasks to queue
[2025-03-28T18:35:09.806+0000] {logging_mixin.py:190} INFO - [2025-03-28T18:35:09.805+0000] {dagbag.py:588} INFO - Filling up the DagBag from /usr/local/python/3.12.1/lib/python3.12/site-packages/airflow/example_dags/example_kubernetes_executor.py
[2025-03-28T18:35:09.808+0000] {logging_mixin.py:190} INFO - [2025-03-28T18:35:09.808+0000] {example_kubernetes_executor.py:39} WARNING - The example_kubernetes_executor example DAG requires the kubernetes provider. Please install it with: pip install apache-airflow[cncf.kubernetes]
[2025-03-28T18:35:09.808+0000] {processor.py:927} WARNING - No viable dags retrieved from /usr/local/python/3.12.1/lib/python3.12/site-packages/airflow/example_dags/example_kubernetes_executor.py
[2025-03-28T18:35:09.815+0000] {processor.py:208} INFO - Processing /usr/local/python/3.12.1/lib/python3.12/site-packages/airflow/example_dags/example_kubernetes_executor.py took 0.015 seconds
[2025-03-28T18:35:59.314+0000] {processor.py:186} INFO - Started process (PID=15454) to work on /usr/local/python/3.12.1/lib/python3.12/site-packages/airflow/example_dags/example_kubernetes_executor.py
[2025-03-28T18:35:59.315+0000] {processor.py:914} INFO - Processing file /usr/local/python/3.12.1/lib/python3.12/site-packages/airflow/example_dags/example_kubernetes_executor.py for tasks to queue
[2025-03-28T18:35:59.316+0000] {logging_mixin.py:190} INFO - [2025-03-28T18:35:59.316+0000] {dagbag.py:588} INFO - Filling up the DagBag from /usr/local/python/3.12.1/lib/python3.12/site-packages/airflow/example_dags/example_kubernetes_executor.py
[2025-03-28T18:35:59.318+0000] {logging_mixin.py:190} INFO - [2025-03-28T18:35:59.318+0000] {example_kubernetes_executor.py:39} WARNING - The example_kubernetes_executor example DAG requires the kubernetes provider. Please install it with: pip install apache-airflow[cncf.kubernetes]
[2025-03-28T18:35:59.318+0000] {processor.py:927} WARNING - No viable dags retrieved from /usr/local/python/3.12.1/lib/python3.12/site-packages/airflow/example_dags/example_kubernetes_executor.py
[2025-03-28T18:35:59.326+0000] {processor.py:208} INFO - Processing /usr/local/python/3.12.1/lib/python3.12/site-packages/airflow/example_dags/example_kubernetes_executor.py took 0.015 seconds
[2025-03-28T18:37:56.691+0000] {processor.py:186} INFO - Started process (PID=16768) to work on /usr/local/python/3.12.1/lib/python3.12/site-packages/airflow/example_dags/example_kubernetes_executor.py
[2025-03-28T18:37:56.691+0000] {processor.py:914} INFO - Processing file /usr/local/python/3.12.1/lib/python3.12/site-packages/airflow/example_dags/example_kubernetes_executor.py for tasks to queue
[2025-03-28T18:37:56.693+0000] {logging_mixin.py:190} INFO - [2025-03-28T18:37:56.692+0000] {dagbag.py:588} INFO - Filling up the DagBag from /usr/local/python/3.12.1/lib/python3.12/site-packages/airflow/example_dags/example_kubernetes_executor.py
[2025-03-28T18:37:56.695+0000] {logging_mixin.py:190} INFO - [2025-03-28T18:37:56.695+0000] {example_kubernetes_executor.py:39} WARNING - The example_kubernetes_executor example DAG requires the kubernetes provider. Please install it with: pip install apache-airflow[cncf.kubernetes]
[2025-03-28T18:37:56.695+0000] {processor.py:927} WARNING - No viable dags retrieved from /usr/local/python/3.12.1/lib/python3.12/site-packages/airflow/example_dags/example_kubernetes_executor.py
[2025-03-28T18:37:56.702+0000] {processor.py:208} INFO - Processing /usr/local/python/3.12.1/lib/python3.12/site-packages/airflow/example_dags/example_kubernetes_executor.py took 0.015 seconds
[2025-03-28T18:38:52.086+0000] {processor.py:186} INFO - Started process (PID=17233) to work on /usr/local/python/3.12.1/lib/python3.12/site-packages/airflow/example_dags/example_kubernetes_executor.py
[2025-03-28T18:38:52.086+0000] {processor.py:914} INFO - Processing file /usr/local/python/3.12.1/lib/python3.12/site-packages/airflow/example_dags/example_kubernetes_executor.py for tasks to queue
[2025-03-28T18:38:52.088+0000] {logging_mixin.py:190} INFO - [2025-03-28T18:38:52.088+0000] {dagbag.py:588} INFO - Filling up the DagBag from /usr/local/python/3.12.1/lib/python3.12/site-packages/airflow/example_dags/example_kubernetes_executor.py
[2025-03-28T18:38:52.090+0000] {logging_mixin.py:190} INFO - [2025-03-28T18:38:52.090+0000] {example_kubernetes_executor.py:39} WARNING - The example_kubernetes_executor example DAG requires the kubernetes provider. Please install it with: pip install apache-airflow[cncf.kubernetes]
[2025-03-28T18:38:52.090+0000] {processor.py:927} WARNING - No viable dags retrieved from /usr/local/python/3.12.1/lib/python3.12/site-packages/airflow/example_dags/example_kubernetes_executor.py
[2025-03-28T18:38:52.098+0000] {processor.py:208} INFO - Processing /usr/local/python/3.12.1/lib/python3.12/site-packages/airflow/example_dags/example_kubernetes_executor.py took 0.016 seconds
[2025-03-28T18:40:46.120+0000] {processor.py:186} INFO - Started process (PID=18401) to work on /usr/local/python/3.12.1/lib/python3.12/site-packages/airflow/example_dags/example_kubernetes_executor.py
[2025-03-28T18:40:46.120+0000] {processor.py:914} INFO - Processing file /usr/local/python/3.12.1/lib/python3.12/site-packages/airflow/example_dags/example_kubernetes_executor.py for tasks to queue
[2025-03-28T18:40:46.122+0000] {logging_mixin.py:190} INFO - [2025-03-28T18:40:46.121+0000] {dagbag.py:588} INFO - Filling up the DagBag from /usr/local/python/3.12.1/lib/python3.12/site-packages/airflow/example_dags/example_kubernetes_executor.py
[2025-03-28T18:40:46.124+0000] {logging_mixin.py:190} INFO - [2025-03-28T18:40:46.123+0000] {example_kubernetes_executor.py:39} WARNING - The example_kubernetes_executor example DAG requires the kubernetes provider. Please install it with: pip install apache-airflow[cncf.kubernetes]
[2025-03-28T18:40:46.124+0000] {processor.py:927} WARNING - No viable dags retrieved from /usr/local/python/3.12.1/lib/python3.12/site-packages/airflow/example_dags/example_kubernetes_executor.py
[2025-03-28T18:40:46.131+0000] {processor.py:208} INFO - Processing /usr/local/python/3.12.1/lib/python3.12/site-packages/airflow/example_dags/example_kubernetes_executor.py took 0.015 seconds
[2025-03-28T18:41:39.400+0000] {processor.py:186} INFO - Started process (PID=19014) to work on /usr/local/python/3.12.1/lib/python3.12/site-packages/airflow/example_dags/example_kubernetes_executor.py
[2025-03-28T18:41:39.400+0000] {processor.py:914} INFO - Processing file /usr/local/python/3.12.1/lib/python3.12/site-packages/airflow/example_dags/example_kubernetes_executor.py for tasks to queue
[2025-03-28T18:41:39.402+0000] {logging_mixin.py:190} INFO - [2025-03-28T18:41:39.402+0000] {dagbag.py:588} INFO - Filling up the DagBag from /usr/local/python/3.12.1/lib/python3.12/site-packages/airflow/example_dags/example_kubernetes_executor.py
[2025-03-28T18:41:39.404+0000] {logging_mixin.py:190} INFO - [2025-03-28T18:41:39.404+0000] {example_kubernetes_executor.py:39} WARNING - The example_kubernetes_executor example DAG requires the kubernetes provider. Please install it with: pip install apache-airflow[cncf.kubernetes]
[2025-03-28T18:41:39.405+0000] {processor.py:927} WARNING - No viable dags retrieved from /usr/local/python/3.12.1/lib/python3.12/site-packages/airflow/example_dags/example_kubernetes_executor.py
[2025-03-28T18:41:39.412+0000] {processor.py:208} INFO - Processing /usr/local/python/3.12.1/lib/python3.12/site-packages/airflow/example_dags/example_kubernetes_executor.py took 0.017 seconds
[2025-03-28T18:42:37.034+0000] {processor.py:186} INFO - Started process (PID=19508) to work on /usr/local/python/3.12.1/lib/python3.12/site-packages/airflow/example_dags/example_kubernetes_executor.py
[2025-03-28T18:42:37.035+0000] {processor.py:914} INFO - Processing file /usr/local/python/3.12.1/lib/python3.12/site-packages/airflow/example_dags/example_kubernetes_executor.py for tasks to queue
[2025-03-28T18:42:37.036+0000] {logging_mixin.py:190} INFO - [2025-03-28T18:42:37.036+0000] {dagbag.py:588} INFO - Filling up the DagBag from /usr/local/python/3.12.1/lib/python3.12/site-packages/airflow/example_dags/example_kubernetes_executor.py
[2025-03-28T18:42:37.038+0000] {logging_mixin.py:190} INFO - [2025-03-28T18:42:37.038+0000] {example_kubernetes_executor.py:39} WARNING - The example_kubernetes_executor example DAG requires the kubernetes provider. Please install it with: pip install apache-airflow[cncf.kubernetes]
[2025-03-28T18:42:37.038+0000] {processor.py:927} WARNING - No viable dags retrieved from /usr/local/python/3.12.1/lib/python3.12/site-packages/airflow/example_dags/example_kubernetes_executor.py
[2025-03-28T18:42:37.047+0000] {processor.py:208} INFO - Processing /usr/local/python/3.12.1/lib/python3.12/site-packages/airflow/example_dags/example_kubernetes_executor.py took 0.016 seconds
[2025-03-28T18:43:33.857+0000] {processor.py:186} INFO - Started process (PID=20021) to work on /usr/local/python/3.12.1/lib/python3.12/site-packages/airflow/example_dags/example_kubernetes_executor.py
[2025-03-28T18:43:33.858+0000] {processor.py:914} INFO - Processing file /usr/local/python/3.12.1/lib/python3.12/site-packages/airflow/example_dags/example_kubernetes_executor.py for tasks to queue
[2025-03-28T18:43:33.859+0000] {logging_mixin.py:190} INFO - [2025-03-28T18:43:33.859+0000] {dagbag.py:588} INFO - Filling up the DagBag from /usr/local/python/3.12.1/lib/python3.12/site-packages/airflow/example_dags/example_kubernetes_executor.py
[2025-03-28T18:43:33.861+0000] {logging_mixin.py:190} INFO - [2025-03-28T18:43:33.861+0000] {example_kubernetes_executor.py:39} WARNING - The example_kubernetes_executor example DAG requires the kubernetes provider. Please install it with: pip install apache-airflow[cncf.kubernetes]
[2025-03-28T18:43:33.861+0000] {processor.py:927} WARNING - No viable dags retrieved from /usr/local/python/3.12.1/lib/python3.12/site-packages/airflow/example_dags/example_kubernetes_executor.py
[2025-03-28T18:43:33.868+0000] {processor.py:208} INFO - Processing /usr/local/python/3.12.1/lib/python3.12/site-packages/airflow/example_dags/example_kubernetes_executor.py took 0.015 seconds
[2025-03-28T18:44:29.985+0000] {processor.py:186} INFO - Started process (PID=20514) to work on /usr/local/python/3.12.1/lib/python3.12/site-packages/airflow/example_dags/example_kubernetes_executor.py
[2025-03-28T18:44:29.986+0000] {processor.py:914} INFO - Processing file /usr/local/python/3.12.1/lib/python3.12/site-packages/airflow/example_dags/example_kubernetes_executor.py for tasks to queue
[2025-03-28T18:44:29.987+0000] {logging_mixin.py:190} INFO - [2025-03-28T18:44:29.987+0000] {dagbag.py:588} INFO - Filling up the DagBag from /usr/local/python/3.12.1/lib/python3.12/site-packages/airflow/example_dags/example_kubernetes_executor.py
[2025-03-28T18:44:29.989+0000] {logging_mixin.py:190} INFO - [2025-03-28T18:44:29.989+0000] {example_kubernetes_executor.py:39} WARNING - The example_kubernetes_executor example DAG requires the kubernetes provider. Please install it with: pip install apache-airflow[cncf.kubernetes]
[2025-03-28T18:44:29.989+0000] {processor.py:927} WARNING - No viable dags retrieved from /usr/local/python/3.12.1/lib/python3.12/site-packages/airflow/example_dags/example_kubernetes_executor.py
[2025-03-28T18:44:29.996+0000] {processor.py:208} INFO - Processing /usr/local/python/3.12.1/lib/python3.12/site-packages/airflow/example_dags/example_kubernetes_executor.py took 0.015 seconds
[2025-03-28T18:45:23.095+0000] {processor.py:186} INFO - Started process (PID=20997) to work on /usr/local/python/3.12.1/lib/python3.12/site-packages/airflow/example_dags/example_kubernetes_executor.py
[2025-03-28T18:45:23.095+0000] {processor.py:914} INFO - Processing file /usr/local/python/3.12.1/lib/python3.12/site-packages/airflow/example_dags/example_kubernetes_executor.py for tasks to queue
[2025-03-28T18:45:23.097+0000] {logging_mixin.py:190} INFO - [2025-03-28T18:45:23.097+0000] {dagbag.py:588} INFO - Filling up the DagBag from /usr/local/python/3.12.1/lib/python3.12/site-packages/airflow/example_dags/example_kubernetes_executor.py
[2025-03-28T18:45:23.099+0000] {logging_mixin.py:190} INFO - [2025-03-28T18:45:23.099+0000] {example_kubernetes_executor.py:39} WARNING - The example_kubernetes_executor example DAG requires the kubernetes provider. Please install it with: pip install apache-airflow[cncf.kubernetes]
[2025-03-28T18:45:23.099+0000] {processor.py:927} WARNING - No viable dags retrieved from /usr/local/python/3.12.1/lib/python3.12/site-packages/airflow/example_dags/example_kubernetes_executor.py
[2025-03-28T18:45:23.106+0000] {processor.py:208} INFO - Processing /usr/local/python/3.12.1/lib/python3.12/site-packages/airflow/example_dags/example_kubernetes_executor.py took 0.015 seconds
[2025-03-28T18:46:17.454+0000] {processor.py:186} INFO - Started process (PID=21469) to work on /usr/local/python/3.12.1/lib/python3.12/site-packages/airflow/example_dags/example_kubernetes_executor.py
[2025-03-28T18:46:17.454+0000] {processor.py:914} INFO - Processing file /usr/local/python/3.12.1/lib/python3.12/site-packages/airflow/example_dags/example_kubernetes_executor.py for tasks to queue
[2025-03-28T18:46:17.456+0000] {logging_mixin.py:190} INFO - [2025-03-28T18:46:17.455+0000] {dagbag.py:588} INFO - Filling up the DagBag from /usr/local/python/3.12.1/lib/python3.12/site-packages/airflow/example_dags/example_kubernetes_executor.py
[2025-03-28T18:46:17.458+0000] {logging_mixin.py:190} INFO - [2025-03-28T18:46:17.458+0000] {example_kubernetes_executor.py:39} WARNING - The example_kubernetes_executor example DAG requires the kubernetes provider. Please install it with: pip install apache-airflow[cncf.kubernetes]
[2025-03-28T18:46:17.458+0000] {processor.py:927} WARNING - No viable dags retrieved from /usr/local/python/3.12.1/lib/python3.12/site-packages/airflow/example_dags/example_kubernetes_executor.py
[2025-03-28T18:46:17.465+0000] {processor.py:208} INFO - Processing /usr/local/python/3.12.1/lib/python3.12/site-packages/airflow/example_dags/example_kubernetes_executor.py took 0.015 seconds
[2025-03-28T18:47:11.512+0000] {processor.py:186} INFO - Started process (PID=21942) to work on /usr/local/python/3.12.1/lib/python3.12/site-packages/airflow/example_dags/example_kubernetes_executor.py
[2025-03-28T18:47:11.512+0000] {processor.py:914} INFO - Processing file /usr/local/python/3.12.1/lib/python3.12/site-packages/airflow/example_dags/example_kubernetes_executor.py for tasks to queue
[2025-03-28T18:47:11.513+0000] {logging_mixin.py:190} INFO - [2025-03-28T18:47:11.513+0000] {dagbag.py:588} INFO - Filling up the DagBag from /usr/local/python/3.12.1/lib/python3.12/site-packages/airflow/example_dags/example_kubernetes_executor.py
[2025-03-28T18:47:11.515+0000] {logging_mixin.py:190} INFO - [2025-03-28T18:47:11.515+0000] {example_kubernetes_executor.py:39} WARNING - The example_kubernetes_executor example DAG requires the kubernetes provider. Please install it with: pip install apache-airflow[cncf.kubernetes]
[2025-03-28T18:47:11.515+0000] {processor.py:927} WARNING - No viable dags retrieved from /usr/local/python/3.12.1/lib/python3.12/site-packages/airflow/example_dags/example_kubernetes_executor.py
[2025-03-28T18:47:11.522+0000] {processor.py:208} INFO - Processing /usr/local/python/3.12.1/lib/python3.12/site-packages/airflow/example_dags/example_kubernetes_executor.py took 0.015 seconds
[2025-03-28T18:48:03.369+0000] {processor.py:186} INFO - Started process (PID=22349) to work on /usr/local/python/3.12.1/lib/python3.12/site-packages/airflow/example_dags/example_kubernetes_executor.py
[2025-03-28T18:48:03.370+0000] {processor.py:914} INFO - Processing file /usr/local/python/3.12.1/lib/python3.12/site-packages/airflow/example_dags/example_kubernetes_executor.py for tasks to queue
[2025-03-28T18:48:03.371+0000] {logging_mixin.py:190} INFO - [2025-03-28T18:48:03.370+0000] {dagbag.py:588} INFO - Filling up the DagBag from /usr/local/python/3.12.1/lib/python3.12/site-packages/airflow/example_dags/example_kubernetes_executor.py
[2025-03-28T18:48:03.373+0000] {logging_mixin.py:190} INFO - [2025-03-28T18:48:03.373+0000] {example_kubernetes_executor.py:39} WARNING - The example_kubernetes_executor example DAG requires the kubernetes provider. Please install it with: pip install apache-airflow[cncf.kubernetes]
[2025-03-28T18:48:03.373+0000] {processor.py:927} WARNING - No viable dags retrieved from /usr/local/python/3.12.1/lib/python3.12/site-packages/airflow/example_dags/example_kubernetes_executor.py
[2025-03-28T18:48:03.380+0000] {processor.py:208} INFO - Processing /usr/local/python/3.12.1/lib/python3.12/site-packages/airflow/example_dags/example_kubernetes_executor.py took 0.014 seconds
[2025-03-28T18:48:59.573+0000] {processor.py:186} INFO - Started process (PID=22824) to work on /usr/local/python/3.12.1/lib/python3.12/site-packages/airflow/example_dags/example_kubernetes_executor.py
[2025-03-28T18:48:59.574+0000] {processor.py:914} INFO - Processing file /usr/local/python/3.12.1/lib/python3.12/site-packages/airflow/example_dags/example_kubernetes_executor.py for tasks to queue
[2025-03-28T18:48:59.575+0000] {logging_mixin.py:190} INFO - [2025-03-28T18:48:59.575+0000] {dagbag.py:588} INFO - Filling up the DagBag from /usr/local/python/3.12.1/lib/python3.12/site-packages/airflow/example_dags/example_kubernetes_executor.py
[2025-03-28T18:48:59.577+0000] {logging_mixin.py:190} INFO - [2025-03-28T18:48:59.577+0000] {example_kubernetes_executor.py:39} WARNING - The example_kubernetes_executor example DAG requires the kubernetes provider. Please install it with: pip install apache-airflow[cncf.kubernetes]
[2025-03-28T18:48:59.577+0000] {processor.py:927} WARNING - No viable dags retrieved from /usr/local/python/3.12.1/lib/python3.12/site-packages/airflow/example_dags/example_kubernetes_executor.py
[2025-03-28T18:48:59.584+0000] {processor.py:208} INFO - Processing /usr/local/python/3.12.1/lib/python3.12/site-packages/airflow/example_dags/example_kubernetes_executor.py took 0.014 seconds
[2025-03-28T18:49:54.341+0000] {processor.py:186} INFO - Started process (PID=23263) to work on /usr/local/python/3.12.1/lib/python3.12/site-packages/airflow/example_dags/example_kubernetes_executor.py
[2025-03-28T18:49:54.341+0000] {processor.py:914} INFO - Processing file /usr/local/python/3.12.1/lib/python3.12/site-packages/airflow/example_dags/example_kubernetes_executor.py for tasks to queue
[2025-03-28T18:49:54.342+0000] {logging_mixin.py:190} INFO - [2025-03-28T18:49:54.342+0000] {dagbag.py:588} INFO - Filling up the DagBag from /usr/local/python/3.12.1/lib/python3.12/site-packages/airflow/example_dags/example_kubernetes_executor.py
[2025-03-28T18:49:54.344+0000] {logging_mixin.py:190} INFO - [2025-03-28T18:49:54.344+0000] {example_kubernetes_executor.py:39} WARNING - The example_kubernetes_executor example DAG requires the kubernetes provider. Please install it with: pip install apache-airflow[cncf.kubernetes]
[2025-03-28T18:49:54.344+0000] {processor.py:927} WARNING - No viable dags retrieved from /usr/local/python/3.12.1/lib/python3.12/site-packages/airflow/example_dags/example_kubernetes_executor.py
[2025-03-28T18:49:54.351+0000] {processor.py:208} INFO - Processing /usr/local/python/3.12.1/lib/python3.12/site-packages/airflow/example_dags/example_kubernetes_executor.py took 0.014 seconds
[2025-03-28T18:50:52.592+0000] {processor.py:186} INFO - Started process (PID=23733) to work on /usr/local/python/3.12.1/lib/python3.12/site-packages/airflow/example_dags/example_kubernetes_executor.py
[2025-03-28T18:50:52.592+0000] {processor.py:914} INFO - Processing file /usr/local/python/3.12.1/lib/python3.12/site-packages/airflow/example_dags/example_kubernetes_executor.py for tasks to queue
[2025-03-28T18:50:52.593+0000] {logging_mixin.py:190} INFO - [2025-03-28T18:50:52.593+0000] {dagbag.py:588} INFO - Filling up the DagBag from /usr/local/python/3.12.1/lib/python3.12/site-packages/airflow/example_dags/example_kubernetes_executor.py
[2025-03-28T18:50:52.595+0000] {logging_mixin.py:190} INFO - [2025-03-28T18:50:52.595+0000] {example_kubernetes_executor.py:39} WARNING - The example_kubernetes_executor example DAG requires the kubernetes provider. Please install it with: pip install apache-airflow[cncf.kubernetes]
[2025-03-28T18:50:52.595+0000] {processor.py:927} WARNING - No viable dags retrieved from /usr/local/python/3.12.1/lib/python3.12/site-packages/airflow/example_dags/example_kubernetes_executor.py
[2025-03-28T18:50:52.602+0000] {processor.py:208} INFO - Processing /usr/local/python/3.12.1/lib/python3.12/site-packages/airflow/example_dags/example_kubernetes_executor.py took 0.014 seconds
[2025-03-28T18:53:22.774+0000] {processor.py:186} INFO - Started process (PID=25210) to work on /usr/local/python/3.12.1/lib/python3.12/site-packages/airflow/example_dags/example_kubernetes_executor.py
[2025-03-28T18:53:22.775+0000] {processor.py:914} INFO - Processing file /usr/local/python/3.12.1/lib/python3.12/site-packages/airflow/example_dags/example_kubernetes_executor.py for tasks to queue
[2025-03-28T18:53:22.776+0000] {logging_mixin.py:190} INFO - [2025-03-28T18:53:22.775+0000] {dagbag.py:588} INFO - Filling up the DagBag from /usr/local/python/3.12.1/lib/python3.12/site-packages/airflow/example_dags/example_kubernetes_executor.py
[2025-03-28T18:53:22.778+0000] {logging_mixin.py:190} INFO - [2025-03-28T18:53:22.778+0000] {example_kubernetes_executor.py:39} WARNING - The example_kubernetes_executor example DAG requires the kubernetes provider. Please install it with: pip install apache-airflow[cncf.kubernetes]
[2025-03-28T18:53:22.778+0000] {processor.py:927} WARNING - No viable dags retrieved from /usr/local/python/3.12.1/lib/python3.12/site-packages/airflow/example_dags/example_kubernetes_executor.py
[2025-03-28T18:53:22.785+0000] {processor.py:208} INFO - Processing /usr/local/python/3.12.1/lib/python3.12/site-packages/airflow/example_dags/example_kubernetes_executor.py took 0.015 seconds
[2025-03-28T18:55:56.487+0000] {processor.py:186} INFO - Started process (PID=26736) to work on /usr/local/python/3.12.1/lib/python3.12/site-packages/airflow/example_dags/example_kubernetes_executor.py
[2025-03-28T18:55:56.488+0000] {processor.py:914} INFO - Processing file /usr/local/python/3.12.1/lib/python3.12/site-packages/airflow/example_dags/example_kubernetes_executor.py for tasks to queue
[2025-03-28T18:55:56.489+0000] {logging_mixin.py:190} INFO - [2025-03-28T18:55:56.489+0000] {dagbag.py:588} INFO - Filling up the DagBag from /usr/local/python/3.12.1/lib/python3.12/site-packages/airflow/example_dags/example_kubernetes_executor.py
[2025-03-28T18:55:56.491+0000] {logging_mixin.py:190} INFO - [2025-03-28T18:55:56.491+0000] {example_kubernetes_executor.py:39} WARNING - The example_kubernetes_executor example DAG requires the kubernetes provider. Please install it with: pip install apache-airflow[cncf.kubernetes]
[2025-03-28T18:55:56.491+0000] {processor.py:927} WARNING - No viable dags retrieved from /usr/local/python/3.12.1/lib/python3.12/site-packages/airflow/example_dags/example_kubernetes_executor.py
[2025-03-28T18:55:56.499+0000] {processor.py:208} INFO - Processing /usr/local/python/3.12.1/lib/python3.12/site-packages/airflow/example_dags/example_kubernetes_executor.py took 0.015 seconds
[2025-03-28T18:58:30.807+0000] {processor.py:186} INFO - Started process (PID=28452) to work on /usr/local/python/3.12.1/lib/python3.12/site-packages/airflow/example_dags/example_kubernetes_executor.py
[2025-03-28T18:58:30.807+0000] {processor.py:914} INFO - Processing file /usr/local/python/3.12.1/lib/python3.12/site-packages/airflow/example_dags/example_kubernetes_executor.py for tasks to queue
[2025-03-28T18:58:30.808+0000] {logging_mixin.py:190} INFO - [2025-03-28T18:58:30.808+0000] {dagbag.py:588} INFO - Filling up the DagBag from /usr/local/python/3.12.1/lib/python3.12/site-packages/airflow/example_dags/example_kubernetes_executor.py
[2025-03-28T18:58:30.810+0000] {logging_mixin.py:190} INFO - [2025-03-28T18:58:30.810+0000] {example_kubernetes_executor.py:39} WARNING - The example_kubernetes_executor example DAG requires the kubernetes provider. Please install it with: pip install apache-airflow[cncf.kubernetes]
[2025-03-28T18:58:30.810+0000] {processor.py:927} WARNING - No viable dags retrieved from /usr/local/python/3.12.1/lib/python3.12/site-packages/airflow/example_dags/example_kubernetes_executor.py
[2025-03-28T18:58:30.817+0000] {processor.py:208} INFO - Processing /usr/local/python/3.12.1/lib/python3.12/site-packages/airflow/example_dags/example_kubernetes_executor.py took 0.014 seconds
[2025-03-28T19:01:06.540+0000] {processor.py:186} INFO - Started process (PID=30071) to work on /usr/local/python/3.12.1/lib/python3.12/site-packages/airflow/example_dags/example_kubernetes_executor.py
[2025-03-28T19:01:06.540+0000] {processor.py:914} INFO - Processing file /usr/local/python/3.12.1/lib/python3.12/site-packages/airflow/example_dags/example_kubernetes_executor.py for tasks to queue
[2025-03-28T19:01:06.541+0000] {logging_mixin.py:190} INFO - [2025-03-28T19:01:06.541+0000] {dagbag.py:588} INFO - Filling up the DagBag from /usr/local/python/3.12.1/lib/python3.12/site-packages/airflow/example_dags/example_kubernetes_executor.py
[2025-03-28T19:01:06.543+0000] {logging_mixin.py:190} INFO - [2025-03-28T19:01:06.543+0000] {example_kubernetes_executor.py:39} WARNING - The example_kubernetes_executor example DAG requires the kubernetes provider. Please install it with: pip install apache-airflow[cncf.kubernetes]
[2025-03-28T19:01:06.543+0000] {processor.py:927} WARNING - No viable dags retrieved from /usr/local/python/3.12.1/lib/python3.12/site-packages/airflow/example_dags/example_kubernetes_executor.py
[2025-03-28T19:01:06.550+0000] {processor.py:208} INFO - Processing /usr/local/python/3.12.1/lib/python3.12/site-packages/airflow/example_dags/example_kubernetes_executor.py took 0.015 seconds
[2025-03-28T19:03:41.672+0000] {processor.py:186} INFO - Started process (PID=31966) to work on /usr/local/python/3.12.1/lib/python3.12/site-packages/airflow/example_dags/example_kubernetes_executor.py
[2025-03-28T19:03:41.673+0000] {processor.py:914} INFO - Processing file /usr/local/python/3.12.1/lib/python3.12/site-packages/airflow/example_dags/example_kubernetes_executor.py for tasks to queue
[2025-03-28T19:03:41.674+0000] {logging_mixin.py:190} INFO - [2025-03-28T19:03:41.673+0000] {dagbag.py:588} INFO - Filling up the DagBag from /usr/local/python/3.12.1/lib/python3.12/site-packages/airflow/example_dags/example_kubernetes_executor.py
[2025-03-28T19:03:41.676+0000] {logging_mixin.py:190} INFO - [2025-03-28T19:03:41.675+0000] {example_kubernetes_executor.py:39} WARNING - The example_kubernetes_executor example DAG requires the kubernetes provider. Please install it with: pip install apache-airflow[cncf.kubernetes]
[2025-03-28T19:03:41.676+0000] {processor.py:927} WARNING - No viable dags retrieved from /usr/local/python/3.12.1/lib/python3.12/site-packages/airflow/example_dags/example_kubernetes_executor.py
[2025-03-28T19:03:41.683+0000] {processor.py:208} INFO - Processing /usr/local/python/3.12.1/lib/python3.12/site-packages/airflow/example_dags/example_kubernetes_executor.py took 0.015 seconds
[2025-03-28T19:06:16.801+0000] {processor.py:186} INFO - Started process (PID=33617) to work on /usr/local/python/3.12.1/lib/python3.12/site-packages/airflow/example_dags/example_kubernetes_executor.py
[2025-03-28T19:06:16.802+0000] {processor.py:914} INFO - Processing file /usr/local/python/3.12.1/lib/python3.12/site-packages/airflow/example_dags/example_kubernetes_executor.py for tasks to queue
[2025-03-28T19:06:16.803+0000] {logging_mixin.py:190} INFO - [2025-03-28T19:06:16.802+0000] {dagbag.py:588} INFO - Filling up the DagBag from /usr/local/python/3.12.1/lib/python3.12/site-packages/airflow/example_dags/example_kubernetes_executor.py
[2025-03-28T19:06:16.805+0000] {logging_mixin.py:190} INFO - [2025-03-28T19:06:16.805+0000] {example_kubernetes_executor.py:39} WARNING - The example_kubernetes_executor example DAG requires the kubernetes provider. Please install it with: pip install apache-airflow[cncf.kubernetes]
[2025-03-28T19:06:16.805+0000] {processor.py:927} WARNING - No viable dags retrieved from /usr/local/python/3.12.1/lib/python3.12/site-packages/airflow/example_dags/example_kubernetes_executor.py
[2025-03-28T19:06:16.812+0000] {processor.py:208} INFO - Processing /usr/local/python/3.12.1/lib/python3.12/site-packages/airflow/example_dags/example_kubernetes_executor.py took 0.015 seconds
[2025-03-28T19:08:54.380+0000] {processor.py:186} INFO - Started process (PID=36519) to work on /usr/local/python/3.12.1/lib/python3.12/site-packages/airflow/example_dags/example_kubernetes_executor.py
[2025-03-28T19:08:54.380+0000] {processor.py:914} INFO - Processing file /usr/local/python/3.12.1/lib/python3.12/site-packages/airflow/example_dags/example_kubernetes_executor.py for tasks to queue
[2025-03-28T19:08:54.381+0000] {logging_mixin.py:190} INFO - [2025-03-28T19:08:54.381+0000] {dagbag.py:588} INFO - Filling up the DagBag from /usr/local/python/3.12.1/lib/python3.12/site-packages/airflow/example_dags/example_kubernetes_executor.py
[2025-03-28T19:08:54.383+0000] {logging_mixin.py:190} INFO - [2025-03-28T19:08:54.383+0000] {example_kubernetes_executor.py:39} WARNING - The example_kubernetes_executor example DAG requires the kubernetes provider. Please install it with: pip install apache-airflow[cncf.kubernetes]
[2025-03-28T19:08:54.383+0000] {processor.py:927} WARNING - No viable dags retrieved from /usr/local/python/3.12.1/lib/python3.12/site-packages/airflow/example_dags/example_kubernetes_executor.py
[2025-03-28T19:08:54.390+0000] {processor.py:208} INFO - Processing /usr/local/python/3.12.1/lib/python3.12/site-packages/airflow/example_dags/example_kubernetes_executor.py took 0.015 seconds
[2025-03-28T19:11:49.065+0000] {processor.py:186} INFO - Started process (PID=38587) to work on /usr/local/python/3.12.1/lib/python3.12/site-packages/airflow/example_dags/example_kubernetes_executor.py
[2025-03-28T19:11:49.066+0000] {processor.py:914} INFO - Processing file /usr/local/python/3.12.1/lib/python3.12/site-packages/airflow/example_dags/example_kubernetes_executor.py for tasks to queue
[2025-03-28T19:11:49.067+0000] {logging_mixin.py:190} INFO - [2025-03-28T19:11:49.067+0000] {dagbag.py:588} INFO - Filling up the DagBag from /usr/local/python/3.12.1/lib/python3.12/site-packages/airflow/example_dags/example_kubernetes_executor.py
[2025-03-28T19:11:49.069+0000] {logging_mixin.py:190} INFO - [2025-03-28T19:11:49.069+0000] {example_kubernetes_executor.py:39} WARNING - The example_kubernetes_executor example DAG requires the kubernetes provider. Please install it with: pip install apache-airflow[cncf.kubernetes]
[2025-03-28T19:11:49.069+0000] {processor.py:927} WARNING - No viable dags retrieved from /usr/local/python/3.12.1/lib/python3.12/site-packages/airflow/example_dags/example_kubernetes_executor.py
[2025-03-28T19:11:49.076+0000] {processor.py:208} INFO - Processing /usr/local/python/3.12.1/lib/python3.12/site-packages/airflow/example_dags/example_kubernetes_executor.py took 0.015 seconds
