[2025-03-28T18:24:08.847+0000] {processor.py:186} INFO - Started process (PID=9173) to work on /usr/local/python/3.12.1/lib/python3.12/site-packages/airflow/example_dags/example_setup_teardown_taskflow.py
[2025-03-28T18:24:08.848+0000] {processor.py:914} INFO - Processing file /usr/local/python/3.12.1/lib/python3.12/site-packages/airflow/example_dags/example_setup_teardown_taskflow.py for tasks to queue
[2025-03-28T18:24:08.849+0000] {logging_mixin.py:190} INFO - [2025-03-28T18:24:08.849+0000] {dagbag.py:588} INFO - Filling up the DagBag from /usr/local/python/3.12.1/lib/python3.12/site-packages/airflow/example_dags/example_setup_teardown_taskflow.py
[2025-03-28T18:24:08.857+0000] {processor.py:925} INFO - DAG(s) 'example_setup_teardown_taskflow' retrieved from /usr/local/python/3.12.1/lib/python3.12/site-packages/airflow/example_dags/example_setup_teardown_taskflow.py
[2025-03-28T18:24:08.951+0000] {logging_mixin.py:190} INFO - [2025-03-28T18:24:08.951+0000] {override.py:1930} INFO - Created Permission View: can edit on DAG:example_setup_teardown_taskflow
[2025-03-28T18:24:08.959+0000] {logging_mixin.py:190} INFO - [2025-03-28T18:24:08.959+0000] {override.py:1930} INFO - Created Permission View: can delete on DAG:example_setup_teardown_taskflow
[2025-03-28T18:24:08.965+0000] {logging_mixin.py:190} INFO - [2025-03-28T18:24:08.965+0000] {override.py:1930} INFO - Created Permission View: can read on DAG:example_setup_teardown_taskflow
[2025-03-28T18:24:08.974+0000] {logging_mixin.py:190} INFO - [2025-03-28T18:24:08.973+0000] {override.py:1930} INFO - Created Permission View: menu access on DAG Run:example_setup_teardown_taskflow
[2025-03-28T18:24:08.979+0000] {logging_mixin.py:190} INFO - [2025-03-28T18:24:08.979+0000] {override.py:1930} INFO - Created Permission View: can create on DAG Run:example_setup_teardown_taskflow
[2025-03-28T18:24:08.984+0000] {logging_mixin.py:190} INFO - [2025-03-28T18:24:08.984+0000] {override.py:1930} INFO - Created Permission View: can delete on DAG Run:example_setup_teardown_taskflow
[2025-03-28T18:24:08.990+0000] {logging_mixin.py:190} INFO - [2025-03-28T18:24:08.989+0000] {override.py:1930} INFO - Created Permission View: can read on DAG Run:example_setup_teardown_taskflow
[2025-03-28T18:24:08.990+0000] {logging_mixin.py:190} INFO - [2025-03-28T18:24:08.990+0000] {dag.py:3239} INFO - Sync 1 DAGs
[2025-03-28T18:24:08.998+0000] {logging_mixin.py:190} INFO - [2025-03-28T18:24:08.998+0000] {dag.py:3262} INFO - Creating ORM DAG for example_setup_teardown_taskflow
[2025-03-28T18:24:08.999+0000] {logging_mixin.py:190} INFO - [2025-03-28T18:24:08.999+0000] {dag.py:4180} INFO - Setting next_dagrun for example_setup_teardown_taskflow to None, run_after=None
[2025-03-28T18:24:09.012+0000] {processor.py:208} INFO - Processing /usr/local/python/3.12.1/lib/python3.12/site-packages/airflow/example_dags/example_setup_teardown_taskflow.py took 0.169 seconds
[2025-03-28T18:25:07.280+0000] {processor.py:186} INFO - Started process (PID=9661) to work on /usr/local/python/3.12.1/lib/python3.12/site-packages/airflow/example_dags/example_setup_teardown_taskflow.py
[2025-03-28T18:25:07.280+0000] {processor.py:914} INFO - Processing file /usr/local/python/3.12.1/lib/python3.12/site-packages/airflow/example_dags/example_setup_teardown_taskflow.py for tasks to queue
[2025-03-28T18:25:07.282+0000] {logging_mixin.py:190} INFO - [2025-03-28T18:25:07.282+0000] {dagbag.py:588} INFO - Filling up the DagBag from /usr/local/python/3.12.1/lib/python3.12/site-packages/airflow/example_dags/example_setup_teardown_taskflow.py
[2025-03-28T18:25:07.290+0000] {processor.py:925} INFO - DAG(s) 'example_setup_teardown_taskflow' retrieved from /usr/local/python/3.12.1/lib/python3.12/site-packages/airflow/example_dags/example_setup_teardown_taskflow.py
[2025-03-28T18:25:07.303+0000] {logging_mixin.py:190} INFO - [2025-03-28T18:25:07.302+0000] {dag.py:3239} INFO - Sync 1 DAGs
[2025-03-28T18:25:07.312+0000] {logging_mixin.py:190} INFO - [2025-03-28T18:25:07.312+0000] {dag.py:4180} INFO - Setting next_dagrun for example_setup_teardown_taskflow to None, run_after=None
[2025-03-28T18:25:07.327+0000] {processor.py:208} INFO - Processing /usr/local/python/3.12.1/lib/python3.12/site-packages/airflow/example_dags/example_setup_teardown_taskflow.py took 0.051 seconds
[2025-03-28T18:26:00.619+0000] {processor.py:186} INFO - Started process (PID=10141) to work on /usr/local/python/3.12.1/lib/python3.12/site-packages/airflow/example_dags/example_setup_teardown_taskflow.py
[2025-03-28T18:26:00.620+0000] {processor.py:914} INFO - Processing file /usr/local/python/3.12.1/lib/python3.12/site-packages/airflow/example_dags/example_setup_teardown_taskflow.py for tasks to queue
[2025-03-28T18:26:00.621+0000] {logging_mixin.py:190} INFO - [2025-03-28T18:26:00.621+0000] {dagbag.py:588} INFO - Filling up the DagBag from /usr/local/python/3.12.1/lib/python3.12/site-packages/airflow/example_dags/example_setup_teardown_taskflow.py
[2025-03-28T18:26:00.631+0000] {processor.py:925} INFO - DAG(s) 'example_setup_teardown_taskflow' retrieved from /usr/local/python/3.12.1/lib/python3.12/site-packages/airflow/example_dags/example_setup_teardown_taskflow.py
[2025-03-28T18:26:00.644+0000] {logging_mixin.py:190} INFO - [2025-03-28T18:26:00.643+0000] {dag.py:3239} INFO - Sync 1 DAGs
[2025-03-28T18:26:00.653+0000] {logging_mixin.py:190} INFO - [2025-03-28T18:26:00.653+0000] {dag.py:4180} INFO - Setting next_dagrun for example_setup_teardown_taskflow to None, run_after=None
[2025-03-28T18:26:00.669+0000] {processor.py:208} INFO - Processing /usr/local/python/3.12.1/lib/python3.12/site-packages/airflow/example_dags/example_setup_teardown_taskflow.py took 0.055 seconds
[2025-03-28T18:28:10.381+0000] {processor.py:186} INFO - Started process (PID=11384) to work on /usr/local/python/3.12.1/lib/python3.12/site-packages/airflow/example_dags/example_setup_teardown_taskflow.py
[2025-03-28T18:28:10.382+0000] {processor.py:914} INFO - Processing file /usr/local/python/3.12.1/lib/python3.12/site-packages/airflow/example_dags/example_setup_teardown_taskflow.py for tasks to queue
[2025-03-28T18:28:10.383+0000] {logging_mixin.py:190} INFO - [2025-03-28T18:28:10.383+0000] {dagbag.py:588} INFO - Filling up the DagBag from /usr/local/python/3.12.1/lib/python3.12/site-packages/airflow/example_dags/example_setup_teardown_taskflow.py
[2025-03-28T18:28:10.391+0000] {processor.py:925} INFO - DAG(s) 'example_setup_teardown_taskflow' retrieved from /usr/local/python/3.12.1/lib/python3.12/site-packages/airflow/example_dags/example_setup_teardown_taskflow.py
[2025-03-28T18:28:10.405+0000] {logging_mixin.py:190} INFO - [2025-03-28T18:28:10.405+0000] {dag.py:3239} INFO - Sync 1 DAGs
[2025-03-28T18:28:10.414+0000] {logging_mixin.py:190} INFO - [2025-03-28T18:28:10.414+0000] {dag.py:4180} INFO - Setting next_dagrun for example_setup_teardown_taskflow to None, run_after=None
[2025-03-28T18:28:10.429+0000] {processor.py:208} INFO - Processing /usr/local/python/3.12.1/lib/python3.12/site-packages/airflow/example_dags/example_setup_teardown_taskflow.py took 0.051 seconds
[2025-03-28T18:29:04.284+0000] {processor.py:186} INFO - Started process (PID=11807) to work on /usr/local/python/3.12.1/lib/python3.12/site-packages/airflow/example_dags/example_setup_teardown_taskflow.py
[2025-03-28T18:29:04.285+0000] {processor.py:914} INFO - Processing file /usr/local/python/3.12.1/lib/python3.12/site-packages/airflow/example_dags/example_setup_teardown_taskflow.py for tasks to queue
[2025-03-28T18:29:04.286+0000] {logging_mixin.py:190} INFO - [2025-03-28T18:29:04.286+0000] {dagbag.py:588} INFO - Filling up the DagBag from /usr/local/python/3.12.1/lib/python3.12/site-packages/airflow/example_dags/example_setup_teardown_taskflow.py
[2025-03-28T18:29:04.294+0000] {processor.py:925} INFO - DAG(s) 'example_setup_teardown_taskflow' retrieved from /usr/local/python/3.12.1/lib/python3.12/site-packages/airflow/example_dags/example_setup_teardown_taskflow.py
[2025-03-28T18:29:04.306+0000] {logging_mixin.py:190} INFO - [2025-03-28T18:29:04.306+0000] {dag.py:3239} INFO - Sync 1 DAGs
[2025-03-28T18:29:04.316+0000] {logging_mixin.py:190} INFO - [2025-03-28T18:29:04.315+0000] {dag.py:4180} INFO - Setting next_dagrun for example_setup_teardown_taskflow to None, run_after=None
[2025-03-28T18:29:04.330+0000] {processor.py:208} INFO - Processing /usr/local/python/3.12.1/lib/python3.12/site-packages/airflow/example_dags/example_setup_teardown_taskflow.py took 0.050 seconds
[2025-03-28T18:29:57.819+0000] {processor.py:186} INFO - Started process (PID=12283) to work on /usr/local/python/3.12.1/lib/python3.12/site-packages/airflow/example_dags/example_setup_teardown_taskflow.py
[2025-03-28T18:29:57.820+0000] {processor.py:914} INFO - Processing file /usr/local/python/3.12.1/lib/python3.12/site-packages/airflow/example_dags/example_setup_teardown_taskflow.py for tasks to queue
[2025-03-28T18:29:57.821+0000] {logging_mixin.py:190} INFO - [2025-03-28T18:29:57.821+0000] {dagbag.py:588} INFO - Filling up the DagBag from /usr/local/python/3.12.1/lib/python3.12/site-packages/airflow/example_dags/example_setup_teardown_taskflow.py
[2025-03-28T18:29:57.830+0000] {processor.py:925} INFO - DAG(s) 'example_setup_teardown_taskflow' retrieved from /usr/local/python/3.12.1/lib/python3.12/site-packages/airflow/example_dags/example_setup_teardown_taskflow.py
[2025-03-28T18:29:57.842+0000] {logging_mixin.py:190} INFO - [2025-03-28T18:29:57.842+0000] {dag.py:3239} INFO - Sync 1 DAGs
[2025-03-28T18:29:57.851+0000] {logging_mixin.py:190} INFO - [2025-03-28T18:29:57.851+0000] {dag.py:4180} INFO - Setting next_dagrun for example_setup_teardown_taskflow to None, run_after=None
[2025-03-28T18:29:57.866+0000] {processor.py:208} INFO - Processing /usr/local/python/3.12.1/lib/python3.12/site-packages/airflow/example_dags/example_setup_teardown_taskflow.py took 0.051 seconds
[2025-03-28T18:30:49.164+0000] {processor.py:186} INFO - Started process (PID=12699) to work on /usr/local/python/3.12.1/lib/python3.12/site-packages/airflow/example_dags/example_setup_teardown_taskflow.py
[2025-03-28T18:30:49.165+0000] {processor.py:914} INFO - Processing file /usr/local/python/3.12.1/lib/python3.12/site-packages/airflow/example_dags/example_setup_teardown_taskflow.py for tasks to queue
[2025-03-28T18:30:49.166+0000] {logging_mixin.py:190} INFO - [2025-03-28T18:30:49.166+0000] {dagbag.py:588} INFO - Filling up the DagBag from /usr/local/python/3.12.1/lib/python3.12/site-packages/airflow/example_dags/example_setup_teardown_taskflow.py
[2025-03-28T18:30:49.174+0000] {processor.py:925} INFO - DAG(s) 'example_setup_teardown_taskflow' retrieved from /usr/local/python/3.12.1/lib/python3.12/site-packages/airflow/example_dags/example_setup_teardown_taskflow.py
[2025-03-28T18:30:49.186+0000] {logging_mixin.py:190} INFO - [2025-03-28T18:30:49.186+0000] {dag.py:3239} INFO - Sync 1 DAGs
[2025-03-28T18:30:49.196+0000] {logging_mixin.py:190} INFO - [2025-03-28T18:30:49.196+0000] {dag.py:4180} INFO - Setting next_dagrun for example_setup_teardown_taskflow to None, run_after=None
[2025-03-28T18:30:49.211+0000] {processor.py:208} INFO - Processing /usr/local/python/3.12.1/lib/python3.12/site-packages/airflow/example_dags/example_setup_teardown_taskflow.py took 0.050 seconds
[2025-03-28T18:31:36.884+0000] {processor.py:186} INFO - Started process (PID=13092) to work on /usr/local/python/3.12.1/lib/python3.12/site-packages/airflow/example_dags/example_setup_teardown_taskflow.py
[2025-03-28T18:31:36.884+0000] {processor.py:914} INFO - Processing file /usr/local/python/3.12.1/lib/python3.12/site-packages/airflow/example_dags/example_setup_teardown_taskflow.py for tasks to queue
[2025-03-28T18:31:36.886+0000] {logging_mixin.py:190} INFO - [2025-03-28T18:31:36.885+0000] {dagbag.py:588} INFO - Filling up the DagBag from /usr/local/python/3.12.1/lib/python3.12/site-packages/airflow/example_dags/example_setup_teardown_taskflow.py
[2025-03-28T18:31:36.894+0000] {processor.py:925} INFO - DAG(s) 'example_setup_teardown_taskflow' retrieved from /usr/local/python/3.12.1/lib/python3.12/site-packages/airflow/example_dags/example_setup_teardown_taskflow.py
[2025-03-28T18:31:36.906+0000] {logging_mixin.py:190} INFO - [2025-03-28T18:31:36.906+0000] {dag.py:3239} INFO - Sync 1 DAGs
[2025-03-28T18:31:36.916+0000] {logging_mixin.py:190} INFO - [2025-03-28T18:31:36.916+0000] {dag.py:4180} INFO - Setting next_dagrun for example_setup_teardown_taskflow to None, run_after=None
[2025-03-28T18:31:36.931+0000] {processor.py:208} INFO - Processing /usr/local/python/3.12.1/lib/python3.12/site-packages/airflow/example_dags/example_setup_teardown_taskflow.py took 0.051 seconds
[2025-03-28T18:32:26.967+0000] {processor.py:186} INFO - Started process (PID=13591) to work on /usr/local/python/3.12.1/lib/python3.12/site-packages/airflow/example_dags/example_setup_teardown_taskflow.py
[2025-03-28T18:32:26.968+0000] {processor.py:914} INFO - Processing file /usr/local/python/3.12.1/lib/python3.12/site-packages/airflow/example_dags/example_setup_teardown_taskflow.py for tasks to queue
[2025-03-28T18:32:26.970+0000] {logging_mixin.py:190} INFO - [2025-03-28T18:32:26.969+0000] {dagbag.py:588} INFO - Filling up the DagBag from /usr/local/python/3.12.1/lib/python3.12/site-packages/airflow/example_dags/example_setup_teardown_taskflow.py
[2025-03-28T18:32:26.977+0000] {processor.py:925} INFO - DAG(s) 'example_setup_teardown_taskflow' retrieved from /usr/local/python/3.12.1/lib/python3.12/site-packages/airflow/example_dags/example_setup_teardown_taskflow.py
[2025-03-28T18:32:26.990+0000] {logging_mixin.py:190} INFO - [2025-03-28T18:32:26.990+0000] {dag.py:3239} INFO - Sync 1 DAGs
[2025-03-28T18:32:26.999+0000] {logging_mixin.py:190} INFO - [2025-03-28T18:32:26.999+0000] {dag.py:4180} INFO - Setting next_dagrun for example_setup_teardown_taskflow to None, run_after=None
[2025-03-28T18:32:27.016+0000] {processor.py:208} INFO - Processing /usr/local/python/3.12.1/lib/python3.12/site-packages/airflow/example_dags/example_setup_teardown_taskflow.py took 0.053 seconds
[2025-03-28T18:33:15.370+0000] {processor.py:186} INFO - Started process (PID=14045) to work on /usr/local/python/3.12.1/lib/python3.12/site-packages/airflow/example_dags/example_setup_teardown_taskflow.py
[2025-03-28T18:33:15.370+0000] {processor.py:914} INFO - Processing file /usr/local/python/3.12.1/lib/python3.12/site-packages/airflow/example_dags/example_setup_teardown_taskflow.py for tasks to queue
[2025-03-28T18:33:15.372+0000] {logging_mixin.py:190} INFO - [2025-03-28T18:33:15.371+0000] {dagbag.py:588} INFO - Filling up the DagBag from /usr/local/python/3.12.1/lib/python3.12/site-packages/airflow/example_dags/example_setup_teardown_taskflow.py
[2025-03-28T18:33:15.380+0000] {processor.py:925} INFO - DAG(s) 'example_setup_teardown_taskflow' retrieved from /usr/local/python/3.12.1/lib/python3.12/site-packages/airflow/example_dags/example_setup_teardown_taskflow.py
[2025-03-28T18:33:15.393+0000] {logging_mixin.py:190} INFO - [2025-03-28T18:33:15.393+0000] {dag.py:3239} INFO - Sync 1 DAGs
[2025-03-28T18:33:15.402+0000] {logging_mixin.py:190} INFO - [2025-03-28T18:33:15.402+0000] {dag.py:4180} INFO - Setting next_dagrun for example_setup_teardown_taskflow to None, run_after=None
[2025-03-28T18:33:15.417+0000] {processor.py:208} INFO - Processing /usr/local/python/3.12.1/lib/python3.12/site-packages/airflow/example_dags/example_setup_teardown_taskflow.py took 0.051 seconds
[2025-03-28T18:34:06.260+0000] {processor.py:186} INFO - Started process (PID=14500) to work on /usr/local/python/3.12.1/lib/python3.12/site-packages/airflow/example_dags/example_setup_teardown_taskflow.py
[2025-03-28T18:34:06.261+0000] {processor.py:914} INFO - Processing file /usr/local/python/3.12.1/lib/python3.12/site-packages/airflow/example_dags/example_setup_teardown_taskflow.py for tasks to queue
[2025-03-28T18:34:06.262+0000] {logging_mixin.py:190} INFO - [2025-03-28T18:34:06.262+0000] {dagbag.py:588} INFO - Filling up the DagBag from /usr/local/python/3.12.1/lib/python3.12/site-packages/airflow/example_dags/example_setup_teardown_taskflow.py
[2025-03-28T18:34:06.271+0000] {processor.py:925} INFO - DAG(s) 'example_setup_teardown_taskflow' retrieved from /usr/local/python/3.12.1/lib/python3.12/site-packages/airflow/example_dags/example_setup_teardown_taskflow.py
[2025-03-28T18:34:06.284+0000] {logging_mixin.py:190} INFO - [2025-03-28T18:34:06.284+0000] {dag.py:3239} INFO - Sync 1 DAGs
[2025-03-28T18:34:06.295+0000] {logging_mixin.py:190} INFO - [2025-03-28T18:34:06.295+0000] {dag.py:4180} INFO - Setting next_dagrun for example_setup_teardown_taskflow to None, run_after=None
[2025-03-28T18:34:06.310+0000] {processor.py:208} INFO - Processing /usr/local/python/3.12.1/lib/python3.12/site-packages/airflow/example_dags/example_setup_teardown_taskflow.py took 0.053 seconds
[2025-03-28T18:34:55.512+0000] {processor.py:186} INFO - Started process (PID=14898) to work on /usr/local/python/3.12.1/lib/python3.12/site-packages/airflow/example_dags/example_setup_teardown_taskflow.py
[2025-03-28T18:34:55.512+0000] {processor.py:914} INFO - Processing file /usr/local/python/3.12.1/lib/python3.12/site-packages/airflow/example_dags/example_setup_teardown_taskflow.py for tasks to queue
[2025-03-28T18:34:55.514+0000] {logging_mixin.py:190} INFO - [2025-03-28T18:34:55.513+0000] {dagbag.py:588} INFO - Filling up the DagBag from /usr/local/python/3.12.1/lib/python3.12/site-packages/airflow/example_dags/example_setup_teardown_taskflow.py
[2025-03-28T18:34:55.522+0000] {processor.py:925} INFO - DAG(s) 'example_setup_teardown_taskflow' retrieved from /usr/local/python/3.12.1/lib/python3.12/site-packages/airflow/example_dags/example_setup_teardown_taskflow.py
[2025-03-28T18:34:55.534+0000] {logging_mixin.py:190} INFO - [2025-03-28T18:34:55.534+0000] {dag.py:3239} INFO - Sync 1 DAGs
[2025-03-28T18:34:55.543+0000] {logging_mixin.py:190} INFO - [2025-03-28T18:34:55.543+0000] {dag.py:4180} INFO - Setting next_dagrun for example_setup_teardown_taskflow to None, run_after=None
[2025-03-28T18:34:55.557+0000] {processor.py:208} INFO - Processing /usr/local/python/3.12.1/lib/python3.12/site-packages/airflow/example_dags/example_setup_teardown_taskflow.py took 0.049 seconds
[2025-03-28T18:35:46.162+0000] {processor.py:186} INFO - Started process (PID=15346) to work on /usr/local/python/3.12.1/lib/python3.12/site-packages/airflow/example_dags/example_setup_teardown_taskflow.py
[2025-03-28T18:35:46.163+0000] {processor.py:914} INFO - Processing file /usr/local/python/3.12.1/lib/python3.12/site-packages/airflow/example_dags/example_setup_teardown_taskflow.py for tasks to queue
[2025-03-28T18:35:46.164+0000] {logging_mixin.py:190} INFO - [2025-03-28T18:35:46.164+0000] {dagbag.py:588} INFO - Filling up the DagBag from /usr/local/python/3.12.1/lib/python3.12/site-packages/airflow/example_dags/example_setup_teardown_taskflow.py
[2025-03-28T18:35:46.172+0000] {processor.py:925} INFO - DAG(s) 'example_setup_teardown_taskflow' retrieved from /usr/local/python/3.12.1/lib/python3.12/site-packages/airflow/example_dags/example_setup_teardown_taskflow.py
[2025-03-28T18:35:46.184+0000] {logging_mixin.py:190} INFO - [2025-03-28T18:35:46.184+0000] {dag.py:3239} INFO - Sync 1 DAGs
[2025-03-28T18:35:46.194+0000] {logging_mixin.py:190} INFO - [2025-03-28T18:35:46.194+0000] {dag.py:4180} INFO - Setting next_dagrun for example_setup_teardown_taskflow to None, run_after=None
[2025-03-28T18:35:46.209+0000] {processor.py:208} INFO - Processing /usr/local/python/3.12.1/lib/python3.12/site-packages/airflow/example_dags/example_setup_teardown_taskflow.py took 0.051 seconds
[2025-03-28T18:36:36.308+0000] {processor.py:186} INFO - Started process (PID=15817) to work on /usr/local/python/3.12.1/lib/python3.12/site-packages/airflow/example_dags/example_setup_teardown_taskflow.py
[2025-03-28T18:36:36.309+0000] {processor.py:914} INFO - Processing file /usr/local/python/3.12.1/lib/python3.12/site-packages/airflow/example_dags/example_setup_teardown_taskflow.py for tasks to queue
[2025-03-28T18:36:36.310+0000] {logging_mixin.py:190} INFO - [2025-03-28T18:36:36.310+0000] {dagbag.py:588} INFO - Filling up the DagBag from /usr/local/python/3.12.1/lib/python3.12/site-packages/airflow/example_dags/example_setup_teardown_taskflow.py
[2025-03-28T18:36:36.318+0000] {processor.py:925} INFO - DAG(s) 'example_setup_teardown_taskflow' retrieved from /usr/local/python/3.12.1/lib/python3.12/site-packages/airflow/example_dags/example_setup_teardown_taskflow.py
[2025-03-28T18:36:36.330+0000] {logging_mixin.py:190} INFO - [2025-03-28T18:36:36.330+0000] {dag.py:3239} INFO - Sync 1 DAGs
[2025-03-28T18:36:36.340+0000] {logging_mixin.py:190} INFO - [2025-03-28T18:36:36.340+0000] {dag.py:4180} INFO - Setting next_dagrun for example_setup_teardown_taskflow to None, run_after=None
[2025-03-28T18:36:36.355+0000] {processor.py:208} INFO - Processing /usr/local/python/3.12.1/lib/python3.12/site-packages/airflow/example_dags/example_setup_teardown_taskflow.py took 0.051 seconds
[2025-03-28T18:37:42.901+0000] {processor.py:186} INFO - Started process (PID=16641) to work on /usr/local/python/3.12.1/lib/python3.12/site-packages/airflow/example_dags/example_setup_teardown_taskflow.py
[2025-03-28T18:37:42.902+0000] {processor.py:914} INFO - Processing file /usr/local/python/3.12.1/lib/python3.12/site-packages/airflow/example_dags/example_setup_teardown_taskflow.py for tasks to queue
[2025-03-28T18:37:42.903+0000] {logging_mixin.py:190} INFO - [2025-03-28T18:37:42.903+0000] {dagbag.py:588} INFO - Filling up the DagBag from /usr/local/python/3.12.1/lib/python3.12/site-packages/airflow/example_dags/example_setup_teardown_taskflow.py
[2025-03-28T18:37:42.911+0000] {processor.py:925} INFO - DAG(s) 'example_setup_teardown_taskflow' retrieved from /usr/local/python/3.12.1/lib/python3.12/site-packages/airflow/example_dags/example_setup_teardown_taskflow.py
[2025-03-28T18:37:42.929+0000] {logging_mixin.py:190} INFO - [2025-03-28T18:37:42.929+0000] {dag.py:3239} INFO - Sync 1 DAGs
[2025-03-28T18:37:42.938+0000] {logging_mixin.py:190} INFO - [2025-03-28T18:37:42.938+0000] {dag.py:4180} INFO - Setting next_dagrun for example_setup_teardown_taskflow to None, run_after=None
[2025-03-28T18:37:42.953+0000] {processor.py:208} INFO - Processing /usr/local/python/3.12.1/lib/python3.12/site-packages/airflow/example_dags/example_setup_teardown_taskflow.py took 0.055 seconds
[2025-03-28T18:38:38.087+0000] {processor.py:186} INFO - Started process (PID=17128) to work on /usr/local/python/3.12.1/lib/python3.12/site-packages/airflow/example_dags/example_setup_teardown_taskflow.py
[2025-03-28T18:38:38.087+0000] {processor.py:914} INFO - Processing file /usr/local/python/3.12.1/lib/python3.12/site-packages/airflow/example_dags/example_setup_teardown_taskflow.py for tasks to queue
[2025-03-28T18:38:38.089+0000] {logging_mixin.py:190} INFO - [2025-03-28T18:38:38.088+0000] {dagbag.py:588} INFO - Filling up the DagBag from /usr/local/python/3.12.1/lib/python3.12/site-packages/airflow/example_dags/example_setup_teardown_taskflow.py
[2025-03-28T18:38:38.097+0000] {processor.py:925} INFO - DAG(s) 'example_setup_teardown_taskflow' retrieved from /usr/local/python/3.12.1/lib/python3.12/site-packages/airflow/example_dags/example_setup_teardown_taskflow.py
[2025-03-28T18:38:38.109+0000] {logging_mixin.py:190} INFO - [2025-03-28T18:38:38.109+0000] {dag.py:3239} INFO - Sync 1 DAGs
[2025-03-28T18:38:38.119+0000] {logging_mixin.py:190} INFO - [2025-03-28T18:38:38.118+0000] {dag.py:4180} INFO - Setting next_dagrun for example_setup_teardown_taskflow to None, run_after=None
[2025-03-28T18:38:38.133+0000] {processor.py:208} INFO - Processing /usr/local/python/3.12.1/lib/python3.12/site-packages/airflow/example_dags/example_setup_teardown_taskflow.py took 0.050 seconds
[2025-03-28T18:39:30.295+0000] {processor.py:186} INFO - Started process (PID=17570) to work on /usr/local/python/3.12.1/lib/python3.12/site-packages/airflow/example_dags/example_setup_teardown_taskflow.py
[2025-03-28T18:39:30.295+0000] {processor.py:914} INFO - Processing file /usr/local/python/3.12.1/lib/python3.12/site-packages/airflow/example_dags/example_setup_teardown_taskflow.py for tasks to queue
[2025-03-28T18:39:30.296+0000] {logging_mixin.py:190} INFO - [2025-03-28T18:39:30.296+0000] {dagbag.py:588} INFO - Filling up the DagBag from /usr/local/python/3.12.1/lib/python3.12/site-packages/airflow/example_dags/example_setup_teardown_taskflow.py
[2025-03-28T18:39:30.304+0000] {processor.py:925} INFO - DAG(s) 'example_setup_teardown_taskflow' retrieved from /usr/local/python/3.12.1/lib/python3.12/site-packages/airflow/example_dags/example_setup_teardown_taskflow.py
[2025-03-28T18:39:30.316+0000] {logging_mixin.py:190} INFO - [2025-03-28T18:39:30.316+0000] {dag.py:3239} INFO - Sync 1 DAGs
[2025-03-28T18:39:30.326+0000] {logging_mixin.py:190} INFO - [2025-03-28T18:39:30.326+0000] {dag.py:4180} INFO - Setting next_dagrun for example_setup_teardown_taskflow to None, run_after=None
[2025-03-28T18:39:30.340+0000] {processor.py:208} INFO - Processing /usr/local/python/3.12.1/lib/python3.12/site-packages/airflow/example_dags/example_setup_teardown_taskflow.py took 0.050 seconds
[2025-03-28T18:40:33.102+0000] {processor.py:186} INFO - Started process (PID=18291) to work on /usr/local/python/3.12.1/lib/python3.12/site-packages/airflow/example_dags/example_setup_teardown_taskflow.py
[2025-03-28T18:40:33.103+0000] {processor.py:914} INFO - Processing file /usr/local/python/3.12.1/lib/python3.12/site-packages/airflow/example_dags/example_setup_teardown_taskflow.py for tasks to queue
[2025-03-28T18:40:33.104+0000] {logging_mixin.py:190} INFO - [2025-03-28T18:40:33.104+0000] {dagbag.py:588} INFO - Filling up the DagBag from /usr/local/python/3.12.1/lib/python3.12/site-packages/airflow/example_dags/example_setup_teardown_taskflow.py
[2025-03-28T18:40:33.112+0000] {processor.py:925} INFO - DAG(s) 'example_setup_teardown_taskflow' retrieved from /usr/local/python/3.12.1/lib/python3.12/site-packages/airflow/example_dags/example_setup_teardown_taskflow.py
[2025-03-28T18:40:33.126+0000] {logging_mixin.py:190} INFO - [2025-03-28T18:40:33.126+0000] {dag.py:3239} INFO - Sync 1 DAGs
[2025-03-28T18:40:33.135+0000] {logging_mixin.py:190} INFO - [2025-03-28T18:40:33.135+0000] {dag.py:4180} INFO - Setting next_dagrun for example_setup_teardown_taskflow to None, run_after=None
[2025-03-28T18:40:33.150+0000] {processor.py:208} INFO - Processing /usr/local/python/3.12.1/lib/python3.12/site-packages/airflow/example_dags/example_setup_teardown_taskflow.py took 0.052 seconds
[2025-03-28T18:41:26.242+0000] {processor.py:186} INFO - Started process (PID=18870) to work on /usr/local/python/3.12.1/lib/python3.12/site-packages/airflow/example_dags/example_setup_teardown_taskflow.py
[2025-03-28T18:41:26.243+0000] {processor.py:914} INFO - Processing file /usr/local/python/3.12.1/lib/python3.12/site-packages/airflow/example_dags/example_setup_teardown_taskflow.py for tasks to queue
[2025-03-28T18:41:26.244+0000] {logging_mixin.py:190} INFO - [2025-03-28T18:41:26.244+0000] {dagbag.py:588} INFO - Filling up the DagBag from /usr/local/python/3.12.1/lib/python3.12/site-packages/airflow/example_dags/example_setup_teardown_taskflow.py
[2025-03-28T18:41:26.252+0000] {processor.py:925} INFO - DAG(s) 'example_setup_teardown_taskflow' retrieved from /usr/local/python/3.12.1/lib/python3.12/site-packages/airflow/example_dags/example_setup_teardown_taskflow.py
[2025-03-28T18:41:26.266+0000] {logging_mixin.py:190} INFO - [2025-03-28T18:41:26.266+0000] {dag.py:3239} INFO - Sync 1 DAGs
[2025-03-28T18:41:26.275+0000] {logging_mixin.py:190} INFO - [2025-03-28T18:41:26.275+0000] {dag.py:4180} INFO - Setting next_dagrun for example_setup_teardown_taskflow to None, run_after=None
[2025-03-28T18:41:26.290+0000] {processor.py:208} INFO - Processing /usr/local/python/3.12.1/lib/python3.12/site-packages/airflow/example_dags/example_setup_teardown_taskflow.py took 0.052 seconds
[2025-03-28T18:42:23.346+0000] {processor.py:186} INFO - Started process (PID=19394) to work on /usr/local/python/3.12.1/lib/python3.12/site-packages/airflow/example_dags/example_setup_teardown_taskflow.py
[2025-03-28T18:42:23.347+0000] {processor.py:914} INFO - Processing file /usr/local/python/3.12.1/lib/python3.12/site-packages/airflow/example_dags/example_setup_teardown_taskflow.py for tasks to queue
[2025-03-28T18:42:23.349+0000] {logging_mixin.py:190} INFO - [2025-03-28T18:42:23.348+0000] {dagbag.py:588} INFO - Filling up the DagBag from /usr/local/python/3.12.1/lib/python3.12/site-packages/airflow/example_dags/example_setup_teardown_taskflow.py
[2025-03-28T18:42:23.357+0000] {processor.py:925} INFO - DAG(s) 'example_setup_teardown_taskflow' retrieved from /usr/local/python/3.12.1/lib/python3.12/site-packages/airflow/example_dags/example_setup_teardown_taskflow.py
[2025-03-28T18:42:23.369+0000] {logging_mixin.py:190} INFO - [2025-03-28T18:42:23.369+0000] {dag.py:3239} INFO - Sync 1 DAGs
[2025-03-28T18:42:23.379+0000] {logging_mixin.py:190} INFO - [2025-03-28T18:42:23.379+0000] {dag.py:4180} INFO - Setting next_dagrun for example_setup_teardown_taskflow to None, run_after=None
[2025-03-28T18:42:23.394+0000] {processor.py:208} INFO - Processing /usr/local/python/3.12.1/lib/python3.12/site-packages/airflow/example_dags/example_setup_teardown_taskflow.py took 0.052 seconds
[2025-03-28T18:43:18.147+0000] {processor.py:186} INFO - Started process (PID=19872) to work on /usr/local/python/3.12.1/lib/python3.12/site-packages/airflow/example_dags/example_setup_teardown_taskflow.py
[2025-03-28T18:43:18.147+0000] {processor.py:914} INFO - Processing file /usr/local/python/3.12.1/lib/python3.12/site-packages/airflow/example_dags/example_setup_teardown_taskflow.py for tasks to queue
[2025-03-28T18:43:18.149+0000] {logging_mixin.py:190} INFO - [2025-03-28T18:43:18.148+0000] {dagbag.py:588} INFO - Filling up the DagBag from /usr/local/python/3.12.1/lib/python3.12/site-packages/airflow/example_dags/example_setup_teardown_taskflow.py
[2025-03-28T18:43:18.157+0000] {processor.py:925} INFO - DAG(s) 'example_setup_teardown_taskflow' retrieved from /usr/local/python/3.12.1/lib/python3.12/site-packages/airflow/example_dags/example_setup_teardown_taskflow.py
[2025-03-28T18:43:18.169+0000] {logging_mixin.py:190} INFO - [2025-03-28T18:43:18.169+0000] {dag.py:3239} INFO - Sync 1 DAGs
[2025-03-28T18:43:18.178+0000] {logging_mixin.py:190} INFO - [2025-03-28T18:43:18.178+0000] {dag.py:4180} INFO - Setting next_dagrun for example_setup_teardown_taskflow to None, run_after=None
[2025-03-28T18:43:18.193+0000] {processor.py:208} INFO - Processing /usr/local/python/3.12.1/lib/python3.12/site-packages/airflow/example_dags/example_setup_teardown_taskflow.py took 0.050 seconds
[2025-03-28T18:44:11.713+0000] {processor.py:186} INFO - Started process (PID=20367) to work on /usr/local/python/3.12.1/lib/python3.12/site-packages/airflow/example_dags/example_setup_teardown_taskflow.py
[2025-03-28T18:44:11.714+0000] {processor.py:914} INFO - Processing file /usr/local/python/3.12.1/lib/python3.12/site-packages/airflow/example_dags/example_setup_teardown_taskflow.py for tasks to queue
[2025-03-28T18:44:11.715+0000] {logging_mixin.py:190} INFO - [2025-03-28T18:44:11.715+0000] {dagbag.py:588} INFO - Filling up the DagBag from /usr/local/python/3.12.1/lib/python3.12/site-packages/airflow/example_dags/example_setup_teardown_taskflow.py
[2025-03-28T18:44:11.723+0000] {processor.py:925} INFO - DAG(s) 'example_setup_teardown_taskflow' retrieved from /usr/local/python/3.12.1/lib/python3.12/site-packages/airflow/example_dags/example_setup_teardown_taskflow.py
[2025-03-28T18:44:11.736+0000] {logging_mixin.py:190} INFO - [2025-03-28T18:44:11.736+0000] {dag.py:3239} INFO - Sync 1 DAGs
[2025-03-28T18:44:11.745+0000] {logging_mixin.py:190} INFO - [2025-03-28T18:44:11.745+0000] {dag.py:4180} INFO - Setting next_dagrun for example_setup_teardown_taskflow to None, run_after=None
[2025-03-28T18:44:11.760+0000] {processor.py:208} INFO - Processing /usr/local/python/3.12.1/lib/python3.12/site-packages/airflow/example_dags/example_setup_teardown_taskflow.py took 0.050 seconds
[2025-03-28T18:45:05.393+0000] {processor.py:186} INFO - Started process (PID=20838) to work on /usr/local/python/3.12.1/lib/python3.12/site-packages/airflow/example_dags/example_setup_teardown_taskflow.py
[2025-03-28T18:45:05.393+0000] {processor.py:914} INFO - Processing file /usr/local/python/3.12.1/lib/python3.12/site-packages/airflow/example_dags/example_setup_teardown_taskflow.py for tasks to queue
[2025-03-28T18:45:05.395+0000] {logging_mixin.py:190} INFO - [2025-03-28T18:45:05.394+0000] {dagbag.py:588} INFO - Filling up the DagBag from /usr/local/python/3.12.1/lib/python3.12/site-packages/airflow/example_dags/example_setup_teardown_taskflow.py
[2025-03-28T18:45:05.403+0000] {processor.py:925} INFO - DAG(s) 'example_setup_teardown_taskflow' retrieved from /usr/local/python/3.12.1/lib/python3.12/site-packages/airflow/example_dags/example_setup_teardown_taskflow.py
[2025-03-28T18:45:05.415+0000] {logging_mixin.py:190} INFO - [2025-03-28T18:45:05.415+0000] {dag.py:3239} INFO - Sync 1 DAGs
[2025-03-28T18:45:05.425+0000] {logging_mixin.py:190} INFO - [2025-03-28T18:45:05.425+0000] {dag.py:4180} INFO - Setting next_dagrun for example_setup_teardown_taskflow to None, run_after=None
[2025-03-28T18:45:05.441+0000] {processor.py:208} INFO - Processing /usr/local/python/3.12.1/lib/python3.12/site-packages/airflow/example_dags/example_setup_teardown_taskflow.py took 0.052 seconds
[2025-03-28T18:46:01.334+0000] {processor.py:186} INFO - Started process (PID=21318) to work on /usr/local/python/3.12.1/lib/python3.12/site-packages/airflow/example_dags/example_setup_teardown_taskflow.py
[2025-03-28T18:46:01.334+0000] {processor.py:914} INFO - Processing file /usr/local/python/3.12.1/lib/python3.12/site-packages/airflow/example_dags/example_setup_teardown_taskflow.py for tasks to queue
[2025-03-28T18:46:01.335+0000] {logging_mixin.py:190} INFO - [2025-03-28T18:46:01.335+0000] {dagbag.py:588} INFO - Filling up the DagBag from /usr/local/python/3.12.1/lib/python3.12/site-packages/airflow/example_dags/example_setup_teardown_taskflow.py
[2025-03-28T18:46:01.343+0000] {processor.py:925} INFO - DAG(s) 'example_setup_teardown_taskflow' retrieved from /usr/local/python/3.12.1/lib/python3.12/site-packages/airflow/example_dags/example_setup_teardown_taskflow.py
[2025-03-28T18:46:01.355+0000] {logging_mixin.py:190} INFO - [2025-03-28T18:46:01.355+0000] {dag.py:3239} INFO - Sync 1 DAGs
[2025-03-28T18:46:01.365+0000] {logging_mixin.py:190} INFO - [2025-03-28T18:46:01.365+0000] {dag.py:4180} INFO - Setting next_dagrun for example_setup_teardown_taskflow to None, run_after=None
[2025-03-28T18:46:01.379+0000] {processor.py:208} INFO - Processing /usr/local/python/3.12.1/lib/python3.12/site-packages/airflow/example_dags/example_setup_teardown_taskflow.py took 0.050 seconds
[2025-03-28T18:46:53.828+0000] {processor.py:186} INFO - Started process (PID=21801) to work on /usr/local/python/3.12.1/lib/python3.12/site-packages/airflow/example_dags/example_setup_teardown_taskflow.py
[2025-03-28T18:46:53.828+0000] {processor.py:914} INFO - Processing file /usr/local/python/3.12.1/lib/python3.12/site-packages/airflow/example_dags/example_setup_teardown_taskflow.py for tasks to queue
[2025-03-28T18:46:53.830+0000] {logging_mixin.py:190} INFO - [2025-03-28T18:46:53.830+0000] {dagbag.py:588} INFO - Filling up the DagBag from /usr/local/python/3.12.1/lib/python3.12/site-packages/airflow/example_dags/example_setup_teardown_taskflow.py
[2025-03-28T18:46:53.838+0000] {processor.py:925} INFO - DAG(s) 'example_setup_teardown_taskflow' retrieved from /usr/local/python/3.12.1/lib/python3.12/site-packages/airflow/example_dags/example_setup_teardown_taskflow.py
[2025-03-28T18:46:53.850+0000] {logging_mixin.py:190} INFO - [2025-03-28T18:46:53.850+0000] {dag.py:3239} INFO - Sync 1 DAGs
[2025-03-28T18:46:53.859+0000] {logging_mixin.py:190} INFO - [2025-03-28T18:46:53.859+0000] {dag.py:4180} INFO - Setting next_dagrun for example_setup_teardown_taskflow to None, run_after=None
[2025-03-28T18:46:53.873+0000] {processor.py:208} INFO - Processing /usr/local/python/3.12.1/lib/python3.12/site-packages/airflow/example_dags/example_setup_teardown_taskflow.py took 0.050 seconds
[2025-03-28T18:47:47.354+0000] {processor.py:186} INFO - Started process (PID=22232) to work on /usr/local/python/3.12.1/lib/python3.12/site-packages/airflow/example_dags/example_setup_teardown_taskflow.py
[2025-03-28T18:47:47.355+0000] {processor.py:914} INFO - Processing file /usr/local/python/3.12.1/lib/python3.12/site-packages/airflow/example_dags/example_setup_teardown_taskflow.py for tasks to queue
[2025-03-28T18:47:47.355+0000] {logging_mixin.py:190} INFO - [2025-03-28T18:47:47.355+0000] {dagbag.py:588} INFO - Filling up the DagBag from /usr/local/python/3.12.1/lib/python3.12/site-packages/airflow/example_dags/example_setup_teardown_taskflow.py
[2025-03-28T18:47:47.363+0000] {processor.py:925} INFO - DAG(s) 'example_setup_teardown_taskflow' retrieved from /usr/local/python/3.12.1/lib/python3.12/site-packages/airflow/example_dags/example_setup_teardown_taskflow.py
[2025-03-28T18:47:47.376+0000] {logging_mixin.py:190} INFO - [2025-03-28T18:47:47.375+0000] {dag.py:3239} INFO - Sync 1 DAGs
[2025-03-28T18:47:47.385+0000] {logging_mixin.py:190} INFO - [2025-03-28T18:47:47.385+0000] {dag.py:4180} INFO - Setting next_dagrun for example_setup_teardown_taskflow to None, run_after=None
[2025-03-28T18:47:47.399+0000] {processor.py:208} INFO - Processing /usr/local/python/3.12.1/lib/python3.12/site-packages/airflow/example_dags/example_setup_teardown_taskflow.py took 0.049 seconds
[2025-03-28T18:48:40.444+0000] {processor.py:186} INFO - Started process (PID=22671) to work on /usr/local/python/3.12.1/lib/python3.12/site-packages/airflow/example_dags/example_setup_teardown_taskflow.py
[2025-03-28T18:48:40.445+0000] {processor.py:914} INFO - Processing file /usr/local/python/3.12.1/lib/python3.12/site-packages/airflow/example_dags/example_setup_teardown_taskflow.py for tasks to queue
[2025-03-28T18:48:40.446+0000] {logging_mixin.py:190} INFO - [2025-03-28T18:48:40.445+0000] {dagbag.py:588} INFO - Filling up the DagBag from /usr/local/python/3.12.1/lib/python3.12/site-packages/airflow/example_dags/example_setup_teardown_taskflow.py
[2025-03-28T18:48:40.453+0000] {processor.py:925} INFO - DAG(s) 'example_setup_teardown_taskflow' retrieved from /usr/local/python/3.12.1/lib/python3.12/site-packages/airflow/example_dags/example_setup_teardown_taskflow.py
[2025-03-28T18:48:40.465+0000] {logging_mixin.py:190} INFO - [2025-03-28T18:48:40.465+0000] {dag.py:3239} INFO - Sync 1 DAGs
[2025-03-28T18:48:40.475+0000] {logging_mixin.py:190} INFO - [2025-03-28T18:48:40.475+0000] {dag.py:4180} INFO - Setting next_dagrun for example_setup_teardown_taskflow to None, run_after=None
[2025-03-28T18:48:40.490+0000] {processor.py:208} INFO - Processing /usr/local/python/3.12.1/lib/python3.12/site-packages/airflow/example_dags/example_setup_teardown_taskflow.py took 0.049 seconds
[2025-03-28T18:49:35.940+0000] {processor.py:186} INFO - Started process (PID=23126) to work on /usr/local/python/3.12.1/lib/python3.12/site-packages/airflow/example_dags/example_setup_teardown_taskflow.py
[2025-03-28T18:49:35.940+0000] {processor.py:914} INFO - Processing file /usr/local/python/3.12.1/lib/python3.12/site-packages/airflow/example_dags/example_setup_teardown_taskflow.py for tasks to queue
[2025-03-28T18:49:35.941+0000] {logging_mixin.py:190} INFO - [2025-03-28T18:49:35.941+0000] {dagbag.py:588} INFO - Filling up the DagBag from /usr/local/python/3.12.1/lib/python3.12/site-packages/airflow/example_dags/example_setup_teardown_taskflow.py
[2025-03-28T18:49:35.949+0000] {processor.py:925} INFO - DAG(s) 'example_setup_teardown_taskflow' retrieved from /usr/local/python/3.12.1/lib/python3.12/site-packages/airflow/example_dags/example_setup_teardown_taskflow.py
[2025-03-28T18:49:35.961+0000] {logging_mixin.py:190} INFO - [2025-03-28T18:49:35.961+0000] {dag.py:3239} INFO - Sync 1 DAGs
[2025-03-28T18:49:35.971+0000] {logging_mixin.py:190} INFO - [2025-03-28T18:49:35.971+0000] {dag.py:4180} INFO - Setting next_dagrun for example_setup_teardown_taskflow to None, run_after=None
[2025-03-28T18:49:35.989+0000] {processor.py:208} INFO - Processing /usr/local/python/3.12.1/lib/python3.12/site-packages/airflow/example_dags/example_setup_teardown_taskflow.py took 0.053 seconds
[2025-03-28T18:50:31.915+0000] {processor.py:186} INFO - Started process (PID=23571) to work on /usr/local/python/3.12.1/lib/python3.12/site-packages/airflow/example_dags/example_setup_teardown_taskflow.py
[2025-03-28T18:50:31.915+0000] {processor.py:914} INFO - Processing file /usr/local/python/3.12.1/lib/python3.12/site-packages/airflow/example_dags/example_setup_teardown_taskflow.py for tasks to queue
[2025-03-28T18:50:31.916+0000] {logging_mixin.py:190} INFO - [2025-03-28T18:50:31.916+0000] {dagbag.py:588} INFO - Filling up the DagBag from /usr/local/python/3.12.1/lib/python3.12/site-packages/airflow/example_dags/example_setup_teardown_taskflow.py
[2025-03-28T18:50:31.924+0000] {processor.py:925} INFO - DAG(s) 'example_setup_teardown_taskflow' retrieved from /usr/local/python/3.12.1/lib/python3.12/site-packages/airflow/example_dags/example_setup_teardown_taskflow.py
[2025-03-28T18:50:31.936+0000] {logging_mixin.py:190} INFO - [2025-03-28T18:50:31.936+0000] {dag.py:3239} INFO - Sync 1 DAGs
[2025-03-28T18:50:31.946+0000] {logging_mixin.py:190} INFO - [2025-03-28T18:50:31.946+0000] {dag.py:4180} INFO - Setting next_dagrun for example_setup_teardown_taskflow to None, run_after=None
[2025-03-28T18:50:31.961+0000] {processor.py:208} INFO - Processing /usr/local/python/3.12.1/lib/python3.12/site-packages/airflow/example_dags/example_setup_teardown_taskflow.py took 0.051 seconds
[2025-03-28T18:52:37.377+0000] {processor.py:186} INFO - Started process (PID=24749) to work on /usr/local/python/3.12.1/lib/python3.12/site-packages/airflow/example_dags/example_setup_teardown_taskflow.py
[2025-03-28T18:52:37.378+0000] {processor.py:914} INFO - Processing file /usr/local/python/3.12.1/lib/python3.12/site-packages/airflow/example_dags/example_setup_teardown_taskflow.py for tasks to queue
[2025-03-28T18:52:37.378+0000] {logging_mixin.py:190} INFO - [2025-03-28T18:52:37.378+0000] {dagbag.py:588} INFO - Filling up the DagBag from /usr/local/python/3.12.1/lib/python3.12/site-packages/airflow/example_dags/example_setup_teardown_taskflow.py
[2025-03-28T18:52:37.386+0000] {processor.py:925} INFO - DAG(s) 'example_setup_teardown_taskflow' retrieved from /usr/local/python/3.12.1/lib/python3.12/site-packages/airflow/example_dags/example_setup_teardown_taskflow.py
[2025-03-28T18:52:37.398+0000] {logging_mixin.py:190} INFO - [2025-03-28T18:52:37.398+0000] {dag.py:3239} INFO - Sync 1 DAGs
[2025-03-28T18:52:37.408+0000] {logging_mixin.py:190} INFO - [2025-03-28T18:52:37.408+0000] {dag.py:4180} INFO - Setting next_dagrun for example_setup_teardown_taskflow to None, run_after=None
[2025-03-28T18:52:37.422+0000] {processor.py:208} INFO - Processing /usr/local/python/3.12.1/lib/python3.12/site-packages/airflow/example_dags/example_setup_teardown_taskflow.py took 0.049 seconds
[2025-03-28T18:55:12.229+0000] {processor.py:186} INFO - Started process (PID=26283) to work on /usr/local/python/3.12.1/lib/python3.12/site-packages/airflow/example_dags/example_setup_teardown_taskflow.py
[2025-03-28T18:55:12.230+0000] {processor.py:914} INFO - Processing file /usr/local/python/3.12.1/lib/python3.12/site-packages/airflow/example_dags/example_setup_teardown_taskflow.py for tasks to queue
[2025-03-28T18:55:12.230+0000] {logging_mixin.py:190} INFO - [2025-03-28T18:55:12.230+0000] {dagbag.py:588} INFO - Filling up the DagBag from /usr/local/python/3.12.1/lib/python3.12/site-packages/airflow/example_dags/example_setup_teardown_taskflow.py
[2025-03-28T18:55:12.239+0000] {processor.py:925} INFO - DAG(s) 'example_setup_teardown_taskflow' retrieved from /usr/local/python/3.12.1/lib/python3.12/site-packages/airflow/example_dags/example_setup_teardown_taskflow.py
[2025-03-28T18:55:12.252+0000] {logging_mixin.py:190} INFO - [2025-03-28T18:55:12.252+0000] {dag.py:3239} INFO - Sync 1 DAGs
[2025-03-28T18:55:12.262+0000] {logging_mixin.py:190} INFO - [2025-03-28T18:55:12.262+0000] {dag.py:4180} INFO - Setting next_dagrun for example_setup_teardown_taskflow to None, run_after=None
[2025-03-28T18:55:12.277+0000] {processor.py:208} INFO - Processing /usr/local/python/3.12.1/lib/python3.12/site-packages/airflow/example_dags/example_setup_teardown_taskflow.py took 0.052 seconds
[2025-03-28T18:57:47.083+0000] {processor.py:186} INFO - Started process (PID=27965) to work on /usr/local/python/3.12.1/lib/python3.12/site-packages/airflow/example_dags/example_setup_teardown_taskflow.py
[2025-03-28T18:57:47.083+0000] {processor.py:914} INFO - Processing file /usr/local/python/3.12.1/lib/python3.12/site-packages/airflow/example_dags/example_setup_teardown_taskflow.py for tasks to queue
[2025-03-28T18:57:47.084+0000] {logging_mixin.py:190} INFO - [2025-03-28T18:57:47.084+0000] {dagbag.py:588} INFO - Filling up the DagBag from /usr/local/python/3.12.1/lib/python3.12/site-packages/airflow/example_dags/example_setup_teardown_taskflow.py
[2025-03-28T18:57:47.092+0000] {processor.py:925} INFO - DAG(s) 'example_setup_teardown_taskflow' retrieved from /usr/local/python/3.12.1/lib/python3.12/site-packages/airflow/example_dags/example_setup_teardown_taskflow.py
[2025-03-28T18:57:47.105+0000] {logging_mixin.py:190} INFO - [2025-03-28T18:57:47.104+0000] {dag.py:3239} INFO - Sync 1 DAGs
[2025-03-28T18:57:47.114+0000] {logging_mixin.py:190} INFO - [2025-03-28T18:57:47.114+0000] {dag.py:4180} INFO - Setting next_dagrun for example_setup_teardown_taskflow to None, run_after=None
[2025-03-28T18:57:47.128+0000] {processor.py:208} INFO - Processing /usr/local/python/3.12.1/lib/python3.12/site-packages/airflow/example_dags/example_setup_teardown_taskflow.py took 0.049 seconds
[2025-03-28T19:00:22.124+0000] {processor.py:186} INFO - Started process (PID=29557) to work on /usr/local/python/3.12.1/lib/python3.12/site-packages/airflow/example_dags/example_setup_teardown_taskflow.py
[2025-03-28T19:00:22.125+0000] {processor.py:914} INFO - Processing file /usr/local/python/3.12.1/lib/python3.12/site-packages/airflow/example_dags/example_setup_teardown_taskflow.py for tasks to queue
[2025-03-28T19:00:22.126+0000] {logging_mixin.py:190} INFO - [2025-03-28T19:00:22.126+0000] {dagbag.py:588} INFO - Filling up the DagBag from /usr/local/python/3.12.1/lib/python3.12/site-packages/airflow/example_dags/example_setup_teardown_taskflow.py
[2025-03-28T19:00:22.136+0000] {processor.py:925} INFO - DAG(s) 'example_setup_teardown_taskflow' retrieved from /usr/local/python/3.12.1/lib/python3.12/site-packages/airflow/example_dags/example_setup_teardown_taskflow.py
[2025-03-28T19:00:22.151+0000] {logging_mixin.py:190} INFO - [2025-03-28T19:00:22.151+0000] {dag.py:3239} INFO - Sync 1 DAGs
[2025-03-28T19:00:22.163+0000] {logging_mixin.py:190} INFO - [2025-03-28T19:00:22.162+0000] {dag.py:4180} INFO - Setting next_dagrun for example_setup_teardown_taskflow to None, run_after=None
[2025-03-28T19:00:22.178+0000] {processor.py:208} INFO - Processing /usr/local/python/3.12.1/lib/python3.12/site-packages/airflow/example_dags/example_setup_teardown_taskflow.py took 0.059 seconds
[2025-03-28T19:02:57.777+0000] {processor.py:186} INFO - Started process (PID=31525) to work on /usr/local/python/3.12.1/lib/python3.12/site-packages/airflow/example_dags/example_setup_teardown_taskflow.py
[2025-03-28T19:02:57.777+0000] {processor.py:914} INFO - Processing file /usr/local/python/3.12.1/lib/python3.12/site-packages/airflow/example_dags/example_setup_teardown_taskflow.py for tasks to queue
[2025-03-28T19:02:57.778+0000] {logging_mixin.py:190} INFO - [2025-03-28T19:02:57.778+0000] {dagbag.py:588} INFO - Filling up the DagBag from /usr/local/python/3.12.1/lib/python3.12/site-packages/airflow/example_dags/example_setup_teardown_taskflow.py
[2025-03-28T19:02:57.786+0000] {processor.py:925} INFO - DAG(s) 'example_setup_teardown_taskflow' retrieved from /usr/local/python/3.12.1/lib/python3.12/site-packages/airflow/example_dags/example_setup_teardown_taskflow.py
[2025-03-28T19:02:57.798+0000] {logging_mixin.py:190} INFO - [2025-03-28T19:02:57.798+0000] {dag.py:3239} INFO - Sync 1 DAGs
[2025-03-28T19:02:57.808+0000] {logging_mixin.py:190} INFO - [2025-03-28T19:02:57.808+0000] {dag.py:4180} INFO - Setting next_dagrun for example_setup_teardown_taskflow to None, run_after=None
[2025-03-28T19:02:57.823+0000] {processor.py:208} INFO - Processing /usr/local/python/3.12.1/lib/python3.12/site-packages/airflow/example_dags/example_setup_teardown_taskflow.py took 0.050 seconds
[2025-03-28T19:05:33.059+0000] {processor.py:186} INFO - Started process (PID=33195) to work on /usr/local/python/3.12.1/lib/python3.12/site-packages/airflow/example_dags/example_setup_teardown_taskflow.py
[2025-03-28T19:05:33.059+0000] {processor.py:914} INFO - Processing file /usr/local/python/3.12.1/lib/python3.12/site-packages/airflow/example_dags/example_setup_teardown_taskflow.py for tasks to queue
[2025-03-28T19:05:33.060+0000] {logging_mixin.py:190} INFO - [2025-03-28T19:05:33.060+0000] {dagbag.py:588} INFO - Filling up the DagBag from /usr/local/python/3.12.1/lib/python3.12/site-packages/airflow/example_dags/example_setup_teardown_taskflow.py
[2025-03-28T19:05:33.068+0000] {processor.py:925} INFO - DAG(s) 'example_setup_teardown_taskflow' retrieved from /usr/local/python/3.12.1/lib/python3.12/site-packages/airflow/example_dags/example_setup_teardown_taskflow.py
[2025-03-28T19:05:33.080+0000] {logging_mixin.py:190} INFO - [2025-03-28T19:05:33.080+0000] {dag.py:3239} INFO - Sync 1 DAGs
[2025-03-28T19:05:33.090+0000] {logging_mixin.py:190} INFO - [2025-03-28T19:05:33.090+0000] {dag.py:4180} INFO - Setting next_dagrun for example_setup_teardown_taskflow to None, run_after=None
[2025-03-28T19:05:33.105+0000] {processor.py:208} INFO - Processing /usr/local/python/3.12.1/lib/python3.12/site-packages/airflow/example_dags/example_setup_teardown_taskflow.py took 0.051 seconds
[2025-03-28T19:08:10.071+0000] {processor.py:186} INFO - Started process (PID=35849) to work on /usr/local/python/3.12.1/lib/python3.12/site-packages/airflow/example_dags/example_setup_teardown_taskflow.py
[2025-03-28T19:08:10.071+0000] {processor.py:914} INFO - Processing file /usr/local/python/3.12.1/lib/python3.12/site-packages/airflow/example_dags/example_setup_teardown_taskflow.py for tasks to queue
[2025-03-28T19:08:10.072+0000] {logging_mixin.py:190} INFO - [2025-03-28T19:08:10.072+0000] {dagbag.py:588} INFO - Filling up the DagBag from /usr/local/python/3.12.1/lib/python3.12/site-packages/airflow/example_dags/example_setup_teardown_taskflow.py
[2025-03-28T19:08:10.083+0000] {processor.py:925} INFO - DAG(s) 'example_setup_teardown_taskflow' retrieved from /usr/local/python/3.12.1/lib/python3.12/site-packages/airflow/example_dags/example_setup_teardown_taskflow.py
[2025-03-28T19:08:10.096+0000] {logging_mixin.py:190} INFO - [2025-03-28T19:08:10.096+0000] {dag.py:3239} INFO - Sync 1 DAGs
[2025-03-28T19:08:10.106+0000] {logging_mixin.py:190} INFO - [2025-03-28T19:08:10.106+0000] {dag.py:4180} INFO - Setting next_dagrun for example_setup_teardown_taskflow to None, run_after=None
[2025-03-28T19:08:10.121+0000] {processor.py:208} INFO - Processing /usr/local/python/3.12.1/lib/python3.12/site-packages/airflow/example_dags/example_setup_teardown_taskflow.py took 0.055 seconds
[2025-03-28T19:11:04.866+0000] {processor.py:186} INFO - Started process (PID=38110) to work on /usr/local/python/3.12.1/lib/python3.12/site-packages/airflow/example_dags/example_setup_teardown_taskflow.py
[2025-03-28T19:11:04.867+0000] {processor.py:914} INFO - Processing file /usr/local/python/3.12.1/lib/python3.12/site-packages/airflow/example_dags/example_setup_teardown_taskflow.py for tasks to queue
[2025-03-28T19:11:04.868+0000] {logging_mixin.py:190} INFO - [2025-03-28T19:11:04.868+0000] {dagbag.py:588} INFO - Filling up the DagBag from /usr/local/python/3.12.1/lib/python3.12/site-packages/airflow/example_dags/example_setup_teardown_taskflow.py
[2025-03-28T19:11:04.876+0000] {processor.py:925} INFO - DAG(s) 'example_setup_teardown_taskflow' retrieved from /usr/local/python/3.12.1/lib/python3.12/site-packages/airflow/example_dags/example_setup_teardown_taskflow.py
[2025-03-28T19:11:04.890+0000] {logging_mixin.py:190} INFO - [2025-03-28T19:11:04.890+0000] {dag.py:3239} INFO - Sync 1 DAGs
[2025-03-28T19:11:04.899+0000] {logging_mixin.py:190} INFO - [2025-03-28T19:11:04.899+0000] {dag.py:4180} INFO - Setting next_dagrun for example_setup_teardown_taskflow to None, run_after=None
[2025-03-28T19:11:04.914+0000] {processor.py:208} INFO - Processing /usr/local/python/3.12.1/lib/python3.12/site-packages/airflow/example_dags/example_setup_teardown_taskflow.py took 0.051 seconds
[2025-03-28T19:14:09.565+0000] {processor.py:186} INFO - Started process (PID=40131) to work on /usr/local/python/3.12.1/lib/python3.12/site-packages/airflow/example_dags/example_setup_teardown_taskflow.py
[2025-03-28T19:14:09.566+0000] {processor.py:914} INFO - Processing file /usr/local/python/3.12.1/lib/python3.12/site-packages/airflow/example_dags/example_setup_teardown_taskflow.py for tasks to queue
[2025-03-28T19:14:09.567+0000] {logging_mixin.py:190} INFO - [2025-03-28T19:14:09.567+0000] {dagbag.py:588} INFO - Filling up the DagBag from /usr/local/python/3.12.1/lib/python3.12/site-packages/airflow/example_dags/example_setup_teardown_taskflow.py
[2025-03-28T19:14:09.576+0000] {processor.py:925} INFO - DAG(s) 'example_setup_teardown_taskflow' retrieved from /usr/local/python/3.12.1/lib/python3.12/site-packages/airflow/example_dags/example_setup_teardown_taskflow.py
[2025-03-28T19:14:09.588+0000] {logging_mixin.py:190} INFO - [2025-03-28T19:14:09.588+0000] {dag.py:3239} INFO - Sync 1 DAGs
[2025-03-28T19:14:09.598+0000] {logging_mixin.py:190} INFO - [2025-03-28T19:14:09.598+0000] {dag.py:4180} INFO - Setting next_dagrun for example_setup_teardown_taskflow to None, run_after=None
[2025-03-28T19:14:09.613+0000] {processor.py:208} INFO - Processing /usr/local/python/3.12.1/lib/python3.12/site-packages/airflow/example_dags/example_setup_teardown_taskflow.py took 0.051 seconds
[2025-03-28T19:16:44.456+0000] {processor.py:186} INFO - Started process (PID=41666) to work on /usr/local/python/3.12.1/lib/python3.12/site-packages/airflow/example_dags/example_setup_teardown_taskflow.py
[2025-03-28T19:16:44.457+0000] {processor.py:914} INFO - Processing file /usr/local/python/3.12.1/lib/python3.12/site-packages/airflow/example_dags/example_setup_teardown_taskflow.py for tasks to queue
[2025-03-28T19:16:44.458+0000] {logging_mixin.py:190} INFO - [2025-03-28T19:16:44.458+0000] {dagbag.py:588} INFO - Filling up the DagBag from /usr/local/python/3.12.1/lib/python3.12/site-packages/airflow/example_dags/example_setup_teardown_taskflow.py
[2025-03-28T19:16:44.466+0000] {processor.py:925} INFO - DAG(s) 'example_setup_teardown_taskflow' retrieved from /usr/local/python/3.12.1/lib/python3.12/site-packages/airflow/example_dags/example_setup_teardown_taskflow.py
[2025-03-28T19:16:44.479+0000] {logging_mixin.py:190} INFO - [2025-03-28T19:16:44.478+0000] {dag.py:3239} INFO - Sync 1 DAGs
[2025-03-28T19:16:44.488+0000] {logging_mixin.py:190} INFO - [2025-03-28T19:16:44.488+0000] {dag.py:4180} INFO - Setting next_dagrun for example_setup_teardown_taskflow to None, run_after=None
[2025-03-28T19:16:44.502+0000] {processor.py:208} INFO - Processing /usr/local/python/3.12.1/lib/python3.12/site-packages/airflow/example_dags/example_setup_teardown_taskflow.py took 0.050 seconds
[2025-03-28T19:19:19.021+0000] {processor.py:186} INFO - Started process (PID=43184) to work on /usr/local/python/3.12.1/lib/python3.12/site-packages/airflow/example_dags/example_setup_teardown_taskflow.py
[2025-03-28T19:19:19.021+0000] {processor.py:914} INFO - Processing file /usr/local/python/3.12.1/lib/python3.12/site-packages/airflow/example_dags/example_setup_teardown_taskflow.py for tasks to queue
[2025-03-28T19:19:19.023+0000] {logging_mixin.py:190} INFO - [2025-03-28T19:19:19.023+0000] {dagbag.py:588} INFO - Filling up the DagBag from /usr/local/python/3.12.1/lib/python3.12/site-packages/airflow/example_dags/example_setup_teardown_taskflow.py
[2025-03-28T19:19:19.031+0000] {processor.py:925} INFO - DAG(s) 'example_setup_teardown_taskflow' retrieved from /usr/local/python/3.12.1/lib/python3.12/site-packages/airflow/example_dags/example_setup_teardown_taskflow.py
[2025-03-28T19:19:19.044+0000] {logging_mixin.py:190} INFO - [2025-03-28T19:19:19.044+0000] {dag.py:3239} INFO - Sync 1 DAGs
[2025-03-28T19:19:19.054+0000] {logging_mixin.py:190} INFO - [2025-03-28T19:19:19.054+0000] {dag.py:4180} INFO - Setting next_dagrun for example_setup_teardown_taskflow to None, run_after=None
[2025-03-28T19:19:19.069+0000] {processor.py:208} INFO - Processing /usr/local/python/3.12.1/lib/python3.12/site-packages/airflow/example_dags/example_setup_teardown_taskflow.py took 0.052 seconds
[2025-03-28T19:21:54.823+0000] {processor.py:186} INFO - Started process (PID=44703) to work on /usr/local/python/3.12.1/lib/python3.12/site-packages/airflow/example_dags/example_setup_teardown_taskflow.py
[2025-03-28T19:21:54.824+0000] {processor.py:914} INFO - Processing file /usr/local/python/3.12.1/lib/python3.12/site-packages/airflow/example_dags/example_setup_teardown_taskflow.py for tasks to queue
[2025-03-28T19:21:54.825+0000] {logging_mixin.py:190} INFO - [2025-03-28T19:21:54.825+0000] {dagbag.py:588} INFO - Filling up the DagBag from /usr/local/python/3.12.1/lib/python3.12/site-packages/airflow/example_dags/example_setup_teardown_taskflow.py
[2025-03-28T19:21:54.833+0000] {processor.py:925} INFO - DAG(s) 'example_setup_teardown_taskflow' retrieved from /usr/local/python/3.12.1/lib/python3.12/site-packages/airflow/example_dags/example_setup_teardown_taskflow.py
[2025-03-28T19:21:54.845+0000] {logging_mixin.py:190} INFO - [2025-03-28T19:21:54.845+0000] {dag.py:3239} INFO - Sync 1 DAGs
[2025-03-28T19:21:54.854+0000] {logging_mixin.py:190} INFO - [2025-03-28T19:21:54.854+0000] {dag.py:4180} INFO - Setting next_dagrun for example_setup_teardown_taskflow to None, run_after=None
[2025-03-28T19:21:54.869+0000] {processor.py:208} INFO - Processing /usr/local/python/3.12.1/lib/python3.12/site-packages/airflow/example_dags/example_setup_teardown_taskflow.py took 0.049 seconds
[2025-03-28T19:24:29.638+0000] {processor.py:186} INFO - Started process (PID=46246) to work on /usr/local/python/3.12.1/lib/python3.12/site-packages/airflow/example_dags/example_setup_teardown_taskflow.py
[2025-03-28T19:24:29.639+0000] {processor.py:914} INFO - Processing file /usr/local/python/3.12.1/lib/python3.12/site-packages/airflow/example_dags/example_setup_teardown_taskflow.py for tasks to queue
[2025-03-28T19:24:29.641+0000] {logging_mixin.py:190} INFO - [2025-03-28T19:24:29.640+0000] {dagbag.py:588} INFO - Filling up the DagBag from /usr/local/python/3.12.1/lib/python3.12/site-packages/airflow/example_dags/example_setup_teardown_taskflow.py
[2025-03-28T19:24:29.649+0000] {processor.py:925} INFO - DAG(s) 'example_setup_teardown_taskflow' retrieved from /usr/local/python/3.12.1/lib/python3.12/site-packages/airflow/example_dags/example_setup_teardown_taskflow.py
[2025-03-28T19:24:29.661+0000] {logging_mixin.py:190} INFO - [2025-03-28T19:24:29.661+0000] {dag.py:3239} INFO - Sync 1 DAGs
[2025-03-28T19:24:29.671+0000] {logging_mixin.py:190} INFO - [2025-03-28T19:24:29.671+0000] {dag.py:4180} INFO - Setting next_dagrun for example_setup_teardown_taskflow to None, run_after=None
[2025-03-28T19:24:29.685+0000] {processor.py:208} INFO - Processing /usr/local/python/3.12.1/lib/python3.12/site-packages/airflow/example_dags/example_setup_teardown_taskflow.py took 0.051 seconds
[2025-03-28T19:25:46.551+0000] {processor.py:186} INFO - Started process (PID=46929) to work on /usr/local/python/3.12.1/lib/python3.12/site-packages/airflow/example_dags/example_setup_teardown_taskflow.py
[2025-03-28T19:25:46.552+0000] {processor.py:914} INFO - Processing file /usr/local/python/3.12.1/lib/python3.12/site-packages/airflow/example_dags/example_setup_teardown_taskflow.py for tasks to queue
[2025-03-28T19:25:46.553+0000] {logging_mixin.py:190} INFO - [2025-03-28T19:25:46.553+0000] {dagbag.py:588} INFO - Filling up the DagBag from /usr/local/python/3.12.1/lib/python3.12/site-packages/airflow/example_dags/example_setup_teardown_taskflow.py
[2025-03-28T19:25:46.563+0000] {processor.py:925} INFO - DAG(s) 'example_setup_teardown_taskflow' retrieved from /usr/local/python/3.12.1/lib/python3.12/site-packages/airflow/example_dags/example_setup_teardown_taskflow.py
[2025-03-28T19:25:46.579+0000] {logging_mixin.py:190} INFO - [2025-03-28T19:25:46.578+0000] {dag.py:3239} INFO - Sync 1 DAGs
[2025-03-28T19:25:46.593+0000] {logging_mixin.py:190} INFO - [2025-03-28T19:25:46.593+0000] {dag.py:4180} INFO - Setting next_dagrun for example_setup_teardown_taskflow to None, run_after=None
[2025-03-28T19:25:46.608+0000] {processor.py:208} INFO - Processing /usr/local/python/3.12.1/lib/python3.12/site-packages/airflow/example_dags/example_setup_teardown_taskflow.py took 0.061 seconds
[2025-03-28T19:26:40.813+0000] {processor.py:186} INFO - Started process (PID=47349) to work on /usr/local/python/3.12.1/lib/python3.12/site-packages/airflow/example_dags/example_setup_teardown_taskflow.py
[2025-03-28T19:26:40.813+0000] {processor.py:914} INFO - Processing file /usr/local/python/3.12.1/lib/python3.12/site-packages/airflow/example_dags/example_setup_teardown_taskflow.py for tasks to queue
[2025-03-28T19:26:40.815+0000] {logging_mixin.py:190} INFO - [2025-03-28T19:26:40.814+0000] {dagbag.py:588} INFO - Filling up the DagBag from /usr/local/python/3.12.1/lib/python3.12/site-packages/airflow/example_dags/example_setup_teardown_taskflow.py
[2025-03-28T19:26:40.823+0000] {processor.py:925} INFO - DAG(s) 'example_setup_teardown_taskflow' retrieved from /usr/local/python/3.12.1/lib/python3.12/site-packages/airflow/example_dags/example_setup_teardown_taskflow.py
[2025-03-28T19:26:40.836+0000] {logging_mixin.py:190} INFO - [2025-03-28T19:26:40.836+0000] {dag.py:3239} INFO - Sync 1 DAGs
[2025-03-28T19:26:40.845+0000] {logging_mixin.py:190} INFO - [2025-03-28T19:26:40.845+0000] {dag.py:4180} INFO - Setting next_dagrun for example_setup_teardown_taskflow to None, run_after=None
[2025-03-28T19:26:40.860+0000] {processor.py:208} INFO - Processing /usr/local/python/3.12.1/lib/python3.12/site-packages/airflow/example_dags/example_setup_teardown_taskflow.py took 0.052 seconds
[2025-03-28T19:27:36.062+0000] {processor.py:186} INFO - Started process (PID=47790) to work on /usr/local/python/3.12.1/lib/python3.12/site-packages/airflow/example_dags/example_setup_teardown_taskflow.py
[2025-03-28T19:27:36.063+0000] {processor.py:914} INFO - Processing file /usr/local/python/3.12.1/lib/python3.12/site-packages/airflow/example_dags/example_setup_teardown_taskflow.py for tasks to queue
[2025-03-28T19:27:36.064+0000] {logging_mixin.py:190} INFO - [2025-03-28T19:27:36.064+0000] {dagbag.py:588} INFO - Filling up the DagBag from /usr/local/python/3.12.1/lib/python3.12/site-packages/airflow/example_dags/example_setup_teardown_taskflow.py
[2025-03-28T19:27:36.073+0000] {processor.py:925} INFO - DAG(s) 'example_setup_teardown_taskflow' retrieved from /usr/local/python/3.12.1/lib/python3.12/site-packages/airflow/example_dags/example_setup_teardown_taskflow.py
[2025-03-28T19:27:36.085+0000] {logging_mixin.py:190} INFO - [2025-03-28T19:27:36.085+0000] {dag.py:3239} INFO - Sync 1 DAGs
[2025-03-28T19:27:36.094+0000] {logging_mixin.py:190} INFO - [2025-03-28T19:27:36.094+0000] {dag.py:4180} INFO - Setting next_dagrun for example_setup_teardown_taskflow to None, run_after=None
[2025-03-28T19:27:36.108+0000] {processor.py:208} INFO - Processing /usr/local/python/3.12.1/lib/python3.12/site-packages/airflow/example_dags/example_setup_teardown_taskflow.py took 0.050 seconds
[2025-03-28T19:28:25.751+0000] {processor.py:186} INFO - Started process (PID=48194) to work on /usr/local/python/3.12.1/lib/python3.12/site-packages/airflow/example_dags/example_setup_teardown_taskflow.py
[2025-03-28T19:28:25.752+0000] {processor.py:914} INFO - Processing file /usr/local/python/3.12.1/lib/python3.12/site-packages/airflow/example_dags/example_setup_teardown_taskflow.py for tasks to queue
[2025-03-28T19:28:25.753+0000] {logging_mixin.py:190} INFO - [2025-03-28T19:28:25.753+0000] {dagbag.py:588} INFO - Filling up the DagBag from /usr/local/python/3.12.1/lib/python3.12/site-packages/airflow/example_dags/example_setup_teardown_taskflow.py
[2025-03-28T19:28:25.762+0000] {processor.py:925} INFO - DAG(s) 'example_setup_teardown_taskflow' retrieved from /usr/local/python/3.12.1/lib/python3.12/site-packages/airflow/example_dags/example_setup_teardown_taskflow.py
[2025-03-28T19:28:25.774+0000] {logging_mixin.py:190} INFO - [2025-03-28T19:28:25.774+0000] {dag.py:3239} INFO - Sync 1 DAGs
[2025-03-28T19:28:25.783+0000] {logging_mixin.py:190} INFO - [2025-03-28T19:28:25.783+0000] {dag.py:4180} INFO - Setting next_dagrun for example_setup_teardown_taskflow to None, run_after=None
[2025-03-28T19:28:25.798+0000] {processor.py:208} INFO - Processing /usr/local/python/3.12.1/lib/python3.12/site-packages/airflow/example_dags/example_setup_teardown_taskflow.py took 0.051 seconds
[2025-03-28T19:29:19.308+0000] {processor.py:186} INFO - Started process (PID=48609) to work on /usr/local/python/3.12.1/lib/python3.12/site-packages/airflow/example_dags/example_setup_teardown_taskflow.py
[2025-03-28T19:29:19.309+0000] {processor.py:914} INFO - Processing file /usr/local/python/3.12.1/lib/python3.12/site-packages/airflow/example_dags/example_setup_teardown_taskflow.py for tasks to queue
[2025-03-28T19:29:19.310+0000] {logging_mixin.py:190} INFO - [2025-03-28T19:29:19.310+0000] {dagbag.py:588} INFO - Filling up the DagBag from /usr/local/python/3.12.1/lib/python3.12/site-packages/airflow/example_dags/example_setup_teardown_taskflow.py
[2025-03-28T19:29:19.318+0000] {processor.py:925} INFO - DAG(s) 'example_setup_teardown_taskflow' retrieved from /usr/local/python/3.12.1/lib/python3.12/site-packages/airflow/example_dags/example_setup_teardown_taskflow.py
[2025-03-28T19:29:19.331+0000] {logging_mixin.py:190} INFO - [2025-03-28T19:29:19.331+0000] {dag.py:3239} INFO - Sync 1 DAGs
[2025-03-28T19:29:19.340+0000] {logging_mixin.py:190} INFO - [2025-03-28T19:29:19.340+0000] {dag.py:4180} INFO - Setting next_dagrun for example_setup_teardown_taskflow to None, run_after=None
[2025-03-28T19:29:19.355+0000] {processor.py:208} INFO - Processing /usr/local/python/3.12.1/lib/python3.12/site-packages/airflow/example_dags/example_setup_teardown_taskflow.py took 0.051 seconds
[2025-03-28T19:30:14.471+0000] {processor.py:186} INFO - Started process (PID=49051) to work on /usr/local/python/3.12.1/lib/python3.12/site-packages/airflow/example_dags/example_setup_teardown_taskflow.py
[2025-03-28T19:30:14.472+0000] {processor.py:914} INFO - Processing file /usr/local/python/3.12.1/lib/python3.12/site-packages/airflow/example_dags/example_setup_teardown_taskflow.py for tasks to queue
[2025-03-28T19:30:14.473+0000] {logging_mixin.py:190} INFO - [2025-03-28T19:30:14.473+0000] {dagbag.py:588} INFO - Filling up the DagBag from /usr/local/python/3.12.1/lib/python3.12/site-packages/airflow/example_dags/example_setup_teardown_taskflow.py
[2025-03-28T19:30:14.481+0000] {processor.py:925} INFO - DAG(s) 'example_setup_teardown_taskflow' retrieved from /usr/local/python/3.12.1/lib/python3.12/site-packages/airflow/example_dags/example_setup_teardown_taskflow.py
[2025-03-28T19:30:14.493+0000] {logging_mixin.py:190} INFO - [2025-03-28T19:30:14.493+0000] {dag.py:3239} INFO - Sync 1 DAGs
[2025-03-28T19:30:14.503+0000] {logging_mixin.py:190} INFO - [2025-03-28T19:30:14.502+0000] {dag.py:4180} INFO - Setting next_dagrun for example_setup_teardown_taskflow to None, run_after=None
[2025-03-28T19:30:14.516+0000] {processor.py:208} INFO - Processing /usr/local/python/3.12.1/lib/python3.12/site-packages/airflow/example_dags/example_setup_teardown_taskflow.py took 0.049 seconds
[2025-03-28T19:31:09.491+0000] {processor.py:186} INFO - Started process (PID=49474) to work on /usr/local/python/3.12.1/lib/python3.12/site-packages/airflow/example_dags/example_setup_teardown_taskflow.py
[2025-03-28T19:31:09.492+0000] {processor.py:914} INFO - Processing file /usr/local/python/3.12.1/lib/python3.12/site-packages/airflow/example_dags/example_setup_teardown_taskflow.py for tasks to queue
[2025-03-28T19:31:09.494+0000] {logging_mixin.py:190} INFO - [2025-03-28T19:31:09.493+0000] {dagbag.py:588} INFO - Filling up the DagBag from /usr/local/python/3.12.1/lib/python3.12/site-packages/airflow/example_dags/example_setup_teardown_taskflow.py
[2025-03-28T19:31:09.502+0000] {processor.py:925} INFO - DAG(s) 'example_setup_teardown_taskflow' retrieved from /usr/local/python/3.12.1/lib/python3.12/site-packages/airflow/example_dags/example_setup_teardown_taskflow.py
[2025-03-28T19:31:09.514+0000] {logging_mixin.py:190} INFO - [2025-03-28T19:31:09.514+0000] {dag.py:3239} INFO - Sync 1 DAGs
[2025-03-28T19:31:09.524+0000] {logging_mixin.py:190} INFO - [2025-03-28T19:31:09.524+0000] {dag.py:4180} INFO - Setting next_dagrun for example_setup_teardown_taskflow to None, run_after=None
[2025-03-28T19:31:09.539+0000] {processor.py:208} INFO - Processing /usr/local/python/3.12.1/lib/python3.12/site-packages/airflow/example_dags/example_setup_teardown_taskflow.py took 0.052 seconds
[2025-03-28T19:32:07.324+0000] {processor.py:186} INFO - Started process (PID=49933) to work on /usr/local/python/3.12.1/lib/python3.12/site-packages/airflow/example_dags/example_setup_teardown_taskflow.py
[2025-03-28T19:32:07.324+0000] {processor.py:914} INFO - Processing file /usr/local/python/3.12.1/lib/python3.12/site-packages/airflow/example_dags/example_setup_teardown_taskflow.py for tasks to queue
[2025-03-28T19:32:07.326+0000] {logging_mixin.py:190} INFO - [2025-03-28T19:32:07.325+0000] {dagbag.py:588} INFO - Filling up the DagBag from /usr/local/python/3.12.1/lib/python3.12/site-packages/airflow/example_dags/example_setup_teardown_taskflow.py
[2025-03-28T19:32:07.334+0000] {processor.py:925} INFO - DAG(s) 'example_setup_teardown_taskflow' retrieved from /usr/local/python/3.12.1/lib/python3.12/site-packages/airflow/example_dags/example_setup_teardown_taskflow.py
[2025-03-28T19:32:07.346+0000] {logging_mixin.py:190} INFO - [2025-03-28T19:32:07.346+0000] {dag.py:3239} INFO - Sync 1 DAGs
[2025-03-28T19:32:07.355+0000] {logging_mixin.py:190} INFO - [2025-03-28T19:32:07.355+0000] {dag.py:4180} INFO - Setting next_dagrun for example_setup_teardown_taskflow to None, run_after=None
[2025-03-28T19:32:07.370+0000] {processor.py:208} INFO - Processing /usr/local/python/3.12.1/lib/python3.12/site-packages/airflow/example_dags/example_setup_teardown_taskflow.py took 0.051 seconds
[2025-03-28T19:33:00.134+0000] {processor.py:186} INFO - Started process (PID=50348) to work on /usr/local/python/3.12.1/lib/python3.12/site-packages/airflow/example_dags/example_setup_teardown_taskflow.py
[2025-03-28T19:33:00.135+0000] {processor.py:914} INFO - Processing file /usr/local/python/3.12.1/lib/python3.12/site-packages/airflow/example_dags/example_setup_teardown_taskflow.py for tasks to queue
[2025-03-28T19:33:00.136+0000] {logging_mixin.py:190} INFO - [2025-03-28T19:33:00.136+0000] {dagbag.py:588} INFO - Filling up the DagBag from /usr/local/python/3.12.1/lib/python3.12/site-packages/airflow/example_dags/example_setup_teardown_taskflow.py
[2025-03-28T19:33:00.144+0000] {processor.py:925} INFO - DAG(s) 'example_setup_teardown_taskflow' retrieved from /usr/local/python/3.12.1/lib/python3.12/site-packages/airflow/example_dags/example_setup_teardown_taskflow.py
[2025-03-28T19:33:00.157+0000] {logging_mixin.py:190} INFO - [2025-03-28T19:33:00.157+0000] {dag.py:3239} INFO - Sync 1 DAGs
[2025-03-28T19:33:00.166+0000] {logging_mixin.py:190} INFO - [2025-03-28T19:33:00.166+0000] {dag.py:4180} INFO - Setting next_dagrun for example_setup_teardown_taskflow to None, run_after=None
[2025-03-28T19:33:00.181+0000] {processor.py:208} INFO - Processing /usr/local/python/3.12.1/lib/python3.12/site-packages/airflow/example_dags/example_setup_teardown_taskflow.py took 0.050 seconds
[2025-03-28T19:33:53.076+0000] {processor.py:186} INFO - Started process (PID=50755) to work on /usr/local/python/3.12.1/lib/python3.12/site-packages/airflow/example_dags/example_setup_teardown_taskflow.py
[2025-03-28T19:33:53.077+0000] {processor.py:914} INFO - Processing file /usr/local/python/3.12.1/lib/python3.12/site-packages/airflow/example_dags/example_setup_teardown_taskflow.py for tasks to queue
[2025-03-28T19:33:53.078+0000] {logging_mixin.py:190} INFO - [2025-03-28T19:33:53.078+0000] {dagbag.py:588} INFO - Filling up the DagBag from /usr/local/python/3.12.1/lib/python3.12/site-packages/airflow/example_dags/example_setup_teardown_taskflow.py
[2025-03-28T19:33:53.086+0000] {processor.py:925} INFO - DAG(s) 'example_setup_teardown_taskflow' retrieved from /usr/local/python/3.12.1/lib/python3.12/site-packages/airflow/example_dags/example_setup_teardown_taskflow.py
[2025-03-28T19:33:53.099+0000] {logging_mixin.py:190} INFO - [2025-03-28T19:33:53.098+0000] {dag.py:3239} INFO - Sync 1 DAGs
[2025-03-28T19:33:53.108+0000] {logging_mixin.py:190} INFO - [2025-03-28T19:33:53.108+0000] {dag.py:4180} INFO - Setting next_dagrun for example_setup_teardown_taskflow to None, run_after=None
[2025-03-28T19:33:53.123+0000] {processor.py:208} INFO - Processing /usr/local/python/3.12.1/lib/python3.12/site-packages/airflow/example_dags/example_setup_teardown_taskflow.py took 0.050 seconds
[2025-03-28T19:34:47.879+0000] {processor.py:186} INFO - Started process (PID=51179) to work on /usr/local/python/3.12.1/lib/python3.12/site-packages/airflow/example_dags/example_setup_teardown_taskflow.py
[2025-03-28T19:34:47.880+0000] {processor.py:914} INFO - Processing file /usr/local/python/3.12.1/lib/python3.12/site-packages/airflow/example_dags/example_setup_teardown_taskflow.py for tasks to queue
[2025-03-28T19:34:47.881+0000] {logging_mixin.py:190} INFO - [2025-03-28T19:34:47.881+0000] {dagbag.py:588} INFO - Filling up the DagBag from /usr/local/python/3.12.1/lib/python3.12/site-packages/airflow/example_dags/example_setup_teardown_taskflow.py
[2025-03-28T19:34:47.890+0000] {processor.py:925} INFO - DAG(s) 'example_setup_teardown_taskflow' retrieved from /usr/local/python/3.12.1/lib/python3.12/site-packages/airflow/example_dags/example_setup_teardown_taskflow.py
[2025-03-28T19:34:47.905+0000] {logging_mixin.py:190} INFO - [2025-03-28T19:34:47.905+0000] {dag.py:3239} INFO - Sync 1 DAGs
[2025-03-28T19:34:47.917+0000] {logging_mixin.py:190} INFO - [2025-03-28T19:34:47.917+0000] {dag.py:4180} INFO - Setting next_dagrun for example_setup_teardown_taskflow to None, run_after=None
[2025-03-28T19:34:47.933+0000] {processor.py:208} INFO - Processing /usr/local/python/3.12.1/lib/python3.12/site-packages/airflow/example_dags/example_setup_teardown_taskflow.py took 0.059 seconds
[2025-03-28T19:35:41.020+0000] {processor.py:186} INFO - Started process (PID=51611) to work on /usr/local/python/3.12.1/lib/python3.12/site-packages/airflow/example_dags/example_setup_teardown_taskflow.py
[2025-03-28T19:35:41.021+0000] {processor.py:914} INFO - Processing file /usr/local/python/3.12.1/lib/python3.12/site-packages/airflow/example_dags/example_setup_teardown_taskflow.py for tasks to queue
[2025-03-28T19:35:41.023+0000] {logging_mixin.py:190} INFO - [2025-03-28T19:35:41.022+0000] {dagbag.py:588} INFO - Filling up the DagBag from /usr/local/python/3.12.1/lib/python3.12/site-packages/airflow/example_dags/example_setup_teardown_taskflow.py
[2025-03-28T19:35:41.031+0000] {processor.py:925} INFO - DAG(s) 'example_setup_teardown_taskflow' retrieved from /usr/local/python/3.12.1/lib/python3.12/site-packages/airflow/example_dags/example_setup_teardown_taskflow.py
[2025-03-28T19:35:41.043+0000] {logging_mixin.py:190} INFO - [2025-03-28T19:35:41.043+0000] {dag.py:3239} INFO - Sync 1 DAGs
[2025-03-28T19:35:41.053+0000] {logging_mixin.py:190} INFO - [2025-03-28T19:35:41.053+0000] {dag.py:4180} INFO - Setting next_dagrun for example_setup_teardown_taskflow to None, run_after=None
[2025-03-28T19:35:41.068+0000] {processor.py:208} INFO - Processing /usr/local/python/3.12.1/lib/python3.12/site-packages/airflow/example_dags/example_setup_teardown_taskflow.py took 0.051 seconds
[2025-03-28T19:36:37.433+0000] {processor.py:186} INFO - Started process (PID=52049) to work on /usr/local/python/3.12.1/lib/python3.12/site-packages/airflow/example_dags/example_setup_teardown_taskflow.py
[2025-03-28T19:36:37.434+0000] {processor.py:914} INFO - Processing file /usr/local/python/3.12.1/lib/python3.12/site-packages/airflow/example_dags/example_setup_teardown_taskflow.py for tasks to queue
[2025-03-28T19:36:37.435+0000] {logging_mixin.py:190} INFO - [2025-03-28T19:36:37.435+0000] {dagbag.py:588} INFO - Filling up the DagBag from /usr/local/python/3.12.1/lib/python3.12/site-packages/airflow/example_dags/example_setup_teardown_taskflow.py
[2025-03-28T19:36:37.443+0000] {processor.py:925} INFO - DAG(s) 'example_setup_teardown_taskflow' retrieved from /usr/local/python/3.12.1/lib/python3.12/site-packages/airflow/example_dags/example_setup_teardown_taskflow.py
[2025-03-28T19:36:37.456+0000] {logging_mixin.py:190} INFO - [2025-03-28T19:36:37.456+0000] {dag.py:3239} INFO - Sync 1 DAGs
[2025-03-28T19:36:37.466+0000] {logging_mixin.py:190} INFO - [2025-03-28T19:36:37.465+0000] {dag.py:4180} INFO - Setting next_dagrun for example_setup_teardown_taskflow to None, run_after=None
[2025-03-28T19:36:37.480+0000] {processor.py:208} INFO - Processing /usr/local/python/3.12.1/lib/python3.12/site-packages/airflow/example_dags/example_setup_teardown_taskflow.py took 0.051 seconds
[2025-03-28T19:37:32.529+0000] {processor.py:186} INFO - Started process (PID=52491) to work on /usr/local/python/3.12.1/lib/python3.12/site-packages/airflow/example_dags/example_setup_teardown_taskflow.py
[2025-03-28T19:37:32.530+0000] {processor.py:914} INFO - Processing file /usr/local/python/3.12.1/lib/python3.12/site-packages/airflow/example_dags/example_setup_teardown_taskflow.py for tasks to queue
[2025-03-28T19:37:32.531+0000] {logging_mixin.py:190} INFO - [2025-03-28T19:37:32.531+0000] {dagbag.py:588} INFO - Filling up the DagBag from /usr/local/python/3.12.1/lib/python3.12/site-packages/airflow/example_dags/example_setup_teardown_taskflow.py
[2025-03-28T19:37:32.540+0000] {processor.py:925} INFO - DAG(s) 'example_setup_teardown_taskflow' retrieved from /usr/local/python/3.12.1/lib/python3.12/site-packages/airflow/example_dags/example_setup_teardown_taskflow.py
[2025-03-28T19:37:32.553+0000] {logging_mixin.py:190} INFO - [2025-03-28T19:37:32.553+0000] {dag.py:3239} INFO - Sync 1 DAGs
[2025-03-28T19:37:32.563+0000] {logging_mixin.py:190} INFO - [2025-03-28T19:37:32.562+0000] {dag.py:4180} INFO - Setting next_dagrun for example_setup_teardown_taskflow to None, run_after=None
[2025-03-28T19:37:32.577+0000] {processor.py:208} INFO - Processing /usr/local/python/3.12.1/lib/python3.12/site-packages/airflow/example_dags/example_setup_teardown_taskflow.py took 0.053 seconds
[2025-03-28T19:38:24.241+0000] {processor.py:186} INFO - Started process (PID=52897) to work on /usr/local/python/3.12.1/lib/python3.12/site-packages/airflow/example_dags/example_setup_teardown_taskflow.py
[2025-03-28T19:38:24.242+0000] {processor.py:914} INFO - Processing file /usr/local/python/3.12.1/lib/python3.12/site-packages/airflow/example_dags/example_setup_teardown_taskflow.py for tasks to queue
[2025-03-28T19:38:24.243+0000] {logging_mixin.py:190} INFO - [2025-03-28T19:38:24.243+0000] {dagbag.py:588} INFO - Filling up the DagBag from /usr/local/python/3.12.1/lib/python3.12/site-packages/airflow/example_dags/example_setup_teardown_taskflow.py
[2025-03-28T19:38:24.251+0000] {processor.py:925} INFO - DAG(s) 'example_setup_teardown_taskflow' retrieved from /usr/local/python/3.12.1/lib/python3.12/site-packages/airflow/example_dags/example_setup_teardown_taskflow.py
[2025-03-28T19:38:24.264+0000] {logging_mixin.py:190} INFO - [2025-03-28T19:38:24.264+0000] {dag.py:3239} INFO - Sync 1 DAGs
[2025-03-28T19:38:24.274+0000] {logging_mixin.py:190} INFO - [2025-03-28T19:38:24.273+0000] {dag.py:4180} INFO - Setting next_dagrun for example_setup_teardown_taskflow to None, run_after=None
[2025-03-28T19:38:24.288+0000] {processor.py:208} INFO - Processing /usr/local/python/3.12.1/lib/python3.12/site-packages/airflow/example_dags/example_setup_teardown_taskflow.py took 0.051 seconds
[2025-03-28T19:39:21.882+0000] {processor.py:186} INFO - Started process (PID=53344) to work on /usr/local/python/3.12.1/lib/python3.12/site-packages/airflow/example_dags/example_setup_teardown_taskflow.py
[2025-03-28T19:39:21.883+0000] {processor.py:914} INFO - Processing file /usr/local/python/3.12.1/lib/python3.12/site-packages/airflow/example_dags/example_setup_teardown_taskflow.py for tasks to queue
[2025-03-28T19:39:21.884+0000] {logging_mixin.py:190} INFO - [2025-03-28T19:39:21.884+0000] {dagbag.py:588} INFO - Filling up the DagBag from /usr/local/python/3.12.1/lib/python3.12/site-packages/airflow/example_dags/example_setup_teardown_taskflow.py
[2025-03-28T19:39:21.896+0000] {processor.py:925} INFO - DAG(s) 'example_setup_teardown_taskflow' retrieved from /usr/local/python/3.12.1/lib/python3.12/site-packages/airflow/example_dags/example_setup_teardown_taskflow.py
[2025-03-28T19:39:21.913+0000] {logging_mixin.py:190} INFO - [2025-03-28T19:39:21.912+0000] {dag.py:3239} INFO - Sync 1 DAGs
[2025-03-28T19:39:21.924+0000] {logging_mixin.py:190} INFO - [2025-03-28T19:39:21.924+0000] {dag.py:4180} INFO - Setting next_dagrun for example_setup_teardown_taskflow to None, run_after=None
[2025-03-28T19:39:21.940+0000] {processor.py:208} INFO - Processing /usr/local/python/3.12.1/lib/python3.12/site-packages/airflow/example_dags/example_setup_teardown_taskflow.py took 0.062 seconds
[2025-03-28T19:40:16.275+0000] {processor.py:186} INFO - Started process (PID=53773) to work on /usr/local/python/3.12.1/lib/python3.12/site-packages/airflow/example_dags/example_setup_teardown_taskflow.py
[2025-03-28T19:40:16.276+0000] {processor.py:914} INFO - Processing file /usr/local/python/3.12.1/lib/python3.12/site-packages/airflow/example_dags/example_setup_teardown_taskflow.py for tasks to queue
[2025-03-28T19:40:16.278+0000] {logging_mixin.py:190} INFO - [2025-03-28T19:40:16.277+0000] {dagbag.py:588} INFO - Filling up the DagBag from /usr/local/python/3.12.1/lib/python3.12/site-packages/airflow/example_dags/example_setup_teardown_taskflow.py
[2025-03-28T19:40:16.286+0000] {processor.py:925} INFO - DAG(s) 'example_setup_teardown_taskflow' retrieved from /usr/local/python/3.12.1/lib/python3.12/site-packages/airflow/example_dags/example_setup_teardown_taskflow.py
[2025-03-28T19:40:16.298+0000] {logging_mixin.py:190} INFO - [2025-03-28T19:40:16.297+0000] {dag.py:3239} INFO - Sync 1 DAGs
[2025-03-28T19:40:16.309+0000] {logging_mixin.py:190} INFO - [2025-03-28T19:40:16.308+0000] {dag.py:4180} INFO - Setting next_dagrun for example_setup_teardown_taskflow to None, run_after=None
[2025-03-28T19:40:16.323+0000] {processor.py:208} INFO - Processing /usr/local/python/3.12.1/lib/python3.12/site-packages/airflow/example_dags/example_setup_teardown_taskflow.py took 0.052 seconds
[2025-03-28T19:41:08.096+0000] {processor.py:186} INFO - Started process (PID=54185) to work on /usr/local/python/3.12.1/lib/python3.12/site-packages/airflow/example_dags/example_setup_teardown_taskflow.py
[2025-03-28T19:41:08.097+0000] {processor.py:914} INFO - Processing file /usr/local/python/3.12.1/lib/python3.12/site-packages/airflow/example_dags/example_setup_teardown_taskflow.py for tasks to queue
[2025-03-28T19:41:08.098+0000] {logging_mixin.py:190} INFO - [2025-03-28T19:41:08.098+0000] {dagbag.py:588} INFO - Filling up the DagBag from /usr/local/python/3.12.1/lib/python3.12/site-packages/airflow/example_dags/example_setup_teardown_taskflow.py
[2025-03-28T19:41:08.106+0000] {processor.py:925} INFO - DAG(s) 'example_setup_teardown_taskflow' retrieved from /usr/local/python/3.12.1/lib/python3.12/site-packages/airflow/example_dags/example_setup_teardown_taskflow.py
[2025-03-28T19:41:08.119+0000] {logging_mixin.py:190} INFO - [2025-03-28T19:41:08.118+0000] {dag.py:3239} INFO - Sync 1 DAGs
[2025-03-28T19:41:08.128+0000] {logging_mixin.py:190} INFO - [2025-03-28T19:41:08.128+0000] {dag.py:4180} INFO - Setting next_dagrun for example_setup_teardown_taskflow to None, run_after=None
[2025-03-28T19:41:08.142+0000] {processor.py:208} INFO - Processing /usr/local/python/3.12.1/lib/python3.12/site-packages/airflow/example_dags/example_setup_teardown_taskflow.py took 0.050 seconds
[2025-03-28T19:42:01.219+0000] {processor.py:186} INFO - Started process (PID=54599) to work on /usr/local/python/3.12.1/lib/python3.12/site-packages/airflow/example_dags/example_setup_teardown_taskflow.py
[2025-03-28T19:42:01.220+0000] {processor.py:914} INFO - Processing file /usr/local/python/3.12.1/lib/python3.12/site-packages/airflow/example_dags/example_setup_teardown_taskflow.py for tasks to queue
[2025-03-28T19:42:01.222+0000] {logging_mixin.py:190} INFO - [2025-03-28T19:42:01.221+0000] {dagbag.py:588} INFO - Filling up the DagBag from /usr/local/python/3.12.1/lib/python3.12/site-packages/airflow/example_dags/example_setup_teardown_taskflow.py
[2025-03-28T19:42:01.230+0000] {processor.py:925} INFO - DAG(s) 'example_setup_teardown_taskflow' retrieved from /usr/local/python/3.12.1/lib/python3.12/site-packages/airflow/example_dags/example_setup_teardown_taskflow.py
[2025-03-28T19:42:01.242+0000] {logging_mixin.py:190} INFO - [2025-03-28T19:42:01.242+0000] {dag.py:3239} INFO - Sync 1 DAGs
[2025-03-28T19:42:01.252+0000] {logging_mixin.py:190} INFO - [2025-03-28T19:42:01.252+0000] {dag.py:4180} INFO - Setting next_dagrun for example_setup_teardown_taskflow to None, run_after=None
[2025-03-28T19:42:01.267+0000] {processor.py:208} INFO - Processing /usr/local/python/3.12.1/lib/python3.12/site-packages/airflow/example_dags/example_setup_teardown_taskflow.py took 0.052 seconds
[2025-03-28T19:42:53.760+0000] {processor.py:186} INFO - Started process (PID=55006) to work on /usr/local/python/3.12.1/lib/python3.12/site-packages/airflow/example_dags/example_setup_teardown_taskflow.py
[2025-03-28T19:42:53.760+0000] {processor.py:914} INFO - Processing file /usr/local/python/3.12.1/lib/python3.12/site-packages/airflow/example_dags/example_setup_teardown_taskflow.py for tasks to queue
[2025-03-28T19:42:53.762+0000] {logging_mixin.py:190} INFO - [2025-03-28T19:42:53.762+0000] {dagbag.py:588} INFO - Filling up the DagBag from /usr/local/python/3.12.1/lib/python3.12/site-packages/airflow/example_dags/example_setup_teardown_taskflow.py
[2025-03-28T19:42:53.770+0000] {processor.py:925} INFO - DAG(s) 'example_setup_teardown_taskflow' retrieved from /usr/local/python/3.12.1/lib/python3.12/site-packages/airflow/example_dags/example_setup_teardown_taskflow.py
[2025-03-28T19:42:53.782+0000] {logging_mixin.py:190} INFO - [2025-03-28T19:42:53.782+0000] {dag.py:3239} INFO - Sync 1 DAGs
[2025-03-28T19:42:53.792+0000] {logging_mixin.py:190} INFO - [2025-03-28T19:42:53.792+0000] {dag.py:4180} INFO - Setting next_dagrun for example_setup_teardown_taskflow to None, run_after=None
[2025-03-28T19:42:53.806+0000] {processor.py:208} INFO - Processing /usr/local/python/3.12.1/lib/python3.12/site-packages/airflow/example_dags/example_setup_teardown_taskflow.py took 0.051 seconds
