[2025-03-28T18:23:54.655+0000] {processor.py:186} INFO - Started process (PID=9063) to work on /usr/local/python/3.12.1/lib/python3.12/site-packages/airflow/example_dags/tutorial.py
[2025-03-28T18:23:54.656+0000] {processor.py:914} INFO - Processing file /usr/local/python/3.12.1/lib/python3.12/site-packages/airflow/example_dags/tutorial.py for tasks to queue
[2025-03-28T18:23:54.657+0000] {logging_mixin.py:190} INFO - [2025-03-28T18:23:54.657+0000] {dagbag.py:588} INFO - Filling up the DagBag from /usr/local/python/3.12.1/lib/python3.12/site-packages/airflow/example_dags/tutorial.py
[2025-03-28T18:23:54.664+0000] {processor.py:925} INFO - DAG(s) 'tutorial' retrieved from /usr/local/python/3.12.1/lib/python3.12/site-packages/airflow/example_dags/tutorial.py
[2025-03-28T18:23:54.752+0000] {logging_mixin.py:190} INFO - [2025-03-28T18:23:54.752+0000] {override.py:1930} INFO - Created Permission View: can edit on DAG:tutorial
[2025-03-28T18:23:54.760+0000] {logging_mixin.py:190} INFO - [2025-03-28T18:23:54.760+0000] {override.py:1930} INFO - Created Permission View: can delete on DAG:tutorial
[2025-03-28T18:23:54.766+0000] {logging_mixin.py:190} INFO - [2025-03-28T18:23:54.765+0000] {override.py:1930} INFO - Created Permission View: can read on DAG:tutorial
[2025-03-28T18:23:54.774+0000] {logging_mixin.py:190} INFO - [2025-03-28T18:23:54.774+0000] {override.py:1930} INFO - Created Permission View: menu access on DAG Run:tutorial
[2025-03-28T18:23:54.779+0000] {logging_mixin.py:190} INFO - [2025-03-28T18:23:54.779+0000] {override.py:1930} INFO - Created Permission View: can create on DAG Run:tutorial
[2025-03-28T18:23:54.785+0000] {logging_mixin.py:190} INFO - [2025-03-28T18:23:54.785+0000] {override.py:1930} INFO - Created Permission View: can delete on DAG Run:tutorial
[2025-03-28T18:23:54.790+0000] {logging_mixin.py:190} INFO - [2025-03-28T18:23:54.790+0000] {override.py:1930} INFO - Created Permission View: can read on DAG Run:tutorial
[2025-03-28T18:23:54.791+0000] {logging_mixin.py:190} INFO - [2025-03-28T18:23:54.790+0000] {dag.py:3239} INFO - Sync 1 DAGs
[2025-03-28T18:23:54.799+0000] {logging_mixin.py:190} INFO - [2025-03-28T18:23:54.799+0000] {dag.py:3262} INFO - Creating ORM DAG for tutorial
[2025-03-28T18:23:54.805+0000] {logging_mixin.py:190} INFO - [2025-03-28T18:23:54.805+0000] {dag.py:4180} INFO - Setting next_dagrun for tutorial to 2025-03-27 00:00:00+00:00, run_after=2025-03-28 00:00:00+00:00
[2025-03-28T18:23:54.820+0000] {processor.py:208} INFO - Processing /usr/local/python/3.12.1/lib/python3.12/site-packages/airflow/example_dags/tutorial.py took 0.168 seconds
[2025-03-28T18:24:55.061+0000] {processor.py:186} INFO - Started process (PID=9537) to work on /usr/local/python/3.12.1/lib/python3.12/site-packages/airflow/example_dags/tutorial.py
[2025-03-28T18:24:55.062+0000] {processor.py:914} INFO - Processing file /usr/local/python/3.12.1/lib/python3.12/site-packages/airflow/example_dags/tutorial.py for tasks to queue
[2025-03-28T18:24:55.063+0000] {logging_mixin.py:190} INFO - [2025-03-28T18:24:55.063+0000] {dagbag.py:588} INFO - Filling up the DagBag from /usr/local/python/3.12.1/lib/python3.12/site-packages/airflow/example_dags/tutorial.py
[2025-03-28T18:24:55.069+0000] {processor.py:925} INFO - DAG(s) 'tutorial' retrieved from /usr/local/python/3.12.1/lib/python3.12/site-packages/airflow/example_dags/tutorial.py
[2025-03-28T18:24:55.080+0000] {logging_mixin.py:190} INFO - [2025-03-28T18:24:55.080+0000] {dag.py:3239} INFO - Sync 1 DAGs
[2025-03-28T18:24:55.096+0000] {logging_mixin.py:190} INFO - [2025-03-28T18:24:55.096+0000] {dag.py:4180} INFO - Setting next_dagrun for tutorial to 2025-03-27 00:00:00+00:00, run_after=2025-03-28 00:00:00+00:00
[2025-03-28T18:24:55.111+0000] {processor.py:208} INFO - Processing /usr/local/python/3.12.1/lib/python3.12/site-packages/airflow/example_dags/tutorial.py took 0.053 seconds
[2025-03-28T18:25:49.050+0000] {processor.py:186} INFO - Started process (PID=10038) to work on /usr/local/python/3.12.1/lib/python3.12/site-packages/airflow/example_dags/tutorial.py
[2025-03-28T18:25:49.050+0000] {processor.py:914} INFO - Processing file /usr/local/python/3.12.1/lib/python3.12/site-packages/airflow/example_dags/tutorial.py for tasks to queue
[2025-03-28T18:25:49.052+0000] {logging_mixin.py:190} INFO - [2025-03-28T18:25:49.051+0000] {dagbag.py:588} INFO - Filling up the DagBag from /usr/local/python/3.12.1/lib/python3.12/site-packages/airflow/example_dags/tutorial.py
[2025-03-28T18:25:49.058+0000] {processor.py:925} INFO - DAG(s) 'tutorial' retrieved from /usr/local/python/3.12.1/lib/python3.12/site-packages/airflow/example_dags/tutorial.py
[2025-03-28T18:25:49.068+0000] {logging_mixin.py:190} INFO - [2025-03-28T18:25:49.068+0000] {dag.py:3239} INFO - Sync 1 DAGs
[2025-03-28T18:25:49.084+0000] {logging_mixin.py:190} INFO - [2025-03-28T18:25:49.083+0000] {dag.py:4180} INFO - Setting next_dagrun for tutorial to 2025-03-27 00:00:00+00:00, run_after=2025-03-28 00:00:00+00:00
[2025-03-28T18:25:49.099+0000] {processor.py:208} INFO - Processing /usr/local/python/3.12.1/lib/python3.12/site-packages/airflow/example_dags/tutorial.py took 0.054 seconds
[2025-03-28T18:27:58.540+0000] {processor.py:186} INFO - Started process (PID=11287) to work on /usr/local/python/3.12.1/lib/python3.12/site-packages/airflow/example_dags/tutorial.py
[2025-03-28T18:27:58.540+0000] {processor.py:914} INFO - Processing file /usr/local/python/3.12.1/lib/python3.12/site-packages/airflow/example_dags/tutorial.py for tasks to queue
[2025-03-28T18:27:58.542+0000] {logging_mixin.py:190} INFO - [2025-03-28T18:27:58.542+0000] {dagbag.py:588} INFO - Filling up the DagBag from /usr/local/python/3.12.1/lib/python3.12/site-packages/airflow/example_dags/tutorial.py
[2025-03-28T18:27:58.548+0000] {processor.py:925} INFO - DAG(s) 'tutorial' retrieved from /usr/local/python/3.12.1/lib/python3.12/site-packages/airflow/example_dags/tutorial.py
[2025-03-28T18:27:58.568+0000] {logging_mixin.py:190} INFO - [2025-03-28T18:27:58.568+0000] {dag.py:3239} INFO - Sync 1 DAGs
[2025-03-28T18:27:58.590+0000] {logging_mixin.py:190} INFO - [2025-03-28T18:27:58.590+0000] {dag.py:4180} INFO - Setting next_dagrun for tutorial to 2025-03-27 00:00:00+00:00, run_after=2025-03-28 00:00:00+00:00
[2025-03-28T18:27:58.606+0000] {processor.py:208} INFO - Processing /usr/local/python/3.12.1/lib/python3.12/site-packages/airflow/example_dags/tutorial.py took 0.070 seconds
[2025-03-28T18:28:50.914+0000] {processor.py:186} INFO - Started process (PID=11702) to work on /usr/local/python/3.12.1/lib/python3.12/site-packages/airflow/example_dags/tutorial.py
[2025-03-28T18:28:50.915+0000] {processor.py:914} INFO - Processing file /usr/local/python/3.12.1/lib/python3.12/site-packages/airflow/example_dags/tutorial.py for tasks to queue
[2025-03-28T18:28:50.916+0000] {logging_mixin.py:190} INFO - [2025-03-28T18:28:50.916+0000] {dagbag.py:588} INFO - Filling up the DagBag from /usr/local/python/3.12.1/lib/python3.12/site-packages/airflow/example_dags/tutorial.py
[2025-03-28T18:28:50.922+0000] {processor.py:925} INFO - DAG(s) 'tutorial' retrieved from /usr/local/python/3.12.1/lib/python3.12/site-packages/airflow/example_dags/tutorial.py
[2025-03-28T18:28:50.933+0000] {logging_mixin.py:190} INFO - [2025-03-28T18:28:50.933+0000] {dag.py:3239} INFO - Sync 1 DAGs
[2025-03-28T18:28:50.948+0000] {logging_mixin.py:190} INFO - [2025-03-28T18:28:50.947+0000] {dag.py:4180} INFO - Setting next_dagrun for tutorial to 2025-03-27 00:00:00+00:00, run_after=2025-03-28 00:00:00+00:00
[2025-03-28T18:28:50.962+0000] {processor.py:208} INFO - Processing /usr/local/python/3.12.1/lib/python3.12/site-packages/airflow/example_dags/tutorial.py took 0.051 seconds
[2025-03-28T18:29:41.271+0000] {processor.py:186} INFO - Started process (PID=12143) to work on /usr/local/python/3.12.1/lib/python3.12/site-packages/airflow/example_dags/tutorial.py
[2025-03-28T18:29:41.272+0000] {processor.py:914} INFO - Processing file /usr/local/python/3.12.1/lib/python3.12/site-packages/airflow/example_dags/tutorial.py for tasks to queue
[2025-03-28T18:29:41.273+0000] {logging_mixin.py:190} INFO - [2025-03-28T18:29:41.273+0000] {dagbag.py:588} INFO - Filling up the DagBag from /usr/local/python/3.12.1/lib/python3.12/site-packages/airflow/example_dags/tutorial.py
[2025-03-28T18:29:41.279+0000] {processor.py:925} INFO - DAG(s) 'tutorial' retrieved from /usr/local/python/3.12.1/lib/python3.12/site-packages/airflow/example_dags/tutorial.py
[2025-03-28T18:29:41.290+0000] {logging_mixin.py:190} INFO - [2025-03-28T18:29:41.290+0000] {dag.py:3239} INFO - Sync 1 DAGs
[2025-03-28T18:29:41.305+0000] {logging_mixin.py:190} INFO - [2025-03-28T18:29:41.305+0000] {dag.py:4180} INFO - Setting next_dagrun for tutorial to 2025-03-27 00:00:00+00:00, run_after=2025-03-28 00:00:00+00:00
[2025-03-28T18:29:41.320+0000] {processor.py:208} INFO - Processing /usr/local/python/3.12.1/lib/python3.12/site-packages/airflow/example_dags/tutorial.py took 0.053 seconds
[2025-03-28T18:30:28.658+0000] {processor.py:186} INFO - Started process (PID=12529) to work on /usr/local/python/3.12.1/lib/python3.12/site-packages/airflow/example_dags/tutorial.py
[2025-03-28T18:30:28.658+0000] {processor.py:914} INFO - Processing file /usr/local/python/3.12.1/lib/python3.12/site-packages/airflow/example_dags/tutorial.py for tasks to queue
[2025-03-28T18:30:28.660+0000] {logging_mixin.py:190} INFO - [2025-03-28T18:30:28.659+0000] {dagbag.py:588} INFO - Filling up the DagBag from /usr/local/python/3.12.1/lib/python3.12/site-packages/airflow/example_dags/tutorial.py
[2025-03-28T18:30:28.666+0000] {processor.py:925} INFO - DAG(s) 'tutorial' retrieved from /usr/local/python/3.12.1/lib/python3.12/site-packages/airflow/example_dags/tutorial.py
[2025-03-28T18:30:28.676+0000] {logging_mixin.py:190} INFO - [2025-03-28T18:30:28.676+0000] {dag.py:3239} INFO - Sync 1 DAGs
[2025-03-28T18:30:28.691+0000] {logging_mixin.py:190} INFO - [2025-03-28T18:30:28.691+0000] {dag.py:4180} INFO - Setting next_dagrun for tutorial to 2025-03-27 00:00:00+00:00, run_after=2025-03-28 00:00:00+00:00
[2025-03-28T18:30:28.706+0000] {processor.py:208} INFO - Processing /usr/local/python/3.12.1/lib/python3.12/site-packages/airflow/example_dags/tutorial.py took 0.052 seconds
[2025-03-28T18:31:17.735+0000] {processor.py:186} INFO - Started process (PID=12929) to work on /usr/local/python/3.12.1/lib/python3.12/site-packages/airflow/example_dags/tutorial.py
[2025-03-28T18:31:17.736+0000] {processor.py:914} INFO - Processing file /usr/local/python/3.12.1/lib/python3.12/site-packages/airflow/example_dags/tutorial.py for tasks to queue
[2025-03-28T18:31:17.737+0000] {logging_mixin.py:190} INFO - [2025-03-28T18:31:17.737+0000] {dagbag.py:588} INFO - Filling up the DagBag from /usr/local/python/3.12.1/lib/python3.12/site-packages/airflow/example_dags/tutorial.py
[2025-03-28T18:31:17.743+0000] {processor.py:925} INFO - DAG(s) 'tutorial' retrieved from /usr/local/python/3.12.1/lib/python3.12/site-packages/airflow/example_dags/tutorial.py
[2025-03-28T18:31:17.753+0000] {logging_mixin.py:190} INFO - [2025-03-28T18:31:17.753+0000] {dag.py:3239} INFO - Sync 1 DAGs
[2025-03-28T18:31:17.768+0000] {logging_mixin.py:190} INFO - [2025-03-28T18:31:17.768+0000] {dag.py:4180} INFO - Setting next_dagrun for tutorial to 2025-03-27 00:00:00+00:00, run_after=2025-03-28 00:00:00+00:00
[2025-03-28T18:31:17.782+0000] {processor.py:208} INFO - Processing /usr/local/python/3.12.1/lib/python3.12/site-packages/airflow/example_dags/tutorial.py took 0.051 seconds
[2025-03-28T18:32:06.856+0000] {processor.py:186} INFO - Started process (PID=13385) to work on /usr/local/python/3.12.1/lib/python3.12/site-packages/airflow/example_dags/tutorial.py
[2025-03-28T18:32:06.856+0000] {processor.py:914} INFO - Processing file /usr/local/python/3.12.1/lib/python3.12/site-packages/airflow/example_dags/tutorial.py for tasks to queue
[2025-03-28T18:32:06.858+0000] {logging_mixin.py:190} INFO - [2025-03-28T18:32:06.858+0000] {dagbag.py:588} INFO - Filling up the DagBag from /usr/local/python/3.12.1/lib/python3.12/site-packages/airflow/example_dags/tutorial.py
[2025-03-28T18:32:06.864+0000] {processor.py:925} INFO - DAG(s) 'tutorial' retrieved from /usr/local/python/3.12.1/lib/python3.12/site-packages/airflow/example_dags/tutorial.py
[2025-03-28T18:32:06.875+0000] {logging_mixin.py:190} INFO - [2025-03-28T18:32:06.874+0000] {dag.py:3239} INFO - Sync 1 DAGs
[2025-03-28T18:32:06.889+0000] {logging_mixin.py:190} INFO - [2025-03-28T18:32:06.889+0000] {dag.py:4180} INFO - Setting next_dagrun for tutorial to 2025-03-27 00:00:00+00:00, run_after=2025-03-28 00:00:00+00:00
[2025-03-28T18:32:06.904+0000] {processor.py:208} INFO - Processing /usr/local/python/3.12.1/lib/python3.12/site-packages/airflow/example_dags/tutorial.py took 0.052 seconds
[2025-03-28T18:32:55.099+0000] {processor.py:186} INFO - Started process (PID=13864) to work on /usr/local/python/3.12.1/lib/python3.12/site-packages/airflow/example_dags/tutorial.py
[2025-03-28T18:32:55.100+0000] {processor.py:914} INFO - Processing file /usr/local/python/3.12.1/lib/python3.12/site-packages/airflow/example_dags/tutorial.py for tasks to queue
[2025-03-28T18:32:55.101+0000] {logging_mixin.py:190} INFO - [2025-03-28T18:32:55.101+0000] {dagbag.py:588} INFO - Filling up the DagBag from /usr/local/python/3.12.1/lib/python3.12/site-packages/airflow/example_dags/tutorial.py
[2025-03-28T18:32:55.107+0000] {processor.py:925} INFO - DAG(s) 'tutorial' retrieved from /usr/local/python/3.12.1/lib/python3.12/site-packages/airflow/example_dags/tutorial.py
[2025-03-28T18:32:55.118+0000] {logging_mixin.py:190} INFO - [2025-03-28T18:32:55.118+0000] {dag.py:3239} INFO - Sync 1 DAGs
[2025-03-28T18:32:55.133+0000] {logging_mixin.py:190} INFO - [2025-03-28T18:32:55.133+0000] {dag.py:4180} INFO - Setting next_dagrun for tutorial to 2025-03-27 00:00:00+00:00, run_after=2025-03-28 00:00:00+00:00
[2025-03-28T18:32:55.149+0000] {processor.py:208} INFO - Processing /usr/local/python/3.12.1/lib/python3.12/site-packages/airflow/example_dags/tutorial.py took 0.053 seconds
[2025-03-28T18:33:46.837+0000] {processor.py:186} INFO - Started process (PID=14320) to work on /usr/local/python/3.12.1/lib/python3.12/site-packages/airflow/example_dags/tutorial.py
[2025-03-28T18:33:46.838+0000] {processor.py:914} INFO - Processing file /usr/local/python/3.12.1/lib/python3.12/site-packages/airflow/example_dags/tutorial.py for tasks to queue
[2025-03-28T18:33:46.839+0000] {logging_mixin.py:190} INFO - [2025-03-28T18:33:46.839+0000] {dagbag.py:588} INFO - Filling up the DagBag from /usr/local/python/3.12.1/lib/python3.12/site-packages/airflow/example_dags/tutorial.py
[2025-03-28T18:33:46.845+0000] {processor.py:925} INFO - DAG(s) 'tutorial' retrieved from /usr/local/python/3.12.1/lib/python3.12/site-packages/airflow/example_dags/tutorial.py
[2025-03-28T18:33:46.856+0000] {logging_mixin.py:190} INFO - [2025-03-28T18:33:46.855+0000] {dag.py:3239} INFO - Sync 1 DAGs
[2025-03-28T18:33:46.871+0000] {logging_mixin.py:190} INFO - [2025-03-28T18:33:46.871+0000] {dag.py:4180} INFO - Setting next_dagrun for tutorial to 2025-03-27 00:00:00+00:00, run_after=2025-03-28 00:00:00+00:00
[2025-03-28T18:33:46.885+0000] {processor.py:208} INFO - Processing /usr/local/python/3.12.1/lib/python3.12/site-packages/airflow/example_dags/tutorial.py took 0.052 seconds
[2025-03-28T18:34:35.953+0000] {processor.py:186} INFO - Started process (PID=14729) to work on /usr/local/python/3.12.1/lib/python3.12/site-packages/airflow/example_dags/tutorial.py
[2025-03-28T18:34:35.954+0000] {processor.py:914} INFO - Processing file /usr/local/python/3.12.1/lib/python3.12/site-packages/airflow/example_dags/tutorial.py for tasks to queue
[2025-03-28T18:34:35.955+0000] {logging_mixin.py:190} INFO - [2025-03-28T18:34:35.955+0000] {dagbag.py:588} INFO - Filling up the DagBag from /usr/local/python/3.12.1/lib/python3.12/site-packages/airflow/example_dags/tutorial.py
[2025-03-28T18:34:35.961+0000] {processor.py:925} INFO - DAG(s) 'tutorial' retrieved from /usr/local/python/3.12.1/lib/python3.12/site-packages/airflow/example_dags/tutorial.py
[2025-03-28T18:34:35.971+0000] {logging_mixin.py:190} INFO - [2025-03-28T18:34:35.971+0000] {dag.py:3239} INFO - Sync 1 DAGs
[2025-03-28T18:34:35.987+0000] {logging_mixin.py:190} INFO - [2025-03-28T18:34:35.986+0000] {dag.py:4180} INFO - Setting next_dagrun for tutorial to 2025-03-27 00:00:00+00:00, run_after=2025-03-28 00:00:00+00:00
[2025-03-28T18:34:36.001+0000] {processor.py:208} INFO - Processing /usr/local/python/3.12.1/lib/python3.12/site-packages/airflow/example_dags/tutorial.py took 0.052 seconds
[2025-03-28T18:35:25.914+0000] {processor.py:186} INFO - Started process (PID=15164) to work on /usr/local/python/3.12.1/lib/python3.12/site-packages/airflow/example_dags/tutorial.py
[2025-03-28T18:35:25.915+0000] {processor.py:914} INFO - Processing file /usr/local/python/3.12.1/lib/python3.12/site-packages/airflow/example_dags/tutorial.py for tasks to queue
[2025-03-28T18:35:25.916+0000] {logging_mixin.py:190} INFO - [2025-03-28T18:35:25.916+0000] {dagbag.py:588} INFO - Filling up the DagBag from /usr/local/python/3.12.1/lib/python3.12/site-packages/airflow/example_dags/tutorial.py
[2025-03-28T18:35:25.922+0000] {processor.py:925} INFO - DAG(s) 'tutorial' retrieved from /usr/local/python/3.12.1/lib/python3.12/site-packages/airflow/example_dags/tutorial.py
[2025-03-28T18:35:25.933+0000] {logging_mixin.py:190} INFO - [2025-03-28T18:35:25.932+0000] {dag.py:3239} INFO - Sync 1 DAGs
[2025-03-28T18:35:25.948+0000] {logging_mixin.py:190} INFO - [2025-03-28T18:35:25.947+0000] {dag.py:4180} INFO - Setting next_dagrun for tutorial to 2025-03-27 00:00:00+00:00, run_after=2025-03-28 00:00:00+00:00
[2025-03-28T18:35:25.962+0000] {processor.py:208} INFO - Processing /usr/local/python/3.12.1/lib/python3.12/site-packages/airflow/example_dags/tutorial.py took 0.051 seconds
[2025-03-28T18:36:14.733+0000] {processor.py:186} INFO - Started process (PID=15601) to work on /usr/local/python/3.12.1/lib/python3.12/site-packages/airflow/example_dags/tutorial.py
[2025-03-28T18:36:14.733+0000] {processor.py:914} INFO - Processing file /usr/local/python/3.12.1/lib/python3.12/site-packages/airflow/example_dags/tutorial.py for tasks to queue
[2025-03-28T18:36:14.735+0000] {logging_mixin.py:190} INFO - [2025-03-28T18:36:14.734+0000] {dagbag.py:588} INFO - Filling up the DagBag from /usr/local/python/3.12.1/lib/python3.12/site-packages/airflow/example_dags/tutorial.py
[2025-03-28T18:36:14.741+0000] {processor.py:925} INFO - DAG(s) 'tutorial' retrieved from /usr/local/python/3.12.1/lib/python3.12/site-packages/airflow/example_dags/tutorial.py
[2025-03-28T18:36:14.752+0000] {logging_mixin.py:190} INFO - [2025-03-28T18:36:14.752+0000] {dag.py:3239} INFO - Sync 1 DAGs
[2025-03-28T18:36:14.766+0000] {logging_mixin.py:190} INFO - [2025-03-28T18:36:14.766+0000] {dag.py:4180} INFO - Setting next_dagrun for tutorial to 2025-03-27 00:00:00+00:00, run_after=2025-03-28 00:00:00+00:00
[2025-03-28T18:36:14.781+0000] {processor.py:208} INFO - Processing /usr/local/python/3.12.1/lib/python3.12/site-packages/airflow/example_dags/tutorial.py took 0.053 seconds
[2025-03-28T18:37:32.159+0000] {processor.py:186} INFO - Started process (PID=16557) to work on /usr/local/python/3.12.1/lib/python3.12/site-packages/airflow/example_dags/tutorial.py
[2025-03-28T18:37:32.160+0000] {processor.py:914} INFO - Processing file /usr/local/python/3.12.1/lib/python3.12/site-packages/airflow/example_dags/tutorial.py for tasks to queue
[2025-03-28T18:37:32.161+0000] {logging_mixin.py:190} INFO - [2025-03-28T18:37:32.161+0000] {dagbag.py:588} INFO - Filling up the DagBag from /usr/local/python/3.12.1/lib/python3.12/site-packages/airflow/example_dags/tutorial.py
[2025-03-28T18:37:32.167+0000] {processor.py:925} INFO - DAG(s) 'tutorial' retrieved from /usr/local/python/3.12.1/lib/python3.12/site-packages/airflow/example_dags/tutorial.py
[2025-03-28T18:37:32.189+0000] {logging_mixin.py:190} INFO - [2025-03-28T18:37:32.188+0000] {dag.py:3239} INFO - Sync 1 DAGs
[2025-03-28T18:37:32.207+0000] {logging_mixin.py:190} INFO - [2025-03-28T18:37:32.206+0000] {dag.py:4180} INFO - Setting next_dagrun for tutorial to 2025-03-27 00:00:00+00:00, run_after=2025-03-28 00:00:00+00:00
[2025-03-28T18:37:32.221+0000] {processor.py:208} INFO - Processing /usr/local/python/3.12.1/lib/python3.12/site-packages/airflow/example_dags/tutorial.py took 0.066 seconds
[2025-03-28T18:38:25.255+0000] {processor.py:186} INFO - Started process (PID=17018) to work on /usr/local/python/3.12.1/lib/python3.12/site-packages/airflow/example_dags/tutorial.py
[2025-03-28T18:38:25.256+0000] {processor.py:914} INFO - Processing file /usr/local/python/3.12.1/lib/python3.12/site-packages/airflow/example_dags/tutorial.py for tasks to queue
[2025-03-28T18:38:25.257+0000] {logging_mixin.py:190} INFO - [2025-03-28T18:38:25.257+0000] {dagbag.py:588} INFO - Filling up the DagBag from /usr/local/python/3.12.1/lib/python3.12/site-packages/airflow/example_dags/tutorial.py
[2025-03-28T18:38:25.263+0000] {processor.py:925} INFO - DAG(s) 'tutorial' retrieved from /usr/local/python/3.12.1/lib/python3.12/site-packages/airflow/example_dags/tutorial.py
[2025-03-28T18:38:25.273+0000] {logging_mixin.py:190} INFO - [2025-03-28T18:38:25.273+0000] {dag.py:3239} INFO - Sync 1 DAGs
[2025-03-28T18:38:25.288+0000] {logging_mixin.py:190} INFO - [2025-03-28T18:38:25.288+0000] {dag.py:4180} INFO - Setting next_dagrun for tutorial to 2025-03-27 00:00:00+00:00, run_after=2025-03-28 00:00:00+00:00
[2025-03-28T18:38:25.305+0000] {processor.py:208} INFO - Processing /usr/local/python/3.12.1/lib/python3.12/site-packages/airflow/example_dags/tutorial.py took 0.054 seconds
[2025-03-28T18:39:18.886+0000] {processor.py:186} INFO - Started process (PID=17468) to work on /usr/local/python/3.12.1/lib/python3.12/site-packages/airflow/example_dags/tutorial.py
[2025-03-28T18:39:18.886+0000] {processor.py:914} INFO - Processing file /usr/local/python/3.12.1/lib/python3.12/site-packages/airflow/example_dags/tutorial.py for tasks to queue
[2025-03-28T18:39:18.888+0000] {logging_mixin.py:190} INFO - [2025-03-28T18:39:18.888+0000] {dagbag.py:588} INFO - Filling up the DagBag from /usr/local/python/3.12.1/lib/python3.12/site-packages/airflow/example_dags/tutorial.py
[2025-03-28T18:39:18.894+0000] {processor.py:925} INFO - DAG(s) 'tutorial' retrieved from /usr/local/python/3.12.1/lib/python3.12/site-packages/airflow/example_dags/tutorial.py
[2025-03-28T18:39:18.905+0000] {logging_mixin.py:190} INFO - [2025-03-28T18:39:18.904+0000] {dag.py:3239} INFO - Sync 1 DAGs
[2025-03-28T18:39:18.919+0000] {logging_mixin.py:190} INFO - [2025-03-28T18:39:18.919+0000] {dag.py:4180} INFO - Setting next_dagrun for tutorial to 2025-03-27 00:00:00+00:00, run_after=2025-03-28 00:00:00+00:00
[2025-03-28T18:39:18.934+0000] {processor.py:208} INFO - Processing /usr/local/python/3.12.1/lib/python3.12/site-packages/airflow/example_dags/tutorial.py took 0.052 seconds
[2025-03-28T18:40:20.687+0000] {processor.py:186} INFO - Started process (PID=18195) to work on /usr/local/python/3.12.1/lib/python3.12/site-packages/airflow/example_dags/tutorial.py
[2025-03-28T18:40:20.687+0000] {processor.py:914} INFO - Processing file /usr/local/python/3.12.1/lib/python3.12/site-packages/airflow/example_dags/tutorial.py for tasks to queue
[2025-03-28T18:40:20.689+0000] {logging_mixin.py:190} INFO - [2025-03-28T18:40:20.688+0000] {dagbag.py:588} INFO - Filling up the DagBag from /usr/local/python/3.12.1/lib/python3.12/site-packages/airflow/example_dags/tutorial.py
[2025-03-28T18:40:20.695+0000] {processor.py:925} INFO - DAG(s) 'tutorial' retrieved from /usr/local/python/3.12.1/lib/python3.12/site-packages/airflow/example_dags/tutorial.py
[2025-03-28T18:40:20.711+0000] {logging_mixin.py:190} INFO - [2025-03-28T18:40:20.710+0000] {dag.py:3239} INFO - Sync 1 DAGs
[2025-03-28T18:40:20.725+0000] {logging_mixin.py:190} INFO - [2025-03-28T18:40:20.725+0000] {dag.py:4180} INFO - Setting next_dagrun for tutorial to 2025-03-27 00:00:00+00:00, run_after=2025-03-28 00:00:00+00:00
[2025-03-28T18:40:20.740+0000] {processor.py:208} INFO - Processing /usr/local/python/3.12.1/lib/python3.12/site-packages/airflow/example_dags/tutorial.py took 0.057 seconds
[2025-03-28T18:41:12.695+0000] {processor.py:186} INFO - Started process (PID=18767) to work on /usr/local/python/3.12.1/lib/python3.12/site-packages/airflow/example_dags/tutorial.py
[2025-03-28T18:41:12.696+0000] {processor.py:914} INFO - Processing file /usr/local/python/3.12.1/lib/python3.12/site-packages/airflow/example_dags/tutorial.py for tasks to queue
[2025-03-28T18:41:12.697+0000] {logging_mixin.py:190} INFO - [2025-03-28T18:41:12.697+0000] {dagbag.py:588} INFO - Filling up the DagBag from /usr/local/python/3.12.1/lib/python3.12/site-packages/airflow/example_dags/tutorial.py
[2025-03-28T18:41:12.703+0000] {processor.py:925} INFO - DAG(s) 'tutorial' retrieved from /usr/local/python/3.12.1/lib/python3.12/site-packages/airflow/example_dags/tutorial.py
[2025-03-28T18:41:12.719+0000] {logging_mixin.py:190} INFO - [2025-03-28T18:41:12.719+0000] {dag.py:3239} INFO - Sync 1 DAGs
[2025-03-28T18:41:12.734+0000] {logging_mixin.py:190} INFO - [2025-03-28T18:41:12.734+0000] {dag.py:4180} INFO - Setting next_dagrun for tutorial to 2025-03-27 00:00:00+00:00, run_after=2025-03-28 00:00:00+00:00
[2025-03-28T18:41:12.748+0000] {processor.py:208} INFO - Processing /usr/local/python/3.12.1/lib/python3.12/site-packages/airflow/example_dags/tutorial.py took 0.056 seconds
[2025-03-28T18:42:10.336+0000] {processor.py:186} INFO - Started process (PID=19286) to work on /usr/local/python/3.12.1/lib/python3.12/site-packages/airflow/example_dags/tutorial.py
[2025-03-28T18:42:10.336+0000] {processor.py:914} INFO - Processing file /usr/local/python/3.12.1/lib/python3.12/site-packages/airflow/example_dags/tutorial.py for tasks to queue
[2025-03-28T18:42:10.338+0000] {logging_mixin.py:190} INFO - [2025-03-28T18:42:10.337+0000] {dagbag.py:588} INFO - Filling up the DagBag from /usr/local/python/3.12.1/lib/python3.12/site-packages/airflow/example_dags/tutorial.py
[2025-03-28T18:42:10.344+0000] {processor.py:925} INFO - DAG(s) 'tutorial' retrieved from /usr/local/python/3.12.1/lib/python3.12/site-packages/airflow/example_dags/tutorial.py
[2025-03-28T18:42:10.354+0000] {logging_mixin.py:190} INFO - [2025-03-28T18:42:10.354+0000] {dag.py:3239} INFO - Sync 1 DAGs
[2025-03-28T18:42:10.369+0000] {logging_mixin.py:190} INFO - [2025-03-28T18:42:10.369+0000] {dag.py:4180} INFO - Setting next_dagrun for tutorial to 2025-03-27 00:00:00+00:00, run_after=2025-03-28 00:00:00+00:00
[2025-03-28T18:42:10.385+0000] {processor.py:208} INFO - Processing /usr/local/python/3.12.1/lib/python3.12/site-packages/airflow/example_dags/tutorial.py took 0.053 seconds
[2025-03-28T18:43:04.951+0000] {processor.py:186} INFO - Started process (PID=19764) to work on /usr/local/python/3.12.1/lib/python3.12/site-packages/airflow/example_dags/tutorial.py
[2025-03-28T18:43:04.952+0000] {processor.py:914} INFO - Processing file /usr/local/python/3.12.1/lib/python3.12/site-packages/airflow/example_dags/tutorial.py for tasks to queue
[2025-03-28T18:43:04.953+0000] {logging_mixin.py:190} INFO - [2025-03-28T18:43:04.953+0000] {dagbag.py:588} INFO - Filling up the DagBag from /usr/local/python/3.12.1/lib/python3.12/site-packages/airflow/example_dags/tutorial.py
[2025-03-28T18:43:04.959+0000] {processor.py:925} INFO - DAG(s) 'tutorial' retrieved from /usr/local/python/3.12.1/lib/python3.12/site-packages/airflow/example_dags/tutorial.py
[2025-03-28T18:43:04.970+0000] {logging_mixin.py:190} INFO - [2025-03-28T18:43:04.970+0000] {dag.py:3239} INFO - Sync 1 DAGs
[2025-03-28T18:43:04.985+0000] {logging_mixin.py:190} INFO - [2025-03-28T18:43:04.985+0000] {dag.py:4180} INFO - Setting next_dagrun for tutorial to 2025-03-27 00:00:00+00:00, run_after=2025-03-28 00:00:00+00:00
[2025-03-28T18:43:04.999+0000] {processor.py:208} INFO - Processing /usr/local/python/3.12.1/lib/python3.12/site-packages/airflow/example_dags/tutorial.py took 0.052 seconds
[2025-03-28T18:44:00.300+0000] {processor.py:186} INFO - Started process (PID=20248) to work on /usr/local/python/3.12.1/lib/python3.12/site-packages/airflow/example_dags/tutorial.py
[2025-03-28T18:44:00.301+0000] {processor.py:914} INFO - Processing file /usr/local/python/3.12.1/lib/python3.12/site-packages/airflow/example_dags/tutorial.py for tasks to queue
[2025-03-28T18:44:00.302+0000] {logging_mixin.py:190} INFO - [2025-03-28T18:44:00.302+0000] {dagbag.py:588} INFO - Filling up the DagBag from /usr/local/python/3.12.1/lib/python3.12/site-packages/airflow/example_dags/tutorial.py
[2025-03-28T18:44:00.308+0000] {processor.py:925} INFO - DAG(s) 'tutorial' retrieved from /usr/local/python/3.12.1/lib/python3.12/site-packages/airflow/example_dags/tutorial.py
[2025-03-28T18:44:00.318+0000] {logging_mixin.py:190} INFO - [2025-03-28T18:44:00.318+0000] {dag.py:3239} INFO - Sync 1 DAGs
[2025-03-28T18:44:00.333+0000] {logging_mixin.py:190} INFO - [2025-03-28T18:44:00.333+0000] {dag.py:4180} INFO - Setting next_dagrun for tutorial to 2025-03-27 00:00:00+00:00, run_after=2025-03-28 00:00:00+00:00
[2025-03-28T18:44:00.348+0000] {processor.py:208} INFO - Processing /usr/local/python/3.12.1/lib/python3.12/site-packages/airflow/example_dags/tutorial.py took 0.051 seconds
[2025-03-28T18:44:54.550+0000] {processor.py:186} INFO - Started process (PID=20739) to work on /usr/local/python/3.12.1/lib/python3.12/site-packages/airflow/example_dags/tutorial.py
[2025-03-28T18:44:54.550+0000] {processor.py:914} INFO - Processing file /usr/local/python/3.12.1/lib/python3.12/site-packages/airflow/example_dags/tutorial.py for tasks to queue
[2025-03-28T18:44:54.552+0000] {logging_mixin.py:190} INFO - [2025-03-28T18:44:54.551+0000] {dagbag.py:588} INFO - Filling up the DagBag from /usr/local/python/3.12.1/lib/python3.12/site-packages/airflow/example_dags/tutorial.py
[2025-03-28T18:44:54.558+0000] {processor.py:925} INFO - DAG(s) 'tutorial' retrieved from /usr/local/python/3.12.1/lib/python3.12/site-packages/airflow/example_dags/tutorial.py
[2025-03-28T18:44:54.568+0000] {logging_mixin.py:190} INFO - [2025-03-28T18:44:54.568+0000] {dag.py:3239} INFO - Sync 1 DAGs
[2025-03-28T18:44:54.584+0000] {logging_mixin.py:190} INFO - [2025-03-28T18:44:54.584+0000] {dag.py:4180} INFO - Setting next_dagrun for tutorial to 2025-03-27 00:00:00+00:00, run_after=2025-03-28 00:00:00+00:00
[2025-03-28T18:44:54.601+0000] {processor.py:208} INFO - Processing /usr/local/python/3.12.1/lib/python3.12/site-packages/airflow/example_dags/tutorial.py took 0.055 seconds
[2025-03-28T18:45:48.183+0000] {processor.py:186} INFO - Started process (PID=21211) to work on /usr/local/python/3.12.1/lib/python3.12/site-packages/airflow/example_dags/tutorial.py
[2025-03-28T18:45:48.184+0000] {processor.py:914} INFO - Processing file /usr/local/python/3.12.1/lib/python3.12/site-packages/airflow/example_dags/tutorial.py for tasks to queue
[2025-03-28T18:45:48.185+0000] {logging_mixin.py:190} INFO - [2025-03-28T18:45:48.185+0000] {dagbag.py:588} INFO - Filling up the DagBag from /usr/local/python/3.12.1/lib/python3.12/site-packages/airflow/example_dags/tutorial.py
[2025-03-28T18:45:48.191+0000] {processor.py:925} INFO - DAG(s) 'tutorial' retrieved from /usr/local/python/3.12.1/lib/python3.12/site-packages/airflow/example_dags/tutorial.py
[2025-03-28T18:45:48.202+0000] {logging_mixin.py:190} INFO - [2025-03-28T18:45:48.201+0000] {dag.py:3239} INFO - Sync 1 DAGs
[2025-03-28T18:45:48.216+0000] {logging_mixin.py:190} INFO - [2025-03-28T18:45:48.216+0000] {dag.py:4180} INFO - Setting next_dagrun for tutorial to 2025-03-27 00:00:00+00:00, run_after=2025-03-28 00:00:00+00:00
[2025-03-28T18:45:48.231+0000] {processor.py:208} INFO - Processing /usr/local/python/3.12.1/lib/python3.12/site-packages/airflow/example_dags/tutorial.py took 0.052 seconds
[2025-03-28T18:46:41.275+0000] {processor.py:186} INFO - Started process (PID=21675) to work on /usr/local/python/3.12.1/lib/python3.12/site-packages/airflow/example_dags/tutorial.py
[2025-03-28T18:46:41.276+0000] {processor.py:914} INFO - Processing file /usr/local/python/3.12.1/lib/python3.12/site-packages/airflow/example_dags/tutorial.py for tasks to queue
[2025-03-28T18:46:41.277+0000] {logging_mixin.py:190} INFO - [2025-03-28T18:46:41.277+0000] {dagbag.py:588} INFO - Filling up the DagBag from /usr/local/python/3.12.1/lib/python3.12/site-packages/airflow/example_dags/tutorial.py
[2025-03-28T18:46:41.284+0000] {processor.py:925} INFO - DAG(s) 'tutorial' retrieved from /usr/local/python/3.12.1/lib/python3.12/site-packages/airflow/example_dags/tutorial.py
[2025-03-28T18:46:41.295+0000] {logging_mixin.py:190} INFO - [2025-03-28T18:46:41.295+0000] {dag.py:3239} INFO - Sync 1 DAGs
[2025-03-28T18:46:41.310+0000] {logging_mixin.py:190} INFO - [2025-03-28T18:46:41.310+0000] {dag.py:4180} INFO - Setting next_dagrun for tutorial to 2025-03-27 00:00:00+00:00, run_after=2025-03-28 00:00:00+00:00
[2025-03-28T18:46:41.325+0000] {processor.py:208} INFO - Processing /usr/local/python/3.12.1/lib/python3.12/site-packages/airflow/example_dags/tutorial.py took 0.054 seconds
[2025-03-28T18:47:34.806+0000] {processor.py:186} INFO - Started process (PID=22135) to work on /usr/local/python/3.12.1/lib/python3.12/site-packages/airflow/example_dags/tutorial.py
[2025-03-28T18:47:34.806+0000] {processor.py:914} INFO - Processing file /usr/local/python/3.12.1/lib/python3.12/site-packages/airflow/example_dags/tutorial.py for tasks to queue
[2025-03-28T18:47:34.807+0000] {logging_mixin.py:190} INFO - [2025-03-28T18:47:34.807+0000] {dagbag.py:588} INFO - Filling up the DagBag from /usr/local/python/3.12.1/lib/python3.12/site-packages/airflow/example_dags/tutorial.py
[2025-03-28T18:47:34.814+0000] {processor.py:925} INFO - DAG(s) 'tutorial' retrieved from /usr/local/python/3.12.1/lib/python3.12/site-packages/airflow/example_dags/tutorial.py
[2025-03-28T18:47:34.824+0000] {logging_mixin.py:190} INFO - [2025-03-28T18:47:34.824+0000] {dag.py:3239} INFO - Sync 1 DAGs
[2025-03-28T18:47:34.839+0000] {logging_mixin.py:190} INFO - [2025-03-28T18:47:34.839+0000] {dag.py:4180} INFO - Setting next_dagrun for tutorial to 2025-03-27 00:00:00+00:00, run_after=2025-03-28 00:00:00+00:00
[2025-03-28T18:47:34.854+0000] {processor.py:208} INFO - Processing /usr/local/python/3.12.1/lib/python3.12/site-packages/airflow/example_dags/tutorial.py took 0.052 seconds
[2025-03-28T18:48:27.340+0000] {processor.py:186} INFO - Started process (PID=22568) to work on /usr/local/python/3.12.1/lib/python3.12/site-packages/airflow/example_dags/tutorial.py
[2025-03-28T18:48:27.340+0000] {processor.py:914} INFO - Processing file /usr/local/python/3.12.1/lib/python3.12/site-packages/airflow/example_dags/tutorial.py for tasks to queue
[2025-03-28T18:48:27.341+0000] {logging_mixin.py:190} INFO - [2025-03-28T18:48:27.341+0000] {dagbag.py:588} INFO - Filling up the DagBag from /usr/local/python/3.12.1/lib/python3.12/site-packages/airflow/example_dags/tutorial.py
[2025-03-28T18:48:27.347+0000] {processor.py:925} INFO - DAG(s) 'tutorial' retrieved from /usr/local/python/3.12.1/lib/python3.12/site-packages/airflow/example_dags/tutorial.py
[2025-03-28T18:48:27.358+0000] {logging_mixin.py:190} INFO - [2025-03-28T18:48:27.358+0000] {dag.py:3239} INFO - Sync 1 DAGs
[2025-03-28T18:48:27.373+0000] {logging_mixin.py:190} INFO - [2025-03-28T18:48:27.373+0000] {dag.py:4180} INFO - Setting next_dagrun for tutorial to 2025-03-27 00:00:00+00:00, run_after=2025-03-28 00:00:00+00:00
[2025-03-28T18:48:27.388+0000] {processor.py:208} INFO - Processing /usr/local/python/3.12.1/lib/python3.12/site-packages/airflow/example_dags/tutorial.py took 0.052 seconds
[2025-03-28T18:49:22.932+0000] {processor.py:186} INFO - Started process (PID=22999) to work on /usr/local/python/3.12.1/lib/python3.12/site-packages/airflow/example_dags/tutorial.py
[2025-03-28T18:49:22.932+0000] {processor.py:914} INFO - Processing file /usr/local/python/3.12.1/lib/python3.12/site-packages/airflow/example_dags/tutorial.py for tasks to queue
[2025-03-28T18:49:22.933+0000] {logging_mixin.py:190} INFO - [2025-03-28T18:49:22.933+0000] {dagbag.py:588} INFO - Filling up the DagBag from /usr/local/python/3.12.1/lib/python3.12/site-packages/airflow/example_dags/tutorial.py
[2025-03-28T18:49:22.940+0000] {processor.py:925} INFO - DAG(s) 'tutorial' retrieved from /usr/local/python/3.12.1/lib/python3.12/site-packages/airflow/example_dags/tutorial.py
[2025-03-28T18:49:22.950+0000] {logging_mixin.py:190} INFO - [2025-03-28T18:49:22.950+0000] {dag.py:3239} INFO - Sync 1 DAGs
[2025-03-28T18:49:22.966+0000] {logging_mixin.py:190} INFO - [2025-03-28T18:49:22.965+0000] {dag.py:4180} INFO - Setting next_dagrun for tutorial to 2025-03-27 00:00:00+00:00, run_after=2025-03-28 00:00:00+00:00
[2025-03-28T18:49:22.980+0000] {processor.py:208} INFO - Processing /usr/local/python/3.12.1/lib/python3.12/site-packages/airflow/example_dags/tutorial.py took 0.052 seconds
[2025-03-28T18:50:20.647+0000] {processor.py:186} INFO - Started process (PID=23487) to work on /usr/local/python/3.12.1/lib/python3.12/site-packages/airflow/example_dags/tutorial.py
[2025-03-28T18:50:20.647+0000] {processor.py:914} INFO - Processing file /usr/local/python/3.12.1/lib/python3.12/site-packages/airflow/example_dags/tutorial.py for tasks to queue
[2025-03-28T18:50:20.648+0000] {logging_mixin.py:190} INFO - [2025-03-28T18:50:20.648+0000] {dagbag.py:588} INFO - Filling up the DagBag from /usr/local/python/3.12.1/lib/python3.12/site-packages/airflow/example_dags/tutorial.py
[2025-03-28T18:50:20.655+0000] {processor.py:925} INFO - DAG(s) 'tutorial' retrieved from /usr/local/python/3.12.1/lib/python3.12/site-packages/airflow/example_dags/tutorial.py
[2025-03-28T18:50:20.665+0000] {logging_mixin.py:190} INFO - [2025-03-28T18:50:20.665+0000] {dag.py:3239} INFO - Sync 1 DAGs
[2025-03-28T18:50:20.680+0000] {logging_mixin.py:190} INFO - [2025-03-28T18:50:20.679+0000] {dag.py:4180} INFO - Setting next_dagrun for tutorial to 2025-03-27 00:00:00+00:00, run_after=2025-03-28 00:00:00+00:00
[2025-03-28T18:50:20.694+0000] {processor.py:208} INFO - Processing /usr/local/python/3.12.1/lib/python3.12/site-packages/airflow/example_dags/tutorial.py took 0.052 seconds
[2025-03-28T18:51:58.469+0000] {processor.py:186} INFO - Started process (PID=24382) to work on /usr/local/python/3.12.1/lib/python3.12/site-packages/airflow/example_dags/tutorial.py
[2025-03-28T18:51:58.469+0000] {processor.py:914} INFO - Processing file /usr/local/python/3.12.1/lib/python3.12/site-packages/airflow/example_dags/tutorial.py for tasks to queue
[2025-03-28T18:51:58.470+0000] {logging_mixin.py:190} INFO - [2025-03-28T18:51:58.470+0000] {dagbag.py:588} INFO - Filling up the DagBag from /usr/local/python/3.12.1/lib/python3.12/site-packages/airflow/example_dags/tutorial.py
[2025-03-28T18:51:58.477+0000] {processor.py:925} INFO - DAG(s) 'tutorial' retrieved from /usr/local/python/3.12.1/lib/python3.12/site-packages/airflow/example_dags/tutorial.py
[2025-03-28T18:51:58.487+0000] {logging_mixin.py:190} INFO - [2025-03-28T18:51:58.487+0000] {dag.py:3239} INFO - Sync 1 DAGs
[2025-03-28T18:51:58.503+0000] {logging_mixin.py:190} INFO - [2025-03-28T18:51:58.503+0000] {dag.py:4180} INFO - Setting next_dagrun for tutorial to 2025-03-27 00:00:00+00:00, run_after=2025-03-28 00:00:00+00:00
[2025-03-28T18:51:58.521+0000] {processor.py:208} INFO - Processing /usr/local/python/3.12.1/lib/python3.12/site-packages/airflow/example_dags/tutorial.py took 0.056 seconds
[2025-03-28T18:54:28.807+0000] {processor.py:186} INFO - Started process (PID=25844) to work on /usr/local/python/3.12.1/lib/python3.12/site-packages/airflow/example_dags/tutorial.py
[2025-03-28T18:54:28.808+0000] {processor.py:914} INFO - Processing file /usr/local/python/3.12.1/lib/python3.12/site-packages/airflow/example_dags/tutorial.py for tasks to queue
[2025-03-28T18:54:28.808+0000] {logging_mixin.py:190} INFO - [2025-03-28T18:54:28.808+0000] {dagbag.py:588} INFO - Filling up the DagBag from /usr/local/python/3.12.1/lib/python3.12/site-packages/airflow/example_dags/tutorial.py
[2025-03-28T18:54:28.815+0000] {processor.py:925} INFO - DAG(s) 'tutorial' retrieved from /usr/local/python/3.12.1/lib/python3.12/site-packages/airflow/example_dags/tutorial.py
[2025-03-28T18:54:28.826+0000] {logging_mixin.py:190} INFO - [2025-03-28T18:54:28.826+0000] {dag.py:3239} INFO - Sync 1 DAGs
[2025-03-28T18:54:28.841+0000] {logging_mixin.py:190} INFO - [2025-03-28T18:54:28.841+0000] {dag.py:4180} INFO - Setting next_dagrun for tutorial to 2025-03-27 00:00:00+00:00, run_after=2025-03-28 00:00:00+00:00
[2025-03-28T18:54:28.856+0000] {processor.py:208} INFO - Processing /usr/local/python/3.12.1/lib/python3.12/site-packages/airflow/example_dags/tutorial.py took 0.053 seconds
[2025-03-28T18:57:04.475+0000] {processor.py:186} INFO - Started process (PID=27504) to work on /usr/local/python/3.12.1/lib/python3.12/site-packages/airflow/example_dags/tutorial.py
[2025-03-28T18:57:04.475+0000] {processor.py:914} INFO - Processing file /usr/local/python/3.12.1/lib/python3.12/site-packages/airflow/example_dags/tutorial.py for tasks to queue
[2025-03-28T18:57:04.476+0000] {logging_mixin.py:190} INFO - [2025-03-28T18:57:04.476+0000] {dagbag.py:588} INFO - Filling up the DagBag from /usr/local/python/3.12.1/lib/python3.12/site-packages/airflow/example_dags/tutorial.py
[2025-03-28T18:57:04.483+0000] {processor.py:925} INFO - DAG(s) 'tutorial' retrieved from /usr/local/python/3.12.1/lib/python3.12/site-packages/airflow/example_dags/tutorial.py
[2025-03-28T18:57:04.494+0000] {logging_mixin.py:190} INFO - [2025-03-28T18:57:04.494+0000] {dag.py:3239} INFO - Sync 1 DAGs
[2025-03-28T18:57:04.509+0000] {logging_mixin.py:190} INFO - [2025-03-28T18:57:04.508+0000] {dag.py:4180} INFO - Setting next_dagrun for tutorial to 2025-03-27 00:00:00+00:00, run_after=2025-03-28 00:00:00+00:00
[2025-03-28T18:57:04.523+0000] {processor.py:208} INFO - Processing /usr/local/python/3.12.1/lib/python3.12/site-packages/airflow/example_dags/tutorial.py took 0.052 seconds
[2025-03-28T18:59:38.813+0000] {processor.py:186} INFO - Started process (PID=29135) to work on /usr/local/python/3.12.1/lib/python3.12/site-packages/airflow/example_dags/tutorial.py
[2025-03-28T18:59:38.813+0000] {processor.py:914} INFO - Processing file /usr/local/python/3.12.1/lib/python3.12/site-packages/airflow/example_dags/tutorial.py for tasks to queue
[2025-03-28T18:59:38.814+0000] {logging_mixin.py:190} INFO - [2025-03-28T18:59:38.814+0000] {dagbag.py:588} INFO - Filling up the DagBag from /usr/local/python/3.12.1/lib/python3.12/site-packages/airflow/example_dags/tutorial.py
[2025-03-28T18:59:38.821+0000] {processor.py:925} INFO - DAG(s) 'tutorial' retrieved from /usr/local/python/3.12.1/lib/python3.12/site-packages/airflow/example_dags/tutorial.py
[2025-03-28T18:59:38.831+0000] {logging_mixin.py:190} INFO - [2025-03-28T18:59:38.831+0000] {dag.py:3239} INFO - Sync 1 DAGs
[2025-03-28T18:59:38.847+0000] {logging_mixin.py:190} INFO - [2025-03-28T18:59:38.847+0000] {dag.py:4180} INFO - Setting next_dagrun for tutorial to 2025-03-27 00:00:00+00:00, run_after=2025-03-28 00:00:00+00:00
[2025-03-28T18:59:38.862+0000] {processor.py:208} INFO - Processing /usr/local/python/3.12.1/lib/python3.12/site-packages/airflow/example_dags/tutorial.py took 0.053 seconds
[2025-03-28T19:02:15.022+0000] {processor.py:186} INFO - Started process (PID=30933) to work on /usr/local/python/3.12.1/lib/python3.12/site-packages/airflow/example_dags/tutorial.py
[2025-03-28T19:02:15.022+0000] {processor.py:914} INFO - Processing file /usr/local/python/3.12.1/lib/python3.12/site-packages/airflow/example_dags/tutorial.py for tasks to queue
[2025-03-28T19:02:15.023+0000] {logging_mixin.py:190} INFO - [2025-03-28T19:02:15.023+0000] {dagbag.py:588} INFO - Filling up the DagBag from /usr/local/python/3.12.1/lib/python3.12/site-packages/airflow/example_dags/tutorial.py
[2025-03-28T19:02:15.029+0000] {processor.py:925} INFO - DAG(s) 'tutorial' retrieved from /usr/local/python/3.12.1/lib/python3.12/site-packages/airflow/example_dags/tutorial.py
[2025-03-28T19:02:15.040+0000] {logging_mixin.py:190} INFO - [2025-03-28T19:02:15.040+0000] {dag.py:3239} INFO - Sync 1 DAGs
[2025-03-28T19:02:15.055+0000] {logging_mixin.py:190} INFO - [2025-03-28T19:02:15.055+0000] {dag.py:4180} INFO - Setting next_dagrun for tutorial to 2025-03-27 00:00:00+00:00, run_after=2025-03-28 00:00:00+00:00
[2025-03-28T19:02:15.069+0000] {processor.py:208} INFO - Processing /usr/local/python/3.12.1/lib/python3.12/site-packages/airflow/example_dags/tutorial.py took 0.052 seconds
[2025-03-28T19:04:49.964+0000] {processor.py:186} INFO - Started process (PID=32712) to work on /usr/local/python/3.12.1/lib/python3.12/site-packages/airflow/example_dags/tutorial.py
[2025-03-28T19:04:49.964+0000] {processor.py:914} INFO - Processing file /usr/local/python/3.12.1/lib/python3.12/site-packages/airflow/example_dags/tutorial.py for tasks to queue
[2025-03-28T19:04:49.965+0000] {logging_mixin.py:190} INFO - [2025-03-28T19:04:49.965+0000] {dagbag.py:588} INFO - Filling up the DagBag from /usr/local/python/3.12.1/lib/python3.12/site-packages/airflow/example_dags/tutorial.py
[2025-03-28T19:04:49.972+0000] {processor.py:925} INFO - DAG(s) 'tutorial' retrieved from /usr/local/python/3.12.1/lib/python3.12/site-packages/airflow/example_dags/tutorial.py
[2025-03-28T19:04:49.982+0000] {logging_mixin.py:190} INFO - [2025-03-28T19:04:49.982+0000] {dag.py:3239} INFO - Sync 1 DAGs
[2025-03-28T19:04:49.997+0000] {logging_mixin.py:190} INFO - [2025-03-28T19:04:49.997+0000] {dag.py:4180} INFO - Setting next_dagrun for tutorial to 2025-03-27 00:00:00+00:00, run_after=2025-03-28 00:00:00+00:00
[2025-03-28T19:04:50.012+0000] {processor.py:208} INFO - Processing /usr/local/python/3.12.1/lib/python3.12/site-packages/airflow/example_dags/tutorial.py took 0.052 seconds
[2025-03-28T19:07:25.307+0000] {processor.py:186} INFO - Started process (PID=34318) to work on /usr/local/python/3.12.1/lib/python3.12/site-packages/airflow/example_dags/tutorial.py
[2025-03-28T19:07:25.307+0000] {processor.py:914} INFO - Processing file /usr/local/python/3.12.1/lib/python3.12/site-packages/airflow/example_dags/tutorial.py for tasks to queue
[2025-03-28T19:07:25.308+0000] {logging_mixin.py:190} INFO - [2025-03-28T19:07:25.308+0000] {dagbag.py:588} INFO - Filling up the DagBag from /usr/local/python/3.12.1/lib/python3.12/site-packages/airflow/example_dags/tutorial.py
[2025-03-28T19:07:25.315+0000] {processor.py:925} INFO - DAG(s) 'tutorial' retrieved from /usr/local/python/3.12.1/lib/python3.12/site-packages/airflow/example_dags/tutorial.py
[2025-03-28T19:07:25.325+0000] {logging_mixin.py:190} INFO - [2025-03-28T19:07:25.325+0000] {dag.py:3239} INFO - Sync 1 DAGs
[2025-03-28T19:07:25.340+0000] {logging_mixin.py:190} INFO - [2025-03-28T19:07:25.340+0000] {dag.py:4180} INFO - Setting next_dagrun for tutorial to 2025-03-27 00:00:00+00:00, run_after=2025-03-28 00:00:00+00:00
[2025-03-28T19:07:25.354+0000] {processor.py:208} INFO - Processing /usr/local/python/3.12.1/lib/python3.12/site-packages/airflow/example_dags/tutorial.py took 0.052 seconds
[2025-03-28T19:10:21.942+0000] {processor.py:186} INFO - Started process (PID=37657) to work on /usr/local/python/3.12.1/lib/python3.12/site-packages/airflow/example_dags/tutorial.py
[2025-03-28T19:10:21.942+0000] {processor.py:914} INFO - Processing file /usr/local/python/3.12.1/lib/python3.12/site-packages/airflow/example_dags/tutorial.py for tasks to queue
[2025-03-28T19:10:21.944+0000] {logging_mixin.py:190} INFO - [2025-03-28T19:10:21.944+0000] {dagbag.py:588} INFO - Filling up the DagBag from /usr/local/python/3.12.1/lib/python3.12/site-packages/airflow/example_dags/tutorial.py
[2025-03-28T19:10:21.951+0000] {processor.py:925} INFO - DAG(s) 'tutorial' retrieved from /usr/local/python/3.12.1/lib/python3.12/site-packages/airflow/example_dags/tutorial.py
[2025-03-28T19:10:21.974+0000] {logging_mixin.py:190} INFO - [2025-03-28T19:10:21.974+0000] {dag.py:3239} INFO - Sync 1 DAGs
[2025-03-28T19:10:21.989+0000] {logging_mixin.py:190} INFO - [2025-03-28T19:10:21.989+0000] {dag.py:4180} INFO - Setting next_dagrun for tutorial to 2025-03-27 00:00:00+00:00, run_after=2025-03-28 00:00:00+00:00
[2025-03-28T19:10:22.004+0000] {processor.py:208} INFO - Processing /usr/local/python/3.12.1/lib/python3.12/site-packages/airflow/example_dags/tutorial.py took 0.066 seconds
[2025-03-28T19:13:26.677+0000] {processor.py:186} INFO - Started process (PID=39665) to work on /usr/local/python/3.12.1/lib/python3.12/site-packages/airflow/example_dags/tutorial.py
[2025-03-28T19:13:26.677+0000] {processor.py:914} INFO - Processing file /usr/local/python/3.12.1/lib/python3.12/site-packages/airflow/example_dags/tutorial.py for tasks to queue
[2025-03-28T19:13:26.679+0000] {logging_mixin.py:190} INFO - [2025-03-28T19:13:26.678+0000] {dagbag.py:588} INFO - Filling up the DagBag from /usr/local/python/3.12.1/lib/python3.12/site-packages/airflow/example_dags/tutorial.py
[2025-03-28T19:13:26.686+0000] {processor.py:925} INFO - DAG(s) 'tutorial' retrieved from /usr/local/python/3.12.1/lib/python3.12/site-packages/airflow/example_dags/tutorial.py
[2025-03-28T19:13:26.697+0000] {logging_mixin.py:190} INFO - [2025-03-28T19:13:26.697+0000] {dag.py:3239} INFO - Sync 1 DAGs
[2025-03-28T19:13:26.712+0000] {logging_mixin.py:190} INFO - [2025-03-28T19:13:26.712+0000] {dag.py:4180} INFO - Setting next_dagrun for tutorial to 2025-03-27 00:00:00+00:00, run_after=2025-03-28 00:00:00+00:00
[2025-03-28T19:13:26.727+0000] {processor.py:208} INFO - Processing /usr/local/python/3.12.1/lib/python3.12/site-packages/airflow/example_dags/tutorial.py took 0.055 seconds
[2025-03-28T19:16:01.745+0000] {processor.py:186} INFO - Started process (PID=41238) to work on /usr/local/python/3.12.1/lib/python3.12/site-packages/airflow/example_dags/tutorial.py
[2025-03-28T19:16:01.746+0000] {processor.py:914} INFO - Processing file /usr/local/python/3.12.1/lib/python3.12/site-packages/airflow/example_dags/tutorial.py for tasks to queue
[2025-03-28T19:16:01.747+0000] {logging_mixin.py:190} INFO - [2025-03-28T19:16:01.747+0000] {dagbag.py:588} INFO - Filling up the DagBag from /usr/local/python/3.12.1/lib/python3.12/site-packages/airflow/example_dags/tutorial.py
[2025-03-28T19:16:01.753+0000] {processor.py:925} INFO - DAG(s) 'tutorial' retrieved from /usr/local/python/3.12.1/lib/python3.12/site-packages/airflow/example_dags/tutorial.py
[2025-03-28T19:16:01.764+0000] {logging_mixin.py:190} INFO - [2025-03-28T19:16:01.764+0000] {dag.py:3239} INFO - Sync 1 DAGs
[2025-03-28T19:16:01.779+0000] {logging_mixin.py:190} INFO - [2025-03-28T19:16:01.778+0000] {dag.py:4180} INFO - Setting next_dagrun for tutorial to 2025-03-27 00:00:00+00:00, run_after=2025-03-28 00:00:00+00:00
[2025-03-28T19:16:01.793+0000] {processor.py:208} INFO - Processing /usr/local/python/3.12.1/lib/python3.12/site-packages/airflow/example_dags/tutorial.py took 0.052 seconds
[2025-03-28T19:18:35.974+0000] {processor.py:186} INFO - Started process (PID=42763) to work on /usr/local/python/3.12.1/lib/python3.12/site-packages/airflow/example_dags/tutorial.py
[2025-03-28T19:18:35.975+0000] {processor.py:914} INFO - Processing file /usr/local/python/3.12.1/lib/python3.12/site-packages/airflow/example_dags/tutorial.py for tasks to queue
[2025-03-28T19:18:35.976+0000] {logging_mixin.py:190} INFO - [2025-03-28T19:18:35.976+0000] {dagbag.py:588} INFO - Filling up the DagBag from /usr/local/python/3.12.1/lib/python3.12/site-packages/airflow/example_dags/tutorial.py
[2025-03-28T19:18:35.982+0000] {processor.py:925} INFO - DAG(s) 'tutorial' retrieved from /usr/local/python/3.12.1/lib/python3.12/site-packages/airflow/example_dags/tutorial.py
[2025-03-28T19:18:35.993+0000] {logging_mixin.py:190} INFO - [2025-03-28T19:18:35.992+0000] {dag.py:3239} INFO - Sync 1 DAGs
[2025-03-28T19:18:36.008+0000] {logging_mixin.py:190} INFO - [2025-03-28T19:18:36.008+0000] {dag.py:4180} INFO - Setting next_dagrun for tutorial to 2025-03-27 00:00:00+00:00, run_after=2025-03-28 00:00:00+00:00
[2025-03-28T19:18:36.022+0000] {processor.py:208} INFO - Processing /usr/local/python/3.12.1/lib/python3.12/site-packages/airflow/example_dags/tutorial.py took 0.052 seconds
[2025-03-28T19:21:11.362+0000] {processor.py:186} INFO - Started process (PID=44282) to work on /usr/local/python/3.12.1/lib/python3.12/site-packages/airflow/example_dags/tutorial.py
[2025-03-28T19:21:11.362+0000] {processor.py:914} INFO - Processing file /usr/local/python/3.12.1/lib/python3.12/site-packages/airflow/example_dags/tutorial.py for tasks to queue
[2025-03-28T19:21:11.364+0000] {logging_mixin.py:190} INFO - [2025-03-28T19:21:11.363+0000] {dagbag.py:588} INFO - Filling up the DagBag from /usr/local/python/3.12.1/lib/python3.12/site-packages/airflow/example_dags/tutorial.py
[2025-03-28T19:21:11.370+0000] {processor.py:925} INFO - DAG(s) 'tutorial' retrieved from /usr/local/python/3.12.1/lib/python3.12/site-packages/airflow/example_dags/tutorial.py
[2025-03-28T19:21:11.380+0000] {logging_mixin.py:190} INFO - [2025-03-28T19:21:11.380+0000] {dag.py:3239} INFO - Sync 1 DAGs
[2025-03-28T19:21:11.395+0000] {logging_mixin.py:190} INFO - [2025-03-28T19:21:11.395+0000] {dag.py:4180} INFO - Setting next_dagrun for tutorial to 2025-03-27 00:00:00+00:00, run_after=2025-03-28 00:00:00+00:00
[2025-03-28T19:21:11.413+0000] {processor.py:208} INFO - Processing /usr/local/python/3.12.1/lib/python3.12/site-packages/airflow/example_dags/tutorial.py took 0.056 seconds
[2025-03-28T19:23:47.098+0000] {processor.py:186} INFO - Started process (PID=45807) to work on /usr/local/python/3.12.1/lib/python3.12/site-packages/airflow/example_dags/tutorial.py
[2025-03-28T19:23:47.098+0000] {processor.py:914} INFO - Processing file /usr/local/python/3.12.1/lib/python3.12/site-packages/airflow/example_dags/tutorial.py for tasks to queue
[2025-03-28T19:23:47.100+0000] {logging_mixin.py:190} INFO - [2025-03-28T19:23:47.100+0000] {dagbag.py:588} INFO - Filling up the DagBag from /usr/local/python/3.12.1/lib/python3.12/site-packages/airflow/example_dags/tutorial.py
[2025-03-28T19:23:47.106+0000] {processor.py:925} INFO - DAG(s) 'tutorial' retrieved from /usr/local/python/3.12.1/lib/python3.12/site-packages/airflow/example_dags/tutorial.py
[2025-03-28T19:23:47.117+0000] {logging_mixin.py:190} INFO - [2025-03-28T19:23:47.117+0000] {dag.py:3239} INFO - Sync 1 DAGs
[2025-03-28T19:23:47.131+0000] {logging_mixin.py:190} INFO - [2025-03-28T19:23:47.131+0000] {dag.py:4180} INFO - Setting next_dagrun for tutorial to 2025-03-27 00:00:00+00:00, run_after=2025-03-28 00:00:00+00:00
[2025-03-28T19:23:47.146+0000] {processor.py:208} INFO - Processing /usr/local/python/3.12.1/lib/python3.12/site-packages/airflow/example_dags/tutorial.py took 0.052 seconds
[2025-03-28T19:25:34.010+0000] {processor.py:186} INFO - Started process (PID=46838) to work on /usr/local/python/3.12.1/lib/python3.12/site-packages/airflow/example_dags/tutorial.py
[2025-03-28T19:25:34.011+0000] {processor.py:914} INFO - Processing file /usr/local/python/3.12.1/lib/python3.12/site-packages/airflow/example_dags/tutorial.py for tasks to queue
[2025-03-28T19:25:34.012+0000] {logging_mixin.py:190} INFO - [2025-03-28T19:25:34.012+0000] {dagbag.py:588} INFO - Filling up the DagBag from /usr/local/python/3.12.1/lib/python3.12/site-packages/airflow/example_dags/tutorial.py
[2025-03-28T19:25:34.018+0000] {processor.py:925} INFO - DAG(s) 'tutorial' retrieved from /usr/local/python/3.12.1/lib/python3.12/site-packages/airflow/example_dags/tutorial.py
[2025-03-28T19:25:34.029+0000] {logging_mixin.py:190} INFO - [2025-03-28T19:25:34.029+0000] {dag.py:3239} INFO - Sync 1 DAGs
[2025-03-28T19:25:34.044+0000] {logging_mixin.py:190} INFO - [2025-03-28T19:25:34.044+0000] {dag.py:4180} INFO - Setting next_dagrun for tutorial to 2025-03-27 00:00:00+00:00, run_after=2025-03-28 00:00:00+00:00
[2025-03-28T19:25:34.059+0000] {processor.py:208} INFO - Processing /usr/local/python/3.12.1/lib/python3.12/site-packages/airflow/example_dags/tutorial.py took 0.053 seconds
[2025-03-28T19:26:29.934+0000] {processor.py:186} INFO - Started process (PID=47265) to work on /usr/local/python/3.12.1/lib/python3.12/site-packages/airflow/example_dags/tutorial.py
[2025-03-28T19:26:29.935+0000] {processor.py:914} INFO - Processing file /usr/local/python/3.12.1/lib/python3.12/site-packages/airflow/example_dags/tutorial.py for tasks to queue
[2025-03-28T19:26:29.936+0000] {logging_mixin.py:190} INFO - [2025-03-28T19:26:29.936+0000] {dagbag.py:588} INFO - Filling up the DagBag from /usr/local/python/3.12.1/lib/python3.12/site-packages/airflow/example_dags/tutorial.py
[2025-03-28T19:26:29.942+0000] {processor.py:925} INFO - DAG(s) 'tutorial' retrieved from /usr/local/python/3.12.1/lib/python3.12/site-packages/airflow/example_dags/tutorial.py
[2025-03-28T19:26:29.953+0000] {logging_mixin.py:190} INFO - [2025-03-28T19:26:29.953+0000] {dag.py:3239} INFO - Sync 1 DAGs
[2025-03-28T19:26:29.968+0000] {logging_mixin.py:190} INFO - [2025-03-28T19:26:29.968+0000] {dag.py:4180} INFO - Setting next_dagrun for tutorial to 2025-03-27 00:00:00+00:00, run_after=2025-03-28 00:00:00+00:00
[2025-03-28T19:26:29.983+0000] {processor.py:208} INFO - Processing /usr/local/python/3.12.1/lib/python3.12/site-packages/airflow/example_dags/tutorial.py took 0.053 seconds
[2025-03-28T19:27:22.520+0000] {processor.py:186} INFO - Started process (PID=47697) to work on /usr/local/python/3.12.1/lib/python3.12/site-packages/airflow/example_dags/tutorial.py
[2025-03-28T19:27:22.520+0000] {processor.py:914} INFO - Processing file /usr/local/python/3.12.1/lib/python3.12/site-packages/airflow/example_dags/tutorial.py for tasks to queue
[2025-03-28T19:27:22.522+0000] {logging_mixin.py:190} INFO - [2025-03-28T19:27:22.522+0000] {dagbag.py:588} INFO - Filling up the DagBag from /usr/local/python/3.12.1/lib/python3.12/site-packages/airflow/example_dags/tutorial.py
[2025-03-28T19:27:22.528+0000] {processor.py:925} INFO - DAG(s) 'tutorial' retrieved from /usr/local/python/3.12.1/lib/python3.12/site-packages/airflow/example_dags/tutorial.py
[2025-03-28T19:27:22.538+0000] {logging_mixin.py:190} INFO - [2025-03-28T19:27:22.538+0000] {dag.py:3239} INFO - Sync 1 DAGs
[2025-03-28T19:27:22.553+0000] {logging_mixin.py:190} INFO - [2025-03-28T19:27:22.553+0000] {dag.py:4180} INFO - Setting next_dagrun for tutorial to 2025-03-27 00:00:00+00:00, run_after=2025-03-28 00:00:00+00:00
[2025-03-28T19:27:22.568+0000] {processor.py:208} INFO - Processing /usr/local/python/3.12.1/lib/python3.12/site-packages/airflow/example_dags/tutorial.py took 0.052 seconds
[2025-03-28T19:28:14.337+0000] {processor.py:186} INFO - Started process (PID=48104) to work on /usr/local/python/3.12.1/lib/python3.12/site-packages/airflow/example_dags/tutorial.py
[2025-03-28T19:28:14.337+0000] {processor.py:914} INFO - Processing file /usr/local/python/3.12.1/lib/python3.12/site-packages/airflow/example_dags/tutorial.py for tasks to queue
[2025-03-28T19:28:14.339+0000] {logging_mixin.py:190} INFO - [2025-03-28T19:28:14.339+0000] {dagbag.py:588} INFO - Filling up the DagBag from /usr/local/python/3.12.1/lib/python3.12/site-packages/airflow/example_dags/tutorial.py
[2025-03-28T19:28:14.345+0000] {processor.py:925} INFO - DAG(s) 'tutorial' retrieved from /usr/local/python/3.12.1/lib/python3.12/site-packages/airflow/example_dags/tutorial.py
[2025-03-28T19:28:14.356+0000] {logging_mixin.py:190} INFO - [2025-03-28T19:28:14.355+0000] {dag.py:3239} INFO - Sync 1 DAGs
[2025-03-28T19:28:14.370+0000] {logging_mixin.py:190} INFO - [2025-03-28T19:28:14.370+0000] {dag.py:4180} INFO - Setting next_dagrun for tutorial to 2025-03-27 00:00:00+00:00, run_after=2025-03-28 00:00:00+00:00
[2025-03-28T19:28:14.384+0000] {processor.py:208} INFO - Processing /usr/local/python/3.12.1/lib/python3.12/site-packages/airflow/example_dags/tutorial.py took 0.052 seconds
[2025-03-28T19:29:05.731+0000] {processor.py:186} INFO - Started process (PID=48504) to work on /usr/local/python/3.12.1/lib/python3.12/site-packages/airflow/example_dags/tutorial.py
[2025-03-28T19:29:05.732+0000] {processor.py:914} INFO - Processing file /usr/local/python/3.12.1/lib/python3.12/site-packages/airflow/example_dags/tutorial.py for tasks to queue
[2025-03-28T19:29:05.733+0000] {logging_mixin.py:190} INFO - [2025-03-28T19:29:05.733+0000] {dagbag.py:588} INFO - Filling up the DagBag from /usr/local/python/3.12.1/lib/python3.12/site-packages/airflow/example_dags/tutorial.py
[2025-03-28T19:29:05.739+0000] {processor.py:925} INFO - DAG(s) 'tutorial' retrieved from /usr/local/python/3.12.1/lib/python3.12/site-packages/airflow/example_dags/tutorial.py
[2025-03-28T19:29:05.750+0000] {logging_mixin.py:190} INFO - [2025-03-28T19:29:05.750+0000] {dag.py:3239} INFO - Sync 1 DAGs
[2025-03-28T19:29:05.765+0000] {logging_mixin.py:190} INFO - [2025-03-28T19:29:05.765+0000] {dag.py:4180} INFO - Setting next_dagrun for tutorial to 2025-03-27 00:00:00+00:00, run_after=2025-03-28 00:00:00+00:00
[2025-03-28T19:29:05.780+0000] {processor.py:208} INFO - Processing /usr/local/python/3.12.1/lib/python3.12/site-packages/airflow/example_dags/tutorial.py took 0.053 seconds
[2025-03-28T19:30:02.107+0000] {processor.py:186} INFO - Started process (PID=48942) to work on /usr/local/python/3.12.1/lib/python3.12/site-packages/airflow/example_dags/tutorial.py
[2025-03-28T19:30:02.108+0000] {processor.py:914} INFO - Processing file /usr/local/python/3.12.1/lib/python3.12/site-packages/airflow/example_dags/tutorial.py for tasks to queue
[2025-03-28T19:30:02.109+0000] {logging_mixin.py:190} INFO - [2025-03-28T19:30:02.109+0000] {dagbag.py:588} INFO - Filling up the DagBag from /usr/local/python/3.12.1/lib/python3.12/site-packages/airflow/example_dags/tutorial.py
[2025-03-28T19:30:02.115+0000] {processor.py:925} INFO - DAG(s) 'tutorial' retrieved from /usr/local/python/3.12.1/lib/python3.12/site-packages/airflow/example_dags/tutorial.py
[2025-03-28T19:30:02.126+0000] {logging_mixin.py:190} INFO - [2025-03-28T19:30:02.126+0000] {dag.py:3239} INFO - Sync 1 DAGs
[2025-03-28T19:30:02.141+0000] {logging_mixin.py:190} INFO - [2025-03-28T19:30:02.141+0000] {dag.py:4180} INFO - Setting next_dagrun for tutorial to 2025-03-27 00:00:00+00:00, run_after=2025-03-28 00:00:00+00:00
[2025-03-28T19:30:02.156+0000] {processor.py:208} INFO - Processing /usr/local/python/3.12.1/lib/python3.12/site-packages/airflow/example_dags/tutorial.py took 0.053 seconds
[2025-03-28T19:30:56.497+0000] {processor.py:186} INFO - Started process (PID=49382) to work on /usr/local/python/3.12.1/lib/python3.12/site-packages/airflow/example_dags/tutorial.py
[2025-03-28T19:30:56.497+0000] {processor.py:914} INFO - Processing file /usr/local/python/3.12.1/lib/python3.12/site-packages/airflow/example_dags/tutorial.py for tasks to queue
[2025-03-28T19:30:56.499+0000] {logging_mixin.py:190} INFO - [2025-03-28T19:30:56.499+0000] {dagbag.py:588} INFO - Filling up the DagBag from /usr/local/python/3.12.1/lib/python3.12/site-packages/airflow/example_dags/tutorial.py
[2025-03-28T19:30:56.505+0000] {processor.py:925} INFO - DAG(s) 'tutorial' retrieved from /usr/local/python/3.12.1/lib/python3.12/site-packages/airflow/example_dags/tutorial.py
[2025-03-28T19:30:56.516+0000] {logging_mixin.py:190} INFO - [2025-03-28T19:30:56.516+0000] {dag.py:3239} INFO - Sync 1 DAGs
[2025-03-28T19:30:56.530+0000] {logging_mixin.py:190} INFO - [2025-03-28T19:30:56.530+0000] {dag.py:4180} INFO - Setting next_dagrun for tutorial to 2025-03-27 00:00:00+00:00, run_after=2025-03-28 00:00:00+00:00
[2025-03-28T19:30:56.545+0000] {processor.py:208} INFO - Processing /usr/local/python/3.12.1/lib/python3.12/site-packages/airflow/example_dags/tutorial.py took 0.053 seconds
[2025-03-28T19:31:35.899+0000] {processor.py:186} INFO - Started process (PID=49689) to work on /usr/local/python/3.12.1/lib/python3.12/site-packages/airflow/example_dags/tutorial.py
[2025-03-28T19:31:35.899+0000] {processor.py:914} INFO - Processing file /usr/local/python/3.12.1/lib/python3.12/site-packages/airflow/example_dags/tutorial.py for tasks to queue
[2025-03-28T19:31:35.901+0000] {logging_mixin.py:190} INFO - [2025-03-28T19:31:35.901+0000] {dagbag.py:588} INFO - Filling up the DagBag from /usr/local/python/3.12.1/lib/python3.12/site-packages/airflow/example_dags/tutorial.py
[2025-03-28T19:31:35.907+0000] {processor.py:925} INFO - DAG(s) 'tutorial' retrieved from /usr/local/python/3.12.1/lib/python3.12/site-packages/airflow/example_dags/tutorial.py
[2025-03-28T19:31:35.918+0000] {logging_mixin.py:190} INFO - [2025-03-28T19:31:35.918+0000] {dag.py:3239} INFO - Sync 1 DAGs
[2025-03-28T19:31:35.933+0000] {logging_mixin.py:190} INFO - [2025-03-28T19:31:35.933+0000] {dag.py:4180} INFO - Setting next_dagrun for tutorial to 2025-03-27 00:00:00+00:00, run_after=2025-03-28 00:00:00+00:00
[2025-03-28T19:31:35.948+0000] {processor.py:208} INFO - Processing /usr/local/python/3.12.1/lib/python3.12/site-packages/airflow/example_dags/tutorial.py took 0.053 seconds
[2025-03-28T19:32:32.009+0000] {processor.py:186} INFO - Started process (PID=50121) to work on /usr/local/python/3.12.1/lib/python3.12/site-packages/airflow/example_dags/tutorial.py
[2025-03-28T19:32:32.009+0000] {processor.py:914} INFO - Processing file /usr/local/python/3.12.1/lib/python3.12/site-packages/airflow/example_dags/tutorial.py for tasks to queue
[2025-03-28T19:32:32.011+0000] {logging_mixin.py:190} INFO - [2025-03-28T19:32:32.011+0000] {dagbag.py:588} INFO - Filling up the DagBag from /usr/local/python/3.12.1/lib/python3.12/site-packages/airflow/example_dags/tutorial.py
[2025-03-28T19:32:32.017+0000] {processor.py:925} INFO - DAG(s) 'tutorial' retrieved from /usr/local/python/3.12.1/lib/python3.12/site-packages/airflow/example_dags/tutorial.py
[2025-03-28T19:32:32.028+0000] {logging_mixin.py:190} INFO - [2025-03-28T19:32:32.028+0000] {dag.py:3239} INFO - Sync 1 DAGs
[2025-03-28T19:32:32.043+0000] {logging_mixin.py:190} INFO - [2025-03-28T19:32:32.043+0000] {dag.py:4180} INFO - Setting next_dagrun for tutorial to 2025-03-27 00:00:00+00:00, run_after=2025-03-28 00:00:00+00:00
[2025-03-28T19:32:32.058+0000] {processor.py:208} INFO - Processing /usr/local/python/3.12.1/lib/python3.12/site-packages/airflow/example_dags/tutorial.py took 0.053 seconds
[2025-03-28T19:33:24.559+0000] {processor.py:186} INFO - Started process (PID=50530) to work on /usr/local/python/3.12.1/lib/python3.12/site-packages/airflow/example_dags/tutorial.py
[2025-03-28T19:33:24.560+0000] {processor.py:914} INFO - Processing file /usr/local/python/3.12.1/lib/python3.12/site-packages/airflow/example_dags/tutorial.py for tasks to queue
[2025-03-28T19:33:24.561+0000] {logging_mixin.py:190} INFO - [2025-03-28T19:33:24.561+0000] {dagbag.py:588} INFO - Filling up the DagBag from /usr/local/python/3.12.1/lib/python3.12/site-packages/airflow/example_dags/tutorial.py
[2025-03-28T19:33:24.568+0000] {processor.py:925} INFO - DAG(s) 'tutorial' retrieved from /usr/local/python/3.12.1/lib/python3.12/site-packages/airflow/example_dags/tutorial.py
[2025-03-28T19:33:24.578+0000] {logging_mixin.py:190} INFO - [2025-03-28T19:33:24.578+0000] {dag.py:3239} INFO - Sync 1 DAGs
[2025-03-28T19:33:24.594+0000] {logging_mixin.py:190} INFO - [2025-03-28T19:33:24.594+0000] {dag.py:4180} INFO - Setting next_dagrun for tutorial to 2025-03-27 00:00:00+00:00, run_after=2025-03-28 00:00:00+00:00
[2025-03-28T19:33:24.608+0000] {processor.py:208} INFO - Processing /usr/local/python/3.12.1/lib/python3.12/site-packages/airflow/example_dags/tutorial.py took 0.055 seconds
[2025-03-28T19:34:17.808+0000] {processor.py:186} INFO - Started process (PID=50963) to work on /usr/local/python/3.12.1/lib/python3.12/site-packages/airflow/example_dags/tutorial.py
[2025-03-28T19:34:17.809+0000] {processor.py:914} INFO - Processing file /usr/local/python/3.12.1/lib/python3.12/site-packages/airflow/example_dags/tutorial.py for tasks to queue
[2025-03-28T19:34:17.810+0000] {logging_mixin.py:190} INFO - [2025-03-28T19:34:17.810+0000] {dagbag.py:588} INFO - Filling up the DagBag from /usr/local/python/3.12.1/lib/python3.12/site-packages/airflow/example_dags/tutorial.py
[2025-03-28T19:34:17.816+0000] {processor.py:925} INFO - DAG(s) 'tutorial' retrieved from /usr/local/python/3.12.1/lib/python3.12/site-packages/airflow/example_dags/tutorial.py
[2025-03-28T19:34:17.827+0000] {logging_mixin.py:190} INFO - [2025-03-28T19:34:17.826+0000] {dag.py:3239} INFO - Sync 1 DAGs
[2025-03-28T19:34:17.841+0000] {logging_mixin.py:190} INFO - [2025-03-28T19:34:17.841+0000] {dag.py:4180} INFO - Setting next_dagrun for tutorial to 2025-03-27 00:00:00+00:00, run_after=2025-03-28 00:00:00+00:00
[2025-03-28T19:34:17.855+0000] {processor.py:208} INFO - Processing /usr/local/python/3.12.1/lib/python3.12/site-packages/airflow/example_dags/tutorial.py took 0.051 seconds
[2025-03-28T19:35:11.604+0000] {processor.py:186} INFO - Started process (PID=51385) to work on /usr/local/python/3.12.1/lib/python3.12/site-packages/airflow/example_dags/tutorial.py
[2025-03-28T19:35:11.605+0000] {processor.py:914} INFO - Processing file /usr/local/python/3.12.1/lib/python3.12/site-packages/airflow/example_dags/tutorial.py for tasks to queue
[2025-03-28T19:35:11.606+0000] {logging_mixin.py:190} INFO - [2025-03-28T19:35:11.606+0000] {dagbag.py:588} INFO - Filling up the DagBag from /usr/local/python/3.12.1/lib/python3.12/site-packages/airflow/example_dags/tutorial.py
[2025-03-28T19:35:11.612+0000] {processor.py:925} INFO - DAG(s) 'tutorial' retrieved from /usr/local/python/3.12.1/lib/python3.12/site-packages/airflow/example_dags/tutorial.py
[2025-03-28T19:35:11.623+0000] {logging_mixin.py:190} INFO - [2025-03-28T19:35:11.623+0000] {dag.py:3239} INFO - Sync 1 DAGs
[2025-03-28T19:35:11.638+0000] {logging_mixin.py:190} INFO - [2025-03-28T19:35:11.638+0000] {dag.py:4180} INFO - Setting next_dagrun for tutorial to 2025-03-27 00:00:00+00:00, run_after=2025-03-28 00:00:00+00:00
[2025-03-28T19:35:11.652+0000] {processor.py:208} INFO - Processing /usr/local/python/3.12.1/lib/python3.12/site-packages/airflow/example_dags/tutorial.py took 0.052 seconds
[2025-03-28T19:36:07.811+0000] {processor.py:186} INFO - Started process (PID=51809) to work on /usr/local/python/3.12.1/lib/python3.12/site-packages/airflow/example_dags/tutorial.py
[2025-03-28T19:36:07.812+0000] {processor.py:914} INFO - Processing file /usr/local/python/3.12.1/lib/python3.12/site-packages/airflow/example_dags/tutorial.py for tasks to queue
[2025-03-28T19:36:07.814+0000] {logging_mixin.py:190} INFO - [2025-03-28T19:36:07.813+0000] {dagbag.py:588} INFO - Filling up the DagBag from /usr/local/python/3.12.1/lib/python3.12/site-packages/airflow/example_dags/tutorial.py
[2025-03-28T19:36:07.820+0000] {processor.py:925} INFO - DAG(s) 'tutorial' retrieved from /usr/local/python/3.12.1/lib/python3.12/site-packages/airflow/example_dags/tutorial.py
[2025-03-28T19:36:07.830+0000] {logging_mixin.py:190} INFO - [2025-03-28T19:36:07.830+0000] {dag.py:3239} INFO - Sync 1 DAGs
[2025-03-28T19:36:07.845+0000] {logging_mixin.py:190} INFO - [2025-03-28T19:36:07.845+0000] {dag.py:4180} INFO - Setting next_dagrun for tutorial to 2025-03-27 00:00:00+00:00, run_after=2025-03-28 00:00:00+00:00
[2025-03-28T19:36:07.859+0000] {processor.py:208} INFO - Processing /usr/local/python/3.12.1/lib/python3.12/site-packages/airflow/example_dags/tutorial.py took 0.052 seconds
[2025-03-28T19:37:00.978+0000] {processor.py:186} INFO - Started process (PID=52241) to work on /usr/local/python/3.12.1/lib/python3.12/site-packages/airflow/example_dags/tutorial.py
[2025-03-28T19:37:00.979+0000] {processor.py:914} INFO - Processing file /usr/local/python/3.12.1/lib/python3.12/site-packages/airflow/example_dags/tutorial.py for tasks to queue
[2025-03-28T19:37:00.980+0000] {logging_mixin.py:190} INFO - [2025-03-28T19:37:00.980+0000] {dagbag.py:588} INFO - Filling up the DagBag from /usr/local/python/3.12.1/lib/python3.12/site-packages/airflow/example_dags/tutorial.py
[2025-03-28T19:37:00.987+0000] {processor.py:925} INFO - DAG(s) 'tutorial' retrieved from /usr/local/python/3.12.1/lib/python3.12/site-packages/airflow/example_dags/tutorial.py
[2025-03-28T19:37:01.000+0000] {logging_mixin.py:190} INFO - [2025-03-28T19:37:01.000+0000] {dag.py:3239} INFO - Sync 1 DAGs
[2025-03-28T19:37:01.023+0000] {logging_mixin.py:190} INFO - [2025-03-28T19:37:01.023+0000] {dag.py:4180} INFO - Setting next_dagrun for tutorial to 2025-03-27 00:00:00+00:00, run_after=2025-03-28 00:00:00+00:00
[2025-03-28T19:37:01.039+0000] {processor.py:208} INFO - Processing /usr/local/python/3.12.1/lib/python3.12/site-packages/airflow/example_dags/tutorial.py took 0.065 seconds
[2025-03-28T19:37:56.805+0000] {processor.py:186} INFO - Started process (PID=52674) to work on /usr/local/python/3.12.1/lib/python3.12/site-packages/airflow/example_dags/tutorial.py
[2025-03-28T19:37:56.806+0000] {processor.py:914} INFO - Processing file /usr/local/python/3.12.1/lib/python3.12/site-packages/airflow/example_dags/tutorial.py for tasks to queue
[2025-03-28T19:37:56.807+0000] {logging_mixin.py:190} INFO - [2025-03-28T19:37:56.807+0000] {dagbag.py:588} INFO - Filling up the DagBag from /usr/local/python/3.12.1/lib/python3.12/site-packages/airflow/example_dags/tutorial.py
[2025-03-28T19:37:56.813+0000] {processor.py:925} INFO - DAG(s) 'tutorial' retrieved from /usr/local/python/3.12.1/lib/python3.12/site-packages/airflow/example_dags/tutorial.py
[2025-03-28T19:37:56.824+0000] {logging_mixin.py:190} INFO - [2025-03-28T19:37:56.824+0000] {dag.py:3239} INFO - Sync 1 DAGs
[2025-03-28T19:37:56.839+0000] {logging_mixin.py:190} INFO - [2025-03-28T19:37:56.839+0000] {dag.py:4180} INFO - Setting next_dagrun for tutorial to 2025-03-27 00:00:00+00:00, run_after=2025-03-28 00:00:00+00:00
[2025-03-28T19:37:56.855+0000] {processor.py:208} INFO - Processing /usr/local/python/3.12.1/lib/python3.12/site-packages/airflow/example_dags/tutorial.py took 0.053 seconds
[2025-03-28T19:38:51.354+0000] {processor.py:186} INFO - Started process (PID=53102) to work on /usr/local/python/3.12.1/lib/python3.12/site-packages/airflow/example_dags/tutorial.py
[2025-03-28T19:38:51.354+0000] {processor.py:914} INFO - Processing file /usr/local/python/3.12.1/lib/python3.12/site-packages/airflow/example_dags/tutorial.py for tasks to queue
[2025-03-28T19:38:51.356+0000] {logging_mixin.py:190} INFO - [2025-03-28T19:38:51.355+0000] {dagbag.py:588} INFO - Filling up the DagBag from /usr/local/python/3.12.1/lib/python3.12/site-packages/airflow/example_dags/tutorial.py
[2025-03-28T19:38:51.362+0000] {processor.py:925} INFO - DAG(s) 'tutorial' retrieved from /usr/local/python/3.12.1/lib/python3.12/site-packages/airflow/example_dags/tutorial.py
[2025-03-28T19:38:51.372+0000] {logging_mixin.py:190} INFO - [2025-03-28T19:38:51.372+0000] {dag.py:3239} INFO - Sync 1 DAGs
[2025-03-28T19:38:51.389+0000] {logging_mixin.py:190} INFO - [2025-03-28T19:38:51.389+0000] {dag.py:4180} INFO - Setting next_dagrun for tutorial to 2025-03-27 00:00:00+00:00, run_after=2025-03-28 00:00:00+00:00
[2025-03-28T19:38:51.408+0000] {processor.py:208} INFO - Processing /usr/local/python/3.12.1/lib/python3.12/site-packages/airflow/example_dags/tutorial.py took 0.058 seconds
[2025-03-28T19:39:47.592+0000] {processor.py:186} INFO - Started process (PID=53545) to work on /usr/local/python/3.12.1/lib/python3.12/site-packages/airflow/example_dags/tutorial.py
[2025-03-28T19:39:47.592+0000] {processor.py:914} INFO - Processing file /usr/local/python/3.12.1/lib/python3.12/site-packages/airflow/example_dags/tutorial.py for tasks to queue
[2025-03-28T19:39:47.594+0000] {logging_mixin.py:190} INFO - [2025-03-28T19:39:47.594+0000] {dagbag.py:588} INFO - Filling up the DagBag from /usr/local/python/3.12.1/lib/python3.12/site-packages/airflow/example_dags/tutorial.py
[2025-03-28T19:39:47.600+0000] {processor.py:925} INFO - DAG(s) 'tutorial' retrieved from /usr/local/python/3.12.1/lib/python3.12/site-packages/airflow/example_dags/tutorial.py
[2025-03-28T19:39:47.611+0000] {logging_mixin.py:190} INFO - [2025-03-28T19:39:47.611+0000] {dag.py:3239} INFO - Sync 1 DAGs
[2025-03-28T19:39:47.626+0000] {logging_mixin.py:190} INFO - [2025-03-28T19:39:47.626+0000] {dag.py:4180} INFO - Setting next_dagrun for tutorial to 2025-03-27 00:00:00+00:00, run_after=2025-03-28 00:00:00+00:00
[2025-03-28T19:39:47.640+0000] {processor.py:208} INFO - Processing /usr/local/python/3.12.1/lib/python3.12/site-packages/airflow/example_dags/tutorial.py took 0.053 seconds
[2025-03-28T19:40:41.258+0000] {processor.py:186} INFO - Started process (PID=53967) to work on /usr/local/python/3.12.1/lib/python3.12/site-packages/airflow/example_dags/tutorial.py
[2025-03-28T19:40:41.259+0000] {processor.py:914} INFO - Processing file /usr/local/python/3.12.1/lib/python3.12/site-packages/airflow/example_dags/tutorial.py for tasks to queue
[2025-03-28T19:40:41.260+0000] {logging_mixin.py:190} INFO - [2025-03-28T19:40:41.260+0000] {dagbag.py:588} INFO - Filling up the DagBag from /usr/local/python/3.12.1/lib/python3.12/site-packages/airflow/example_dags/tutorial.py
[2025-03-28T19:40:41.266+0000] {processor.py:925} INFO - DAG(s) 'tutorial' retrieved from /usr/local/python/3.12.1/lib/python3.12/site-packages/airflow/example_dags/tutorial.py
[2025-03-28T19:40:41.277+0000] {logging_mixin.py:190} INFO - [2025-03-28T19:40:41.277+0000] {dag.py:3239} INFO - Sync 1 DAGs
[2025-03-28T19:40:41.292+0000] {logging_mixin.py:190} INFO - [2025-03-28T19:40:41.292+0000] {dag.py:4180} INFO - Setting next_dagrun for tutorial to 2025-03-27 00:00:00+00:00, run_after=2025-03-28 00:00:00+00:00
[2025-03-28T19:40:41.305+0000] {processor.py:208} INFO - Processing /usr/local/python/3.12.1/lib/python3.12/site-packages/airflow/example_dags/tutorial.py took 0.051 seconds
[2025-03-28T19:41:32.106+0000] {processor.py:186} INFO - Started process (PID=54359) to work on /usr/local/python/3.12.1/lib/python3.12/site-packages/airflow/example_dags/tutorial.py
[2025-03-28T19:41:32.107+0000] {processor.py:914} INFO - Processing file /usr/local/python/3.12.1/lib/python3.12/site-packages/airflow/example_dags/tutorial.py for tasks to queue
[2025-03-28T19:41:32.108+0000] {logging_mixin.py:190} INFO - [2025-03-28T19:41:32.108+0000] {dagbag.py:588} INFO - Filling up the DagBag from /usr/local/python/3.12.1/lib/python3.12/site-packages/airflow/example_dags/tutorial.py
[2025-03-28T19:41:32.115+0000] {processor.py:925} INFO - DAG(s) 'tutorial' retrieved from /usr/local/python/3.12.1/lib/python3.12/site-packages/airflow/example_dags/tutorial.py
[2025-03-28T19:41:32.131+0000] {logging_mixin.py:190} INFO - [2025-03-28T19:41:32.131+0000] {dag.py:3239} INFO - Sync 1 DAGs
[2025-03-28T19:41:32.150+0000] {logging_mixin.py:190} INFO - [2025-03-28T19:41:32.150+0000] {dag.py:4180} INFO - Setting next_dagrun for tutorial to 2025-03-27 00:00:00+00:00, run_after=2025-03-28 00:00:00+00:00
[2025-03-28T19:41:32.164+0000] {processor.py:208} INFO - Processing /usr/local/python/3.12.1/lib/python3.12/site-packages/airflow/example_dags/tutorial.py took 0.062 seconds
[2025-03-28T19:42:25.035+0000] {processor.py:186} INFO - Started process (PID=54792) to work on /usr/local/python/3.12.1/lib/python3.12/site-packages/airflow/example_dags/tutorial.py
[2025-03-28T19:42:25.035+0000] {processor.py:914} INFO - Processing file /usr/local/python/3.12.1/lib/python3.12/site-packages/airflow/example_dags/tutorial.py for tasks to queue
[2025-03-28T19:42:25.037+0000] {logging_mixin.py:190} INFO - [2025-03-28T19:42:25.037+0000] {dagbag.py:588} INFO - Filling up the DagBag from /usr/local/python/3.12.1/lib/python3.12/site-packages/airflow/example_dags/tutorial.py
[2025-03-28T19:42:25.043+0000] {processor.py:925} INFO - DAG(s) 'tutorial' retrieved from /usr/local/python/3.12.1/lib/python3.12/site-packages/airflow/example_dags/tutorial.py
[2025-03-28T19:42:25.054+0000] {logging_mixin.py:190} INFO - [2025-03-28T19:42:25.054+0000] {dag.py:3239} INFO - Sync 1 DAGs
[2025-03-28T19:42:25.069+0000] {logging_mixin.py:190} INFO - [2025-03-28T19:42:25.069+0000] {dag.py:4180} INFO - Setting next_dagrun for tutorial to 2025-03-27 00:00:00+00:00, run_after=2025-03-28 00:00:00+00:00
[2025-03-28T19:42:25.083+0000] {processor.py:208} INFO - Processing /usr/local/python/3.12.1/lib/python3.12/site-packages/airflow/example_dags/tutorial.py took 0.053 seconds
