[2025-03-28T18:23:48.315+0000] {processor.py:186} INFO - Started process (PID=8991) to work on /usr/local/python/3.12.1/lib/python3.12/site-packages/airflow/example_dags/tutorial_taskflow_templates.py
[2025-03-28T18:23:48.315+0000] {processor.py:914} INFO - Processing file /usr/local/python/3.12.1/lib/python3.12/site-packages/airflow/example_dags/tutorial_taskflow_templates.py for tasks to queue
[2025-03-28T18:23:48.319+0000] {logging_mixin.py:190} INFO - [2025-03-28T18:23:48.319+0000] {dagbag.py:588} INFO - Filling up the DagBag from /usr/local/python/3.12.1/lib/python3.12/site-packages/airflow/example_dags/tutorial_taskflow_templates.py
[2025-03-28T18:23:48.329+0000] {processor.py:925} INFO - DAG(s) 'tutorial_taskflow_templates' retrieved from /usr/local/python/3.12.1/lib/python3.12/site-packages/airflow/example_dags/tutorial_taskflow_templates.py
[2025-03-28T18:23:48.416+0000] {logging_mixin.py:190} INFO - [2025-03-28T18:23:48.416+0000] {override.py:1930} INFO - Created Permission View: can edit on DAG:tutorial_taskflow_templates
[2025-03-28T18:23:48.424+0000] {logging_mixin.py:190} INFO - [2025-03-28T18:23:48.424+0000] {override.py:1930} INFO - Created Permission View: can delete on DAG:tutorial_taskflow_templates
[2025-03-28T18:23:48.430+0000] {logging_mixin.py:190} INFO - [2025-03-28T18:23:48.430+0000] {override.py:1930} INFO - Created Permission View: can read on DAG:tutorial_taskflow_templates
[2025-03-28T18:23:48.438+0000] {logging_mixin.py:190} INFO - [2025-03-28T18:23:48.438+0000] {override.py:1930} INFO - Created Permission View: menu access on DAG Run:tutorial_taskflow_templates
[2025-03-28T18:23:48.444+0000] {logging_mixin.py:190} INFO - [2025-03-28T18:23:48.443+0000] {override.py:1930} INFO - Created Permission View: can create on DAG Run:tutorial_taskflow_templates
[2025-03-28T18:23:48.449+0000] {logging_mixin.py:190} INFO - [2025-03-28T18:23:48.449+0000] {override.py:1930} INFO - Created Permission View: can delete on DAG Run:tutorial_taskflow_templates
[2025-03-28T18:23:48.455+0000] {logging_mixin.py:190} INFO - [2025-03-28T18:23:48.455+0000] {override.py:1930} INFO - Created Permission View: can read on DAG Run:tutorial_taskflow_templates
[2025-03-28T18:23:48.455+0000] {logging_mixin.py:190} INFO - [2025-03-28T18:23:48.455+0000] {dag.py:3239} INFO - Sync 1 DAGs
[2025-03-28T18:23:48.464+0000] {logging_mixin.py:190} INFO - [2025-03-28T18:23:48.464+0000] {dag.py:3262} INFO - Creating ORM DAG for tutorial_taskflow_templates
[2025-03-28T18:23:48.471+0000] {logging_mixin.py:190} INFO - [2025-03-28T18:23:48.471+0000] {dag.py:4180} INFO - Setting next_dagrun for tutorial_taskflow_templates to 2025-03-27 00:00:00+00:00, run_after=2025-03-28 00:00:00+00:00
[2025-03-28T18:23:48.485+0000] {processor.py:208} INFO - Processing /usr/local/python/3.12.1/lib/python3.12/site-packages/airflow/example_dags/tutorial_taskflow_templates.py took 0.174 seconds
[2025-03-28T18:24:48.784+0000] {processor.py:186} INFO - Started process (PID=9479) to work on /usr/local/python/3.12.1/lib/python3.12/site-packages/airflow/example_dags/tutorial_taskflow_templates.py
[2025-03-28T18:24:48.785+0000] {processor.py:914} INFO - Processing file /usr/local/python/3.12.1/lib/python3.12/site-packages/airflow/example_dags/tutorial_taskflow_templates.py for tasks to queue
[2025-03-28T18:24:48.786+0000] {logging_mixin.py:190} INFO - [2025-03-28T18:24:48.786+0000] {dagbag.py:588} INFO - Filling up the DagBag from /usr/local/python/3.12.1/lib/python3.12/site-packages/airflow/example_dags/tutorial_taskflow_templates.py
[2025-03-28T18:24:48.796+0000] {processor.py:925} INFO - DAG(s) 'tutorial_taskflow_templates' retrieved from /usr/local/python/3.12.1/lib/python3.12/site-packages/airflow/example_dags/tutorial_taskflow_templates.py
[2025-03-28T18:24:48.807+0000] {logging_mixin.py:190} INFO - [2025-03-28T18:24:48.807+0000] {dag.py:3239} INFO - Sync 1 DAGs
[2025-03-28T18:24:48.823+0000] {logging_mixin.py:190} INFO - [2025-03-28T18:24:48.823+0000] {dag.py:4180} INFO - Setting next_dagrun for tutorial_taskflow_templates to 2025-03-27 00:00:00+00:00, run_after=2025-03-28 00:00:00+00:00
[2025-03-28T18:24:48.838+0000] {processor.py:208} INFO - Processing /usr/local/python/3.12.1/lib/python3.12/site-packages/airflow/example_dags/tutorial_taskflow_templates.py took 0.058 seconds
[2025-03-28T18:25:44.587+0000] {processor.py:186} INFO - Started process (PID=9992) to work on /usr/local/python/3.12.1/lib/python3.12/site-packages/airflow/example_dags/tutorial_taskflow_templates.py
[2025-03-28T18:25:44.587+0000] {processor.py:914} INFO - Processing file /usr/local/python/3.12.1/lib/python3.12/site-packages/airflow/example_dags/tutorial_taskflow_templates.py for tasks to queue
[2025-03-28T18:25:44.589+0000] {logging_mixin.py:190} INFO - [2025-03-28T18:25:44.589+0000] {dagbag.py:588} INFO - Filling up the DagBag from /usr/local/python/3.12.1/lib/python3.12/site-packages/airflow/example_dags/tutorial_taskflow_templates.py
[2025-03-28T18:25:44.599+0000] {processor.py:925} INFO - DAG(s) 'tutorial_taskflow_templates' retrieved from /usr/local/python/3.12.1/lib/python3.12/site-packages/airflow/example_dags/tutorial_taskflow_templates.py
[2025-03-28T18:25:44.610+0000] {logging_mixin.py:190} INFO - [2025-03-28T18:25:44.610+0000] {dag.py:3239} INFO - Sync 1 DAGs
[2025-03-28T18:25:44.626+0000] {logging_mixin.py:190} INFO - [2025-03-28T18:25:44.626+0000] {dag.py:4180} INFO - Setting next_dagrun for tutorial_taskflow_templates to 2025-03-27 00:00:00+00:00, run_after=2025-03-28 00:00:00+00:00
[2025-03-28T18:25:44.643+0000] {processor.py:208} INFO - Processing /usr/local/python/3.12.1/lib/python3.12/site-packages/airflow/example_dags/tutorial_taskflow_templates.py took 0.060 seconds
[2025-03-28T18:27:52.493+0000] {processor.py:186} INFO - Started process (PID=11225) to work on /usr/local/python/3.12.1/lib/python3.12/site-packages/airflow/example_dags/tutorial_taskflow_templates.py
[2025-03-28T18:27:52.493+0000] {processor.py:914} INFO - Processing file /usr/local/python/3.12.1/lib/python3.12/site-packages/airflow/example_dags/tutorial_taskflow_templates.py for tasks to queue
[2025-03-28T18:27:52.497+0000] {logging_mixin.py:190} INFO - [2025-03-28T18:27:52.497+0000] {dagbag.py:588} INFO - Filling up the DagBag from /usr/local/python/3.12.1/lib/python3.12/site-packages/airflow/example_dags/tutorial_taskflow_templates.py
[2025-03-28T18:27:52.507+0000] {processor.py:925} INFO - DAG(s) 'tutorial_taskflow_templates' retrieved from /usr/local/python/3.12.1/lib/python3.12/site-packages/airflow/example_dags/tutorial_taskflow_templates.py
[2025-03-28T18:27:52.522+0000] {logging_mixin.py:190} INFO - [2025-03-28T18:27:52.522+0000] {dag.py:3239} INFO - Sync 1 DAGs
[2025-03-28T18:27:52.538+0000] {logging_mixin.py:190} INFO - [2025-03-28T18:27:52.538+0000] {dag.py:4180} INFO - Setting next_dagrun for tutorial_taskflow_templates to 2025-03-27 00:00:00+00:00, run_after=2025-03-28 00:00:00+00:00
[2025-03-28T18:27:52.553+0000] {processor.py:208} INFO - Processing /usr/local/python/3.12.1/lib/python3.12/site-packages/airflow/example_dags/tutorial_taskflow_templates.py took 0.064 seconds
[2025-03-28T18:28:46.594+0000] {processor.py:186} INFO - Started process (PID=11656) to work on /usr/local/python/3.12.1/lib/python3.12/site-packages/airflow/example_dags/tutorial_taskflow_templates.py
[2025-03-28T18:28:46.595+0000] {processor.py:914} INFO - Processing file /usr/local/python/3.12.1/lib/python3.12/site-packages/airflow/example_dags/tutorial_taskflow_templates.py for tasks to queue
[2025-03-28T18:28:46.597+0000] {logging_mixin.py:190} INFO - [2025-03-28T18:28:46.596+0000] {dagbag.py:588} INFO - Filling up the DagBag from /usr/local/python/3.12.1/lib/python3.12/site-packages/airflow/example_dags/tutorial_taskflow_templates.py
[2025-03-28T18:28:46.607+0000] {processor.py:925} INFO - DAG(s) 'tutorial_taskflow_templates' retrieved from /usr/local/python/3.12.1/lib/python3.12/site-packages/airflow/example_dags/tutorial_taskflow_templates.py
[2025-03-28T18:28:46.618+0000] {logging_mixin.py:190} INFO - [2025-03-28T18:28:46.617+0000] {dag.py:3239} INFO - Sync 1 DAGs
[2025-03-28T18:28:46.633+0000] {logging_mixin.py:190} INFO - [2025-03-28T18:28:46.633+0000] {dag.py:4180} INFO - Setting next_dagrun for tutorial_taskflow_templates to 2025-03-27 00:00:00+00:00, run_after=2025-03-28 00:00:00+00:00
[2025-03-28T18:28:46.648+0000] {processor.py:208} INFO - Processing /usr/local/python/3.12.1/lib/python3.12/site-packages/airflow/example_dags/tutorial_taskflow_templates.py took 0.057 seconds
[2025-03-28T18:29:34.999+0000] {processor.py:186} INFO - Started process (PID=12073) to work on /usr/local/python/3.12.1/lib/python3.12/site-packages/airflow/example_dags/tutorial_taskflow_templates.py
[2025-03-28T18:29:34.999+0000] {processor.py:914} INFO - Processing file /usr/local/python/3.12.1/lib/python3.12/site-packages/airflow/example_dags/tutorial_taskflow_templates.py for tasks to queue
[2025-03-28T18:29:35.001+0000] {logging_mixin.py:190} INFO - [2025-03-28T18:29:35.000+0000] {dagbag.py:588} INFO - Filling up the DagBag from /usr/local/python/3.12.1/lib/python3.12/site-packages/airflow/example_dags/tutorial_taskflow_templates.py
[2025-03-28T18:29:35.010+0000] {processor.py:925} INFO - DAG(s) 'tutorial_taskflow_templates' retrieved from /usr/local/python/3.12.1/lib/python3.12/site-packages/airflow/example_dags/tutorial_taskflow_templates.py
[2025-03-28T18:29:35.021+0000] {logging_mixin.py:190} INFO - [2025-03-28T18:29:35.021+0000] {dag.py:3239} INFO - Sync 1 DAGs
[2025-03-28T18:29:35.037+0000] {logging_mixin.py:190} INFO - [2025-03-28T18:29:35.037+0000] {dag.py:4180} INFO - Setting next_dagrun for tutorial_taskflow_templates to 2025-03-27 00:00:00+00:00, run_after=2025-03-28 00:00:00+00:00
[2025-03-28T18:29:35.052+0000] {processor.py:208} INFO - Processing /usr/local/python/3.12.1/lib/python3.12/site-packages/airflow/example_dags/tutorial_taskflow_templates.py took 0.057 seconds
[2025-03-28T18:30:22.092+0000] {processor.py:186} INFO - Started process (PID=12487) to work on /usr/local/python/3.12.1/lib/python3.12/site-packages/airflow/example_dags/tutorial_taskflow_templates.py
[2025-03-28T18:30:22.092+0000] {processor.py:914} INFO - Processing file /usr/local/python/3.12.1/lib/python3.12/site-packages/airflow/example_dags/tutorial_taskflow_templates.py for tasks to queue
[2025-03-28T18:30:22.094+0000] {logging_mixin.py:190} INFO - [2025-03-28T18:30:22.093+0000] {dagbag.py:588} INFO - Filling up the DagBag from /usr/local/python/3.12.1/lib/python3.12/site-packages/airflow/example_dags/tutorial_taskflow_templates.py
[2025-03-28T18:30:22.104+0000] {processor.py:925} INFO - DAG(s) 'tutorial_taskflow_templates' retrieved from /usr/local/python/3.12.1/lib/python3.12/site-packages/airflow/example_dags/tutorial_taskflow_templates.py
[2025-03-28T18:30:22.115+0000] {logging_mixin.py:190} INFO - [2025-03-28T18:30:22.115+0000] {dag.py:3239} INFO - Sync 1 DAGs
[2025-03-28T18:30:22.132+0000] {logging_mixin.py:190} INFO - [2025-03-28T18:30:22.132+0000] {dag.py:4180} INFO - Setting next_dagrun for tutorial_taskflow_templates to 2025-03-27 00:00:00+00:00, run_after=2025-03-28 00:00:00+00:00
[2025-03-28T18:30:22.148+0000] {processor.py:208} INFO - Processing /usr/local/python/3.12.1/lib/python3.12/site-packages/airflow/example_dags/tutorial_taskflow_templates.py took 0.060 seconds
[2025-03-28T18:31:12.595+0000] {processor.py:186} INFO - Started process (PID=12900) to work on /usr/local/python/3.12.1/lib/python3.12/site-packages/airflow/example_dags/tutorial_taskflow_templates.py
[2025-03-28T18:31:12.596+0000] {processor.py:914} INFO - Processing file /usr/local/python/3.12.1/lib/python3.12/site-packages/airflow/example_dags/tutorial_taskflow_templates.py for tasks to queue
[2025-03-28T18:31:12.597+0000] {logging_mixin.py:190} INFO - [2025-03-28T18:31:12.597+0000] {dagbag.py:588} INFO - Filling up the DagBag from /usr/local/python/3.12.1/lib/python3.12/site-packages/airflow/example_dags/tutorial_taskflow_templates.py
[2025-03-28T18:31:12.607+0000] {processor.py:925} INFO - DAG(s) 'tutorial_taskflow_templates' retrieved from /usr/local/python/3.12.1/lib/python3.12/site-packages/airflow/example_dags/tutorial_taskflow_templates.py
[2025-03-28T18:31:12.618+0000] {logging_mixin.py:190} INFO - [2025-03-28T18:31:12.618+0000] {dag.py:3239} INFO - Sync 1 DAGs
[2025-03-28T18:31:12.634+0000] {logging_mixin.py:190} INFO - [2025-03-28T18:31:12.634+0000] {dag.py:4180} INFO - Setting next_dagrun for tutorial_taskflow_templates to 2025-03-27 00:00:00+00:00, run_after=2025-03-28 00:00:00+00:00
[2025-03-28T18:31:12.649+0000] {processor.py:208} INFO - Processing /usr/local/python/3.12.1/lib/python3.12/site-packages/airflow/example_dags/tutorial_taskflow_templates.py took 0.058 seconds
[2025-03-28T18:32:01.714+0000] {processor.py:186} INFO - Started process (PID=13356) to work on /usr/local/python/3.12.1/lib/python3.12/site-packages/airflow/example_dags/tutorial_taskflow_templates.py
[2025-03-28T18:32:01.715+0000] {processor.py:914} INFO - Processing file /usr/local/python/3.12.1/lib/python3.12/site-packages/airflow/example_dags/tutorial_taskflow_templates.py for tasks to queue
[2025-03-28T18:32:01.716+0000] {logging_mixin.py:190} INFO - [2025-03-28T18:32:01.716+0000] {dagbag.py:588} INFO - Filling up the DagBag from /usr/local/python/3.12.1/lib/python3.12/site-packages/airflow/example_dags/tutorial_taskflow_templates.py
[2025-03-28T18:32:01.726+0000] {processor.py:925} INFO - DAG(s) 'tutorial_taskflow_templates' retrieved from /usr/local/python/3.12.1/lib/python3.12/site-packages/airflow/example_dags/tutorial_taskflow_templates.py
[2025-03-28T18:32:01.737+0000] {logging_mixin.py:190} INFO - [2025-03-28T18:32:01.737+0000] {dag.py:3239} INFO - Sync 1 DAGs
[2025-03-28T18:32:01.753+0000] {logging_mixin.py:190} INFO - [2025-03-28T18:32:01.753+0000] {dag.py:4180} INFO - Setting next_dagrun for tutorial_taskflow_templates to 2025-03-27 00:00:00+00:00, run_after=2025-03-28 00:00:00+00:00
[2025-03-28T18:32:01.768+0000] {processor.py:208} INFO - Processing /usr/local/python/3.12.1/lib/python3.12/site-packages/airflow/example_dags/tutorial_taskflow_templates.py took 0.057 seconds
[2025-03-28T18:32:50.139+0000] {processor.py:186} INFO - Started process (PID=13811) to work on /usr/local/python/3.12.1/lib/python3.12/site-packages/airflow/example_dags/tutorial_taskflow_templates.py
[2025-03-28T18:32:50.140+0000] {processor.py:914} INFO - Processing file /usr/local/python/3.12.1/lib/python3.12/site-packages/airflow/example_dags/tutorial_taskflow_templates.py for tasks to queue
[2025-03-28T18:32:50.141+0000] {logging_mixin.py:190} INFO - [2025-03-28T18:32:50.141+0000] {dagbag.py:588} INFO - Filling up the DagBag from /usr/local/python/3.12.1/lib/python3.12/site-packages/airflow/example_dags/tutorial_taskflow_templates.py
[2025-03-28T18:32:50.151+0000] {processor.py:925} INFO - DAG(s) 'tutorial_taskflow_templates' retrieved from /usr/local/python/3.12.1/lib/python3.12/site-packages/airflow/example_dags/tutorial_taskflow_templates.py
[2025-03-28T18:32:50.163+0000] {logging_mixin.py:190} INFO - [2025-03-28T18:32:50.162+0000] {dag.py:3239} INFO - Sync 1 DAGs
[2025-03-28T18:32:50.185+0000] {logging_mixin.py:190} INFO - [2025-03-28T18:32:50.184+0000] {dag.py:4180} INFO - Setting next_dagrun for tutorial_taskflow_templates to 2025-03-27 00:00:00+00:00, run_after=2025-03-28 00:00:00+00:00
[2025-03-28T18:32:50.199+0000] {processor.py:208} INFO - Processing /usr/local/python/3.12.1/lib/python3.12/site-packages/airflow/example_dags/tutorial_taskflow_templates.py took 0.064 seconds
[2025-03-28T18:33:40.564+0000] {processor.py:186} INFO - Started process (PID=14261) to work on /usr/local/python/3.12.1/lib/python3.12/site-packages/airflow/example_dags/tutorial_taskflow_templates.py
[2025-03-28T18:33:40.564+0000] {processor.py:914} INFO - Processing file /usr/local/python/3.12.1/lib/python3.12/site-packages/airflow/example_dags/tutorial_taskflow_templates.py for tasks to queue
[2025-03-28T18:33:40.566+0000] {logging_mixin.py:190} INFO - [2025-03-28T18:33:40.565+0000] {dagbag.py:588} INFO - Filling up the DagBag from /usr/local/python/3.12.1/lib/python3.12/site-packages/airflow/example_dags/tutorial_taskflow_templates.py
[2025-03-28T18:33:40.576+0000] {processor.py:925} INFO - DAG(s) 'tutorial_taskflow_templates' retrieved from /usr/local/python/3.12.1/lib/python3.12/site-packages/airflow/example_dags/tutorial_taskflow_templates.py
[2025-03-28T18:33:40.587+0000] {logging_mixin.py:190} INFO - [2025-03-28T18:33:40.587+0000] {dag.py:3239} INFO - Sync 1 DAGs
[2025-03-28T18:33:40.603+0000] {logging_mixin.py:190} INFO - [2025-03-28T18:33:40.603+0000] {dag.py:4180} INFO - Setting next_dagrun for tutorial_taskflow_templates to 2025-03-27 00:00:00+00:00, run_after=2025-03-28 00:00:00+00:00
[2025-03-28T18:33:40.619+0000] {processor.py:208} INFO - Processing /usr/local/python/3.12.1/lib/python3.12/site-packages/airflow/example_dags/tutorial_taskflow_templates.py took 0.059 seconds
[2025-03-28T18:34:30.316+0000] {processor.py:186} INFO - Started process (PID=14681) to work on /usr/local/python/3.12.1/lib/python3.12/site-packages/airflow/example_dags/tutorial_taskflow_templates.py
[2025-03-28T18:34:30.316+0000] {processor.py:914} INFO - Processing file /usr/local/python/3.12.1/lib/python3.12/site-packages/airflow/example_dags/tutorial_taskflow_templates.py for tasks to queue
[2025-03-28T18:34:30.318+0000] {logging_mixin.py:190} INFO - [2025-03-28T18:34:30.317+0000] {dagbag.py:588} INFO - Filling up the DagBag from /usr/local/python/3.12.1/lib/python3.12/site-packages/airflow/example_dags/tutorial_taskflow_templates.py
[2025-03-28T18:34:30.327+0000] {processor.py:925} INFO - DAG(s) 'tutorial_taskflow_templates' retrieved from /usr/local/python/3.12.1/lib/python3.12/site-packages/airflow/example_dags/tutorial_taskflow_templates.py
[2025-03-28T18:34:30.339+0000] {logging_mixin.py:190} INFO - [2025-03-28T18:34:30.339+0000] {dag.py:3239} INFO - Sync 1 DAGs
[2025-03-28T18:34:30.355+0000] {logging_mixin.py:190} INFO - [2025-03-28T18:34:30.355+0000] {dag.py:4180} INFO - Setting next_dagrun for tutorial_taskflow_templates to 2025-03-27 00:00:00+00:00, run_after=2025-03-28 00:00:00+00:00
[2025-03-28T18:34:30.370+0000] {processor.py:208} INFO - Processing /usr/local/python/3.12.1/lib/python3.12/site-packages/airflow/example_dags/tutorial_taskflow_templates.py took 0.058 seconds
[2025-03-28T18:35:20.466+0000] {processor.py:186} INFO - Started process (PID=15105) to work on /usr/local/python/3.12.1/lib/python3.12/site-packages/airflow/example_dags/tutorial_taskflow_templates.py
[2025-03-28T18:35:20.466+0000] {processor.py:914} INFO - Processing file /usr/local/python/3.12.1/lib/python3.12/site-packages/airflow/example_dags/tutorial_taskflow_templates.py for tasks to queue
[2025-03-28T18:35:20.468+0000] {logging_mixin.py:190} INFO - [2025-03-28T18:35:20.468+0000] {dagbag.py:588} INFO - Filling up the DagBag from /usr/local/python/3.12.1/lib/python3.12/site-packages/airflow/example_dags/tutorial_taskflow_templates.py
[2025-03-28T18:35:20.478+0000] {processor.py:925} INFO - DAG(s) 'tutorial_taskflow_templates' retrieved from /usr/local/python/3.12.1/lib/python3.12/site-packages/airflow/example_dags/tutorial_taskflow_templates.py
[2025-03-28T18:35:20.489+0000] {logging_mixin.py:190} INFO - [2025-03-28T18:35:20.489+0000] {dag.py:3239} INFO - Sync 1 DAGs
[2025-03-28T18:35:20.505+0000] {logging_mixin.py:190} INFO - [2025-03-28T18:35:20.505+0000] {dag.py:4180} INFO - Setting next_dagrun for tutorial_taskflow_templates to 2025-03-27 00:00:00+00:00, run_after=2025-03-28 00:00:00+00:00
[2025-03-28T18:35:20.520+0000] {processor.py:208} INFO - Processing /usr/local/python/3.12.1/lib/python3.12/site-packages/airflow/example_dags/tutorial_taskflow_templates.py took 0.058 seconds
[2025-03-28T18:36:08.452+0000] {processor.py:186} INFO - Started process (PID=15542) to work on /usr/local/python/3.12.1/lib/python3.12/site-packages/airflow/example_dags/tutorial_taskflow_templates.py
[2025-03-28T18:36:08.453+0000] {processor.py:914} INFO - Processing file /usr/local/python/3.12.1/lib/python3.12/site-packages/airflow/example_dags/tutorial_taskflow_templates.py for tasks to queue
[2025-03-28T18:36:08.454+0000] {logging_mixin.py:190} INFO - [2025-03-28T18:36:08.454+0000] {dagbag.py:588} INFO - Filling up the DagBag from /usr/local/python/3.12.1/lib/python3.12/site-packages/airflow/example_dags/tutorial_taskflow_templates.py
[2025-03-28T18:36:08.464+0000] {processor.py:925} INFO - DAG(s) 'tutorial_taskflow_templates' retrieved from /usr/local/python/3.12.1/lib/python3.12/site-packages/airflow/example_dags/tutorial_taskflow_templates.py
[2025-03-28T18:36:08.476+0000] {logging_mixin.py:190} INFO - [2025-03-28T18:36:08.475+0000] {dag.py:3239} INFO - Sync 1 DAGs
[2025-03-28T18:36:08.491+0000] {logging_mixin.py:190} INFO - [2025-03-28T18:36:08.491+0000] {dag.py:4180} INFO - Setting next_dagrun for tutorial_taskflow_templates to 2025-03-27 00:00:00+00:00, run_after=2025-03-28 00:00:00+00:00
[2025-03-28T18:36:08.506+0000] {processor.py:208} INFO - Processing /usr/local/python/3.12.1/lib/python3.12/site-packages/airflow/example_dags/tutorial_taskflow_templates.py took 0.058 seconds
[2025-03-28T18:37:26.211+0000] {processor.py:186} INFO - Started process (PID=16504) to work on /usr/local/python/3.12.1/lib/python3.12/site-packages/airflow/example_dags/tutorial_taskflow_templates.py
[2025-03-28T18:37:26.212+0000] {processor.py:914} INFO - Processing file /usr/local/python/3.12.1/lib/python3.12/site-packages/airflow/example_dags/tutorial_taskflow_templates.py for tasks to queue
[2025-03-28T18:37:26.216+0000] {logging_mixin.py:190} INFO - [2025-03-28T18:37:26.215+0000] {dagbag.py:588} INFO - Filling up the DagBag from /usr/local/python/3.12.1/lib/python3.12/site-packages/airflow/example_dags/tutorial_taskflow_templates.py
[2025-03-28T18:37:26.225+0000] {processor.py:925} INFO - DAG(s) 'tutorial_taskflow_templates' retrieved from /usr/local/python/3.12.1/lib/python3.12/site-packages/airflow/example_dags/tutorial_taskflow_templates.py
[2025-03-28T18:37:26.241+0000] {logging_mixin.py:190} INFO - [2025-03-28T18:37:26.240+0000] {dag.py:3239} INFO - Sync 1 DAGs
[2025-03-28T18:37:26.256+0000] {logging_mixin.py:190} INFO - [2025-03-28T18:37:26.256+0000] {dag.py:4180} INFO - Setting next_dagrun for tutorial_taskflow_templates to 2025-03-27 00:00:00+00:00, run_after=2025-03-28 00:00:00+00:00
[2025-03-28T18:37:26.271+0000] {processor.py:208} INFO - Processing /usr/local/python/3.12.1/lib/python3.12/site-packages/airflow/example_dags/tutorial_taskflow_templates.py took 0.064 seconds
[2025-03-28T18:38:21.248+0000] {processor.py:186} INFO - Started process (PID=16985) to work on /usr/local/python/3.12.1/lib/python3.12/site-packages/airflow/example_dags/tutorial_taskflow_templates.py
[2025-03-28T18:38:21.249+0000] {processor.py:914} INFO - Processing file /usr/local/python/3.12.1/lib/python3.12/site-packages/airflow/example_dags/tutorial_taskflow_templates.py for tasks to queue
[2025-03-28T18:38:21.250+0000] {logging_mixin.py:190} INFO - [2025-03-28T18:38:21.250+0000] {dagbag.py:588} INFO - Filling up the DagBag from /usr/local/python/3.12.1/lib/python3.12/site-packages/airflow/example_dags/tutorial_taskflow_templates.py
[2025-03-28T18:38:21.260+0000] {processor.py:925} INFO - DAG(s) 'tutorial_taskflow_templates' retrieved from /usr/local/python/3.12.1/lib/python3.12/site-packages/airflow/example_dags/tutorial_taskflow_templates.py
[2025-03-28T18:38:21.271+0000] {logging_mixin.py:190} INFO - [2025-03-28T18:38:21.271+0000] {dag.py:3239} INFO - Sync 1 DAGs
[2025-03-28T18:38:21.286+0000] {logging_mixin.py:190} INFO - [2025-03-28T18:38:21.286+0000] {dag.py:4180} INFO - Setting next_dagrun for tutorial_taskflow_templates to 2025-03-27 00:00:00+00:00, run_after=2025-03-28 00:00:00+00:00
[2025-03-28T18:38:21.300+0000] {processor.py:208} INFO - Processing /usr/local/python/3.12.1/lib/python3.12/site-packages/airflow/example_dags/tutorial_taskflow_templates.py took 0.056 seconds
[2025-03-28T18:39:13.744+0000] {processor.py:186} INFO - Started process (PID=17427) to work on /usr/local/python/3.12.1/lib/python3.12/site-packages/airflow/example_dags/tutorial_taskflow_templates.py
[2025-03-28T18:39:13.745+0000] {processor.py:914} INFO - Processing file /usr/local/python/3.12.1/lib/python3.12/site-packages/airflow/example_dags/tutorial_taskflow_templates.py for tasks to queue
[2025-03-28T18:39:13.746+0000] {logging_mixin.py:190} INFO - [2025-03-28T18:39:13.746+0000] {dagbag.py:588} INFO - Filling up the DagBag from /usr/local/python/3.12.1/lib/python3.12/site-packages/airflow/example_dags/tutorial_taskflow_templates.py
[2025-03-28T18:39:13.756+0000] {processor.py:925} INFO - DAG(s) 'tutorial_taskflow_templates' retrieved from /usr/local/python/3.12.1/lib/python3.12/site-packages/airflow/example_dags/tutorial_taskflow_templates.py
[2025-03-28T18:39:13.768+0000] {logging_mixin.py:190} INFO - [2025-03-28T18:39:13.768+0000] {dag.py:3239} INFO - Sync 1 DAGs
[2025-03-28T18:39:13.784+0000] {logging_mixin.py:190} INFO - [2025-03-28T18:39:13.784+0000] {dag.py:4180} INFO - Setting next_dagrun for tutorial_taskflow_templates to 2025-03-27 00:00:00+00:00, run_after=2025-03-28 00:00:00+00:00
[2025-03-28T18:39:13.799+0000] {processor.py:208} INFO - Processing /usr/local/python/3.12.1/lib/python3.12/site-packages/airflow/example_dags/tutorial_taskflow_templates.py took 0.059 seconds
[2025-03-28T18:40:15.409+0000] {processor.py:186} INFO - Started process (PID=18143) to work on /usr/local/python/3.12.1/lib/python3.12/site-packages/airflow/example_dags/tutorial_taskflow_templates.py
[2025-03-28T18:40:15.409+0000] {processor.py:914} INFO - Processing file /usr/local/python/3.12.1/lib/python3.12/site-packages/airflow/example_dags/tutorial_taskflow_templates.py for tasks to queue
[2025-03-28T18:40:15.413+0000] {logging_mixin.py:190} INFO - [2025-03-28T18:40:15.413+0000] {dagbag.py:588} INFO - Filling up the DagBag from /usr/local/python/3.12.1/lib/python3.12/site-packages/airflow/example_dags/tutorial_taskflow_templates.py
[2025-03-28T18:40:15.423+0000] {processor.py:925} INFO - DAG(s) 'tutorial_taskflow_templates' retrieved from /usr/local/python/3.12.1/lib/python3.12/site-packages/airflow/example_dags/tutorial_taskflow_templates.py
[2025-03-28T18:40:15.439+0000] {logging_mixin.py:190} INFO - [2025-03-28T18:40:15.439+0000] {dag.py:3239} INFO - Sync 1 DAGs
[2025-03-28T18:40:15.455+0000] {logging_mixin.py:190} INFO - [2025-03-28T18:40:15.454+0000] {dag.py:4180} INFO - Setting next_dagrun for tutorial_taskflow_templates to 2025-03-27 00:00:00+00:00, run_after=2025-03-28 00:00:00+00:00
[2025-03-28T18:40:15.469+0000] {processor.py:208} INFO - Processing /usr/local/python/3.12.1/lib/python3.12/site-packages/airflow/example_dags/tutorial_taskflow_templates.py took 0.064 seconds
[2025-03-28T18:41:07.320+0000] {processor.py:186} INFO - Started process (PID=18709) to work on /usr/local/python/3.12.1/lib/python3.12/site-packages/airflow/example_dags/tutorial_taskflow_templates.py
[2025-03-28T18:41:07.320+0000] {processor.py:914} INFO - Processing file /usr/local/python/3.12.1/lib/python3.12/site-packages/airflow/example_dags/tutorial_taskflow_templates.py for tasks to queue
[2025-03-28T18:41:07.325+0000] {logging_mixin.py:190} INFO - [2025-03-28T18:41:07.324+0000] {dagbag.py:588} INFO - Filling up the DagBag from /usr/local/python/3.12.1/lib/python3.12/site-packages/airflow/example_dags/tutorial_taskflow_templates.py
[2025-03-28T18:41:07.334+0000] {processor.py:925} INFO - DAG(s) 'tutorial_taskflow_templates' retrieved from /usr/local/python/3.12.1/lib/python3.12/site-packages/airflow/example_dags/tutorial_taskflow_templates.py
[2025-03-28T18:41:07.350+0000] {logging_mixin.py:190} INFO - [2025-03-28T18:41:07.350+0000] {dag.py:3239} INFO - Sync 1 DAGs
[2025-03-28T18:41:07.368+0000] {logging_mixin.py:190} INFO - [2025-03-28T18:41:07.368+0000] {dag.py:4180} INFO - Setting next_dagrun for tutorial_taskflow_templates to 2025-03-27 00:00:00+00:00, run_after=2025-03-28 00:00:00+00:00
[2025-03-28T18:41:07.386+0000] {processor.py:208} INFO - Processing /usr/local/python/3.12.1/lib/python3.12/site-packages/airflow/example_dags/tutorial_taskflow_templates.py took 0.070 seconds
[2025-03-28T18:42:04.051+0000] {processor.py:186} INFO - Started process (PID=19222) to work on /usr/local/python/3.12.1/lib/python3.12/site-packages/airflow/example_dags/tutorial_taskflow_templates.py
[2025-03-28T18:42:04.052+0000] {processor.py:914} INFO - Processing file /usr/local/python/3.12.1/lib/python3.12/site-packages/airflow/example_dags/tutorial_taskflow_templates.py for tasks to queue
[2025-03-28T18:42:04.053+0000] {logging_mixin.py:190} INFO - [2025-03-28T18:42:04.053+0000] {dagbag.py:588} INFO - Filling up the DagBag from /usr/local/python/3.12.1/lib/python3.12/site-packages/airflow/example_dags/tutorial_taskflow_templates.py
[2025-03-28T18:42:04.064+0000] {processor.py:925} INFO - DAG(s) 'tutorial_taskflow_templates' retrieved from /usr/local/python/3.12.1/lib/python3.12/site-packages/airflow/example_dags/tutorial_taskflow_templates.py
[2025-03-28T18:42:04.075+0000] {logging_mixin.py:190} INFO - [2025-03-28T18:42:04.075+0000] {dag.py:3239} INFO - Sync 1 DAGs
[2025-03-28T18:42:04.092+0000] {logging_mixin.py:190} INFO - [2025-03-28T18:42:04.091+0000] {dag.py:4180} INFO - Setting next_dagrun for tutorial_taskflow_templates to 2025-03-27 00:00:00+00:00, run_after=2025-03-28 00:00:00+00:00
[2025-03-28T18:42:04.109+0000] {processor.py:208} INFO - Processing /usr/local/python/3.12.1/lib/python3.12/site-packages/airflow/example_dags/tutorial_taskflow_templates.py took 0.062 seconds
[2025-03-28T18:43:00.456+0000] {processor.py:186} INFO - Started process (PID=19737) to work on /usr/local/python/3.12.1/lib/python3.12/site-packages/airflow/example_dags/tutorial_taskflow_templates.py
[2025-03-28T18:43:00.456+0000] {processor.py:914} INFO - Processing file /usr/local/python/3.12.1/lib/python3.12/site-packages/airflow/example_dags/tutorial_taskflow_templates.py for tasks to queue
[2025-03-28T18:43:00.458+0000] {logging_mixin.py:190} INFO - [2025-03-28T18:43:00.457+0000] {dagbag.py:588} INFO - Filling up the DagBag from /usr/local/python/3.12.1/lib/python3.12/site-packages/airflow/example_dags/tutorial_taskflow_templates.py
[2025-03-28T18:43:00.468+0000] {processor.py:925} INFO - DAG(s) 'tutorial_taskflow_templates' retrieved from /usr/local/python/3.12.1/lib/python3.12/site-packages/airflow/example_dags/tutorial_taskflow_templates.py
[2025-03-28T18:43:00.479+0000] {logging_mixin.py:190} INFO - [2025-03-28T18:43:00.479+0000] {dag.py:3239} INFO - Sync 1 DAGs
[2025-03-28T18:43:00.495+0000] {logging_mixin.py:190} INFO - [2025-03-28T18:43:00.495+0000] {dag.py:4180} INFO - Setting next_dagrun for tutorial_taskflow_templates to 2025-03-27 00:00:00+00:00, run_after=2025-03-28 00:00:00+00:00
[2025-03-28T18:43:00.516+0000] {processor.py:208} INFO - Processing /usr/local/python/3.12.1/lib/python3.12/site-packages/airflow/example_dags/tutorial_taskflow_templates.py took 0.064 seconds
[2025-03-28T18:43:54.489+0000] {processor.py:186} INFO - Started process (PID=20203) to work on /usr/local/python/3.12.1/lib/python3.12/site-packages/airflow/example_dags/tutorial_taskflow_templates.py
[2025-03-28T18:43:54.489+0000] {processor.py:914} INFO - Processing file /usr/local/python/3.12.1/lib/python3.12/site-packages/airflow/example_dags/tutorial_taskflow_templates.py for tasks to queue
[2025-03-28T18:43:54.491+0000] {logging_mixin.py:190} INFO - [2025-03-28T18:43:54.491+0000] {dagbag.py:588} INFO - Filling up the DagBag from /usr/local/python/3.12.1/lib/python3.12/site-packages/airflow/example_dags/tutorial_taskflow_templates.py
[2025-03-28T18:43:54.501+0000] {processor.py:925} INFO - DAG(s) 'tutorial_taskflow_templates' retrieved from /usr/local/python/3.12.1/lib/python3.12/site-packages/airflow/example_dags/tutorial_taskflow_templates.py
[2025-03-28T18:43:54.512+0000] {logging_mixin.py:190} INFO - [2025-03-28T18:43:54.512+0000] {dag.py:3239} INFO - Sync 1 DAGs
[2025-03-28T18:43:54.528+0000] {logging_mixin.py:190} INFO - [2025-03-28T18:43:54.528+0000] {dag.py:4180} INFO - Setting next_dagrun for tutorial_taskflow_templates to 2025-03-27 00:00:00+00:00, run_after=2025-03-28 00:00:00+00:00
[2025-03-28T18:43:54.542+0000] {processor.py:208} INFO - Processing /usr/local/python/3.12.1/lib/python3.12/site-packages/airflow/example_dags/tutorial_taskflow_templates.py took 0.057 seconds
[2025-03-28T18:44:48.273+0000] {processor.py:186} INFO - Started process (PID=20674) to work on /usr/local/python/3.12.1/lib/python3.12/site-packages/airflow/example_dags/tutorial_taskflow_templates.py
[2025-03-28T18:44:48.273+0000] {processor.py:914} INFO - Processing file /usr/local/python/3.12.1/lib/python3.12/site-packages/airflow/example_dags/tutorial_taskflow_templates.py for tasks to queue
[2025-03-28T18:44:48.275+0000] {logging_mixin.py:190} INFO - [2025-03-28T18:44:48.275+0000] {dagbag.py:588} INFO - Filling up the DagBag from /usr/local/python/3.12.1/lib/python3.12/site-packages/airflow/example_dags/tutorial_taskflow_templates.py
[2025-03-28T18:44:48.286+0000] {processor.py:925} INFO - DAG(s) 'tutorial_taskflow_templates' retrieved from /usr/local/python/3.12.1/lib/python3.12/site-packages/airflow/example_dags/tutorial_taskflow_templates.py
[2025-03-28T18:44:48.299+0000] {logging_mixin.py:190} INFO - [2025-03-28T18:44:48.299+0000] {dag.py:3239} INFO - Sync 1 DAGs
[2025-03-28T18:44:48.317+0000] {logging_mixin.py:190} INFO - [2025-03-28T18:44:48.317+0000] {dag.py:4180} INFO - Setting next_dagrun for tutorial_taskflow_templates to 2025-03-27 00:00:00+00:00, run_after=2025-03-28 00:00:00+00:00
[2025-03-28T18:44:48.332+0000] {processor.py:208} INFO - Processing /usr/local/python/3.12.1/lib/python3.12/site-packages/airflow/example_dags/tutorial_taskflow_templates.py took 0.065 seconds
[2025-03-28T18:45:41.908+0000] {processor.py:186} INFO - Started process (PID=21146) to work on /usr/local/python/3.12.1/lib/python3.12/site-packages/airflow/example_dags/tutorial_taskflow_templates.py
[2025-03-28T18:45:41.909+0000] {processor.py:914} INFO - Processing file /usr/local/python/3.12.1/lib/python3.12/site-packages/airflow/example_dags/tutorial_taskflow_templates.py for tasks to queue
[2025-03-28T18:45:41.910+0000] {logging_mixin.py:190} INFO - [2025-03-28T18:45:41.910+0000] {dagbag.py:588} INFO - Filling up the DagBag from /usr/local/python/3.12.1/lib/python3.12/site-packages/airflow/example_dags/tutorial_taskflow_templates.py
[2025-03-28T18:45:41.920+0000] {processor.py:925} INFO - DAG(s) 'tutorial_taskflow_templates' retrieved from /usr/local/python/3.12.1/lib/python3.12/site-packages/airflow/example_dags/tutorial_taskflow_templates.py
[2025-03-28T18:45:41.932+0000] {logging_mixin.py:190} INFO - [2025-03-28T18:45:41.932+0000] {dag.py:3239} INFO - Sync 1 DAGs
[2025-03-28T18:45:41.948+0000] {logging_mixin.py:190} INFO - [2025-03-28T18:45:41.948+0000] {dag.py:4180} INFO - Setting next_dagrun for tutorial_taskflow_templates to 2025-03-27 00:00:00+00:00, run_after=2025-03-28 00:00:00+00:00
[2025-03-28T18:45:41.963+0000] {processor.py:208} INFO - Processing /usr/local/python/3.12.1/lib/python3.12/site-packages/airflow/example_dags/tutorial_taskflow_templates.py took 0.059 seconds
[2025-03-28T18:46:36.137+0000] {processor.py:186} INFO - Started process (PID=21635) to work on /usr/local/python/3.12.1/lib/python3.12/site-packages/airflow/example_dags/tutorial_taskflow_templates.py
[2025-03-28T18:46:36.137+0000] {processor.py:914} INFO - Processing file /usr/local/python/3.12.1/lib/python3.12/site-packages/airflow/example_dags/tutorial_taskflow_templates.py for tasks to queue
[2025-03-28T18:46:36.139+0000] {logging_mixin.py:190} INFO - [2025-03-28T18:46:36.139+0000] {dagbag.py:588} INFO - Filling up the DagBag from /usr/local/python/3.12.1/lib/python3.12/site-packages/airflow/example_dags/tutorial_taskflow_templates.py
[2025-03-28T18:46:36.150+0000] {processor.py:925} INFO - DAG(s) 'tutorial_taskflow_templates' retrieved from /usr/local/python/3.12.1/lib/python3.12/site-packages/airflow/example_dags/tutorial_taskflow_templates.py
[2025-03-28T18:46:36.165+0000] {logging_mixin.py:190} INFO - [2025-03-28T18:46:36.165+0000] {dag.py:3239} INFO - Sync 1 DAGs
[2025-03-28T18:46:36.181+0000] {logging_mixin.py:190} INFO - [2025-03-28T18:46:36.181+0000] {dag.py:4180} INFO - Setting next_dagrun for tutorial_taskflow_templates to 2025-03-27 00:00:00+00:00, run_after=2025-03-28 00:00:00+00:00
[2025-03-28T18:46:36.196+0000] {processor.py:208} INFO - Processing /usr/local/python/3.12.1/lib/python3.12/site-packages/airflow/example_dags/tutorial_taskflow_templates.py took 0.064 seconds
[2025-03-28T18:47:28.533+0000] {processor.py:186} INFO - Started process (PID=22080) to work on /usr/local/python/3.12.1/lib/python3.12/site-packages/airflow/example_dags/tutorial_taskflow_templates.py
[2025-03-28T18:47:28.534+0000] {processor.py:914} INFO - Processing file /usr/local/python/3.12.1/lib/python3.12/site-packages/airflow/example_dags/tutorial_taskflow_templates.py for tasks to queue
[2025-03-28T18:47:28.535+0000] {logging_mixin.py:190} INFO - [2025-03-28T18:47:28.534+0000] {dagbag.py:588} INFO - Filling up the DagBag from /usr/local/python/3.12.1/lib/python3.12/site-packages/airflow/example_dags/tutorial_taskflow_templates.py
[2025-03-28T18:47:28.545+0000] {processor.py:925} INFO - DAG(s) 'tutorial_taskflow_templates' retrieved from /usr/local/python/3.12.1/lib/python3.12/site-packages/airflow/example_dags/tutorial_taskflow_templates.py
[2025-03-28T18:47:28.556+0000] {logging_mixin.py:190} INFO - [2025-03-28T18:47:28.556+0000] {dag.py:3239} INFO - Sync 1 DAGs
[2025-03-28T18:47:28.572+0000] {logging_mixin.py:190} INFO - [2025-03-28T18:47:28.572+0000] {dag.py:4180} INFO - Setting next_dagrun for tutorial_taskflow_templates to 2025-03-27 00:00:00+00:00, run_after=2025-03-28 00:00:00+00:00
[2025-03-28T18:47:28.587+0000] {processor.py:208} INFO - Processing /usr/local/python/3.12.1/lib/python3.12/site-packages/airflow/example_dags/tutorial_taskflow_templates.py took 0.057 seconds
[2025-03-28T18:48:21.243+0000] {processor.py:186} INFO - Started process (PID=22504) to work on /usr/local/python/3.12.1/lib/python3.12/site-packages/airflow/example_dags/tutorial_taskflow_templates.py
[2025-03-28T18:48:21.243+0000] {processor.py:914} INFO - Processing file /usr/local/python/3.12.1/lib/python3.12/site-packages/airflow/example_dags/tutorial_taskflow_templates.py for tasks to queue
[2025-03-28T18:48:21.244+0000] {logging_mixin.py:190} INFO - [2025-03-28T18:48:21.244+0000] {dagbag.py:588} INFO - Filling up the DagBag from /usr/local/python/3.12.1/lib/python3.12/site-packages/airflow/example_dags/tutorial_taskflow_templates.py
[2025-03-28T18:48:21.254+0000] {processor.py:925} INFO - DAG(s) 'tutorial_taskflow_templates' retrieved from /usr/local/python/3.12.1/lib/python3.12/site-packages/airflow/example_dags/tutorial_taskflow_templates.py
[2025-03-28T18:48:21.265+0000] {logging_mixin.py:190} INFO - [2025-03-28T18:48:21.265+0000] {dag.py:3239} INFO - Sync 1 DAGs
[2025-03-28T18:48:21.281+0000] {logging_mixin.py:190} INFO - [2025-03-28T18:48:21.281+0000] {dag.py:4180} INFO - Setting next_dagrun for tutorial_taskflow_templates to 2025-03-27 00:00:00+00:00, run_after=2025-03-28 00:00:00+00:00
[2025-03-28T18:48:21.296+0000] {processor.py:208} INFO - Processing /usr/local/python/3.12.1/lib/python3.12/site-packages/airflow/example_dags/tutorial_taskflow_templates.py took 0.057 seconds
[2025-03-28T18:49:17.656+0000] {processor.py:186} INFO - Started process (PID=22970) to work on /usr/local/python/3.12.1/lib/python3.12/site-packages/airflow/example_dags/tutorial_taskflow_templates.py
[2025-03-28T18:49:17.656+0000] {processor.py:914} INFO - Processing file /usr/local/python/3.12.1/lib/python3.12/site-packages/airflow/example_dags/tutorial_taskflow_templates.py for tasks to queue
[2025-03-28T18:49:17.657+0000] {logging_mixin.py:190} INFO - [2025-03-28T18:49:17.657+0000] {dagbag.py:588} INFO - Filling up the DagBag from /usr/local/python/3.12.1/lib/python3.12/site-packages/airflow/example_dags/tutorial_taskflow_templates.py
[2025-03-28T18:49:17.668+0000] {processor.py:925} INFO - DAG(s) 'tutorial_taskflow_templates' retrieved from /usr/local/python/3.12.1/lib/python3.12/site-packages/airflow/example_dags/tutorial_taskflow_templates.py
[2025-03-28T18:49:17.679+0000] {logging_mixin.py:190} INFO - [2025-03-28T18:49:17.679+0000] {dag.py:3239} INFO - Sync 1 DAGs
[2025-03-28T18:49:17.697+0000] {logging_mixin.py:190} INFO - [2025-03-28T18:49:17.697+0000] {dag.py:4180} INFO - Setting next_dagrun for tutorial_taskflow_templates to 2025-03-27 00:00:00+00:00, run_after=2025-03-28 00:00:00+00:00
[2025-03-28T18:49:17.712+0000] {processor.py:208} INFO - Processing /usr/local/python/3.12.1/lib/python3.12/site-packages/airflow/example_dags/tutorial_taskflow_templates.py took 0.060 seconds
[2025-03-28T18:50:15.148+0000] {processor.py:186} INFO - Started process (PID=23434) to work on /usr/local/python/3.12.1/lib/python3.12/site-packages/airflow/example_dags/tutorial_taskflow_templates.py
[2025-03-28T18:50:15.149+0000] {processor.py:914} INFO - Processing file /usr/local/python/3.12.1/lib/python3.12/site-packages/airflow/example_dags/tutorial_taskflow_templates.py for tasks to queue
[2025-03-28T18:50:15.150+0000] {logging_mixin.py:190} INFO - [2025-03-28T18:50:15.150+0000] {dagbag.py:588} INFO - Filling up the DagBag from /usr/local/python/3.12.1/lib/python3.12/site-packages/airflow/example_dags/tutorial_taskflow_templates.py
[2025-03-28T18:50:15.160+0000] {processor.py:925} INFO - DAG(s) 'tutorial_taskflow_templates' retrieved from /usr/local/python/3.12.1/lib/python3.12/site-packages/airflow/example_dags/tutorial_taskflow_templates.py
[2025-03-28T18:50:15.171+0000] {logging_mixin.py:190} INFO - [2025-03-28T18:50:15.171+0000] {dag.py:3239} INFO - Sync 1 DAGs
[2025-03-28T18:50:15.187+0000] {logging_mixin.py:190} INFO - [2025-03-28T18:50:15.187+0000] {dag.py:4180} INFO - Setting next_dagrun for tutorial_taskflow_templates to 2025-03-27 00:00:00+00:00, run_after=2025-03-28 00:00:00+00:00
[2025-03-28T18:50:15.201+0000] {processor.py:208} INFO - Processing /usr/local/python/3.12.1/lib/python3.12/site-packages/airflow/example_dags/tutorial_taskflow_templates.py took 0.057 seconds
[2025-03-28T18:51:38.382+0000] {processor.py:186} INFO - Started process (PID=24186) to work on /usr/local/python/3.12.1/lib/python3.12/site-packages/airflow/example_dags/tutorial_taskflow_templates.py
[2025-03-28T18:51:38.383+0000] {processor.py:914} INFO - Processing file /usr/local/python/3.12.1/lib/python3.12/site-packages/airflow/example_dags/tutorial_taskflow_templates.py for tasks to queue
[2025-03-28T18:51:38.383+0000] {logging_mixin.py:190} INFO - [2025-03-28T18:51:38.383+0000] {dagbag.py:588} INFO - Filling up the DagBag from /usr/local/python/3.12.1/lib/python3.12/site-packages/airflow/example_dags/tutorial_taskflow_templates.py
[2025-03-28T18:51:38.393+0000] {processor.py:925} INFO - DAG(s) 'tutorial_taskflow_templates' retrieved from /usr/local/python/3.12.1/lib/python3.12/site-packages/airflow/example_dags/tutorial_taskflow_templates.py
[2025-03-28T18:51:38.405+0000] {logging_mixin.py:190} INFO - [2025-03-28T18:51:38.404+0000] {dag.py:3239} INFO - Sync 1 DAGs
[2025-03-28T18:51:38.420+0000] {logging_mixin.py:190} INFO - [2025-03-28T18:51:38.420+0000] {dag.py:4180} INFO - Setting next_dagrun for tutorial_taskflow_templates to 2025-03-27 00:00:00+00:00, run_after=2025-03-28 00:00:00+00:00
[2025-03-28T18:51:38.435+0000] {processor.py:208} INFO - Processing /usr/local/python/3.12.1/lib/python3.12/site-packages/airflow/example_dags/tutorial_taskflow_templates.py took 0.057 seconds
[2025-03-28T18:54:10.680+0000] {processor.py:186} INFO - Started process (PID=25681) to work on /usr/local/python/3.12.1/lib/python3.12/site-packages/airflow/example_dags/tutorial_taskflow_templates.py
[2025-03-28T18:54:10.680+0000] {processor.py:914} INFO - Processing file /usr/local/python/3.12.1/lib/python3.12/site-packages/airflow/example_dags/tutorial_taskflow_templates.py for tasks to queue
[2025-03-28T18:54:10.681+0000] {logging_mixin.py:190} INFO - [2025-03-28T18:54:10.681+0000] {dagbag.py:588} INFO - Filling up the DagBag from /usr/local/python/3.12.1/lib/python3.12/site-packages/airflow/example_dags/tutorial_taskflow_templates.py
[2025-03-28T18:54:10.691+0000] {processor.py:925} INFO - DAG(s) 'tutorial_taskflow_templates' retrieved from /usr/local/python/3.12.1/lib/python3.12/site-packages/airflow/example_dags/tutorial_taskflow_templates.py
[2025-03-28T18:54:10.703+0000] {logging_mixin.py:190} INFO - [2025-03-28T18:54:10.702+0000] {dag.py:3239} INFO - Sync 1 DAGs
[2025-03-28T18:54:10.719+0000] {logging_mixin.py:190} INFO - [2025-03-28T18:54:10.719+0000] {dag.py:4180} INFO - Setting next_dagrun for tutorial_taskflow_templates to 2025-03-27 00:00:00+00:00, run_after=2025-03-28 00:00:00+00:00
[2025-03-28T18:54:10.734+0000] {processor.py:208} INFO - Processing /usr/local/python/3.12.1/lib/python3.12/site-packages/airflow/example_dags/tutorial_taskflow_templates.py took 0.058 seconds
[2025-03-28T18:56:46.621+0000] {processor.py:186} INFO - Started process (PID=27314) to work on /usr/local/python/3.12.1/lib/python3.12/site-packages/airflow/example_dags/tutorial_taskflow_templates.py
[2025-03-28T18:56:46.622+0000] {processor.py:914} INFO - Processing file /usr/local/python/3.12.1/lib/python3.12/site-packages/airflow/example_dags/tutorial_taskflow_templates.py for tasks to queue
[2025-03-28T18:56:46.623+0000] {logging_mixin.py:190} INFO - [2025-03-28T18:56:46.623+0000] {dagbag.py:588} INFO - Filling up the DagBag from /usr/local/python/3.12.1/lib/python3.12/site-packages/airflow/example_dags/tutorial_taskflow_templates.py
[2025-03-28T18:56:46.633+0000] {processor.py:925} INFO - DAG(s) 'tutorial_taskflow_templates' retrieved from /usr/local/python/3.12.1/lib/python3.12/site-packages/airflow/example_dags/tutorial_taskflow_templates.py
[2025-03-28T18:56:46.644+0000] {logging_mixin.py:190} INFO - [2025-03-28T18:56:46.644+0000] {dag.py:3239} INFO - Sync 1 DAGs
[2025-03-28T18:56:46.660+0000] {logging_mixin.py:190} INFO - [2025-03-28T18:56:46.660+0000] {dag.py:4180} INFO - Setting next_dagrun for tutorial_taskflow_templates to 2025-03-27 00:00:00+00:00, run_after=2025-03-28 00:00:00+00:00
[2025-03-28T18:56:46.675+0000] {processor.py:208} INFO - Processing /usr/local/python/3.12.1/lib/python3.12/site-packages/airflow/example_dags/tutorial_taskflow_templates.py took 0.057 seconds
[2025-03-28T18:59:20.728+0000] {processor.py:186} INFO - Started process (PID=28947) to work on /usr/local/python/3.12.1/lib/python3.12/site-packages/airflow/example_dags/tutorial_taskflow_templates.py
[2025-03-28T18:59:20.728+0000] {processor.py:914} INFO - Processing file /usr/local/python/3.12.1/lib/python3.12/site-packages/airflow/example_dags/tutorial_taskflow_templates.py for tasks to queue
[2025-03-28T18:59:20.729+0000] {logging_mixin.py:190} INFO - [2025-03-28T18:59:20.729+0000] {dagbag.py:588} INFO - Filling up the DagBag from /usr/local/python/3.12.1/lib/python3.12/site-packages/airflow/example_dags/tutorial_taskflow_templates.py
[2025-03-28T18:59:20.739+0000] {processor.py:925} INFO - DAG(s) 'tutorial_taskflow_templates' retrieved from /usr/local/python/3.12.1/lib/python3.12/site-packages/airflow/example_dags/tutorial_taskflow_templates.py
[2025-03-28T18:59:20.750+0000] {logging_mixin.py:190} INFO - [2025-03-28T18:59:20.750+0000] {dag.py:3239} INFO - Sync 1 DAGs
[2025-03-28T18:59:20.766+0000] {logging_mixin.py:190} INFO - [2025-03-28T18:59:20.766+0000] {dag.py:4180} INFO - Setting next_dagrun for tutorial_taskflow_templates to 2025-03-27 00:00:00+00:00, run_after=2025-03-28 00:00:00+00:00
[2025-03-28T18:59:20.780+0000] {processor.py:208} INFO - Processing /usr/local/python/3.12.1/lib/python3.12/site-packages/airflow/example_dags/tutorial_taskflow_templates.py took 0.057 seconds
[2025-03-28T19:01:56.943+0000] {processor.py:186} INFO - Started process (PID=30691) to work on /usr/local/python/3.12.1/lib/python3.12/site-packages/airflow/example_dags/tutorial_taskflow_templates.py
[2025-03-28T19:01:56.944+0000] {processor.py:914} INFO - Processing file /usr/local/python/3.12.1/lib/python3.12/site-packages/airflow/example_dags/tutorial_taskflow_templates.py for tasks to queue
[2025-03-28T19:01:56.945+0000] {logging_mixin.py:190} INFO - [2025-03-28T19:01:56.944+0000] {dagbag.py:588} INFO - Filling up the DagBag from /usr/local/python/3.12.1/lib/python3.12/site-packages/airflow/example_dags/tutorial_taskflow_templates.py
[2025-03-28T19:01:56.955+0000] {processor.py:925} INFO - DAG(s) 'tutorial_taskflow_templates' retrieved from /usr/local/python/3.12.1/lib/python3.12/site-packages/airflow/example_dags/tutorial_taskflow_templates.py
[2025-03-28T19:01:56.967+0000] {logging_mixin.py:190} INFO - [2025-03-28T19:01:56.966+0000] {dag.py:3239} INFO - Sync 1 DAGs
[2025-03-28T19:01:56.983+0000] {logging_mixin.py:190} INFO - [2025-03-28T19:01:56.983+0000] {dag.py:4180} INFO - Setting next_dagrun for tutorial_taskflow_templates to 2025-03-27 00:00:00+00:00, run_after=2025-03-28 00:00:00+00:00
[2025-03-28T19:01:56.998+0000] {processor.py:208} INFO - Processing /usr/local/python/3.12.1/lib/python3.12/site-packages/airflow/example_dags/tutorial_taskflow_templates.py took 0.059 seconds
[2025-03-28T19:04:32.056+0000] {processor.py:186} INFO - Started process (PID=32517) to work on /usr/local/python/3.12.1/lib/python3.12/site-packages/airflow/example_dags/tutorial_taskflow_templates.py
[2025-03-28T19:04:32.056+0000] {processor.py:914} INFO - Processing file /usr/local/python/3.12.1/lib/python3.12/site-packages/airflow/example_dags/tutorial_taskflow_templates.py for tasks to queue
[2025-03-28T19:04:32.057+0000] {logging_mixin.py:190} INFO - [2025-03-28T19:04:32.057+0000] {dagbag.py:588} INFO - Filling up the DagBag from /usr/local/python/3.12.1/lib/python3.12/site-packages/airflow/example_dags/tutorial_taskflow_templates.py
[2025-03-28T19:04:32.068+0000] {processor.py:925} INFO - DAG(s) 'tutorial_taskflow_templates' retrieved from /usr/local/python/3.12.1/lib/python3.12/site-packages/airflow/example_dags/tutorial_taskflow_templates.py
[2025-03-28T19:04:32.079+0000] {logging_mixin.py:190} INFO - [2025-03-28T19:04:32.079+0000] {dag.py:3239} INFO - Sync 1 DAGs
[2025-03-28T19:04:32.096+0000] {logging_mixin.py:190} INFO - [2025-03-28T19:04:32.096+0000] {dag.py:4180} INFO - Setting next_dagrun for tutorial_taskflow_templates to 2025-03-27 00:00:00+00:00, run_after=2025-03-28 00:00:00+00:00
[2025-03-28T19:04:32.112+0000] {processor.py:208} INFO - Processing /usr/local/python/3.12.1/lib/python3.12/site-packages/airflow/example_dags/tutorial_taskflow_templates.py took 0.061 seconds
[2025-03-28T19:07:07.236+0000] {processor.py:186} INFO - Started process (PID=34131) to work on /usr/local/python/3.12.1/lib/python3.12/site-packages/airflow/example_dags/tutorial_taskflow_templates.py
[2025-03-28T19:07:07.237+0000] {processor.py:914} INFO - Processing file /usr/local/python/3.12.1/lib/python3.12/site-packages/airflow/example_dags/tutorial_taskflow_templates.py for tasks to queue
[2025-03-28T19:07:07.238+0000] {logging_mixin.py:190} INFO - [2025-03-28T19:07:07.238+0000] {dagbag.py:588} INFO - Filling up the DagBag from /usr/local/python/3.12.1/lib/python3.12/site-packages/airflow/example_dags/tutorial_taskflow_templates.py
[2025-03-28T19:07:07.248+0000] {processor.py:925} INFO - DAG(s) 'tutorial_taskflow_templates' retrieved from /usr/local/python/3.12.1/lib/python3.12/site-packages/airflow/example_dags/tutorial_taskflow_templates.py
[2025-03-28T19:07:07.260+0000] {logging_mixin.py:190} INFO - [2025-03-28T19:07:07.259+0000] {dag.py:3239} INFO - Sync 1 DAGs
[2025-03-28T19:07:07.276+0000] {logging_mixin.py:190} INFO - [2025-03-28T19:07:07.276+0000] {dag.py:4180} INFO - Setting next_dagrun for tutorial_taskflow_templates to 2025-03-27 00:00:00+00:00, run_after=2025-03-28 00:00:00+00:00
[2025-03-28T19:07:07.291+0000] {processor.py:208} INFO - Processing /usr/local/python/3.12.1/lib/python3.12/site-packages/airflow/example_dags/tutorial_taskflow_templates.py took 0.058 seconds
[2025-03-28T19:10:04.018+0000] {processor.py:186} INFO - Started process (PID=37460) to work on /usr/local/python/3.12.1/lib/python3.12/site-packages/airflow/example_dags/tutorial_taskflow_templates.py
[2025-03-28T19:10:04.019+0000] {processor.py:914} INFO - Processing file /usr/local/python/3.12.1/lib/python3.12/site-packages/airflow/example_dags/tutorial_taskflow_templates.py for tasks to queue
[2025-03-28T19:10:04.023+0000] {logging_mixin.py:190} INFO - [2025-03-28T19:10:04.023+0000] {dagbag.py:588} INFO - Filling up the DagBag from /usr/local/python/3.12.1/lib/python3.12/site-packages/airflow/example_dags/tutorial_taskflow_templates.py
[2025-03-28T19:10:04.033+0000] {processor.py:925} INFO - DAG(s) 'tutorial_taskflow_templates' retrieved from /usr/local/python/3.12.1/lib/python3.12/site-packages/airflow/example_dags/tutorial_taskflow_templates.py
[2025-03-28T19:10:04.049+0000] {logging_mixin.py:190} INFO - [2025-03-28T19:10:04.049+0000] {dag.py:3239} INFO - Sync 1 DAGs
[2025-03-28T19:10:04.065+0000] {logging_mixin.py:190} INFO - [2025-03-28T19:10:04.065+0000] {dag.py:4180} INFO - Setting next_dagrun for tutorial_taskflow_templates to 2025-03-27 00:00:00+00:00, run_after=2025-03-28 00:00:00+00:00
[2025-03-28T19:10:04.080+0000] {processor.py:208} INFO - Processing /usr/local/python/3.12.1/lib/python3.12/site-packages/airflow/example_dags/tutorial_taskflow_templates.py took 0.066 seconds
[2025-03-28T19:13:09.545+0000] {processor.py:186} INFO - Started process (PID=39467) to work on /usr/local/python/3.12.1/lib/python3.12/site-packages/airflow/example_dags/tutorial_taskflow_templates.py
[2025-03-28T19:13:09.545+0000] {processor.py:914} INFO - Processing file /usr/local/python/3.12.1/lib/python3.12/site-packages/airflow/example_dags/tutorial_taskflow_templates.py for tasks to queue
[2025-03-28T19:13:09.547+0000] {logging_mixin.py:190} INFO - [2025-03-28T19:13:09.547+0000] {dagbag.py:588} INFO - Filling up the DagBag from /usr/local/python/3.12.1/lib/python3.12/site-packages/airflow/example_dags/tutorial_taskflow_templates.py
[2025-03-28T19:13:09.557+0000] {processor.py:925} INFO - DAG(s) 'tutorial_taskflow_templates' retrieved from /usr/local/python/3.12.1/lib/python3.12/site-packages/airflow/example_dags/tutorial_taskflow_templates.py
[2025-03-28T19:13:09.569+0000] {logging_mixin.py:190} INFO - [2025-03-28T19:13:09.569+0000] {dag.py:3239} INFO - Sync 1 DAGs
[2025-03-28T19:13:09.585+0000] {logging_mixin.py:190} INFO - [2025-03-28T19:13:09.585+0000] {dag.py:4180} INFO - Setting next_dagrun for tutorial_taskflow_templates to 2025-03-27 00:00:00+00:00, run_after=2025-03-28 00:00:00+00:00
[2025-03-28T19:13:09.599+0000] {processor.py:208} INFO - Processing /usr/local/python/3.12.1/lib/python3.12/site-packages/airflow/example_dags/tutorial_taskflow_templates.py took 0.058 seconds
