[2025-03-28T18:23:55.888+0000] {processor.py:186} INFO - Started process (PID=9065) to work on /usr/local/python/3.12.1/lib/python3.12/site-packages/airflow/example_dags/tutorial_taskflow_api.py
[2025-03-28T18:23:55.888+0000] {processor.py:914} INFO - Processing file /usr/local/python/3.12.1/lib/python3.12/site-packages/airflow/example_dags/tutorial_taskflow_api.py for tasks to queue
[2025-03-28T18:23:55.889+0000] {logging_mixin.py:190} INFO - [2025-03-28T18:23:55.889+0000] {dagbag.py:588} INFO - Filling up the DagBag from /usr/local/python/3.12.1/lib/python3.12/site-packages/airflow/example_dags/tutorial_taskflow_api.py
[2025-03-28T18:23:55.896+0000] {processor.py:925} INFO - DAG(s) 'tutorial_taskflow_api' retrieved from /usr/local/python/3.12.1/lib/python3.12/site-packages/airflow/example_dags/tutorial_taskflow_api.py
[2025-03-28T18:23:55.983+0000] {logging_mixin.py:190} INFO - [2025-03-28T18:23:55.983+0000] {override.py:1930} INFO - Created Permission View: can edit on DAG:tutorial_taskflow_api
[2025-03-28T18:23:55.991+0000] {logging_mixin.py:190} INFO - [2025-03-28T18:23:55.991+0000] {override.py:1930} INFO - Created Permission View: can delete on DAG:tutorial_taskflow_api
[2025-03-28T18:23:55.997+0000] {logging_mixin.py:190} INFO - [2025-03-28T18:23:55.997+0000] {override.py:1930} INFO - Created Permission View: can read on DAG:tutorial_taskflow_api
[2025-03-28T18:23:56.005+0000] {logging_mixin.py:190} INFO - [2025-03-28T18:23:56.005+0000] {override.py:1930} INFO - Created Permission View: menu access on DAG Run:tutorial_taskflow_api
[2025-03-28T18:23:56.012+0000] {logging_mixin.py:190} INFO - [2025-03-28T18:23:56.012+0000] {override.py:1930} INFO - Created Permission View: can create on DAG Run:tutorial_taskflow_api
[2025-03-28T18:23:56.020+0000] {logging_mixin.py:190} INFO - [2025-03-28T18:23:56.020+0000] {override.py:1930} INFO - Created Permission View: can delete on DAG Run:tutorial_taskflow_api
[2025-03-28T18:23:56.027+0000] {logging_mixin.py:190} INFO - [2025-03-28T18:23:56.026+0000] {override.py:1930} INFO - Created Permission View: can read on DAG Run:tutorial_taskflow_api
[2025-03-28T18:23:56.027+0000] {logging_mixin.py:190} INFO - [2025-03-28T18:23:56.027+0000] {dag.py:3239} INFO - Sync 1 DAGs
[2025-03-28T18:23:56.039+0000] {logging_mixin.py:190} INFO - [2025-03-28T18:23:56.039+0000] {dag.py:3262} INFO - Creating ORM DAG for tutorial_taskflow_api
[2025-03-28T18:23:56.039+0000] {logging_mixin.py:190} INFO - [2025-03-28T18:23:56.039+0000] {dag.py:4180} INFO - Setting next_dagrun for tutorial_taskflow_api to None, run_after=None
[2025-03-28T18:23:56.057+0000] {processor.py:208} INFO - Processing /usr/local/python/3.12.1/lib/python3.12/site-packages/airflow/example_dags/tutorial_taskflow_api.py took 0.173 seconds
[2025-03-28T18:24:56.193+0000] {processor.py:186} INFO - Started process (PID=9556) to work on /usr/local/python/3.12.1/lib/python3.12/site-packages/airflow/example_dags/tutorial_taskflow_api.py
[2025-03-28T18:24:56.194+0000] {processor.py:914} INFO - Processing file /usr/local/python/3.12.1/lib/python3.12/site-packages/airflow/example_dags/tutorial_taskflow_api.py for tasks to queue
[2025-03-28T18:24:56.195+0000] {logging_mixin.py:190} INFO - [2025-03-28T18:24:56.195+0000] {dagbag.py:588} INFO - Filling up the DagBag from /usr/local/python/3.12.1/lib/python3.12/site-packages/airflow/example_dags/tutorial_taskflow_api.py
[2025-03-28T18:24:56.201+0000] {processor.py:925} INFO - DAG(s) 'tutorial_taskflow_api' retrieved from /usr/local/python/3.12.1/lib/python3.12/site-packages/airflow/example_dags/tutorial_taskflow_api.py
[2025-03-28T18:24:56.212+0000] {logging_mixin.py:190} INFO - [2025-03-28T18:24:56.211+0000] {dag.py:3239} INFO - Sync 1 DAGs
[2025-03-28T18:24:56.221+0000] {logging_mixin.py:190} INFO - [2025-03-28T18:24:56.221+0000] {dag.py:4180} INFO - Setting next_dagrun for tutorial_taskflow_api to None, run_after=None
[2025-03-28T18:24:56.235+0000] {processor.py:208} INFO - Processing /usr/local/python/3.12.1/lib/python3.12/site-packages/airflow/example_dags/tutorial_taskflow_api.py took 0.046 seconds
[2025-03-28T18:25:50.181+0000] {processor.py:186} INFO - Started process (PID=10046) to work on /usr/local/python/3.12.1/lib/python3.12/site-packages/airflow/example_dags/tutorial_taskflow_api.py
[2025-03-28T18:25:50.181+0000] {processor.py:914} INFO - Processing file /usr/local/python/3.12.1/lib/python3.12/site-packages/airflow/example_dags/tutorial_taskflow_api.py for tasks to queue
[2025-03-28T18:25:50.183+0000] {logging_mixin.py:190} INFO - [2025-03-28T18:25:50.182+0000] {dagbag.py:588} INFO - Filling up the DagBag from /usr/local/python/3.12.1/lib/python3.12/site-packages/airflow/example_dags/tutorial_taskflow_api.py
[2025-03-28T18:25:50.189+0000] {processor.py:925} INFO - DAG(s) 'tutorial_taskflow_api' retrieved from /usr/local/python/3.12.1/lib/python3.12/site-packages/airflow/example_dags/tutorial_taskflow_api.py
[2025-03-28T18:25:50.199+0000] {logging_mixin.py:190} INFO - [2025-03-28T18:25:50.199+0000] {dag.py:3239} INFO - Sync 1 DAGs
[2025-03-28T18:25:50.209+0000] {logging_mixin.py:190} INFO - [2025-03-28T18:25:50.209+0000] {dag.py:4180} INFO - Setting next_dagrun for tutorial_taskflow_api to None, run_after=None
[2025-03-28T18:25:50.223+0000] {processor.py:208} INFO - Processing /usr/local/python/3.12.1/lib/python3.12/site-packages/airflow/example_dags/tutorial_taskflow_api.py took 0.046 seconds
[2025-03-28T18:27:59.671+0000] {processor.py:186} INFO - Started process (PID=11301) to work on /usr/local/python/3.12.1/lib/python3.12/site-packages/airflow/example_dags/tutorial_taskflow_api.py
[2025-03-28T18:27:59.672+0000] {processor.py:914} INFO - Processing file /usr/local/python/3.12.1/lib/python3.12/site-packages/airflow/example_dags/tutorial_taskflow_api.py for tasks to queue
[2025-03-28T18:27:59.673+0000] {logging_mixin.py:190} INFO - [2025-03-28T18:27:59.673+0000] {dagbag.py:588} INFO - Filling up the DagBag from /usr/local/python/3.12.1/lib/python3.12/site-packages/airflow/example_dags/tutorial_taskflow_api.py
[2025-03-28T18:27:59.680+0000] {processor.py:925} INFO - DAG(s) 'tutorial_taskflow_api' retrieved from /usr/local/python/3.12.1/lib/python3.12/site-packages/airflow/example_dags/tutorial_taskflow_api.py
[2025-03-28T18:27:59.695+0000] {logging_mixin.py:190} INFO - [2025-03-28T18:27:59.695+0000] {dag.py:3239} INFO - Sync 1 DAGs
[2025-03-28T18:27:59.705+0000] {logging_mixin.py:190} INFO - [2025-03-28T18:27:59.704+0000] {dag.py:4180} INFO - Setting next_dagrun for tutorial_taskflow_api to None, run_after=None
[2025-03-28T18:27:59.720+0000] {processor.py:208} INFO - Processing /usr/local/python/3.12.1/lib/python3.12/site-packages/airflow/example_dags/tutorial_taskflow_api.py took 0.052 seconds
[2025-03-28T18:28:51.733+0000] {processor.py:186} INFO - Started process (PID=11704) to work on /usr/local/python/3.12.1/lib/python3.12/site-packages/airflow/example_dags/tutorial_taskflow_api.py
[2025-03-28T18:28:51.734+0000] {processor.py:914} INFO - Processing file /usr/local/python/3.12.1/lib/python3.12/site-packages/airflow/example_dags/tutorial_taskflow_api.py for tasks to queue
[2025-03-28T18:28:51.735+0000] {logging_mixin.py:190} INFO - [2025-03-28T18:28:51.735+0000] {dagbag.py:588} INFO - Filling up the DagBag from /usr/local/python/3.12.1/lib/python3.12/site-packages/airflow/example_dags/tutorial_taskflow_api.py
[2025-03-28T18:28:51.741+0000] {processor.py:925} INFO - DAG(s) 'tutorial_taskflow_api' retrieved from /usr/local/python/3.12.1/lib/python3.12/site-packages/airflow/example_dags/tutorial_taskflow_api.py
[2025-03-28T18:28:51.752+0000] {logging_mixin.py:190} INFO - [2025-03-28T18:28:51.751+0000] {dag.py:3239} INFO - Sync 1 DAGs
[2025-03-28T18:28:51.761+0000] {logging_mixin.py:190} INFO - [2025-03-28T18:28:51.761+0000] {dag.py:4180} INFO - Setting next_dagrun for tutorial_taskflow_api to None, run_after=None
[2025-03-28T18:28:51.776+0000] {processor.py:208} INFO - Processing /usr/local/python/3.12.1/lib/python3.12/site-packages/airflow/example_dags/tutorial_taskflow_api.py took 0.047 seconds
[2025-03-28T18:29:41.585+0000] {processor.py:186} INFO - Started process (PID=12150) to work on /usr/local/python/3.12.1/lib/python3.12/site-packages/airflow/example_dags/tutorial_taskflow_api.py
[2025-03-28T18:29:41.585+0000] {processor.py:914} INFO - Processing file /usr/local/python/3.12.1/lib/python3.12/site-packages/airflow/example_dags/tutorial_taskflow_api.py for tasks to queue
[2025-03-28T18:29:41.587+0000] {logging_mixin.py:190} INFO - [2025-03-28T18:29:41.586+0000] {dagbag.py:588} INFO - Filling up the DagBag from /usr/local/python/3.12.1/lib/python3.12/site-packages/airflow/example_dags/tutorial_taskflow_api.py
[2025-03-28T18:29:41.593+0000] {processor.py:925} INFO - DAG(s) 'tutorial_taskflow_api' retrieved from /usr/local/python/3.12.1/lib/python3.12/site-packages/airflow/example_dags/tutorial_taskflow_api.py
[2025-03-28T18:29:41.603+0000] {logging_mixin.py:190} INFO - [2025-03-28T18:29:41.603+0000] {dag.py:3239} INFO - Sync 1 DAGs
[2025-03-28T18:29:41.613+0000] {logging_mixin.py:190} INFO - [2025-03-28T18:29:41.613+0000] {dag.py:4180} INFO - Setting next_dagrun for tutorial_taskflow_api to None, run_after=None
[2025-03-28T18:29:41.629+0000] {processor.py:208} INFO - Processing /usr/local/python/3.12.1/lib/python3.12/site-packages/airflow/example_dags/tutorial_taskflow_api.py took 0.048 seconds
[2025-03-28T18:30:29.264+0000] {processor.py:186} INFO - Started process (PID=12531) to work on /usr/local/python/3.12.1/lib/python3.12/site-packages/airflow/example_dags/tutorial_taskflow_api.py
[2025-03-28T18:30:29.265+0000] {processor.py:914} INFO - Processing file /usr/local/python/3.12.1/lib/python3.12/site-packages/airflow/example_dags/tutorial_taskflow_api.py for tasks to queue
[2025-03-28T18:30:29.266+0000] {logging_mixin.py:190} INFO - [2025-03-28T18:30:29.266+0000] {dagbag.py:588} INFO - Filling up the DagBag from /usr/local/python/3.12.1/lib/python3.12/site-packages/airflow/example_dags/tutorial_taskflow_api.py
[2025-03-28T18:30:29.273+0000] {processor.py:925} INFO - DAG(s) 'tutorial_taskflow_api' retrieved from /usr/local/python/3.12.1/lib/python3.12/site-packages/airflow/example_dags/tutorial_taskflow_api.py
[2025-03-28T18:30:29.285+0000] {logging_mixin.py:190} INFO - [2025-03-28T18:30:29.285+0000] {dag.py:3239} INFO - Sync 1 DAGs
[2025-03-28T18:30:29.298+0000] {logging_mixin.py:190} INFO - [2025-03-28T18:30:29.298+0000] {dag.py:4180} INFO - Setting next_dagrun for tutorial_taskflow_api to None, run_after=None
[2025-03-28T18:30:29.317+0000] {processor.py:208} INFO - Processing /usr/local/python/3.12.1/lib/python3.12/site-packages/airflow/example_dags/tutorial_taskflow_api.py took 0.057 seconds
[2025-03-28T18:31:18.867+0000] {processor.py:186} INFO - Started process (PID=12943) to work on /usr/local/python/3.12.1/lib/python3.12/site-packages/airflow/example_dags/tutorial_taskflow_api.py
[2025-03-28T18:31:18.867+0000] {processor.py:914} INFO - Processing file /usr/local/python/3.12.1/lib/python3.12/site-packages/airflow/example_dags/tutorial_taskflow_api.py for tasks to queue
[2025-03-28T18:31:18.869+0000] {logging_mixin.py:190} INFO - [2025-03-28T18:31:18.868+0000] {dagbag.py:588} INFO - Filling up the DagBag from /usr/local/python/3.12.1/lib/python3.12/site-packages/airflow/example_dags/tutorial_taskflow_api.py
[2025-03-28T18:31:18.875+0000] {processor.py:925} INFO - DAG(s) 'tutorial_taskflow_api' retrieved from /usr/local/python/3.12.1/lib/python3.12/site-packages/airflow/example_dags/tutorial_taskflow_api.py
[2025-03-28T18:31:18.885+0000] {logging_mixin.py:190} INFO - [2025-03-28T18:31:18.885+0000] {dag.py:3239} INFO - Sync 1 DAGs
[2025-03-28T18:31:18.894+0000] {logging_mixin.py:190} INFO - [2025-03-28T18:31:18.894+0000] {dag.py:4180} INFO - Setting next_dagrun for tutorial_taskflow_api to None, run_after=None
[2025-03-28T18:31:18.909+0000] {processor.py:208} INFO - Processing /usr/local/python/3.12.1/lib/python3.12/site-packages/airflow/example_dags/tutorial_taskflow_api.py took 0.046 seconds
[2025-03-28T18:32:07.161+0000] {processor.py:186} INFO - Started process (PID=13386) to work on /usr/local/python/3.12.1/lib/python3.12/site-packages/airflow/example_dags/tutorial_taskflow_api.py
[2025-03-28T18:32:07.162+0000] {processor.py:914} INFO - Processing file /usr/local/python/3.12.1/lib/python3.12/site-packages/airflow/example_dags/tutorial_taskflow_api.py for tasks to queue
[2025-03-28T18:32:07.163+0000] {logging_mixin.py:190} INFO - [2025-03-28T18:32:07.163+0000] {dagbag.py:588} INFO - Filling up the DagBag from /usr/local/python/3.12.1/lib/python3.12/site-packages/airflow/example_dags/tutorial_taskflow_api.py
[2025-03-28T18:32:07.169+0000] {processor.py:925} INFO - DAG(s) 'tutorial_taskflow_api' retrieved from /usr/local/python/3.12.1/lib/python3.12/site-packages/airflow/example_dags/tutorial_taskflow_api.py
[2025-03-28T18:32:07.182+0000] {logging_mixin.py:190} INFO - [2025-03-28T18:32:07.182+0000] {dag.py:3239} INFO - Sync 1 DAGs
[2025-03-28T18:32:07.196+0000] {logging_mixin.py:190} INFO - [2025-03-28T18:32:07.196+0000] {dag.py:4180} INFO - Setting next_dagrun for tutorial_taskflow_api to None, run_after=None
[2025-03-28T18:32:07.211+0000] {processor.py:208} INFO - Processing /usr/local/python/3.12.1/lib/python3.12/site-packages/airflow/example_dags/tutorial_taskflow_api.py took 0.054 seconds
[2025-03-28T18:32:56.231+0000] {processor.py:186} INFO - Started process (PID=13872) to work on /usr/local/python/3.12.1/lib/python3.12/site-packages/airflow/example_dags/tutorial_taskflow_api.py
[2025-03-28T18:32:56.231+0000] {processor.py:914} INFO - Processing file /usr/local/python/3.12.1/lib/python3.12/site-packages/airflow/example_dags/tutorial_taskflow_api.py for tasks to queue
[2025-03-28T18:32:56.232+0000] {logging_mixin.py:190} INFO - [2025-03-28T18:32:56.232+0000] {dagbag.py:588} INFO - Filling up the DagBag from /usr/local/python/3.12.1/lib/python3.12/site-packages/airflow/example_dags/tutorial_taskflow_api.py
[2025-03-28T18:32:56.239+0000] {processor.py:925} INFO - DAG(s) 'tutorial_taskflow_api' retrieved from /usr/local/python/3.12.1/lib/python3.12/site-packages/airflow/example_dags/tutorial_taskflow_api.py
[2025-03-28T18:32:56.249+0000] {logging_mixin.py:190} INFO - [2025-03-28T18:32:56.249+0000] {dag.py:3239} INFO - Sync 1 DAGs
[2025-03-28T18:32:56.259+0000] {logging_mixin.py:190} INFO - [2025-03-28T18:32:56.258+0000] {dag.py:4180} INFO - Setting next_dagrun for tutorial_taskflow_api to None, run_after=None
[2025-03-28T18:32:56.273+0000] {processor.py:208} INFO - Processing /usr/local/python/3.12.1/lib/python3.12/site-packages/airflow/example_dags/tutorial_taskflow_api.py took 0.046 seconds
[2025-03-28T18:33:47.970+0000] {processor.py:186} INFO - Started process (PID=14328) to work on /usr/local/python/3.12.1/lib/python3.12/site-packages/airflow/example_dags/tutorial_taskflow_api.py
[2025-03-28T18:33:47.970+0000] {processor.py:914} INFO - Processing file /usr/local/python/3.12.1/lib/python3.12/site-packages/airflow/example_dags/tutorial_taskflow_api.py for tasks to queue
[2025-03-28T18:33:47.972+0000] {logging_mixin.py:190} INFO - [2025-03-28T18:33:47.971+0000] {dagbag.py:588} INFO - Filling up the DagBag from /usr/local/python/3.12.1/lib/python3.12/site-packages/airflow/example_dags/tutorial_taskflow_api.py
[2025-03-28T18:33:47.978+0000] {processor.py:925} INFO - DAG(s) 'tutorial_taskflow_api' retrieved from /usr/local/python/3.12.1/lib/python3.12/site-packages/airflow/example_dags/tutorial_taskflow_api.py
[2025-03-28T18:33:47.989+0000] {logging_mixin.py:190} INFO - [2025-03-28T18:33:47.989+0000] {dag.py:3239} INFO - Sync 1 DAGs
[2025-03-28T18:33:47.998+0000] {logging_mixin.py:190} INFO - [2025-03-28T18:33:47.998+0000] {dag.py:4180} INFO - Setting next_dagrun for tutorial_taskflow_api to None, run_after=None
[2025-03-28T18:33:48.013+0000] {processor.py:208} INFO - Processing /usr/local/python/3.12.1/lib/python3.12/site-packages/airflow/example_dags/tutorial_taskflow_api.py took 0.048 seconds
[2025-03-28T18:34:37.093+0000] {processor.py:186} INFO - Started process (PID=14737) to work on /usr/local/python/3.12.1/lib/python3.12/site-packages/airflow/example_dags/tutorial_taskflow_api.py
[2025-03-28T18:34:37.093+0000] {processor.py:914} INFO - Processing file /usr/local/python/3.12.1/lib/python3.12/site-packages/airflow/example_dags/tutorial_taskflow_api.py for tasks to queue
[2025-03-28T18:34:37.095+0000] {logging_mixin.py:190} INFO - [2025-03-28T18:34:37.094+0000] {dagbag.py:588} INFO - Filling up the DagBag from /usr/local/python/3.12.1/lib/python3.12/site-packages/airflow/example_dags/tutorial_taskflow_api.py
[2025-03-28T18:34:37.101+0000] {processor.py:925} INFO - DAG(s) 'tutorial_taskflow_api' retrieved from /usr/local/python/3.12.1/lib/python3.12/site-packages/airflow/example_dags/tutorial_taskflow_api.py
[2025-03-28T18:34:37.112+0000] {logging_mixin.py:190} INFO - [2025-03-28T18:34:37.112+0000] {dag.py:3239} INFO - Sync 1 DAGs
[2025-03-28T18:34:37.122+0000] {logging_mixin.py:190} INFO - [2025-03-28T18:34:37.121+0000] {dag.py:4180} INFO - Setting next_dagrun for tutorial_taskflow_api to None, run_after=None
[2025-03-28T18:34:37.137+0000] {processor.py:208} INFO - Processing /usr/local/python/3.12.1/lib/python3.12/site-packages/airflow/example_dags/tutorial_taskflow_api.py took 0.048 seconds
[2025-03-28T18:35:27.048+0000] {processor.py:186} INFO - Started process (PID=15177) to work on /usr/local/python/3.12.1/lib/python3.12/site-packages/airflow/example_dags/tutorial_taskflow_api.py
[2025-03-28T18:35:27.049+0000] {processor.py:914} INFO - Processing file /usr/local/python/3.12.1/lib/python3.12/site-packages/airflow/example_dags/tutorial_taskflow_api.py for tasks to queue
[2025-03-28T18:35:27.051+0000] {logging_mixin.py:190} INFO - [2025-03-28T18:35:27.050+0000] {dagbag.py:588} INFO - Filling up the DagBag from /usr/local/python/3.12.1/lib/python3.12/site-packages/airflow/example_dags/tutorial_taskflow_api.py
[2025-03-28T18:35:27.057+0000] {processor.py:925} INFO - DAG(s) 'tutorial_taskflow_api' retrieved from /usr/local/python/3.12.1/lib/python3.12/site-packages/airflow/example_dags/tutorial_taskflow_api.py
[2025-03-28T18:35:27.067+0000] {logging_mixin.py:190} INFO - [2025-03-28T18:35:27.067+0000] {dag.py:3239} INFO - Sync 1 DAGs
[2025-03-28T18:35:27.077+0000] {logging_mixin.py:190} INFO - [2025-03-28T18:35:27.077+0000] {dag.py:4180} INFO - Setting next_dagrun for tutorial_taskflow_api to None, run_after=None
[2025-03-28T18:35:27.092+0000] {processor.py:208} INFO - Processing /usr/local/python/3.12.1/lib/python3.12/site-packages/airflow/example_dags/tutorial_taskflow_api.py took 0.047 seconds
[2025-03-28T18:36:15.866+0000] {processor.py:186} INFO - Started process (PID=15610) to work on /usr/local/python/3.12.1/lib/python3.12/site-packages/airflow/example_dags/tutorial_taskflow_api.py
[2025-03-28T18:36:15.867+0000] {processor.py:914} INFO - Processing file /usr/local/python/3.12.1/lib/python3.12/site-packages/airflow/example_dags/tutorial_taskflow_api.py for tasks to queue
[2025-03-28T18:36:15.869+0000] {logging_mixin.py:190} INFO - [2025-03-28T18:36:15.869+0000] {dagbag.py:588} INFO - Filling up the DagBag from /usr/local/python/3.12.1/lib/python3.12/site-packages/airflow/example_dags/tutorial_taskflow_api.py
[2025-03-28T18:36:15.876+0000] {processor.py:925} INFO - DAG(s) 'tutorial_taskflow_api' retrieved from /usr/local/python/3.12.1/lib/python3.12/site-packages/airflow/example_dags/tutorial_taskflow_api.py
[2025-03-28T18:36:15.888+0000] {logging_mixin.py:190} INFO - [2025-03-28T18:36:15.888+0000] {dag.py:3239} INFO - Sync 1 DAGs
[2025-03-28T18:36:15.899+0000] {logging_mixin.py:190} INFO - [2025-03-28T18:36:15.899+0000] {dag.py:4180} INFO - Setting next_dagrun for tutorial_taskflow_api to None, run_after=None
[2025-03-28T18:36:15.914+0000] {processor.py:208} INFO - Processing /usr/local/python/3.12.1/lib/python3.12/site-packages/airflow/example_dags/tutorial_taskflow_api.py took 0.053 seconds
[2025-03-28T18:37:32.623+0000] {processor.py:186} INFO - Started process (PID=16558) to work on /usr/local/python/3.12.1/lib/python3.12/site-packages/airflow/example_dags/tutorial_taskflow_api.py
[2025-03-28T18:37:32.624+0000] {processor.py:914} INFO - Processing file /usr/local/python/3.12.1/lib/python3.12/site-packages/airflow/example_dags/tutorial_taskflow_api.py for tasks to queue
[2025-03-28T18:37:32.625+0000] {logging_mixin.py:190} INFO - [2025-03-28T18:37:32.625+0000] {dagbag.py:588} INFO - Filling up the DagBag from /usr/local/python/3.12.1/lib/python3.12/site-packages/airflow/example_dags/tutorial_taskflow_api.py
[2025-03-28T18:37:32.634+0000] {processor.py:925} INFO - DAG(s) 'tutorial_taskflow_api' retrieved from /usr/local/python/3.12.1/lib/python3.12/site-packages/airflow/example_dags/tutorial_taskflow_api.py
[2025-03-28T18:37:32.652+0000] {logging_mixin.py:190} INFO - [2025-03-28T18:37:32.652+0000] {dag.py:3239} INFO - Sync 1 DAGs
[2025-03-28T18:37:32.661+0000] {logging_mixin.py:190} INFO - [2025-03-28T18:37:32.661+0000] {dag.py:4180} INFO - Setting next_dagrun for tutorial_taskflow_api to None, run_after=None
[2025-03-28T18:37:32.676+0000] {processor.py:208} INFO - Processing /usr/local/python/3.12.1/lib/python3.12/site-packages/airflow/example_dags/tutorial_taskflow_api.py took 0.058 seconds
[2025-03-28T18:38:26.387+0000] {processor.py:186} INFO - Started process (PID=17038) to work on /usr/local/python/3.12.1/lib/python3.12/site-packages/airflow/example_dags/tutorial_taskflow_api.py
[2025-03-28T18:38:26.388+0000] {processor.py:914} INFO - Processing file /usr/local/python/3.12.1/lib/python3.12/site-packages/airflow/example_dags/tutorial_taskflow_api.py for tasks to queue
[2025-03-28T18:38:26.389+0000] {logging_mixin.py:190} INFO - [2025-03-28T18:38:26.389+0000] {dagbag.py:588} INFO - Filling up the DagBag from /usr/local/python/3.12.1/lib/python3.12/site-packages/airflow/example_dags/tutorial_taskflow_api.py
[2025-03-28T18:38:26.395+0000] {processor.py:925} INFO - DAG(s) 'tutorial_taskflow_api' retrieved from /usr/local/python/3.12.1/lib/python3.12/site-packages/airflow/example_dags/tutorial_taskflow_api.py
[2025-03-28T18:38:26.405+0000] {logging_mixin.py:190} INFO - [2025-03-28T18:38:26.405+0000] {dag.py:3239} INFO - Sync 1 DAGs
[2025-03-28T18:38:26.415+0000] {logging_mixin.py:190} INFO - [2025-03-28T18:38:26.415+0000] {dag.py:4180} INFO - Setting next_dagrun for tutorial_taskflow_api to None, run_after=None
[2025-03-28T18:38:26.430+0000] {processor.py:208} INFO - Processing /usr/local/python/3.12.1/lib/python3.12/site-packages/airflow/example_dags/tutorial_taskflow_api.py took 0.047 seconds
[2025-03-28T18:39:20.018+0000] {processor.py:186} INFO - Started process (PID=17482) to work on /usr/local/python/3.12.1/lib/python3.12/site-packages/airflow/example_dags/tutorial_taskflow_api.py
[2025-03-28T18:39:20.019+0000] {processor.py:914} INFO - Processing file /usr/local/python/3.12.1/lib/python3.12/site-packages/airflow/example_dags/tutorial_taskflow_api.py for tasks to queue
[2025-03-28T18:39:20.020+0000] {logging_mixin.py:190} INFO - [2025-03-28T18:39:20.020+0000] {dagbag.py:588} INFO - Filling up the DagBag from /usr/local/python/3.12.1/lib/python3.12/site-packages/airflow/example_dags/tutorial_taskflow_api.py
[2025-03-28T18:39:20.026+0000] {processor.py:925} INFO - DAG(s) 'tutorial_taskflow_api' retrieved from /usr/local/python/3.12.1/lib/python3.12/site-packages/airflow/example_dags/tutorial_taskflow_api.py
[2025-03-28T18:39:20.037+0000] {logging_mixin.py:190} INFO - [2025-03-28T18:39:20.037+0000] {dag.py:3239} INFO - Sync 1 DAGs
[2025-03-28T18:39:20.047+0000] {logging_mixin.py:190} INFO - [2025-03-28T18:39:20.047+0000] {dag.py:4180} INFO - Setting next_dagrun for tutorial_taskflow_api to None, run_after=None
[2025-03-28T18:39:20.061+0000] {processor.py:208} INFO - Processing /usr/local/python/3.12.1/lib/python3.12/site-packages/airflow/example_dags/tutorial_taskflow_api.py took 0.047 seconds
[2025-03-28T18:40:21.831+0000] {processor.py:186} INFO - Started process (PID=18203) to work on /usr/local/python/3.12.1/lib/python3.12/site-packages/airflow/example_dags/tutorial_taskflow_api.py
[2025-03-28T18:40:21.831+0000] {processor.py:914} INFO - Processing file /usr/local/python/3.12.1/lib/python3.12/site-packages/airflow/example_dags/tutorial_taskflow_api.py for tasks to queue
[2025-03-28T18:40:21.832+0000] {logging_mixin.py:190} INFO - [2025-03-28T18:40:21.832+0000] {dagbag.py:588} INFO - Filling up the DagBag from /usr/local/python/3.12.1/lib/python3.12/site-packages/airflow/example_dags/tutorial_taskflow_api.py
[2025-03-28T18:40:21.839+0000] {processor.py:925} INFO - DAG(s) 'tutorial_taskflow_api' retrieved from /usr/local/python/3.12.1/lib/python3.12/site-packages/airflow/example_dags/tutorial_taskflow_api.py
[2025-03-28T18:40:21.854+0000] {logging_mixin.py:190} INFO - [2025-03-28T18:40:21.854+0000] {dag.py:3239} INFO - Sync 1 DAGs
[2025-03-28T18:40:21.864+0000] {logging_mixin.py:190} INFO - [2025-03-28T18:40:21.864+0000] {dag.py:4180} INFO - Setting next_dagrun for tutorial_taskflow_api to None, run_after=None
[2025-03-28T18:40:21.878+0000] {processor.py:208} INFO - Processing /usr/local/python/3.12.1/lib/python3.12/site-packages/airflow/example_dags/tutorial_taskflow_api.py took 0.052 seconds
[2025-03-28T18:41:13.839+0000] {processor.py:186} INFO - Started process (PID=18769) to work on /usr/local/python/3.12.1/lib/python3.12/site-packages/airflow/example_dags/tutorial_taskflow_api.py
[2025-03-28T18:41:13.840+0000] {processor.py:914} INFO - Processing file /usr/local/python/3.12.1/lib/python3.12/site-packages/airflow/example_dags/tutorial_taskflow_api.py for tasks to queue
[2025-03-28T18:41:13.841+0000] {logging_mixin.py:190} INFO - [2025-03-28T18:41:13.841+0000] {dagbag.py:588} INFO - Filling up the DagBag from /usr/local/python/3.12.1/lib/python3.12/site-packages/airflow/example_dags/tutorial_taskflow_api.py
[2025-03-28T18:41:13.848+0000] {processor.py:925} INFO - DAG(s) 'tutorial_taskflow_api' retrieved from /usr/local/python/3.12.1/lib/python3.12/site-packages/airflow/example_dags/tutorial_taskflow_api.py
[2025-03-28T18:41:13.865+0000] {logging_mixin.py:190} INFO - [2025-03-28T18:41:13.865+0000] {dag.py:3239} INFO - Sync 1 DAGs
[2025-03-28T18:41:13.875+0000] {logging_mixin.py:190} INFO - [2025-03-28T18:41:13.874+0000] {dag.py:4180} INFO - Setting next_dagrun for tutorial_taskflow_api to None, run_after=None
[2025-03-28T18:41:13.889+0000] {processor.py:208} INFO - Processing /usr/local/python/3.12.1/lib/python3.12/site-packages/airflow/example_dags/tutorial_taskflow_api.py took 0.054 seconds
[2025-03-28T18:42:11.469+0000] {processor.py:186} INFO - Started process (PID=19294) to work on /usr/local/python/3.12.1/lib/python3.12/site-packages/airflow/example_dags/tutorial_taskflow_api.py
[2025-03-28T18:42:11.470+0000] {processor.py:914} INFO - Processing file /usr/local/python/3.12.1/lib/python3.12/site-packages/airflow/example_dags/tutorial_taskflow_api.py for tasks to queue
[2025-03-28T18:42:11.471+0000] {logging_mixin.py:190} INFO - [2025-03-28T18:42:11.471+0000] {dagbag.py:588} INFO - Filling up the DagBag from /usr/local/python/3.12.1/lib/python3.12/site-packages/airflow/example_dags/tutorial_taskflow_api.py
[2025-03-28T18:42:11.478+0000] {processor.py:925} INFO - DAG(s) 'tutorial_taskflow_api' retrieved from /usr/local/python/3.12.1/lib/python3.12/site-packages/airflow/example_dags/tutorial_taskflow_api.py
[2025-03-28T18:42:11.488+0000] {logging_mixin.py:190} INFO - [2025-03-28T18:42:11.488+0000] {dag.py:3239} INFO - Sync 1 DAGs
[2025-03-28T18:42:11.498+0000] {logging_mixin.py:190} INFO - [2025-03-28T18:42:11.498+0000] {dag.py:4180} INFO - Setting next_dagrun for tutorial_taskflow_api to None, run_after=None
[2025-03-28T18:42:11.513+0000] {processor.py:208} INFO - Processing /usr/local/python/3.12.1/lib/python3.12/site-packages/airflow/example_dags/tutorial_taskflow_api.py took 0.047 seconds
[2025-03-28T18:43:05.596+0000] {processor.py:186} INFO - Started process (PID=19766) to work on /usr/local/python/3.12.1/lib/python3.12/site-packages/airflow/example_dags/tutorial_taskflow_api.py
[2025-03-28T18:43:05.597+0000] {processor.py:914} INFO - Processing file /usr/local/python/3.12.1/lib/python3.12/site-packages/airflow/example_dags/tutorial_taskflow_api.py for tasks to queue
[2025-03-28T18:43:05.598+0000] {logging_mixin.py:190} INFO - [2025-03-28T18:43:05.598+0000] {dagbag.py:588} INFO - Filling up the DagBag from /usr/local/python/3.12.1/lib/python3.12/site-packages/airflow/example_dags/tutorial_taskflow_api.py
[2025-03-28T18:43:05.604+0000] {processor.py:925} INFO - DAG(s) 'tutorial_taskflow_api' retrieved from /usr/local/python/3.12.1/lib/python3.12/site-packages/airflow/example_dags/tutorial_taskflow_api.py
[2025-03-28T18:43:05.615+0000] {logging_mixin.py:190} INFO - [2025-03-28T18:43:05.615+0000] {dag.py:3239} INFO - Sync 1 DAGs
[2025-03-28T18:43:05.624+0000] {logging_mixin.py:190} INFO - [2025-03-28T18:43:05.624+0000] {dag.py:4180} INFO - Setting next_dagrun for tutorial_taskflow_api to None, run_after=None
[2025-03-28T18:43:05.638+0000] {processor.py:208} INFO - Processing /usr/local/python/3.12.1/lib/python3.12/site-packages/airflow/example_dags/tutorial_taskflow_api.py took 0.046 seconds
[2025-03-28T18:44:01.433+0000] {processor.py:186} INFO - Started process (PID=20274) to work on /usr/local/python/3.12.1/lib/python3.12/site-packages/airflow/example_dags/tutorial_taskflow_api.py
[2025-03-28T18:44:01.434+0000] {processor.py:914} INFO - Processing file /usr/local/python/3.12.1/lib/python3.12/site-packages/airflow/example_dags/tutorial_taskflow_api.py for tasks to queue
[2025-03-28T18:44:01.435+0000] {logging_mixin.py:190} INFO - [2025-03-28T18:44:01.435+0000] {dagbag.py:588} INFO - Filling up the DagBag from /usr/local/python/3.12.1/lib/python3.12/site-packages/airflow/example_dags/tutorial_taskflow_api.py
[2025-03-28T18:44:01.441+0000] {processor.py:925} INFO - DAG(s) 'tutorial_taskflow_api' retrieved from /usr/local/python/3.12.1/lib/python3.12/site-packages/airflow/example_dags/tutorial_taskflow_api.py
[2025-03-28T18:44:01.452+0000] {logging_mixin.py:190} INFO - [2025-03-28T18:44:01.452+0000] {dag.py:3239} INFO - Sync 1 DAGs
[2025-03-28T18:44:01.461+0000] {logging_mixin.py:190} INFO - [2025-03-28T18:44:01.461+0000] {dag.py:4180} INFO - Setting next_dagrun for tutorial_taskflow_api to None, run_after=None
[2025-03-28T18:44:01.476+0000] {processor.py:208} INFO - Processing /usr/local/python/3.12.1/lib/python3.12/site-packages/airflow/example_dags/tutorial_taskflow_api.py took 0.047 seconds
[2025-03-28T18:44:55.258+0000] {processor.py:186} INFO - Started process (PID=20746) to work on /usr/local/python/3.12.1/lib/python3.12/site-packages/airflow/example_dags/tutorial_taskflow_api.py
[2025-03-28T18:44:55.259+0000] {processor.py:914} INFO - Processing file /usr/local/python/3.12.1/lib/python3.12/site-packages/airflow/example_dags/tutorial_taskflow_api.py for tasks to queue
[2025-03-28T18:44:55.260+0000] {logging_mixin.py:190} INFO - [2025-03-28T18:44:55.260+0000] {dagbag.py:588} INFO - Filling up the DagBag from /usr/local/python/3.12.1/lib/python3.12/site-packages/airflow/example_dags/tutorial_taskflow_api.py
[2025-03-28T18:44:55.267+0000] {processor.py:925} INFO - DAG(s) 'tutorial_taskflow_api' retrieved from /usr/local/python/3.12.1/lib/python3.12/site-packages/airflow/example_dags/tutorial_taskflow_api.py
[2025-03-28T18:44:55.278+0000] {logging_mixin.py:190} INFO - [2025-03-28T18:44:55.277+0000] {dag.py:3239} INFO - Sync 1 DAGs
[2025-03-28T18:44:55.287+0000] {logging_mixin.py:190} INFO - [2025-03-28T18:44:55.287+0000] {dag.py:4180} INFO - Setting next_dagrun for tutorial_taskflow_api to None, run_after=None
[2025-03-28T18:44:55.302+0000] {processor.py:208} INFO - Processing /usr/local/python/3.12.1/lib/python3.12/site-packages/airflow/example_dags/tutorial_taskflow_api.py took 0.048 seconds
[2025-03-28T18:45:49.317+0000] {processor.py:186} INFO - Started process (PID=21213) to work on /usr/local/python/3.12.1/lib/python3.12/site-packages/airflow/example_dags/tutorial_taskflow_api.py
[2025-03-28T18:45:49.317+0000] {processor.py:914} INFO - Processing file /usr/local/python/3.12.1/lib/python3.12/site-packages/airflow/example_dags/tutorial_taskflow_api.py for tasks to queue
[2025-03-28T18:45:49.319+0000] {logging_mixin.py:190} INFO - [2025-03-28T18:45:49.318+0000] {dagbag.py:588} INFO - Filling up the DagBag from /usr/local/python/3.12.1/lib/python3.12/site-packages/airflow/example_dags/tutorial_taskflow_api.py
[2025-03-28T18:45:49.325+0000] {processor.py:925} INFO - DAG(s) 'tutorial_taskflow_api' retrieved from /usr/local/python/3.12.1/lib/python3.12/site-packages/airflow/example_dags/tutorial_taskflow_api.py
[2025-03-28T18:45:49.335+0000] {logging_mixin.py:190} INFO - [2025-03-28T18:45:49.335+0000] {dag.py:3239} INFO - Sync 1 DAGs
[2025-03-28T18:45:49.344+0000] {logging_mixin.py:190} INFO - [2025-03-28T18:45:49.344+0000] {dag.py:4180} INFO - Setting next_dagrun for tutorial_taskflow_api to None, run_after=None
[2025-03-28T18:45:49.359+0000] {processor.py:208} INFO - Processing /usr/local/python/3.12.1/lib/python3.12/site-packages/airflow/example_dags/tutorial_taskflow_api.py took 0.046 seconds
[2025-03-28T18:46:42.415+0000] {processor.py:186} INFO - Started process (PID=21689) to work on /usr/local/python/3.12.1/lib/python3.12/site-packages/airflow/example_dags/tutorial_taskflow_api.py
[2025-03-28T18:46:42.416+0000] {processor.py:914} INFO - Processing file /usr/local/python/3.12.1/lib/python3.12/site-packages/airflow/example_dags/tutorial_taskflow_api.py for tasks to queue
[2025-03-28T18:46:42.417+0000] {logging_mixin.py:190} INFO - [2025-03-28T18:46:42.417+0000] {dagbag.py:588} INFO - Filling up the DagBag from /usr/local/python/3.12.1/lib/python3.12/site-packages/airflow/example_dags/tutorial_taskflow_api.py
[2025-03-28T18:46:42.424+0000] {processor.py:925} INFO - DAG(s) 'tutorial_taskflow_api' retrieved from /usr/local/python/3.12.1/lib/python3.12/site-packages/airflow/example_dags/tutorial_taskflow_api.py
[2025-03-28T18:46:42.434+0000] {logging_mixin.py:190} INFO - [2025-03-28T18:46:42.434+0000] {dag.py:3239} INFO - Sync 1 DAGs
[2025-03-28T18:46:42.443+0000] {logging_mixin.py:190} INFO - [2025-03-28T18:46:42.443+0000] {dag.py:4180} INFO - Setting next_dagrun for tutorial_taskflow_api to None, run_after=None
[2025-03-28T18:46:42.458+0000] {processor.py:208} INFO - Processing /usr/local/python/3.12.1/lib/python3.12/site-packages/airflow/example_dags/tutorial_taskflow_api.py took 0.046 seconds
[2025-03-28T18:47:35.824+0000] {processor.py:186} INFO - Started process (PID=22149) to work on /usr/local/python/3.12.1/lib/python3.12/site-packages/airflow/example_dags/tutorial_taskflow_api.py
[2025-03-28T18:47:35.824+0000] {processor.py:914} INFO - Processing file /usr/local/python/3.12.1/lib/python3.12/site-packages/airflow/example_dags/tutorial_taskflow_api.py for tasks to queue
[2025-03-28T18:47:35.825+0000] {logging_mixin.py:190} INFO - [2025-03-28T18:47:35.825+0000] {dagbag.py:588} INFO - Filling up the DagBag from /usr/local/python/3.12.1/lib/python3.12/site-packages/airflow/example_dags/tutorial_taskflow_api.py
[2025-03-28T18:47:35.832+0000] {processor.py:925} INFO - DAG(s) 'tutorial_taskflow_api' retrieved from /usr/local/python/3.12.1/lib/python3.12/site-packages/airflow/example_dags/tutorial_taskflow_api.py
[2025-03-28T18:47:35.846+0000] {logging_mixin.py:190} INFO - [2025-03-28T18:47:35.845+0000] {dag.py:3239} INFO - Sync 1 DAGs
[2025-03-28T18:47:35.858+0000] {logging_mixin.py:190} INFO - [2025-03-28T18:47:35.858+0000] {dag.py:4180} INFO - Setting next_dagrun for tutorial_taskflow_api to None, run_after=None
[2025-03-28T18:47:35.879+0000] {processor.py:208} INFO - Processing /usr/local/python/3.12.1/lib/python3.12/site-packages/airflow/example_dags/tutorial_taskflow_api.py took 0.059 seconds
[2025-03-28T18:48:28.037+0000] {processor.py:186} INFO - Started process (PID=22570) to work on /usr/local/python/3.12.1/lib/python3.12/site-packages/airflow/example_dags/tutorial_taskflow_api.py
[2025-03-28T18:48:28.037+0000] {processor.py:914} INFO - Processing file /usr/local/python/3.12.1/lib/python3.12/site-packages/airflow/example_dags/tutorial_taskflow_api.py for tasks to queue
[2025-03-28T18:48:28.038+0000] {logging_mixin.py:190} INFO - [2025-03-28T18:48:28.038+0000] {dagbag.py:588} INFO - Filling up the DagBag from /usr/local/python/3.12.1/lib/python3.12/site-packages/airflow/example_dags/tutorial_taskflow_api.py
[2025-03-28T18:48:28.045+0000] {processor.py:925} INFO - DAG(s) 'tutorial_taskflow_api' retrieved from /usr/local/python/3.12.1/lib/python3.12/site-packages/airflow/example_dags/tutorial_taskflow_api.py
[2025-03-28T18:48:28.055+0000] {logging_mixin.py:190} INFO - [2025-03-28T18:48:28.055+0000] {dag.py:3239} INFO - Sync 1 DAGs
[2025-03-28T18:48:28.065+0000] {logging_mixin.py:190} INFO - [2025-03-28T18:48:28.065+0000] {dag.py:4180} INFO - Setting next_dagrun for tutorial_taskflow_api to None, run_after=None
[2025-03-28T18:48:28.079+0000] {processor.py:208} INFO - Processing /usr/local/python/3.12.1/lib/python3.12/site-packages/airflow/example_dags/tutorial_taskflow_api.py took 0.047 seconds
[2025-03-28T18:49:24.065+0000] {processor.py:186} INFO - Started process (PID=23014) to work on /usr/local/python/3.12.1/lib/python3.12/site-packages/airflow/example_dags/tutorial_taskflow_api.py
[2025-03-28T18:49:24.065+0000] {processor.py:914} INFO - Processing file /usr/local/python/3.12.1/lib/python3.12/site-packages/airflow/example_dags/tutorial_taskflow_api.py for tasks to queue
[2025-03-28T18:49:24.066+0000] {logging_mixin.py:190} INFO - [2025-03-28T18:49:24.066+0000] {dagbag.py:588} INFO - Filling up the DagBag from /usr/local/python/3.12.1/lib/python3.12/site-packages/airflow/example_dags/tutorial_taskflow_api.py
[2025-03-28T18:49:24.073+0000] {processor.py:925} INFO - DAG(s) 'tutorial_taskflow_api' retrieved from /usr/local/python/3.12.1/lib/python3.12/site-packages/airflow/example_dags/tutorial_taskflow_api.py
[2025-03-28T18:49:24.083+0000] {logging_mixin.py:190} INFO - [2025-03-28T18:49:24.083+0000] {dag.py:3239} INFO - Sync 1 DAGs
[2025-03-28T18:49:24.093+0000] {logging_mixin.py:190} INFO - [2025-03-28T18:49:24.093+0000] {dag.py:4180} INFO - Setting next_dagrun for tutorial_taskflow_api to None, run_after=None
[2025-03-28T18:49:24.108+0000] {processor.py:208} INFO - Processing /usr/local/python/3.12.1/lib/python3.12/site-packages/airflow/example_dags/tutorial_taskflow_api.py took 0.048 seconds
[2025-03-28T18:50:21.780+0000] {processor.py:186} INFO - Started process (PID=23489) to work on /usr/local/python/3.12.1/lib/python3.12/site-packages/airflow/example_dags/tutorial_taskflow_api.py
[2025-03-28T18:50:21.780+0000] {processor.py:914} INFO - Processing file /usr/local/python/3.12.1/lib/python3.12/site-packages/airflow/example_dags/tutorial_taskflow_api.py for tasks to queue
[2025-03-28T18:50:21.781+0000] {logging_mixin.py:190} INFO - [2025-03-28T18:50:21.781+0000] {dagbag.py:588} INFO - Filling up the DagBag from /usr/local/python/3.12.1/lib/python3.12/site-packages/airflow/example_dags/tutorial_taskflow_api.py
[2025-03-28T18:50:21.787+0000] {processor.py:925} INFO - DAG(s) 'tutorial_taskflow_api' retrieved from /usr/local/python/3.12.1/lib/python3.12/site-packages/airflow/example_dags/tutorial_taskflow_api.py
[2025-03-28T18:50:21.798+0000] {logging_mixin.py:190} INFO - [2025-03-28T18:50:21.797+0000] {dag.py:3239} INFO - Sync 1 DAGs
[2025-03-28T18:50:21.807+0000] {logging_mixin.py:190} INFO - [2025-03-28T18:50:21.807+0000] {dag.py:4180} INFO - Setting next_dagrun for tutorial_taskflow_api to None, run_after=None
[2025-03-28T18:50:21.822+0000] {processor.py:208} INFO - Processing /usr/local/python/3.12.1/lib/python3.12/site-packages/airflow/example_dags/tutorial_taskflow_api.py took 0.046 seconds
[2025-03-28T18:52:03.146+0000] {processor.py:186} INFO - Started process (PID=24419) to work on /usr/local/python/3.12.1/lib/python3.12/site-packages/airflow/example_dags/tutorial_taskflow_api.py
[2025-03-28T18:52:03.146+0000] {processor.py:914} INFO - Processing file /usr/local/python/3.12.1/lib/python3.12/site-packages/airflow/example_dags/tutorial_taskflow_api.py for tasks to queue
[2025-03-28T18:52:03.147+0000] {logging_mixin.py:190} INFO - [2025-03-28T18:52:03.147+0000] {dagbag.py:588} INFO - Filling up the DagBag from /usr/local/python/3.12.1/lib/python3.12/site-packages/airflow/example_dags/tutorial_taskflow_api.py
[2025-03-28T18:52:03.154+0000] {processor.py:925} INFO - DAG(s) 'tutorial_taskflow_api' retrieved from /usr/local/python/3.12.1/lib/python3.12/site-packages/airflow/example_dags/tutorial_taskflow_api.py
[2025-03-28T18:52:03.164+0000] {logging_mixin.py:190} INFO - [2025-03-28T18:52:03.164+0000] {dag.py:3239} INFO - Sync 1 DAGs
[2025-03-28T18:52:03.174+0000] {logging_mixin.py:190} INFO - [2025-03-28T18:52:03.173+0000] {dag.py:4180} INFO - Setting next_dagrun for tutorial_taskflow_api to None, run_after=None
[2025-03-28T18:52:03.189+0000] {processor.py:208} INFO - Processing /usr/local/python/3.12.1/lib/python3.12/site-packages/airflow/example_dags/tutorial_taskflow_api.py took 0.048 seconds
[2025-03-28T18:54:33.616+0000] {processor.py:186} INFO - Started process (PID=25906) to work on /usr/local/python/3.12.1/lib/python3.12/site-packages/airflow/example_dags/tutorial_taskflow_api.py
[2025-03-28T18:54:33.617+0000] {processor.py:914} INFO - Processing file /usr/local/python/3.12.1/lib/python3.12/site-packages/airflow/example_dags/tutorial_taskflow_api.py for tasks to queue
[2025-03-28T18:54:33.618+0000] {logging_mixin.py:190} INFO - [2025-03-28T18:54:33.618+0000] {dagbag.py:588} INFO - Filling up the DagBag from /usr/local/python/3.12.1/lib/python3.12/site-packages/airflow/example_dags/tutorial_taskflow_api.py
[2025-03-28T18:54:33.625+0000] {processor.py:925} INFO - DAG(s) 'tutorial_taskflow_api' retrieved from /usr/local/python/3.12.1/lib/python3.12/site-packages/airflow/example_dags/tutorial_taskflow_api.py
[2025-03-28T18:54:33.635+0000] {logging_mixin.py:190} INFO - [2025-03-28T18:54:33.635+0000] {dag.py:3239} INFO - Sync 1 DAGs
[2025-03-28T18:54:33.645+0000] {logging_mixin.py:190} INFO - [2025-03-28T18:54:33.645+0000] {dag.py:4180} INFO - Setting next_dagrun for tutorial_taskflow_api to None, run_after=None
[2025-03-28T18:54:33.660+0000] {processor.py:208} INFO - Processing /usr/local/python/3.12.1/lib/python3.12/site-packages/airflow/example_dags/tutorial_taskflow_api.py took 0.047 seconds
[2025-03-28T18:57:09.170+0000] {processor.py:186} INFO - Started process (PID=27553) to work on /usr/local/python/3.12.1/lib/python3.12/site-packages/airflow/example_dags/tutorial_taskflow_api.py
[2025-03-28T18:57:09.170+0000] {processor.py:914} INFO - Processing file /usr/local/python/3.12.1/lib/python3.12/site-packages/airflow/example_dags/tutorial_taskflow_api.py for tasks to queue
[2025-03-28T18:57:09.171+0000] {logging_mixin.py:190} INFO - [2025-03-28T18:57:09.171+0000] {dagbag.py:588} INFO - Filling up the DagBag from /usr/local/python/3.12.1/lib/python3.12/site-packages/airflow/example_dags/tutorial_taskflow_api.py
[2025-03-28T18:57:09.178+0000] {processor.py:925} INFO - DAG(s) 'tutorial_taskflow_api' retrieved from /usr/local/python/3.12.1/lib/python3.12/site-packages/airflow/example_dags/tutorial_taskflow_api.py
[2025-03-28T18:57:09.188+0000] {logging_mixin.py:190} INFO - [2025-03-28T18:57:09.188+0000] {dag.py:3239} INFO - Sync 1 DAGs
[2025-03-28T18:57:09.198+0000] {logging_mixin.py:190} INFO - [2025-03-28T18:57:09.198+0000] {dag.py:4180} INFO - Setting next_dagrun for tutorial_taskflow_api to None, run_after=None
[2025-03-28T18:57:09.212+0000] {processor.py:208} INFO - Processing /usr/local/python/3.12.1/lib/python3.12/site-packages/airflow/example_dags/tutorial_taskflow_api.py took 0.046 seconds
[2025-03-28T18:59:43.558+0000] {processor.py:186} INFO - Started process (PID=29173) to work on /usr/local/python/3.12.1/lib/python3.12/site-packages/airflow/example_dags/tutorial_taskflow_api.py
[2025-03-28T18:59:43.559+0000] {processor.py:914} INFO - Processing file /usr/local/python/3.12.1/lib/python3.12/site-packages/airflow/example_dags/tutorial_taskflow_api.py for tasks to queue
[2025-03-28T18:59:43.560+0000] {logging_mixin.py:190} INFO - [2025-03-28T18:59:43.559+0000] {dagbag.py:588} INFO - Filling up the DagBag from /usr/local/python/3.12.1/lib/python3.12/site-packages/airflow/example_dags/tutorial_taskflow_api.py
[2025-03-28T18:59:43.566+0000] {processor.py:925} INFO - DAG(s) 'tutorial_taskflow_api' retrieved from /usr/local/python/3.12.1/lib/python3.12/site-packages/airflow/example_dags/tutorial_taskflow_api.py
[2025-03-28T18:59:43.576+0000] {logging_mixin.py:190} INFO - [2025-03-28T18:59:43.576+0000] {dag.py:3239} INFO - Sync 1 DAGs
[2025-03-28T18:59:43.586+0000] {logging_mixin.py:190} INFO - [2025-03-28T18:59:43.586+0000] {dag.py:4180} INFO - Setting next_dagrun for tutorial_taskflow_api to None, run_after=None
[2025-03-28T18:59:43.601+0000] {processor.py:208} INFO - Processing /usr/local/python/3.12.1/lib/python3.12/site-packages/airflow/example_dags/tutorial_taskflow_api.py took 0.047 seconds
[2025-03-28T19:02:19.833+0000] {processor.py:186} INFO - Started process (PID=31057) to work on /usr/local/python/3.12.1/lib/python3.12/site-packages/airflow/example_dags/tutorial_taskflow_api.py
[2025-03-28T19:02:19.834+0000] {processor.py:914} INFO - Processing file /usr/local/python/3.12.1/lib/python3.12/site-packages/airflow/example_dags/tutorial_taskflow_api.py for tasks to queue
[2025-03-28T19:02:19.835+0000] {logging_mixin.py:190} INFO - [2025-03-28T19:02:19.834+0000] {dagbag.py:588} INFO - Filling up the DagBag from /usr/local/python/3.12.1/lib/python3.12/site-packages/airflow/example_dags/tutorial_taskflow_api.py
[2025-03-28T19:02:19.841+0000] {processor.py:925} INFO - DAG(s) 'tutorial_taskflow_api' retrieved from /usr/local/python/3.12.1/lib/python3.12/site-packages/airflow/example_dags/tutorial_taskflow_api.py
[2025-03-28T19:02:19.851+0000] {logging_mixin.py:190} INFO - [2025-03-28T19:02:19.851+0000] {dag.py:3239} INFO - Sync 1 DAGs
[2025-03-28T19:02:19.861+0000] {logging_mixin.py:190} INFO - [2025-03-28T19:02:19.860+0000] {dag.py:4180} INFO - Setting next_dagrun for tutorial_taskflow_api to None, run_after=None
[2025-03-28T19:02:19.874+0000] {processor.py:208} INFO - Processing /usr/local/python/3.12.1/lib/python3.12/site-packages/airflow/example_dags/tutorial_taskflow_api.py took 0.045 seconds
[2025-03-28T19:04:54.770+0000] {processor.py:186} INFO - Started process (PID=32771) to work on /usr/local/python/3.12.1/lib/python3.12/site-packages/airflow/example_dags/tutorial_taskflow_api.py
[2025-03-28T19:04:54.771+0000] {processor.py:914} INFO - Processing file /usr/local/python/3.12.1/lib/python3.12/site-packages/airflow/example_dags/tutorial_taskflow_api.py for tasks to queue
[2025-03-28T19:04:54.772+0000] {logging_mixin.py:190} INFO - [2025-03-28T19:04:54.772+0000] {dagbag.py:588} INFO - Filling up the DagBag from /usr/local/python/3.12.1/lib/python3.12/site-packages/airflow/example_dags/tutorial_taskflow_api.py
[2025-03-28T19:04:54.778+0000] {processor.py:925} INFO - DAG(s) 'tutorial_taskflow_api' retrieved from /usr/local/python/3.12.1/lib/python3.12/site-packages/airflow/example_dags/tutorial_taskflow_api.py
[2025-03-28T19:04:54.789+0000] {logging_mixin.py:190} INFO - [2025-03-28T19:04:54.788+0000] {dag.py:3239} INFO - Sync 1 DAGs
[2025-03-28T19:04:54.798+0000] {logging_mixin.py:190} INFO - [2025-03-28T19:04:54.798+0000] {dag.py:4180} INFO - Setting next_dagrun for tutorial_taskflow_api to None, run_after=None
[2025-03-28T19:04:54.813+0000] {processor.py:208} INFO - Processing /usr/local/python/3.12.1/lib/python3.12/site-packages/airflow/example_dags/tutorial_taskflow_api.py took 0.046 seconds
[2025-03-28T19:07:30.166+0000] {processor.py:186} INFO - Started process (PID=34723) to work on /usr/local/python/3.12.1/lib/python3.12/site-packages/airflow/example_dags/tutorial_taskflow_api.py
[2025-03-28T19:07:30.167+0000] {processor.py:914} INFO - Processing file /usr/local/python/3.12.1/lib/python3.12/site-packages/airflow/example_dags/tutorial_taskflow_api.py for tasks to queue
[2025-03-28T19:07:30.168+0000] {logging_mixin.py:190} INFO - [2025-03-28T19:07:30.168+0000] {dagbag.py:588} INFO - Filling up the DagBag from /usr/local/python/3.12.1/lib/python3.12/site-packages/airflow/example_dags/tutorial_taskflow_api.py
[2025-03-28T19:07:30.174+0000] {processor.py:925} INFO - DAG(s) 'tutorial_taskflow_api' retrieved from /usr/local/python/3.12.1/lib/python3.12/site-packages/airflow/example_dags/tutorial_taskflow_api.py
[2025-03-28T19:07:30.185+0000] {logging_mixin.py:190} INFO - [2025-03-28T19:07:30.185+0000] {dag.py:3239} INFO - Sync 1 DAGs
[2025-03-28T19:07:30.196+0000] {logging_mixin.py:190} INFO - [2025-03-28T19:07:30.196+0000] {dag.py:4180} INFO - Setting next_dagrun for tutorial_taskflow_api to None, run_after=None
[2025-03-28T19:07:30.211+0000] {processor.py:208} INFO - Processing /usr/local/python/3.12.1/lib/python3.12/site-packages/airflow/example_dags/tutorial_taskflow_api.py took 0.048 seconds
[2025-03-28T19:10:26.709+0000] {processor.py:186} INFO - Started process (PID=37717) to work on /usr/local/python/3.12.1/lib/python3.12/site-packages/airflow/example_dags/tutorial_taskflow_api.py
[2025-03-28T19:10:26.710+0000] {processor.py:914} INFO - Processing file /usr/local/python/3.12.1/lib/python3.12/site-packages/airflow/example_dags/tutorial_taskflow_api.py for tasks to queue
[2025-03-28T19:10:26.711+0000] {logging_mixin.py:190} INFO - [2025-03-28T19:10:26.711+0000] {dagbag.py:588} INFO - Filling up the DagBag from /usr/local/python/3.12.1/lib/python3.12/site-packages/airflow/example_dags/tutorial_taskflow_api.py
[2025-03-28T19:10:26.718+0000] {processor.py:925} INFO - DAG(s) 'tutorial_taskflow_api' retrieved from /usr/local/python/3.12.1/lib/python3.12/site-packages/airflow/example_dags/tutorial_taskflow_api.py
[2025-03-28T19:10:26.733+0000] {logging_mixin.py:190} INFO - [2025-03-28T19:10:26.733+0000] {dag.py:3239} INFO - Sync 1 DAGs
[2025-03-28T19:10:26.743+0000] {logging_mixin.py:190} INFO - [2025-03-28T19:10:26.743+0000] {dag.py:4180} INFO - Setting next_dagrun for tutorial_taskflow_api to None, run_after=None
[2025-03-28T19:10:26.757+0000] {processor.py:208} INFO - Processing /usr/local/python/3.12.1/lib/python3.12/site-packages/airflow/example_dags/tutorial_taskflow_api.py took 0.051 seconds
[2025-03-28T19:13:29.207+0000] {processor.py:186} INFO - Started process (PID=39717) to work on /usr/local/python/3.12.1/lib/python3.12/site-packages/airflow/example_dags/tutorial_taskflow_api.py
[2025-03-28T19:13:29.208+0000] {processor.py:914} INFO - Processing file /usr/local/python/3.12.1/lib/python3.12/site-packages/airflow/example_dags/tutorial_taskflow_api.py for tasks to queue
[2025-03-28T19:13:29.209+0000] {logging_mixin.py:190} INFO - [2025-03-28T19:13:29.209+0000] {dagbag.py:588} INFO - Filling up the DagBag from /usr/local/python/3.12.1/lib/python3.12/site-packages/airflow/example_dags/tutorial_taskflow_api.py
[2025-03-28T19:13:29.215+0000] {processor.py:925} INFO - DAG(s) 'tutorial_taskflow_api' retrieved from /usr/local/python/3.12.1/lib/python3.12/site-packages/airflow/example_dags/tutorial_taskflow_api.py
[2025-03-28T19:13:29.226+0000] {logging_mixin.py:190} INFO - [2025-03-28T19:13:29.226+0000] {dag.py:3239} INFO - Sync 1 DAGs
[2025-03-28T19:13:29.235+0000] {logging_mixin.py:190} INFO - [2025-03-28T19:13:29.235+0000] {dag.py:4180} INFO - Setting next_dagrun for tutorial_taskflow_api to None, run_after=None
[2025-03-28T19:13:29.250+0000] {processor.py:208} INFO - Processing /usr/local/python/3.12.1/lib/python3.12/site-packages/airflow/example_dags/tutorial_taskflow_api.py took 0.046 seconds
[2025-03-28T19:16:04.214+0000] {processor.py:186} INFO - Started process (PID=41260) to work on /usr/local/python/3.12.1/lib/python3.12/site-packages/airflow/example_dags/tutorial_taskflow_api.py
[2025-03-28T19:16:04.214+0000] {processor.py:914} INFO - Processing file /usr/local/python/3.12.1/lib/python3.12/site-packages/airflow/example_dags/tutorial_taskflow_api.py for tasks to queue
[2025-03-28T19:16:04.216+0000] {logging_mixin.py:190} INFO - [2025-03-28T19:16:04.215+0000] {dagbag.py:588} INFO - Filling up the DagBag from /usr/local/python/3.12.1/lib/python3.12/site-packages/airflow/example_dags/tutorial_taskflow_api.py
[2025-03-28T19:16:04.222+0000] {processor.py:925} INFO - DAG(s) 'tutorial_taskflow_api' retrieved from /usr/local/python/3.12.1/lib/python3.12/site-packages/airflow/example_dags/tutorial_taskflow_api.py
[2025-03-28T19:16:04.235+0000] {logging_mixin.py:190} INFO - [2025-03-28T19:16:04.235+0000] {dag.py:3239} INFO - Sync 1 DAGs
[2025-03-28T19:16:04.245+0000] {logging_mixin.py:190} INFO - [2025-03-28T19:16:04.245+0000] {dag.py:4180} INFO - Setting next_dagrun for tutorial_taskflow_api to None, run_after=None
[2025-03-28T19:16:04.260+0000] {processor.py:208} INFO - Processing /usr/local/python/3.12.1/lib/python3.12/site-packages/airflow/example_dags/tutorial_taskflow_api.py took 0.051 seconds
[2025-03-28T19:18:38.376+0000] {processor.py:186} INFO - Started process (PID=42779) to work on /usr/local/python/3.12.1/lib/python3.12/site-packages/airflow/example_dags/tutorial_taskflow_api.py
[2025-03-28T19:18:38.377+0000] {processor.py:914} INFO - Processing file /usr/local/python/3.12.1/lib/python3.12/site-packages/airflow/example_dags/tutorial_taskflow_api.py for tasks to queue
[2025-03-28T19:18:38.378+0000] {logging_mixin.py:190} INFO - [2025-03-28T19:18:38.378+0000] {dagbag.py:588} INFO - Filling up the DagBag from /usr/local/python/3.12.1/lib/python3.12/site-packages/airflow/example_dags/tutorial_taskflow_api.py
[2025-03-28T19:18:38.384+0000] {processor.py:925} INFO - DAG(s) 'tutorial_taskflow_api' retrieved from /usr/local/python/3.12.1/lib/python3.12/site-packages/airflow/example_dags/tutorial_taskflow_api.py
[2025-03-28T19:18:38.395+0000] {logging_mixin.py:190} INFO - [2025-03-28T19:18:38.395+0000] {dag.py:3239} INFO - Sync 1 DAGs
[2025-03-28T19:18:38.404+0000] {logging_mixin.py:190} INFO - [2025-03-28T19:18:38.404+0000] {dag.py:4180} INFO - Setting next_dagrun for tutorial_taskflow_api to None, run_after=None
[2025-03-28T19:18:38.419+0000] {processor.py:208} INFO - Processing /usr/local/python/3.12.1/lib/python3.12/site-packages/airflow/example_dags/tutorial_taskflow_api.py took 0.046 seconds
[2025-03-28T19:21:13.859+0000] {processor.py:186} INFO - Started process (PID=44304) to work on /usr/local/python/3.12.1/lib/python3.12/site-packages/airflow/example_dags/tutorial_taskflow_api.py
[2025-03-28T19:21:13.859+0000] {processor.py:914} INFO - Processing file /usr/local/python/3.12.1/lib/python3.12/site-packages/airflow/example_dags/tutorial_taskflow_api.py for tasks to queue
[2025-03-28T19:21:13.861+0000] {logging_mixin.py:190} INFO - [2025-03-28T19:21:13.861+0000] {dagbag.py:588} INFO - Filling up the DagBag from /usr/local/python/3.12.1/lib/python3.12/site-packages/airflow/example_dags/tutorial_taskflow_api.py
[2025-03-28T19:21:13.867+0000] {processor.py:925} INFO - DAG(s) 'tutorial_taskflow_api' retrieved from /usr/local/python/3.12.1/lib/python3.12/site-packages/airflow/example_dags/tutorial_taskflow_api.py
[2025-03-28T19:21:13.878+0000] {logging_mixin.py:190} INFO - [2025-03-28T19:21:13.878+0000] {dag.py:3239} INFO - Sync 1 DAGs
[2025-03-28T19:21:13.888+0000] {logging_mixin.py:190} INFO - [2025-03-28T19:21:13.888+0000] {dag.py:4180} INFO - Setting next_dagrun for tutorial_taskflow_api to None, run_after=None
[2025-03-28T19:21:13.903+0000] {processor.py:208} INFO - Processing /usr/local/python/3.12.1/lib/python3.12/site-packages/airflow/example_dags/tutorial_taskflow_api.py took 0.049 seconds
[2025-03-28T19:23:49.564+0000] {processor.py:186} INFO - Started process (PID=45848) to work on /usr/local/python/3.12.1/lib/python3.12/site-packages/airflow/example_dags/tutorial_taskflow_api.py
[2025-03-28T19:23:49.564+0000] {processor.py:914} INFO - Processing file /usr/local/python/3.12.1/lib/python3.12/site-packages/airflow/example_dags/tutorial_taskflow_api.py for tasks to queue
[2025-03-28T19:23:49.566+0000] {logging_mixin.py:190} INFO - [2025-03-28T19:23:49.565+0000] {dagbag.py:588} INFO - Filling up the DagBag from /usr/local/python/3.12.1/lib/python3.12/site-packages/airflow/example_dags/tutorial_taskflow_api.py
[2025-03-28T19:23:49.572+0000] {processor.py:925} INFO - DAG(s) 'tutorial_taskflow_api' retrieved from /usr/local/python/3.12.1/lib/python3.12/site-packages/airflow/example_dags/tutorial_taskflow_api.py
[2025-03-28T19:23:49.583+0000] {logging_mixin.py:190} INFO - [2025-03-28T19:23:49.583+0000] {dag.py:3239} INFO - Sync 1 DAGs
[2025-03-28T19:23:49.593+0000] {logging_mixin.py:190} INFO - [2025-03-28T19:23:49.593+0000] {dag.py:4180} INFO - Setting next_dagrun for tutorial_taskflow_api to None, run_after=None
[2025-03-28T19:23:49.610+0000] {processor.py:208} INFO - Processing /usr/local/python/3.12.1/lib/python3.12/site-packages/airflow/example_dags/tutorial_taskflow_api.py took 0.050 seconds
[2025-03-28T19:25:35.145+0000] {processor.py:186} INFO - Started process (PID=46840) to work on /usr/local/python/3.12.1/lib/python3.12/site-packages/airflow/example_dags/tutorial_taskflow_api.py
[2025-03-28T19:25:35.145+0000] {processor.py:914} INFO - Processing file /usr/local/python/3.12.1/lib/python3.12/site-packages/airflow/example_dags/tutorial_taskflow_api.py for tasks to queue
[2025-03-28T19:25:35.147+0000] {logging_mixin.py:190} INFO - [2025-03-28T19:25:35.146+0000] {dagbag.py:588} INFO - Filling up the DagBag from /usr/local/python/3.12.1/lib/python3.12/site-packages/airflow/example_dags/tutorial_taskflow_api.py
[2025-03-28T19:25:35.153+0000] {processor.py:925} INFO - DAG(s) 'tutorial_taskflow_api' retrieved from /usr/local/python/3.12.1/lib/python3.12/site-packages/airflow/example_dags/tutorial_taskflow_api.py
[2025-03-28T19:25:35.165+0000] {logging_mixin.py:190} INFO - [2025-03-28T19:25:35.164+0000] {dag.py:3239} INFO - Sync 1 DAGs
[2025-03-28T19:25:35.175+0000] {logging_mixin.py:190} INFO - [2025-03-28T19:25:35.175+0000] {dag.py:4180} INFO - Setting next_dagrun for tutorial_taskflow_api to None, run_after=None
[2025-03-28T19:25:35.190+0000] {processor.py:208} INFO - Processing /usr/local/python/3.12.1/lib/python3.12/site-packages/airflow/example_dags/tutorial_taskflow_api.py took 0.049 seconds
[2025-03-28T19:26:30.535+0000] {processor.py:186} INFO - Started process (PID=47266) to work on /usr/local/python/3.12.1/lib/python3.12/site-packages/airflow/example_dags/tutorial_taskflow_api.py
[2025-03-28T19:26:30.536+0000] {processor.py:914} INFO - Processing file /usr/local/python/3.12.1/lib/python3.12/site-packages/airflow/example_dags/tutorial_taskflow_api.py for tasks to queue
[2025-03-28T19:26:30.537+0000] {logging_mixin.py:190} INFO - [2025-03-28T19:26:30.537+0000] {dagbag.py:588} INFO - Filling up the DagBag from /usr/local/python/3.12.1/lib/python3.12/site-packages/airflow/example_dags/tutorial_taskflow_api.py
[2025-03-28T19:26:30.544+0000] {processor.py:925} INFO - DAG(s) 'tutorial_taskflow_api' retrieved from /usr/local/python/3.12.1/lib/python3.12/site-packages/airflow/example_dags/tutorial_taskflow_api.py
[2025-03-28T19:26:30.555+0000] {logging_mixin.py:190} INFO - [2025-03-28T19:26:30.555+0000] {dag.py:3239} INFO - Sync 1 DAGs
[2025-03-28T19:26:30.564+0000] {logging_mixin.py:190} INFO - [2025-03-28T19:26:30.564+0000] {dag.py:4180} INFO - Setting next_dagrun for tutorial_taskflow_api to None, run_after=None
[2025-03-28T19:26:30.579+0000] {processor.py:208} INFO - Processing /usr/local/python/3.12.1/lib/python3.12/site-packages/airflow/example_dags/tutorial_taskflow_api.py took 0.048 seconds
[2025-03-28T19:27:23.664+0000] {processor.py:186} INFO - Started process (PID=47699) to work on /usr/local/python/3.12.1/lib/python3.12/site-packages/airflow/example_dags/tutorial_taskflow_api.py
[2025-03-28T19:27:23.664+0000] {processor.py:914} INFO - Processing file /usr/local/python/3.12.1/lib/python3.12/site-packages/airflow/example_dags/tutorial_taskflow_api.py for tasks to queue
[2025-03-28T19:27:23.666+0000] {logging_mixin.py:190} INFO - [2025-03-28T19:27:23.665+0000] {dagbag.py:588} INFO - Filling up the DagBag from /usr/local/python/3.12.1/lib/python3.12/site-packages/airflow/example_dags/tutorial_taskflow_api.py
[2025-03-28T19:27:23.672+0000] {processor.py:925} INFO - DAG(s) 'tutorial_taskflow_api' retrieved from /usr/local/python/3.12.1/lib/python3.12/site-packages/airflow/example_dags/tutorial_taskflow_api.py
[2025-03-28T19:27:23.682+0000] {logging_mixin.py:190} INFO - [2025-03-28T19:27:23.682+0000] {dag.py:3239} INFO - Sync 1 DAGs
[2025-03-28T19:27:23.692+0000] {logging_mixin.py:190} INFO - [2025-03-28T19:27:23.691+0000] {dag.py:4180} INFO - Setting next_dagrun for tutorial_taskflow_api to None, run_after=None
[2025-03-28T19:27:23.706+0000] {processor.py:208} INFO - Processing /usr/local/python/3.12.1/lib/python3.12/site-packages/airflow/example_dags/tutorial_taskflow_api.py took 0.046 seconds
[2025-03-28T19:28:15.471+0000] {processor.py:186} INFO - Started process (PID=48112) to work on /usr/local/python/3.12.1/lib/python3.12/site-packages/airflow/example_dags/tutorial_taskflow_api.py
[2025-03-28T19:28:15.471+0000] {processor.py:914} INFO - Processing file /usr/local/python/3.12.1/lib/python3.12/site-packages/airflow/example_dags/tutorial_taskflow_api.py for tasks to queue
[2025-03-28T19:28:15.473+0000] {logging_mixin.py:190} INFO - [2025-03-28T19:28:15.472+0000] {dagbag.py:588} INFO - Filling up the DagBag from /usr/local/python/3.12.1/lib/python3.12/site-packages/airflow/example_dags/tutorial_taskflow_api.py
[2025-03-28T19:28:15.479+0000] {processor.py:925} INFO - DAG(s) 'tutorial_taskflow_api' retrieved from /usr/local/python/3.12.1/lib/python3.12/site-packages/airflow/example_dags/tutorial_taskflow_api.py
[2025-03-28T19:28:15.489+0000] {logging_mixin.py:190} INFO - [2025-03-28T19:28:15.489+0000] {dag.py:3239} INFO - Sync 1 DAGs
[2025-03-28T19:28:15.498+0000] {logging_mixin.py:190} INFO - [2025-03-28T19:28:15.498+0000] {dag.py:4180} INFO - Setting next_dagrun for tutorial_taskflow_api to None, run_after=None
[2025-03-28T19:28:15.513+0000] {processor.py:208} INFO - Processing /usr/local/python/3.12.1/lib/python3.12/site-packages/airflow/example_dags/tutorial_taskflow_api.py took 0.047 seconds
[2025-03-28T19:29:06.865+0000] {processor.py:186} INFO - Started process (PID=48512) to work on /usr/local/python/3.12.1/lib/python3.12/site-packages/airflow/example_dags/tutorial_taskflow_api.py
[2025-03-28T19:29:06.866+0000] {processor.py:914} INFO - Processing file /usr/local/python/3.12.1/lib/python3.12/site-packages/airflow/example_dags/tutorial_taskflow_api.py for tasks to queue
[2025-03-28T19:29:06.867+0000] {logging_mixin.py:190} INFO - [2025-03-28T19:29:06.867+0000] {dagbag.py:588} INFO - Filling up the DagBag from /usr/local/python/3.12.1/lib/python3.12/site-packages/airflow/example_dags/tutorial_taskflow_api.py
[2025-03-28T19:29:06.874+0000] {processor.py:925} INFO - DAG(s) 'tutorial_taskflow_api' retrieved from /usr/local/python/3.12.1/lib/python3.12/site-packages/airflow/example_dags/tutorial_taskflow_api.py
[2025-03-28T19:29:06.884+0000] {logging_mixin.py:190} INFO - [2025-03-28T19:29:06.884+0000] {dag.py:3239} INFO - Sync 1 DAGs
[2025-03-28T19:29:06.894+0000] {logging_mixin.py:190} INFO - [2025-03-28T19:29:06.894+0000] {dag.py:4180} INFO - Setting next_dagrun for tutorial_taskflow_api to None, run_after=None
[2025-03-28T19:29:06.909+0000] {processor.py:208} INFO - Processing /usr/local/python/3.12.1/lib/python3.12/site-packages/airflow/example_dags/tutorial_taskflow_api.py took 0.048 seconds
[2025-03-28T19:30:03.240+0000] {processor.py:186} INFO - Started process (PID=48950) to work on /usr/local/python/3.12.1/lib/python3.12/site-packages/airflow/example_dags/tutorial_taskflow_api.py
[2025-03-28T19:30:03.241+0000] {processor.py:914} INFO - Processing file /usr/local/python/3.12.1/lib/python3.12/site-packages/airflow/example_dags/tutorial_taskflow_api.py for tasks to queue
[2025-03-28T19:30:03.242+0000] {logging_mixin.py:190} INFO - [2025-03-28T19:30:03.242+0000] {dagbag.py:588} INFO - Filling up the DagBag from /usr/local/python/3.12.1/lib/python3.12/site-packages/airflow/example_dags/tutorial_taskflow_api.py
[2025-03-28T19:30:03.249+0000] {processor.py:925} INFO - DAG(s) 'tutorial_taskflow_api' retrieved from /usr/local/python/3.12.1/lib/python3.12/site-packages/airflow/example_dags/tutorial_taskflow_api.py
[2025-03-28T19:30:03.259+0000] {logging_mixin.py:190} INFO - [2025-03-28T19:30:03.259+0000] {dag.py:3239} INFO - Sync 1 DAGs
[2025-03-28T19:30:03.269+0000] {logging_mixin.py:190} INFO - [2025-03-28T19:30:03.269+0000] {dag.py:4180} INFO - Setting next_dagrun for tutorial_taskflow_api to None, run_after=None
[2025-03-28T19:30:03.283+0000] {processor.py:208} INFO - Processing /usr/local/python/3.12.1/lib/python3.12/site-packages/airflow/example_dags/tutorial_taskflow_api.py took 0.048 seconds
[2025-03-28T19:30:57.501+0000] {processor.py:186} INFO - Started process (PID=49384) to work on /usr/local/python/3.12.1/lib/python3.12/site-packages/airflow/example_dags/tutorial_taskflow_api.py
[2025-03-28T19:30:57.501+0000] {processor.py:914} INFO - Processing file /usr/local/python/3.12.1/lib/python3.12/site-packages/airflow/example_dags/tutorial_taskflow_api.py for tasks to queue
[2025-03-28T19:30:57.503+0000] {logging_mixin.py:190} INFO - [2025-03-28T19:30:57.502+0000] {dagbag.py:588} INFO - Filling up the DagBag from /usr/local/python/3.12.1/lib/python3.12/site-packages/airflow/example_dags/tutorial_taskflow_api.py
[2025-03-28T19:30:57.509+0000] {processor.py:925} INFO - DAG(s) 'tutorial_taskflow_api' retrieved from /usr/local/python/3.12.1/lib/python3.12/site-packages/airflow/example_dags/tutorial_taskflow_api.py
[2025-03-28T19:30:57.519+0000] {logging_mixin.py:190} INFO - [2025-03-28T19:30:57.519+0000] {dag.py:3239} INFO - Sync 1 DAGs
[2025-03-28T19:30:57.529+0000] {logging_mixin.py:190} INFO - [2025-03-28T19:30:57.529+0000] {dag.py:4180} INFO - Setting next_dagrun for tutorial_taskflow_api to None, run_after=None
[2025-03-28T19:30:57.544+0000] {processor.py:208} INFO - Processing /usr/local/python/3.12.1/lib/python3.12/site-packages/airflow/example_dags/tutorial_taskflow_api.py took 0.048 seconds
[2025-03-28T19:31:54.911+0000] {processor.py:186} INFO - Started process (PID=49818) to work on /usr/local/python/3.12.1/lib/python3.12/site-packages/airflow/example_dags/tutorial_taskflow_api.py
[2025-03-28T19:31:54.912+0000] {processor.py:914} INFO - Processing file /usr/local/python/3.12.1/lib/python3.12/site-packages/airflow/example_dags/tutorial_taskflow_api.py for tasks to queue
[2025-03-28T19:31:54.914+0000] {logging_mixin.py:190} INFO - [2025-03-28T19:31:54.914+0000] {dagbag.py:588} INFO - Filling up the DagBag from /usr/local/python/3.12.1/lib/python3.12/site-packages/airflow/example_dags/tutorial_taskflow_api.py
[2025-03-28T19:31:54.921+0000] {processor.py:925} INFO - DAG(s) 'tutorial_taskflow_api' retrieved from /usr/local/python/3.12.1/lib/python3.12/site-packages/airflow/example_dags/tutorial_taskflow_api.py
[2025-03-28T19:31:54.931+0000] {logging_mixin.py:190} INFO - [2025-03-28T19:31:54.931+0000] {dag.py:3239} INFO - Sync 1 DAGs
[2025-03-28T19:31:54.941+0000] {logging_mixin.py:190} INFO - [2025-03-28T19:31:54.940+0000] {dag.py:4180} INFO - Setting next_dagrun for tutorial_taskflow_api to None, run_after=None
[2025-03-28T19:31:54.955+0000] {processor.py:208} INFO - Processing /usr/local/python/3.12.1/lib/python3.12/site-packages/airflow/example_dags/tutorial_taskflow_api.py took 0.049 seconds
[2025-03-28T19:32:48.868+0000] {processor.py:186} INFO - Started process (PID=50259) to work on /usr/local/python/3.12.1/lib/python3.12/site-packages/airflow/example_dags/tutorial_taskflow_api.py
[2025-03-28T19:32:48.869+0000] {processor.py:914} INFO - Processing file /usr/local/python/3.12.1/lib/python3.12/site-packages/airflow/example_dags/tutorial_taskflow_api.py for tasks to queue
[2025-03-28T19:32:48.870+0000] {logging_mixin.py:190} INFO - [2025-03-28T19:32:48.870+0000] {dagbag.py:588} INFO - Filling up the DagBag from /usr/local/python/3.12.1/lib/python3.12/site-packages/airflow/example_dags/tutorial_taskflow_api.py
[2025-03-28T19:32:48.876+0000] {processor.py:925} INFO - DAG(s) 'tutorial_taskflow_api' retrieved from /usr/local/python/3.12.1/lib/python3.12/site-packages/airflow/example_dags/tutorial_taskflow_api.py
[2025-03-28T19:32:48.887+0000] {logging_mixin.py:190} INFO - [2025-03-28T19:32:48.887+0000] {dag.py:3239} INFO - Sync 1 DAGs
[2025-03-28T19:32:48.896+0000] {logging_mixin.py:190} INFO - [2025-03-28T19:32:48.896+0000] {dag.py:4180} INFO - Setting next_dagrun for tutorial_taskflow_api to None, run_after=None
[2025-03-28T19:32:48.911+0000] {processor.py:208} INFO - Processing /usr/local/python/3.12.1/lib/python3.12/site-packages/airflow/example_dags/tutorial_taskflow_api.py took 0.047 seconds
[2025-03-28T19:33:40.834+0000] {processor.py:186} INFO - Started process (PID=50665) to work on /usr/local/python/3.12.1/lib/python3.12/site-packages/airflow/example_dags/tutorial_taskflow_api.py
[2025-03-28T19:33:40.835+0000] {processor.py:914} INFO - Processing file /usr/local/python/3.12.1/lib/python3.12/site-packages/airflow/example_dags/tutorial_taskflow_api.py for tasks to queue
[2025-03-28T19:33:40.836+0000] {logging_mixin.py:190} INFO - [2025-03-28T19:33:40.836+0000] {dagbag.py:588} INFO - Filling up the DagBag from /usr/local/python/3.12.1/lib/python3.12/site-packages/airflow/example_dags/tutorial_taskflow_api.py
[2025-03-28T19:33:40.843+0000] {processor.py:925} INFO - DAG(s) 'tutorial_taskflow_api' retrieved from /usr/local/python/3.12.1/lib/python3.12/site-packages/airflow/example_dags/tutorial_taskflow_api.py
[2025-03-28T19:33:40.854+0000] {logging_mixin.py:190} INFO - [2025-03-28T19:33:40.854+0000] {dag.py:3239} INFO - Sync 1 DAGs
[2025-03-28T19:33:40.864+0000] {logging_mixin.py:190} INFO - [2025-03-28T19:33:40.864+0000] {dag.py:4180} INFO - Setting next_dagrun for tutorial_taskflow_api to None, run_after=None
[2025-03-28T19:33:40.878+0000] {processor.py:208} INFO - Processing /usr/local/python/3.12.1/lib/python3.12/site-packages/airflow/example_dags/tutorial_taskflow_api.py took 0.048 seconds
[2025-03-28T19:34:36.571+0000] {processor.py:186} INFO - Started process (PID=51096) to work on /usr/local/python/3.12.1/lib/python3.12/site-packages/airflow/example_dags/tutorial_taskflow_api.py
[2025-03-28T19:34:36.572+0000] {processor.py:914} INFO - Processing file /usr/local/python/3.12.1/lib/python3.12/site-packages/airflow/example_dags/tutorial_taskflow_api.py for tasks to queue
[2025-03-28T19:34:36.574+0000] {logging_mixin.py:190} INFO - [2025-03-28T19:34:36.573+0000] {dagbag.py:588} INFO - Filling up the DagBag from /usr/local/python/3.12.1/lib/python3.12/site-packages/airflow/example_dags/tutorial_taskflow_api.py
[2025-03-28T19:34:36.580+0000] {processor.py:925} INFO - DAG(s) 'tutorial_taskflow_api' retrieved from /usr/local/python/3.12.1/lib/python3.12/site-packages/airflow/example_dags/tutorial_taskflow_api.py
[2025-03-28T19:34:36.591+0000] {logging_mixin.py:190} INFO - [2025-03-28T19:34:36.591+0000] {dag.py:3239} INFO - Sync 1 DAGs
[2025-03-28T19:34:36.601+0000] {logging_mixin.py:190} INFO - [2025-03-28T19:34:36.601+0000] {dag.py:4180} INFO - Setting next_dagrun for tutorial_taskflow_api to None, run_after=None
[2025-03-28T19:34:36.616+0000] {processor.py:208} INFO - Processing /usr/local/python/3.12.1/lib/python3.12/site-packages/airflow/example_dags/tutorial_taskflow_api.py took 0.050 seconds
[2025-03-28T19:35:28.712+0000] {processor.py:186} INFO - Started process (PID=51521) to work on /usr/local/python/3.12.1/lib/python3.12/site-packages/airflow/example_dags/tutorial_taskflow_api.py
[2025-03-28T19:35:28.713+0000] {processor.py:914} INFO - Processing file /usr/local/python/3.12.1/lib/python3.12/site-packages/airflow/example_dags/tutorial_taskflow_api.py for tasks to queue
[2025-03-28T19:35:28.714+0000] {logging_mixin.py:190} INFO - [2025-03-28T19:35:28.714+0000] {dagbag.py:588} INFO - Filling up the DagBag from /usr/local/python/3.12.1/lib/python3.12/site-packages/airflow/example_dags/tutorial_taskflow_api.py
[2025-03-28T19:35:28.720+0000] {processor.py:925} INFO - DAG(s) 'tutorial_taskflow_api' retrieved from /usr/local/python/3.12.1/lib/python3.12/site-packages/airflow/example_dags/tutorial_taskflow_api.py
[2025-03-28T19:35:28.731+0000] {logging_mixin.py:190} INFO - [2025-03-28T19:35:28.731+0000] {dag.py:3239} INFO - Sync 1 DAGs
[2025-03-28T19:35:28.740+0000] {logging_mixin.py:190} INFO - [2025-03-28T19:35:28.740+0000] {dag.py:4180} INFO - Setting next_dagrun for tutorial_taskflow_api to None, run_after=None
[2025-03-28T19:35:28.755+0000] {processor.py:208} INFO - Processing /usr/local/python/3.12.1/lib/python3.12/site-packages/airflow/example_dags/tutorial_taskflow_api.py took 0.047 seconds
[2025-03-28T19:36:24.882+0000] {processor.py:186} INFO - Started process (PID=51953) to work on /usr/local/python/3.12.1/lib/python3.12/site-packages/airflow/example_dags/tutorial_taskflow_api.py
[2025-03-28T19:36:24.882+0000] {processor.py:914} INFO - Processing file /usr/local/python/3.12.1/lib/python3.12/site-packages/airflow/example_dags/tutorial_taskflow_api.py for tasks to queue
[2025-03-28T19:36:24.884+0000] {logging_mixin.py:190} INFO - [2025-03-28T19:36:24.883+0000] {dagbag.py:588} INFO - Filling up the DagBag from /usr/local/python/3.12.1/lib/python3.12/site-packages/airflow/example_dags/tutorial_taskflow_api.py
[2025-03-28T19:36:24.890+0000] {processor.py:925} INFO - DAG(s) 'tutorial_taskflow_api' retrieved from /usr/local/python/3.12.1/lib/python3.12/site-packages/airflow/example_dags/tutorial_taskflow_api.py
[2025-03-28T19:36:24.900+0000] {logging_mixin.py:190} INFO - [2025-03-28T19:36:24.900+0000] {dag.py:3239} INFO - Sync 1 DAGs
[2025-03-28T19:36:24.910+0000] {logging_mixin.py:190} INFO - [2025-03-28T19:36:24.910+0000] {dag.py:4180} INFO - Setting next_dagrun for tutorial_taskflow_api to None, run_after=None
[2025-03-28T19:36:24.924+0000] {processor.py:208} INFO - Processing /usr/local/python/3.12.1/lib/python3.12/site-packages/airflow/example_dags/tutorial_taskflow_api.py took 0.047 seconds
[2025-03-28T19:37:21.254+0000] {processor.py:186} INFO - Started process (PID=52402) to work on /usr/local/python/3.12.1/lib/python3.12/site-packages/airflow/example_dags/tutorial_taskflow_api.py
[2025-03-28T19:37:21.255+0000] {processor.py:914} INFO - Processing file /usr/local/python/3.12.1/lib/python3.12/site-packages/airflow/example_dags/tutorial_taskflow_api.py for tasks to queue
[2025-03-28T19:37:21.257+0000] {logging_mixin.py:190} INFO - [2025-03-28T19:37:21.256+0000] {dagbag.py:588} INFO - Filling up the DagBag from /usr/local/python/3.12.1/lib/python3.12/site-packages/airflow/example_dags/tutorial_taskflow_api.py
[2025-03-28T19:37:21.263+0000] {processor.py:925} INFO - DAG(s) 'tutorial_taskflow_api' retrieved from /usr/local/python/3.12.1/lib/python3.12/site-packages/airflow/example_dags/tutorial_taskflow_api.py
[2025-03-28T19:37:21.274+0000] {logging_mixin.py:190} INFO - [2025-03-28T19:37:21.273+0000] {dag.py:3239} INFO - Sync 1 DAGs
[2025-03-28T19:37:21.283+0000] {logging_mixin.py:190} INFO - [2025-03-28T19:37:21.283+0000] {dag.py:4180} INFO - Setting next_dagrun for tutorial_taskflow_api to None, run_after=None
[2025-03-28T19:37:21.298+0000] {processor.py:208} INFO - Processing /usr/local/python/3.12.1/lib/python3.12/site-packages/airflow/example_dags/tutorial_taskflow_api.py took 0.048 seconds
[2025-03-28T19:38:13.071+0000] {processor.py:186} INFO - Started process (PID=52808) to work on /usr/local/python/3.12.1/lib/python3.12/site-packages/airflow/example_dags/tutorial_taskflow_api.py
[2025-03-28T19:38:13.072+0000] {processor.py:914} INFO - Processing file /usr/local/python/3.12.1/lib/python3.12/site-packages/airflow/example_dags/tutorial_taskflow_api.py for tasks to queue
[2025-03-28T19:38:13.073+0000] {logging_mixin.py:190} INFO - [2025-03-28T19:38:13.073+0000] {dagbag.py:588} INFO - Filling up the DagBag from /usr/local/python/3.12.1/lib/python3.12/site-packages/airflow/example_dags/tutorial_taskflow_api.py
[2025-03-28T19:38:13.080+0000] {processor.py:925} INFO - DAG(s) 'tutorial_taskflow_api' retrieved from /usr/local/python/3.12.1/lib/python3.12/site-packages/airflow/example_dags/tutorial_taskflow_api.py
[2025-03-28T19:38:13.090+0000] {logging_mixin.py:190} INFO - [2025-03-28T19:38:13.090+0000] {dag.py:3239} INFO - Sync 1 DAGs
[2025-03-28T19:38:13.099+0000] {logging_mixin.py:190} INFO - [2025-03-28T19:38:13.099+0000] {dag.py:4180} INFO - Setting next_dagrun for tutorial_taskflow_api to None, run_after=None
[2025-03-28T19:38:13.114+0000] {processor.py:208} INFO - Processing /usr/local/python/3.12.1/lib/python3.12/site-packages/airflow/example_dags/tutorial_taskflow_api.py took 0.047 seconds
[2025-03-28T19:39:10.558+0000] {processor.py:186} INFO - Started process (PID=53248) to work on /usr/local/python/3.12.1/lib/python3.12/site-packages/airflow/example_dags/tutorial_taskflow_api.py
[2025-03-28T19:39:10.558+0000] {processor.py:914} INFO - Processing file /usr/local/python/3.12.1/lib/python3.12/site-packages/airflow/example_dags/tutorial_taskflow_api.py for tasks to queue
[2025-03-28T19:39:10.560+0000] {logging_mixin.py:190} INFO - [2025-03-28T19:39:10.560+0000] {dagbag.py:588} INFO - Filling up the DagBag from /usr/local/python/3.12.1/lib/python3.12/site-packages/airflow/example_dags/tutorial_taskflow_api.py
[2025-03-28T19:39:10.566+0000] {processor.py:925} INFO - DAG(s) 'tutorial_taskflow_api' retrieved from /usr/local/python/3.12.1/lib/python3.12/site-packages/airflow/example_dags/tutorial_taskflow_api.py
[2025-03-28T19:39:10.577+0000] {logging_mixin.py:190} INFO - [2025-03-28T19:39:10.577+0000] {dag.py:3239} INFO - Sync 1 DAGs
[2025-03-28T19:39:10.587+0000] {logging_mixin.py:190} INFO - [2025-03-28T19:39:10.586+0000] {dag.py:4180} INFO - Setting next_dagrun for tutorial_taskflow_api to None, run_after=None
[2025-03-28T19:39:10.601+0000] {processor.py:208} INFO - Processing /usr/local/python/3.12.1/lib/python3.12/site-packages/airflow/example_dags/tutorial_taskflow_api.py took 0.047 seconds
[2025-03-28T19:40:05.644+0000] {processor.py:186} INFO - Started process (PID=53690) to work on /usr/local/python/3.12.1/lib/python3.12/site-packages/airflow/example_dags/tutorial_taskflow_api.py
[2025-03-28T19:40:05.644+0000] {processor.py:914} INFO - Processing file /usr/local/python/3.12.1/lib/python3.12/site-packages/airflow/example_dags/tutorial_taskflow_api.py for tasks to queue
[2025-03-28T19:40:05.646+0000] {logging_mixin.py:190} INFO - [2025-03-28T19:40:05.646+0000] {dagbag.py:588} INFO - Filling up the DagBag from /usr/local/python/3.12.1/lib/python3.12/site-packages/airflow/example_dags/tutorial_taskflow_api.py
[2025-03-28T19:40:05.652+0000] {processor.py:925} INFO - DAG(s) 'tutorial_taskflow_api' retrieved from /usr/local/python/3.12.1/lib/python3.12/site-packages/airflow/example_dags/tutorial_taskflow_api.py
[2025-03-28T19:40:05.663+0000] {logging_mixin.py:190} INFO - [2025-03-28T19:40:05.662+0000] {dag.py:3239} INFO - Sync 1 DAGs
[2025-03-28T19:40:05.672+0000] {logging_mixin.py:190} INFO - [2025-03-28T19:40:05.672+0000] {dag.py:4180} INFO - Setting next_dagrun for tutorial_taskflow_api to None, run_after=None
[2025-03-28T19:40:05.687+0000] {processor.py:208} INFO - Processing /usr/local/python/3.12.1/lib/python3.12/site-packages/airflow/example_dags/tutorial_taskflow_api.py took 0.048 seconds
[2025-03-28T19:40:55.646+0000] {processor.py:186} INFO - Started process (PID=54094) to work on /usr/local/python/3.12.1/lib/python3.12/site-packages/airflow/example_dags/tutorial_taskflow_api.py
[2025-03-28T19:40:55.647+0000] {processor.py:914} INFO - Processing file /usr/local/python/3.12.1/lib/python3.12/site-packages/airflow/example_dags/tutorial_taskflow_api.py for tasks to queue
[2025-03-28T19:40:55.648+0000] {logging_mixin.py:190} INFO - [2025-03-28T19:40:55.648+0000] {dagbag.py:588} INFO - Filling up the DagBag from /usr/local/python/3.12.1/lib/python3.12/site-packages/airflow/example_dags/tutorial_taskflow_api.py
[2025-03-28T19:40:55.655+0000] {processor.py:925} INFO - DAG(s) 'tutorial_taskflow_api' retrieved from /usr/local/python/3.12.1/lib/python3.12/site-packages/airflow/example_dags/tutorial_taskflow_api.py
[2025-03-28T19:40:55.666+0000] {logging_mixin.py:190} INFO - [2025-03-28T19:40:55.666+0000] {dag.py:3239} INFO - Sync 1 DAGs
[2025-03-28T19:40:55.676+0000] {logging_mixin.py:190} INFO - [2025-03-28T19:40:55.676+0000] {dag.py:4180} INFO - Setting next_dagrun for tutorial_taskflow_api to None, run_after=None
[2025-03-28T19:40:55.691+0000] {processor.py:208} INFO - Processing /usr/local/python/3.12.1/lib/python3.12/site-packages/airflow/example_dags/tutorial_taskflow_api.py took 0.048 seconds
[2025-03-28T19:41:49.792+0000] {processor.py:186} INFO - Started process (PID=54509) to work on /usr/local/python/3.12.1/lib/python3.12/site-packages/airflow/example_dags/tutorial_taskflow_api.py
[2025-03-28T19:41:49.793+0000] {processor.py:914} INFO - Processing file /usr/local/python/3.12.1/lib/python3.12/site-packages/airflow/example_dags/tutorial_taskflow_api.py for tasks to queue
[2025-03-28T19:41:49.794+0000] {logging_mixin.py:190} INFO - [2025-03-28T19:41:49.794+0000] {dagbag.py:588} INFO - Filling up the DagBag from /usr/local/python/3.12.1/lib/python3.12/site-packages/airflow/example_dags/tutorial_taskflow_api.py
[2025-03-28T19:41:49.801+0000] {processor.py:925} INFO - DAG(s) 'tutorial_taskflow_api' retrieved from /usr/local/python/3.12.1/lib/python3.12/site-packages/airflow/example_dags/tutorial_taskflow_api.py
[2025-03-28T19:41:49.811+0000] {logging_mixin.py:190} INFO - [2025-03-28T19:41:49.811+0000] {dag.py:3239} INFO - Sync 1 DAGs
[2025-03-28T19:41:49.821+0000] {logging_mixin.py:190} INFO - [2025-03-28T19:41:49.820+0000] {dag.py:4180} INFO - Setting next_dagrun for tutorial_taskflow_api to None, run_after=None
[2025-03-28T19:41:49.835+0000] {processor.py:208} INFO - Processing /usr/local/python/3.12.1/lib/python3.12/site-packages/airflow/example_dags/tutorial_taskflow_api.py took 0.047 seconds
[2025-03-28T19:42:42.343+0000] {processor.py:186} INFO - Started process (PID=54917) to work on /usr/local/python/3.12.1/lib/python3.12/site-packages/airflow/example_dags/tutorial_taskflow_api.py
[2025-03-28T19:42:42.344+0000] {processor.py:914} INFO - Processing file /usr/local/python/3.12.1/lib/python3.12/site-packages/airflow/example_dags/tutorial_taskflow_api.py for tasks to queue
[2025-03-28T19:42:42.345+0000] {logging_mixin.py:190} INFO - [2025-03-28T19:42:42.345+0000] {dagbag.py:588} INFO - Filling up the DagBag from /usr/local/python/3.12.1/lib/python3.12/site-packages/airflow/example_dags/tutorial_taskflow_api.py
[2025-03-28T19:42:42.352+0000] {processor.py:925} INFO - DAG(s) 'tutorial_taskflow_api' retrieved from /usr/local/python/3.12.1/lib/python3.12/site-packages/airflow/example_dags/tutorial_taskflow_api.py
[2025-03-28T19:42:42.362+0000] {logging_mixin.py:190} INFO - [2025-03-28T19:42:42.362+0000] {dag.py:3239} INFO - Sync 1 DAGs
[2025-03-28T19:42:42.372+0000] {logging_mixin.py:190} INFO - [2025-03-28T19:42:42.372+0000] {dag.py:4180} INFO - Setting next_dagrun for tutorial_taskflow_api to None, run_after=None
[2025-03-28T19:42:42.386+0000] {processor.py:208} INFO - Processing /usr/local/python/3.12.1/lib/python3.12/site-packages/airflow/example_dags/tutorial_taskflow_api.py took 0.047 seconds
