[2025-03-28T18:23:57.132+0000] {processor.py:186} INFO - Started process (PID=9084) to work on /usr/local/python/3.12.1/lib/python3.12/site-packages/airflow/example_dags/tutorial_taskflow_api_virtualenv.py
[2025-03-28T18:23:57.133+0000] {processor.py:914} INFO - Processing file /usr/local/python/3.12.1/lib/python3.12/site-packages/airflow/example_dags/tutorial_taskflow_api_virtualenv.py for tasks to queue
[2025-03-28T18:23:57.134+0000] {logging_mixin.py:190} INFO - [2025-03-28T18:23:57.134+0000] {dagbag.py:588} INFO - Filling up the DagBag from /usr/local/python/3.12.1/lib/python3.12/site-packages/airflow/example_dags/tutorial_taskflow_api_virtualenv.py
[2025-03-28T18:23:57.156+0000] {processor.py:925} INFO - DAG(s) 'tutorial_taskflow_api_virtualenv' retrieved from /usr/local/python/3.12.1/lib/python3.12/site-packages/airflow/example_dags/tutorial_taskflow_api_virtualenv.py
[2025-03-28T18:23:57.241+0000] {logging_mixin.py:190} INFO - [2025-03-28T18:23:57.241+0000] {override.py:1930} INFO - Created Permission View: can edit on DAG:tutorial_taskflow_api_virtualenv
[2025-03-28T18:23:57.249+0000] {logging_mixin.py:190} INFO - [2025-03-28T18:23:57.249+0000] {override.py:1930} INFO - Created Permission View: can delete on DAG:tutorial_taskflow_api_virtualenv
[2025-03-28T18:23:57.256+0000] {logging_mixin.py:190} INFO - [2025-03-28T18:23:57.255+0000] {override.py:1930} INFO - Created Permission View: can read on DAG:tutorial_taskflow_api_virtualenv
[2025-03-28T18:23:57.264+0000] {logging_mixin.py:190} INFO - [2025-03-28T18:23:57.264+0000] {override.py:1930} INFO - Created Permission View: menu access on DAG Run:tutorial_taskflow_api_virtualenv
[2025-03-28T18:23:57.270+0000] {logging_mixin.py:190} INFO - [2025-03-28T18:23:57.270+0000] {override.py:1930} INFO - Created Permission View: can create on DAG Run:tutorial_taskflow_api_virtualenv
[2025-03-28T18:23:57.276+0000] {logging_mixin.py:190} INFO - [2025-03-28T18:23:57.275+0000] {override.py:1930} INFO - Created Permission View: can delete on DAG Run:tutorial_taskflow_api_virtualenv
[2025-03-28T18:23:57.281+0000] {logging_mixin.py:190} INFO - [2025-03-28T18:23:57.281+0000] {override.py:1930} INFO - Created Permission View: can read on DAG Run:tutorial_taskflow_api_virtualenv
[2025-03-28T18:23:57.281+0000] {logging_mixin.py:190} INFO - [2025-03-28T18:23:57.281+0000] {dag.py:3239} INFO - Sync 1 DAGs
[2025-03-28T18:23:57.290+0000] {logging_mixin.py:190} INFO - [2025-03-28T18:23:57.290+0000] {dag.py:3262} INFO - Creating ORM DAG for tutorial_taskflow_api_virtualenv
[2025-03-28T18:23:57.290+0000] {logging_mixin.py:190} INFO - [2025-03-28T18:23:57.290+0000] {dag.py:4180} INFO - Setting next_dagrun for tutorial_taskflow_api_virtualenv to None, run_after=None
[2025-03-28T18:23:57.304+0000] {processor.py:208} INFO - Processing /usr/local/python/3.12.1/lib/python3.12/site-packages/airflow/example_dags/tutorial_taskflow_api_virtualenv.py took 0.176 seconds
[2025-03-28T18:24:57.146+0000] {processor.py:186} INFO - Started process (PID=9558) to work on /usr/local/python/3.12.1/lib/python3.12/site-packages/airflow/example_dags/tutorial_taskflow_api_virtualenv.py
[2025-03-28T18:24:57.146+0000] {processor.py:914} INFO - Processing file /usr/local/python/3.12.1/lib/python3.12/site-packages/airflow/example_dags/tutorial_taskflow_api_virtualenv.py for tasks to queue
[2025-03-28T18:24:57.148+0000] {logging_mixin.py:190} INFO - [2025-03-28T18:24:57.147+0000] {dagbag.py:588} INFO - Filling up the DagBag from /usr/local/python/3.12.1/lib/python3.12/site-packages/airflow/example_dags/tutorial_taskflow_api_virtualenv.py
[2025-03-28T18:24:57.157+0000] {processor.py:925} INFO - DAG(s) 'tutorial_taskflow_api_virtualenv' retrieved from /usr/local/python/3.12.1/lib/python3.12/site-packages/airflow/example_dags/tutorial_taskflow_api_virtualenv.py
[2025-03-28T18:24:57.168+0000] {logging_mixin.py:190} INFO - [2025-03-28T18:24:57.168+0000] {dag.py:3239} INFO - Sync 1 DAGs
[2025-03-28T18:24:57.177+0000] {logging_mixin.py:190} INFO - [2025-03-28T18:24:57.177+0000] {dag.py:4180} INFO - Setting next_dagrun for tutorial_taskflow_api_virtualenv to None, run_after=None
[2025-03-28T18:24:57.192+0000] {processor.py:208} INFO - Processing /usr/local/python/3.12.1/lib/python3.12/site-packages/airflow/example_dags/tutorial_taskflow_api_virtualenv.py took 0.050 seconds
[2025-03-28T18:25:50.331+0000] {processor.py:186} INFO - Started process (PID=10047) to work on /usr/local/python/3.12.1/lib/python3.12/site-packages/airflow/example_dags/tutorial_taskflow_api_virtualenv.py
[2025-03-28T18:25:50.332+0000] {processor.py:914} INFO - Processing file /usr/local/python/3.12.1/lib/python3.12/site-packages/airflow/example_dags/tutorial_taskflow_api_virtualenv.py for tasks to queue
[2025-03-28T18:25:50.333+0000] {logging_mixin.py:190} INFO - [2025-03-28T18:25:50.333+0000] {dagbag.py:588} INFO - Filling up the DagBag from /usr/local/python/3.12.1/lib/python3.12/site-packages/airflow/example_dags/tutorial_taskflow_api_virtualenv.py
[2025-03-28T18:25:50.343+0000] {processor.py:925} INFO - DAG(s) 'tutorial_taskflow_api_virtualenv' retrieved from /usr/local/python/3.12.1/lib/python3.12/site-packages/airflow/example_dags/tutorial_taskflow_api_virtualenv.py
[2025-03-28T18:25:50.354+0000] {logging_mixin.py:190} INFO - [2025-03-28T18:25:50.354+0000] {dag.py:3239} INFO - Sync 1 DAGs
[2025-03-28T18:25:50.363+0000] {logging_mixin.py:190} INFO - [2025-03-28T18:25:50.363+0000] {dag.py:4180} INFO - Setting next_dagrun for tutorial_taskflow_api_virtualenv to None, run_after=None
[2025-03-28T18:25:50.378+0000] {processor.py:208} INFO - Processing /usr/local/python/3.12.1/lib/python3.12/site-packages/airflow/example_dags/tutorial_taskflow_api_virtualenv.py took 0.050 seconds
[2025-03-28T18:28:00.139+0000] {processor.py:186} INFO - Started process (PID=11303) to work on /usr/local/python/3.12.1/lib/python3.12/site-packages/airflow/example_dags/tutorial_taskflow_api_virtualenv.py
[2025-03-28T18:28:00.140+0000] {processor.py:914} INFO - Processing file /usr/local/python/3.12.1/lib/python3.12/site-packages/airflow/example_dags/tutorial_taskflow_api_virtualenv.py for tasks to queue
[2025-03-28T18:28:00.141+0000] {logging_mixin.py:190} INFO - [2025-03-28T18:28:00.141+0000] {dagbag.py:588} INFO - Filling up the DagBag from /usr/local/python/3.12.1/lib/python3.12/site-packages/airflow/example_dags/tutorial_taskflow_api_virtualenv.py
[2025-03-28T18:28:00.151+0000] {processor.py:925} INFO - DAG(s) 'tutorial_taskflow_api_virtualenv' retrieved from /usr/local/python/3.12.1/lib/python3.12/site-packages/airflow/example_dags/tutorial_taskflow_api_virtualenv.py
[2025-03-28T18:28:00.235+0000] {logging_mixin.py:190} INFO - [2025-03-28T18:28:00.235+0000] {dag.py:3239} INFO - Sync 1 DAGs
[2025-03-28T18:28:00.244+0000] {logging_mixin.py:190} INFO - [2025-03-28T18:28:00.243+0000] {dag.py:4180} INFO - Setting next_dagrun for tutorial_taskflow_api_virtualenv to None, run_after=None
[2025-03-28T18:28:00.259+0000] {processor.py:208} INFO - Processing /usr/local/python/3.12.1/lib/python3.12/site-packages/airflow/example_dags/tutorial_taskflow_api_virtualenv.py took 0.123 seconds
[2025-03-28T18:28:52.872+0000] {processor.py:186} INFO - Started process (PID=11712) to work on /usr/local/python/3.12.1/lib/python3.12/site-packages/airflow/example_dags/tutorial_taskflow_api_virtualenv.py
[2025-03-28T18:28:52.872+0000] {processor.py:914} INFO - Processing file /usr/local/python/3.12.1/lib/python3.12/site-packages/airflow/example_dags/tutorial_taskflow_api_virtualenv.py for tasks to queue
[2025-03-28T18:28:52.874+0000] {logging_mixin.py:190} INFO - [2025-03-28T18:28:52.874+0000] {dagbag.py:588} INFO - Filling up the DagBag from /usr/local/python/3.12.1/lib/python3.12/site-packages/airflow/example_dags/tutorial_taskflow_api_virtualenv.py
[2025-03-28T18:28:52.884+0000] {processor.py:925} INFO - DAG(s) 'tutorial_taskflow_api_virtualenv' retrieved from /usr/local/python/3.12.1/lib/python3.12/site-packages/airflow/example_dags/tutorial_taskflow_api_virtualenv.py
[2025-03-28T18:28:52.900+0000] {logging_mixin.py:190} INFO - [2025-03-28T18:28:52.900+0000] {dag.py:3239} INFO - Sync 1 DAGs
[2025-03-28T18:28:52.910+0000] {logging_mixin.py:190} INFO - [2025-03-28T18:28:52.910+0000] {dag.py:4180} INFO - Setting next_dagrun for tutorial_taskflow_api_virtualenv to None, run_after=None
[2025-03-28T18:28:52.928+0000] {processor.py:208} INFO - Processing /usr/local/python/3.12.1/lib/python3.12/site-packages/airflow/example_dags/tutorial_taskflow_api_virtualenv.py took 0.060 seconds
[2025-03-28T18:29:42.719+0000] {processor.py:186} INFO - Started process (PID=12152) to work on /usr/local/python/3.12.1/lib/python3.12/site-packages/airflow/example_dags/tutorial_taskflow_api_virtualenv.py
[2025-03-28T18:29:42.719+0000] {processor.py:914} INFO - Processing file /usr/local/python/3.12.1/lib/python3.12/site-packages/airflow/example_dags/tutorial_taskflow_api_virtualenv.py for tasks to queue
[2025-03-28T18:29:42.721+0000] {logging_mixin.py:190} INFO - [2025-03-28T18:29:42.720+0000] {dagbag.py:588} INFO - Filling up the DagBag from /usr/local/python/3.12.1/lib/python3.12/site-packages/airflow/example_dags/tutorial_taskflow_api_virtualenv.py
[2025-03-28T18:29:42.730+0000] {processor.py:925} INFO - DAG(s) 'tutorial_taskflow_api_virtualenv' retrieved from /usr/local/python/3.12.1/lib/python3.12/site-packages/airflow/example_dags/tutorial_taskflow_api_virtualenv.py
[2025-03-28T18:29:42.741+0000] {logging_mixin.py:190} INFO - [2025-03-28T18:29:42.741+0000] {dag.py:3239} INFO - Sync 1 DAGs
[2025-03-28T18:29:42.751+0000] {logging_mixin.py:190} INFO - [2025-03-28T18:29:42.751+0000] {dag.py:4180} INFO - Setting next_dagrun for tutorial_taskflow_api_virtualenv to None, run_after=None
[2025-03-28T18:29:42.765+0000] {processor.py:208} INFO - Processing /usr/local/python/3.12.1/lib/python3.12/site-packages/airflow/example_dags/tutorial_taskflow_api_virtualenv.py took 0.050 seconds
[2025-03-28T18:30:30.406+0000] {processor.py:186} INFO - Started process (PID=12563) to work on /usr/local/python/3.12.1/lib/python3.12/site-packages/airflow/example_dags/tutorial_taskflow_api_virtualenv.py
[2025-03-28T18:30:30.406+0000] {processor.py:914} INFO - Processing file /usr/local/python/3.12.1/lib/python3.12/site-packages/airflow/example_dags/tutorial_taskflow_api_virtualenv.py for tasks to queue
[2025-03-28T18:30:30.408+0000] {logging_mixin.py:190} INFO - [2025-03-28T18:30:30.408+0000] {dagbag.py:588} INFO - Filling up the DagBag from /usr/local/python/3.12.1/lib/python3.12/site-packages/airflow/example_dags/tutorial_taskflow_api_virtualenv.py
[2025-03-28T18:30:30.417+0000] {processor.py:925} INFO - DAG(s) 'tutorial_taskflow_api_virtualenv' retrieved from /usr/local/python/3.12.1/lib/python3.12/site-packages/airflow/example_dags/tutorial_taskflow_api_virtualenv.py
[2025-03-28T18:30:30.428+0000] {logging_mixin.py:190} INFO - [2025-03-28T18:30:30.428+0000] {dag.py:3239} INFO - Sync 1 DAGs
[2025-03-28T18:30:30.437+0000] {logging_mixin.py:190} INFO - [2025-03-28T18:30:30.437+0000] {dag.py:4180} INFO - Setting next_dagrun for tutorial_taskflow_api_virtualenv to None, run_after=None
[2025-03-28T18:30:30.452+0000] {processor.py:208} INFO - Processing /usr/local/python/3.12.1/lib/python3.12/site-packages/airflow/example_dags/tutorial_taskflow_api_virtualenv.py took 0.050 seconds
[2025-03-28T18:31:20.006+0000] {processor.py:186} INFO - Started process (PID=12951) to work on /usr/local/python/3.12.1/lib/python3.12/site-packages/airflow/example_dags/tutorial_taskflow_api_virtualenv.py
[2025-03-28T18:31:20.007+0000] {processor.py:914} INFO - Processing file /usr/local/python/3.12.1/lib/python3.12/site-packages/airflow/example_dags/tutorial_taskflow_api_virtualenv.py for tasks to queue
[2025-03-28T18:31:20.009+0000] {logging_mixin.py:190} INFO - [2025-03-28T18:31:20.008+0000] {dagbag.py:588} INFO - Filling up the DagBag from /usr/local/python/3.12.1/lib/python3.12/site-packages/airflow/example_dags/tutorial_taskflow_api_virtualenv.py
[2025-03-28T18:31:20.020+0000] {processor.py:925} INFO - DAG(s) 'tutorial_taskflow_api_virtualenv' retrieved from /usr/local/python/3.12.1/lib/python3.12/site-packages/airflow/example_dags/tutorial_taskflow_api_virtualenv.py
[2025-03-28T18:31:20.033+0000] {logging_mixin.py:190} INFO - [2025-03-28T18:31:20.032+0000] {dag.py:3239} INFO - Sync 1 DAGs
[2025-03-28T18:31:20.045+0000] {logging_mixin.py:190} INFO - [2025-03-28T18:31:20.045+0000] {dag.py:4180} INFO - Setting next_dagrun for tutorial_taskflow_api_virtualenv to None, run_after=None
[2025-03-28T18:31:20.063+0000] {processor.py:208} INFO - Processing /usr/local/python/3.12.1/lib/python3.12/site-packages/airflow/example_dags/tutorial_taskflow_api_virtualenv.py took 0.062 seconds
[2025-03-28T18:32:08.295+0000] {processor.py:186} INFO - Started process (PID=13400) to work on /usr/local/python/3.12.1/lib/python3.12/site-packages/airflow/example_dags/tutorial_taskflow_api_virtualenv.py
[2025-03-28T18:32:08.295+0000] {processor.py:914} INFO - Processing file /usr/local/python/3.12.1/lib/python3.12/site-packages/airflow/example_dags/tutorial_taskflow_api_virtualenv.py for tasks to queue
[2025-03-28T18:32:08.297+0000] {logging_mixin.py:190} INFO - [2025-03-28T18:32:08.297+0000] {dagbag.py:588} INFO - Filling up the DagBag from /usr/local/python/3.12.1/lib/python3.12/site-packages/airflow/example_dags/tutorial_taskflow_api_virtualenv.py
[2025-03-28T18:32:08.306+0000] {processor.py:925} INFO - DAG(s) 'tutorial_taskflow_api_virtualenv' retrieved from /usr/local/python/3.12.1/lib/python3.12/site-packages/airflow/example_dags/tutorial_taskflow_api_virtualenv.py
[2025-03-28T18:32:08.317+0000] {logging_mixin.py:190} INFO - [2025-03-28T18:32:08.317+0000] {dag.py:3239} INFO - Sync 1 DAGs
[2025-03-28T18:32:08.326+0000] {logging_mixin.py:190} INFO - [2025-03-28T18:32:08.326+0000] {dag.py:4180} INFO - Setting next_dagrun for tutorial_taskflow_api_virtualenv to None, run_after=None
[2025-03-28T18:32:08.340+0000] {processor.py:208} INFO - Processing /usr/local/python/3.12.1/lib/python3.12/site-packages/airflow/example_dags/tutorial_taskflow_api_virtualenv.py took 0.049 seconds
[2025-03-28T18:32:57.363+0000] {processor.py:186} INFO - Started process (PID=13880) to work on /usr/local/python/3.12.1/lib/python3.12/site-packages/airflow/example_dags/tutorial_taskflow_api_virtualenv.py
[2025-03-28T18:32:57.363+0000] {processor.py:914} INFO - Processing file /usr/local/python/3.12.1/lib/python3.12/site-packages/airflow/example_dags/tutorial_taskflow_api_virtualenv.py for tasks to queue
[2025-03-28T18:32:57.365+0000] {logging_mixin.py:190} INFO - [2025-03-28T18:32:57.365+0000] {dagbag.py:588} INFO - Filling up the DagBag from /usr/local/python/3.12.1/lib/python3.12/site-packages/airflow/example_dags/tutorial_taskflow_api_virtualenv.py
[2025-03-28T18:32:57.374+0000] {processor.py:925} INFO - DAG(s) 'tutorial_taskflow_api_virtualenv' retrieved from /usr/local/python/3.12.1/lib/python3.12/site-packages/airflow/example_dags/tutorial_taskflow_api_virtualenv.py
[2025-03-28T18:32:57.385+0000] {logging_mixin.py:190} INFO - [2025-03-28T18:32:57.385+0000] {dag.py:3239} INFO - Sync 1 DAGs
[2025-03-28T18:32:57.395+0000] {logging_mixin.py:190} INFO - [2025-03-28T18:32:57.395+0000] {dag.py:4180} INFO - Setting next_dagrun for tutorial_taskflow_api_virtualenv to None, run_after=None
[2025-03-28T18:32:57.410+0000] {processor.py:208} INFO - Processing /usr/local/python/3.12.1/lib/python3.12/site-packages/airflow/example_dags/tutorial_taskflow_api_virtualenv.py took 0.051 seconds
[2025-03-28T18:33:49.101+0000] {processor.py:186} INFO - Started process (PID=14330) to work on /usr/local/python/3.12.1/lib/python3.12/site-packages/airflow/example_dags/tutorial_taskflow_api_virtualenv.py
[2025-03-28T18:33:49.102+0000] {processor.py:914} INFO - Processing file /usr/local/python/3.12.1/lib/python3.12/site-packages/airflow/example_dags/tutorial_taskflow_api_virtualenv.py for tasks to queue
[2025-03-28T18:33:49.104+0000] {logging_mixin.py:190} INFO - [2025-03-28T18:33:49.103+0000] {dagbag.py:588} INFO - Filling up the DagBag from /usr/local/python/3.12.1/lib/python3.12/site-packages/airflow/example_dags/tutorial_taskflow_api_virtualenv.py
[2025-03-28T18:33:49.113+0000] {processor.py:925} INFO - DAG(s) 'tutorial_taskflow_api_virtualenv' retrieved from /usr/local/python/3.12.1/lib/python3.12/site-packages/airflow/example_dags/tutorial_taskflow_api_virtualenv.py
[2025-03-28T18:33:49.124+0000] {logging_mixin.py:190} INFO - [2025-03-28T18:33:49.124+0000] {dag.py:3239} INFO - Sync 1 DAGs
[2025-03-28T18:33:49.137+0000] {logging_mixin.py:190} INFO - [2025-03-28T18:33:49.137+0000] {dag.py:4180} INFO - Setting next_dagrun for tutorial_taskflow_api_virtualenv to None, run_after=None
[2025-03-28T18:33:49.153+0000] {processor.py:208} INFO - Processing /usr/local/python/3.12.1/lib/python3.12/site-packages/airflow/example_dags/tutorial_taskflow_api_virtualenv.py took 0.055 seconds
[2025-03-28T18:34:38.225+0000] {processor.py:186} INFO - Started process (PID=14739) to work on /usr/local/python/3.12.1/lib/python3.12/site-packages/airflow/example_dags/tutorial_taskflow_api_virtualenv.py
[2025-03-28T18:34:38.226+0000] {processor.py:914} INFO - Processing file /usr/local/python/3.12.1/lib/python3.12/site-packages/airflow/example_dags/tutorial_taskflow_api_virtualenv.py for tasks to queue
[2025-03-28T18:34:38.227+0000] {logging_mixin.py:190} INFO - [2025-03-28T18:34:38.227+0000] {dagbag.py:588} INFO - Filling up the DagBag from /usr/local/python/3.12.1/lib/python3.12/site-packages/airflow/example_dags/tutorial_taskflow_api_virtualenv.py
[2025-03-28T18:34:38.237+0000] {processor.py:925} INFO - DAG(s) 'tutorial_taskflow_api_virtualenv' retrieved from /usr/local/python/3.12.1/lib/python3.12/site-packages/airflow/example_dags/tutorial_taskflow_api_virtualenv.py
[2025-03-28T18:34:38.247+0000] {logging_mixin.py:190} INFO - [2025-03-28T18:34:38.247+0000] {dag.py:3239} INFO - Sync 1 DAGs
[2025-03-28T18:34:38.257+0000] {logging_mixin.py:190} INFO - [2025-03-28T18:34:38.257+0000] {dag.py:4180} INFO - Setting next_dagrun for tutorial_taskflow_api_virtualenv to None, run_after=None
[2025-03-28T18:34:38.271+0000] {processor.py:208} INFO - Processing /usr/local/python/3.12.1/lib/python3.12/site-packages/airflow/example_dags/tutorial_taskflow_api_virtualenv.py took 0.050 seconds
[2025-03-28T18:35:27.340+0000] {processor.py:186} INFO - Started process (PID=15184) to work on /usr/local/python/3.12.1/lib/python3.12/site-packages/airflow/example_dags/tutorial_taskflow_api_virtualenv.py
[2025-03-28T18:35:27.340+0000] {processor.py:914} INFO - Processing file /usr/local/python/3.12.1/lib/python3.12/site-packages/airflow/example_dags/tutorial_taskflow_api_virtualenv.py for tasks to queue
[2025-03-28T18:35:27.342+0000] {logging_mixin.py:190} INFO - [2025-03-28T18:35:27.341+0000] {dagbag.py:588} INFO - Filling up the DagBag from /usr/local/python/3.12.1/lib/python3.12/site-packages/airflow/example_dags/tutorial_taskflow_api_virtualenv.py
[2025-03-28T18:35:27.351+0000] {processor.py:925} INFO - DAG(s) 'tutorial_taskflow_api_virtualenv' retrieved from /usr/local/python/3.12.1/lib/python3.12/site-packages/airflow/example_dags/tutorial_taskflow_api_virtualenv.py
[2025-03-28T18:35:27.361+0000] {logging_mixin.py:190} INFO - [2025-03-28T18:35:27.361+0000] {dag.py:3239} INFO - Sync 1 DAGs
[2025-03-28T18:35:27.371+0000] {logging_mixin.py:190} INFO - [2025-03-28T18:35:27.371+0000] {dag.py:4180} INFO - Setting next_dagrun for tutorial_taskflow_api_virtualenv to None, run_after=None
[2025-03-28T18:35:27.385+0000] {processor.py:208} INFO - Processing /usr/local/python/3.12.1/lib/python3.12/site-packages/airflow/example_dags/tutorial_taskflow_api_virtualenv.py took 0.050 seconds
[2025-03-28T18:36:16.564+0000] {processor.py:186} INFO - Started process (PID=15617) to work on /usr/local/python/3.12.1/lib/python3.12/site-packages/airflow/example_dags/tutorial_taskflow_api_virtualenv.py
[2025-03-28T18:36:16.565+0000] {processor.py:914} INFO - Processing file /usr/local/python/3.12.1/lib/python3.12/site-packages/airflow/example_dags/tutorial_taskflow_api_virtualenv.py for tasks to queue
[2025-03-28T18:36:16.566+0000] {logging_mixin.py:190} INFO - [2025-03-28T18:36:16.566+0000] {dagbag.py:588} INFO - Filling up the DagBag from /usr/local/python/3.12.1/lib/python3.12/site-packages/airflow/example_dags/tutorial_taskflow_api_virtualenv.py
[2025-03-28T18:36:16.575+0000] {processor.py:925} INFO - DAG(s) 'tutorial_taskflow_api_virtualenv' retrieved from /usr/local/python/3.12.1/lib/python3.12/site-packages/airflow/example_dags/tutorial_taskflow_api_virtualenv.py
[2025-03-28T18:36:16.586+0000] {logging_mixin.py:190} INFO - [2025-03-28T18:36:16.586+0000] {dag.py:3239} INFO - Sync 1 DAGs
[2025-03-28T18:36:16.595+0000] {logging_mixin.py:190} INFO - [2025-03-28T18:36:16.595+0000] {dag.py:4180} INFO - Setting next_dagrun for tutorial_taskflow_api_virtualenv to None, run_after=None
[2025-03-28T18:36:16.610+0000] {processor.py:208} INFO - Processing /usr/local/python/3.12.1/lib/python3.12/site-packages/airflow/example_dags/tutorial_taskflow_api_virtualenv.py took 0.050 seconds
[2025-03-28T18:37:33.765+0000] {processor.py:186} INFO - Started process (PID=16560) to work on /usr/local/python/3.12.1/lib/python3.12/site-packages/airflow/example_dags/tutorial_taskflow_api_virtualenv.py
[2025-03-28T18:37:33.766+0000] {processor.py:914} INFO - Processing file /usr/local/python/3.12.1/lib/python3.12/site-packages/airflow/example_dags/tutorial_taskflow_api_virtualenv.py for tasks to queue
[2025-03-28T18:37:33.767+0000] {logging_mixin.py:190} INFO - [2025-03-28T18:37:33.767+0000] {dagbag.py:588} INFO - Filling up the DagBag from /usr/local/python/3.12.1/lib/python3.12/site-packages/airflow/example_dags/tutorial_taskflow_api_virtualenv.py
[2025-03-28T18:37:33.776+0000] {processor.py:925} INFO - DAG(s) 'tutorial_taskflow_api_virtualenv' retrieved from /usr/local/python/3.12.1/lib/python3.12/site-packages/airflow/example_dags/tutorial_taskflow_api_virtualenv.py
[2025-03-28T18:37:33.868+0000] {logging_mixin.py:190} INFO - [2025-03-28T18:37:33.867+0000] {dag.py:3239} INFO - Sync 1 DAGs
[2025-03-28T18:37:33.877+0000] {logging_mixin.py:190} INFO - [2025-03-28T18:37:33.876+0000] {dag.py:4180} INFO - Setting next_dagrun for tutorial_taskflow_api_virtualenv to None, run_after=None
[2025-03-28T18:37:33.891+0000] {processor.py:208} INFO - Processing /usr/local/python/3.12.1/lib/python3.12/site-packages/airflow/example_dags/tutorial_taskflow_api_virtualenv.py took 0.130 seconds
[2025-03-28T18:38:27.519+0000] {processor.py:186} INFO - Started process (PID=17046) to work on /usr/local/python/3.12.1/lib/python3.12/site-packages/airflow/example_dags/tutorial_taskflow_api_virtualenv.py
[2025-03-28T18:38:27.519+0000] {processor.py:914} INFO - Processing file /usr/local/python/3.12.1/lib/python3.12/site-packages/airflow/example_dags/tutorial_taskflow_api_virtualenv.py for tasks to queue
[2025-03-28T18:38:27.521+0000] {logging_mixin.py:190} INFO - [2025-03-28T18:38:27.521+0000] {dagbag.py:588} INFO - Filling up the DagBag from /usr/local/python/3.12.1/lib/python3.12/site-packages/airflow/example_dags/tutorial_taskflow_api_virtualenv.py
[2025-03-28T18:38:27.530+0000] {processor.py:925} INFO - DAG(s) 'tutorial_taskflow_api_virtualenv' retrieved from /usr/local/python/3.12.1/lib/python3.12/site-packages/airflow/example_dags/tutorial_taskflow_api_virtualenv.py
[2025-03-28T18:38:27.541+0000] {logging_mixin.py:190} INFO - [2025-03-28T18:38:27.541+0000] {dag.py:3239} INFO - Sync 1 DAGs
[2025-03-28T18:38:27.550+0000] {logging_mixin.py:190} INFO - [2025-03-28T18:38:27.550+0000] {dag.py:4180} INFO - Setting next_dagrun for tutorial_taskflow_api_virtualenv to None, run_after=None
[2025-03-28T18:38:27.566+0000] {processor.py:208} INFO - Processing /usr/local/python/3.12.1/lib/python3.12/site-packages/airflow/example_dags/tutorial_taskflow_api_virtualenv.py took 0.051 seconds
[2025-03-28T18:39:20.619+0000] {processor.py:186} INFO - Started process (PID=17484) to work on /usr/local/python/3.12.1/lib/python3.12/site-packages/airflow/example_dags/tutorial_taskflow_api_virtualenv.py
[2025-03-28T18:39:20.620+0000] {processor.py:914} INFO - Processing file /usr/local/python/3.12.1/lib/python3.12/site-packages/airflow/example_dags/tutorial_taskflow_api_virtualenv.py for tasks to queue
[2025-03-28T18:39:20.621+0000] {logging_mixin.py:190} INFO - [2025-03-28T18:39:20.621+0000] {dagbag.py:588} INFO - Filling up the DagBag from /usr/local/python/3.12.1/lib/python3.12/site-packages/airflow/example_dags/tutorial_taskflow_api_virtualenv.py
[2025-03-28T18:39:20.630+0000] {processor.py:925} INFO - DAG(s) 'tutorial_taskflow_api_virtualenv' retrieved from /usr/local/python/3.12.1/lib/python3.12/site-packages/airflow/example_dags/tutorial_taskflow_api_virtualenv.py
[2025-03-28T18:39:20.641+0000] {logging_mixin.py:190} INFO - [2025-03-28T18:39:20.641+0000] {dag.py:3239} INFO - Sync 1 DAGs
[2025-03-28T18:39:20.650+0000] {logging_mixin.py:190} INFO - [2025-03-28T18:39:20.650+0000] {dag.py:4180} INFO - Setting next_dagrun for tutorial_taskflow_api_virtualenv to None, run_after=None
[2025-03-28T18:39:20.666+0000] {processor.py:208} INFO - Processing /usr/local/python/3.12.1/lib/python3.12/site-packages/airflow/example_dags/tutorial_taskflow_api_virtualenv.py took 0.051 seconds
[2025-03-28T18:40:22.963+0000] {processor.py:186} INFO - Started process (PID=18205) to work on /usr/local/python/3.12.1/lib/python3.12/site-packages/airflow/example_dags/tutorial_taskflow_api_virtualenv.py
[2025-03-28T18:40:22.964+0000] {processor.py:914} INFO - Processing file /usr/local/python/3.12.1/lib/python3.12/site-packages/airflow/example_dags/tutorial_taskflow_api_virtualenv.py for tasks to queue
[2025-03-28T18:40:22.965+0000] {logging_mixin.py:190} INFO - [2025-03-28T18:40:22.965+0000] {dagbag.py:588} INFO - Filling up the DagBag from /usr/local/python/3.12.1/lib/python3.12/site-packages/airflow/example_dags/tutorial_taskflow_api_virtualenv.py
[2025-03-28T18:40:22.974+0000] {processor.py:925} INFO - DAG(s) 'tutorial_taskflow_api_virtualenv' retrieved from /usr/local/python/3.12.1/lib/python3.12/site-packages/airflow/example_dags/tutorial_taskflow_api_virtualenv.py
[2025-03-28T18:40:23.066+0000] {logging_mixin.py:190} INFO - [2025-03-28T18:40:23.066+0000] {dag.py:3239} INFO - Sync 1 DAGs
[2025-03-28T18:40:23.074+0000] {logging_mixin.py:190} INFO - [2025-03-28T18:40:23.074+0000] {dag.py:4180} INFO - Setting next_dagrun for tutorial_taskflow_api_virtualenv to None, run_after=None
[2025-03-28T18:40:23.089+0000] {processor.py:208} INFO - Processing /usr/local/python/3.12.1/lib/python3.12/site-packages/airflow/example_dags/tutorial_taskflow_api_virtualenv.py took 0.129 seconds
[2025-03-28T18:41:14.971+0000] {processor.py:186} INFO - Started process (PID=18777) to work on /usr/local/python/3.12.1/lib/python3.12/site-packages/airflow/example_dags/tutorial_taskflow_api_virtualenv.py
[2025-03-28T18:41:14.972+0000] {processor.py:914} INFO - Processing file /usr/local/python/3.12.1/lib/python3.12/site-packages/airflow/example_dags/tutorial_taskflow_api_virtualenv.py for tasks to queue
[2025-03-28T18:41:14.973+0000] {logging_mixin.py:190} INFO - [2025-03-28T18:41:14.973+0000] {dagbag.py:588} INFO - Filling up the DagBag from /usr/local/python/3.12.1/lib/python3.12/site-packages/airflow/example_dags/tutorial_taskflow_api_virtualenv.py
[2025-03-28T18:41:14.983+0000] {processor.py:925} INFO - DAG(s) 'tutorial_taskflow_api_virtualenv' retrieved from /usr/local/python/3.12.1/lib/python3.12/site-packages/airflow/example_dags/tutorial_taskflow_api_virtualenv.py
[2025-03-28T18:41:15.068+0000] {logging_mixin.py:190} INFO - [2025-03-28T18:41:15.068+0000] {dag.py:3239} INFO - Sync 1 DAGs
[2025-03-28T18:41:15.077+0000] {logging_mixin.py:190} INFO - [2025-03-28T18:41:15.076+0000] {dag.py:4180} INFO - Setting next_dagrun for tutorial_taskflow_api_virtualenv to None, run_after=None
[2025-03-28T18:41:15.092+0000] {processor.py:208} INFO - Processing /usr/local/python/3.12.1/lib/python3.12/site-packages/airflow/example_dags/tutorial_taskflow_api_virtualenv.py took 0.124 seconds
[2025-03-28T18:42:12.602+0000] {processor.py:186} INFO - Started process (PID=19302) to work on /usr/local/python/3.12.1/lib/python3.12/site-packages/airflow/example_dags/tutorial_taskflow_api_virtualenv.py
[2025-03-28T18:42:12.602+0000] {processor.py:914} INFO - Processing file /usr/local/python/3.12.1/lib/python3.12/site-packages/airflow/example_dags/tutorial_taskflow_api_virtualenv.py for tasks to queue
[2025-03-28T18:42:12.604+0000] {logging_mixin.py:190} INFO - [2025-03-28T18:42:12.603+0000] {dagbag.py:588} INFO - Filling up the DagBag from /usr/local/python/3.12.1/lib/python3.12/site-packages/airflow/example_dags/tutorial_taskflow_api_virtualenv.py
[2025-03-28T18:42:12.613+0000] {processor.py:925} INFO - DAG(s) 'tutorial_taskflow_api_virtualenv' retrieved from /usr/local/python/3.12.1/lib/python3.12/site-packages/airflow/example_dags/tutorial_taskflow_api_virtualenv.py
[2025-03-28T18:42:12.623+0000] {logging_mixin.py:190} INFO - [2025-03-28T18:42:12.623+0000] {dag.py:3239} INFO - Sync 1 DAGs
[2025-03-28T18:42:12.633+0000] {logging_mixin.py:190} INFO - [2025-03-28T18:42:12.632+0000] {dag.py:4180} INFO - Setting next_dagrun for tutorial_taskflow_api_virtualenv to None, run_after=None
[2025-03-28T18:42:12.647+0000] {processor.py:208} INFO - Processing /usr/local/python/3.12.1/lib/python3.12/site-packages/airflow/example_dags/tutorial_taskflow_api_virtualenv.py took 0.049 seconds
[2025-03-28T18:43:06.737+0000] {processor.py:186} INFO - Started process (PID=19780) to work on /usr/local/python/3.12.1/lib/python3.12/site-packages/airflow/example_dags/tutorial_taskflow_api_virtualenv.py
[2025-03-28T18:43:06.737+0000] {processor.py:914} INFO - Processing file /usr/local/python/3.12.1/lib/python3.12/site-packages/airflow/example_dags/tutorial_taskflow_api_virtualenv.py for tasks to queue
[2025-03-28T18:43:06.739+0000] {logging_mixin.py:190} INFO - [2025-03-28T18:43:06.739+0000] {dagbag.py:588} INFO - Filling up the DagBag from /usr/local/python/3.12.1/lib/python3.12/site-packages/airflow/example_dags/tutorial_taskflow_api_virtualenv.py
[2025-03-28T18:43:06.748+0000] {processor.py:925} INFO - DAG(s) 'tutorial_taskflow_api_virtualenv' retrieved from /usr/local/python/3.12.1/lib/python3.12/site-packages/airflow/example_dags/tutorial_taskflow_api_virtualenv.py
[2025-03-28T18:43:06.759+0000] {logging_mixin.py:190} INFO - [2025-03-28T18:43:06.759+0000] {dag.py:3239} INFO - Sync 1 DAGs
[2025-03-28T18:43:06.768+0000] {logging_mixin.py:190} INFO - [2025-03-28T18:43:06.768+0000] {dag.py:4180} INFO - Setting next_dagrun for tutorial_taskflow_api_virtualenv to None, run_after=None
[2025-03-28T18:43:06.784+0000] {processor.py:208} INFO - Processing /usr/local/python/3.12.1/lib/python3.12/site-packages/airflow/example_dags/tutorial_taskflow_api_virtualenv.py took 0.051 seconds
[2025-03-28T18:44:02.035+0000] {processor.py:186} INFO - Started process (PID=20276) to work on /usr/local/python/3.12.1/lib/python3.12/site-packages/airflow/example_dags/tutorial_taskflow_api_virtualenv.py
[2025-03-28T18:44:02.036+0000] {processor.py:914} INFO - Processing file /usr/local/python/3.12.1/lib/python3.12/site-packages/airflow/example_dags/tutorial_taskflow_api_virtualenv.py for tasks to queue
[2025-03-28T18:44:02.037+0000] {logging_mixin.py:190} INFO - [2025-03-28T18:44:02.037+0000] {dagbag.py:588} INFO - Filling up the DagBag from /usr/local/python/3.12.1/lib/python3.12/site-packages/airflow/example_dags/tutorial_taskflow_api_virtualenv.py
[2025-03-28T18:44:02.047+0000] {processor.py:925} INFO - DAG(s) 'tutorial_taskflow_api_virtualenv' retrieved from /usr/local/python/3.12.1/lib/python3.12/site-packages/airflow/example_dags/tutorial_taskflow_api_virtualenv.py
[2025-03-28T18:44:02.057+0000] {logging_mixin.py:190} INFO - [2025-03-28T18:44:02.057+0000] {dag.py:3239} INFO - Sync 1 DAGs
[2025-03-28T18:44:02.067+0000] {logging_mixin.py:190} INFO - [2025-03-28T18:44:02.067+0000] {dag.py:4180} INFO - Setting next_dagrun for tutorial_taskflow_api_virtualenv to None, run_after=None
[2025-03-28T18:44:02.082+0000] {processor.py:208} INFO - Processing /usr/local/python/3.12.1/lib/python3.12/site-packages/airflow/example_dags/tutorial_taskflow_api_virtualenv.py took 0.050 seconds
[2025-03-28T18:44:56.393+0000] {processor.py:186} INFO - Started process (PID=20748) to work on /usr/local/python/3.12.1/lib/python3.12/site-packages/airflow/example_dags/tutorial_taskflow_api_virtualenv.py
[2025-03-28T18:44:56.393+0000] {processor.py:914} INFO - Processing file /usr/local/python/3.12.1/lib/python3.12/site-packages/airflow/example_dags/tutorial_taskflow_api_virtualenv.py for tasks to queue
[2025-03-28T18:44:56.395+0000] {logging_mixin.py:190} INFO - [2025-03-28T18:44:56.394+0000] {dagbag.py:588} INFO - Filling up the DagBag from /usr/local/python/3.12.1/lib/python3.12/site-packages/airflow/example_dags/tutorial_taskflow_api_virtualenv.py
[2025-03-28T18:44:56.404+0000] {processor.py:925} INFO - DAG(s) 'tutorial_taskflow_api_virtualenv' retrieved from /usr/local/python/3.12.1/lib/python3.12/site-packages/airflow/example_dags/tutorial_taskflow_api_virtualenv.py
[2025-03-28T18:44:56.415+0000] {logging_mixin.py:190} INFO - [2025-03-28T18:44:56.415+0000] {dag.py:3239} INFO - Sync 1 DAGs
[2025-03-28T18:44:56.426+0000] {logging_mixin.py:190} INFO - [2025-03-28T18:44:56.426+0000] {dag.py:4180} INFO - Setting next_dagrun for tutorial_taskflow_api_virtualenv to None, run_after=None
[2025-03-28T18:44:56.444+0000] {processor.py:208} INFO - Processing /usr/local/python/3.12.1/lib/python3.12/site-packages/airflow/example_dags/tutorial_taskflow_api_virtualenv.py took 0.055 seconds
[2025-03-28T18:45:49.916+0000] {processor.py:186} INFO - Started process (PID=21221) to work on /usr/local/python/3.12.1/lib/python3.12/site-packages/airflow/example_dags/tutorial_taskflow_api_virtualenv.py
[2025-03-28T18:45:49.917+0000] {processor.py:914} INFO - Processing file /usr/local/python/3.12.1/lib/python3.12/site-packages/airflow/example_dags/tutorial_taskflow_api_virtualenv.py for tasks to queue
[2025-03-28T18:45:49.918+0000] {logging_mixin.py:190} INFO - [2025-03-28T18:45:49.918+0000] {dagbag.py:588} INFO - Filling up the DagBag from /usr/local/python/3.12.1/lib/python3.12/site-packages/airflow/example_dags/tutorial_taskflow_api_virtualenv.py
[2025-03-28T18:45:49.927+0000] {processor.py:925} INFO - DAG(s) 'tutorial_taskflow_api_virtualenv' retrieved from /usr/local/python/3.12.1/lib/python3.12/site-packages/airflow/example_dags/tutorial_taskflow_api_virtualenv.py
[2025-03-28T18:45:49.938+0000] {logging_mixin.py:190} INFO - [2025-03-28T18:45:49.938+0000] {dag.py:3239} INFO - Sync 1 DAGs
[2025-03-28T18:45:49.947+0000] {logging_mixin.py:190} INFO - [2025-03-28T18:45:49.947+0000] {dag.py:4180} INFO - Setting next_dagrun for tutorial_taskflow_api_virtualenv to None, run_after=None
[2025-03-28T18:45:49.962+0000] {processor.py:208} INFO - Processing /usr/local/python/3.12.1/lib/python3.12/site-packages/airflow/example_dags/tutorial_taskflow_api_virtualenv.py took 0.050 seconds
[2025-03-28T18:46:43.549+0000] {processor.py:186} INFO - Started process (PID=21709) to work on /usr/local/python/3.12.1/lib/python3.12/site-packages/airflow/example_dags/tutorial_taskflow_api_virtualenv.py
[2025-03-28T18:46:43.549+0000] {processor.py:914} INFO - Processing file /usr/local/python/3.12.1/lib/python3.12/site-packages/airflow/example_dags/tutorial_taskflow_api_virtualenv.py for tasks to queue
[2025-03-28T18:46:43.551+0000] {logging_mixin.py:190} INFO - [2025-03-28T18:46:43.551+0000] {dagbag.py:588} INFO - Filling up the DagBag from /usr/local/python/3.12.1/lib/python3.12/site-packages/airflow/example_dags/tutorial_taskflow_api_virtualenv.py
[2025-03-28T18:46:43.560+0000] {processor.py:925} INFO - DAG(s) 'tutorial_taskflow_api_virtualenv' retrieved from /usr/local/python/3.12.1/lib/python3.12/site-packages/airflow/example_dags/tutorial_taskflow_api_virtualenv.py
[2025-03-28T18:46:43.571+0000] {logging_mixin.py:190} INFO - [2025-03-28T18:46:43.571+0000] {dag.py:3239} INFO - Sync 1 DAGs
[2025-03-28T18:46:43.580+0000] {logging_mixin.py:190} INFO - [2025-03-28T18:46:43.580+0000] {dag.py:4180} INFO - Setting next_dagrun for tutorial_taskflow_api_virtualenv to None, run_after=None
[2025-03-28T18:46:43.595+0000] {processor.py:208} INFO - Processing /usr/local/python/3.12.1/lib/python3.12/site-packages/airflow/example_dags/tutorial_taskflow_api_virtualenv.py took 0.050 seconds
[2025-03-28T18:47:36.968+0000] {processor.py:186} INFO - Started process (PID=22151) to work on /usr/local/python/3.12.1/lib/python3.12/site-packages/airflow/example_dags/tutorial_taskflow_api_virtualenv.py
[2025-03-28T18:47:36.969+0000] {processor.py:914} INFO - Processing file /usr/local/python/3.12.1/lib/python3.12/site-packages/airflow/example_dags/tutorial_taskflow_api_virtualenv.py for tasks to queue
[2025-03-28T18:47:36.970+0000] {logging_mixin.py:190} INFO - [2025-03-28T18:47:36.969+0000] {dagbag.py:588} INFO - Filling up the DagBag from /usr/local/python/3.12.1/lib/python3.12/site-packages/airflow/example_dags/tutorial_taskflow_api_virtualenv.py
[2025-03-28T18:47:36.979+0000] {processor.py:925} INFO - DAG(s) 'tutorial_taskflow_api_virtualenv' retrieved from /usr/local/python/3.12.1/lib/python3.12/site-packages/airflow/example_dags/tutorial_taskflow_api_virtualenv.py
[2025-03-28T18:47:36.990+0000] {logging_mixin.py:190} INFO - [2025-03-28T18:47:36.990+0000] {dag.py:3239} INFO - Sync 1 DAGs
[2025-03-28T18:47:37.000+0000] {logging_mixin.py:190} INFO - [2025-03-28T18:47:37.000+0000] {dag.py:4180} INFO - Setting next_dagrun for tutorial_taskflow_api_virtualenv to None, run_after=None
[2025-03-28T18:47:37.015+0000] {processor.py:208} INFO - Processing /usr/local/python/3.12.1/lib/python3.12/site-packages/airflow/example_dags/tutorial_taskflow_api_virtualenv.py took 0.051 seconds
[2025-03-28T18:48:29.074+0000] {processor.py:186} INFO - Started process (PID=22578) to work on /usr/local/python/3.12.1/lib/python3.12/site-packages/airflow/example_dags/tutorial_taskflow_api_virtualenv.py
[2025-03-28T18:48:29.074+0000] {processor.py:914} INFO - Processing file /usr/local/python/3.12.1/lib/python3.12/site-packages/airflow/example_dags/tutorial_taskflow_api_virtualenv.py for tasks to queue
[2025-03-28T18:48:29.075+0000] {logging_mixin.py:190} INFO - [2025-03-28T18:48:29.075+0000] {dagbag.py:588} INFO - Filling up the DagBag from /usr/local/python/3.12.1/lib/python3.12/site-packages/airflow/example_dags/tutorial_taskflow_api_virtualenv.py
[2025-03-28T18:48:29.085+0000] {processor.py:925} INFO - DAG(s) 'tutorial_taskflow_api_virtualenv' retrieved from /usr/local/python/3.12.1/lib/python3.12/site-packages/airflow/example_dags/tutorial_taskflow_api_virtualenv.py
[2025-03-28T18:48:29.096+0000] {logging_mixin.py:190} INFO - [2025-03-28T18:48:29.096+0000] {dag.py:3239} INFO - Sync 1 DAGs
[2025-03-28T18:48:29.106+0000] {logging_mixin.py:190} INFO - [2025-03-28T18:48:29.106+0000] {dag.py:4180} INFO - Setting next_dagrun for tutorial_taskflow_api_virtualenv to None, run_after=None
[2025-03-28T18:48:29.121+0000] {processor.py:208} INFO - Processing /usr/local/python/3.12.1/lib/python3.12/site-packages/airflow/example_dags/tutorial_taskflow_api_virtualenv.py took 0.051 seconds
[2025-03-28T18:49:25.197+0000] {processor.py:186} INFO - Started process (PID=23016) to work on /usr/local/python/3.12.1/lib/python3.12/site-packages/airflow/example_dags/tutorial_taskflow_api_virtualenv.py
[2025-03-28T18:49:25.198+0000] {processor.py:914} INFO - Processing file /usr/local/python/3.12.1/lib/python3.12/site-packages/airflow/example_dags/tutorial_taskflow_api_virtualenv.py for tasks to queue
[2025-03-28T18:49:25.199+0000] {logging_mixin.py:190} INFO - [2025-03-28T18:49:25.198+0000] {dagbag.py:588} INFO - Filling up the DagBag from /usr/local/python/3.12.1/lib/python3.12/site-packages/airflow/example_dags/tutorial_taskflow_api_virtualenv.py
[2025-03-28T18:49:25.208+0000] {processor.py:925} INFO - DAG(s) 'tutorial_taskflow_api_virtualenv' retrieved from /usr/local/python/3.12.1/lib/python3.12/site-packages/airflow/example_dags/tutorial_taskflow_api_virtualenv.py
[2025-03-28T18:49:25.218+0000] {logging_mixin.py:190} INFO - [2025-03-28T18:49:25.218+0000] {dag.py:3239} INFO - Sync 1 DAGs
[2025-03-28T18:49:25.229+0000] {logging_mixin.py:190} INFO - [2025-03-28T18:49:25.228+0000] {dag.py:4180} INFO - Setting next_dagrun for tutorial_taskflow_api_virtualenv to None, run_after=None
[2025-03-28T18:49:25.243+0000] {processor.py:208} INFO - Processing /usr/local/python/3.12.1/lib/python3.12/site-packages/airflow/example_dags/tutorial_taskflow_api_virtualenv.py took 0.050 seconds
[2025-03-28T18:50:22.021+0000] {processor.py:186} INFO - Started process (PID=23490) to work on /usr/local/python/3.12.1/lib/python3.12/site-packages/airflow/example_dags/tutorial_taskflow_api_virtualenv.py
[2025-03-28T18:50:22.022+0000] {processor.py:914} INFO - Processing file /usr/local/python/3.12.1/lib/python3.12/site-packages/airflow/example_dags/tutorial_taskflow_api_virtualenv.py for tasks to queue
[2025-03-28T18:50:22.023+0000] {logging_mixin.py:190} INFO - [2025-03-28T18:50:22.022+0000] {dagbag.py:588} INFO - Filling up the DagBag from /usr/local/python/3.12.1/lib/python3.12/site-packages/airflow/example_dags/tutorial_taskflow_api_virtualenv.py
[2025-03-28T18:50:22.032+0000] {processor.py:925} INFO - DAG(s) 'tutorial_taskflow_api_virtualenv' retrieved from /usr/local/python/3.12.1/lib/python3.12/site-packages/airflow/example_dags/tutorial_taskflow_api_virtualenv.py
[2025-03-28T18:50:22.043+0000] {logging_mixin.py:190} INFO - [2025-03-28T18:50:22.043+0000] {dag.py:3239} INFO - Sync 1 DAGs
[2025-03-28T18:50:22.052+0000] {logging_mixin.py:190} INFO - [2025-03-28T18:50:22.052+0000] {dag.py:4180} INFO - Setting next_dagrun for tutorial_taskflow_api_virtualenv to None, run_after=None
[2025-03-28T18:50:22.070+0000] {processor.py:208} INFO - Processing /usr/local/python/3.12.1/lib/python3.12/site-packages/airflow/example_dags/tutorial_taskflow_api_virtualenv.py took 0.053 seconds
[2025-03-28T18:52:05.526+0000] {processor.py:186} INFO - Started process (PID=24442) to work on /usr/local/python/3.12.1/lib/python3.12/site-packages/airflow/example_dags/tutorial_taskflow_api_virtualenv.py
[2025-03-28T18:52:05.527+0000] {processor.py:914} INFO - Processing file /usr/local/python/3.12.1/lib/python3.12/site-packages/airflow/example_dags/tutorial_taskflow_api_virtualenv.py for tasks to queue
[2025-03-28T18:52:05.528+0000] {logging_mixin.py:190} INFO - [2025-03-28T18:52:05.527+0000] {dagbag.py:588} INFO - Filling up the DagBag from /usr/local/python/3.12.1/lib/python3.12/site-packages/airflow/example_dags/tutorial_taskflow_api_virtualenv.py
[2025-03-28T18:52:05.539+0000] {processor.py:925} INFO - DAG(s) 'tutorial_taskflow_api_virtualenv' retrieved from /usr/local/python/3.12.1/lib/python3.12/site-packages/airflow/example_dags/tutorial_taskflow_api_virtualenv.py
[2025-03-28T18:52:05.554+0000] {logging_mixin.py:190} INFO - [2025-03-28T18:52:05.554+0000] {dag.py:3239} INFO - Sync 1 DAGs
[2025-03-28T18:52:05.565+0000] {logging_mixin.py:190} INFO - [2025-03-28T18:52:05.564+0000] {dag.py:4180} INFO - Setting next_dagrun for tutorial_taskflow_api_virtualenv to None, run_after=None
[2025-03-28T18:52:05.582+0000] {processor.py:208} INFO - Processing /usr/local/python/3.12.1/lib/python3.12/site-packages/airflow/example_dags/tutorial_taskflow_api_virtualenv.py took 0.061 seconds
[2025-03-28T18:54:38.433+0000] {processor.py:186} INFO - Started process (PID=25943) to work on /usr/local/python/3.12.1/lib/python3.12/site-packages/airflow/example_dags/tutorial_taskflow_api_virtualenv.py
[2025-03-28T18:54:38.434+0000] {processor.py:914} INFO - Processing file /usr/local/python/3.12.1/lib/python3.12/site-packages/airflow/example_dags/tutorial_taskflow_api_virtualenv.py for tasks to queue
[2025-03-28T18:54:38.435+0000] {logging_mixin.py:190} INFO - [2025-03-28T18:54:38.435+0000] {dagbag.py:588} INFO - Filling up the DagBag from /usr/local/python/3.12.1/lib/python3.12/site-packages/airflow/example_dags/tutorial_taskflow_api_virtualenv.py
[2025-03-28T18:54:38.444+0000] {processor.py:925} INFO - DAG(s) 'tutorial_taskflow_api_virtualenv' retrieved from /usr/local/python/3.12.1/lib/python3.12/site-packages/airflow/example_dags/tutorial_taskflow_api_virtualenv.py
[2025-03-28T18:54:38.455+0000] {logging_mixin.py:190} INFO - [2025-03-28T18:54:38.455+0000] {dag.py:3239} INFO - Sync 1 DAGs
[2025-03-28T18:54:38.464+0000] {logging_mixin.py:190} INFO - [2025-03-28T18:54:38.464+0000] {dag.py:4180} INFO - Setting next_dagrun for tutorial_taskflow_api_virtualenv to None, run_after=None
[2025-03-28T18:54:38.479+0000] {processor.py:208} INFO - Processing /usr/local/python/3.12.1/lib/python3.12/site-packages/airflow/example_dags/tutorial_taskflow_api_virtualenv.py took 0.049 seconds
[2025-03-28T18:57:13.885+0000] {processor.py:186} INFO - Started process (PID=27609) to work on /usr/local/python/3.12.1/lib/python3.12/site-packages/airflow/example_dags/tutorial_taskflow_api_virtualenv.py
[2025-03-28T18:57:13.885+0000] {processor.py:914} INFO - Processing file /usr/local/python/3.12.1/lib/python3.12/site-packages/airflow/example_dags/tutorial_taskflow_api_virtualenv.py for tasks to queue
[2025-03-28T18:57:13.886+0000] {logging_mixin.py:190} INFO - [2025-03-28T18:57:13.886+0000] {dagbag.py:588} INFO - Filling up the DagBag from /usr/local/python/3.12.1/lib/python3.12/site-packages/airflow/example_dags/tutorial_taskflow_api_virtualenv.py
[2025-03-28T18:57:13.896+0000] {processor.py:925} INFO - DAG(s) 'tutorial_taskflow_api_virtualenv' retrieved from /usr/local/python/3.12.1/lib/python3.12/site-packages/airflow/example_dags/tutorial_taskflow_api_virtualenv.py
[2025-03-28T18:57:13.907+0000] {logging_mixin.py:190} INFO - [2025-03-28T18:57:13.907+0000] {dag.py:3239} INFO - Sync 1 DAGs
[2025-03-28T18:57:13.919+0000] {logging_mixin.py:190} INFO - [2025-03-28T18:57:13.918+0000] {dag.py:4180} INFO - Setting next_dagrun for tutorial_taskflow_api_virtualenv to None, run_after=None
[2025-03-28T18:57:13.936+0000] {processor.py:208} INFO - Processing /usr/local/python/3.12.1/lib/python3.12/site-packages/airflow/example_dags/tutorial_taskflow_api_virtualenv.py took 0.055 seconds
[2025-03-28T18:59:48.280+0000] {processor.py:186} INFO - Started process (PID=29229) to work on /usr/local/python/3.12.1/lib/python3.12/site-packages/airflow/example_dags/tutorial_taskflow_api_virtualenv.py
[2025-03-28T18:59:48.280+0000] {processor.py:914} INFO - Processing file /usr/local/python/3.12.1/lib/python3.12/site-packages/airflow/example_dags/tutorial_taskflow_api_virtualenv.py for tasks to queue
[2025-03-28T18:59:48.281+0000] {logging_mixin.py:190} INFO - [2025-03-28T18:59:48.281+0000] {dagbag.py:588} INFO - Filling up the DagBag from /usr/local/python/3.12.1/lib/python3.12/site-packages/airflow/example_dags/tutorial_taskflow_api_virtualenv.py
[2025-03-28T18:59:48.290+0000] {processor.py:925} INFO - DAG(s) 'tutorial_taskflow_api_virtualenv' retrieved from /usr/local/python/3.12.1/lib/python3.12/site-packages/airflow/example_dags/tutorial_taskflow_api_virtualenv.py
[2025-03-28T18:59:48.303+0000] {logging_mixin.py:190} INFO - [2025-03-28T18:59:48.303+0000] {dag.py:3239} INFO - Sync 1 DAGs
[2025-03-28T18:59:48.317+0000] {logging_mixin.py:190} INFO - [2025-03-28T18:59:48.317+0000] {dag.py:4180} INFO - Setting next_dagrun for tutorial_taskflow_api_virtualenv to None, run_after=None
[2025-03-28T18:59:48.335+0000] {processor.py:208} INFO - Processing /usr/local/python/3.12.1/lib/python3.12/site-packages/airflow/example_dags/tutorial_taskflow_api_virtualenv.py took 0.059 seconds
[2025-03-28T19:02:24.498+0000] {processor.py:186} INFO - Started process (PID=31104) to work on /usr/local/python/3.12.1/lib/python3.12/site-packages/airflow/example_dags/tutorial_taskflow_api_virtualenv.py
[2025-03-28T19:02:24.498+0000] {processor.py:914} INFO - Processing file /usr/local/python/3.12.1/lib/python3.12/site-packages/airflow/example_dags/tutorial_taskflow_api_virtualenv.py for tasks to queue
[2025-03-28T19:02:24.499+0000] {logging_mixin.py:190} INFO - [2025-03-28T19:02:24.499+0000] {dagbag.py:588} INFO - Filling up the DagBag from /usr/local/python/3.12.1/lib/python3.12/site-packages/airflow/example_dags/tutorial_taskflow_api_virtualenv.py
[2025-03-28T19:02:24.509+0000] {processor.py:925} INFO - DAG(s) 'tutorial_taskflow_api_virtualenv' retrieved from /usr/local/python/3.12.1/lib/python3.12/site-packages/airflow/example_dags/tutorial_taskflow_api_virtualenv.py
[2025-03-28T19:02:24.519+0000] {logging_mixin.py:190} INFO - [2025-03-28T19:02:24.519+0000] {dag.py:3239} INFO - Sync 1 DAGs
[2025-03-28T19:02:24.529+0000] {logging_mixin.py:190} INFO - [2025-03-28T19:02:24.529+0000] {dag.py:4180} INFO - Setting next_dagrun for tutorial_taskflow_api_virtualenv to None, run_after=None
[2025-03-28T19:02:24.543+0000] {processor.py:208} INFO - Processing /usr/local/python/3.12.1/lib/python3.12/site-packages/airflow/example_dags/tutorial_taskflow_api_virtualenv.py took 0.049 seconds
[2025-03-28T19:04:59.493+0000] {processor.py:186} INFO - Started process (PID=32814) to work on /usr/local/python/3.12.1/lib/python3.12/site-packages/airflow/example_dags/tutorial_taskflow_api_virtualenv.py
[2025-03-28T19:04:59.494+0000] {processor.py:914} INFO - Processing file /usr/local/python/3.12.1/lib/python3.12/site-packages/airflow/example_dags/tutorial_taskflow_api_virtualenv.py for tasks to queue
[2025-03-28T19:04:59.495+0000] {logging_mixin.py:190} INFO - [2025-03-28T19:04:59.495+0000] {dagbag.py:588} INFO - Filling up the DagBag from /usr/local/python/3.12.1/lib/python3.12/site-packages/airflow/example_dags/tutorial_taskflow_api_virtualenv.py
[2025-03-28T19:04:59.504+0000] {processor.py:925} INFO - DAG(s) 'tutorial_taskflow_api_virtualenv' retrieved from /usr/local/python/3.12.1/lib/python3.12/site-packages/airflow/example_dags/tutorial_taskflow_api_virtualenv.py
[2025-03-28T19:04:59.515+0000] {logging_mixin.py:190} INFO - [2025-03-28T19:04:59.515+0000] {dag.py:3239} INFO - Sync 1 DAGs
[2025-03-28T19:04:59.525+0000] {logging_mixin.py:190} INFO - [2025-03-28T19:04:59.525+0000] {dag.py:4180} INFO - Setting next_dagrun for tutorial_taskflow_api_virtualenv to None, run_after=None
[2025-03-28T19:04:59.541+0000] {processor.py:208} INFO - Processing /usr/local/python/3.12.1/lib/python3.12/site-packages/airflow/example_dags/tutorial_taskflow_api_virtualenv.py took 0.051 seconds
[2025-03-28T19:07:35.559+0000] {processor.py:186} INFO - Started process (PID=34837) to work on /usr/local/python/3.12.1/lib/python3.12/site-packages/airflow/example_dags/tutorial_taskflow_api_virtualenv.py
[2025-03-28T19:07:35.560+0000] {processor.py:914} INFO - Processing file /usr/local/python/3.12.1/lib/python3.12/site-packages/airflow/example_dags/tutorial_taskflow_api_virtualenv.py for tasks to queue
[2025-03-28T19:07:35.560+0000] {logging_mixin.py:190} INFO - [2025-03-28T19:07:35.560+0000] {dagbag.py:588} INFO - Filling up the DagBag from /usr/local/python/3.12.1/lib/python3.12/site-packages/airflow/example_dags/tutorial_taskflow_api_virtualenv.py
[2025-03-28T19:07:35.570+0000] {processor.py:925} INFO - DAG(s) 'tutorial_taskflow_api_virtualenv' retrieved from /usr/local/python/3.12.1/lib/python3.12/site-packages/airflow/example_dags/tutorial_taskflow_api_virtualenv.py
[2025-03-28T19:07:35.582+0000] {logging_mixin.py:190} INFO - [2025-03-28T19:07:35.582+0000] {dag.py:3239} INFO - Sync 1 DAGs
[2025-03-28T19:07:35.592+0000] {logging_mixin.py:190} INFO - [2025-03-28T19:07:35.592+0000] {dag.py:4180} INFO - Setting next_dagrun for tutorial_taskflow_api_virtualenv to None, run_after=None
[2025-03-28T19:07:35.608+0000] {processor.py:208} INFO - Processing /usr/local/python/3.12.1/lib/python3.12/site-packages/airflow/example_dags/tutorial_taskflow_api_virtualenv.py took 0.053 seconds
[2025-03-28T19:10:31.443+0000] {processor.py:186} INFO - Started process (PID=37759) to work on /usr/local/python/3.12.1/lib/python3.12/site-packages/airflow/example_dags/tutorial_taskflow_api_virtualenv.py
[2025-03-28T19:10:31.444+0000] {processor.py:914} INFO - Processing file /usr/local/python/3.12.1/lib/python3.12/site-packages/airflow/example_dags/tutorial_taskflow_api_virtualenv.py for tasks to queue
[2025-03-28T19:10:31.445+0000] {logging_mixin.py:190} INFO - [2025-03-28T19:10:31.445+0000] {dagbag.py:588} INFO - Filling up the DagBag from /usr/local/python/3.12.1/lib/python3.12/site-packages/airflow/example_dags/tutorial_taskflow_api_virtualenv.py
[2025-03-28T19:10:31.455+0000] {processor.py:925} INFO - DAG(s) 'tutorial_taskflow_api_virtualenv' retrieved from /usr/local/python/3.12.1/lib/python3.12/site-packages/airflow/example_dags/tutorial_taskflow_api_virtualenv.py
[2025-03-28T19:10:31.538+0000] {logging_mixin.py:190} INFO - [2025-03-28T19:10:31.538+0000] {dag.py:3239} INFO - Sync 1 DAGs
[2025-03-28T19:10:31.546+0000] {logging_mixin.py:190} INFO - [2025-03-28T19:10:31.546+0000] {dag.py:4180} INFO - Setting next_dagrun for tutorial_taskflow_api_virtualenv to None, run_after=None
[2025-03-28T19:10:31.561+0000] {processor.py:208} INFO - Processing /usr/local/python/3.12.1/lib/python3.12/site-packages/airflow/example_dags/tutorial_taskflow_api_virtualenv.py took 0.122 seconds
[2025-03-28T19:13:33.943+0000] {processor.py:186} INFO - Started process (PID=39764) to work on /usr/local/python/3.12.1/lib/python3.12/site-packages/airflow/example_dags/tutorial_taskflow_api_virtualenv.py
[2025-03-28T19:13:33.944+0000] {processor.py:914} INFO - Processing file /usr/local/python/3.12.1/lib/python3.12/site-packages/airflow/example_dags/tutorial_taskflow_api_virtualenv.py for tasks to queue
[2025-03-28T19:13:33.945+0000] {logging_mixin.py:190} INFO - [2025-03-28T19:13:33.945+0000] {dagbag.py:588} INFO - Filling up the DagBag from /usr/local/python/3.12.1/lib/python3.12/site-packages/airflow/example_dags/tutorial_taskflow_api_virtualenv.py
[2025-03-28T19:13:33.955+0000] {processor.py:925} INFO - DAG(s) 'tutorial_taskflow_api_virtualenv' retrieved from /usr/local/python/3.12.1/lib/python3.12/site-packages/airflow/example_dags/tutorial_taskflow_api_virtualenv.py
[2025-03-28T19:13:33.965+0000] {logging_mixin.py:190} INFO - [2025-03-28T19:13:33.965+0000] {dag.py:3239} INFO - Sync 1 DAGs
[2025-03-28T19:13:33.974+0000] {logging_mixin.py:190} INFO - [2025-03-28T19:13:33.974+0000] {dag.py:4180} INFO - Setting next_dagrun for tutorial_taskflow_api_virtualenv to None, run_after=None
[2025-03-28T19:13:33.989+0000] {processor.py:208} INFO - Processing /usr/local/python/3.12.1/lib/python3.12/site-packages/airflow/example_dags/tutorial_taskflow_api_virtualenv.py took 0.049 seconds
[2025-03-28T19:16:08.948+0000] {processor.py:186} INFO - Started process (PID=41296) to work on /usr/local/python/3.12.1/lib/python3.12/site-packages/airflow/example_dags/tutorial_taskflow_api_virtualenv.py
[2025-03-28T19:16:08.949+0000] {processor.py:914} INFO - Processing file /usr/local/python/3.12.1/lib/python3.12/site-packages/airflow/example_dags/tutorial_taskflow_api_virtualenv.py for tasks to queue
[2025-03-28T19:16:08.950+0000] {logging_mixin.py:190} INFO - [2025-03-28T19:16:08.950+0000] {dagbag.py:588} INFO - Filling up the DagBag from /usr/local/python/3.12.1/lib/python3.12/site-packages/airflow/example_dags/tutorial_taskflow_api_virtualenv.py
[2025-03-28T19:16:08.960+0000] {processor.py:925} INFO - DAG(s) 'tutorial_taskflow_api_virtualenv' retrieved from /usr/local/python/3.12.1/lib/python3.12/site-packages/airflow/example_dags/tutorial_taskflow_api_virtualenv.py
[2025-03-28T19:16:08.971+0000] {logging_mixin.py:190} INFO - [2025-03-28T19:16:08.971+0000] {dag.py:3239} INFO - Sync 1 DAGs
[2025-03-28T19:16:08.980+0000] {logging_mixin.py:190} INFO - [2025-03-28T19:16:08.980+0000] {dag.py:4180} INFO - Setting next_dagrun for tutorial_taskflow_api_virtualenv to None, run_after=None
[2025-03-28T19:16:08.994+0000] {processor.py:208} INFO - Processing /usr/local/python/3.12.1/lib/python3.12/site-packages/airflow/example_dags/tutorial_taskflow_api_virtualenv.py took 0.050 seconds
[2025-03-28T19:18:43.141+0000] {processor.py:186} INFO - Started process (PID=42823) to work on /usr/local/python/3.12.1/lib/python3.12/site-packages/airflow/example_dags/tutorial_taskflow_api_virtualenv.py
[2025-03-28T19:18:43.141+0000] {processor.py:914} INFO - Processing file /usr/local/python/3.12.1/lib/python3.12/site-packages/airflow/example_dags/tutorial_taskflow_api_virtualenv.py for tasks to queue
[2025-03-28T19:18:43.143+0000] {logging_mixin.py:190} INFO - [2025-03-28T19:18:43.142+0000] {dagbag.py:588} INFO - Filling up the DagBag from /usr/local/python/3.12.1/lib/python3.12/site-packages/airflow/example_dags/tutorial_taskflow_api_virtualenv.py
[2025-03-28T19:18:43.152+0000] {processor.py:925} INFO - DAG(s) 'tutorial_taskflow_api_virtualenv' retrieved from /usr/local/python/3.12.1/lib/python3.12/site-packages/airflow/example_dags/tutorial_taskflow_api_virtualenv.py
[2025-03-28T19:18:43.163+0000] {logging_mixin.py:190} INFO - [2025-03-28T19:18:43.162+0000] {dag.py:3239} INFO - Sync 1 DAGs
[2025-03-28T19:18:43.172+0000] {logging_mixin.py:190} INFO - [2025-03-28T19:18:43.172+0000] {dag.py:4180} INFO - Setting next_dagrun for tutorial_taskflow_api_virtualenv to None, run_after=None
[2025-03-28T19:18:43.187+0000] {processor.py:208} INFO - Processing /usr/local/python/3.12.1/lib/python3.12/site-packages/airflow/example_dags/tutorial_taskflow_api_virtualenv.py took 0.050 seconds
[2025-03-28T19:21:18.694+0000] {processor.py:186} INFO - Started process (PID=44366) to work on /usr/local/python/3.12.1/lib/python3.12/site-packages/airflow/example_dags/tutorial_taskflow_api_virtualenv.py
[2025-03-28T19:21:18.695+0000] {processor.py:914} INFO - Processing file /usr/local/python/3.12.1/lib/python3.12/site-packages/airflow/example_dags/tutorial_taskflow_api_virtualenv.py for tasks to queue
[2025-03-28T19:21:18.696+0000] {logging_mixin.py:190} INFO - [2025-03-28T19:21:18.696+0000] {dagbag.py:588} INFO - Filling up the DagBag from /usr/local/python/3.12.1/lib/python3.12/site-packages/airflow/example_dags/tutorial_taskflow_api_virtualenv.py
[2025-03-28T19:21:18.706+0000] {processor.py:925} INFO - DAG(s) 'tutorial_taskflow_api_virtualenv' retrieved from /usr/local/python/3.12.1/lib/python3.12/site-packages/airflow/example_dags/tutorial_taskflow_api_virtualenv.py
[2025-03-28T19:21:18.717+0000] {logging_mixin.py:190} INFO - [2025-03-28T19:21:18.717+0000] {dag.py:3239} INFO - Sync 1 DAGs
[2025-03-28T19:21:18.726+0000] {logging_mixin.py:190} INFO - [2025-03-28T19:21:18.726+0000] {dag.py:4180} INFO - Setting next_dagrun for tutorial_taskflow_api_virtualenv to None, run_after=None
[2025-03-28T19:21:18.740+0000] {processor.py:208} INFO - Processing /usr/local/python/3.12.1/lib/python3.12/site-packages/airflow/example_dags/tutorial_taskflow_api_virtualenv.py took 0.050 seconds
[2025-03-28T19:23:54.246+0000] {processor.py:186} INFO - Started process (PID=45885) to work on /usr/local/python/3.12.1/lib/python3.12/site-packages/airflow/example_dags/tutorial_taskflow_api_virtualenv.py
[2025-03-28T19:23:54.247+0000] {processor.py:914} INFO - Processing file /usr/local/python/3.12.1/lib/python3.12/site-packages/airflow/example_dags/tutorial_taskflow_api_virtualenv.py for tasks to queue
[2025-03-28T19:23:54.249+0000] {logging_mixin.py:190} INFO - [2025-03-28T19:23:54.248+0000] {dagbag.py:588} INFO - Filling up the DagBag from /usr/local/python/3.12.1/lib/python3.12/site-packages/airflow/example_dags/tutorial_taskflow_api_virtualenv.py
[2025-03-28T19:23:54.258+0000] {processor.py:925} INFO - DAG(s) 'tutorial_taskflow_api_virtualenv' retrieved from /usr/local/python/3.12.1/lib/python3.12/site-packages/airflow/example_dags/tutorial_taskflow_api_virtualenv.py
[2025-03-28T19:23:54.269+0000] {logging_mixin.py:190} INFO - [2025-03-28T19:23:54.268+0000] {dag.py:3239} INFO - Sync 1 DAGs
[2025-03-28T19:23:54.278+0000] {logging_mixin.py:190} INFO - [2025-03-28T19:23:54.278+0000] {dag.py:4180} INFO - Setting next_dagrun for tutorial_taskflow_api_virtualenv to None, run_after=None
[2025-03-28T19:23:54.295+0000] {processor.py:208} INFO - Processing /usr/local/python/3.12.1/lib/python3.12/site-packages/airflow/example_dags/tutorial_taskflow_api_virtualenv.py took 0.052 seconds
[2025-03-28T19:25:36.278+0000] {processor.py:186} INFO - Started process (PID=46848) to work on /usr/local/python/3.12.1/lib/python3.12/site-packages/airflow/example_dags/tutorial_taskflow_api_virtualenv.py
[2025-03-28T19:25:36.278+0000] {processor.py:914} INFO - Processing file /usr/local/python/3.12.1/lib/python3.12/site-packages/airflow/example_dags/tutorial_taskflow_api_virtualenv.py for tasks to queue
[2025-03-28T19:25:36.280+0000] {logging_mixin.py:190} INFO - [2025-03-28T19:25:36.280+0000] {dagbag.py:588} INFO - Filling up the DagBag from /usr/local/python/3.12.1/lib/python3.12/site-packages/airflow/example_dags/tutorial_taskflow_api_virtualenv.py
[2025-03-28T19:25:36.289+0000] {processor.py:925} INFO - DAG(s) 'tutorial_taskflow_api_virtualenv' retrieved from /usr/local/python/3.12.1/lib/python3.12/site-packages/airflow/example_dags/tutorial_taskflow_api_virtualenv.py
[2025-03-28T19:25:36.300+0000] {logging_mixin.py:190} INFO - [2025-03-28T19:25:36.300+0000] {dag.py:3239} INFO - Sync 1 DAGs
[2025-03-28T19:25:36.310+0000] {logging_mixin.py:190} INFO - [2025-03-28T19:25:36.310+0000] {dag.py:4180} INFO - Setting next_dagrun for tutorial_taskflow_api_virtualenv to None, run_after=None
[2025-03-28T19:25:36.325+0000] {processor.py:208} INFO - Processing /usr/local/python/3.12.1/lib/python3.12/site-packages/airflow/example_dags/tutorial_taskflow_api_virtualenv.py took 0.051 seconds
[2025-03-28T19:26:31.675+0000] {processor.py:186} INFO - Started process (PID=47298) to work on /usr/local/python/3.12.1/lib/python3.12/site-packages/airflow/example_dags/tutorial_taskflow_api_virtualenv.py
[2025-03-28T19:26:31.675+0000] {processor.py:914} INFO - Processing file /usr/local/python/3.12.1/lib/python3.12/site-packages/airflow/example_dags/tutorial_taskflow_api_virtualenv.py for tasks to queue
[2025-03-28T19:26:31.677+0000] {logging_mixin.py:190} INFO - [2025-03-28T19:26:31.676+0000] {dagbag.py:588} INFO - Filling up the DagBag from /usr/local/python/3.12.1/lib/python3.12/site-packages/airflow/example_dags/tutorial_taskflow_api_virtualenv.py
[2025-03-28T19:26:31.686+0000] {processor.py:925} INFO - DAG(s) 'tutorial_taskflow_api_virtualenv' retrieved from /usr/local/python/3.12.1/lib/python3.12/site-packages/airflow/example_dags/tutorial_taskflow_api_virtualenv.py
[2025-03-28T19:26:31.697+0000] {logging_mixin.py:190} INFO - [2025-03-28T19:26:31.697+0000] {dag.py:3239} INFO - Sync 1 DAGs
[2025-03-28T19:26:31.706+0000] {logging_mixin.py:190} INFO - [2025-03-28T19:26:31.706+0000] {dag.py:4180} INFO - Setting next_dagrun for tutorial_taskflow_api_virtualenv to None, run_after=None
[2025-03-28T19:26:31.723+0000] {processor.py:208} INFO - Processing /usr/local/python/3.12.1/lib/python3.12/site-packages/airflow/example_dags/tutorial_taskflow_api_virtualenv.py took 0.053 seconds
[2025-03-28T19:27:24.796+0000] {processor.py:186} INFO - Started process (PID=47708) to work on /usr/local/python/3.12.1/lib/python3.12/site-packages/airflow/example_dags/tutorial_taskflow_api_virtualenv.py
[2025-03-28T19:27:24.796+0000] {processor.py:914} INFO - Processing file /usr/local/python/3.12.1/lib/python3.12/site-packages/airflow/example_dags/tutorial_taskflow_api_virtualenv.py for tasks to queue
[2025-03-28T19:27:24.798+0000] {logging_mixin.py:190} INFO - [2025-03-28T19:27:24.798+0000] {dagbag.py:588} INFO - Filling up the DagBag from /usr/local/python/3.12.1/lib/python3.12/site-packages/airflow/example_dags/tutorial_taskflow_api_virtualenv.py
[2025-03-28T19:27:24.807+0000] {processor.py:925} INFO - DAG(s) 'tutorial_taskflow_api_virtualenv' retrieved from /usr/local/python/3.12.1/lib/python3.12/site-packages/airflow/example_dags/tutorial_taskflow_api_virtualenv.py
[2025-03-28T19:27:24.818+0000] {logging_mixin.py:190} INFO - [2025-03-28T19:27:24.818+0000] {dag.py:3239} INFO - Sync 1 DAGs
[2025-03-28T19:27:24.827+0000] {logging_mixin.py:190} INFO - [2025-03-28T19:27:24.827+0000] {dag.py:4180} INFO - Setting next_dagrun for tutorial_taskflow_api_virtualenv to None, run_after=None
[2025-03-28T19:27:24.841+0000] {processor.py:208} INFO - Processing /usr/local/python/3.12.1/lib/python3.12/site-packages/airflow/example_dags/tutorial_taskflow_api_virtualenv.py took 0.049 seconds
[2025-03-28T19:28:16.603+0000] {processor.py:186} INFO - Started process (PID=48114) to work on /usr/local/python/3.12.1/lib/python3.12/site-packages/airflow/example_dags/tutorial_taskflow_api_virtualenv.py
[2025-03-28T19:28:16.604+0000] {processor.py:914} INFO - Processing file /usr/local/python/3.12.1/lib/python3.12/site-packages/airflow/example_dags/tutorial_taskflow_api_virtualenv.py for tasks to queue
[2025-03-28T19:28:16.606+0000] {logging_mixin.py:190} INFO - [2025-03-28T19:28:16.605+0000] {dagbag.py:588} INFO - Filling up the DagBag from /usr/local/python/3.12.1/lib/python3.12/site-packages/airflow/example_dags/tutorial_taskflow_api_virtualenv.py
[2025-03-28T19:28:16.615+0000] {processor.py:925} INFO - DAG(s) 'tutorial_taskflow_api_virtualenv' retrieved from /usr/local/python/3.12.1/lib/python3.12/site-packages/airflow/example_dags/tutorial_taskflow_api_virtualenv.py
[2025-03-28T19:28:16.626+0000] {logging_mixin.py:190} INFO - [2025-03-28T19:28:16.626+0000] {dag.py:3239} INFO - Sync 1 DAGs
[2025-03-28T19:28:16.636+0000] {logging_mixin.py:190} INFO - [2025-03-28T19:28:16.636+0000] {dag.py:4180} INFO - Setting next_dagrun for tutorial_taskflow_api_virtualenv to None, run_after=None
[2025-03-28T19:28:16.651+0000] {processor.py:208} INFO - Processing /usr/local/python/3.12.1/lib/python3.12/site-packages/airflow/example_dags/tutorial_taskflow_api_virtualenv.py took 0.051 seconds
[2025-03-28T19:29:08.001+0000] {processor.py:186} INFO - Started process (PID=48524) to work on /usr/local/python/3.12.1/lib/python3.12/site-packages/airflow/example_dags/tutorial_taskflow_api_virtualenv.py
[2025-03-28T19:29:08.002+0000] {processor.py:914} INFO - Processing file /usr/local/python/3.12.1/lib/python3.12/site-packages/airflow/example_dags/tutorial_taskflow_api_virtualenv.py for tasks to queue
[2025-03-28T19:29:08.003+0000] {logging_mixin.py:190} INFO - [2025-03-28T19:29:08.003+0000] {dagbag.py:588} INFO - Filling up the DagBag from /usr/local/python/3.12.1/lib/python3.12/site-packages/airflow/example_dags/tutorial_taskflow_api_virtualenv.py
[2025-03-28T19:29:08.013+0000] {processor.py:925} INFO - DAG(s) 'tutorial_taskflow_api_virtualenv' retrieved from /usr/local/python/3.12.1/lib/python3.12/site-packages/airflow/example_dags/tutorial_taskflow_api_virtualenv.py
[2025-03-28T19:29:08.025+0000] {logging_mixin.py:190} INFO - [2025-03-28T19:29:08.024+0000] {dag.py:3239} INFO - Sync 1 DAGs
[2025-03-28T19:29:08.034+0000] {logging_mixin.py:190} INFO - [2025-03-28T19:29:08.034+0000] {dag.py:4180} INFO - Setting next_dagrun for tutorial_taskflow_api_virtualenv to None, run_after=None
[2025-03-28T19:29:08.048+0000] {processor.py:208} INFO - Processing /usr/local/python/3.12.1/lib/python3.12/site-packages/airflow/example_dags/tutorial_taskflow_api_virtualenv.py took 0.053 seconds
[2025-03-28T19:30:04.373+0000] {processor.py:186} INFO - Started process (PID=48970) to work on /usr/local/python/3.12.1/lib/python3.12/site-packages/airflow/example_dags/tutorial_taskflow_api_virtualenv.py
[2025-03-28T19:30:04.373+0000] {processor.py:914} INFO - Processing file /usr/local/python/3.12.1/lib/python3.12/site-packages/airflow/example_dags/tutorial_taskflow_api_virtualenv.py for tasks to queue
[2025-03-28T19:30:04.375+0000] {logging_mixin.py:190} INFO - [2025-03-28T19:30:04.374+0000] {dagbag.py:588} INFO - Filling up the DagBag from /usr/local/python/3.12.1/lib/python3.12/site-packages/airflow/example_dags/tutorial_taskflow_api_virtualenv.py
[2025-03-28T19:30:04.384+0000] {processor.py:925} INFO - DAG(s) 'tutorial_taskflow_api_virtualenv' retrieved from /usr/local/python/3.12.1/lib/python3.12/site-packages/airflow/example_dags/tutorial_taskflow_api_virtualenv.py
[2025-03-28T19:30:04.395+0000] {logging_mixin.py:190} INFO - [2025-03-28T19:30:04.395+0000] {dag.py:3239} INFO - Sync 1 DAGs
[2025-03-28T19:30:04.405+0000] {logging_mixin.py:190} INFO - [2025-03-28T19:30:04.404+0000] {dag.py:4180} INFO - Setting next_dagrun for tutorial_taskflow_api_virtualenv to None, run_after=None
[2025-03-28T19:30:04.419+0000] {processor.py:208} INFO - Processing /usr/local/python/3.12.1/lib/python3.12/site-packages/airflow/example_dags/tutorial_taskflow_api_virtualenv.py took 0.050 seconds
[2025-03-28T19:30:58.639+0000] {processor.py:186} INFO - Started process (PID=49392) to work on /usr/local/python/3.12.1/lib/python3.12/site-packages/airflow/example_dags/tutorial_taskflow_api_virtualenv.py
[2025-03-28T19:30:58.639+0000] {processor.py:914} INFO - Processing file /usr/local/python/3.12.1/lib/python3.12/site-packages/airflow/example_dags/tutorial_taskflow_api_virtualenv.py for tasks to queue
[2025-03-28T19:30:58.641+0000] {logging_mixin.py:190} INFO - [2025-03-28T19:30:58.641+0000] {dagbag.py:588} INFO - Filling up the DagBag from /usr/local/python/3.12.1/lib/python3.12/site-packages/airflow/example_dags/tutorial_taskflow_api_virtualenv.py
[2025-03-28T19:30:58.650+0000] {processor.py:925} INFO - DAG(s) 'tutorial_taskflow_api_virtualenv' retrieved from /usr/local/python/3.12.1/lib/python3.12/site-packages/airflow/example_dags/tutorial_taskflow_api_virtualenv.py
[2025-03-28T19:30:58.661+0000] {logging_mixin.py:190} INFO - [2025-03-28T19:30:58.661+0000] {dag.py:3239} INFO - Sync 1 DAGs
[2025-03-28T19:30:58.670+0000] {logging_mixin.py:190} INFO - [2025-03-28T19:30:58.670+0000] {dag.py:4180} INFO - Setting next_dagrun for tutorial_taskflow_api_virtualenv to None, run_after=None
[2025-03-28T19:30:58.684+0000] {processor.py:208} INFO - Processing /usr/local/python/3.12.1/lib/python3.12/site-packages/airflow/example_dags/tutorial_taskflow_api_virtualenv.py took 0.050 seconds
[2025-03-28T19:31:56.051+0000] {processor.py:186} INFO - Started process (PID=49850) to work on /usr/local/python/3.12.1/lib/python3.12/site-packages/airflow/example_dags/tutorial_taskflow_api_virtualenv.py
[2025-03-28T19:31:56.052+0000] {processor.py:914} INFO - Processing file /usr/local/python/3.12.1/lib/python3.12/site-packages/airflow/example_dags/tutorial_taskflow_api_virtualenv.py for tasks to queue
[2025-03-28T19:31:56.053+0000] {logging_mixin.py:190} INFO - [2025-03-28T19:31:56.053+0000] {dagbag.py:588} INFO - Filling up the DagBag from /usr/local/python/3.12.1/lib/python3.12/site-packages/airflow/example_dags/tutorial_taskflow_api_virtualenv.py
[2025-03-28T19:31:56.063+0000] {processor.py:925} INFO - DAG(s) 'tutorial_taskflow_api_virtualenv' retrieved from /usr/local/python/3.12.1/lib/python3.12/site-packages/airflow/example_dags/tutorial_taskflow_api_virtualenv.py
[2025-03-28T19:31:56.074+0000] {logging_mixin.py:190} INFO - [2025-03-28T19:31:56.074+0000] {dag.py:3239} INFO - Sync 1 DAGs
[2025-03-28T19:31:56.083+0000] {logging_mixin.py:190} INFO - [2025-03-28T19:31:56.083+0000] {dag.py:4180} INFO - Setting next_dagrun for tutorial_taskflow_api_virtualenv to None, run_after=None
[2025-03-28T19:31:56.098+0000] {processor.py:208} INFO - Processing /usr/local/python/3.12.1/lib/python3.12/site-packages/airflow/example_dags/tutorial_taskflow_api_virtualenv.py took 0.050 seconds
[2025-03-28T19:32:50.000+0000] {processor.py:186} INFO - Started process (PID=50267) to work on /usr/local/python/3.12.1/lib/python3.12/site-packages/airflow/example_dags/tutorial_taskflow_api_virtualenv.py
[2025-03-28T19:32:50.001+0000] {processor.py:914} INFO - Processing file /usr/local/python/3.12.1/lib/python3.12/site-packages/airflow/example_dags/tutorial_taskflow_api_virtualenv.py for tasks to queue
[2025-03-28T19:32:50.003+0000] {logging_mixin.py:190} INFO - [2025-03-28T19:32:50.002+0000] {dagbag.py:588} INFO - Filling up the DagBag from /usr/local/python/3.12.1/lib/python3.12/site-packages/airflow/example_dags/tutorial_taskflow_api_virtualenv.py
[2025-03-28T19:32:50.012+0000] {processor.py:925} INFO - DAG(s) 'tutorial_taskflow_api_virtualenv' retrieved from /usr/local/python/3.12.1/lib/python3.12/site-packages/airflow/example_dags/tutorial_taskflow_api_virtualenv.py
[2025-03-28T19:32:50.023+0000] {logging_mixin.py:190} INFO - [2025-03-28T19:32:50.023+0000] {dag.py:3239} INFO - Sync 1 DAGs
[2025-03-28T19:32:50.032+0000] {logging_mixin.py:190} INFO - [2025-03-28T19:32:50.032+0000] {dag.py:4180} INFO - Setting next_dagrun for tutorial_taskflow_api_virtualenv to None, run_after=None
[2025-03-28T19:32:50.046+0000] {processor.py:208} INFO - Processing /usr/local/python/3.12.1/lib/python3.12/site-packages/airflow/example_dags/tutorial_taskflow_api_virtualenv.py took 0.050 seconds
[2025-03-28T19:33:41.705+0000] {processor.py:186} INFO - Started process (PID=50673) to work on /usr/local/python/3.12.1/lib/python3.12/site-packages/airflow/example_dags/tutorial_taskflow_api_virtualenv.py
[2025-03-28T19:33:41.705+0000] {processor.py:914} INFO - Processing file /usr/local/python/3.12.1/lib/python3.12/site-packages/airflow/example_dags/tutorial_taskflow_api_virtualenv.py for tasks to queue
[2025-03-28T19:33:41.707+0000] {logging_mixin.py:190} INFO - [2025-03-28T19:33:41.707+0000] {dagbag.py:588} INFO - Filling up the DagBag from /usr/local/python/3.12.1/lib/python3.12/site-packages/airflow/example_dags/tutorial_taskflow_api_virtualenv.py
[2025-03-28T19:33:41.717+0000] {processor.py:925} INFO - DAG(s) 'tutorial_taskflow_api_virtualenv' retrieved from /usr/local/python/3.12.1/lib/python3.12/site-packages/airflow/example_dags/tutorial_taskflow_api_virtualenv.py
[2025-03-28T19:33:41.728+0000] {logging_mixin.py:190} INFO - [2025-03-28T19:33:41.728+0000] {dag.py:3239} INFO - Sync 1 DAGs
[2025-03-28T19:33:41.737+0000] {logging_mixin.py:190} INFO - [2025-03-28T19:33:41.737+0000] {dag.py:4180} INFO - Setting next_dagrun for tutorial_taskflow_api_virtualenv to None, run_after=None
[2025-03-28T19:33:41.753+0000] {processor.py:208} INFO - Processing /usr/local/python/3.12.1/lib/python3.12/site-packages/airflow/example_dags/tutorial_taskflow_api_virtualenv.py took 0.052 seconds
[2025-03-28T19:34:37.707+0000] {processor.py:186} INFO - Started process (PID=51104) to work on /usr/local/python/3.12.1/lib/python3.12/site-packages/airflow/example_dags/tutorial_taskflow_api_virtualenv.py
[2025-03-28T19:34:37.707+0000] {processor.py:914} INFO - Processing file /usr/local/python/3.12.1/lib/python3.12/site-packages/airflow/example_dags/tutorial_taskflow_api_virtualenv.py for tasks to queue
[2025-03-28T19:34:37.709+0000] {logging_mixin.py:190} INFO - [2025-03-28T19:34:37.709+0000] {dagbag.py:588} INFO - Filling up the DagBag from /usr/local/python/3.12.1/lib/python3.12/site-packages/airflow/example_dags/tutorial_taskflow_api_virtualenv.py
[2025-03-28T19:34:37.720+0000] {processor.py:925} INFO - DAG(s) 'tutorial_taskflow_api_virtualenv' retrieved from /usr/local/python/3.12.1/lib/python3.12/site-packages/airflow/example_dags/tutorial_taskflow_api_virtualenv.py
[2025-03-28T19:34:37.732+0000] {logging_mixin.py:190} INFO - [2025-03-28T19:34:37.731+0000] {dag.py:3239} INFO - Sync 1 DAGs
[2025-03-28T19:34:37.744+0000] {logging_mixin.py:190} INFO - [2025-03-28T19:34:37.744+0000] {dag.py:4180} INFO - Setting next_dagrun for tutorial_taskflow_api_virtualenv to None, run_after=None
[2025-03-28T19:34:37.763+0000] {processor.py:208} INFO - Processing /usr/local/python/3.12.1/lib/python3.12/site-packages/airflow/example_dags/tutorial_taskflow_api_virtualenv.py took 0.062 seconds
[2025-03-28T19:35:29.603+0000] {processor.py:186} INFO - Started process (PID=51529) to work on /usr/local/python/3.12.1/lib/python3.12/site-packages/airflow/example_dags/tutorial_taskflow_api_virtualenv.py
[2025-03-28T19:35:29.603+0000] {processor.py:914} INFO - Processing file /usr/local/python/3.12.1/lib/python3.12/site-packages/airflow/example_dags/tutorial_taskflow_api_virtualenv.py for tasks to queue
[2025-03-28T19:35:29.605+0000] {logging_mixin.py:190} INFO - [2025-03-28T19:35:29.604+0000] {dagbag.py:588} INFO - Filling up the DagBag from /usr/local/python/3.12.1/lib/python3.12/site-packages/airflow/example_dags/tutorial_taskflow_api_virtualenv.py
[2025-03-28T19:35:29.614+0000] {processor.py:925} INFO - DAG(s) 'tutorial_taskflow_api_virtualenv' retrieved from /usr/local/python/3.12.1/lib/python3.12/site-packages/airflow/example_dags/tutorial_taskflow_api_virtualenv.py
[2025-03-28T19:35:29.625+0000] {logging_mixin.py:190} INFO - [2025-03-28T19:35:29.625+0000] {dag.py:3239} INFO - Sync 1 DAGs
[2025-03-28T19:35:29.635+0000] {logging_mixin.py:190} INFO - [2025-03-28T19:35:29.635+0000] {dag.py:4180} INFO - Setting next_dagrun for tutorial_taskflow_api_virtualenv to None, run_after=None
[2025-03-28T19:35:29.652+0000] {processor.py:208} INFO - Processing /usr/local/python/3.12.1/lib/python3.12/site-packages/airflow/example_dags/tutorial_taskflow_api_virtualenv.py took 0.054 seconds
[2025-03-28T19:36:26.014+0000] {processor.py:186} INFO - Started process (PID=51961) to work on /usr/local/python/3.12.1/lib/python3.12/site-packages/airflow/example_dags/tutorial_taskflow_api_virtualenv.py
[2025-03-28T19:36:26.015+0000] {processor.py:914} INFO - Processing file /usr/local/python/3.12.1/lib/python3.12/site-packages/airflow/example_dags/tutorial_taskflow_api_virtualenv.py for tasks to queue
[2025-03-28T19:36:26.016+0000] {logging_mixin.py:190} INFO - [2025-03-28T19:36:26.016+0000] {dagbag.py:588} INFO - Filling up the DagBag from /usr/local/python/3.12.1/lib/python3.12/site-packages/airflow/example_dags/tutorial_taskflow_api_virtualenv.py
[2025-03-28T19:36:26.026+0000] {processor.py:925} INFO - DAG(s) 'tutorial_taskflow_api_virtualenv' retrieved from /usr/local/python/3.12.1/lib/python3.12/site-packages/airflow/example_dags/tutorial_taskflow_api_virtualenv.py
[2025-03-28T19:36:26.036+0000] {logging_mixin.py:190} INFO - [2025-03-28T19:36:26.036+0000] {dag.py:3239} INFO - Sync 1 DAGs
[2025-03-28T19:36:26.046+0000] {logging_mixin.py:190} INFO - [2025-03-28T19:36:26.046+0000] {dag.py:4180} INFO - Setting next_dagrun for tutorial_taskflow_api_virtualenv to None, run_after=None
[2025-03-28T19:36:26.060+0000] {processor.py:208} INFO - Processing /usr/local/python/3.12.1/lib/python3.12/site-packages/airflow/example_dags/tutorial_taskflow_api_virtualenv.py took 0.050 seconds
[2025-03-28T19:37:21.613+0000] {processor.py:186} INFO - Started process (PID=52409) to work on /usr/local/python/3.12.1/lib/python3.12/site-packages/airflow/example_dags/tutorial_taskflow_api_virtualenv.py
[2025-03-28T19:37:21.613+0000] {processor.py:914} INFO - Processing file /usr/local/python/3.12.1/lib/python3.12/site-packages/airflow/example_dags/tutorial_taskflow_api_virtualenv.py for tasks to queue
[2025-03-28T19:37:21.615+0000] {logging_mixin.py:190} INFO - [2025-03-28T19:37:21.615+0000] {dagbag.py:588} INFO - Filling up the DagBag from /usr/local/python/3.12.1/lib/python3.12/site-packages/airflow/example_dags/tutorial_taskflow_api_virtualenv.py
[2025-03-28T19:37:21.624+0000] {processor.py:925} INFO - DAG(s) 'tutorial_taskflow_api_virtualenv' retrieved from /usr/local/python/3.12.1/lib/python3.12/site-packages/airflow/example_dags/tutorial_taskflow_api_virtualenv.py
[2025-03-28T19:37:21.635+0000] {logging_mixin.py:190} INFO - [2025-03-28T19:37:21.635+0000] {dag.py:3239} INFO - Sync 1 DAGs
[2025-03-28T19:37:21.644+0000] {logging_mixin.py:190} INFO - [2025-03-28T19:37:21.644+0000] {dag.py:4180} INFO - Setting next_dagrun for tutorial_taskflow_api_virtualenv to None, run_after=None
[2025-03-28T19:37:21.659+0000] {processor.py:208} INFO - Processing /usr/local/python/3.12.1/lib/python3.12/site-packages/airflow/example_dags/tutorial_taskflow_api_virtualenv.py took 0.050 seconds
[2025-03-28T19:38:13.963+0000] {processor.py:186} INFO - Started process (PID=52816) to work on /usr/local/python/3.12.1/lib/python3.12/site-packages/airflow/example_dags/tutorial_taskflow_api_virtualenv.py
[2025-03-28T19:38:13.964+0000] {processor.py:914} INFO - Processing file /usr/local/python/3.12.1/lib/python3.12/site-packages/airflow/example_dags/tutorial_taskflow_api_virtualenv.py for tasks to queue
[2025-03-28T19:38:13.965+0000] {logging_mixin.py:190} INFO - [2025-03-28T19:38:13.965+0000] {dagbag.py:588} INFO - Filling up the DagBag from /usr/local/python/3.12.1/lib/python3.12/site-packages/airflow/example_dags/tutorial_taskflow_api_virtualenv.py
[2025-03-28T19:38:13.974+0000] {processor.py:925} INFO - DAG(s) 'tutorial_taskflow_api_virtualenv' retrieved from /usr/local/python/3.12.1/lib/python3.12/site-packages/airflow/example_dags/tutorial_taskflow_api_virtualenv.py
[2025-03-28T19:38:13.985+0000] {logging_mixin.py:190} INFO - [2025-03-28T19:38:13.985+0000] {dag.py:3239} INFO - Sync 1 DAGs
[2025-03-28T19:38:13.994+0000] {logging_mixin.py:190} INFO - [2025-03-28T19:38:13.994+0000] {dag.py:4180} INFO - Setting next_dagrun for tutorial_taskflow_api_virtualenv to None, run_after=None
[2025-03-28T19:38:14.009+0000] {processor.py:208} INFO - Processing /usr/local/python/3.12.1/lib/python3.12/site-packages/airflow/example_dags/tutorial_taskflow_api_virtualenv.py took 0.050 seconds
[2025-03-28T19:39:11.554+0000] {processor.py:186} INFO - Started process (PID=53256) to work on /usr/local/python/3.12.1/lib/python3.12/site-packages/airflow/example_dags/tutorial_taskflow_api_virtualenv.py
[2025-03-28T19:39:11.555+0000] {processor.py:914} INFO - Processing file /usr/local/python/3.12.1/lib/python3.12/site-packages/airflow/example_dags/tutorial_taskflow_api_virtualenv.py for tasks to queue
[2025-03-28T19:39:11.557+0000] {logging_mixin.py:190} INFO - [2025-03-28T19:39:11.556+0000] {dagbag.py:588} INFO - Filling up the DagBag from /usr/local/python/3.12.1/lib/python3.12/site-packages/airflow/example_dags/tutorial_taskflow_api_virtualenv.py
[2025-03-28T19:39:11.566+0000] {processor.py:925} INFO - DAG(s) 'tutorial_taskflow_api_virtualenv' retrieved from /usr/local/python/3.12.1/lib/python3.12/site-packages/airflow/example_dags/tutorial_taskflow_api_virtualenv.py
[2025-03-28T19:39:11.577+0000] {logging_mixin.py:190} INFO - [2025-03-28T19:39:11.577+0000] {dag.py:3239} INFO - Sync 1 DAGs
[2025-03-28T19:39:11.587+0000] {logging_mixin.py:190} INFO - [2025-03-28T19:39:11.587+0000] {dag.py:4180} INFO - Setting next_dagrun for tutorial_taskflow_api_virtualenv to None, run_after=None
[2025-03-28T19:39:11.602+0000] {processor.py:208} INFO - Processing /usr/local/python/3.12.1/lib/python3.12/site-packages/airflow/example_dags/tutorial_taskflow_api_virtualenv.py took 0.051 seconds
[2025-03-28T19:40:06.777+0000] {processor.py:186} INFO - Started process (PID=53704) to work on /usr/local/python/3.12.1/lib/python3.12/site-packages/airflow/example_dags/tutorial_taskflow_api_virtualenv.py
[2025-03-28T19:40:06.778+0000] {processor.py:914} INFO - Processing file /usr/local/python/3.12.1/lib/python3.12/site-packages/airflow/example_dags/tutorial_taskflow_api_virtualenv.py for tasks to queue
[2025-03-28T19:40:06.779+0000] {logging_mixin.py:190} INFO - [2025-03-28T19:40:06.779+0000] {dagbag.py:588} INFO - Filling up the DagBag from /usr/local/python/3.12.1/lib/python3.12/site-packages/airflow/example_dags/tutorial_taskflow_api_virtualenv.py
[2025-03-28T19:40:06.788+0000] {processor.py:925} INFO - DAG(s) 'tutorial_taskflow_api_virtualenv' retrieved from /usr/local/python/3.12.1/lib/python3.12/site-packages/airflow/example_dags/tutorial_taskflow_api_virtualenv.py
[2025-03-28T19:40:06.799+0000] {logging_mixin.py:190} INFO - [2025-03-28T19:40:06.799+0000] {dag.py:3239} INFO - Sync 1 DAGs
[2025-03-28T19:40:06.809+0000] {logging_mixin.py:190} INFO - [2025-03-28T19:40:06.809+0000] {dag.py:4180} INFO - Setting next_dagrun for tutorial_taskflow_api_virtualenv to None, run_after=None
[2025-03-28T19:40:06.824+0000] {processor.py:208} INFO - Processing /usr/local/python/3.12.1/lib/python3.12/site-packages/airflow/example_dags/tutorial_taskflow_api_virtualenv.py took 0.050 seconds
[2025-03-28T19:40:56.779+0000] {processor.py:186} INFO - Started process (PID=54096) to work on /usr/local/python/3.12.1/lib/python3.12/site-packages/airflow/example_dags/tutorial_taskflow_api_virtualenv.py
[2025-03-28T19:40:56.779+0000] {processor.py:914} INFO - Processing file /usr/local/python/3.12.1/lib/python3.12/site-packages/airflow/example_dags/tutorial_taskflow_api_virtualenv.py for tasks to queue
[2025-03-28T19:40:56.781+0000] {logging_mixin.py:190} INFO - [2025-03-28T19:40:56.781+0000] {dagbag.py:588} INFO - Filling up the DagBag from /usr/local/python/3.12.1/lib/python3.12/site-packages/airflow/example_dags/tutorial_taskflow_api_virtualenv.py
[2025-03-28T19:40:56.790+0000] {processor.py:925} INFO - DAG(s) 'tutorial_taskflow_api_virtualenv' retrieved from /usr/local/python/3.12.1/lib/python3.12/site-packages/airflow/example_dags/tutorial_taskflow_api_virtualenv.py
[2025-03-28T19:40:56.801+0000] {logging_mixin.py:190} INFO - [2025-03-28T19:40:56.800+0000] {dag.py:3239} INFO - Sync 1 DAGs
[2025-03-28T19:40:56.810+0000] {logging_mixin.py:190} INFO - [2025-03-28T19:40:56.810+0000] {dag.py:4180} INFO - Setting next_dagrun for tutorial_taskflow_api_virtualenv to None, run_after=None
[2025-03-28T19:40:56.824+0000] {processor.py:208} INFO - Processing /usr/local/python/3.12.1/lib/python3.12/site-packages/airflow/example_dags/tutorial_taskflow_api_virtualenv.py took 0.050 seconds
[2025-03-28T19:41:50.932+0000] {processor.py:186} INFO - Started process (PID=54517) to work on /usr/local/python/3.12.1/lib/python3.12/site-packages/airflow/example_dags/tutorial_taskflow_api_virtualenv.py
[2025-03-28T19:41:50.933+0000] {processor.py:914} INFO - Processing file /usr/local/python/3.12.1/lib/python3.12/site-packages/airflow/example_dags/tutorial_taskflow_api_virtualenv.py for tasks to queue
[2025-03-28T19:41:50.934+0000] {logging_mixin.py:190} INFO - [2025-03-28T19:41:50.934+0000] {dagbag.py:588} INFO - Filling up the DagBag from /usr/local/python/3.12.1/lib/python3.12/site-packages/airflow/example_dags/tutorial_taskflow_api_virtualenv.py
[2025-03-28T19:41:50.944+0000] {processor.py:925} INFO - DAG(s) 'tutorial_taskflow_api_virtualenv' retrieved from /usr/local/python/3.12.1/lib/python3.12/site-packages/airflow/example_dags/tutorial_taskflow_api_virtualenv.py
[2025-03-28T19:41:50.955+0000] {logging_mixin.py:190} INFO - [2025-03-28T19:41:50.955+0000] {dag.py:3239} INFO - Sync 1 DAGs
[2025-03-28T19:41:50.964+0000] {logging_mixin.py:190} INFO - [2025-03-28T19:41:50.964+0000] {dag.py:4180} INFO - Setting next_dagrun for tutorial_taskflow_api_virtualenv to None, run_after=None
[2025-03-28T19:41:50.980+0000] {processor.py:208} INFO - Processing /usr/local/python/3.12.1/lib/python3.12/site-packages/airflow/example_dags/tutorial_taskflow_api_virtualenv.py took 0.053 seconds
[2025-03-28T19:42:43.478+0000] {processor.py:186} INFO - Started process (PID=54925) to work on /usr/local/python/3.12.1/lib/python3.12/site-packages/airflow/example_dags/tutorial_taskflow_api_virtualenv.py
[2025-03-28T19:42:43.478+0000] {processor.py:914} INFO - Processing file /usr/local/python/3.12.1/lib/python3.12/site-packages/airflow/example_dags/tutorial_taskflow_api_virtualenv.py for tasks to queue
[2025-03-28T19:42:43.480+0000] {logging_mixin.py:190} INFO - [2025-03-28T19:42:43.480+0000] {dagbag.py:588} INFO - Filling up the DagBag from /usr/local/python/3.12.1/lib/python3.12/site-packages/airflow/example_dags/tutorial_taskflow_api_virtualenv.py
[2025-03-28T19:42:43.492+0000] {processor.py:925} INFO - DAG(s) 'tutorial_taskflow_api_virtualenv' retrieved from /usr/local/python/3.12.1/lib/python3.12/site-packages/airflow/example_dags/tutorial_taskflow_api_virtualenv.py
[2025-03-28T19:42:43.503+0000] {logging_mixin.py:190} INFO - [2025-03-28T19:42:43.503+0000] {dag.py:3239} INFO - Sync 1 DAGs
[2025-03-28T19:42:43.513+0000] {logging_mixin.py:190} INFO - [2025-03-28T19:42:43.513+0000] {dag.py:4180} INFO - Setting next_dagrun for tutorial_taskflow_api_virtualenv to None, run_after=None
[2025-03-28T19:42:43.528+0000] {processor.py:208} INFO - Processing /usr/local/python/3.12.1/lib/python3.12/site-packages/airflow/example_dags/tutorial_taskflow_api_virtualenv.py took 0.054 seconds
