[2025-03-28T19:07:16.532+0000] {local_task_job_runner.py:123} INFO - ::group::Pre task execution logs
[2025-03-28T19:07:16.538+0000] {taskinstance.py:2614} INFO - Dependencies all met for dep_context=non-requeueable deps ti=<TaskInstance: my_third_dag.print_hello_task scheduled__2024-09-05T00:00:00+00:00 [queued]>
[2025-03-28T19:07:16.541+0000] {taskinstance.py:2614} INFO - Dependencies all met for dep_context=requeueable deps ti=<TaskInstance: my_third_dag.print_hello_task scheduled__2024-09-05T00:00:00+00:00 [queued]>
[2025-03-28T19:07:16.542+0000] {taskinstance.py:2867} INFO - Starting attempt 1 of 2
[2025-03-28T19:07:16.552+0000] {taskinstance.py:2890} INFO - Executing <Task(PythonOperator): print_hello_task> on 2024-09-05 00:00:00+00:00
[2025-03-28T19:07:16.556+0000] {standard_task_runner.py:72} INFO - Started process 34223 to run task
[2025-03-28T19:07:16.558+0000] {standard_task_runner.py:104} INFO - Running: ['airflow', 'tasks', 'run', 'my_third_dag', 'print_hello_task', 'scheduled__2024-09-05T00:00:00+00:00', '--job-id', '383', '--raw', '--subdir', 'DAGS_FOLDER/my_second_dag copy.py', '--cfg-path', '/tmp/tmp2fh2697t']
[2025-03-28T19:07:16.559+0000] {standard_task_runner.py:105} INFO - Job 383: Subtask print_hello_task
[2025-03-28T19:07:16.592+0000] {task_command.py:467} INFO - Running <TaskInstance: my_third_dag.print_hello_task scheduled__2024-09-05T00:00:00+00:00 [running]> on host codespaces-6cda86
[2025-03-28T19:07:16.640+0000] {taskinstance.py:3134} INFO - Exporting env vars: AIRFLOW_CTX_DAG_OWNER='airflow' AIRFLOW_CTX_DAG_ID='my_third_dag' AIRFLOW_CTX_TASK_ID='print_hello_task' AIRFLOW_CTX_EXECUTION_DATE='2024-09-05T00:00:00+00:00' AIRFLOW_CTX_TRY_NUMBER='1' AIRFLOW_CTX_DAG_RUN_ID='scheduled__2024-09-05T00:00:00+00:00'
[2025-03-28T19:07:16.641+0000] {logging_mixin.py:190} INFO - Task instance is in running state
[2025-03-28T19:07:16.641+0000] {logging_mixin.py:190} INFO -  Previous state of the Task instance: queued
[2025-03-28T19:07:16.641+0000] {logging_mixin.py:190} INFO - Current task name:print_hello_task state:running start_date:2025-03-28 19:07:16.538250+00:00
[2025-03-28T19:07:16.641+0000] {logging_mixin.py:190} INFO - Dag name:my_third_dag and current dag run status:running
[2025-03-28T19:07:16.641+0000] {taskinstance.py:732} INFO - ::endgroup::
[2025-03-28T19:07:16.642+0000] {logging_mixin.py:190} INFO - Hello, Airflow from the workspace! 🚀
[2025-03-28T19:07:16.642+0000] {python.py:240} INFO - Done. Returned value was: None
[2025-03-28T19:07:16.644+0000] {taskinstance.py:341} INFO - ::group::Post task execution logs
[2025-03-28T19:07:16.645+0000] {taskinstance.py:353} INFO - Marking task as SUCCESS. dag_id=my_third_dag, task_id=print_hello_task, run_id=scheduled__2024-09-05T00:00:00+00:00, execution_date=20240905T000000, start_date=20250328T190716, end_date=20250328T190716
[2025-03-28T19:07:16.656+0000] {logging_mixin.py:190} INFO - Task instance in success state
[2025-03-28T19:07:16.656+0000] {logging_mixin.py:190} INFO -  Previous state of the Task instance: running
[2025-03-28T19:07:16.656+0000] {logging_mixin.py:190} INFO - Dag name:my_third_dag queued_at:2025-03-28 19:07:14.682884+00:00
[2025-03-28T19:07:16.657+0000] {logging_mixin.py:190} INFO - Task hostname:codespaces-6cda86 operator:PythonOperator
[2025-03-28T19:07:16.691+0000] {local_task_job_runner.py:266} INFO - Task exited with return code 0
[2025-03-28T19:07:16.705+0000] {taskinstance.py:3901} INFO - 1 downstream tasks scheduled from follow-on schedule check
[2025-03-28T19:07:16.708+0000] {local_task_job_runner.py:245} INFO - ::endgroup::
