[2025-03-28T18:58:17.322+0000] {local_task_job_runner.py:123} INFO - ::group::Pre task execution logs
[2025-03-28T18:58:17.330+0000] {taskinstance.py:2614} INFO - Dependencies all met for dep_context=non-requeueable deps ti=<TaskInstance: my_third_dag.print_hi_task scheduled__2024-05-23T00:00:00+00:00 [queued]>
[2025-03-28T18:58:17.335+0000] {taskinstance.py:2614} INFO - Dependencies all met for dep_context=requeueable deps ti=<TaskInstance: my_third_dag.print_hi_task scheduled__2024-05-23T00:00:00+00:00 [queued]>
[2025-03-28T18:58:17.335+0000] {taskinstance.py:2867} INFO - Starting attempt 1 of 2
[2025-03-28T18:58:17.344+0000] {taskinstance.py:2890} INFO - Executing <Task(PythonOperator): print_hi_task> on 2024-05-23 00:00:00+00:00
[2025-03-28T18:58:17.349+0000] {standard_task_runner.py:72} INFO - Started process 28295 to run task
[2025-03-28T18:58:17.350+0000] {standard_task_runner.py:104} INFO - Running: ['airflow', 'tasks', 'run', 'my_third_dag', 'print_hi_task', 'scheduled__2024-05-23T00:00:00+00:00', '--job-id', '175', '--raw', '--subdir', 'DAGS_FOLDER/my_second_dag copy.py', '--cfg-path', '/tmp/tmpxs2evw5w']
[2025-03-28T18:58:17.351+0000] {standard_task_runner.py:105} INFO - Job 175: Subtask print_hi_task
[2025-03-28T18:58:17.379+0000] {task_command.py:467} INFO - Running <TaskInstance: my_third_dag.print_hi_task scheduled__2024-05-23T00:00:00+00:00 [running]> on host codespaces-6cda86
[2025-03-28T18:58:17.420+0000] {taskinstance.py:3134} INFO - Exporting env vars: AIRFLOW_CTX_DAG_OWNER='airflow' AIRFLOW_CTX_DAG_ID='my_third_dag' AIRFLOW_CTX_TASK_ID='print_hi_task' AIRFLOW_CTX_EXECUTION_DATE='2024-05-23T00:00:00+00:00' AIRFLOW_CTX_TRY_NUMBER='1' AIRFLOW_CTX_DAG_RUN_ID='scheduled__2024-05-23T00:00:00+00:00'
[2025-03-28T18:58:17.420+0000] {logging_mixin.py:190} INFO - Task instance is in running state
[2025-03-28T18:58:17.421+0000] {logging_mixin.py:190} INFO -  Previous state of the Task instance: queued
[2025-03-28T18:58:17.421+0000] {logging_mixin.py:190} INFO - Current task name:print_hi_task state:running start_date:2025-03-28 18:58:17.330437+00:00
[2025-03-28T18:58:17.421+0000] {logging_mixin.py:190} INFO - Dag name:my_third_dag and current dag run status:running
[2025-03-28T18:58:17.421+0000] {taskinstance.py:732} INFO - ::endgroup::
[2025-03-28T18:58:17.422+0000] {logging_mixin.py:190} INFO - Hi, Airflow from the workspace! 🚀
[2025-03-28T18:58:17.422+0000] {python.py:240} INFO - Done. Returned value was: None
[2025-03-28T18:58:17.425+0000] {taskinstance.py:341} INFO - ::group::Post task execution logs
[2025-03-28T18:58:17.425+0000] {taskinstance.py:353} INFO - Marking task as SUCCESS. dag_id=my_third_dag, task_id=print_hi_task, run_id=scheduled__2024-05-23T00:00:00+00:00, execution_date=20240523T000000, start_date=20250328T185817, end_date=20250328T185817
[2025-03-28T18:58:17.437+0000] {logging_mixin.py:190} INFO - Task instance in success state
[2025-03-28T18:58:17.437+0000] {logging_mixin.py:190} INFO -  Previous state of the Task instance: running
[2025-03-28T18:58:17.437+0000] {logging_mixin.py:190} INFO - Dag name:my_third_dag queued_at:2025-03-28 18:58:10.771741+00:00
[2025-03-28T18:58:17.438+0000] {logging_mixin.py:190} INFO - Task hostname:codespaces-6cda86 operator:PythonOperator
[2025-03-28T18:58:17.483+0000] {local_task_job_runner.py:266} INFO - Task exited with return code 0
[2025-03-28T18:58:17.491+0000] {taskinstance.py:3901} INFO - 0 downstream tasks scheduled from follow-on schedule check
[2025-03-28T18:58:17.492+0000] {local_task_job_runner.py:245} INFO - ::endgroup::
