[2025-03-31T19:06:57.722+0000] {processor.py:186} INFO - Started process (PID=5466) to work on /usr/local/python/3.12.1/lib/python3.12/site-packages/airflow/example_dags/example_branch_operator_decorator.py
[2025-03-31T19:06:57.723+0000] {processor.py:914} INFO - Processing file /usr/local/python/3.12.1/lib/python3.12/site-packages/airflow/example_dags/example_branch_operator_decorator.py for tasks to queue
[2025-03-31T19:06:57.724+0000] {logging_mixin.py:190} INFO - [2025-03-31T19:06:57.724+0000] {dagbag.py:588} INFO - Filling up the DagBag from /usr/local/python/3.12.1/lib/python3.12/site-packages/airflow/example_dags/example_branch_operator_decorator.py
[2025-03-31T19:06:57.742+0000] {processor.py:925} INFO - DAG(s) 'example_branch_python_operator_decorator' retrieved from /usr/local/python/3.12.1/lib/python3.12/site-packages/airflow/example_dags/example_branch_operator_decorator.py
[2025-03-31T19:06:57.832+0000] {logging_mixin.py:190} INFO - [2025-03-31T19:06:57.832+0000] {dag.py:3239} INFO - Sync 1 DAGs
[2025-03-31T19:06:57.847+0000] {logging_mixin.py:190} INFO - [2025-03-31T19:06:57.846+0000] {dag.py:4180} INFO - Setting next_dagrun for example_branch_python_operator_decorator to 2025-03-30 00:00:00+00:00, run_after=2025-03-31 00:00:00+00:00
[2025-03-31T19:06:57.862+0000] {processor.py:208} INFO - Processing /usr/local/python/3.12.1/lib/python3.12/site-packages/airflow/example_dags/example_branch_operator_decorator.py took 0.143 seconds
[2025-03-31T19:07:55.206+0000] {processor.py:186} INFO - Started process (PID=5967) to work on /usr/local/python/3.12.1/lib/python3.12/site-packages/airflow/example_dags/example_branch_operator_decorator.py
[2025-03-31T19:07:55.206+0000] {processor.py:914} INFO - Processing file /usr/local/python/3.12.1/lib/python3.12/site-packages/airflow/example_dags/example_branch_operator_decorator.py for tasks to queue
[2025-03-31T19:07:55.208+0000] {logging_mixin.py:190} INFO - [2025-03-31T19:07:55.207+0000] {dagbag.py:588} INFO - Filling up the DagBag from /usr/local/python/3.12.1/lib/python3.12/site-packages/airflow/example_dags/example_branch_operator_decorator.py
[2025-03-31T19:07:55.224+0000] {processor.py:925} INFO - DAG(s) 'example_branch_python_operator_decorator' retrieved from /usr/local/python/3.12.1/lib/python3.12/site-packages/airflow/example_dags/example_branch_operator_decorator.py
[2025-03-31T19:07:55.242+0000] {logging_mixin.py:190} INFO - [2025-03-31T19:07:55.242+0000] {dag.py:3239} INFO - Sync 1 DAGs
[2025-03-31T19:07:55.258+0000] {logging_mixin.py:190} INFO - [2025-03-31T19:07:55.258+0000] {dag.py:4180} INFO - Setting next_dagrun for example_branch_python_operator_decorator to 2025-03-30 00:00:00+00:00, run_after=2025-03-31 00:00:00+00:00
[2025-03-31T19:07:55.272+0000] {processor.py:208} INFO - Processing /usr/local/python/3.12.1/lib/python3.12/site-packages/airflow/example_dags/example_branch_operator_decorator.py took 0.071 seconds
[2025-03-31T19:08:51.208+0000] {processor.py:186} INFO - Started process (PID=6433) to work on /usr/local/python/3.12.1/lib/python3.12/site-packages/airflow/example_dags/example_branch_operator_decorator.py
[2025-03-31T19:08:51.209+0000] {processor.py:914} INFO - Processing file /usr/local/python/3.12.1/lib/python3.12/site-packages/airflow/example_dags/example_branch_operator_decorator.py for tasks to queue
[2025-03-31T19:08:51.210+0000] {logging_mixin.py:190} INFO - [2025-03-31T19:08:51.210+0000] {dagbag.py:588} INFO - Filling up the DagBag from /usr/local/python/3.12.1/lib/python3.12/site-packages/airflow/example_dags/example_branch_operator_decorator.py
[2025-03-31T19:08:51.227+0000] {processor.py:925} INFO - DAG(s) 'example_branch_python_operator_decorator' retrieved from /usr/local/python/3.12.1/lib/python3.12/site-packages/airflow/example_dags/example_branch_operator_decorator.py
[2025-03-31T19:08:51.248+0000] {logging_mixin.py:190} INFO - [2025-03-31T19:08:51.248+0000] {dag.py:3239} INFO - Sync 1 DAGs
[2025-03-31T19:08:51.267+0000] {logging_mixin.py:190} INFO - [2025-03-31T19:08:51.267+0000] {dag.py:4180} INFO - Setting next_dagrun for example_branch_python_operator_decorator to 2025-03-30 00:00:00+00:00, run_after=2025-03-31 00:00:00+00:00
[2025-03-31T19:08:51.282+0000] {processor.py:208} INFO - Processing /usr/local/python/3.12.1/lib/python3.12/site-packages/airflow/example_dags/example_branch_operator_decorator.py took 0.078 seconds
[2025-03-31T19:10:07.560+0000] {processor.py:186} INFO - Started process (PID=7048) to work on /usr/local/python/3.12.1/lib/python3.12/site-packages/airflow/example_dags/example_branch_operator_decorator.py
[2025-03-31T19:10:07.560+0000] {processor.py:914} INFO - Processing file /usr/local/python/3.12.1/lib/python3.12/site-packages/airflow/example_dags/example_branch_operator_decorator.py for tasks to queue
[2025-03-31T19:10:07.562+0000] {logging_mixin.py:190} INFO - [2025-03-31T19:10:07.562+0000] {dagbag.py:588} INFO - Filling up the DagBag from /usr/local/python/3.12.1/lib/python3.12/site-packages/airflow/example_dags/example_branch_operator_decorator.py
[2025-03-31T19:10:07.579+0000] {processor.py:925} INFO - DAG(s) 'example_branch_python_operator_decorator' retrieved from /usr/local/python/3.12.1/lib/python3.12/site-packages/airflow/example_dags/example_branch_operator_decorator.py
[2025-03-31T19:10:07.596+0000] {logging_mixin.py:190} INFO - [2025-03-31T19:10:07.596+0000] {dag.py:3239} INFO - Sync 1 DAGs
[2025-03-31T19:10:07.612+0000] {logging_mixin.py:190} INFO - [2025-03-31T19:10:07.612+0000] {dag.py:4180} INFO - Setting next_dagrun for example_branch_python_operator_decorator to 2025-03-30 00:00:00+00:00, run_after=2025-03-31 00:00:00+00:00
[2025-03-31T19:10:07.627+0000] {processor.py:208} INFO - Processing /usr/local/python/3.12.1/lib/python3.12/site-packages/airflow/example_dags/example_branch_operator_decorator.py took 0.071 seconds
[2025-03-31T19:11:25.734+0000] {processor.py:186} INFO - Started process (PID=7647) to work on /usr/local/python/3.12.1/lib/python3.12/site-packages/airflow/example_dags/example_branch_operator_decorator.py
[2025-03-31T19:11:25.734+0000] {processor.py:914} INFO - Processing file /usr/local/python/3.12.1/lib/python3.12/site-packages/airflow/example_dags/example_branch_operator_decorator.py for tasks to queue
[2025-03-31T19:11:25.736+0000] {logging_mixin.py:190} INFO - [2025-03-31T19:11:25.735+0000] {dagbag.py:588} INFO - Filling up the DagBag from /usr/local/python/3.12.1/lib/python3.12/site-packages/airflow/example_dags/example_branch_operator_decorator.py
[2025-03-31T19:11:25.753+0000] {processor.py:925} INFO - DAG(s) 'example_branch_python_operator_decorator' retrieved from /usr/local/python/3.12.1/lib/python3.12/site-packages/airflow/example_dags/example_branch_operator_decorator.py
[2025-03-31T19:11:25.770+0000] {logging_mixin.py:190} INFO - [2025-03-31T19:11:25.770+0000] {dag.py:3239} INFO - Sync 1 DAGs
[2025-03-31T19:11:25.785+0000] {logging_mixin.py:190} INFO - [2025-03-31T19:11:25.785+0000] {dag.py:4180} INFO - Setting next_dagrun for example_branch_python_operator_decorator to 2025-03-30 00:00:00+00:00, run_after=2025-03-31 00:00:00+00:00
[2025-03-31T19:11:25.800+0000] {processor.py:208} INFO - Processing /usr/local/python/3.12.1/lib/python3.12/site-packages/airflow/example_dags/example_branch_operator_decorator.py took 0.070 seconds
[2025-03-31T19:12:44.768+0000] {processor.py:186} INFO - Started process (PID=8276) to work on /usr/local/python/3.12.1/lib/python3.12/site-packages/airflow/example_dags/example_branch_operator_decorator.py
[2025-03-31T19:12:44.769+0000] {processor.py:914} INFO - Processing file /usr/local/python/3.12.1/lib/python3.12/site-packages/airflow/example_dags/example_branch_operator_decorator.py for tasks to queue
[2025-03-31T19:12:44.770+0000] {logging_mixin.py:190} INFO - [2025-03-31T19:12:44.770+0000] {dagbag.py:588} INFO - Filling up the DagBag from /usr/local/python/3.12.1/lib/python3.12/site-packages/airflow/example_dags/example_branch_operator_decorator.py
[2025-03-31T19:12:44.787+0000] {processor.py:925} INFO - DAG(s) 'example_branch_python_operator_decorator' retrieved from /usr/local/python/3.12.1/lib/python3.12/site-packages/airflow/example_dags/example_branch_operator_decorator.py
[2025-03-31T19:12:44.804+0000] {logging_mixin.py:190} INFO - [2025-03-31T19:12:44.804+0000] {dag.py:3239} INFO - Sync 1 DAGs
[2025-03-31T19:12:44.820+0000] {logging_mixin.py:190} INFO - [2025-03-31T19:12:44.820+0000] {dag.py:4180} INFO - Setting next_dagrun for example_branch_python_operator_decorator to 2025-03-30 00:00:00+00:00, run_after=2025-03-31 00:00:00+00:00
[2025-03-31T19:12:44.835+0000] {processor.py:208} INFO - Processing /usr/local/python/3.12.1/lib/python3.12/site-packages/airflow/example_dags/example_branch_operator_decorator.py took 0.071 seconds
[2025-03-31T19:13:42.165+0000] {processor.py:186} INFO - Started process (PID=8728) to work on /usr/local/python/3.12.1/lib/python3.12/site-packages/airflow/example_dags/example_branch_operator_decorator.py
[2025-03-31T19:13:42.166+0000] {processor.py:914} INFO - Processing file /usr/local/python/3.12.1/lib/python3.12/site-packages/airflow/example_dags/example_branch_operator_decorator.py for tasks to queue
[2025-03-31T19:13:42.167+0000] {logging_mixin.py:190} INFO - [2025-03-31T19:13:42.167+0000] {dagbag.py:588} INFO - Filling up the DagBag from /usr/local/python/3.12.1/lib/python3.12/site-packages/airflow/example_dags/example_branch_operator_decorator.py
[2025-03-31T19:13:42.184+0000] {processor.py:925} INFO - DAG(s) 'example_branch_python_operator_decorator' retrieved from /usr/local/python/3.12.1/lib/python3.12/site-packages/airflow/example_dags/example_branch_operator_decorator.py
[2025-03-31T19:13:42.202+0000] {logging_mixin.py:190} INFO - [2025-03-31T19:13:42.201+0000] {dag.py:3239} INFO - Sync 1 DAGs
[2025-03-31T19:13:42.217+0000] {logging_mixin.py:190} INFO - [2025-03-31T19:13:42.217+0000] {dag.py:4180} INFO - Setting next_dagrun for example_branch_python_operator_decorator to 2025-03-30 00:00:00+00:00, run_after=2025-03-31 00:00:00+00:00
[2025-03-31T19:13:42.235+0000] {processor.py:208} INFO - Processing /usr/local/python/3.12.1/lib/python3.12/site-packages/airflow/example_dags/example_branch_operator_decorator.py took 0.074 seconds
[2025-03-31T19:14:57.423+0000] {processor.py:186} INFO - Started process (PID=9317) to work on /usr/local/python/3.12.1/lib/python3.12/site-packages/airflow/example_dags/example_branch_operator_decorator.py
[2025-03-31T19:14:57.424+0000] {processor.py:914} INFO - Processing file /usr/local/python/3.12.1/lib/python3.12/site-packages/airflow/example_dags/example_branch_operator_decorator.py for tasks to queue
[2025-03-31T19:14:57.425+0000] {logging_mixin.py:190} INFO - [2025-03-31T19:14:57.425+0000] {dagbag.py:588} INFO - Filling up the DagBag from /usr/local/python/3.12.1/lib/python3.12/site-packages/airflow/example_dags/example_branch_operator_decorator.py
[2025-03-31T19:14:57.442+0000] {processor.py:925} INFO - DAG(s) 'example_branch_python_operator_decorator' retrieved from /usr/local/python/3.12.1/lib/python3.12/site-packages/airflow/example_dags/example_branch_operator_decorator.py
[2025-03-31T19:14:57.460+0000] {logging_mixin.py:190} INFO - [2025-03-31T19:14:57.459+0000] {dag.py:3239} INFO - Sync 1 DAGs
[2025-03-31T19:14:57.475+0000] {logging_mixin.py:190} INFO - [2025-03-31T19:14:57.475+0000] {dag.py:4180} INFO - Setting next_dagrun for example_branch_python_operator_decorator to 2025-03-30 00:00:00+00:00, run_after=2025-03-31 00:00:00+00:00
[2025-03-31T19:14:57.489+0000] {processor.py:208} INFO - Processing /usr/local/python/3.12.1/lib/python3.12/site-packages/airflow/example_dags/example_branch_operator_decorator.py took 0.070 seconds
[2025-03-31T19:16:14.559+0000] {processor.py:186} INFO - Started process (PID=9938) to work on /usr/local/python/3.12.1/lib/python3.12/site-packages/airflow/example_dags/example_branch_operator_decorator.py
[2025-03-31T19:16:14.560+0000] {processor.py:914} INFO - Processing file /usr/local/python/3.12.1/lib/python3.12/site-packages/airflow/example_dags/example_branch_operator_decorator.py for tasks to queue
[2025-03-31T19:16:14.561+0000] {logging_mixin.py:190} INFO - [2025-03-31T19:16:14.561+0000] {dagbag.py:588} INFO - Filling up the DagBag from /usr/local/python/3.12.1/lib/python3.12/site-packages/airflow/example_dags/example_branch_operator_decorator.py
[2025-03-31T19:16:14.578+0000] {processor.py:925} INFO - DAG(s) 'example_branch_python_operator_decorator' retrieved from /usr/local/python/3.12.1/lib/python3.12/site-packages/airflow/example_dags/example_branch_operator_decorator.py
[2025-03-31T19:16:14.596+0000] {logging_mixin.py:190} INFO - [2025-03-31T19:16:14.596+0000] {dag.py:3239} INFO - Sync 1 DAGs
[2025-03-31T19:16:14.612+0000] {logging_mixin.py:190} INFO - [2025-03-31T19:16:14.612+0000] {dag.py:4180} INFO - Setting next_dagrun for example_branch_python_operator_decorator to 2025-03-30 00:00:00+00:00, run_after=2025-03-31 00:00:00+00:00
[2025-03-31T19:16:14.627+0000] {processor.py:208} INFO - Processing /usr/local/python/3.12.1/lib/python3.12/site-packages/airflow/example_dags/example_branch_operator_decorator.py took 0.072 seconds
[2025-03-31T19:17:36.231+0000] {processor.py:186} INFO - Started process (PID=10591) to work on /usr/local/python/3.12.1/lib/python3.12/site-packages/airflow/example_dags/example_branch_operator_decorator.py
[2025-03-31T19:17:36.232+0000] {processor.py:914} INFO - Processing file /usr/local/python/3.12.1/lib/python3.12/site-packages/airflow/example_dags/example_branch_operator_decorator.py for tasks to queue
[2025-03-31T19:17:36.233+0000] {logging_mixin.py:190} INFO - [2025-03-31T19:17:36.233+0000] {dagbag.py:588} INFO - Filling up the DagBag from /usr/local/python/3.12.1/lib/python3.12/site-packages/airflow/example_dags/example_branch_operator_decorator.py
[2025-03-31T19:17:36.250+0000] {processor.py:925} INFO - DAG(s) 'example_branch_python_operator_decorator' retrieved from /usr/local/python/3.12.1/lib/python3.12/site-packages/airflow/example_dags/example_branch_operator_decorator.py
[2025-03-31T19:17:36.267+0000] {logging_mixin.py:190} INFO - [2025-03-31T19:17:36.267+0000] {dag.py:3239} INFO - Sync 1 DAGs
[2025-03-31T19:17:36.283+0000] {logging_mixin.py:190} INFO - [2025-03-31T19:17:36.283+0000] {dag.py:4180} INFO - Setting next_dagrun for example_branch_python_operator_decorator to 2025-03-30 00:00:00+00:00, run_after=2025-03-31 00:00:00+00:00
[2025-03-31T19:17:36.297+0000] {processor.py:208} INFO - Processing /usr/local/python/3.12.1/lib/python3.12/site-packages/airflow/example_dags/example_branch_operator_decorator.py took 0.071 seconds
[2025-03-31T19:18:30.933+0000] {processor.py:186} INFO - Started process (PID=11060) to work on /usr/local/python/3.12.1/lib/python3.12/site-packages/airflow/example_dags/example_branch_operator_decorator.py
[2025-03-31T19:18:30.934+0000] {processor.py:914} INFO - Processing file /usr/local/python/3.12.1/lib/python3.12/site-packages/airflow/example_dags/example_branch_operator_decorator.py for tasks to queue
[2025-03-31T19:18:30.935+0000] {logging_mixin.py:190} INFO - [2025-03-31T19:18:30.935+0000] {dagbag.py:588} INFO - Filling up the DagBag from /usr/local/python/3.12.1/lib/python3.12/site-packages/airflow/example_dags/example_branch_operator_decorator.py
[2025-03-31T19:18:30.952+0000] {processor.py:925} INFO - DAG(s) 'example_branch_python_operator_decorator' retrieved from /usr/local/python/3.12.1/lib/python3.12/site-packages/airflow/example_dags/example_branch_operator_decorator.py
[2025-03-31T19:18:30.969+0000] {logging_mixin.py:190} INFO - [2025-03-31T19:18:30.969+0000] {dag.py:3239} INFO - Sync 1 DAGs
[2025-03-31T19:18:30.985+0000] {logging_mixin.py:190} INFO - [2025-03-31T19:18:30.985+0000] {dag.py:4180} INFO - Setting next_dagrun for example_branch_python_operator_decorator to 2025-03-30 00:00:00+00:00, run_after=2025-03-31 00:00:00+00:00
[2025-03-31T19:18:31.000+0000] {processor.py:208} INFO - Processing /usr/local/python/3.12.1/lib/python3.12/site-packages/airflow/example_dags/example_branch_operator_decorator.py took 0.071 seconds
[2025-03-31T19:19:47.836+0000] {processor.py:186} INFO - Started process (PID=11783) to work on /usr/local/python/3.12.1/lib/python3.12/site-packages/airflow/example_dags/example_branch_operator_decorator.py
[2025-03-31T19:19:47.836+0000] {processor.py:914} INFO - Processing file /usr/local/python/3.12.1/lib/python3.12/site-packages/airflow/example_dags/example_branch_operator_decorator.py for tasks to queue
[2025-03-31T19:19:47.838+0000] {logging_mixin.py:190} INFO - [2025-03-31T19:19:47.837+0000] {dagbag.py:588} INFO - Filling up the DagBag from /usr/local/python/3.12.1/lib/python3.12/site-packages/airflow/example_dags/example_branch_operator_decorator.py
[2025-03-31T19:19:47.855+0000] {processor.py:925} INFO - DAG(s) 'example_branch_python_operator_decorator' retrieved from /usr/local/python/3.12.1/lib/python3.12/site-packages/airflow/example_dags/example_branch_operator_decorator.py
[2025-03-31T19:19:47.872+0000] {logging_mixin.py:190} INFO - [2025-03-31T19:19:47.872+0000] {dag.py:3239} INFO - Sync 1 DAGs
[2025-03-31T19:19:47.888+0000] {logging_mixin.py:190} INFO - [2025-03-31T19:19:47.888+0000] {dag.py:4180} INFO - Setting next_dagrun for example_branch_python_operator_decorator to 2025-03-30 00:00:00+00:00, run_after=2025-03-31 00:00:00+00:00
[2025-03-31T19:19:47.903+0000] {processor.py:208} INFO - Processing /usr/local/python/3.12.1/lib/python3.12/site-packages/airflow/example_dags/example_branch_operator_decorator.py took 0.072 seconds
[2025-03-31T19:21:06.167+0000] {processor.py:186} INFO - Started process (PID=12551) to work on /usr/local/python/3.12.1/lib/python3.12/site-packages/airflow/example_dags/example_branch_operator_decorator.py
[2025-03-31T19:21:06.167+0000] {processor.py:914} INFO - Processing file /usr/local/python/3.12.1/lib/python3.12/site-packages/airflow/example_dags/example_branch_operator_decorator.py for tasks to queue
[2025-03-31T19:21:06.169+0000] {logging_mixin.py:190} INFO - [2025-03-31T19:21:06.169+0000] {dagbag.py:588} INFO - Filling up the DagBag from /usr/local/python/3.12.1/lib/python3.12/site-packages/airflow/example_dags/example_branch_operator_decorator.py
[2025-03-31T19:21:06.186+0000] {processor.py:925} INFO - DAG(s) 'example_branch_python_operator_decorator' retrieved from /usr/local/python/3.12.1/lib/python3.12/site-packages/airflow/example_dags/example_branch_operator_decorator.py
[2025-03-31T19:21:06.203+0000] {logging_mixin.py:190} INFO - [2025-03-31T19:21:06.203+0000] {dag.py:3239} INFO - Sync 1 DAGs
[2025-03-31T19:21:06.220+0000] {logging_mixin.py:190} INFO - [2025-03-31T19:21:06.219+0000] {dag.py:4180} INFO - Setting next_dagrun for example_branch_python_operator_decorator to 2025-03-30 00:00:00+00:00, run_after=2025-03-31 00:00:00+00:00
[2025-03-31T19:21:06.235+0000] {processor.py:208} INFO - Processing /usr/local/python/3.12.1/lib/python3.12/site-packages/airflow/example_dags/example_branch_operator_decorator.py took 0.073 seconds
[2025-03-31T19:22:25.441+0000] {processor.py:186} INFO - Started process (PID=13253) to work on /usr/local/python/3.12.1/lib/python3.12/site-packages/airflow/example_dags/example_branch_operator_decorator.py
[2025-03-31T19:22:25.442+0000] {processor.py:914} INFO - Processing file /usr/local/python/3.12.1/lib/python3.12/site-packages/airflow/example_dags/example_branch_operator_decorator.py for tasks to queue
[2025-03-31T19:22:25.443+0000] {logging_mixin.py:190} INFO - [2025-03-31T19:22:25.443+0000] {dagbag.py:588} INFO - Filling up the DagBag from /usr/local/python/3.12.1/lib/python3.12/site-packages/airflow/example_dags/example_branch_operator_decorator.py
[2025-03-31T19:22:25.461+0000] {processor.py:925} INFO - DAG(s) 'example_branch_python_operator_decorator' retrieved from /usr/local/python/3.12.1/lib/python3.12/site-packages/airflow/example_dags/example_branch_operator_decorator.py
[2025-03-31T19:22:25.478+0000] {logging_mixin.py:190} INFO - [2025-03-31T19:22:25.478+0000] {dag.py:3239} INFO - Sync 1 DAGs
[2025-03-31T19:22:25.494+0000] {logging_mixin.py:190} INFO - [2025-03-31T19:22:25.494+0000] {dag.py:4180} INFO - Setting next_dagrun for example_branch_python_operator_decorator to 2025-03-30 00:00:00+00:00, run_after=2025-03-31 00:00:00+00:00
[2025-03-31T19:22:25.509+0000] {processor.py:208} INFO - Processing /usr/local/python/3.12.1/lib/python3.12/site-packages/airflow/example_dags/example_branch_operator_decorator.py took 0.072 seconds
[2025-03-31T19:23:41.983+0000] {processor.py:186} INFO - Started process (PID=13876) to work on /usr/local/python/3.12.1/lib/python3.12/site-packages/airflow/example_dags/example_branch_operator_decorator.py
[2025-03-31T19:23:41.984+0000] {processor.py:914} INFO - Processing file /usr/local/python/3.12.1/lib/python3.12/site-packages/airflow/example_dags/example_branch_operator_decorator.py for tasks to queue
[2025-03-31T19:23:41.986+0000] {logging_mixin.py:190} INFO - [2025-03-31T19:23:41.985+0000] {dagbag.py:588} INFO - Filling up the DagBag from /usr/local/python/3.12.1/lib/python3.12/site-packages/airflow/example_dags/example_branch_operator_decorator.py
[2025-03-31T19:23:42.004+0000] {processor.py:925} INFO - DAG(s) 'example_branch_python_operator_decorator' retrieved from /usr/local/python/3.12.1/lib/python3.12/site-packages/airflow/example_dags/example_branch_operator_decorator.py
[2025-03-31T19:23:42.022+0000] {logging_mixin.py:190} INFO - [2025-03-31T19:23:42.022+0000] {dag.py:3239} INFO - Sync 1 DAGs
[2025-03-31T19:23:42.038+0000] {logging_mixin.py:190} INFO - [2025-03-31T19:23:42.038+0000] {dag.py:4180} INFO - Setting next_dagrun for example_branch_python_operator_decorator to 2025-03-30 00:00:00+00:00, run_after=2025-03-31 00:00:00+00:00
[2025-03-31T19:23:42.053+0000] {processor.py:208} INFO - Processing /usr/local/python/3.12.1/lib/python3.12/site-packages/airflow/example_dags/example_branch_operator_decorator.py took 0.075 seconds
[2025-03-31T19:25:01.349+0000] {processor.py:186} INFO - Started process (PID=14506) to work on /usr/local/python/3.12.1/lib/python3.12/site-packages/airflow/example_dags/example_branch_operator_decorator.py
[2025-03-31T19:25:01.350+0000] {processor.py:914} INFO - Processing file /usr/local/python/3.12.1/lib/python3.12/site-packages/airflow/example_dags/example_branch_operator_decorator.py for tasks to queue
[2025-03-31T19:25:01.351+0000] {logging_mixin.py:190} INFO - [2025-03-31T19:25:01.351+0000] {dagbag.py:588} INFO - Filling up the DagBag from /usr/local/python/3.12.1/lib/python3.12/site-packages/airflow/example_dags/example_branch_operator_decorator.py
[2025-03-31T19:25:01.368+0000] {processor.py:925} INFO - DAG(s) 'example_branch_python_operator_decorator' retrieved from /usr/local/python/3.12.1/lib/python3.12/site-packages/airflow/example_dags/example_branch_operator_decorator.py
[2025-03-31T19:25:01.386+0000] {logging_mixin.py:190} INFO - [2025-03-31T19:25:01.385+0000] {dag.py:3239} INFO - Sync 1 DAGs
[2025-03-31T19:25:01.402+0000] {logging_mixin.py:190} INFO - [2025-03-31T19:25:01.402+0000] {dag.py:4180} INFO - Setting next_dagrun for example_branch_python_operator_decorator to 2025-03-30 00:00:00+00:00, run_after=2025-03-31 00:00:00+00:00
[2025-03-31T19:25:01.416+0000] {processor.py:208} INFO - Processing /usr/local/python/3.12.1/lib/python3.12/site-packages/airflow/example_dags/example_branch_operator_decorator.py took 0.071 seconds
[2025-03-31T19:26:20.701+0000] {processor.py:186} INFO - Started process (PID=15190) to work on /usr/local/python/3.12.1/lib/python3.12/site-packages/airflow/example_dags/example_branch_operator_decorator.py
[2025-03-31T19:26:20.702+0000] {processor.py:914} INFO - Processing file /usr/local/python/3.12.1/lib/python3.12/site-packages/airflow/example_dags/example_branch_operator_decorator.py for tasks to queue
[2025-03-31T19:26:20.703+0000] {logging_mixin.py:190} INFO - [2025-03-31T19:26:20.703+0000] {dagbag.py:588} INFO - Filling up the DagBag from /usr/local/python/3.12.1/lib/python3.12/site-packages/airflow/example_dags/example_branch_operator_decorator.py
[2025-03-31T19:26:20.720+0000] {processor.py:925} INFO - DAG(s) 'example_branch_python_operator_decorator' retrieved from /usr/local/python/3.12.1/lib/python3.12/site-packages/airflow/example_dags/example_branch_operator_decorator.py
[2025-03-31T19:26:20.738+0000] {logging_mixin.py:190} INFO - [2025-03-31T19:26:20.738+0000] {dag.py:3239} INFO - Sync 1 DAGs
[2025-03-31T19:26:20.754+0000] {logging_mixin.py:190} INFO - [2025-03-31T19:26:20.754+0000] {dag.py:4180} INFO - Setting next_dagrun for example_branch_python_operator_decorator to 2025-03-30 00:00:00+00:00, run_after=2025-03-31 00:00:00+00:00
[2025-03-31T19:26:20.770+0000] {processor.py:208} INFO - Processing /usr/local/python/3.12.1/lib/python3.12/site-packages/airflow/example_dags/example_branch_operator_decorator.py took 0.073 seconds
[2025-03-31T19:27:36.388+0000] {processor.py:186} INFO - Started process (PID=15824) to work on /usr/local/python/3.12.1/lib/python3.12/site-packages/airflow/example_dags/example_branch_operator_decorator.py
[2025-03-31T19:27:36.389+0000] {processor.py:914} INFO - Processing file /usr/local/python/3.12.1/lib/python3.12/site-packages/airflow/example_dags/example_branch_operator_decorator.py for tasks to queue
[2025-03-31T19:27:36.391+0000] {logging_mixin.py:190} INFO - [2025-03-31T19:27:36.390+0000] {dagbag.py:588} INFO - Filling up the DagBag from /usr/local/python/3.12.1/lib/python3.12/site-packages/airflow/example_dags/example_branch_operator_decorator.py
[2025-03-31T19:27:36.412+0000] {processor.py:925} INFO - DAG(s) 'example_branch_python_operator_decorator' retrieved from /usr/local/python/3.12.1/lib/python3.12/site-packages/airflow/example_dags/example_branch_operator_decorator.py
[2025-03-31T19:27:36.431+0000] {logging_mixin.py:190} INFO - [2025-03-31T19:27:36.430+0000] {dag.py:3239} INFO - Sync 1 DAGs
[2025-03-31T19:27:36.447+0000] {logging_mixin.py:190} INFO - [2025-03-31T19:27:36.447+0000] {dag.py:4180} INFO - Setting next_dagrun for example_branch_python_operator_decorator to 2025-03-30 00:00:00+00:00, run_after=2025-03-31 00:00:00+00:00
[2025-03-31T19:27:36.463+0000] {processor.py:208} INFO - Processing /usr/local/python/3.12.1/lib/python3.12/site-packages/airflow/example_dags/example_branch_operator_decorator.py took 0.079 seconds
[2025-03-31T19:29:33.645+0000] {processor.py:186} INFO - Started process (PID=16928) to work on /usr/local/python/3.12.1/lib/python3.12/site-packages/airflow/example_dags/example_branch_operator_decorator.py
[2025-03-31T19:29:33.646+0000] {processor.py:914} INFO - Processing file /usr/local/python/3.12.1/lib/python3.12/site-packages/airflow/example_dags/example_branch_operator_decorator.py for tasks to queue
[2025-03-31T19:29:33.647+0000] {logging_mixin.py:190} INFO - [2025-03-31T19:29:33.647+0000] {dagbag.py:588} INFO - Filling up the DagBag from /usr/local/python/3.12.1/lib/python3.12/site-packages/airflow/example_dags/example_branch_operator_decorator.py
[2025-03-31T19:29:33.673+0000] {processor.py:925} INFO - DAG(s) 'example_branch_python_operator_decorator' retrieved from /usr/local/python/3.12.1/lib/python3.12/site-packages/airflow/example_dags/example_branch_operator_decorator.py
[2025-03-31T19:29:33.760+0000] {logging_mixin.py:190} INFO - [2025-03-31T19:29:33.760+0000] {dag.py:3239} INFO - Sync 1 DAGs
[2025-03-31T19:29:33.774+0000] {logging_mixin.py:190} INFO - [2025-03-31T19:29:33.774+0000] {dag.py:4180} INFO - Setting next_dagrun for example_branch_python_operator_decorator to 2025-03-30 00:00:00+00:00, run_after=2025-03-31 00:00:00+00:00
[2025-03-31T19:29:33.789+0000] {processor.py:208} INFO - Processing /usr/local/python/3.12.1/lib/python3.12/site-packages/airflow/example_dags/example_branch_operator_decorator.py took 0.148 seconds
[2025-03-31T19:30:31.340+0000] {processor.py:186} INFO - Started process (PID=17373) to work on /usr/local/python/3.12.1/lib/python3.12/site-packages/airflow/example_dags/example_branch_operator_decorator.py
[2025-03-31T19:30:31.340+0000] {processor.py:914} INFO - Processing file /usr/local/python/3.12.1/lib/python3.12/site-packages/airflow/example_dags/example_branch_operator_decorator.py for tasks to queue
[2025-03-31T19:30:31.342+0000] {logging_mixin.py:190} INFO - [2025-03-31T19:30:31.342+0000] {dagbag.py:588} INFO - Filling up the DagBag from /usr/local/python/3.12.1/lib/python3.12/site-packages/airflow/example_dags/example_branch_operator_decorator.py
[2025-03-31T19:30:31.359+0000] {processor.py:925} INFO - DAG(s) 'example_branch_python_operator_decorator' retrieved from /usr/local/python/3.12.1/lib/python3.12/site-packages/airflow/example_dags/example_branch_operator_decorator.py
[2025-03-31T19:30:31.377+0000] {logging_mixin.py:190} INFO - [2025-03-31T19:30:31.377+0000] {dag.py:3239} INFO - Sync 1 DAGs
[2025-03-31T19:30:31.393+0000] {logging_mixin.py:190} INFO - [2025-03-31T19:30:31.392+0000] {dag.py:4180} INFO - Setting next_dagrun for example_branch_python_operator_decorator to 2025-03-30 00:00:00+00:00, run_after=2025-03-31 00:00:00+00:00
[2025-03-31T19:30:31.407+0000] {processor.py:208} INFO - Processing /usr/local/python/3.12.1/lib/python3.12/site-packages/airflow/example_dags/example_branch_operator_decorator.py took 0.071 seconds
[2025-03-31T19:31:29.827+0000] {processor.py:186} INFO - Started process (PID=17834) to work on /usr/local/python/3.12.1/lib/python3.12/site-packages/airflow/example_dags/example_branch_operator_decorator.py
[2025-03-31T19:31:29.828+0000] {processor.py:914} INFO - Processing file /usr/local/python/3.12.1/lib/python3.12/site-packages/airflow/example_dags/example_branch_operator_decorator.py for tasks to queue
[2025-03-31T19:31:29.829+0000] {logging_mixin.py:190} INFO - [2025-03-31T19:31:29.829+0000] {dagbag.py:588} INFO - Filling up the DagBag from /usr/local/python/3.12.1/lib/python3.12/site-packages/airflow/example_dags/example_branch_operator_decorator.py
[2025-03-31T19:31:29.846+0000] {processor.py:925} INFO - DAG(s) 'example_branch_python_operator_decorator' retrieved from /usr/local/python/3.12.1/lib/python3.12/site-packages/airflow/example_dags/example_branch_operator_decorator.py
[2025-03-31T19:31:29.864+0000] {logging_mixin.py:190} INFO - [2025-03-31T19:31:29.864+0000] {dag.py:3239} INFO - Sync 1 DAGs
[2025-03-31T19:31:29.879+0000] {logging_mixin.py:190} INFO - [2025-03-31T19:31:29.879+0000] {dag.py:4180} INFO - Setting next_dagrun for example_branch_python_operator_decorator to 2025-03-30 00:00:00+00:00, run_after=2025-03-31 00:00:00+00:00
[2025-03-31T19:31:29.893+0000] {processor.py:208} INFO - Processing /usr/local/python/3.12.1/lib/python3.12/site-packages/airflow/example_dags/example_branch_operator_decorator.py took 0.070 seconds
[2025-03-31T19:32:27.441+0000] {processor.py:186} INFO - Started process (PID=18305) to work on /usr/local/python/3.12.1/lib/python3.12/site-packages/airflow/example_dags/example_branch_operator_decorator.py
[2025-03-31T19:32:27.442+0000] {processor.py:914} INFO - Processing file /usr/local/python/3.12.1/lib/python3.12/site-packages/airflow/example_dags/example_branch_operator_decorator.py for tasks to queue
[2025-03-31T19:32:27.443+0000] {logging_mixin.py:190} INFO - [2025-03-31T19:32:27.443+0000] {dagbag.py:588} INFO - Filling up the DagBag from /usr/local/python/3.12.1/lib/python3.12/site-packages/airflow/example_dags/example_branch_operator_decorator.py
[2025-03-31T19:32:27.460+0000] {processor.py:925} INFO - DAG(s) 'example_branch_python_operator_decorator' retrieved from /usr/local/python/3.12.1/lib/python3.12/site-packages/airflow/example_dags/example_branch_operator_decorator.py
[2025-03-31T19:32:27.478+0000] {logging_mixin.py:190} INFO - [2025-03-31T19:32:27.478+0000] {dag.py:3239} INFO - Sync 1 DAGs
[2025-03-31T19:32:27.494+0000] {logging_mixin.py:190} INFO - [2025-03-31T19:32:27.494+0000] {dag.py:4180} INFO - Setting next_dagrun for example_branch_python_operator_decorator to 2025-03-30 00:00:00+00:00, run_after=2025-03-31 00:00:00+00:00
[2025-03-31T19:32:27.508+0000] {processor.py:208} INFO - Processing /usr/local/python/3.12.1/lib/python3.12/site-packages/airflow/example_dags/example_branch_operator_decorator.py took 0.071 seconds
[2025-03-31T19:33:21.882+0000] {processor.py:186} INFO - Started process (PID=18729) to work on /usr/local/python/3.12.1/lib/python3.12/site-packages/airflow/example_dags/example_branch_operator_decorator.py
[2025-03-31T19:33:21.883+0000] {processor.py:914} INFO - Processing file /usr/local/python/3.12.1/lib/python3.12/site-packages/airflow/example_dags/example_branch_operator_decorator.py for tasks to queue
[2025-03-31T19:33:21.884+0000] {logging_mixin.py:190} INFO - [2025-03-31T19:33:21.884+0000] {dagbag.py:588} INFO - Filling up the DagBag from /usr/local/python/3.12.1/lib/python3.12/site-packages/airflow/example_dags/example_branch_operator_decorator.py
[2025-03-31T19:33:21.901+0000] {processor.py:925} INFO - DAG(s) 'example_branch_python_operator_decorator' retrieved from /usr/local/python/3.12.1/lib/python3.12/site-packages/airflow/example_dags/example_branch_operator_decorator.py
[2025-03-31T19:33:21.919+0000] {logging_mixin.py:190} INFO - [2025-03-31T19:33:21.919+0000] {dag.py:3239} INFO - Sync 1 DAGs
[2025-03-31T19:33:21.935+0000] {logging_mixin.py:190} INFO - [2025-03-31T19:33:21.934+0000] {dag.py:4180} INFO - Setting next_dagrun for example_branch_python_operator_decorator to 2025-03-30 00:00:00+00:00, run_after=2025-03-31 00:00:00+00:00
[2025-03-31T19:33:21.949+0000] {processor.py:208} INFO - Processing /usr/local/python/3.12.1/lib/python3.12/site-packages/airflow/example_dags/example_branch_operator_decorator.py took 0.071 seconds
[2025-03-31T19:34:21.455+0000] {processor.py:186} INFO - Started process (PID=19222) to work on /usr/local/python/3.12.1/lib/python3.12/site-packages/airflow/example_dags/example_branch_operator_decorator.py
[2025-03-31T19:34:21.456+0000] {processor.py:914} INFO - Processing file /usr/local/python/3.12.1/lib/python3.12/site-packages/airflow/example_dags/example_branch_operator_decorator.py for tasks to queue
[2025-03-31T19:34:21.457+0000] {logging_mixin.py:190} INFO - [2025-03-31T19:34:21.457+0000] {dagbag.py:588} INFO - Filling up the DagBag from /usr/local/python/3.12.1/lib/python3.12/site-packages/airflow/example_dags/example_branch_operator_decorator.py
[2025-03-31T19:34:21.474+0000] {processor.py:925} INFO - DAG(s) 'example_branch_python_operator_decorator' retrieved from /usr/local/python/3.12.1/lib/python3.12/site-packages/airflow/example_dags/example_branch_operator_decorator.py
[2025-03-31T19:34:21.491+0000] {logging_mixin.py:190} INFO - [2025-03-31T19:34:21.491+0000] {dag.py:3239} INFO - Sync 1 DAGs
[2025-03-31T19:34:21.507+0000] {logging_mixin.py:190} INFO - [2025-03-31T19:34:21.507+0000] {dag.py:4180} INFO - Setting next_dagrun for example_branch_python_operator_decorator to 2025-03-30 00:00:00+00:00, run_after=2025-03-31 00:00:00+00:00
[2025-03-31T19:34:21.522+0000] {processor.py:208} INFO - Processing /usr/local/python/3.12.1/lib/python3.12/site-packages/airflow/example_dags/example_branch_operator_decorator.py took 0.071 seconds
[2025-03-31T19:35:18.717+0000] {processor.py:186} INFO - Started process (PID=19704) to work on /usr/local/python/3.12.1/lib/python3.12/site-packages/airflow/example_dags/example_branch_operator_decorator.py
[2025-03-31T19:35:18.718+0000] {processor.py:914} INFO - Processing file /usr/local/python/3.12.1/lib/python3.12/site-packages/airflow/example_dags/example_branch_operator_decorator.py for tasks to queue
[2025-03-31T19:35:18.719+0000] {logging_mixin.py:190} INFO - [2025-03-31T19:35:18.719+0000] {dagbag.py:588} INFO - Filling up the DagBag from /usr/local/python/3.12.1/lib/python3.12/site-packages/airflow/example_dags/example_branch_operator_decorator.py
[2025-03-31T19:35:18.736+0000] {processor.py:925} INFO - DAG(s) 'example_branch_python_operator_decorator' retrieved from /usr/local/python/3.12.1/lib/python3.12/site-packages/airflow/example_dags/example_branch_operator_decorator.py
[2025-03-31T19:35:18.759+0000] {logging_mixin.py:190} INFO - [2025-03-31T19:35:18.759+0000] {dag.py:3239} INFO - Sync 1 DAGs
[2025-03-31T19:35:18.776+0000] {logging_mixin.py:190} INFO - [2025-03-31T19:35:18.776+0000] {dag.py:4180} INFO - Setting next_dagrun for example_branch_python_operator_decorator to 2025-03-30 00:00:00+00:00, run_after=2025-03-31 00:00:00+00:00
[2025-03-31T19:35:18.791+0000] {processor.py:208} INFO - Processing /usr/local/python/3.12.1/lib/python3.12/site-packages/airflow/example_dags/example_branch_operator_decorator.py took 0.078 seconds
[2025-03-31T19:36:15.963+0000] {processor.py:186} INFO - Started process (PID=20163) to work on /usr/local/python/3.12.1/lib/python3.12/site-packages/airflow/example_dags/example_branch_operator_decorator.py
[2025-03-31T19:36:15.963+0000] {processor.py:914} INFO - Processing file /usr/local/python/3.12.1/lib/python3.12/site-packages/airflow/example_dags/example_branch_operator_decorator.py for tasks to queue
[2025-03-31T19:36:15.965+0000] {logging_mixin.py:190} INFO - [2025-03-31T19:36:15.964+0000] {dagbag.py:588} INFO - Filling up the DagBag from /usr/local/python/3.12.1/lib/python3.12/site-packages/airflow/example_dags/example_branch_operator_decorator.py
[2025-03-31T19:36:15.982+0000] {processor.py:925} INFO - DAG(s) 'example_branch_python_operator_decorator' retrieved from /usr/local/python/3.12.1/lib/python3.12/site-packages/airflow/example_dags/example_branch_operator_decorator.py
[2025-03-31T19:36:16.000+0000] {logging_mixin.py:190} INFO - [2025-03-31T19:36:16.000+0000] {dag.py:3239} INFO - Sync 1 DAGs
[2025-03-31T19:36:16.016+0000] {logging_mixin.py:190} INFO - [2025-03-31T19:36:16.016+0000] {dag.py:4180} INFO - Setting next_dagrun for example_branch_python_operator_decorator to 2025-03-30 00:00:00+00:00, run_after=2025-03-31 00:00:00+00:00
[2025-03-31T19:36:16.032+0000] {processor.py:208} INFO - Processing /usr/local/python/3.12.1/lib/python3.12/site-packages/airflow/example_dags/example_branch_operator_decorator.py took 0.073 seconds
[2025-03-31T19:37:10.180+0000] {processor.py:186} INFO - Started process (PID=20606) to work on /usr/local/python/3.12.1/lib/python3.12/site-packages/airflow/example_dags/example_branch_operator_decorator.py
[2025-03-31T19:37:10.181+0000] {processor.py:914} INFO - Processing file /usr/local/python/3.12.1/lib/python3.12/site-packages/airflow/example_dags/example_branch_operator_decorator.py for tasks to queue
[2025-03-31T19:37:10.182+0000] {logging_mixin.py:190} INFO - [2025-03-31T19:37:10.182+0000] {dagbag.py:588} INFO - Filling up the DagBag from /usr/local/python/3.12.1/lib/python3.12/site-packages/airflow/example_dags/example_branch_operator_decorator.py
[2025-03-31T19:37:10.199+0000] {processor.py:925} INFO - DAG(s) 'example_branch_python_operator_decorator' retrieved from /usr/local/python/3.12.1/lib/python3.12/site-packages/airflow/example_dags/example_branch_operator_decorator.py
[2025-03-31T19:37:10.217+0000] {logging_mixin.py:190} INFO - [2025-03-31T19:37:10.217+0000] {dag.py:3239} INFO - Sync 1 DAGs
[2025-03-31T19:37:10.233+0000] {logging_mixin.py:190} INFO - [2025-03-31T19:37:10.233+0000] {dag.py:4180} INFO - Setting next_dagrun for example_branch_python_operator_decorator to 2025-03-30 00:00:00+00:00, run_after=2025-03-31 00:00:00+00:00
[2025-03-31T19:37:10.248+0000] {processor.py:208} INFO - Processing /usr/local/python/3.12.1/lib/python3.12/site-packages/airflow/example_dags/example_branch_operator_decorator.py took 0.071 seconds
[2025-03-31T19:38:08.682+0000] {processor.py:186} INFO - Started process (PID=21052) to work on /usr/local/python/3.12.1/lib/python3.12/site-packages/airflow/example_dags/example_branch_operator_decorator.py
[2025-03-31T19:38:08.683+0000] {processor.py:914} INFO - Processing file /usr/local/python/3.12.1/lib/python3.12/site-packages/airflow/example_dags/example_branch_operator_decorator.py for tasks to queue
[2025-03-31T19:38:08.684+0000] {logging_mixin.py:190} INFO - [2025-03-31T19:38:08.684+0000] {dagbag.py:588} INFO - Filling up the DagBag from /usr/local/python/3.12.1/lib/python3.12/site-packages/airflow/example_dags/example_branch_operator_decorator.py
[2025-03-31T19:38:08.701+0000] {processor.py:925} INFO - DAG(s) 'example_branch_python_operator_decorator' retrieved from /usr/local/python/3.12.1/lib/python3.12/site-packages/airflow/example_dags/example_branch_operator_decorator.py
[2025-03-31T19:38:08.719+0000] {logging_mixin.py:190} INFO - [2025-03-31T19:38:08.718+0000] {dag.py:3239} INFO - Sync 1 DAGs
[2025-03-31T19:38:08.735+0000] {logging_mixin.py:190} INFO - [2025-03-31T19:38:08.735+0000] {dag.py:4180} INFO - Setting next_dagrun for example_branch_python_operator_decorator to 2025-03-30 00:00:00+00:00, run_after=2025-03-31 00:00:00+00:00
[2025-03-31T19:38:08.750+0000] {processor.py:208} INFO - Processing /usr/local/python/3.12.1/lib/python3.12/site-packages/airflow/example_dags/example_branch_operator_decorator.py took 0.072 seconds
