[2025-03-31T19:06:45.603+0000] {processor.py:186} INFO - Started process (PID=5361) to work on /usr/local/python/3.12.1/lib/python3.12/site-packages/airflow/example_dags/example_latest_only.py
[2025-03-31T19:06:45.603+0000] {processor.py:914} INFO - Processing file /usr/local/python/3.12.1/lib/python3.12/site-packages/airflow/example_dags/example_latest_only.py for tasks to queue
[2025-03-31T19:06:45.604+0000] {logging_mixin.py:190} INFO - [2025-03-31T19:06:45.604+0000] {dagbag.py:588} INFO - Filling up the DagBag from /usr/local/python/3.12.1/lib/python3.12/site-packages/airflow/example_dags/example_latest_only.py
[2025-03-31T19:06:45.610+0000] {processor.py:925} INFO - DAG(s) 'latest_only' retrieved from /usr/local/python/3.12.1/lib/python3.12/site-packages/airflow/example_dags/example_latest_only.py
[2025-03-31T19:06:45.622+0000] {logging_mixin.py:190} INFO - [2025-03-31T19:06:45.621+0000] {dag.py:3239} INFO - Sync 1 DAGs
[2025-03-31T19:06:45.637+0000] {logging_mixin.py:190} INFO - [2025-03-31T19:06:45.637+0000] {dag.py:4180} INFO - Setting next_dagrun for latest_only to 2025-03-31 12:00:00+00:00, run_after=2025-03-31 16:00:00+00:00
[2025-03-31T19:06:45.653+0000] {processor.py:208} INFO - Processing /usr/local/python/3.12.1/lib/python3.12/site-packages/airflow/example_dags/example_latest_only.py took 0.055 seconds
[2025-03-31T19:07:42.699+0000] {processor.py:186} INFO - Started process (PID=5845) to work on /usr/local/python/3.12.1/lib/python3.12/site-packages/airflow/example_dags/example_latest_only.py
[2025-03-31T19:07:42.700+0000] {processor.py:914} INFO - Processing file /usr/local/python/3.12.1/lib/python3.12/site-packages/airflow/example_dags/example_latest_only.py for tasks to queue
[2025-03-31T19:07:42.701+0000] {logging_mixin.py:190} INFO - [2025-03-31T19:07:42.701+0000] {dagbag.py:588} INFO - Filling up the DagBag from /usr/local/python/3.12.1/lib/python3.12/site-packages/airflow/example_dags/example_latest_only.py
[2025-03-31T19:07:42.707+0000] {processor.py:925} INFO - DAG(s) 'latest_only' retrieved from /usr/local/python/3.12.1/lib/python3.12/site-packages/airflow/example_dags/example_latest_only.py
[2025-03-31T19:07:42.718+0000] {logging_mixin.py:190} INFO - [2025-03-31T19:07:42.718+0000] {dag.py:3239} INFO - Sync 1 DAGs
[2025-03-31T19:07:42.735+0000] {logging_mixin.py:190} INFO - [2025-03-31T19:07:42.734+0000] {dag.py:4180} INFO - Setting next_dagrun for latest_only to 2025-03-31 12:00:00+00:00, run_after=2025-03-31 16:00:00+00:00
[2025-03-31T19:07:42.749+0000] {processor.py:208} INFO - Processing /usr/local/python/3.12.1/lib/python3.12/site-packages/airflow/example_dags/example_latest_only.py took 0.054 seconds
[2025-03-31T19:08:39.245+0000] {processor.py:186} INFO - Started process (PID=6336) to work on /usr/local/python/3.12.1/lib/python3.12/site-packages/airflow/example_dags/example_latest_only.py
[2025-03-31T19:08:39.246+0000] {processor.py:914} INFO - Processing file /usr/local/python/3.12.1/lib/python3.12/site-packages/airflow/example_dags/example_latest_only.py for tasks to queue
[2025-03-31T19:08:39.248+0000] {logging_mixin.py:190} INFO - [2025-03-31T19:08:39.247+0000] {dagbag.py:588} INFO - Filling up the DagBag from /usr/local/python/3.12.1/lib/python3.12/site-packages/airflow/example_dags/example_latest_only.py
[2025-03-31T19:08:39.253+0000] {processor.py:925} INFO - DAG(s) 'latest_only' retrieved from /usr/local/python/3.12.1/lib/python3.12/site-packages/airflow/example_dags/example_latest_only.py
[2025-03-31T19:08:39.264+0000] {logging_mixin.py:190} INFO - [2025-03-31T19:08:39.263+0000] {dag.py:3239} INFO - Sync 1 DAGs
[2025-03-31T19:08:39.278+0000] {logging_mixin.py:190} INFO - [2025-03-31T19:08:39.278+0000] {dag.py:4180} INFO - Setting next_dagrun for latest_only to 2025-03-31 12:00:00+00:00, run_after=2025-03-31 16:00:00+00:00
[2025-03-31T19:08:39.293+0000] {processor.py:208} INFO - Processing /usr/local/python/3.12.1/lib/python3.12/site-packages/airflow/example_dags/example_latest_only.py took 0.053 seconds
[2025-03-31T19:09:32.851+0000] {processor.py:186} INFO - Started process (PID=6760) to work on /usr/local/python/3.12.1/lib/python3.12/site-packages/airflow/example_dags/example_latest_only.py
[2025-03-31T19:09:32.852+0000] {processor.py:914} INFO - Processing file /usr/local/python/3.12.1/lib/python3.12/site-packages/airflow/example_dags/example_latest_only.py for tasks to queue
[2025-03-31T19:09:32.854+0000] {logging_mixin.py:190} INFO - [2025-03-31T19:09:32.853+0000] {dagbag.py:588} INFO - Filling up the DagBag from /usr/local/python/3.12.1/lib/python3.12/site-packages/airflow/example_dags/example_latest_only.py
[2025-03-31T19:09:32.859+0000] {processor.py:925} INFO - DAG(s) 'latest_only' retrieved from /usr/local/python/3.12.1/lib/python3.12/site-packages/airflow/example_dags/example_latest_only.py
[2025-03-31T19:09:32.869+0000] {logging_mixin.py:190} INFO - [2025-03-31T19:09:32.869+0000] {dag.py:3239} INFO - Sync 1 DAGs
[2025-03-31T19:09:32.884+0000] {logging_mixin.py:190} INFO - [2025-03-31T19:09:32.884+0000] {dag.py:4180} INFO - Setting next_dagrun for latest_only to 2025-03-31 12:00:00+00:00, run_after=2025-03-31 16:00:00+00:00
[2025-03-31T19:09:32.899+0000] {processor.py:208} INFO - Processing /usr/local/python/3.12.1/lib/python3.12/site-packages/airflow/example_dags/example_latest_only.py took 0.051 seconds
[2025-03-31T19:10:26.380+0000] {processor.py:186} INFO - Started process (PID=7194) to work on /usr/local/python/3.12.1/lib/python3.12/site-packages/airflow/example_dags/example_latest_only.py
[2025-03-31T19:10:26.380+0000] {processor.py:914} INFO - Processing file /usr/local/python/3.12.1/lib/python3.12/site-packages/airflow/example_dags/example_latest_only.py for tasks to queue
[2025-03-31T19:10:26.382+0000] {logging_mixin.py:190} INFO - [2025-03-31T19:10:26.381+0000] {dagbag.py:588} INFO - Filling up the DagBag from /usr/local/python/3.12.1/lib/python3.12/site-packages/airflow/example_dags/example_latest_only.py
[2025-03-31T19:10:26.387+0000] {processor.py:925} INFO - DAG(s) 'latest_only' retrieved from /usr/local/python/3.12.1/lib/python3.12/site-packages/airflow/example_dags/example_latest_only.py
[2025-03-31T19:10:26.397+0000] {logging_mixin.py:190} INFO - [2025-03-31T19:10:26.397+0000] {dag.py:3239} INFO - Sync 1 DAGs
[2025-03-31T19:10:26.412+0000] {logging_mixin.py:190} INFO - [2025-03-31T19:10:26.412+0000] {dag.py:4180} INFO - Setting next_dagrun for latest_only to 2025-03-31 12:00:00+00:00, run_after=2025-03-31 16:00:00+00:00
[2025-03-31T19:10:26.427+0000] {processor.py:208} INFO - Processing /usr/local/python/3.12.1/lib/python3.12/site-packages/airflow/example_dags/example_latest_only.py took 0.051 seconds
[2025-03-31T19:11:18.322+0000] {processor.py:186} INFO - Started process (PID=7601) to work on /usr/local/python/3.12.1/lib/python3.12/site-packages/airflow/example_dags/example_latest_only.py
[2025-03-31T19:11:18.322+0000] {processor.py:914} INFO - Processing file /usr/local/python/3.12.1/lib/python3.12/site-packages/airflow/example_dags/example_latest_only.py for tasks to queue
[2025-03-31T19:11:18.324+0000] {logging_mixin.py:190} INFO - [2025-03-31T19:11:18.323+0000] {dagbag.py:588} INFO - Filling up the DagBag from /usr/local/python/3.12.1/lib/python3.12/site-packages/airflow/example_dags/example_latest_only.py
[2025-03-31T19:11:18.329+0000] {processor.py:925} INFO - DAG(s) 'latest_only' retrieved from /usr/local/python/3.12.1/lib/python3.12/site-packages/airflow/example_dags/example_latest_only.py
[2025-03-31T19:11:18.339+0000] {logging_mixin.py:190} INFO - [2025-03-31T19:11:18.339+0000] {dag.py:3239} INFO - Sync 1 DAGs
[2025-03-31T19:11:18.355+0000] {logging_mixin.py:190} INFO - [2025-03-31T19:11:18.354+0000] {dag.py:4180} INFO - Setting next_dagrun for latest_only to 2025-03-31 12:00:00+00:00, run_after=2025-03-31 16:00:00+00:00
[2025-03-31T19:11:18.372+0000] {processor.py:208} INFO - Processing /usr/local/python/3.12.1/lib/python3.12/site-packages/airflow/example_dags/example_latest_only.py took 0.055 seconds
[2025-03-31T19:12:10.857+0000] {processor.py:186} INFO - Started process (PID=8015) to work on /usr/local/python/3.12.1/lib/python3.12/site-packages/airflow/example_dags/example_latest_only.py
[2025-03-31T19:12:10.857+0000] {processor.py:914} INFO - Processing file /usr/local/python/3.12.1/lib/python3.12/site-packages/airflow/example_dags/example_latest_only.py for tasks to queue
[2025-03-31T19:12:10.859+0000] {logging_mixin.py:190} INFO - [2025-03-31T19:12:10.858+0000] {dagbag.py:588} INFO - Filling up the DagBag from /usr/local/python/3.12.1/lib/python3.12/site-packages/airflow/example_dags/example_latest_only.py
[2025-03-31T19:12:10.864+0000] {processor.py:925} INFO - DAG(s) 'latest_only' retrieved from /usr/local/python/3.12.1/lib/python3.12/site-packages/airflow/example_dags/example_latest_only.py
[2025-03-31T19:12:10.875+0000] {logging_mixin.py:190} INFO - [2025-03-31T19:12:10.875+0000] {dag.py:3239} INFO - Sync 1 DAGs
[2025-03-31T19:12:10.894+0000] {logging_mixin.py:190} INFO - [2025-03-31T19:12:10.894+0000] {dag.py:4180} INFO - Setting next_dagrun for latest_only to 2025-03-31 12:00:00+00:00, run_after=2025-03-31 16:00:00+00:00
[2025-03-31T19:12:10.911+0000] {processor.py:208} INFO - Processing /usr/local/python/3.12.1/lib/python3.12/site-packages/airflow/example_dags/example_latest_only.py took 0.059 seconds
[2025-03-31T19:13:03.298+0000] {processor.py:186} INFO - Started process (PID=8422) to work on /usr/local/python/3.12.1/lib/python3.12/site-packages/airflow/example_dags/example_latest_only.py
[2025-03-31T19:13:03.299+0000] {processor.py:914} INFO - Processing file /usr/local/python/3.12.1/lib/python3.12/site-packages/airflow/example_dags/example_latest_only.py for tasks to queue
[2025-03-31T19:13:03.300+0000] {logging_mixin.py:190} INFO - [2025-03-31T19:13:03.300+0000] {dagbag.py:588} INFO - Filling up the DagBag from /usr/local/python/3.12.1/lib/python3.12/site-packages/airflow/example_dags/example_latest_only.py
[2025-03-31T19:13:03.306+0000] {processor.py:925} INFO - DAG(s) 'latest_only' retrieved from /usr/local/python/3.12.1/lib/python3.12/site-packages/airflow/example_dags/example_latest_only.py
[2025-03-31T19:13:03.316+0000] {logging_mixin.py:190} INFO - [2025-03-31T19:13:03.316+0000] {dag.py:3239} INFO - Sync 1 DAGs
[2025-03-31T19:13:03.331+0000] {logging_mixin.py:190} INFO - [2025-03-31T19:13:03.330+0000] {dag.py:4180} INFO - Setting next_dagrun for latest_only to 2025-03-31 12:00:00+00:00, run_after=2025-03-31 16:00:00+00:00
[2025-03-31T19:13:03.345+0000] {processor.py:208} INFO - Processing /usr/local/python/3.12.1/lib/python3.12/site-packages/airflow/example_dags/example_latest_only.py took 0.051 seconds
[2025-03-31T19:13:57.289+0000] {processor.py:186} INFO - Started process (PID=8845) to work on /usr/local/python/3.12.1/lib/python3.12/site-packages/airflow/example_dags/example_latest_only.py
[2025-03-31T19:13:57.290+0000] {processor.py:914} INFO - Processing file /usr/local/python/3.12.1/lib/python3.12/site-packages/airflow/example_dags/example_latest_only.py for tasks to queue
[2025-03-31T19:13:57.292+0000] {logging_mixin.py:190} INFO - [2025-03-31T19:13:57.291+0000] {dagbag.py:588} INFO - Filling up the DagBag from /usr/local/python/3.12.1/lib/python3.12/site-packages/airflow/example_dags/example_latest_only.py
[2025-03-31T19:13:57.297+0000] {processor.py:925} INFO - DAG(s) 'latest_only' retrieved from /usr/local/python/3.12.1/lib/python3.12/site-packages/airflow/example_dags/example_latest_only.py
[2025-03-31T19:13:57.308+0000] {logging_mixin.py:190} INFO - [2025-03-31T19:13:57.308+0000] {dag.py:3239} INFO - Sync 1 DAGs
[2025-03-31T19:13:57.322+0000] {logging_mixin.py:190} INFO - [2025-03-31T19:13:57.322+0000] {dag.py:4180} INFO - Setting next_dagrun for latest_only to 2025-03-31 12:00:00+00:00, run_after=2025-03-31 16:00:00+00:00
[2025-03-31T19:13:57.336+0000] {processor.py:208} INFO - Processing /usr/local/python/3.12.1/lib/python3.12/site-packages/airflow/example_dags/example_latest_only.py took 0.051 seconds
[2025-03-31T19:14:48.964+0000] {processor.py:186} INFO - Started process (PID=9250) to work on /usr/local/python/3.12.1/lib/python3.12/site-packages/airflow/example_dags/example_latest_only.py
[2025-03-31T19:14:48.965+0000] {processor.py:914} INFO - Processing file /usr/local/python/3.12.1/lib/python3.12/site-packages/airflow/example_dags/example_latest_only.py for tasks to queue
[2025-03-31T19:14:48.966+0000] {logging_mixin.py:190} INFO - [2025-03-31T19:14:48.966+0000] {dagbag.py:588} INFO - Filling up the DagBag from /usr/local/python/3.12.1/lib/python3.12/site-packages/airflow/example_dags/example_latest_only.py
[2025-03-31T19:14:48.971+0000] {processor.py:925} INFO - DAG(s) 'latest_only' retrieved from /usr/local/python/3.12.1/lib/python3.12/site-packages/airflow/example_dags/example_latest_only.py
[2025-03-31T19:14:48.982+0000] {logging_mixin.py:190} INFO - [2025-03-31T19:14:48.982+0000] {dag.py:3239} INFO - Sync 1 DAGs
[2025-03-31T19:14:48.997+0000] {logging_mixin.py:190} INFO - [2025-03-31T19:14:48.996+0000] {dag.py:4180} INFO - Setting next_dagrun for latest_only to 2025-03-31 12:00:00+00:00, run_after=2025-03-31 16:00:00+00:00
[2025-03-31T19:14:49.011+0000] {processor.py:208} INFO - Processing /usr/local/python/3.12.1/lib/python3.12/site-packages/airflow/example_dags/example_latest_only.py took 0.051 seconds
[2025-03-31T19:15:43.773+0000] {processor.py:186} INFO - Started process (PID=9693) to work on /usr/local/python/3.12.1/lib/python3.12/site-packages/airflow/example_dags/example_latest_only.py
[2025-03-31T19:15:43.773+0000] {processor.py:914} INFO - Processing file /usr/local/python/3.12.1/lib/python3.12/site-packages/airflow/example_dags/example_latest_only.py for tasks to queue
[2025-03-31T19:15:43.775+0000] {logging_mixin.py:190} INFO - [2025-03-31T19:15:43.774+0000] {dagbag.py:588} INFO - Filling up the DagBag from /usr/local/python/3.12.1/lib/python3.12/site-packages/airflow/example_dags/example_latest_only.py
[2025-03-31T19:15:43.780+0000] {processor.py:925} INFO - DAG(s) 'latest_only' retrieved from /usr/local/python/3.12.1/lib/python3.12/site-packages/airflow/example_dags/example_latest_only.py
[2025-03-31T19:15:43.790+0000] {logging_mixin.py:190} INFO - [2025-03-31T19:15:43.790+0000] {dag.py:3239} INFO - Sync 1 DAGs
[2025-03-31T19:15:43.805+0000] {logging_mixin.py:190} INFO - [2025-03-31T19:15:43.805+0000] {dag.py:4180} INFO - Setting next_dagrun for latest_only to 2025-03-31 12:00:00+00:00, run_after=2025-03-31 16:00:00+00:00
[2025-03-31T19:15:43.820+0000] {processor.py:208} INFO - Processing /usr/local/python/3.12.1/lib/python3.12/site-packages/airflow/example_dags/example_latest_only.py took 0.051 seconds
[2025-03-31T19:16:35.754+0000] {processor.py:186} INFO - Started process (PID=10100) to work on /usr/local/python/3.12.1/lib/python3.12/site-packages/airflow/example_dags/example_latest_only.py
[2025-03-31T19:16:35.754+0000] {processor.py:914} INFO - Processing file /usr/local/python/3.12.1/lib/python3.12/site-packages/airflow/example_dags/example_latest_only.py for tasks to queue
[2025-03-31T19:16:35.756+0000] {logging_mixin.py:190} INFO - [2025-03-31T19:16:35.756+0000] {dagbag.py:588} INFO - Filling up the DagBag from /usr/local/python/3.12.1/lib/python3.12/site-packages/airflow/example_dags/example_latest_only.py
[2025-03-31T19:16:35.761+0000] {processor.py:925} INFO - DAG(s) 'latest_only' retrieved from /usr/local/python/3.12.1/lib/python3.12/site-packages/airflow/example_dags/example_latest_only.py
[2025-03-31T19:16:35.772+0000] {logging_mixin.py:190} INFO - [2025-03-31T19:16:35.772+0000] {dag.py:3239} INFO - Sync 1 DAGs
[2025-03-31T19:16:35.786+0000] {logging_mixin.py:190} INFO - [2025-03-31T19:16:35.786+0000] {dag.py:4180} INFO - Setting next_dagrun for latest_only to 2025-03-31 12:00:00+00:00, run_after=2025-03-31 16:00:00+00:00
[2025-03-31T19:16:35.800+0000] {processor.py:208} INFO - Processing /usr/local/python/3.12.1/lib/python3.12/site-packages/airflow/example_dags/example_latest_only.py took 0.051 seconds
[2025-03-31T19:17:31.093+0000] {processor.py:186} INFO - Started process (PID=10535) to work on /usr/local/python/3.12.1/lib/python3.12/site-packages/airflow/example_dags/example_latest_only.py
[2025-03-31T19:17:31.094+0000] {processor.py:914} INFO - Processing file /usr/local/python/3.12.1/lib/python3.12/site-packages/airflow/example_dags/example_latest_only.py for tasks to queue
[2025-03-31T19:17:31.096+0000] {logging_mixin.py:190} INFO - [2025-03-31T19:17:31.095+0000] {dagbag.py:588} INFO - Filling up the DagBag from /usr/local/python/3.12.1/lib/python3.12/site-packages/airflow/example_dags/example_latest_only.py
[2025-03-31T19:17:31.101+0000] {processor.py:925} INFO - DAG(s) 'latest_only' retrieved from /usr/local/python/3.12.1/lib/python3.12/site-packages/airflow/example_dags/example_latest_only.py
[2025-03-31T19:17:31.111+0000] {logging_mixin.py:190} INFO - [2025-03-31T19:17:31.111+0000] {dag.py:3239} INFO - Sync 1 DAGs
[2025-03-31T19:17:31.126+0000] {logging_mixin.py:190} INFO - [2025-03-31T19:17:31.126+0000] {dag.py:4180} INFO - Setting next_dagrun for latest_only to 2025-03-31 12:00:00+00:00, run_after=2025-03-31 16:00:00+00:00
[2025-03-31T19:17:31.145+0000] {processor.py:208} INFO - Processing /usr/local/python/3.12.1/lib/python3.12/site-packages/airflow/example_dags/example_latest_only.py took 0.056 seconds
[2025-03-31T19:18:25.793+0000] {processor.py:186} INFO - Started process (PID=11022) to work on /usr/local/python/3.12.1/lib/python3.12/site-packages/airflow/example_dags/example_latest_only.py
[2025-03-31T19:18:25.794+0000] {processor.py:914} INFO - Processing file /usr/local/python/3.12.1/lib/python3.12/site-packages/airflow/example_dags/example_latest_only.py for tasks to queue
[2025-03-31T19:18:25.795+0000] {logging_mixin.py:190} INFO - [2025-03-31T19:18:25.795+0000] {dagbag.py:588} INFO - Filling up the DagBag from /usr/local/python/3.12.1/lib/python3.12/site-packages/airflow/example_dags/example_latest_only.py
[2025-03-31T19:18:25.800+0000] {processor.py:925} INFO - DAG(s) 'latest_only' retrieved from /usr/local/python/3.12.1/lib/python3.12/site-packages/airflow/example_dags/example_latest_only.py
[2025-03-31T19:18:25.810+0000] {logging_mixin.py:190} INFO - [2025-03-31T19:18:25.810+0000] {dag.py:3239} INFO - Sync 1 DAGs
[2025-03-31T19:18:25.825+0000] {logging_mixin.py:190} INFO - [2025-03-31T19:18:25.825+0000] {dag.py:4180} INFO - Setting next_dagrun for latest_only to 2025-03-31 12:00:00+00:00, run_after=2025-03-31 16:00:00+00:00
[2025-03-31T19:18:25.840+0000] {processor.py:208} INFO - Processing /usr/local/python/3.12.1/lib/python3.12/site-packages/airflow/example_dags/example_latest_only.py took 0.051 seconds
[2025-03-31T19:19:17.450+0000] {processor.py:186} INFO - Started process (PID=11475) to work on /usr/local/python/3.12.1/lib/python3.12/site-packages/airflow/example_dags/example_latest_only.py
[2025-03-31T19:19:17.451+0000] {processor.py:914} INFO - Processing file /usr/local/python/3.12.1/lib/python3.12/site-packages/airflow/example_dags/example_latest_only.py for tasks to queue
[2025-03-31T19:19:17.452+0000] {logging_mixin.py:190} INFO - [2025-03-31T19:19:17.452+0000] {dagbag.py:588} INFO - Filling up the DagBag from /usr/local/python/3.12.1/lib/python3.12/site-packages/airflow/example_dags/example_latest_only.py
[2025-03-31T19:19:17.457+0000] {processor.py:925} INFO - DAG(s) 'latest_only' retrieved from /usr/local/python/3.12.1/lib/python3.12/site-packages/airflow/example_dags/example_latest_only.py
[2025-03-31T19:19:17.468+0000] {logging_mixin.py:190} INFO - [2025-03-31T19:19:17.467+0000] {dag.py:3239} INFO - Sync 1 DAGs
[2025-03-31T19:19:17.483+0000] {logging_mixin.py:190} INFO - [2025-03-31T19:19:17.482+0000] {dag.py:4180} INFO - Setting next_dagrun for latest_only to 2025-03-31 12:00:00+00:00, run_after=2025-03-31 16:00:00+00:00
[2025-03-31T19:19:17.496+0000] {processor.py:208} INFO - Processing /usr/local/python/3.12.1/lib/python3.12/site-packages/airflow/example_dags/example_latest_only.py took 0.050 seconds
[2025-03-31T19:20:07.398+0000] {processor.py:186} INFO - Started process (PID=11954) to work on /usr/local/python/3.12.1/lib/python3.12/site-packages/airflow/example_dags/example_latest_only.py
[2025-03-31T19:20:07.399+0000] {processor.py:914} INFO - Processing file /usr/local/python/3.12.1/lib/python3.12/site-packages/airflow/example_dags/example_latest_only.py for tasks to queue
[2025-03-31T19:20:07.400+0000] {logging_mixin.py:190} INFO - [2025-03-31T19:20:07.400+0000] {dagbag.py:588} INFO - Filling up the DagBag from /usr/local/python/3.12.1/lib/python3.12/site-packages/airflow/example_dags/example_latest_only.py
[2025-03-31T19:20:07.406+0000] {processor.py:925} INFO - DAG(s) 'latest_only' retrieved from /usr/local/python/3.12.1/lib/python3.12/site-packages/airflow/example_dags/example_latest_only.py
[2025-03-31T19:20:07.416+0000] {logging_mixin.py:190} INFO - [2025-03-31T19:20:07.416+0000] {dag.py:3239} INFO - Sync 1 DAGs
[2025-03-31T19:20:07.431+0000] {logging_mixin.py:190} INFO - [2025-03-31T19:20:07.431+0000] {dag.py:4180} INFO - Setting next_dagrun for latest_only to 2025-03-31 12:00:00+00:00, run_after=2025-03-31 16:00:00+00:00
[2025-03-31T19:20:07.446+0000] {processor.py:208} INFO - Processing /usr/local/python/3.12.1/lib/python3.12/site-packages/airflow/example_dags/example_latest_only.py took 0.051 seconds
[2025-03-31T19:20:59.887+0000] {processor.py:186} INFO - Started process (PID=12493) to work on /usr/local/python/3.12.1/lib/python3.12/site-packages/airflow/example_dags/example_latest_only.py
[2025-03-31T19:20:59.888+0000] {processor.py:914} INFO - Processing file /usr/local/python/3.12.1/lib/python3.12/site-packages/airflow/example_dags/example_latest_only.py for tasks to queue
[2025-03-31T19:20:59.889+0000] {logging_mixin.py:190} INFO - [2025-03-31T19:20:59.889+0000] {dagbag.py:588} INFO - Filling up the DagBag from /usr/local/python/3.12.1/lib/python3.12/site-packages/airflow/example_dags/example_latest_only.py
[2025-03-31T19:20:59.894+0000] {processor.py:925} INFO - DAG(s) 'latest_only' retrieved from /usr/local/python/3.12.1/lib/python3.12/site-packages/airflow/example_dags/example_latest_only.py
[2025-03-31T19:20:59.905+0000] {logging_mixin.py:190} INFO - [2025-03-31T19:20:59.904+0000] {dag.py:3239} INFO - Sync 1 DAGs
[2025-03-31T19:20:59.919+0000] {logging_mixin.py:190} INFO - [2025-03-31T19:20:59.919+0000] {dag.py:4180} INFO - Setting next_dagrun for latest_only to 2025-03-31 12:00:00+00:00, run_after=2025-03-31 16:00:00+00:00
[2025-03-31T19:20:59.935+0000] {processor.py:208} INFO - Processing /usr/local/python/3.12.1/lib/python3.12/site-packages/airflow/example_dags/example_latest_only.py took 0.051 seconds
[2025-03-31T19:21:52.419+0000] {processor.py:186} INFO - Started process (PID=12981) to work on /usr/local/python/3.12.1/lib/python3.12/site-packages/airflow/example_dags/example_latest_only.py
[2025-03-31T19:21:52.420+0000] {processor.py:914} INFO - Processing file /usr/local/python/3.12.1/lib/python3.12/site-packages/airflow/example_dags/example_latest_only.py for tasks to queue
[2025-03-31T19:21:52.422+0000] {logging_mixin.py:190} INFO - [2025-03-31T19:21:52.421+0000] {dagbag.py:588} INFO - Filling up the DagBag from /usr/local/python/3.12.1/lib/python3.12/site-packages/airflow/example_dags/example_latest_only.py
[2025-03-31T19:21:52.427+0000] {processor.py:925} INFO - DAG(s) 'latest_only' retrieved from /usr/local/python/3.12.1/lib/python3.12/site-packages/airflow/example_dags/example_latest_only.py
[2025-03-31T19:21:52.438+0000] {logging_mixin.py:190} INFO - [2025-03-31T19:21:52.438+0000] {dag.py:3239} INFO - Sync 1 DAGs
[2025-03-31T19:21:52.454+0000] {logging_mixin.py:190} INFO - [2025-03-31T19:21:52.454+0000] {dag.py:4180} INFO - Setting next_dagrun for latest_only to 2025-03-31 12:00:00+00:00, run_after=2025-03-31 16:00:00+00:00
[2025-03-31T19:21:52.469+0000] {processor.py:208} INFO - Processing /usr/local/python/3.12.1/lib/python3.12/site-packages/airflow/example_dags/example_latest_only.py took 0.053 seconds
[2025-03-31T19:22:44.881+0000] {processor.py:186} INFO - Started process (PID=13409) to work on /usr/local/python/3.12.1/lib/python3.12/site-packages/airflow/example_dags/example_latest_only.py
[2025-03-31T19:22:44.882+0000] {processor.py:914} INFO - Processing file /usr/local/python/3.12.1/lib/python3.12/site-packages/airflow/example_dags/example_latest_only.py for tasks to queue
[2025-03-31T19:22:44.884+0000] {logging_mixin.py:190} INFO - [2025-03-31T19:22:44.883+0000] {dagbag.py:588} INFO - Filling up the DagBag from /usr/local/python/3.12.1/lib/python3.12/site-packages/airflow/example_dags/example_latest_only.py
[2025-03-31T19:22:44.891+0000] {processor.py:925} INFO - DAG(s) 'latest_only' retrieved from /usr/local/python/3.12.1/lib/python3.12/site-packages/airflow/example_dags/example_latest_only.py
[2025-03-31T19:22:44.906+0000] {logging_mixin.py:190} INFO - [2025-03-31T19:22:44.906+0000] {dag.py:3239} INFO - Sync 1 DAGs
[2025-03-31T19:22:44.929+0000] {logging_mixin.py:190} INFO - [2025-03-31T19:22:44.929+0000] {dag.py:4180} INFO - Setting next_dagrun for latest_only to 2025-03-31 12:00:00+00:00, run_after=2025-03-31 16:00:00+00:00
[2025-03-31T19:22:44.944+0000] {processor.py:208} INFO - Processing /usr/local/python/3.12.1/lib/python3.12/site-packages/airflow/example_dags/example_latest_only.py took 0.066 seconds
[2025-03-31T19:23:37.705+0000] {processor.py:186} INFO - Started process (PID=13845) to work on /usr/local/python/3.12.1/lib/python3.12/site-packages/airflow/example_dags/example_latest_only.py
[2025-03-31T19:23:37.705+0000] {processor.py:914} INFO - Processing file /usr/local/python/3.12.1/lib/python3.12/site-packages/airflow/example_dags/example_latest_only.py for tasks to queue
[2025-03-31T19:23:37.707+0000] {logging_mixin.py:190} INFO - [2025-03-31T19:23:37.707+0000] {dagbag.py:588} INFO - Filling up the DagBag from /usr/local/python/3.12.1/lib/python3.12/site-packages/airflow/example_dags/example_latest_only.py
[2025-03-31T19:23:37.712+0000] {processor.py:925} INFO - DAG(s) 'latest_only' retrieved from /usr/local/python/3.12.1/lib/python3.12/site-packages/airflow/example_dags/example_latest_only.py
[2025-03-31T19:23:37.722+0000] {logging_mixin.py:190} INFO - [2025-03-31T19:23:37.722+0000] {dag.py:3239} INFO - Sync 1 DAGs
[2025-03-31T19:23:37.737+0000] {logging_mixin.py:190} INFO - [2025-03-31T19:23:37.737+0000] {dag.py:4180} INFO - Setting next_dagrun for latest_only to 2025-03-31 12:00:00+00:00, run_after=2025-03-31 16:00:00+00:00
[2025-03-31T19:23:37.752+0000] {processor.py:208} INFO - Processing /usr/local/python/3.12.1/lib/python3.12/site-packages/airflow/example_dags/example_latest_only.py took 0.051 seconds
[2025-03-31T19:24:28.768+0000] {processor.py:186} INFO - Started process (PID=14253) to work on /usr/local/python/3.12.1/lib/python3.12/site-packages/airflow/example_dags/example_latest_only.py
[2025-03-31T19:24:28.769+0000] {processor.py:914} INFO - Processing file /usr/local/python/3.12.1/lib/python3.12/site-packages/airflow/example_dags/example_latest_only.py for tasks to queue
[2025-03-31T19:24:28.770+0000] {logging_mixin.py:190} INFO - [2025-03-31T19:24:28.770+0000] {dagbag.py:588} INFO - Filling up the DagBag from /usr/local/python/3.12.1/lib/python3.12/site-packages/airflow/example_dags/example_latest_only.py
[2025-03-31T19:24:28.775+0000] {processor.py:925} INFO - DAG(s) 'latest_only' retrieved from /usr/local/python/3.12.1/lib/python3.12/site-packages/airflow/example_dags/example_latest_only.py
[2025-03-31T19:24:28.786+0000] {logging_mixin.py:190} INFO - [2025-03-31T19:24:28.786+0000] {dag.py:3239} INFO - Sync 1 DAGs
[2025-03-31T19:24:28.800+0000] {logging_mixin.py:190} INFO - [2025-03-31T19:24:28.800+0000] {dag.py:4180} INFO - Setting next_dagrun for latest_only to 2025-03-31 12:00:00+00:00, run_after=2025-03-31 16:00:00+00:00
[2025-03-31T19:24:28.815+0000] {processor.py:208} INFO - Processing /usr/local/python/3.12.1/lib/python3.12/site-packages/airflow/example_dags/example_latest_only.py took 0.051 seconds
[2025-03-31T19:25:21.903+0000] {processor.py:186} INFO - Started process (PID=14678) to work on /usr/local/python/3.12.1/lib/python3.12/site-packages/airflow/example_dags/example_latest_only.py
[2025-03-31T19:25:21.904+0000] {processor.py:914} INFO - Processing file /usr/local/python/3.12.1/lib/python3.12/site-packages/airflow/example_dags/example_latest_only.py for tasks to queue
[2025-03-31T19:25:21.905+0000] {logging_mixin.py:190} INFO - [2025-03-31T19:25:21.905+0000] {dagbag.py:588} INFO - Filling up the DagBag from /usr/local/python/3.12.1/lib/python3.12/site-packages/airflow/example_dags/example_latest_only.py
[2025-03-31T19:25:21.911+0000] {processor.py:925} INFO - DAG(s) 'latest_only' retrieved from /usr/local/python/3.12.1/lib/python3.12/site-packages/airflow/example_dags/example_latest_only.py
[2025-03-31T19:25:21.921+0000] {logging_mixin.py:190} INFO - [2025-03-31T19:25:21.921+0000] {dag.py:3239} INFO - Sync 1 DAGs
[2025-03-31T19:25:21.936+0000] {logging_mixin.py:190} INFO - [2025-03-31T19:25:21.936+0000] {dag.py:4180} INFO - Setting next_dagrun for latest_only to 2025-03-31 12:00:00+00:00, run_after=2025-03-31 16:00:00+00:00
[2025-03-31T19:25:21.950+0000] {processor.py:208} INFO - Processing /usr/local/python/3.12.1/lib/python3.12/site-packages/airflow/example_dags/example_latest_only.py took 0.051 seconds
[2025-03-31T19:26:13.998+0000] {processor.py:186} INFO - Started process (PID=15131) to work on /usr/local/python/3.12.1/lib/python3.12/site-packages/airflow/example_dags/example_latest_only.py
[2025-03-31T19:26:13.999+0000] {processor.py:914} INFO - Processing file /usr/local/python/3.12.1/lib/python3.12/site-packages/airflow/example_dags/example_latest_only.py for tasks to queue
[2025-03-31T19:26:14.000+0000] {logging_mixin.py:190} INFO - [2025-03-31T19:26:14.000+0000] {dagbag.py:588} INFO - Filling up the DagBag from /usr/local/python/3.12.1/lib/python3.12/site-packages/airflow/example_dags/example_latest_only.py
[2025-03-31T19:26:14.005+0000] {processor.py:925} INFO - DAG(s) 'latest_only' retrieved from /usr/local/python/3.12.1/lib/python3.12/site-packages/airflow/example_dags/example_latest_only.py
[2025-03-31T19:26:14.016+0000] {logging_mixin.py:190} INFO - [2025-03-31T19:26:14.016+0000] {dag.py:3239} INFO - Sync 1 DAGs
[2025-03-31T19:26:14.031+0000] {logging_mixin.py:190} INFO - [2025-03-31T19:26:14.030+0000] {dag.py:4180} INFO - Setting next_dagrun for latest_only to 2025-03-31 12:00:00+00:00, run_after=2025-03-31 16:00:00+00:00
[2025-03-31T19:26:14.047+0000] {processor.py:208} INFO - Processing /usr/local/python/3.12.1/lib/python3.12/site-packages/airflow/example_dags/example_latest_only.py took 0.054 seconds
[2025-03-31T19:27:06.112+0000] {processor.py:186} INFO - Started process (PID=15578) to work on /usr/local/python/3.12.1/lib/python3.12/site-packages/airflow/example_dags/example_latest_only.py
[2025-03-31T19:27:06.112+0000] {processor.py:914} INFO - Processing file /usr/local/python/3.12.1/lib/python3.12/site-packages/airflow/example_dags/example_latest_only.py for tasks to queue
[2025-03-31T19:27:06.114+0000] {logging_mixin.py:190} INFO - [2025-03-31T19:27:06.113+0000] {dagbag.py:588} INFO - Filling up the DagBag from /usr/local/python/3.12.1/lib/python3.12/site-packages/airflow/example_dags/example_latest_only.py
[2025-03-31T19:27:06.119+0000] {processor.py:925} INFO - DAG(s) 'latest_only' retrieved from /usr/local/python/3.12.1/lib/python3.12/site-packages/airflow/example_dags/example_latest_only.py
[2025-03-31T19:27:06.131+0000] {logging_mixin.py:190} INFO - [2025-03-31T19:27:06.130+0000] {dag.py:3239} INFO - Sync 1 DAGs
[2025-03-31T19:27:06.148+0000] {logging_mixin.py:190} INFO - [2025-03-31T19:27:06.148+0000] {dag.py:4180} INFO - Setting next_dagrun for latest_only to 2025-03-31 12:00:00+00:00, run_after=2025-03-31 16:00:00+00:00
[2025-03-31T19:27:06.166+0000] {processor.py:208} INFO - Processing /usr/local/python/3.12.1/lib/python3.12/site-packages/airflow/example_dags/example_latest_only.py took 0.059 seconds
[2025-03-31T19:27:56.549+0000] {processor.py:186} INFO - Started process (PID=15986) to work on /usr/local/python/3.12.1/lib/python3.12/site-packages/airflow/example_dags/example_latest_only.py
[2025-03-31T19:27:56.550+0000] {processor.py:914} INFO - Processing file /usr/local/python/3.12.1/lib/python3.12/site-packages/airflow/example_dags/example_latest_only.py for tasks to queue
[2025-03-31T19:27:56.552+0000] {logging_mixin.py:190} INFO - [2025-03-31T19:27:56.551+0000] {dagbag.py:588} INFO - Filling up the DagBag from /usr/local/python/3.12.1/lib/python3.12/site-packages/airflow/example_dags/example_latest_only.py
[2025-03-31T19:27:56.559+0000] {processor.py:925} INFO - DAG(s) 'latest_only' retrieved from /usr/local/python/3.12.1/lib/python3.12/site-packages/airflow/example_dags/example_latest_only.py
[2025-03-31T19:27:56.572+0000] {logging_mixin.py:190} INFO - [2025-03-31T19:27:56.572+0000] {dag.py:3239} INFO - Sync 1 DAGs
[2025-03-31T19:27:56.588+0000] {logging_mixin.py:190} INFO - [2025-03-31T19:27:56.588+0000] {dag.py:4180} INFO - Setting next_dagrun for latest_only to 2025-03-31 12:00:00+00:00, run_after=2025-03-31 16:00:00+00:00
[2025-03-31T19:27:56.602+0000] {processor.py:208} INFO - Processing /usr/local/python/3.12.1/lib/python3.12/site-packages/airflow/example_dags/example_latest_only.py took 0.059 seconds
[2025-03-31T19:29:20.498+0000] {processor.py:186} INFO - Started process (PID=16806) to work on /usr/local/python/3.12.1/lib/python3.12/site-packages/airflow/example_dags/example_latest_only.py
[2025-03-31T19:29:20.498+0000] {processor.py:914} INFO - Processing file /usr/local/python/3.12.1/lib/python3.12/site-packages/airflow/example_dags/example_latest_only.py for tasks to queue
[2025-03-31T19:29:20.500+0000] {logging_mixin.py:190} INFO - [2025-03-31T19:29:20.499+0000] {dagbag.py:588} INFO - Filling up the DagBag from /usr/local/python/3.12.1/lib/python3.12/site-packages/airflow/example_dags/example_latest_only.py
[2025-03-31T19:29:20.505+0000] {processor.py:925} INFO - DAG(s) 'latest_only' retrieved from /usr/local/python/3.12.1/lib/python3.12/site-packages/airflow/example_dags/example_latest_only.py
[2025-03-31T19:29:20.517+0000] {logging_mixin.py:190} INFO - [2025-03-31T19:29:20.517+0000] {dag.py:3239} INFO - Sync 1 DAGs
[2025-03-31T19:29:20.533+0000] {logging_mixin.py:190} INFO - [2025-03-31T19:29:20.533+0000] {dag.py:4180} INFO - Setting next_dagrun for latest_only to 2025-03-31 12:00:00+00:00, run_after=2025-03-31 16:00:00+00:00
[2025-03-31T19:29:20.547+0000] {processor.py:208} INFO - Processing /usr/local/python/3.12.1/lib/python3.12/site-packages/airflow/example_dags/example_latest_only.py took 0.054 seconds
[2025-03-31T19:30:19.320+0000] {processor.py:186} INFO - Started process (PID=17276) to work on /usr/local/python/3.12.1/lib/python3.12/site-packages/airflow/example_dags/example_latest_only.py
[2025-03-31T19:30:19.321+0000] {processor.py:914} INFO - Processing file /usr/local/python/3.12.1/lib/python3.12/site-packages/airflow/example_dags/example_latest_only.py for tasks to queue
[2025-03-31T19:30:19.322+0000] {logging_mixin.py:190} INFO - [2025-03-31T19:30:19.322+0000] {dagbag.py:588} INFO - Filling up the DagBag from /usr/local/python/3.12.1/lib/python3.12/site-packages/airflow/example_dags/example_latest_only.py
[2025-03-31T19:30:19.328+0000] {processor.py:925} INFO - DAG(s) 'latest_only' retrieved from /usr/local/python/3.12.1/lib/python3.12/site-packages/airflow/example_dags/example_latest_only.py
[2025-03-31T19:30:19.338+0000] {logging_mixin.py:190} INFO - [2025-03-31T19:30:19.338+0000] {dag.py:3239} INFO - Sync 1 DAGs
[2025-03-31T19:30:19.354+0000] {logging_mixin.py:190} INFO - [2025-03-31T19:30:19.354+0000] {dag.py:4180} INFO - Setting next_dagrun for latest_only to 2025-03-31 12:00:00+00:00, run_after=2025-03-31 16:00:00+00:00
[2025-03-31T19:30:19.372+0000] {processor.py:208} INFO - Processing /usr/local/python/3.12.1/lib/python3.12/site-packages/airflow/example_dags/example_latest_only.py took 0.055 seconds
[2025-03-31T19:31:16.454+0000] {processor.py:186} INFO - Started process (PID=17735) to work on /usr/local/python/3.12.1/lib/python3.12/site-packages/airflow/example_dags/example_latest_only.py
[2025-03-31T19:31:16.455+0000] {processor.py:914} INFO - Processing file /usr/local/python/3.12.1/lib/python3.12/site-packages/airflow/example_dags/example_latest_only.py for tasks to queue
[2025-03-31T19:31:16.456+0000] {logging_mixin.py:190} INFO - [2025-03-31T19:31:16.456+0000] {dagbag.py:588} INFO - Filling up the DagBag from /usr/local/python/3.12.1/lib/python3.12/site-packages/airflow/example_dags/example_latest_only.py
[2025-03-31T19:31:16.462+0000] {processor.py:925} INFO - DAG(s) 'latest_only' retrieved from /usr/local/python/3.12.1/lib/python3.12/site-packages/airflow/example_dags/example_latest_only.py
[2025-03-31T19:31:16.472+0000] {logging_mixin.py:190} INFO - [2025-03-31T19:31:16.472+0000] {dag.py:3239} INFO - Sync 1 DAGs
[2025-03-31T19:31:16.487+0000] {logging_mixin.py:190} INFO - [2025-03-31T19:31:16.487+0000] {dag.py:4180} INFO - Setting next_dagrun for latest_only to 2025-03-31 12:00:00+00:00, run_after=2025-03-31 16:00:00+00:00
[2025-03-31T19:31:16.501+0000] {processor.py:208} INFO - Processing /usr/local/python/3.12.1/lib/python3.12/site-packages/airflow/example_dags/example_latest_only.py took 0.051 seconds
[2025-03-31T19:32:13.984+0000] {processor.py:186} INFO - Started process (PID=18195) to work on /usr/local/python/3.12.1/lib/python3.12/site-packages/airflow/example_dags/example_latest_only.py
[2025-03-31T19:32:13.985+0000] {processor.py:914} INFO - Processing file /usr/local/python/3.12.1/lib/python3.12/site-packages/airflow/example_dags/example_latest_only.py for tasks to queue
[2025-03-31T19:32:13.986+0000] {logging_mixin.py:190} INFO - [2025-03-31T19:32:13.986+0000] {dagbag.py:588} INFO - Filling up the DagBag from /usr/local/python/3.12.1/lib/python3.12/site-packages/airflow/example_dags/example_latest_only.py
[2025-03-31T19:32:13.991+0000] {processor.py:925} INFO - DAG(s) 'latest_only' retrieved from /usr/local/python/3.12.1/lib/python3.12/site-packages/airflow/example_dags/example_latest_only.py
[2025-03-31T19:32:14.002+0000] {logging_mixin.py:190} INFO - [2025-03-31T19:32:14.002+0000] {dag.py:3239} INFO - Sync 1 DAGs
[2025-03-31T19:32:14.017+0000] {logging_mixin.py:190} INFO - [2025-03-31T19:32:14.017+0000] {dag.py:4180} INFO - Setting next_dagrun for latest_only to 2025-03-31 12:00:00+00:00, run_after=2025-03-31 16:00:00+00:00
[2025-03-31T19:32:14.032+0000] {processor.py:208} INFO - Processing /usr/local/python/3.12.1/lib/python3.12/site-packages/airflow/example_dags/example_latest_only.py took 0.052 seconds
[2025-03-31T19:33:09.324+0000] {processor.py:186} INFO - Started process (PID=18637) to work on /usr/local/python/3.12.1/lib/python3.12/site-packages/airflow/example_dags/example_latest_only.py
[2025-03-31T19:33:09.325+0000] {processor.py:914} INFO - Processing file /usr/local/python/3.12.1/lib/python3.12/site-packages/airflow/example_dags/example_latest_only.py for tasks to queue
[2025-03-31T19:33:09.326+0000] {logging_mixin.py:190} INFO - [2025-03-31T19:33:09.326+0000] {dagbag.py:588} INFO - Filling up the DagBag from /usr/local/python/3.12.1/lib/python3.12/site-packages/airflow/example_dags/example_latest_only.py
[2025-03-31T19:33:09.331+0000] {processor.py:925} INFO - DAG(s) 'latest_only' retrieved from /usr/local/python/3.12.1/lib/python3.12/site-packages/airflow/example_dags/example_latest_only.py
[2025-03-31T19:33:09.342+0000] {logging_mixin.py:190} INFO - [2025-03-31T19:33:09.341+0000] {dag.py:3239} INFO - Sync 1 DAGs
[2025-03-31T19:33:09.357+0000] {logging_mixin.py:190} INFO - [2025-03-31T19:33:09.357+0000] {dag.py:4180} INFO - Setting next_dagrun for latest_only to 2025-03-31 12:00:00+00:00, run_after=2025-03-31 16:00:00+00:00
[2025-03-31T19:33:09.371+0000] {processor.py:208} INFO - Processing /usr/local/python/3.12.1/lib/python3.12/site-packages/airflow/example_dags/example_latest_only.py took 0.051 seconds
[2025-03-31T19:34:08.910+0000] {processor.py:186} INFO - Started process (PID=19118) to work on /usr/local/python/3.12.1/lib/python3.12/site-packages/airflow/example_dags/example_latest_only.py
[2025-03-31T19:34:08.910+0000] {processor.py:914} INFO - Processing file /usr/local/python/3.12.1/lib/python3.12/site-packages/airflow/example_dags/example_latest_only.py for tasks to queue
[2025-03-31T19:34:08.912+0000] {logging_mixin.py:190} INFO - [2025-03-31T19:34:08.911+0000] {dagbag.py:588} INFO - Filling up the DagBag from /usr/local/python/3.12.1/lib/python3.12/site-packages/airflow/example_dags/example_latest_only.py
[2025-03-31T19:34:08.917+0000] {processor.py:925} INFO - DAG(s) 'latest_only' retrieved from /usr/local/python/3.12.1/lib/python3.12/site-packages/airflow/example_dags/example_latest_only.py
[2025-03-31T19:34:08.928+0000] {logging_mixin.py:190} INFO - [2025-03-31T19:34:08.927+0000] {dag.py:3239} INFO - Sync 1 DAGs
[2025-03-31T19:34:08.942+0000] {logging_mixin.py:190} INFO - [2025-03-31T19:34:08.942+0000] {dag.py:4180} INFO - Setting next_dagrun for latest_only to 2025-03-31 12:00:00+00:00, run_after=2025-03-31 16:00:00+00:00
[2025-03-31T19:34:08.956+0000] {processor.py:208} INFO - Processing /usr/local/python/3.12.1/lib/python3.12/site-packages/airflow/example_dags/example_latest_only.py took 0.051 seconds
[2025-03-31T19:35:05.465+0000] {processor.py:186} INFO - Started process (PID=19588) to work on /usr/local/python/3.12.1/lib/python3.12/site-packages/airflow/example_dags/example_latest_only.py
[2025-03-31T19:35:05.466+0000] {processor.py:914} INFO - Processing file /usr/local/python/3.12.1/lib/python3.12/site-packages/airflow/example_dags/example_latest_only.py for tasks to queue
[2025-03-31T19:35:05.467+0000] {logging_mixin.py:190} INFO - [2025-03-31T19:35:05.467+0000] {dagbag.py:588} INFO - Filling up the DagBag from /usr/local/python/3.12.1/lib/python3.12/site-packages/airflow/example_dags/example_latest_only.py
[2025-03-31T19:35:05.473+0000] {processor.py:925} INFO - DAG(s) 'latest_only' retrieved from /usr/local/python/3.12.1/lib/python3.12/site-packages/airflow/example_dags/example_latest_only.py
[2025-03-31T19:35:05.483+0000] {logging_mixin.py:190} INFO - [2025-03-31T19:35:05.483+0000] {dag.py:3239} INFO - Sync 1 DAGs
[2025-03-31T19:35:05.498+0000] {logging_mixin.py:190} INFO - [2025-03-31T19:35:05.498+0000] {dag.py:4180} INFO - Setting next_dagrun for latest_only to 2025-03-31 12:00:00+00:00, run_after=2025-03-31 16:00:00+00:00
[2025-03-31T19:35:05.513+0000] {processor.py:208} INFO - Processing /usr/local/python/3.12.1/lib/python3.12/site-packages/airflow/example_dags/example_latest_only.py took 0.052 seconds
[2025-03-31T19:36:03.096+0000] {processor.py:186} INFO - Started process (PID=20047) to work on /usr/local/python/3.12.1/lib/python3.12/site-packages/airflow/example_dags/example_latest_only.py
[2025-03-31T19:36:03.097+0000] {processor.py:914} INFO - Processing file /usr/local/python/3.12.1/lib/python3.12/site-packages/airflow/example_dags/example_latest_only.py for tasks to queue
[2025-03-31T19:36:03.098+0000] {logging_mixin.py:190} INFO - [2025-03-31T19:36:03.098+0000] {dagbag.py:588} INFO - Filling up the DagBag from /usr/local/python/3.12.1/lib/python3.12/site-packages/airflow/example_dags/example_latest_only.py
[2025-03-31T19:36:03.104+0000] {processor.py:925} INFO - DAG(s) 'latest_only' retrieved from /usr/local/python/3.12.1/lib/python3.12/site-packages/airflow/example_dags/example_latest_only.py
[2025-03-31T19:36:03.114+0000] {logging_mixin.py:190} INFO - [2025-03-31T19:36:03.114+0000] {dag.py:3239} INFO - Sync 1 DAGs
[2025-03-31T19:36:03.130+0000] {logging_mixin.py:190} INFO - [2025-03-31T19:36:03.130+0000] {dag.py:4180} INFO - Setting next_dagrun for latest_only to 2025-03-31 12:00:00+00:00, run_after=2025-03-31 16:00:00+00:00
[2025-03-31T19:36:03.144+0000] {processor.py:208} INFO - Processing /usr/local/python/3.12.1/lib/python3.12/site-packages/airflow/example_dags/example_latest_only.py took 0.052 seconds
[2025-03-31T19:36:58.601+0000] {processor.py:186} INFO - Started process (PID=20509) to work on /usr/local/python/3.12.1/lib/python3.12/site-packages/airflow/example_dags/example_latest_only.py
[2025-03-31T19:36:58.602+0000] {processor.py:914} INFO - Processing file /usr/local/python/3.12.1/lib/python3.12/site-packages/airflow/example_dags/example_latest_only.py for tasks to queue
[2025-03-31T19:36:58.604+0000] {logging_mixin.py:190} INFO - [2025-03-31T19:36:58.604+0000] {dagbag.py:588} INFO - Filling up the DagBag from /usr/local/python/3.12.1/lib/python3.12/site-packages/airflow/example_dags/example_latest_only.py
[2025-03-31T19:36:58.611+0000] {processor.py:925} INFO - DAG(s) 'latest_only' retrieved from /usr/local/python/3.12.1/lib/python3.12/site-packages/airflow/example_dags/example_latest_only.py
[2025-03-31T19:36:58.625+0000] {logging_mixin.py:190} INFO - [2025-03-31T19:36:58.624+0000] {dag.py:3239} INFO - Sync 1 DAGs
[2025-03-31T19:36:58.641+0000] {logging_mixin.py:190} INFO - [2025-03-31T19:36:58.641+0000] {dag.py:4180} INFO - Setting next_dagrun for latest_only to 2025-03-31 12:00:00+00:00, run_after=2025-03-31 16:00:00+00:00
[2025-03-31T19:36:58.657+0000] {processor.py:208} INFO - Processing /usr/local/python/3.12.1/lib/python3.12/site-packages/airflow/example_dags/example_latest_only.py took 0.061 seconds
[2025-03-31T19:37:55.055+0000] {processor.py:186} INFO - Started process (PID=20959) to work on /usr/local/python/3.12.1/lib/python3.12/site-packages/airflow/example_dags/example_latest_only.py
[2025-03-31T19:37:55.056+0000] {processor.py:914} INFO - Processing file /usr/local/python/3.12.1/lib/python3.12/site-packages/airflow/example_dags/example_latest_only.py for tasks to queue
[2025-03-31T19:37:55.057+0000] {logging_mixin.py:190} INFO - [2025-03-31T19:37:55.057+0000] {dagbag.py:588} INFO - Filling up the DagBag from /usr/local/python/3.12.1/lib/python3.12/site-packages/airflow/example_dags/example_latest_only.py
[2025-03-31T19:37:55.063+0000] {processor.py:925} INFO - DAG(s) 'latest_only' retrieved from /usr/local/python/3.12.1/lib/python3.12/site-packages/airflow/example_dags/example_latest_only.py
[2025-03-31T19:37:55.074+0000] {logging_mixin.py:190} INFO - [2025-03-31T19:37:55.073+0000] {dag.py:3239} INFO - Sync 1 DAGs
[2025-03-31T19:37:55.089+0000] {logging_mixin.py:190} INFO - [2025-03-31T19:37:55.089+0000] {dag.py:4180} INFO - Setting next_dagrun for latest_only to 2025-03-31 12:00:00+00:00, run_after=2025-03-31 16:00:00+00:00
[2025-03-31T19:37:55.104+0000] {processor.py:208} INFO - Processing /usr/local/python/3.12.1/lib/python3.12/site-packages/airflow/example_dags/example_latest_only.py took 0.053 seconds
