[2025-03-31T19:06:15.362+0000] {processor.py:186} INFO - Started process (PID=5114) to work on /usr/local/python/3.12.1/lib/python3.12/site-packages/airflow/example_dags/example_xcomargs.py
[2025-03-31T19:06:15.363+0000] {processor.py:914} INFO - Processing file /usr/local/python/3.12.1/lib/python3.12/site-packages/airflow/example_dags/example_xcomargs.py for tasks to queue
[2025-03-31T19:06:15.364+0000] {logging_mixin.py:190} INFO - [2025-03-31T19:06:15.364+0000] {dagbag.py:588} INFO - Filling up the DagBag from /usr/local/python/3.12.1/lib/python3.12/site-packages/airflow/example_dags/example_xcomargs.py
[2025-03-31T19:06:15.372+0000] {processor.py:925} INFO - DAG(s) 'example_xcom_args', 'example_xcom_args_with_operators' retrieved from /usr/local/python/3.12.1/lib/python3.12/site-packages/airflow/example_dags/example_xcomargs.py
[2025-03-31T19:06:15.390+0000] {logging_mixin.py:190} INFO - [2025-03-31T19:06:15.390+0000] {dag.py:3239} INFO - Sync 2 DAGs
[2025-03-31T19:06:15.400+0000] {logging_mixin.py:190} INFO - [2025-03-31T19:06:15.399+0000] {dag.py:4180} INFO - Setting next_dagrun for example_xcom_args to None, run_after=None
[2025-03-31T19:06:15.402+0000] {logging_mixin.py:190} INFO - [2025-03-31T19:06:15.402+0000] {dag.py:4180} INFO - Setting next_dagrun for example_xcom_args_with_operators to None, run_after=None
[2025-03-31T19:06:15.415+0000] {processor.py:208} INFO - Processing /usr/local/python/3.12.1/lib/python3.12/site-packages/airflow/example_dags/example_xcomargs.py took 0.057 seconds
[2025-03-31T19:07:13.059+0000] {processor.py:186} INFO - Started process (PID=5592) to work on /usr/local/python/3.12.1/lib/python3.12/site-packages/airflow/example_dags/example_xcomargs.py
[2025-03-31T19:07:13.060+0000] {processor.py:914} INFO - Processing file /usr/local/python/3.12.1/lib/python3.12/site-packages/airflow/example_dags/example_xcomargs.py for tasks to queue
[2025-03-31T19:07:13.061+0000] {logging_mixin.py:190} INFO - [2025-03-31T19:07:13.061+0000] {dagbag.py:588} INFO - Filling up the DagBag from /usr/local/python/3.12.1/lib/python3.12/site-packages/airflow/example_dags/example_xcomargs.py
[2025-03-31T19:07:13.071+0000] {processor.py:925} INFO - DAG(s) 'example_xcom_args', 'example_xcom_args_with_operators' retrieved from /usr/local/python/3.12.1/lib/python3.12/site-packages/airflow/example_dags/example_xcomargs.py
[2025-03-31T19:07:13.089+0000] {logging_mixin.py:190} INFO - [2025-03-31T19:07:13.089+0000] {dag.py:3239} INFO - Sync 2 DAGs
[2025-03-31T19:07:13.101+0000] {logging_mixin.py:190} INFO - [2025-03-31T19:07:13.101+0000] {dag.py:4180} INFO - Setting next_dagrun for example_xcom_args to None, run_after=None
[2025-03-31T19:07:13.104+0000] {logging_mixin.py:190} INFO - [2025-03-31T19:07:13.104+0000] {dag.py:4180} INFO - Setting next_dagrun for example_xcom_args_with_operators to None, run_after=None
[2025-03-31T19:07:13.119+0000] {processor.py:208} INFO - Processing /usr/local/python/3.12.1/lib/python3.12/site-packages/airflow/example_dags/example_xcomargs.py took 0.064 seconds
[2025-03-31T19:08:07.791+0000] {processor.py:186} INFO - Started process (PID=6074) to work on /usr/local/python/3.12.1/lib/python3.12/site-packages/airflow/example_dags/example_xcomargs.py
[2025-03-31T19:08:07.792+0000] {processor.py:914} INFO - Processing file /usr/local/python/3.12.1/lib/python3.12/site-packages/airflow/example_dags/example_xcomargs.py for tasks to queue
[2025-03-31T19:08:07.793+0000] {logging_mixin.py:190} INFO - [2025-03-31T19:08:07.793+0000] {dagbag.py:588} INFO - Filling up the DagBag from /usr/local/python/3.12.1/lib/python3.12/site-packages/airflow/example_dags/example_xcomargs.py
[2025-03-31T19:08:07.801+0000] {processor.py:925} INFO - DAG(s) 'example_xcom_args', 'example_xcom_args_with_operators' retrieved from /usr/local/python/3.12.1/lib/python3.12/site-packages/airflow/example_dags/example_xcomargs.py
[2025-03-31T19:08:07.816+0000] {logging_mixin.py:190} INFO - [2025-03-31T19:08:07.816+0000] {dag.py:3239} INFO - Sync 2 DAGs
[2025-03-31T19:08:07.826+0000] {logging_mixin.py:190} INFO - [2025-03-31T19:08:07.825+0000] {dag.py:4180} INFO - Setting next_dagrun for example_xcom_args to None, run_after=None
[2025-03-31T19:08:07.828+0000] {logging_mixin.py:190} INFO - [2025-03-31T19:08:07.828+0000] {dag.py:4180} INFO - Setting next_dagrun for example_xcom_args_with_operators to None, run_after=None
[2025-03-31T19:08:07.847+0000] {processor.py:208} INFO - Processing /usr/local/python/3.12.1/lib/python3.12/site-packages/airflow/example_dags/example_xcomargs.py took 0.060 seconds
[2025-03-31T19:09:02.476+0000] {processor.py:186} INFO - Started process (PID=6522) to work on /usr/local/python/3.12.1/lib/python3.12/site-packages/airflow/example_dags/example_xcomargs.py
[2025-03-31T19:09:02.476+0000] {processor.py:914} INFO - Processing file /usr/local/python/3.12.1/lib/python3.12/site-packages/airflow/example_dags/example_xcomargs.py for tasks to queue
[2025-03-31T19:09:02.478+0000] {logging_mixin.py:190} INFO - [2025-03-31T19:09:02.478+0000] {dagbag.py:588} INFO - Filling up the DagBag from /usr/local/python/3.12.1/lib/python3.12/site-packages/airflow/example_dags/example_xcomargs.py
[2025-03-31T19:09:02.489+0000] {processor.py:925} INFO - DAG(s) 'example_xcom_args', 'example_xcom_args_with_operators' retrieved from /usr/local/python/3.12.1/lib/python3.12/site-packages/airflow/example_dags/example_xcomargs.py
[2025-03-31T19:09:02.504+0000] {logging_mixin.py:190} INFO - [2025-03-31T19:09:02.504+0000] {dag.py:3239} INFO - Sync 2 DAGs
[2025-03-31T19:09:02.515+0000] {logging_mixin.py:190} INFO - [2025-03-31T19:09:02.515+0000] {dag.py:4180} INFO - Setting next_dagrun for example_xcom_args to None, run_after=None
[2025-03-31T19:09:02.518+0000] {logging_mixin.py:190} INFO - [2025-03-31T19:09:02.518+0000] {dag.py:4180} INFO - Setting next_dagrun for example_xcom_args_with_operators to None, run_after=None
[2025-03-31T19:09:02.531+0000] {processor.py:208} INFO - Processing /usr/local/python/3.12.1/lib/python3.12/site-packages/airflow/example_dags/example_xcomargs.py took 0.059 seconds
[2025-03-31T19:09:54.406+0000] {processor.py:186} INFO - Started process (PID=6924) to work on /usr/local/python/3.12.1/lib/python3.12/site-packages/airflow/example_dags/example_xcomargs.py
[2025-03-31T19:09:54.406+0000] {processor.py:914} INFO - Processing file /usr/local/python/3.12.1/lib/python3.12/site-packages/airflow/example_dags/example_xcomargs.py for tasks to queue
[2025-03-31T19:09:54.408+0000] {logging_mixin.py:190} INFO - [2025-03-31T19:09:54.407+0000] {dagbag.py:588} INFO - Filling up the DagBag from /usr/local/python/3.12.1/lib/python3.12/site-packages/airflow/example_dags/example_xcomargs.py
[2025-03-31T19:09:54.415+0000] {processor.py:925} INFO - DAG(s) 'example_xcom_args_with_operators', 'example_xcom_args' retrieved from /usr/local/python/3.12.1/lib/python3.12/site-packages/airflow/example_dags/example_xcomargs.py
[2025-03-31T19:09:54.428+0000] {logging_mixin.py:190} INFO - [2025-03-31T19:09:54.428+0000] {dag.py:3239} INFO - Sync 2 DAGs
[2025-03-31T19:09:54.438+0000] {logging_mixin.py:190} INFO - [2025-03-31T19:09:54.438+0000] {dag.py:4180} INFO - Setting next_dagrun for example_xcom_args to None, run_after=None
[2025-03-31T19:09:54.440+0000] {logging_mixin.py:190} INFO - [2025-03-31T19:09:54.440+0000] {dag.py:4180} INFO - Setting next_dagrun for example_xcom_args_with_operators to None, run_after=None
[2025-03-31T19:09:54.454+0000] {processor.py:208} INFO - Processing /usr/local/python/3.12.1/lib/python3.12/site-packages/airflow/example_dags/example_xcomargs.py took 0.052 seconds
[2025-03-31T19:10:44.877+0000] {processor.py:186} INFO - Started process (PID=7329) to work on /usr/local/python/3.12.1/lib/python3.12/site-packages/airflow/example_dags/example_xcomargs.py
[2025-03-31T19:10:44.877+0000] {processor.py:914} INFO - Processing file /usr/local/python/3.12.1/lib/python3.12/site-packages/airflow/example_dags/example_xcomargs.py for tasks to queue
[2025-03-31T19:10:44.879+0000] {logging_mixin.py:190} INFO - [2025-03-31T19:10:44.879+0000] {dagbag.py:588} INFO - Filling up the DagBag from /usr/local/python/3.12.1/lib/python3.12/site-packages/airflow/example_dags/example_xcomargs.py
[2025-03-31T19:10:44.887+0000] {processor.py:925} INFO - DAG(s) 'example_xcom_args_with_operators', 'example_xcom_args' retrieved from /usr/local/python/3.12.1/lib/python3.12/site-packages/airflow/example_dags/example_xcomargs.py
[2025-03-31T19:10:44.900+0000] {logging_mixin.py:190} INFO - [2025-03-31T19:10:44.899+0000] {dag.py:3239} INFO - Sync 2 DAGs
[2025-03-31T19:10:44.909+0000] {logging_mixin.py:190} INFO - [2025-03-31T19:10:44.909+0000] {dag.py:4180} INFO - Setting next_dagrun for example_xcom_args to None, run_after=None
[2025-03-31T19:10:44.911+0000] {logging_mixin.py:190} INFO - [2025-03-31T19:10:44.911+0000] {dag.py:4180} INFO - Setting next_dagrun for example_xcom_args_with_operators to None, run_after=None
[2025-03-31T19:10:44.924+0000] {processor.py:208} INFO - Processing /usr/local/python/3.12.1/lib/python3.12/site-packages/airflow/example_dags/example_xcomargs.py took 0.052 seconds
[2025-03-31T19:11:37.144+0000] {processor.py:186} INFO - Started process (PID=7754) to work on /usr/local/python/3.12.1/lib/python3.12/site-packages/airflow/example_dags/example_xcomargs.py
[2025-03-31T19:11:37.144+0000] {processor.py:914} INFO - Processing file /usr/local/python/3.12.1/lib/python3.12/site-packages/airflow/example_dags/example_xcomargs.py for tasks to queue
[2025-03-31T19:11:37.146+0000] {logging_mixin.py:190} INFO - [2025-03-31T19:11:37.145+0000] {dagbag.py:588} INFO - Filling up the DagBag from /usr/local/python/3.12.1/lib/python3.12/site-packages/airflow/example_dags/example_xcomargs.py
[2025-03-31T19:11:37.153+0000] {processor.py:925} INFO - DAG(s) 'example_xcom_args', 'example_xcom_args_with_operators' retrieved from /usr/local/python/3.12.1/lib/python3.12/site-packages/airflow/example_dags/example_xcomargs.py
[2025-03-31T19:11:37.166+0000] {logging_mixin.py:190} INFO - [2025-03-31T19:11:37.166+0000] {dag.py:3239} INFO - Sync 2 DAGs
[2025-03-31T19:11:37.176+0000] {logging_mixin.py:190} INFO - [2025-03-31T19:11:37.176+0000] {dag.py:4180} INFO - Setting next_dagrun for example_xcom_args to None, run_after=None
[2025-03-31T19:11:37.179+0000] {logging_mixin.py:190} INFO - [2025-03-31T19:11:37.178+0000] {dag.py:4180} INFO - Setting next_dagrun for example_xcom_args_with_operators to None, run_after=None
[2025-03-31T19:11:37.191+0000] {processor.py:208} INFO - Processing /usr/local/python/3.12.1/lib/python3.12/site-packages/airflow/example_dags/example_xcomargs.py took 0.051 seconds
[2025-03-31T19:12:31.369+0000] {processor.py:186} INFO - Started process (PID=8170) to work on /usr/local/python/3.12.1/lib/python3.12/site-packages/airflow/example_dags/example_xcomargs.py
[2025-03-31T19:12:31.370+0000] {processor.py:914} INFO - Processing file /usr/local/python/3.12.1/lib/python3.12/site-packages/airflow/example_dags/example_xcomargs.py for tasks to queue
[2025-03-31T19:12:31.371+0000] {logging_mixin.py:190} INFO - [2025-03-31T19:12:31.371+0000] {dagbag.py:588} INFO - Filling up the DagBag from /usr/local/python/3.12.1/lib/python3.12/site-packages/airflow/example_dags/example_xcomargs.py
[2025-03-31T19:12:31.379+0000] {processor.py:925} INFO - DAG(s) 'example_xcom_args_with_operators', 'example_xcom_args' retrieved from /usr/local/python/3.12.1/lib/python3.12/site-packages/airflow/example_dags/example_xcomargs.py
[2025-03-31T19:12:31.392+0000] {logging_mixin.py:190} INFO - [2025-03-31T19:12:31.392+0000] {dag.py:3239} INFO - Sync 2 DAGs
[2025-03-31T19:12:31.402+0000] {logging_mixin.py:190} INFO - [2025-03-31T19:12:31.402+0000] {dag.py:4180} INFO - Setting next_dagrun for example_xcom_args to None, run_after=None
[2025-03-31T19:12:31.405+0000] {logging_mixin.py:190} INFO - [2025-03-31T19:12:31.404+0000] {dag.py:4180} INFO - Setting next_dagrun for example_xcom_args_with_operators to None, run_after=None
[2025-03-31T19:12:31.417+0000] {processor.py:208} INFO - Processing /usr/local/python/3.12.1/lib/python3.12/site-packages/airflow/example_dags/example_xcomargs.py took 0.052 seconds
[2025-03-31T19:13:23.568+0000] {processor.py:186} INFO - Started process (PID=8583) to work on /usr/local/python/3.12.1/lib/python3.12/site-packages/airflow/example_dags/example_xcomargs.py
[2025-03-31T19:13:23.569+0000] {processor.py:914} INFO - Processing file /usr/local/python/3.12.1/lib/python3.12/site-packages/airflow/example_dags/example_xcomargs.py for tasks to queue
[2025-03-31T19:13:23.570+0000] {logging_mixin.py:190} INFO - [2025-03-31T19:13:23.570+0000] {dagbag.py:588} INFO - Filling up the DagBag from /usr/local/python/3.12.1/lib/python3.12/site-packages/airflow/example_dags/example_xcomargs.py
[2025-03-31T19:13:23.577+0000] {processor.py:925} INFO - DAG(s) 'example_xcom_args', 'example_xcom_args_with_operators' retrieved from /usr/local/python/3.12.1/lib/python3.12/site-packages/airflow/example_dags/example_xcomargs.py
[2025-03-31T19:13:23.590+0000] {logging_mixin.py:190} INFO - [2025-03-31T19:13:23.590+0000] {dag.py:3239} INFO - Sync 2 DAGs
[2025-03-31T19:13:23.600+0000] {logging_mixin.py:190} INFO - [2025-03-31T19:13:23.600+0000] {dag.py:4180} INFO - Setting next_dagrun for example_xcom_args to None, run_after=None
[2025-03-31T19:13:23.602+0000] {logging_mixin.py:190} INFO - [2025-03-31T19:13:23.602+0000] {dag.py:4180} INFO - Setting next_dagrun for example_xcom_args_with_operators to None, run_after=None
[2025-03-31T19:13:23.615+0000] {processor.py:208} INFO - Processing /usr/local/python/3.12.1/lib/python3.12/site-packages/airflow/example_dags/example_xcomargs.py took 0.051 seconds
[2025-03-31T19:14:17.837+0000] {processor.py:186} INFO - Started process (PID=9007) to work on /usr/local/python/3.12.1/lib/python3.12/site-packages/airflow/example_dags/example_xcomargs.py
[2025-03-31T19:14:17.837+0000] {processor.py:914} INFO - Processing file /usr/local/python/3.12.1/lib/python3.12/site-packages/airflow/example_dags/example_xcomargs.py for tasks to queue
[2025-03-31T19:14:17.839+0000] {logging_mixin.py:190} INFO - [2025-03-31T19:14:17.839+0000] {dagbag.py:588} INFO - Filling up the DagBag from /usr/local/python/3.12.1/lib/python3.12/site-packages/airflow/example_dags/example_xcomargs.py
[2025-03-31T19:14:17.846+0000] {processor.py:925} INFO - DAG(s) 'example_xcom_args', 'example_xcom_args_with_operators' retrieved from /usr/local/python/3.12.1/lib/python3.12/site-packages/airflow/example_dags/example_xcomargs.py
[2025-03-31T19:14:17.859+0000] {logging_mixin.py:190} INFO - [2025-03-31T19:14:17.859+0000] {dag.py:3239} INFO - Sync 2 DAGs
[2025-03-31T19:14:17.868+0000] {logging_mixin.py:190} INFO - [2025-03-31T19:14:17.868+0000] {dag.py:4180} INFO - Setting next_dagrun for example_xcom_args to None, run_after=None
[2025-03-31T19:14:17.871+0000] {logging_mixin.py:190} INFO - [2025-03-31T19:14:17.871+0000] {dag.py:4180} INFO - Setting next_dagrun for example_xcom_args_with_operators to None, run_after=None
[2025-03-31T19:14:17.883+0000] {processor.py:208} INFO - Processing /usr/local/python/3.12.1/lib/python3.12/site-packages/airflow/example_dags/example_xcomargs.py took 0.050 seconds
[2025-03-31T19:15:08.196+0000] {processor.py:186} INFO - Started process (PID=9399) to work on /usr/local/python/3.12.1/lib/python3.12/site-packages/airflow/example_dags/example_xcomargs.py
[2025-03-31T19:15:08.196+0000] {processor.py:914} INFO - Processing file /usr/local/python/3.12.1/lib/python3.12/site-packages/airflow/example_dags/example_xcomargs.py for tasks to queue
[2025-03-31T19:15:08.198+0000] {logging_mixin.py:190} INFO - [2025-03-31T19:15:08.198+0000] {dagbag.py:588} INFO - Filling up the DagBag from /usr/local/python/3.12.1/lib/python3.12/site-packages/airflow/example_dags/example_xcomargs.py
[2025-03-31T19:15:08.205+0000] {processor.py:925} INFO - DAG(s) 'example_xcom_args_with_operators', 'example_xcom_args' retrieved from /usr/local/python/3.12.1/lib/python3.12/site-packages/airflow/example_dags/example_xcomargs.py
[2025-03-31T19:15:08.218+0000] {logging_mixin.py:190} INFO - [2025-03-31T19:15:08.218+0000] {dag.py:3239} INFO - Sync 2 DAGs
[2025-03-31T19:15:08.228+0000] {logging_mixin.py:190} INFO - [2025-03-31T19:15:08.227+0000] {dag.py:4180} INFO - Setting next_dagrun for example_xcom_args to None, run_after=None
[2025-03-31T19:15:08.230+0000] {logging_mixin.py:190} INFO - [2025-03-31T19:15:08.230+0000] {dag.py:4180} INFO - Setting next_dagrun for example_xcom_args_with_operators to None, run_after=None
[2025-03-31T19:15:08.243+0000] {processor.py:208} INFO - Processing /usr/local/python/3.12.1/lib/python3.12/site-packages/airflow/example_dags/example_xcomargs.py took 0.051 seconds
[2025-03-31T19:15:57.557+0000] {processor.py:186} INFO - Started process (PID=9802) to work on /usr/local/python/3.12.1/lib/python3.12/site-packages/airflow/example_dags/example_xcomargs.py
[2025-03-31T19:15:57.557+0000] {processor.py:914} INFO - Processing file /usr/local/python/3.12.1/lib/python3.12/site-packages/airflow/example_dags/example_xcomargs.py for tasks to queue
[2025-03-31T19:15:57.559+0000] {logging_mixin.py:190} INFO - [2025-03-31T19:15:57.559+0000] {dagbag.py:588} INFO - Filling up the DagBag from /usr/local/python/3.12.1/lib/python3.12/site-packages/airflow/example_dags/example_xcomargs.py
[2025-03-31T19:15:57.566+0000] {processor.py:925} INFO - DAG(s) 'example_xcom_args_with_operators', 'example_xcom_args' retrieved from /usr/local/python/3.12.1/lib/python3.12/site-packages/airflow/example_dags/example_xcomargs.py
[2025-03-31T19:15:57.579+0000] {logging_mixin.py:190} INFO - [2025-03-31T19:15:57.579+0000] {dag.py:3239} INFO - Sync 2 DAGs
[2025-03-31T19:15:57.589+0000] {logging_mixin.py:190} INFO - [2025-03-31T19:15:57.589+0000] {dag.py:4180} INFO - Setting next_dagrun for example_xcom_args to None, run_after=None
[2025-03-31T19:15:57.592+0000] {logging_mixin.py:190} INFO - [2025-03-31T19:15:57.592+0000] {dag.py:4180} INFO - Setting next_dagrun for example_xcom_args_with_operators to None, run_after=None
[2025-03-31T19:15:57.605+0000] {processor.py:208} INFO - Processing /usr/local/python/3.12.1/lib/python3.12/site-packages/airflow/example_dags/example_xcomargs.py took 0.052 seconds
[2025-03-31T19:16:52.272+0000] {processor.py:186} INFO - Started process (PID=10235) to work on /usr/local/python/3.12.1/lib/python3.12/site-packages/airflow/example_dags/example_xcomargs.py
[2025-03-31T19:16:52.273+0000] {processor.py:914} INFO - Processing file /usr/local/python/3.12.1/lib/python3.12/site-packages/airflow/example_dags/example_xcomargs.py for tasks to queue
[2025-03-31T19:16:52.274+0000] {logging_mixin.py:190} INFO - [2025-03-31T19:16:52.274+0000] {dagbag.py:588} INFO - Filling up the DagBag from /usr/local/python/3.12.1/lib/python3.12/site-packages/airflow/example_dags/example_xcomargs.py
[2025-03-31T19:16:52.282+0000] {processor.py:925} INFO - DAG(s) 'example_xcom_args_with_operators', 'example_xcom_args' retrieved from /usr/local/python/3.12.1/lib/python3.12/site-packages/airflow/example_dags/example_xcomargs.py
[2025-03-31T19:16:52.294+0000] {logging_mixin.py:190} INFO - [2025-03-31T19:16:52.294+0000] {dag.py:3239} INFO - Sync 2 DAGs
[2025-03-31T19:16:52.304+0000] {logging_mixin.py:190} INFO - [2025-03-31T19:16:52.304+0000] {dag.py:4180} INFO - Setting next_dagrun for example_xcom_args to None, run_after=None
[2025-03-31T19:16:52.306+0000] {logging_mixin.py:190} INFO - [2025-03-31T19:16:52.306+0000] {dag.py:4180} INFO - Setting next_dagrun for example_xcom_args_with_operators to None, run_after=None
[2025-03-31T19:16:52.320+0000] {processor.py:208} INFO - Processing /usr/local/python/3.12.1/lib/python3.12/site-packages/airflow/example_dags/example_xcomargs.py took 0.052 seconds
[2025-03-31T19:17:48.791+0000] {processor.py:186} INFO - Started process (PID=10691) to work on /usr/local/python/3.12.1/lib/python3.12/site-packages/airflow/example_dags/example_xcomargs.py
[2025-03-31T19:17:48.792+0000] {processor.py:914} INFO - Processing file /usr/local/python/3.12.1/lib/python3.12/site-packages/airflow/example_dags/example_xcomargs.py for tasks to queue
[2025-03-31T19:17:48.794+0000] {logging_mixin.py:190} INFO - [2025-03-31T19:17:48.793+0000] {dagbag.py:588} INFO - Filling up the DagBag from /usr/local/python/3.12.1/lib/python3.12/site-packages/airflow/example_dags/example_xcomargs.py
[2025-03-31T19:17:48.801+0000] {processor.py:925} INFO - DAG(s) 'example_xcom_args_with_operators', 'example_xcom_args' retrieved from /usr/local/python/3.12.1/lib/python3.12/site-packages/airflow/example_dags/example_xcomargs.py
[2025-03-31T19:17:48.814+0000] {logging_mixin.py:190} INFO - [2025-03-31T19:17:48.814+0000] {dag.py:3239} INFO - Sync 2 DAGs
[2025-03-31T19:17:48.824+0000] {logging_mixin.py:190} INFO - [2025-03-31T19:17:48.823+0000] {dag.py:4180} INFO - Setting next_dagrun for example_xcom_args to None, run_after=None
[2025-03-31T19:17:48.826+0000] {logging_mixin.py:190} INFO - [2025-03-31T19:17:48.826+0000] {dag.py:4180} INFO - Setting next_dagrun for example_xcom_args_with_operators to None, run_after=None
[2025-03-31T19:17:48.839+0000] {processor.py:208} INFO - Processing /usr/local/python/3.12.1/lib/python3.12/site-packages/airflow/example_dags/example_xcomargs.py took 0.051 seconds
[2025-03-31T19:18:43.484+0000] {processor.py:186} INFO - Started process (PID=11177) to work on /usr/local/python/3.12.1/lib/python3.12/site-packages/airflow/example_dags/example_xcomargs.py
[2025-03-31T19:18:43.485+0000] {processor.py:914} INFO - Processing file /usr/local/python/3.12.1/lib/python3.12/site-packages/airflow/example_dags/example_xcomargs.py for tasks to queue
[2025-03-31T19:18:43.486+0000] {logging_mixin.py:190} INFO - [2025-03-31T19:18:43.486+0000] {dagbag.py:588} INFO - Filling up the DagBag from /usr/local/python/3.12.1/lib/python3.12/site-packages/airflow/example_dags/example_xcomargs.py
[2025-03-31T19:18:43.494+0000] {processor.py:925} INFO - DAG(s) 'example_xcom_args', 'example_xcom_args_with_operators' retrieved from /usr/local/python/3.12.1/lib/python3.12/site-packages/airflow/example_dags/example_xcomargs.py
[2025-03-31T19:18:43.507+0000] {logging_mixin.py:190} INFO - [2025-03-31T19:18:43.507+0000] {dag.py:3239} INFO - Sync 2 DAGs
[2025-03-31T19:18:43.516+0000] {logging_mixin.py:190} INFO - [2025-03-31T19:18:43.516+0000] {dag.py:4180} INFO - Setting next_dagrun for example_xcom_args to None, run_after=None
[2025-03-31T19:18:43.518+0000] {logging_mixin.py:190} INFO - [2025-03-31T19:18:43.518+0000] {dag.py:4180} INFO - Setting next_dagrun for example_xcom_args_with_operators to None, run_after=None
[2025-03-31T19:18:43.531+0000] {processor.py:208} INFO - Processing /usr/local/python/3.12.1/lib/python3.12/site-packages/airflow/example_dags/example_xcomargs.py took 0.051 seconds
[2025-03-31T19:19:34.555+0000] {processor.py:186} INFO - Started process (PID=11672) to work on /usr/local/python/3.12.1/lib/python3.12/site-packages/airflow/example_dags/example_xcomargs.py
[2025-03-31T19:19:34.555+0000] {processor.py:914} INFO - Processing file /usr/local/python/3.12.1/lib/python3.12/site-packages/airflow/example_dags/example_xcomargs.py for tasks to queue
[2025-03-31T19:19:34.557+0000] {logging_mixin.py:190} INFO - [2025-03-31T19:19:34.557+0000] {dagbag.py:588} INFO - Filling up the DagBag from /usr/local/python/3.12.1/lib/python3.12/site-packages/airflow/example_dags/example_xcomargs.py
[2025-03-31T19:19:34.564+0000] {processor.py:925} INFO - DAG(s) 'example_xcom_args_with_operators', 'example_xcom_args' retrieved from /usr/local/python/3.12.1/lib/python3.12/site-packages/airflow/example_dags/example_xcomargs.py
[2025-03-31T19:19:34.577+0000] {logging_mixin.py:190} INFO - [2025-03-31T19:19:34.577+0000] {dag.py:3239} INFO - Sync 2 DAGs
[2025-03-31T19:19:34.587+0000] {logging_mixin.py:190} INFO - [2025-03-31T19:19:34.587+0000] {dag.py:4180} INFO - Setting next_dagrun for example_xcom_args to None, run_after=None
[2025-03-31T19:19:34.589+0000] {logging_mixin.py:190} INFO - [2025-03-31T19:19:34.589+0000] {dag.py:4180} INFO - Setting next_dagrun for example_xcom_args_with_operators to None, run_after=None
[2025-03-31T19:19:34.602+0000] {processor.py:208} INFO - Processing /usr/local/python/3.12.1/lib/python3.12/site-packages/airflow/example_dags/example_xcomargs.py took 0.051 seconds
[2025-03-31T19:20:27.309+0000] {processor.py:186} INFO - Started process (PID=12129) to work on /usr/local/python/3.12.1/lib/python3.12/site-packages/airflow/example_dags/example_xcomargs.py
[2025-03-31T19:20:27.310+0000] {processor.py:914} INFO - Processing file /usr/local/python/3.12.1/lib/python3.12/site-packages/airflow/example_dags/example_xcomargs.py for tasks to queue
[2025-03-31T19:20:27.311+0000] {logging_mixin.py:190} INFO - [2025-03-31T19:20:27.311+0000] {dagbag.py:588} INFO - Filling up the DagBag from /usr/local/python/3.12.1/lib/python3.12/site-packages/airflow/example_dags/example_xcomargs.py
[2025-03-31T19:20:27.319+0000] {processor.py:925} INFO - DAG(s) 'example_xcom_args', 'example_xcom_args_with_operators' retrieved from /usr/local/python/3.12.1/lib/python3.12/site-packages/airflow/example_dags/example_xcomargs.py
[2025-03-31T19:20:27.332+0000] {logging_mixin.py:190} INFO - [2025-03-31T19:20:27.332+0000] {dag.py:3239} INFO - Sync 2 DAGs
[2025-03-31T19:20:27.342+0000] {logging_mixin.py:190} INFO - [2025-03-31T19:20:27.341+0000] {dag.py:4180} INFO - Setting next_dagrun for example_xcom_args to None, run_after=None
[2025-03-31T19:20:27.344+0000] {logging_mixin.py:190} INFO - [2025-03-31T19:20:27.344+0000] {dag.py:4180} INFO - Setting next_dagrun for example_xcom_args_with_operators to None, run_after=None
[2025-03-31T19:20:27.357+0000] {processor.py:208} INFO - Processing /usr/local/python/3.12.1/lib/python3.12/site-packages/airflow/example_dags/example_xcomargs.py took 0.052 seconds
[2025-03-31T19:21:17.574+0000] {processor.py:186} INFO - Started process (PID=12652) to work on /usr/local/python/3.12.1/lib/python3.12/site-packages/airflow/example_dags/example_xcomargs.py
[2025-03-31T19:21:17.575+0000] {processor.py:914} INFO - Processing file /usr/local/python/3.12.1/lib/python3.12/site-packages/airflow/example_dags/example_xcomargs.py for tasks to queue
[2025-03-31T19:21:17.576+0000] {logging_mixin.py:190} INFO - [2025-03-31T19:21:17.576+0000] {dagbag.py:588} INFO - Filling up the DagBag from /usr/local/python/3.12.1/lib/python3.12/site-packages/airflow/example_dags/example_xcomargs.py
[2025-03-31T19:21:17.584+0000] {processor.py:925} INFO - DAG(s) 'example_xcom_args', 'example_xcom_args_with_operators' retrieved from /usr/local/python/3.12.1/lib/python3.12/site-packages/airflow/example_dags/example_xcomargs.py
[2025-03-31T19:21:17.596+0000] {logging_mixin.py:190} INFO - [2025-03-31T19:21:17.596+0000] {dag.py:3239} INFO - Sync 2 DAGs
[2025-03-31T19:21:17.607+0000] {logging_mixin.py:190} INFO - [2025-03-31T19:21:17.606+0000] {dag.py:4180} INFO - Setting next_dagrun for example_xcom_args to None, run_after=None
[2025-03-31T19:21:17.610+0000] {logging_mixin.py:190} INFO - [2025-03-31T19:21:17.610+0000] {dag.py:4180} INFO - Setting next_dagrun for example_xcom_args_with_operators to None, run_after=None
[2025-03-31T19:21:17.623+0000] {processor.py:208} INFO - Processing /usr/local/python/3.12.1/lib/python3.12/site-packages/airflow/example_dags/example_xcomargs.py took 0.053 seconds
[2025-03-31T19:22:08.971+0000] {processor.py:186} INFO - Started process (PID=13129) to work on /usr/local/python/3.12.1/lib/python3.12/site-packages/airflow/example_dags/example_xcomargs.py
[2025-03-31T19:22:08.971+0000] {processor.py:914} INFO - Processing file /usr/local/python/3.12.1/lib/python3.12/site-packages/airflow/example_dags/example_xcomargs.py for tasks to queue
[2025-03-31T19:22:08.973+0000] {logging_mixin.py:190} INFO - [2025-03-31T19:22:08.972+0000] {dagbag.py:588} INFO - Filling up the DagBag from /usr/local/python/3.12.1/lib/python3.12/site-packages/airflow/example_dags/example_xcomargs.py
[2025-03-31T19:22:08.980+0000] {processor.py:925} INFO - DAG(s) 'example_xcom_args', 'example_xcom_args_with_operators' retrieved from /usr/local/python/3.12.1/lib/python3.12/site-packages/airflow/example_dags/example_xcomargs.py
[2025-03-31T19:22:08.993+0000] {logging_mixin.py:190} INFO - [2025-03-31T19:22:08.993+0000] {dag.py:3239} INFO - Sync 2 DAGs
[2025-03-31T19:22:09.003+0000] {logging_mixin.py:190} INFO - [2025-03-31T19:22:09.002+0000] {dag.py:4180} INFO - Setting next_dagrun for example_xcom_args to None, run_after=None
[2025-03-31T19:22:09.005+0000] {logging_mixin.py:190} INFO - [2025-03-31T19:22:09.005+0000] {dag.py:4180} INFO - Setting next_dagrun for example_xcom_args_with_operators to None, run_after=None
[2025-03-31T19:22:09.018+0000] {processor.py:208} INFO - Processing /usr/local/python/3.12.1/lib/python3.12/site-packages/airflow/example_dags/example_xcomargs.py took 0.051 seconds
[2025-03-31T19:23:02.028+0000] {processor.py:186} INFO - Started process (PID=13558) to work on /usr/local/python/3.12.1/lib/python3.12/site-packages/airflow/example_dags/example_xcomargs.py
[2025-03-31T19:23:02.028+0000] {processor.py:914} INFO - Processing file /usr/local/python/3.12.1/lib/python3.12/site-packages/airflow/example_dags/example_xcomargs.py for tasks to queue
[2025-03-31T19:23:02.030+0000] {logging_mixin.py:190} INFO - [2025-03-31T19:23:02.029+0000] {dagbag.py:588} INFO - Filling up the DagBag from /usr/local/python/3.12.1/lib/python3.12/site-packages/airflow/example_dags/example_xcomargs.py
[2025-03-31T19:23:02.037+0000] {processor.py:925} INFO - DAG(s) 'example_xcom_args', 'example_xcom_args_with_operators' retrieved from /usr/local/python/3.12.1/lib/python3.12/site-packages/airflow/example_dags/example_xcomargs.py
[2025-03-31T19:23:02.050+0000] {logging_mixin.py:190} INFO - [2025-03-31T19:23:02.050+0000] {dag.py:3239} INFO - Sync 2 DAGs
[2025-03-31T19:23:02.059+0000] {logging_mixin.py:190} INFO - [2025-03-31T19:23:02.059+0000] {dag.py:4180} INFO - Setting next_dagrun for example_xcom_args to None, run_after=None
[2025-03-31T19:23:02.062+0000] {logging_mixin.py:190} INFO - [2025-03-31T19:23:02.062+0000] {dag.py:4180} INFO - Setting next_dagrun for example_xcom_args_with_operators to None, run_after=None
[2025-03-31T19:23:02.075+0000] {processor.py:208} INFO - Processing /usr/local/python/3.12.1/lib/python3.12/site-packages/airflow/example_dags/example_xcomargs.py took 0.051 seconds
[2025-03-31T19:23:53.392+0000] {processor.py:186} INFO - Started process (PID=13962) to work on /usr/local/python/3.12.1/lib/python3.12/site-packages/airflow/example_dags/example_xcomargs.py
[2025-03-31T19:23:53.392+0000] {processor.py:914} INFO - Processing file /usr/local/python/3.12.1/lib/python3.12/site-packages/airflow/example_dags/example_xcomargs.py for tasks to queue
[2025-03-31T19:23:53.394+0000] {logging_mixin.py:190} INFO - [2025-03-31T19:23:53.394+0000] {dagbag.py:588} INFO - Filling up the DagBag from /usr/local/python/3.12.1/lib/python3.12/site-packages/airflow/example_dags/example_xcomargs.py
[2025-03-31T19:23:53.402+0000] {processor.py:925} INFO - DAG(s) 'example_xcom_args', 'example_xcom_args_with_operators' retrieved from /usr/local/python/3.12.1/lib/python3.12/site-packages/airflow/example_dags/example_xcomargs.py
[2025-03-31T19:23:53.415+0000] {logging_mixin.py:190} INFO - [2025-03-31T19:23:53.414+0000] {dag.py:3239} INFO - Sync 2 DAGs
[2025-03-31T19:23:53.424+0000] {logging_mixin.py:190} INFO - [2025-03-31T19:23:53.424+0000] {dag.py:4180} INFO - Setting next_dagrun for example_xcom_args to None, run_after=None
[2025-03-31T19:23:53.427+0000] {logging_mixin.py:190} INFO - [2025-03-31T19:23:53.427+0000] {dag.py:4180} INFO - Setting next_dagrun for example_xcom_args_with_operators to None, run_after=None
[2025-03-31T19:23:53.442+0000] {processor.py:208} INFO - Processing /usr/local/python/3.12.1/lib/python3.12/site-packages/airflow/example_dags/example_xcomargs.py took 0.054 seconds
[2025-03-31T19:24:45.931+0000] {processor.py:186} INFO - Started process (PID=14385) to work on /usr/local/python/3.12.1/lib/python3.12/site-packages/airflow/example_dags/example_xcomargs.py
[2025-03-31T19:24:45.931+0000] {processor.py:914} INFO - Processing file /usr/local/python/3.12.1/lib/python3.12/site-packages/airflow/example_dags/example_xcomargs.py for tasks to queue
[2025-03-31T19:24:45.933+0000] {logging_mixin.py:190} INFO - [2025-03-31T19:24:45.932+0000] {dagbag.py:588} INFO - Filling up the DagBag from /usr/local/python/3.12.1/lib/python3.12/site-packages/airflow/example_dags/example_xcomargs.py
[2025-03-31T19:24:45.942+0000] {processor.py:925} INFO - DAG(s) 'example_xcom_args', 'example_xcom_args_with_operators' retrieved from /usr/local/python/3.12.1/lib/python3.12/site-packages/airflow/example_dags/example_xcomargs.py
[2025-03-31T19:24:45.958+0000] {logging_mixin.py:190} INFO - [2025-03-31T19:24:45.957+0000] {dag.py:3239} INFO - Sync 2 DAGs
[2025-03-31T19:24:45.968+0000] {logging_mixin.py:190} INFO - [2025-03-31T19:24:45.968+0000] {dag.py:4180} INFO - Setting next_dagrun for example_xcom_args to None, run_after=None
[2025-03-31T19:24:45.971+0000] {logging_mixin.py:190} INFO - [2025-03-31T19:24:45.971+0000] {dag.py:4180} INFO - Setting next_dagrun for example_xcom_args_with_operators to None, run_after=None
[2025-03-31T19:24:45.984+0000] {processor.py:208} INFO - Processing /usr/local/python/3.12.1/lib/python3.12/site-packages/airflow/example_dags/example_xcomargs.py took 0.058 seconds
[2025-03-31T19:25:38.465+0000] {processor.py:186} INFO - Started process (PID=14805) to work on /usr/local/python/3.12.1/lib/python3.12/site-packages/airflow/example_dags/example_xcomargs.py
[2025-03-31T19:25:38.466+0000] {processor.py:914} INFO - Processing file /usr/local/python/3.12.1/lib/python3.12/site-packages/airflow/example_dags/example_xcomargs.py for tasks to queue
[2025-03-31T19:25:38.467+0000] {logging_mixin.py:190} INFO - [2025-03-31T19:25:38.467+0000] {dagbag.py:588} INFO - Filling up the DagBag from /usr/local/python/3.12.1/lib/python3.12/site-packages/airflow/example_dags/example_xcomargs.py
[2025-03-31T19:25:38.475+0000] {processor.py:925} INFO - DAG(s) 'example_xcom_args_with_operators', 'example_xcom_args' retrieved from /usr/local/python/3.12.1/lib/python3.12/site-packages/airflow/example_dags/example_xcomargs.py
[2025-03-31T19:25:38.488+0000] {logging_mixin.py:190} INFO - [2025-03-31T19:25:38.488+0000] {dag.py:3239} INFO - Sync 2 DAGs
[2025-03-31T19:25:38.497+0000] {logging_mixin.py:190} INFO - [2025-03-31T19:25:38.497+0000] {dag.py:4180} INFO - Setting next_dagrun for example_xcom_args to None, run_after=None
[2025-03-31T19:25:38.500+0000] {logging_mixin.py:190} INFO - [2025-03-31T19:25:38.499+0000] {dag.py:4180} INFO - Setting next_dagrun for example_xcom_args_with_operators to None, run_after=None
[2025-03-31T19:25:38.512+0000] {processor.py:208} INFO - Processing /usr/local/python/3.12.1/lib/python3.12/site-packages/airflow/example_dags/example_xcomargs.py took 0.051 seconds
[2025-03-31T19:26:32.675+0000] {processor.py:186} INFO - Started process (PID=15292) to work on /usr/local/python/3.12.1/lib/python3.12/site-packages/airflow/example_dags/example_xcomargs.py
[2025-03-31T19:26:32.675+0000] {processor.py:914} INFO - Processing file /usr/local/python/3.12.1/lib/python3.12/site-packages/airflow/example_dags/example_xcomargs.py for tasks to queue
[2025-03-31T19:26:32.677+0000] {logging_mixin.py:190} INFO - [2025-03-31T19:26:32.676+0000] {dagbag.py:588} INFO - Filling up the DagBag from /usr/local/python/3.12.1/lib/python3.12/site-packages/airflow/example_dags/example_xcomargs.py
[2025-03-31T19:26:32.684+0000] {processor.py:925} INFO - DAG(s) 'example_xcom_args', 'example_xcom_args_with_operators' retrieved from /usr/local/python/3.12.1/lib/python3.12/site-packages/airflow/example_dags/example_xcomargs.py
[2025-03-31T19:26:32.697+0000] {logging_mixin.py:190} INFO - [2025-03-31T19:26:32.697+0000] {dag.py:3239} INFO - Sync 2 DAGs
[2025-03-31T19:26:32.706+0000] {logging_mixin.py:190} INFO - [2025-03-31T19:26:32.706+0000] {dag.py:4180} INFO - Setting next_dagrun for example_xcom_args to None, run_after=None
[2025-03-31T19:26:32.709+0000] {logging_mixin.py:190} INFO - [2025-03-31T19:26:32.709+0000] {dag.py:4180} INFO - Setting next_dagrun for example_xcom_args_with_operators to None, run_after=None
[2025-03-31T19:26:32.721+0000] {processor.py:208} INFO - Processing /usr/local/python/3.12.1/lib/python3.12/site-packages/airflow/example_dags/example_xcomargs.py took 0.051 seconds
[2025-03-31T19:27:23.522+0000] {processor.py:186} INFO - Started process (PID=15726) to work on /usr/local/python/3.12.1/lib/python3.12/site-packages/airflow/example_dags/example_xcomargs.py
[2025-03-31T19:27:23.522+0000] {processor.py:914} INFO - Processing file /usr/local/python/3.12.1/lib/python3.12/site-packages/airflow/example_dags/example_xcomargs.py for tasks to queue
[2025-03-31T19:27:23.523+0000] {logging_mixin.py:190} INFO - [2025-03-31T19:27:23.523+0000] {dagbag.py:588} INFO - Filling up the DagBag from /usr/local/python/3.12.1/lib/python3.12/site-packages/airflow/example_dags/example_xcomargs.py
[2025-03-31T19:27:23.531+0000] {processor.py:925} INFO - DAG(s) 'example_xcom_args', 'example_xcom_args_with_operators' retrieved from /usr/local/python/3.12.1/lib/python3.12/site-packages/airflow/example_dags/example_xcomargs.py
[2025-03-31T19:27:23.544+0000] {logging_mixin.py:190} INFO - [2025-03-31T19:27:23.544+0000] {dag.py:3239} INFO - Sync 2 DAGs
[2025-03-31T19:27:23.553+0000] {logging_mixin.py:190} INFO - [2025-03-31T19:27:23.553+0000] {dag.py:4180} INFO - Setting next_dagrun for example_xcom_args to None, run_after=None
[2025-03-31T19:27:23.556+0000] {logging_mixin.py:190} INFO - [2025-03-31T19:27:23.555+0000] {dag.py:4180} INFO - Setting next_dagrun for example_xcom_args_with_operators to None, run_after=None
[2025-03-31T19:27:23.572+0000] {processor.py:208} INFO - Processing /usr/local/python/3.12.1/lib/python3.12/site-packages/airflow/example_dags/example_xcomargs.py took 0.054 seconds
[2025-03-31T19:28:13.477+0000] {processor.py:186} INFO - Started process (PID=16144) to work on /usr/local/python/3.12.1/lib/python3.12/site-packages/airflow/example_dags/example_xcomargs.py
[2025-03-31T19:28:13.478+0000] {processor.py:914} INFO - Processing file /usr/local/python/3.12.1/lib/python3.12/site-packages/airflow/example_dags/example_xcomargs.py for tasks to queue
[2025-03-31T19:28:13.480+0000] {logging_mixin.py:190} INFO - [2025-03-31T19:28:13.479+0000] {dagbag.py:588} INFO - Filling up the DagBag from /usr/local/python/3.12.1/lib/python3.12/site-packages/airflow/example_dags/example_xcomargs.py
[2025-03-31T19:28:13.488+0000] {processor.py:925} INFO - DAG(s) 'example_xcom_args_with_operators', 'example_xcom_args' retrieved from /usr/local/python/3.12.1/lib/python3.12/site-packages/airflow/example_dags/example_xcomargs.py
[2025-03-31T19:28:13.502+0000] {logging_mixin.py:190} INFO - [2025-03-31T19:28:13.501+0000] {dag.py:3239} INFO - Sync 2 DAGs
[2025-03-31T19:28:13.511+0000] {logging_mixin.py:190} INFO - [2025-03-31T19:28:13.511+0000] {dag.py:4180} INFO - Setting next_dagrun for example_xcom_args to None, run_after=None
[2025-03-31T19:28:13.513+0000] {logging_mixin.py:190} INFO - [2025-03-31T19:28:13.513+0000] {dag.py:4180} INFO - Setting next_dagrun for example_xcom_args_with_operators to None, run_after=None
[2025-03-31T19:28:13.526+0000] {processor.py:208} INFO - Processing /usr/local/python/3.12.1/lib/python3.12/site-packages/airflow/example_dags/example_xcomargs.py took 0.054 seconds
[2025-03-31T19:28:52.298+0000] {processor.py:186} INFO - Started process (PID=16598) to work on /usr/local/python/3.12.1/lib/python3.12/site-packages/airflow/example_dags/example_xcomargs.py
[2025-03-31T19:28:52.299+0000] {processor.py:914} INFO - Processing file /usr/local/python/3.12.1/lib/python3.12/site-packages/airflow/example_dags/example_xcomargs.py for tasks to queue
[2025-03-31T19:28:52.300+0000] {logging_mixin.py:190} INFO - [2025-03-31T19:28:52.300+0000] {dagbag.py:588} INFO - Filling up the DagBag from /usr/local/python/3.12.1/lib/python3.12/site-packages/airflow/example_dags/example_xcomargs.py
[2025-03-31T19:28:52.308+0000] {processor.py:925} INFO - DAG(s) 'example_xcom_args', 'example_xcom_args_with_operators' retrieved from /usr/local/python/3.12.1/lib/python3.12/site-packages/airflow/example_dags/example_xcomargs.py
[2025-03-31T19:28:52.326+0000] {logging_mixin.py:190} INFO - [2025-03-31T19:28:52.326+0000] {dag.py:3239} INFO - Sync 2 DAGs
[2025-03-31T19:28:52.335+0000] {logging_mixin.py:190} INFO - [2025-03-31T19:28:52.335+0000] {dag.py:4180} INFO - Setting next_dagrun for example_xcom_args to None, run_after=None
[2025-03-31T19:28:52.338+0000] {logging_mixin.py:190} INFO - [2025-03-31T19:28:52.337+0000] {dag.py:4180} INFO - Setting next_dagrun for example_xcom_args_with_operators to None, run_after=None
[2025-03-31T19:28:52.351+0000] {processor.py:208} INFO - Processing /usr/local/python/3.12.1/lib/python3.12/site-packages/airflow/example_dags/example_xcomargs.py took 0.056 seconds
[2025-03-31T19:29:49.172+0000] {processor.py:186} INFO - Started process (PID=17037) to work on /usr/local/python/3.12.1/lib/python3.12/site-packages/airflow/example_dags/example_xcomargs.py
[2025-03-31T19:29:49.173+0000] {processor.py:914} INFO - Processing file /usr/local/python/3.12.1/lib/python3.12/site-packages/airflow/example_dags/example_xcomargs.py for tasks to queue
[2025-03-31T19:29:49.175+0000] {logging_mixin.py:190} INFO - [2025-03-31T19:29:49.174+0000] {dagbag.py:588} INFO - Filling up the DagBag from /usr/local/python/3.12.1/lib/python3.12/site-packages/airflow/example_dags/example_xcomargs.py
[2025-03-31T19:29:49.185+0000] {processor.py:925} INFO - DAG(s) 'example_xcom_args_with_operators', 'example_xcom_args' retrieved from /usr/local/python/3.12.1/lib/python3.12/site-packages/airflow/example_dags/example_xcomargs.py
[2025-03-31T19:29:49.198+0000] {logging_mixin.py:190} INFO - [2025-03-31T19:29:49.198+0000] {dag.py:3239} INFO - Sync 2 DAGs
[2025-03-31T19:29:49.208+0000] {logging_mixin.py:190} INFO - [2025-03-31T19:29:49.208+0000] {dag.py:4180} INFO - Setting next_dagrun for example_xcom_args to None, run_after=None
[2025-03-31T19:29:49.210+0000] {logging_mixin.py:190} INFO - [2025-03-31T19:29:49.210+0000] {dag.py:4180} INFO - Setting next_dagrun for example_xcom_args_with_operators to None, run_after=None
[2025-03-31T19:29:49.224+0000] {processor.py:208} INFO - Processing /usr/local/python/3.12.1/lib/python3.12/site-packages/airflow/example_dags/example_xcomargs.py took 0.056 seconds
[2025-03-31T19:30:45.621+0000] {processor.py:186} INFO - Started process (PID=17494) to work on /usr/local/python/3.12.1/lib/python3.12/site-packages/airflow/example_dags/example_xcomargs.py
[2025-03-31T19:30:45.621+0000] {processor.py:914} INFO - Processing file /usr/local/python/3.12.1/lib/python3.12/site-packages/airflow/example_dags/example_xcomargs.py for tasks to queue
[2025-03-31T19:30:45.623+0000] {logging_mixin.py:190} INFO - [2025-03-31T19:30:45.623+0000] {dagbag.py:588} INFO - Filling up the DagBag from /usr/local/python/3.12.1/lib/python3.12/site-packages/airflow/example_dags/example_xcomargs.py
[2025-03-31T19:30:45.631+0000] {processor.py:925} INFO - DAG(s) 'example_xcom_args_with_operators', 'example_xcom_args' retrieved from /usr/local/python/3.12.1/lib/python3.12/site-packages/airflow/example_dags/example_xcomargs.py
[2025-03-31T19:30:45.644+0000] {logging_mixin.py:190} INFO - [2025-03-31T19:30:45.644+0000] {dag.py:3239} INFO - Sync 2 DAGs
[2025-03-31T19:30:45.653+0000] {logging_mixin.py:190} INFO - [2025-03-31T19:30:45.653+0000] {dag.py:4180} INFO - Setting next_dagrun for example_xcom_args to None, run_after=None
[2025-03-31T19:30:45.656+0000] {logging_mixin.py:190} INFO - [2025-03-31T19:30:45.655+0000] {dag.py:4180} INFO - Setting next_dagrun for example_xcom_args_with_operators to None, run_after=None
[2025-03-31T19:30:45.668+0000] {processor.py:208} INFO - Processing /usr/local/python/3.12.1/lib/python3.12/site-packages/airflow/example_dags/example_xcomargs.py took 0.053 seconds
[2025-03-31T19:31:42.068+0000] {processor.py:186} INFO - Started process (PID=17931) to work on /usr/local/python/3.12.1/lib/python3.12/site-packages/airflow/example_dags/example_xcomargs.py
[2025-03-31T19:31:42.068+0000] {processor.py:914} INFO - Processing file /usr/local/python/3.12.1/lib/python3.12/site-packages/airflow/example_dags/example_xcomargs.py for tasks to queue
[2025-03-31T19:31:42.070+0000] {logging_mixin.py:190} INFO - [2025-03-31T19:31:42.069+0000] {dagbag.py:588} INFO - Filling up the DagBag from /usr/local/python/3.12.1/lib/python3.12/site-packages/airflow/example_dags/example_xcomargs.py
[2025-03-31T19:31:42.078+0000] {processor.py:925} INFO - DAG(s) 'example_xcom_args_with_operators', 'example_xcom_args' retrieved from /usr/local/python/3.12.1/lib/python3.12/site-packages/airflow/example_dags/example_xcomargs.py
[2025-03-31T19:31:42.091+0000] {logging_mixin.py:190} INFO - [2025-03-31T19:31:42.090+0000] {dag.py:3239} INFO - Sync 2 DAGs
[2025-03-31T19:31:42.100+0000] {logging_mixin.py:190} INFO - [2025-03-31T19:31:42.100+0000] {dag.py:4180} INFO - Setting next_dagrun for example_xcom_args to None, run_after=None
[2025-03-31T19:31:42.103+0000] {logging_mixin.py:190} INFO - [2025-03-31T19:31:42.103+0000] {dag.py:4180} INFO - Setting next_dagrun for example_xcom_args_with_operators to None, run_after=None
[2025-03-31T19:31:42.117+0000] {processor.py:208} INFO - Processing /usr/local/python/3.12.1/lib/python3.12/site-packages/airflow/example_dags/example_xcomargs.py took 0.053 seconds
[2025-03-31T19:32:38.606+0000] {processor.py:186} INFO - Started process (PID=18393) to work on /usr/local/python/3.12.1/lib/python3.12/site-packages/airflow/example_dags/example_xcomargs.py
[2025-03-31T19:32:38.607+0000] {processor.py:914} INFO - Processing file /usr/local/python/3.12.1/lib/python3.12/site-packages/airflow/example_dags/example_xcomargs.py for tasks to queue
[2025-03-31T19:32:38.608+0000] {logging_mixin.py:190} INFO - [2025-03-31T19:32:38.608+0000] {dagbag.py:588} INFO - Filling up the DagBag from /usr/local/python/3.12.1/lib/python3.12/site-packages/airflow/example_dags/example_xcomargs.py
[2025-03-31T19:32:38.616+0000] {processor.py:925} INFO - DAG(s) 'example_xcom_args', 'example_xcom_args_with_operators' retrieved from /usr/local/python/3.12.1/lib/python3.12/site-packages/airflow/example_dags/example_xcomargs.py
[2025-03-31T19:32:38.628+0000] {logging_mixin.py:190} INFO - [2025-03-31T19:32:38.628+0000] {dag.py:3239} INFO - Sync 2 DAGs
[2025-03-31T19:32:38.638+0000] {logging_mixin.py:190} INFO - [2025-03-31T19:32:38.638+0000] {dag.py:4180} INFO - Setting next_dagrun for example_xcom_args to None, run_after=None
[2025-03-31T19:32:38.641+0000] {logging_mixin.py:190} INFO - [2025-03-31T19:32:38.640+0000] {dag.py:4180} INFO - Setting next_dagrun for example_xcom_args_with_operators to None, run_after=None
[2025-03-31T19:32:38.653+0000] {processor.py:208} INFO - Processing /usr/local/python/3.12.1/lib/python3.12/site-packages/airflow/example_dags/example_xcomargs.py took 0.051 seconds
[2025-03-31T19:33:34.431+0000] {processor.py:186} INFO - Started process (PID=18821) to work on /usr/local/python/3.12.1/lib/python3.12/site-packages/airflow/example_dags/example_xcomargs.py
[2025-03-31T19:33:34.432+0000] {processor.py:914} INFO - Processing file /usr/local/python/3.12.1/lib/python3.12/site-packages/airflow/example_dags/example_xcomargs.py for tasks to queue
[2025-03-31T19:33:34.433+0000] {logging_mixin.py:190} INFO - [2025-03-31T19:33:34.433+0000] {dagbag.py:588} INFO - Filling up the DagBag from /usr/local/python/3.12.1/lib/python3.12/site-packages/airflow/example_dags/example_xcomargs.py
[2025-03-31T19:33:34.441+0000] {processor.py:925} INFO - DAG(s) 'example_xcom_args', 'example_xcom_args_with_operators' retrieved from /usr/local/python/3.12.1/lib/python3.12/site-packages/airflow/example_dags/example_xcomargs.py
[2025-03-31T19:33:34.454+0000] {logging_mixin.py:190} INFO - [2025-03-31T19:33:34.454+0000] {dag.py:3239} INFO - Sync 2 DAGs
[2025-03-31T19:33:34.464+0000] {logging_mixin.py:190} INFO - [2025-03-31T19:33:34.463+0000] {dag.py:4180} INFO - Setting next_dagrun for example_xcom_args to None, run_after=None
[2025-03-31T19:33:34.466+0000] {logging_mixin.py:190} INFO - [2025-03-31T19:33:34.466+0000] {dag.py:4180} INFO - Setting next_dagrun for example_xcom_args_with_operators to None, run_after=None
[2025-03-31T19:33:34.479+0000] {processor.py:208} INFO - Processing /usr/local/python/3.12.1/lib/python3.12/site-packages/airflow/example_dags/example_xcomargs.py took 0.052 seconds
[2025-03-31T19:34:35.760+0000] {processor.py:186} INFO - Started process (PID=19351) to work on /usr/local/python/3.12.1/lib/python3.12/site-packages/airflow/example_dags/example_xcomargs.py
[2025-03-31T19:34:35.761+0000] {processor.py:914} INFO - Processing file /usr/local/python/3.12.1/lib/python3.12/site-packages/airflow/example_dags/example_xcomargs.py for tasks to queue
[2025-03-31T19:34:35.762+0000] {logging_mixin.py:190} INFO - [2025-03-31T19:34:35.762+0000] {dagbag.py:588} INFO - Filling up the DagBag from /usr/local/python/3.12.1/lib/python3.12/site-packages/airflow/example_dags/example_xcomargs.py
[2025-03-31T19:34:35.770+0000] {processor.py:925} INFO - DAG(s) 'example_xcom_args_with_operators', 'example_xcom_args' retrieved from /usr/local/python/3.12.1/lib/python3.12/site-packages/airflow/example_dags/example_xcomargs.py
[2025-03-31T19:34:35.782+0000] {logging_mixin.py:190} INFO - [2025-03-31T19:34:35.782+0000] {dag.py:3239} INFO - Sync 2 DAGs
[2025-03-31T19:34:35.792+0000] {logging_mixin.py:190} INFO - [2025-03-31T19:34:35.791+0000] {dag.py:4180} INFO - Setting next_dagrun for example_xcom_args to None, run_after=None
[2025-03-31T19:34:35.794+0000] {logging_mixin.py:190} INFO - [2025-03-31T19:34:35.794+0000] {dag.py:4180} INFO - Setting next_dagrun for example_xcom_args_with_operators to None, run_after=None
[2025-03-31T19:34:35.825+0000] {processor.py:208} INFO - Processing /usr/local/python/3.12.1/lib/python3.12/site-packages/airflow/example_dags/example_xcomargs.py took 0.069 seconds
[2025-03-31T19:35:31.734+0000] {processor.py:186} INFO - Started process (PID=19802) to work on /usr/local/python/3.12.1/lib/python3.12/site-packages/airflow/example_dags/example_xcomargs.py
[2025-03-31T19:35:31.734+0000] {processor.py:914} INFO - Processing file /usr/local/python/3.12.1/lib/python3.12/site-packages/airflow/example_dags/example_xcomargs.py for tasks to queue
[2025-03-31T19:35:31.736+0000] {logging_mixin.py:190} INFO - [2025-03-31T19:35:31.735+0000] {dagbag.py:588} INFO - Filling up the DagBag from /usr/local/python/3.12.1/lib/python3.12/site-packages/airflow/example_dags/example_xcomargs.py
[2025-03-31T19:35:31.743+0000] {processor.py:925} INFO - DAG(s) 'example_xcom_args_with_operators', 'example_xcom_args' retrieved from /usr/local/python/3.12.1/lib/python3.12/site-packages/airflow/example_dags/example_xcomargs.py
[2025-03-31T19:35:31.756+0000] {logging_mixin.py:190} INFO - [2025-03-31T19:35:31.756+0000] {dag.py:3239} INFO - Sync 2 DAGs
[2025-03-31T19:35:31.766+0000] {logging_mixin.py:190} INFO - [2025-03-31T19:35:31.765+0000] {dag.py:4180} INFO - Setting next_dagrun for example_xcom_args to None, run_after=None
[2025-03-31T19:35:31.768+0000] {logging_mixin.py:190} INFO - [2025-03-31T19:35:31.768+0000] {dag.py:4180} INFO - Setting next_dagrun for example_xcom_args_with_operators to None, run_after=None
[2025-03-31T19:35:31.781+0000] {processor.py:208} INFO - Processing /usr/local/python/3.12.1/lib/python3.12/site-packages/airflow/example_dags/example_xcomargs.py took 0.051 seconds
[2025-03-31T19:36:29.640+0000] {processor.py:186} INFO - Started process (PID=20287) to work on /usr/local/python/3.12.1/lib/python3.12/site-packages/airflow/example_dags/example_xcomargs.py
[2025-03-31T19:36:29.641+0000] {processor.py:914} INFO - Processing file /usr/local/python/3.12.1/lib/python3.12/site-packages/airflow/example_dags/example_xcomargs.py for tasks to queue
[2025-03-31T19:36:29.642+0000] {logging_mixin.py:190} INFO - [2025-03-31T19:36:29.642+0000] {dagbag.py:588} INFO - Filling up the DagBag from /usr/local/python/3.12.1/lib/python3.12/site-packages/airflow/example_dags/example_xcomargs.py
[2025-03-31T19:36:29.650+0000] {processor.py:925} INFO - DAG(s) 'example_xcom_args_with_operators', 'example_xcom_args' retrieved from /usr/local/python/3.12.1/lib/python3.12/site-packages/airflow/example_dags/example_xcomargs.py
[2025-03-31T19:36:29.664+0000] {logging_mixin.py:190} INFO - [2025-03-31T19:36:29.663+0000] {dag.py:3239} INFO - Sync 2 DAGs
[2025-03-31T19:36:29.673+0000] {logging_mixin.py:190} INFO - [2025-03-31T19:36:29.673+0000] {dag.py:4180} INFO - Setting next_dagrun for example_xcom_args to None, run_after=None
[2025-03-31T19:36:29.676+0000] {logging_mixin.py:190} INFO - [2025-03-31T19:36:29.675+0000] {dag.py:4180} INFO - Setting next_dagrun for example_xcom_args_with_operators to None, run_after=None
[2025-03-31T19:36:29.688+0000] {processor.py:208} INFO - Processing /usr/local/python/3.12.1/lib/python3.12/site-packages/airflow/example_dags/example_xcomargs.py took 0.052 seconds
[2025-03-31T19:37:23.072+0000] {processor.py:186} INFO - Started process (PID=20708) to work on /usr/local/python/3.12.1/lib/python3.12/site-packages/airflow/example_dags/example_xcomargs.py
[2025-03-31T19:37:23.073+0000] {processor.py:914} INFO - Processing file /usr/local/python/3.12.1/lib/python3.12/site-packages/airflow/example_dags/example_xcomargs.py for tasks to queue
[2025-03-31T19:37:23.074+0000] {logging_mixin.py:190} INFO - [2025-03-31T19:37:23.074+0000] {dagbag.py:588} INFO - Filling up the DagBag from /usr/local/python/3.12.1/lib/python3.12/site-packages/airflow/example_dags/example_xcomargs.py
[2025-03-31T19:37:23.082+0000] {processor.py:925} INFO - DAG(s) 'example_xcom_args', 'example_xcom_args_with_operators' retrieved from /usr/local/python/3.12.1/lib/python3.12/site-packages/airflow/example_dags/example_xcomargs.py
[2025-03-31T19:37:23.095+0000] {logging_mixin.py:190} INFO - [2025-03-31T19:37:23.095+0000] {dag.py:3239} INFO - Sync 2 DAGs
[2025-03-31T19:37:23.105+0000] {logging_mixin.py:190} INFO - [2025-03-31T19:37:23.105+0000] {dag.py:4180} INFO - Setting next_dagrun for example_xcom_args to None, run_after=None
[2025-03-31T19:37:23.107+0000] {logging_mixin.py:190} INFO - [2025-03-31T19:37:23.107+0000] {dag.py:4180} INFO - Setting next_dagrun for example_xcom_args_with_operators to None, run_after=None
[2025-03-31T19:37:23.120+0000] {processor.py:208} INFO - Processing /usr/local/python/3.12.1/lib/python3.12/site-packages/airflow/example_dags/example_xcomargs.py took 0.052 seconds
[2025-03-31T19:38:18.152+0000] {processor.py:186} INFO - Started process (PID=21132) to work on /usr/local/python/3.12.1/lib/python3.12/site-packages/airflow/example_dags/example_xcomargs.py
[2025-03-31T19:38:18.153+0000] {processor.py:914} INFO - Processing file /usr/local/python/3.12.1/lib/python3.12/site-packages/airflow/example_dags/example_xcomargs.py for tasks to queue
[2025-03-31T19:38:18.155+0000] {logging_mixin.py:190} INFO - [2025-03-31T19:38:18.154+0000] {dagbag.py:588} INFO - Filling up the DagBag from /usr/local/python/3.12.1/lib/python3.12/site-packages/airflow/example_dags/example_xcomargs.py
[2025-03-31T19:38:18.165+0000] {processor.py:925} INFO - DAG(s) 'example_xcom_args', 'example_xcom_args_with_operators' retrieved from /usr/local/python/3.12.1/lib/python3.12/site-packages/airflow/example_dags/example_xcomargs.py
[2025-03-31T19:38:18.178+0000] {logging_mixin.py:190} INFO - [2025-03-31T19:38:18.178+0000] {dag.py:3239} INFO - Sync 2 DAGs
[2025-03-31T19:38:18.188+0000] {logging_mixin.py:190} INFO - [2025-03-31T19:38:18.187+0000] {dag.py:4180} INFO - Setting next_dagrun for example_xcom_args to None, run_after=None
[2025-03-31T19:38:18.190+0000] {logging_mixin.py:190} INFO - [2025-03-31T19:38:18.190+0000] {dag.py:4180} INFO - Setting next_dagrun for example_xcom_args_with_operators to None, run_after=None
[2025-03-31T19:38:18.203+0000] {processor.py:208} INFO - Processing /usr/local/python/3.12.1/lib/python3.12/site-packages/airflow/example_dags/example_xcomargs.py took 0.055 seconds
