[2025-03-31T19:06:25.042+0000] {processor.py:186} INFO - Started process (PID=5191) to work on /usr/local/python/3.12.1/lib/python3.12/site-packages/airflow/example_dags/example_xcom.py
[2025-03-31T19:06:25.043+0000] {processor.py:914} INFO - Processing file /usr/local/python/3.12.1/lib/python3.12/site-packages/airflow/example_dags/example_xcom.py for tasks to queue
[2025-03-31T19:06:25.044+0000] {logging_mixin.py:190} INFO - [2025-03-31T19:06:25.044+0000] {dagbag.py:588} INFO - Filling up the DagBag from /usr/local/python/3.12.1/lib/python3.12/site-packages/airflow/example_dags/example_xcom.py
[2025-03-31T19:06:25.051+0000] {processor.py:925} INFO - DAG(s) 'example_xcom' retrieved from /usr/local/python/3.12.1/lib/python3.12/site-packages/airflow/example_dags/example_xcom.py
[2025-03-31T19:06:25.065+0000] {logging_mixin.py:190} INFO - [2025-03-31T19:06:25.064+0000] {dag.py:3239} INFO - Sync 1 DAGs
[2025-03-31T19:06:25.079+0000] {logging_mixin.py:190} INFO - [2025-03-31T19:06:25.079+0000] {dag.py:4180} INFO - Setting next_dagrun for example_xcom to 2021-01-01 00:00:00+00:00, run_after=2021-01-01 00:00:00+00:00
[2025-03-31T19:06:25.094+0000] {processor.py:208} INFO - Processing /usr/local/python/3.12.1/lib/python3.12/site-packages/airflow/example_dags/example_xcom.py took 0.056 seconds
[2025-03-31T19:07:23.335+0000] {processor.py:186} INFO - Started process (PID=5686) to work on /usr/local/python/3.12.1/lib/python3.12/site-packages/airflow/example_dags/example_xcom.py
[2025-03-31T19:07:23.336+0000] {processor.py:914} INFO - Processing file /usr/local/python/3.12.1/lib/python3.12/site-packages/airflow/example_dags/example_xcom.py for tasks to queue
[2025-03-31T19:07:23.337+0000] {logging_mixin.py:190} INFO - [2025-03-31T19:07:23.337+0000] {dagbag.py:588} INFO - Filling up the DagBag from /usr/local/python/3.12.1/lib/python3.12/site-packages/airflow/example_dags/example_xcom.py
[2025-03-31T19:07:23.344+0000] {processor.py:925} INFO - DAG(s) 'example_xcom' retrieved from /usr/local/python/3.12.1/lib/python3.12/site-packages/airflow/example_dags/example_xcom.py
[2025-03-31T19:07:23.356+0000] {logging_mixin.py:190} INFO - [2025-03-31T19:07:23.356+0000] {dag.py:3239} INFO - Sync 1 DAGs
[2025-03-31T19:07:23.371+0000] {logging_mixin.py:190} INFO - [2025-03-31T19:07:23.370+0000] {dag.py:4180} INFO - Setting next_dagrun for example_xcom to 2021-01-01 00:00:00+00:00, run_after=2021-01-01 00:00:00+00:00
[2025-03-31T19:07:23.386+0000] {processor.py:208} INFO - Processing /usr/local/python/3.12.1/lib/python3.12/site-packages/airflow/example_dags/example_xcom.py took 0.054 seconds
[2025-03-31T19:08:18.070+0000] {processor.py:186} INFO - Started process (PID=6156) to work on /usr/local/python/3.12.1/lib/python3.12/site-packages/airflow/example_dags/example_xcom.py
[2025-03-31T19:08:18.071+0000] {processor.py:914} INFO - Processing file /usr/local/python/3.12.1/lib/python3.12/site-packages/airflow/example_dags/example_xcom.py for tasks to queue
[2025-03-31T19:08:18.073+0000] {logging_mixin.py:190} INFO - [2025-03-31T19:08:18.073+0000] {dagbag.py:588} INFO - Filling up the DagBag from /usr/local/python/3.12.1/lib/python3.12/site-packages/airflow/example_dags/example_xcom.py
[2025-03-31T19:08:18.080+0000] {processor.py:925} INFO - DAG(s) 'example_xcom' retrieved from /usr/local/python/3.12.1/lib/python3.12/site-packages/airflow/example_dags/example_xcom.py
[2025-03-31T19:08:18.092+0000] {logging_mixin.py:190} INFO - [2025-03-31T19:08:18.092+0000] {dag.py:3239} INFO - Sync 1 DAGs
[2025-03-31T19:08:18.106+0000] {logging_mixin.py:190} INFO - [2025-03-31T19:08:18.106+0000] {dag.py:4180} INFO - Setting next_dagrun for example_xcom to 2021-01-01 00:00:00+00:00, run_after=2021-01-01 00:00:00+00:00
[2025-03-31T19:08:18.121+0000] {processor.py:208} INFO - Processing /usr/local/python/3.12.1/lib/python3.12/site-packages/airflow/example_dags/example_xcom.py took 0.055 seconds
[2025-03-31T19:09:11.476+0000] {processor.py:186} INFO - Started process (PID=6589) to work on /usr/local/python/3.12.1/lib/python3.12/site-packages/airflow/example_dags/example_xcom.py
[2025-03-31T19:09:11.476+0000] {processor.py:914} INFO - Processing file /usr/local/python/3.12.1/lib/python3.12/site-packages/airflow/example_dags/example_xcom.py for tasks to queue
[2025-03-31T19:09:11.478+0000] {logging_mixin.py:190} INFO - [2025-03-31T19:09:11.478+0000] {dagbag.py:588} INFO - Filling up the DagBag from /usr/local/python/3.12.1/lib/python3.12/site-packages/airflow/example_dags/example_xcom.py
[2025-03-31T19:09:11.485+0000] {processor.py:925} INFO - DAG(s) 'example_xcom' retrieved from /usr/local/python/3.12.1/lib/python3.12/site-packages/airflow/example_dags/example_xcom.py
[2025-03-31T19:09:11.497+0000] {logging_mixin.py:190} INFO - [2025-03-31T19:09:11.497+0000] {dag.py:3239} INFO - Sync 1 DAGs
[2025-03-31T19:09:11.511+0000] {logging_mixin.py:190} INFO - [2025-03-31T19:09:11.511+0000] {dag.py:4180} INFO - Setting next_dagrun for example_xcom to 2021-01-01 00:00:00+00:00, run_after=2021-01-01 00:00:00+00:00
[2025-03-31T19:09:11.526+0000] {processor.py:208} INFO - Processing /usr/local/python/3.12.1/lib/python3.12/site-packages/airflow/example_dags/example_xcom.py took 0.054 seconds
[2025-03-31T19:10:02.418+0000] {processor.py:186} INFO - Started process (PID=6996) to work on /usr/local/python/3.12.1/lib/python3.12/site-packages/airflow/example_dags/example_xcom.py
[2025-03-31T19:10:02.418+0000] {processor.py:914} INFO - Processing file /usr/local/python/3.12.1/lib/python3.12/site-packages/airflow/example_dags/example_xcom.py for tasks to queue
[2025-03-31T19:10:02.420+0000] {logging_mixin.py:190} INFO - [2025-03-31T19:10:02.420+0000] {dagbag.py:588} INFO - Filling up the DagBag from /usr/local/python/3.12.1/lib/python3.12/site-packages/airflow/example_dags/example_xcom.py
[2025-03-31T19:10:02.427+0000] {processor.py:925} INFO - DAG(s) 'example_xcom' retrieved from /usr/local/python/3.12.1/lib/python3.12/site-packages/airflow/example_dags/example_xcom.py
[2025-03-31T19:10:02.439+0000] {logging_mixin.py:190} INFO - [2025-03-31T19:10:02.439+0000] {dag.py:3239} INFO - Sync 1 DAGs
[2025-03-31T19:10:02.454+0000] {logging_mixin.py:190} INFO - [2025-03-31T19:10:02.454+0000] {dag.py:4180} INFO - Setting next_dagrun for example_xcom to 2021-01-01 00:00:00+00:00, run_after=2021-01-01 00:00:00+00:00
[2025-03-31T19:10:02.468+0000] {processor.py:208} INFO - Processing /usr/local/python/3.12.1/lib/python3.12/site-packages/airflow/example_dags/example_xcom.py took 0.054 seconds
[2025-03-31T19:10:54.948+0000] {processor.py:186} INFO - Started process (PID=7403) to work on /usr/local/python/3.12.1/lib/python3.12/site-packages/airflow/example_dags/example_xcom.py
[2025-03-31T19:10:54.949+0000] {processor.py:914} INFO - Processing file /usr/local/python/3.12.1/lib/python3.12/site-packages/airflow/example_dags/example_xcom.py for tasks to queue
[2025-03-31T19:10:54.951+0000] {logging_mixin.py:190} INFO - [2025-03-31T19:10:54.951+0000] {dagbag.py:588} INFO - Filling up the DagBag from /usr/local/python/3.12.1/lib/python3.12/site-packages/airflow/example_dags/example_xcom.py
[2025-03-31T19:10:54.958+0000] {processor.py:925} INFO - DAG(s) 'example_xcom' retrieved from /usr/local/python/3.12.1/lib/python3.12/site-packages/airflow/example_dags/example_xcom.py
[2025-03-31T19:10:54.973+0000] {logging_mixin.py:190} INFO - [2025-03-31T19:10:54.972+0000] {dag.py:3239} INFO - Sync 1 DAGs
[2025-03-31T19:10:54.989+0000] {logging_mixin.py:190} INFO - [2025-03-31T19:10:54.988+0000] {dag.py:4180} INFO - Setting next_dagrun for example_xcom to 2021-01-01 00:00:00+00:00, run_after=2021-01-01 00:00:00+00:00
[2025-03-31T19:10:55.005+0000] {processor.py:208} INFO - Processing /usr/local/python/3.12.1/lib/python3.12/site-packages/airflow/example_dags/example_xcom.py took 0.060 seconds
[2025-03-31T19:11:47.419+0000] {processor.py:186} INFO - Started process (PID=7834) to work on /usr/local/python/3.12.1/lib/python3.12/site-packages/airflow/example_dags/example_xcom.py
[2025-03-31T19:11:47.420+0000] {processor.py:914} INFO - Processing file /usr/local/python/3.12.1/lib/python3.12/site-packages/airflow/example_dags/example_xcom.py for tasks to queue
[2025-03-31T19:11:47.421+0000] {logging_mixin.py:190} INFO - [2025-03-31T19:11:47.421+0000] {dagbag.py:588} INFO - Filling up the DagBag from /usr/local/python/3.12.1/lib/python3.12/site-packages/airflow/example_dags/example_xcom.py
[2025-03-31T19:11:47.428+0000] {processor.py:925} INFO - DAG(s) 'example_xcom' retrieved from /usr/local/python/3.12.1/lib/python3.12/site-packages/airflow/example_dags/example_xcom.py
[2025-03-31T19:11:47.440+0000] {logging_mixin.py:190} INFO - [2025-03-31T19:11:47.440+0000] {dag.py:3239} INFO - Sync 1 DAGs
[2025-03-31T19:11:47.455+0000] {logging_mixin.py:190} INFO - [2025-03-31T19:11:47.455+0000] {dag.py:4180} INFO - Setting next_dagrun for example_xcom to 2021-01-01 00:00:00+00:00, run_after=2021-01-01 00:00:00+00:00
[2025-03-31T19:11:47.469+0000] {processor.py:208} INFO - Processing /usr/local/python/3.12.1/lib/python3.12/site-packages/airflow/example_dags/example_xcom.py took 0.054 seconds
[2025-03-31T19:12:40.510+0000] {processor.py:186} INFO - Started process (PID=8249) to work on /usr/local/python/3.12.1/lib/python3.12/site-packages/airflow/example_dags/example_xcom.py
[2025-03-31T19:12:40.510+0000] {processor.py:914} INFO - Processing file /usr/local/python/3.12.1/lib/python3.12/site-packages/airflow/example_dags/example_xcom.py for tasks to queue
[2025-03-31T19:12:40.512+0000] {logging_mixin.py:190} INFO - [2025-03-31T19:12:40.512+0000] {dagbag.py:588} INFO - Filling up the DagBag from /usr/local/python/3.12.1/lib/python3.12/site-packages/airflow/example_dags/example_xcom.py
[2025-03-31T19:12:40.519+0000] {processor.py:925} INFO - DAG(s) 'example_xcom' retrieved from /usr/local/python/3.12.1/lib/python3.12/site-packages/airflow/example_dags/example_xcom.py
[2025-03-31T19:12:40.531+0000] {logging_mixin.py:190} INFO - [2025-03-31T19:12:40.531+0000] {dag.py:3239} INFO - Sync 1 DAGs
[2025-03-31T19:12:40.546+0000] {logging_mixin.py:190} INFO - [2025-03-31T19:12:40.546+0000] {dag.py:4180} INFO - Setting next_dagrun for example_xcom to 2021-01-01 00:00:00+00:00, run_after=2021-01-01 00:00:00+00:00
[2025-03-31T19:12:40.560+0000] {processor.py:208} INFO - Processing /usr/local/python/3.12.1/lib/python3.12/site-packages/airflow/example_dags/example_xcom.py took 0.055 seconds
[2025-03-31T19:13:33.702+0000] {processor.py:186} INFO - Started process (PID=8663) to work on /usr/local/python/3.12.1/lib/python3.12/site-packages/airflow/example_dags/example_xcom.py
[2025-03-31T19:13:33.703+0000] {processor.py:914} INFO - Processing file /usr/local/python/3.12.1/lib/python3.12/site-packages/airflow/example_dags/example_xcom.py for tasks to queue
[2025-03-31T19:13:33.705+0000] {logging_mixin.py:190} INFO - [2025-03-31T19:13:33.705+0000] {dagbag.py:588} INFO - Filling up the DagBag from /usr/local/python/3.12.1/lib/python3.12/site-packages/airflow/example_dags/example_xcom.py
[2025-03-31T19:13:33.712+0000] {processor.py:925} INFO - DAG(s) 'example_xcom' retrieved from /usr/local/python/3.12.1/lib/python3.12/site-packages/airflow/example_dags/example_xcom.py
[2025-03-31T19:13:33.723+0000] {logging_mixin.py:190} INFO - [2025-03-31T19:13:33.723+0000] {dag.py:3239} INFO - Sync 1 DAGs
[2025-03-31T19:13:33.738+0000] {logging_mixin.py:190} INFO - [2025-03-31T19:13:33.738+0000] {dag.py:4180} INFO - Setting next_dagrun for example_xcom to 2021-01-01 00:00:00+00:00, run_after=2021-01-01 00:00:00+00:00
[2025-03-31T19:13:33.752+0000] {processor.py:208} INFO - Processing /usr/local/python/3.12.1/lib/python3.12/site-packages/airflow/example_dags/example_xcom.py took 0.054 seconds
[2025-03-31T19:14:27.656+0000] {processor.py:186} INFO - Started process (PID=9081) to work on /usr/local/python/3.12.1/lib/python3.12/site-packages/airflow/example_dags/example_xcom.py
[2025-03-31T19:14:27.656+0000] {processor.py:914} INFO - Processing file /usr/local/python/3.12.1/lib/python3.12/site-packages/airflow/example_dags/example_xcom.py for tasks to queue
[2025-03-31T19:14:27.658+0000] {logging_mixin.py:190} INFO - [2025-03-31T19:14:27.658+0000] {dagbag.py:588} INFO - Filling up the DagBag from /usr/local/python/3.12.1/lib/python3.12/site-packages/airflow/example_dags/example_xcom.py
[2025-03-31T19:14:27.665+0000] {processor.py:925} INFO - DAG(s) 'example_xcom' retrieved from /usr/local/python/3.12.1/lib/python3.12/site-packages/airflow/example_dags/example_xcom.py
[2025-03-31T19:14:27.677+0000] {logging_mixin.py:190} INFO - [2025-03-31T19:14:27.676+0000] {dag.py:3239} INFO - Sync 1 DAGs
[2025-03-31T19:14:27.691+0000] {logging_mixin.py:190} INFO - [2025-03-31T19:14:27.690+0000] {dag.py:4180} INFO - Setting next_dagrun for example_xcom to 2021-01-01 00:00:00+00:00, run_after=2021-01-01 00:00:00+00:00
[2025-03-31T19:14:27.706+0000] {processor.py:208} INFO - Processing /usr/local/python/3.12.1/lib/python3.12/site-packages/airflow/example_dags/example_xcom.py took 0.054 seconds
[2025-03-31T19:15:17.199+0000] {processor.py:186} INFO - Started process (PID=9478) to work on /usr/local/python/3.12.1/lib/python3.12/site-packages/airflow/example_dags/example_xcom.py
[2025-03-31T19:15:17.199+0000] {processor.py:914} INFO - Processing file /usr/local/python/3.12.1/lib/python3.12/site-packages/airflow/example_dags/example_xcom.py for tasks to queue
[2025-03-31T19:15:17.201+0000] {logging_mixin.py:190} INFO - [2025-03-31T19:15:17.200+0000] {dagbag.py:588} INFO - Filling up the DagBag from /usr/local/python/3.12.1/lib/python3.12/site-packages/airflow/example_dags/example_xcom.py
[2025-03-31T19:15:17.208+0000] {processor.py:925} INFO - DAG(s) 'example_xcom' retrieved from /usr/local/python/3.12.1/lib/python3.12/site-packages/airflow/example_dags/example_xcom.py
[2025-03-31T19:15:17.219+0000] {logging_mixin.py:190} INFO - [2025-03-31T19:15:17.219+0000] {dag.py:3239} INFO - Sync 1 DAGs
[2025-03-31T19:15:17.233+0000] {logging_mixin.py:190} INFO - [2025-03-31T19:15:17.233+0000] {dag.py:4180} INFO - Setting next_dagrun for example_xcom to 2021-01-01 00:00:00+00:00, run_after=2021-01-01 00:00:00+00:00
[2025-03-31T19:15:17.248+0000] {processor.py:208} INFO - Processing /usr/local/python/3.12.1/lib/python3.12/site-packages/airflow/example_dags/example_xcom.py took 0.053 seconds
[2025-03-31T19:16:07.150+0000] {processor.py:186} INFO - Started process (PID=9870) to work on /usr/local/python/3.12.1/lib/python3.12/site-packages/airflow/example_dags/example_xcom.py
[2025-03-31T19:16:07.151+0000] {processor.py:914} INFO - Processing file /usr/local/python/3.12.1/lib/python3.12/site-packages/airflow/example_dags/example_xcom.py for tasks to queue
[2025-03-31T19:16:07.153+0000] {logging_mixin.py:190} INFO - [2025-03-31T19:16:07.152+0000] {dagbag.py:588} INFO - Filling up the DagBag from /usr/local/python/3.12.1/lib/python3.12/site-packages/airflow/example_dags/example_xcom.py
[2025-03-31T19:16:07.160+0000] {processor.py:925} INFO - DAG(s) 'example_xcom' retrieved from /usr/local/python/3.12.1/lib/python3.12/site-packages/airflow/example_dags/example_xcom.py
[2025-03-31T19:16:07.171+0000] {logging_mixin.py:190} INFO - [2025-03-31T19:16:07.171+0000] {dag.py:3239} INFO - Sync 1 DAGs
[2025-03-31T19:16:07.186+0000] {logging_mixin.py:190} INFO - [2025-03-31T19:16:07.185+0000] {dag.py:4180} INFO - Setting next_dagrun for example_xcom to 2021-01-01 00:00:00+00:00, run_after=2021-01-01 00:00:00+00:00
[2025-03-31T19:16:07.202+0000] {processor.py:208} INFO - Processing /usr/local/python/3.12.1/lib/python3.12/site-packages/airflow/example_dags/example_xcom.py took 0.056 seconds
[2025-03-31T19:17:00.817+0000] {processor.py:186} INFO - Started process (PID=10289) to work on /usr/local/python/3.12.1/lib/python3.12/site-packages/airflow/example_dags/example_xcom.py
[2025-03-31T19:17:00.817+0000] {processor.py:914} INFO - Processing file /usr/local/python/3.12.1/lib/python3.12/site-packages/airflow/example_dags/example_xcom.py for tasks to queue
[2025-03-31T19:17:00.820+0000] {logging_mixin.py:190} INFO - [2025-03-31T19:17:00.819+0000] {dagbag.py:588} INFO - Filling up the DagBag from /usr/local/python/3.12.1/lib/python3.12/site-packages/airflow/example_dags/example_xcom.py
[2025-03-31T19:17:00.828+0000] {processor.py:925} INFO - DAG(s) 'example_xcom' retrieved from /usr/local/python/3.12.1/lib/python3.12/site-packages/airflow/example_dags/example_xcom.py
[2025-03-31T19:17:00.843+0000] {logging_mixin.py:190} INFO - [2025-03-31T19:17:00.842+0000] {dag.py:3239} INFO - Sync 1 DAGs
[2025-03-31T19:17:00.859+0000] {logging_mixin.py:190} INFO - [2025-03-31T19:17:00.859+0000] {dag.py:4180} INFO - Setting next_dagrun for example_xcom to 2021-01-01 00:00:00+00:00, run_after=2021-01-01 00:00:00+00:00
[2025-03-31T19:17:00.875+0000] {processor.py:208} INFO - Processing /usr/local/python/3.12.1/lib/python3.12/site-packages/airflow/example_dags/example_xcom.py took 0.062 seconds
[2025-03-31T19:17:57.825+0000] {processor.py:186} INFO - Started process (PID=10778) to work on /usr/local/python/3.12.1/lib/python3.12/site-packages/airflow/example_dags/example_xcom.py
[2025-03-31T19:17:57.826+0000] {processor.py:914} INFO - Processing file /usr/local/python/3.12.1/lib/python3.12/site-packages/airflow/example_dags/example_xcom.py for tasks to queue
[2025-03-31T19:17:57.828+0000] {logging_mixin.py:190} INFO - [2025-03-31T19:17:57.827+0000] {dagbag.py:588} INFO - Filling up the DagBag from /usr/local/python/3.12.1/lib/python3.12/site-packages/airflow/example_dags/example_xcom.py
[2025-03-31T19:17:57.835+0000] {processor.py:925} INFO - DAG(s) 'example_xcom' retrieved from /usr/local/python/3.12.1/lib/python3.12/site-packages/airflow/example_dags/example_xcom.py
[2025-03-31T19:17:57.846+0000] {logging_mixin.py:190} INFO - [2025-03-31T19:17:57.846+0000] {dag.py:3239} INFO - Sync 1 DAGs
[2025-03-31T19:17:57.861+0000] {logging_mixin.py:190} INFO - [2025-03-31T19:17:57.861+0000] {dag.py:4180} INFO - Setting next_dagrun for example_xcom to 2021-01-01 00:00:00+00:00, run_after=2021-01-01 00:00:00+00:00
[2025-03-31T19:17:57.875+0000] {processor.py:208} INFO - Processing /usr/local/python/3.12.1/lib/python3.12/site-packages/airflow/example_dags/example_xcom.py took 0.054 seconds
[2025-03-31T19:18:52.643+0000] {processor.py:186} INFO - Started process (PID=11246) to work on /usr/local/python/3.12.1/lib/python3.12/site-packages/airflow/example_dags/example_xcom.py
[2025-03-31T19:18:52.644+0000] {processor.py:914} INFO - Processing file /usr/local/python/3.12.1/lib/python3.12/site-packages/airflow/example_dags/example_xcom.py for tasks to queue
[2025-03-31T19:18:52.646+0000] {logging_mixin.py:190} INFO - [2025-03-31T19:18:52.645+0000] {dagbag.py:588} INFO - Filling up the DagBag from /usr/local/python/3.12.1/lib/python3.12/site-packages/airflow/example_dags/example_xcom.py
[2025-03-31T19:18:52.653+0000] {processor.py:925} INFO - DAG(s) 'example_xcom' retrieved from /usr/local/python/3.12.1/lib/python3.12/site-packages/airflow/example_dags/example_xcom.py
[2025-03-31T19:18:52.664+0000] {logging_mixin.py:190} INFO - [2025-03-31T19:18:52.664+0000] {dag.py:3239} INFO - Sync 1 DAGs
[2025-03-31T19:18:52.679+0000] {logging_mixin.py:190} INFO - [2025-03-31T19:18:52.678+0000] {dag.py:4180} INFO - Setting next_dagrun for example_xcom to 2021-01-01 00:00:00+00:00, run_after=2021-01-01 00:00:00+00:00
[2025-03-31T19:18:52.693+0000] {processor.py:208} INFO - Processing /usr/local/python/3.12.1/lib/python3.12/site-packages/airflow/example_dags/example_xcom.py took 0.054 seconds
[2025-03-31T19:19:45.105+0000] {processor.py:186} INFO - Started process (PID=11760) to work on /usr/local/python/3.12.1/lib/python3.12/site-packages/airflow/example_dags/example_xcom.py
[2025-03-31T19:19:45.106+0000] {processor.py:914} INFO - Processing file /usr/local/python/3.12.1/lib/python3.12/site-packages/airflow/example_dags/example_xcom.py for tasks to queue
[2025-03-31T19:19:45.107+0000] {logging_mixin.py:190} INFO - [2025-03-31T19:19:45.107+0000] {dagbag.py:588} INFO - Filling up the DagBag from /usr/local/python/3.12.1/lib/python3.12/site-packages/airflow/example_dags/example_xcom.py
[2025-03-31T19:19:45.114+0000] {processor.py:925} INFO - DAG(s) 'example_xcom' retrieved from /usr/local/python/3.12.1/lib/python3.12/site-packages/airflow/example_dags/example_xcom.py
[2025-03-31T19:19:45.126+0000] {logging_mixin.py:190} INFO - [2025-03-31T19:19:45.126+0000] {dag.py:3239} INFO - Sync 1 DAGs
[2025-03-31T19:19:45.141+0000] {logging_mixin.py:190} INFO - [2025-03-31T19:19:45.140+0000] {dag.py:4180} INFO - Setting next_dagrun for example_xcom to 2021-01-01 00:00:00+00:00, run_after=2021-01-01 00:00:00+00:00
[2025-03-31T19:19:45.156+0000] {processor.py:208} INFO - Processing /usr/local/python/3.12.1/lib/python3.12/site-packages/airflow/example_dags/example_xcom.py took 0.055 seconds
[2025-03-31T19:20:36.454+0000] {processor.py:186} INFO - Started process (PID=12207) to work on /usr/local/python/3.12.1/lib/python3.12/site-packages/airflow/example_dags/example_xcom.py
[2025-03-31T19:20:36.455+0000] {processor.py:914} INFO - Processing file /usr/local/python/3.12.1/lib/python3.12/site-packages/airflow/example_dags/example_xcom.py for tasks to queue
[2025-03-31T19:20:36.457+0000] {logging_mixin.py:190} INFO - [2025-03-31T19:20:36.457+0000] {dagbag.py:588} INFO - Filling up the DagBag from /usr/local/python/3.12.1/lib/python3.12/site-packages/airflow/example_dags/example_xcom.py
[2025-03-31T19:20:36.467+0000] {processor.py:925} INFO - DAG(s) 'example_xcom' retrieved from /usr/local/python/3.12.1/lib/python3.12/site-packages/airflow/example_dags/example_xcom.py
[2025-03-31T19:20:36.481+0000] {logging_mixin.py:190} INFO - [2025-03-31T19:20:36.481+0000] {dag.py:3239} INFO - Sync 1 DAGs
[2025-03-31T19:20:36.497+0000] {logging_mixin.py:190} INFO - [2025-03-31T19:20:36.496+0000] {dag.py:4180} INFO - Setting next_dagrun for example_xcom to 2021-01-01 00:00:00+00:00, run_after=2021-01-01 00:00:00+00:00
[2025-03-31T19:20:36.512+0000] {processor.py:208} INFO - Processing /usr/local/python/3.12.1/lib/python3.12/site-packages/airflow/example_dags/example_xcom.py took 0.062 seconds
[2025-03-31T19:21:26.723+0000] {processor.py:186} INFO - Started process (PID=12771) to work on /usr/local/python/3.12.1/lib/python3.12/site-packages/airflow/example_dags/example_xcom.py
[2025-03-31T19:21:26.723+0000] {processor.py:914} INFO - Processing file /usr/local/python/3.12.1/lib/python3.12/site-packages/airflow/example_dags/example_xcom.py for tasks to queue
[2025-03-31T19:21:26.726+0000] {logging_mixin.py:190} INFO - [2025-03-31T19:21:26.725+0000] {dagbag.py:588} INFO - Filling up the DagBag from /usr/local/python/3.12.1/lib/python3.12/site-packages/airflow/example_dags/example_xcom.py
[2025-03-31T19:21:26.734+0000] {processor.py:925} INFO - DAG(s) 'example_xcom' retrieved from /usr/local/python/3.12.1/lib/python3.12/site-packages/airflow/example_dags/example_xcom.py
[2025-03-31T19:21:26.746+0000] {logging_mixin.py:190} INFO - [2025-03-31T19:21:26.746+0000] {dag.py:3239} INFO - Sync 1 DAGs
[2025-03-31T19:21:26.762+0000] {logging_mixin.py:190} INFO - [2025-03-31T19:21:26.762+0000] {dag.py:4180} INFO - Setting next_dagrun for example_xcom to 2021-01-01 00:00:00+00:00, run_after=2021-01-01 00:00:00+00:00
[2025-03-31T19:21:26.777+0000] {processor.py:208} INFO - Processing /usr/local/python/3.12.1/lib/python3.12/site-packages/airflow/example_dags/example_xcom.py took 0.060 seconds
[2025-03-31T19:22:18.690+0000] {processor.py:186} INFO - Started process (PID=13216) to work on /usr/local/python/3.12.1/lib/python3.12/site-packages/airflow/example_dags/example_xcom.py
[2025-03-31T19:22:18.691+0000] {processor.py:914} INFO - Processing file /usr/local/python/3.12.1/lib/python3.12/site-packages/airflow/example_dags/example_xcom.py for tasks to queue
[2025-03-31T19:22:18.692+0000] {logging_mixin.py:190} INFO - [2025-03-31T19:22:18.692+0000] {dagbag.py:588} INFO - Filling up the DagBag from /usr/local/python/3.12.1/lib/python3.12/site-packages/airflow/example_dags/example_xcom.py
[2025-03-31T19:22:18.699+0000] {processor.py:925} INFO - DAG(s) 'example_xcom' retrieved from /usr/local/python/3.12.1/lib/python3.12/site-packages/airflow/example_dags/example_xcom.py
[2025-03-31T19:22:18.711+0000] {logging_mixin.py:190} INFO - [2025-03-31T19:22:18.711+0000] {dag.py:3239} INFO - Sync 1 DAGs
[2025-03-31T19:22:18.725+0000] {logging_mixin.py:190} INFO - [2025-03-31T19:22:18.725+0000] {dag.py:4180} INFO - Setting next_dagrun for example_xcom to 2021-01-01 00:00:00+00:00, run_after=2021-01-01 00:00:00+00:00
[2025-03-31T19:22:18.739+0000] {processor.py:208} INFO - Processing /usr/local/python/3.12.1/lib/python3.12/site-packages/airflow/example_dags/example_xcom.py took 0.054 seconds
[2025-03-31T19:23:12.306+0000] {processor.py:186} INFO - Started process (PID=13638) to work on /usr/local/python/3.12.1/lib/python3.12/site-packages/airflow/example_dags/example_xcom.py
[2025-03-31T19:23:12.307+0000] {processor.py:914} INFO - Processing file /usr/local/python/3.12.1/lib/python3.12/site-packages/airflow/example_dags/example_xcom.py for tasks to queue
[2025-03-31T19:23:12.308+0000] {logging_mixin.py:190} INFO - [2025-03-31T19:23:12.308+0000] {dagbag.py:588} INFO - Filling up the DagBag from /usr/local/python/3.12.1/lib/python3.12/site-packages/airflow/example_dags/example_xcom.py
[2025-03-31T19:23:12.315+0000] {processor.py:925} INFO - DAG(s) 'example_xcom' retrieved from /usr/local/python/3.12.1/lib/python3.12/site-packages/airflow/example_dags/example_xcom.py
[2025-03-31T19:23:12.327+0000] {logging_mixin.py:190} INFO - [2025-03-31T19:23:12.327+0000] {dag.py:3239} INFO - Sync 1 DAGs
[2025-03-31T19:23:12.342+0000] {logging_mixin.py:190} INFO - [2025-03-31T19:23:12.341+0000] {dag.py:4180} INFO - Setting next_dagrun for example_xcom to 2021-01-01 00:00:00+00:00, run_after=2021-01-01 00:00:00+00:00
[2025-03-31T19:23:12.358+0000] {processor.py:208} INFO - Processing /usr/local/python/3.12.1/lib/python3.12/site-packages/airflow/example_dags/example_xcom.py took 0.057 seconds
[2025-03-31T19:24:02.246+0000] {processor.py:186} INFO - Started process (PID=14029) to work on /usr/local/python/3.12.1/lib/python3.12/site-packages/airflow/example_dags/example_xcom.py
[2025-03-31T19:24:02.247+0000] {processor.py:914} INFO - Processing file /usr/local/python/3.12.1/lib/python3.12/site-packages/airflow/example_dags/example_xcom.py for tasks to queue
[2025-03-31T19:24:02.248+0000] {logging_mixin.py:190} INFO - [2025-03-31T19:24:02.248+0000] {dagbag.py:588} INFO - Filling up the DagBag from /usr/local/python/3.12.1/lib/python3.12/site-packages/airflow/example_dags/example_xcom.py
[2025-03-31T19:24:02.255+0000] {processor.py:925} INFO - DAG(s) 'example_xcom' retrieved from /usr/local/python/3.12.1/lib/python3.12/site-packages/airflow/example_dags/example_xcom.py
[2025-03-31T19:24:02.267+0000] {logging_mixin.py:190} INFO - [2025-03-31T19:24:02.267+0000] {dag.py:3239} INFO - Sync 1 DAGs
[2025-03-31T19:24:02.282+0000] {logging_mixin.py:190} INFO - [2025-03-31T19:24:02.282+0000] {dag.py:4180} INFO - Setting next_dagrun for example_xcom to 2021-01-01 00:00:00+00:00, run_after=2021-01-01 00:00:00+00:00
[2025-03-31T19:24:02.296+0000] {processor.py:208} INFO - Processing /usr/local/python/3.12.1/lib/python3.12/site-packages/airflow/example_dags/example_xcom.py took 0.054 seconds
[2025-03-31T19:24:56.215+0000] {processor.py:186} INFO - Started process (PID=14459) to work on /usr/local/python/3.12.1/lib/python3.12/site-packages/airflow/example_dags/example_xcom.py
[2025-03-31T19:24:56.215+0000] {processor.py:914} INFO - Processing file /usr/local/python/3.12.1/lib/python3.12/site-packages/airflow/example_dags/example_xcom.py for tasks to queue
[2025-03-31T19:24:56.217+0000] {logging_mixin.py:190} INFO - [2025-03-31T19:24:56.217+0000] {dagbag.py:588} INFO - Filling up the DagBag from /usr/local/python/3.12.1/lib/python3.12/site-packages/airflow/example_dags/example_xcom.py
[2025-03-31T19:24:56.225+0000] {processor.py:925} INFO - DAG(s) 'example_xcom' retrieved from /usr/local/python/3.12.1/lib/python3.12/site-packages/airflow/example_dags/example_xcom.py
[2025-03-31T19:24:56.236+0000] {logging_mixin.py:190} INFO - [2025-03-31T19:24:56.236+0000] {dag.py:3239} INFO - Sync 1 DAGs
[2025-03-31T19:24:56.250+0000] {logging_mixin.py:190} INFO - [2025-03-31T19:24:56.250+0000] {dag.py:4180} INFO - Setting next_dagrun for example_xcom to 2021-01-01 00:00:00+00:00, run_after=2021-01-01 00:00:00+00:00
[2025-03-31T19:24:56.265+0000] {processor.py:208} INFO - Processing /usr/local/python/3.12.1/lib/python3.12/site-packages/airflow/example_dags/example_xcom.py took 0.056 seconds
[2025-03-31T19:25:48.743+0000] {processor.py:186} INFO - Started process (PID=14897) to work on /usr/local/python/3.12.1/lib/python3.12/site-packages/airflow/example_dags/example_xcom.py
[2025-03-31T19:25:48.744+0000] {processor.py:914} INFO - Processing file /usr/local/python/3.12.1/lib/python3.12/site-packages/airflow/example_dags/example_xcom.py for tasks to queue
[2025-03-31T19:25:48.746+0000] {logging_mixin.py:190} INFO - [2025-03-31T19:25:48.745+0000] {dagbag.py:588} INFO - Filling up the DagBag from /usr/local/python/3.12.1/lib/python3.12/site-packages/airflow/example_dags/example_xcom.py
[2025-03-31T19:25:48.753+0000] {processor.py:925} INFO - DAG(s) 'example_xcom' retrieved from /usr/local/python/3.12.1/lib/python3.12/site-packages/airflow/example_dags/example_xcom.py
[2025-03-31T19:25:48.765+0000] {logging_mixin.py:190} INFO - [2025-03-31T19:25:48.764+0000] {dag.py:3239} INFO - Sync 1 DAGs
[2025-03-31T19:25:48.779+0000] {logging_mixin.py:190} INFO - [2025-03-31T19:25:48.779+0000] {dag.py:4180} INFO - Setting next_dagrun for example_xcom to 2021-01-01 00:00:00+00:00, run_after=2021-01-01 00:00:00+00:00
[2025-03-31T19:25:48.793+0000] {processor.py:208} INFO - Processing /usr/local/python/3.12.1/lib/python3.12/site-packages/airflow/example_dags/example_xcom.py took 0.054 seconds
[2025-03-31T19:26:42.351+0000] {processor.py:186} INFO - Started process (PID=15380) to work on /usr/local/python/3.12.1/lib/python3.12/site-packages/airflow/example_dags/example_xcom.py
[2025-03-31T19:26:42.352+0000] {processor.py:914} INFO - Processing file /usr/local/python/3.12.1/lib/python3.12/site-packages/airflow/example_dags/example_xcom.py for tasks to queue
[2025-03-31T19:26:42.354+0000] {logging_mixin.py:190} INFO - [2025-03-31T19:26:42.353+0000] {dagbag.py:588} INFO - Filling up the DagBag from /usr/local/python/3.12.1/lib/python3.12/site-packages/airflow/example_dags/example_xcom.py
[2025-03-31T19:26:42.360+0000] {processor.py:925} INFO - DAG(s) 'example_xcom' retrieved from /usr/local/python/3.12.1/lib/python3.12/site-packages/airflow/example_dags/example_xcom.py
[2025-03-31T19:26:42.372+0000] {logging_mixin.py:190} INFO - [2025-03-31T19:26:42.372+0000] {dag.py:3239} INFO - Sync 1 DAGs
[2025-03-31T19:26:42.386+0000] {logging_mixin.py:190} INFO - [2025-03-31T19:26:42.386+0000] {dag.py:4180} INFO - Setting next_dagrun for example_xcom to 2021-01-01 00:00:00+00:00, run_after=2021-01-01 00:00:00+00:00
[2025-03-31T19:26:42.401+0000] {processor.py:208} INFO - Processing /usr/local/python/3.12.1/lib/python3.12/site-packages/airflow/example_dags/example_xcom.py took 0.054 seconds
[2025-03-31T19:27:32.477+0000] {processor.py:186} INFO - Started process (PID=15803) to work on /usr/local/python/3.12.1/lib/python3.12/site-packages/airflow/example_dags/example_xcom.py
[2025-03-31T19:27:32.478+0000] {processor.py:914} INFO - Processing file /usr/local/python/3.12.1/lib/python3.12/site-packages/airflow/example_dags/example_xcom.py for tasks to queue
[2025-03-31T19:27:32.480+0000] {logging_mixin.py:190} INFO - [2025-03-31T19:27:32.479+0000] {dagbag.py:588} INFO - Filling up the DagBag from /usr/local/python/3.12.1/lib/python3.12/site-packages/airflow/example_dags/example_xcom.py
[2025-03-31T19:27:32.487+0000] {processor.py:925} INFO - DAG(s) 'example_xcom' retrieved from /usr/local/python/3.12.1/lib/python3.12/site-packages/airflow/example_dags/example_xcom.py
[2025-03-31T19:27:32.498+0000] {logging_mixin.py:190} INFO - [2025-03-31T19:27:32.498+0000] {dag.py:3239} INFO - Sync 1 DAGs
[2025-03-31T19:27:32.513+0000] {logging_mixin.py:190} INFO - [2025-03-31T19:27:32.513+0000] {dag.py:4180} INFO - Setting next_dagrun for example_xcom to 2021-01-01 00:00:00+00:00, run_after=2021-01-01 00:00:00+00:00
[2025-03-31T19:27:32.527+0000] {processor.py:208} INFO - Processing /usr/local/python/3.12.1/lib/python3.12/site-packages/airflow/example_dags/example_xcom.py took 0.054 seconds
[2025-03-31T19:28:22.942+0000] {processor.py:186} INFO - Started process (PID=16228) to work on /usr/local/python/3.12.1/lib/python3.12/site-packages/airflow/example_dags/example_xcom.py
[2025-03-31T19:28:22.942+0000] {processor.py:914} INFO - Processing file /usr/local/python/3.12.1/lib/python3.12/site-packages/airflow/example_dags/example_xcom.py for tasks to queue
[2025-03-31T19:28:22.944+0000] {logging_mixin.py:190} INFO - [2025-03-31T19:28:22.944+0000] {dagbag.py:588} INFO - Filling up the DagBag from /usr/local/python/3.12.1/lib/python3.12/site-packages/airflow/example_dags/example_xcom.py
[2025-03-31T19:28:22.951+0000] {processor.py:925} INFO - DAG(s) 'example_xcom' retrieved from /usr/local/python/3.12.1/lib/python3.12/site-packages/airflow/example_dags/example_xcom.py
[2025-03-31T19:28:22.963+0000] {logging_mixin.py:190} INFO - [2025-03-31T19:28:22.963+0000] {dag.py:3239} INFO - Sync 1 DAGs
[2025-03-31T19:28:22.977+0000] {logging_mixin.py:190} INFO - [2025-03-31T19:28:22.977+0000] {dag.py:4180} INFO - Setting next_dagrun for example_xcom to 2021-01-01 00:00:00+00:00, run_after=2021-01-01 00:00:00+00:00
[2025-03-31T19:28:22.992+0000] {processor.py:208} INFO - Processing /usr/local/python/3.12.1/lib/python3.12/site-packages/airflow/example_dags/example_xcom.py took 0.055 seconds
[2025-03-31T19:29:00.977+0000] {processor.py:186} INFO - Started process (PID=16657) to work on /usr/local/python/3.12.1/lib/python3.12/site-packages/airflow/example_dags/example_xcom.py
[2025-03-31T19:29:00.977+0000] {processor.py:914} INFO - Processing file /usr/local/python/3.12.1/lib/python3.12/site-packages/airflow/example_dags/example_xcom.py for tasks to queue
[2025-03-31T19:29:00.979+0000] {logging_mixin.py:190} INFO - [2025-03-31T19:29:00.979+0000] {dagbag.py:588} INFO - Filling up the DagBag from /usr/local/python/3.12.1/lib/python3.12/site-packages/airflow/example_dags/example_xcom.py
[2025-03-31T19:29:00.986+0000] {processor.py:925} INFO - DAG(s) 'example_xcom' retrieved from /usr/local/python/3.12.1/lib/python3.12/site-packages/airflow/example_dags/example_xcom.py
[2025-03-31T19:29:00.998+0000] {logging_mixin.py:190} INFO - [2025-03-31T19:29:00.998+0000] {dag.py:3239} INFO - Sync 1 DAGs
[2025-03-31T19:29:01.013+0000] {logging_mixin.py:190} INFO - [2025-03-31T19:29:01.013+0000] {dag.py:4180} INFO - Setting next_dagrun for example_xcom to 2021-01-01 00:00:00+00:00, run_after=2021-01-01 00:00:00+00:00
[2025-03-31T19:29:01.028+0000] {processor.py:208} INFO - Processing /usr/local/python/3.12.1/lib/python3.12/site-packages/airflow/example_dags/example_xcom.py took 0.055 seconds
[2025-03-31T19:29:58.990+0000] {processor.py:186} INFO - Started process (PID=17121) to work on /usr/local/python/3.12.1/lib/python3.12/site-packages/airflow/example_dags/example_xcom.py
[2025-03-31T19:29:58.991+0000] {processor.py:914} INFO - Processing file /usr/local/python/3.12.1/lib/python3.12/site-packages/airflow/example_dags/example_xcom.py for tasks to queue
[2025-03-31T19:29:58.992+0000] {logging_mixin.py:190} INFO - [2025-03-31T19:29:58.992+0000] {dagbag.py:588} INFO - Filling up the DagBag from /usr/local/python/3.12.1/lib/python3.12/site-packages/airflow/example_dags/example_xcom.py
[2025-03-31T19:29:59.001+0000] {processor.py:925} INFO - DAG(s) 'example_xcom' retrieved from /usr/local/python/3.12.1/lib/python3.12/site-packages/airflow/example_dags/example_xcom.py
[2025-03-31T19:29:59.018+0000] {logging_mixin.py:190} INFO - [2025-03-31T19:29:59.018+0000] {dag.py:3239} INFO - Sync 1 DAGs
[2025-03-31T19:29:59.033+0000] {logging_mixin.py:190} INFO - [2025-03-31T19:29:59.033+0000] {dag.py:4180} INFO - Setting next_dagrun for example_xcom to 2021-01-01 00:00:00+00:00, run_after=2021-01-01 00:00:00+00:00
[2025-03-31T19:29:59.048+0000] {processor.py:208} INFO - Processing /usr/local/python/3.12.1/lib/python3.12/site-packages/airflow/example_dags/example_xcom.py took 0.061 seconds
[2025-03-31T19:30:55.896+0000] {processor.py:186} INFO - Started process (PID=17574) to work on /usr/local/python/3.12.1/lib/python3.12/site-packages/airflow/example_dags/example_xcom.py
[2025-03-31T19:30:55.896+0000] {processor.py:914} INFO - Processing file /usr/local/python/3.12.1/lib/python3.12/site-packages/airflow/example_dags/example_xcom.py for tasks to queue
[2025-03-31T19:30:55.898+0000] {logging_mixin.py:190} INFO - [2025-03-31T19:30:55.898+0000] {dagbag.py:588} INFO - Filling up the DagBag from /usr/local/python/3.12.1/lib/python3.12/site-packages/airflow/example_dags/example_xcom.py
[2025-03-31T19:30:55.905+0000] {processor.py:925} INFO - DAG(s) 'example_xcom' retrieved from /usr/local/python/3.12.1/lib/python3.12/site-packages/airflow/example_dags/example_xcom.py
[2025-03-31T19:30:55.916+0000] {logging_mixin.py:190} INFO - [2025-03-31T19:30:55.916+0000] {dag.py:3239} INFO - Sync 1 DAGs
[2025-03-31T19:30:55.931+0000] {logging_mixin.py:190} INFO - [2025-03-31T19:30:55.931+0000] {dag.py:4180} INFO - Setting next_dagrun for example_xcom to 2021-01-01 00:00:00+00:00, run_after=2021-01-01 00:00:00+00:00
[2025-03-31T19:30:55.945+0000] {processor.py:208} INFO - Processing /usr/local/python/3.12.1/lib/python3.12/site-packages/airflow/example_dags/example_xcom.py took 0.053 seconds
[2025-03-31T19:31:51.754+0000] {processor.py:186} INFO - Started process (PID=18005) to work on /usr/local/python/3.12.1/lib/python3.12/site-packages/airflow/example_dags/example_xcom.py
[2025-03-31T19:31:51.755+0000] {processor.py:914} INFO - Processing file /usr/local/python/3.12.1/lib/python3.12/site-packages/airflow/example_dags/example_xcom.py for tasks to queue
[2025-03-31T19:31:51.756+0000] {logging_mixin.py:190} INFO - [2025-03-31T19:31:51.756+0000] {dagbag.py:588} INFO - Filling up the DagBag from /usr/local/python/3.12.1/lib/python3.12/site-packages/airflow/example_dags/example_xcom.py
[2025-03-31T19:31:51.763+0000] {processor.py:925} INFO - DAG(s) 'example_xcom' retrieved from /usr/local/python/3.12.1/lib/python3.12/site-packages/airflow/example_dags/example_xcom.py
[2025-03-31T19:31:51.775+0000] {logging_mixin.py:190} INFO - [2025-03-31T19:31:51.775+0000] {dag.py:3239} INFO - Sync 1 DAGs
[2025-03-31T19:31:51.789+0000] {logging_mixin.py:190} INFO - [2025-03-31T19:31:51.789+0000] {dag.py:4180} INFO - Setting next_dagrun for example_xcom to 2021-01-01 00:00:00+00:00, run_after=2021-01-01 00:00:00+00:00
[2025-03-31T19:31:51.803+0000] {processor.py:208} INFO - Processing /usr/local/python/3.12.1/lib/python3.12/site-packages/airflow/example_dags/example_xcom.py took 0.053 seconds
[2025-03-31T19:32:47.675+0000] {processor.py:186} INFO - Started process (PID=18467) to work on /usr/local/python/3.12.1/lib/python3.12/site-packages/airflow/example_dags/example_xcom.py
[2025-03-31T19:32:47.676+0000] {processor.py:914} INFO - Processing file /usr/local/python/3.12.1/lib/python3.12/site-packages/airflow/example_dags/example_xcom.py for tasks to queue
[2025-03-31T19:32:47.678+0000] {logging_mixin.py:190} INFO - [2025-03-31T19:32:47.677+0000] {dagbag.py:588} INFO - Filling up the DagBag from /usr/local/python/3.12.1/lib/python3.12/site-packages/airflow/example_dags/example_xcom.py
[2025-03-31T19:32:47.685+0000] {processor.py:925} INFO - DAG(s) 'example_xcom' retrieved from /usr/local/python/3.12.1/lib/python3.12/site-packages/airflow/example_dags/example_xcom.py
[2025-03-31T19:32:47.696+0000] {logging_mixin.py:190} INFO - [2025-03-31T19:32:47.696+0000] {dag.py:3239} INFO - Sync 1 DAGs
[2025-03-31T19:32:47.711+0000] {logging_mixin.py:190} INFO - [2025-03-31T19:32:47.711+0000] {dag.py:4180} INFO - Setting next_dagrun for example_xcom to 2021-01-01 00:00:00+00:00, run_after=2021-01-01 00:00:00+00:00
[2025-03-31T19:32:47.725+0000] {processor.py:208} INFO - Processing /usr/local/python/3.12.1/lib/python3.12/site-packages/airflow/example_dags/example_xcom.py took 0.054 seconds
[2025-03-31T19:33:46.356+0000] {processor.py:186} INFO - Started process (PID=18947) to work on /usr/local/python/3.12.1/lib/python3.12/site-packages/airflow/example_dags/example_xcom.py
[2025-03-31T19:33:46.357+0000] {processor.py:914} INFO - Processing file /usr/local/python/3.12.1/lib/python3.12/site-packages/airflow/example_dags/example_xcom.py for tasks to queue
[2025-03-31T19:33:46.358+0000] {logging_mixin.py:190} INFO - [2025-03-31T19:33:46.358+0000] {dagbag.py:588} INFO - Filling up the DagBag from /usr/local/python/3.12.1/lib/python3.12/site-packages/airflow/example_dags/example_xcom.py
[2025-03-31T19:33:46.365+0000] {processor.py:925} INFO - DAG(s) 'example_xcom' retrieved from /usr/local/python/3.12.1/lib/python3.12/site-packages/airflow/example_dags/example_xcom.py
[2025-03-31T19:33:46.378+0000] {logging_mixin.py:190} INFO - [2025-03-31T19:33:46.377+0000] {dag.py:3239} INFO - Sync 1 DAGs
[2025-03-31T19:33:46.393+0000] {logging_mixin.py:190} INFO - [2025-03-31T19:33:46.393+0000] {dag.py:4180} INFO - Setting next_dagrun for example_xcom to 2021-01-01 00:00:00+00:00, run_after=2021-01-01 00:00:00+00:00
[2025-03-31T19:33:46.408+0000] {processor.py:208} INFO - Processing /usr/local/python/3.12.1/lib/python3.12/site-packages/airflow/example_dags/example_xcom.py took 0.057 seconds
[2025-03-31T19:34:43.766+0000] {processor.py:186} INFO - Started process (PID=19417) to work on /usr/local/python/3.12.1/lib/python3.12/site-packages/airflow/example_dags/example_xcom.py
[2025-03-31T19:34:43.767+0000] {processor.py:914} INFO - Processing file /usr/local/python/3.12.1/lib/python3.12/site-packages/airflow/example_dags/example_xcom.py for tasks to queue
[2025-03-31T19:34:43.769+0000] {logging_mixin.py:190} INFO - [2025-03-31T19:34:43.768+0000] {dagbag.py:588} INFO - Filling up the DagBag from /usr/local/python/3.12.1/lib/python3.12/site-packages/airflow/example_dags/example_xcom.py
[2025-03-31T19:34:43.775+0000] {processor.py:925} INFO - DAG(s) 'example_xcom' retrieved from /usr/local/python/3.12.1/lib/python3.12/site-packages/airflow/example_dags/example_xcom.py
[2025-03-31T19:34:43.787+0000] {logging_mixin.py:190} INFO - [2025-03-31T19:34:43.787+0000] {dag.py:3239} INFO - Sync 1 DAGs
[2025-03-31T19:34:43.801+0000] {logging_mixin.py:190} INFO - [2025-03-31T19:34:43.801+0000] {dag.py:4180} INFO - Setting next_dagrun for example_xcom to 2021-01-01 00:00:00+00:00, run_after=2021-01-01 00:00:00+00:00
[2025-03-31T19:34:43.816+0000] {processor.py:208} INFO - Processing /usr/local/python/3.12.1/lib/python3.12/site-packages/airflow/example_dags/example_xcom.py took 0.053 seconds
[2025-03-31T19:35:41.403+0000] {processor.py:186} INFO - Started process (PID=19876) to work on /usr/local/python/3.12.1/lib/python3.12/site-packages/airflow/example_dags/example_xcom.py
[2025-03-31T19:35:41.404+0000] {processor.py:914} INFO - Processing file /usr/local/python/3.12.1/lib/python3.12/site-packages/airflow/example_dags/example_xcom.py for tasks to queue
[2025-03-31T19:35:41.405+0000] {logging_mixin.py:190} INFO - [2025-03-31T19:35:41.405+0000] {dagbag.py:588} INFO - Filling up the DagBag from /usr/local/python/3.12.1/lib/python3.12/site-packages/airflow/example_dags/example_xcom.py
[2025-03-31T19:35:41.412+0000] {processor.py:925} INFO - DAG(s) 'example_xcom' retrieved from /usr/local/python/3.12.1/lib/python3.12/site-packages/airflow/example_dags/example_xcom.py
[2025-03-31T19:35:41.424+0000] {logging_mixin.py:190} INFO - [2025-03-31T19:35:41.423+0000] {dag.py:3239} INFO - Sync 1 DAGs
[2025-03-31T19:35:41.438+0000] {logging_mixin.py:190} INFO - [2025-03-31T19:35:41.438+0000] {dag.py:4180} INFO - Setting next_dagrun for example_xcom to 2021-01-01 00:00:00+00:00, run_after=2021-01-01 00:00:00+00:00
[2025-03-31T19:35:41.452+0000] {processor.py:208} INFO - Processing /usr/local/python/3.12.1/lib/python3.12/site-packages/airflow/example_dags/example_xcom.py took 0.053 seconds
[2025-03-31T19:36:38.641+0000] {processor.py:186} INFO - Started process (PID=20360) to work on /usr/local/python/3.12.1/lib/python3.12/site-packages/airflow/example_dags/example_xcom.py
[2025-03-31T19:36:38.642+0000] {processor.py:914} INFO - Processing file /usr/local/python/3.12.1/lib/python3.12/site-packages/airflow/example_dags/example_xcom.py for tasks to queue
[2025-03-31T19:36:38.644+0000] {logging_mixin.py:190} INFO - [2025-03-31T19:36:38.644+0000] {dagbag.py:588} INFO - Filling up the DagBag from /usr/local/python/3.12.1/lib/python3.12/site-packages/airflow/example_dags/example_xcom.py
[2025-03-31T19:36:38.651+0000] {processor.py:925} INFO - DAG(s) 'example_xcom' retrieved from /usr/local/python/3.12.1/lib/python3.12/site-packages/airflow/example_dags/example_xcom.py
[2025-03-31T19:36:38.663+0000] {logging_mixin.py:190} INFO - [2025-03-31T19:36:38.663+0000] {dag.py:3239} INFO - Sync 1 DAGs
[2025-03-31T19:36:38.678+0000] {logging_mixin.py:190} INFO - [2025-03-31T19:36:38.678+0000] {dag.py:4180} INFO - Setting next_dagrun for example_xcom to 2021-01-01 00:00:00+00:00, run_after=2021-01-01 00:00:00+00:00
[2025-03-31T19:36:38.692+0000] {processor.py:208} INFO - Processing /usr/local/python/3.12.1/lib/python3.12/site-packages/airflow/example_dags/example_xcom.py took 0.055 seconds
[2025-03-31T19:37:32.793+0000] {processor.py:186} INFO - Started process (PID=20788) to work on /usr/local/python/3.12.1/lib/python3.12/site-packages/airflow/example_dags/example_xcom.py
[2025-03-31T19:37:32.793+0000] {processor.py:914} INFO - Processing file /usr/local/python/3.12.1/lib/python3.12/site-packages/airflow/example_dags/example_xcom.py for tasks to queue
[2025-03-31T19:37:32.795+0000] {logging_mixin.py:190} INFO - [2025-03-31T19:37:32.795+0000] {dagbag.py:588} INFO - Filling up the DagBag from /usr/local/python/3.12.1/lib/python3.12/site-packages/airflow/example_dags/example_xcom.py
[2025-03-31T19:37:32.803+0000] {processor.py:925} INFO - DAG(s) 'example_xcom' retrieved from /usr/local/python/3.12.1/lib/python3.12/site-packages/airflow/example_dags/example_xcom.py
[2025-03-31T19:37:32.817+0000] {logging_mixin.py:190} INFO - [2025-03-31T19:37:32.817+0000] {dag.py:3239} INFO - Sync 1 DAGs
[2025-03-31T19:37:32.832+0000] {logging_mixin.py:190} INFO - [2025-03-31T19:37:32.831+0000] {dag.py:4180} INFO - Setting next_dagrun for example_xcom to 2021-01-01 00:00:00+00:00, run_after=2021-01-01 00:00:00+00:00
[2025-03-31T19:37:32.847+0000] {processor.py:208} INFO - Processing /usr/local/python/3.12.1/lib/python3.12/site-packages/airflow/example_dags/example_xcom.py took 0.058 seconds
[2025-03-31T19:38:26.972+0000] {processor.py:186} INFO - Started process (PID=21205) to work on /usr/local/python/3.12.1/lib/python3.12/site-packages/airflow/example_dags/example_xcom.py
[2025-03-31T19:38:26.973+0000] {processor.py:914} INFO - Processing file /usr/local/python/3.12.1/lib/python3.12/site-packages/airflow/example_dags/example_xcom.py for tasks to queue
[2025-03-31T19:38:26.974+0000] {logging_mixin.py:190} INFO - [2025-03-31T19:38:26.974+0000] {dagbag.py:588} INFO - Filling up the DagBag from /usr/local/python/3.12.1/lib/python3.12/site-packages/airflow/example_dags/example_xcom.py
[2025-03-31T19:38:26.981+0000] {processor.py:925} INFO - DAG(s) 'example_xcom' retrieved from /usr/local/python/3.12.1/lib/python3.12/site-packages/airflow/example_dags/example_xcom.py
[2025-03-31T19:38:26.993+0000] {logging_mixin.py:190} INFO - [2025-03-31T19:38:26.993+0000] {dag.py:3239} INFO - Sync 1 DAGs
[2025-03-31T19:38:27.008+0000] {logging_mixin.py:190} INFO - [2025-03-31T19:38:27.008+0000] {dag.py:4180} INFO - Setting next_dagrun for example_xcom to 2021-01-01 00:00:00+00:00, run_after=2021-01-01 00:00:00+00:00
[2025-03-31T19:38:27.022+0000] {processor.py:208} INFO - Processing /usr/local/python/3.12.1/lib/python3.12/site-packages/airflow/example_dags/example_xcom.py took 0.054 seconds
