[2025-03-31T19:06:51.343+0000] {processor.py:186} INFO - Started process (PID=5395) to work on /usr/local/python/3.12.1/lib/python3.12/site-packages/airflow/example_dags/example_dataset_alias_with_no_taskflow.py
[2025-03-31T19:06:51.344+0000] {processor.py:914} INFO - Processing file /usr/local/python/3.12.1/lib/python3.12/site-packages/airflow/example_dags/example_dataset_alias_with_no_taskflow.py for tasks to queue
[2025-03-31T19:06:51.345+0000] {logging_mixin.py:190} INFO - [2025-03-31T19:06:51.345+0000] {dagbag.py:588} INFO - Filling up the DagBag from /usr/local/python/3.12.1/lib/python3.12/site-packages/airflow/example_dags/example_dataset_alias_with_no_taskflow.py
[2025-03-31T19:06:51.361+0000] {processor.py:925} INFO - DAG(s) 'dataset_s3_bucket_consumer_with_no_taskflow', 'dataset_alias_example_alias_consumer_with_no_taskflow', 'dataset_s3_bucket_producer_with_no_taskflow', 'dataset_alias_example_alias_producer_with_no_taskflow' retrieved from /usr/local/python/3.12.1/lib/python3.12/site-packages/airflow/example_dags/example_dataset_alias_with_no_taskflow.py
[2025-03-31T19:06:51.376+0000] {logging_mixin.py:190} INFO - [2025-03-31T19:06:51.376+0000] {dag.py:3239} INFO - Sync 4 DAGs
[2025-03-31T19:06:51.390+0000] {logging_mixin.py:190} INFO - [2025-03-31T19:06:51.390+0000] {dag.py:4180} INFO - Setting next_dagrun for dataset_alias_example_alias_consumer_with_no_taskflow to None, run_after=None
[2025-03-31T19:06:51.392+0000] {logging_mixin.py:190} INFO - [2025-03-31T19:06:51.392+0000] {dag.py:4180} INFO - Setting next_dagrun for dataset_alias_example_alias_producer_with_no_taskflow to None, run_after=None
[2025-03-31T19:06:51.392+0000] {logging_mixin.py:190} INFO - [2025-03-31T19:06:51.392+0000] {dag.py:4180} INFO - Setting next_dagrun for dataset_s3_bucket_consumer_with_no_taskflow to None, run_after=None
[2025-03-31T19:06:51.393+0000] {logging_mixin.py:190} INFO - [2025-03-31T19:06:51.393+0000] {dag.py:4180} INFO - Setting next_dagrun for dataset_s3_bucket_producer_with_no_taskflow to None, run_after=None
[2025-03-31T19:06:51.409+0000] {processor.py:208} INFO - Processing /usr/local/python/3.12.1/lib/python3.12/site-packages/airflow/example_dags/example_dataset_alias_with_no_taskflow.py took 0.070 seconds
[2025-03-31T19:07:48.980+0000] {processor.py:186} INFO - Started process (PID=5907) to work on /usr/local/python/3.12.1/lib/python3.12/site-packages/airflow/example_dags/example_dataset_alias_with_no_taskflow.py
[2025-03-31T19:07:48.980+0000] {processor.py:914} INFO - Processing file /usr/local/python/3.12.1/lib/python3.12/site-packages/airflow/example_dags/example_dataset_alias_with_no_taskflow.py for tasks to queue
[2025-03-31T19:07:48.982+0000] {logging_mixin.py:190} INFO - [2025-03-31T19:07:48.982+0000] {dagbag.py:588} INFO - Filling up the DagBag from /usr/local/python/3.12.1/lib/python3.12/site-packages/airflow/example_dags/example_dataset_alias_with_no_taskflow.py
[2025-03-31T19:07:48.998+0000] {processor.py:925} INFO - DAG(s) 'dataset_alias_example_alias_producer_with_no_taskflow', 'dataset_alias_example_alias_consumer_with_no_taskflow', 'dataset_s3_bucket_producer_with_no_taskflow', 'dataset_s3_bucket_consumer_with_no_taskflow' retrieved from /usr/local/python/3.12.1/lib/python3.12/site-packages/airflow/example_dags/example_dataset_alias_with_no_taskflow.py
[2025-03-31T19:07:49.012+0000] {logging_mixin.py:190} INFO - [2025-03-31T19:07:49.012+0000] {dag.py:3239} INFO - Sync 4 DAGs
[2025-03-31T19:07:49.026+0000] {logging_mixin.py:190} INFO - [2025-03-31T19:07:49.026+0000] {dag.py:4180} INFO - Setting next_dagrun for dataset_alias_example_alias_consumer_with_no_taskflow to None, run_after=None
[2025-03-31T19:07:49.028+0000] {logging_mixin.py:190} INFO - [2025-03-31T19:07:49.028+0000] {dag.py:4180} INFO - Setting next_dagrun for dataset_alias_example_alias_producer_with_no_taskflow to None, run_after=None
[2025-03-31T19:07:49.029+0000] {logging_mixin.py:190} INFO - [2025-03-31T19:07:49.029+0000] {dag.py:4180} INFO - Setting next_dagrun for dataset_s3_bucket_consumer_with_no_taskflow to None, run_after=None
[2025-03-31T19:07:49.029+0000] {logging_mixin.py:190} INFO - [2025-03-31T19:07:49.029+0000] {dag.py:4180} INFO - Setting next_dagrun for dataset_s3_bucket_producer_with_no_taskflow to None, run_after=None
[2025-03-31T19:07:49.045+0000] {processor.py:208} INFO - Processing /usr/local/python/3.12.1/lib/python3.12/site-packages/airflow/example_dags/example_dataset_alias_with_no_taskflow.py took 0.070 seconds
[2025-03-31T19:08:44.388+0000] {processor.py:186} INFO - Started process (PID=6377) to work on /usr/local/python/3.12.1/lib/python3.12/site-packages/airflow/example_dags/example_dataset_alias_with_no_taskflow.py
[2025-03-31T19:08:44.389+0000] {processor.py:914} INFO - Processing file /usr/local/python/3.12.1/lib/python3.12/site-packages/airflow/example_dags/example_dataset_alias_with_no_taskflow.py for tasks to queue
[2025-03-31T19:08:44.391+0000] {logging_mixin.py:190} INFO - [2025-03-31T19:08:44.390+0000] {dagbag.py:588} INFO - Filling up the DagBag from /usr/local/python/3.12.1/lib/python3.12/site-packages/airflow/example_dags/example_dataset_alias_with_no_taskflow.py
[2025-03-31T19:08:44.409+0000] {processor.py:925} INFO - DAG(s) 'dataset_s3_bucket_consumer_with_no_taskflow', 'dataset_alias_example_alias_consumer_with_no_taskflow', 'dataset_alias_example_alias_producer_with_no_taskflow', 'dataset_s3_bucket_producer_with_no_taskflow' retrieved from /usr/local/python/3.12.1/lib/python3.12/site-packages/airflow/example_dags/example_dataset_alias_with_no_taskflow.py
[2025-03-31T19:08:44.429+0000] {logging_mixin.py:190} INFO - [2025-03-31T19:08:44.428+0000] {dag.py:3239} INFO - Sync 4 DAGs
[2025-03-31T19:08:44.446+0000] {logging_mixin.py:190} INFO - [2025-03-31T19:08:44.446+0000] {dag.py:4180} INFO - Setting next_dagrun for dataset_alias_example_alias_consumer_with_no_taskflow to None, run_after=None
[2025-03-31T19:08:44.448+0000] {logging_mixin.py:190} INFO - [2025-03-31T19:08:44.448+0000] {dag.py:4180} INFO - Setting next_dagrun for dataset_alias_example_alias_producer_with_no_taskflow to None, run_after=None
[2025-03-31T19:08:44.449+0000] {logging_mixin.py:190} INFO - [2025-03-31T19:08:44.449+0000] {dag.py:4180} INFO - Setting next_dagrun for dataset_s3_bucket_consumer_with_no_taskflow to None, run_after=None
[2025-03-31T19:08:44.450+0000] {logging_mixin.py:190} INFO - [2025-03-31T19:08:44.449+0000] {dag.py:4180} INFO - Setting next_dagrun for dataset_s3_bucket_producer_with_no_taskflow to None, run_after=None
[2025-03-31T19:08:44.470+0000] {processor.py:208} INFO - Processing /usr/local/python/3.12.1/lib/python3.12/site-packages/airflow/example_dags/example_dataset_alias_with_no_taskflow.py took 0.088 seconds
[2025-03-31T19:09:39.118+0000] {processor.py:186} INFO - Started process (PID=6814) to work on /usr/local/python/3.12.1/lib/python3.12/site-packages/airflow/example_dags/example_dataset_alias_with_no_taskflow.py
[2025-03-31T19:09:39.119+0000] {processor.py:914} INFO - Processing file /usr/local/python/3.12.1/lib/python3.12/site-packages/airflow/example_dags/example_dataset_alias_with_no_taskflow.py for tasks to queue
[2025-03-31T19:09:39.120+0000] {logging_mixin.py:190} INFO - [2025-03-31T19:09:39.120+0000] {dagbag.py:588} INFO - Filling up the DagBag from /usr/local/python/3.12.1/lib/python3.12/site-packages/airflow/example_dags/example_dataset_alias_with_no_taskflow.py
[2025-03-31T19:09:39.136+0000] {processor.py:925} INFO - DAG(s) 'dataset_alias_example_alias_producer_with_no_taskflow', 'dataset_s3_bucket_consumer_with_no_taskflow', 'dataset_alias_example_alias_consumer_with_no_taskflow', 'dataset_s3_bucket_producer_with_no_taskflow' retrieved from /usr/local/python/3.12.1/lib/python3.12/site-packages/airflow/example_dags/example_dataset_alias_with_no_taskflow.py
[2025-03-31T19:09:39.150+0000] {logging_mixin.py:190} INFO - [2025-03-31T19:09:39.150+0000] {dag.py:3239} INFO - Sync 4 DAGs
[2025-03-31T19:09:39.165+0000] {logging_mixin.py:190} INFO - [2025-03-31T19:09:39.165+0000] {dag.py:4180} INFO - Setting next_dagrun for dataset_alias_example_alias_consumer_with_no_taskflow to None, run_after=None
[2025-03-31T19:09:39.167+0000] {logging_mixin.py:190} INFO - [2025-03-31T19:09:39.167+0000] {dag.py:4180} INFO - Setting next_dagrun for dataset_alias_example_alias_producer_with_no_taskflow to None, run_after=None
[2025-03-31T19:09:39.168+0000] {logging_mixin.py:190} INFO - [2025-03-31T19:09:39.168+0000] {dag.py:4180} INFO - Setting next_dagrun for dataset_s3_bucket_consumer_with_no_taskflow to None, run_after=None
[2025-03-31T19:09:39.168+0000] {logging_mixin.py:190} INFO - [2025-03-31T19:09:39.168+0000] {dag.py:4180} INFO - Setting next_dagrun for dataset_s3_bucket_producer_with_no_taskflow to None, run_after=None
[2025-03-31T19:09:39.185+0000] {processor.py:208} INFO - Processing /usr/local/python/3.12.1/lib/python3.12/site-packages/airflow/example_dags/example_dataset_alias_with_no_taskflow.py took 0.071 seconds
[2025-03-31T19:10:31.371+0000] {processor.py:186} INFO - Started process (PID=7223) to work on /usr/local/python/3.12.1/lib/python3.12/site-packages/airflow/example_dags/example_dataset_alias_with_no_taskflow.py
[2025-03-31T19:10:31.372+0000] {processor.py:914} INFO - Processing file /usr/local/python/3.12.1/lib/python3.12/site-packages/airflow/example_dags/example_dataset_alias_with_no_taskflow.py for tasks to queue
[2025-03-31T19:10:31.373+0000] {logging_mixin.py:190} INFO - [2025-03-31T19:10:31.373+0000] {dagbag.py:588} INFO - Filling up the DagBag from /usr/local/python/3.12.1/lib/python3.12/site-packages/airflow/example_dags/example_dataset_alias_with_no_taskflow.py
[2025-03-31T19:10:31.390+0000] {processor.py:925} INFO - DAG(s) 'dataset_alias_example_alias_producer_with_no_taskflow', 'dataset_s3_bucket_producer_with_no_taskflow', 'dataset_s3_bucket_consumer_with_no_taskflow', 'dataset_alias_example_alias_consumer_with_no_taskflow' retrieved from /usr/local/python/3.12.1/lib/python3.12/site-packages/airflow/example_dags/example_dataset_alias_with_no_taskflow.py
[2025-03-31T19:10:31.404+0000] {logging_mixin.py:190} INFO - [2025-03-31T19:10:31.403+0000] {dag.py:3239} INFO - Sync 4 DAGs
[2025-03-31T19:10:31.418+0000] {logging_mixin.py:190} INFO - [2025-03-31T19:10:31.418+0000] {dag.py:4180} INFO - Setting next_dagrun for dataset_alias_example_alias_consumer_with_no_taskflow to None, run_after=None
[2025-03-31T19:10:31.419+0000] {logging_mixin.py:190} INFO - [2025-03-31T19:10:31.419+0000] {dag.py:4180} INFO - Setting next_dagrun for dataset_alias_example_alias_producer_with_no_taskflow to None, run_after=None
[2025-03-31T19:10:31.420+0000] {logging_mixin.py:190} INFO - [2025-03-31T19:10:31.420+0000] {dag.py:4180} INFO - Setting next_dagrun for dataset_s3_bucket_consumer_with_no_taskflow to None, run_after=None
[2025-03-31T19:10:31.421+0000] {logging_mixin.py:190} INFO - [2025-03-31T19:10:31.421+0000] {dag.py:4180} INFO - Setting next_dagrun for dataset_s3_bucket_producer_with_no_taskflow to None, run_after=None
[2025-03-31T19:10:31.437+0000] {processor.py:208} INFO - Processing /usr/local/python/3.12.1/lib/python3.12/site-packages/airflow/example_dags/example_dataset_alias_with_no_taskflow.py took 0.069 seconds
[2025-03-31T19:11:23.460+0000] {processor.py:186} INFO - Started process (PID=7636) to work on /usr/local/python/3.12.1/lib/python3.12/site-packages/airflow/example_dags/example_dataset_alias_with_no_taskflow.py
[2025-03-31T19:11:23.461+0000] {processor.py:914} INFO - Processing file /usr/local/python/3.12.1/lib/python3.12/site-packages/airflow/example_dags/example_dataset_alias_with_no_taskflow.py for tasks to queue
[2025-03-31T19:11:23.462+0000] {logging_mixin.py:190} INFO - [2025-03-31T19:11:23.462+0000] {dagbag.py:588} INFO - Filling up the DagBag from /usr/local/python/3.12.1/lib/python3.12/site-packages/airflow/example_dags/example_dataset_alias_with_no_taskflow.py
[2025-03-31T19:11:23.479+0000] {processor.py:925} INFO - DAG(s) 'dataset_alias_example_alias_consumer_with_no_taskflow', 'dataset_s3_bucket_producer_with_no_taskflow', 'dataset_alias_example_alias_producer_with_no_taskflow', 'dataset_s3_bucket_consumer_with_no_taskflow' retrieved from /usr/local/python/3.12.1/lib/python3.12/site-packages/airflow/example_dags/example_dataset_alias_with_no_taskflow.py
[2025-03-31T19:11:23.493+0000] {logging_mixin.py:190} INFO - [2025-03-31T19:11:23.493+0000] {dag.py:3239} INFO - Sync 4 DAGs
[2025-03-31T19:11:23.507+0000] {logging_mixin.py:190} INFO - [2025-03-31T19:11:23.507+0000] {dag.py:4180} INFO - Setting next_dagrun for dataset_alias_example_alias_consumer_with_no_taskflow to None, run_after=None
[2025-03-31T19:11:23.509+0000] {logging_mixin.py:190} INFO - [2025-03-31T19:11:23.509+0000] {dag.py:4180} INFO - Setting next_dagrun for dataset_alias_example_alias_producer_with_no_taskflow to None, run_after=None
[2025-03-31T19:11:23.510+0000] {logging_mixin.py:190} INFO - [2025-03-31T19:11:23.509+0000] {dag.py:4180} INFO - Setting next_dagrun for dataset_s3_bucket_consumer_with_no_taskflow to None, run_after=None
[2025-03-31T19:11:23.510+0000] {logging_mixin.py:190} INFO - [2025-03-31T19:11:23.510+0000] {dag.py:4180} INFO - Setting next_dagrun for dataset_s3_bucket_producer_with_no_taskflow to None, run_after=None
[2025-03-31T19:11:23.526+0000] {processor.py:208} INFO - Processing /usr/local/python/3.12.1/lib/python3.12/site-packages/airflow/example_dags/example_dataset_alias_with_no_taskflow.py took 0.070 seconds
[2025-03-31T19:12:15.995+0000] {processor.py:186} INFO - Started process (PID=8050) to work on /usr/local/python/3.12.1/lib/python3.12/site-packages/airflow/example_dags/example_dataset_alias_with_no_taskflow.py
[2025-03-31T19:12:15.996+0000] {processor.py:914} INFO - Processing file /usr/local/python/3.12.1/lib/python3.12/site-packages/airflow/example_dags/example_dataset_alias_with_no_taskflow.py for tasks to queue
[2025-03-31T19:12:15.997+0000] {logging_mixin.py:190} INFO - [2025-03-31T19:12:15.997+0000] {dagbag.py:588} INFO - Filling up the DagBag from /usr/local/python/3.12.1/lib/python3.12/site-packages/airflow/example_dags/example_dataset_alias_with_no_taskflow.py
[2025-03-31T19:12:16.013+0000] {processor.py:925} INFO - DAG(s) 'dataset_s3_bucket_consumer_with_no_taskflow', 'dataset_alias_example_alias_producer_with_no_taskflow', 'dataset_alias_example_alias_consumer_with_no_taskflow', 'dataset_s3_bucket_producer_with_no_taskflow' retrieved from /usr/local/python/3.12.1/lib/python3.12/site-packages/airflow/example_dags/example_dataset_alias_with_no_taskflow.py
[2025-03-31T19:12:16.028+0000] {logging_mixin.py:190} INFO - [2025-03-31T19:12:16.027+0000] {dag.py:3239} INFO - Sync 4 DAGs
[2025-03-31T19:12:16.042+0000] {logging_mixin.py:190} INFO - [2025-03-31T19:12:16.042+0000] {dag.py:4180} INFO - Setting next_dagrun for dataset_alias_example_alias_consumer_with_no_taskflow to None, run_after=None
[2025-03-31T19:12:16.044+0000] {logging_mixin.py:190} INFO - [2025-03-31T19:12:16.044+0000] {dag.py:4180} INFO - Setting next_dagrun for dataset_alias_example_alias_producer_with_no_taskflow to None, run_after=None
[2025-03-31T19:12:16.045+0000] {logging_mixin.py:190} INFO - [2025-03-31T19:12:16.044+0000] {dag.py:4180} INFO - Setting next_dagrun for dataset_s3_bucket_consumer_with_no_taskflow to None, run_after=None
[2025-03-31T19:12:16.045+0000] {logging_mixin.py:190} INFO - [2025-03-31T19:12:16.045+0000] {dag.py:4180} INFO - Setting next_dagrun for dataset_s3_bucket_producer_with_no_taskflow to None, run_after=None
[2025-03-31T19:12:16.062+0000] {processor.py:208} INFO - Processing /usr/local/python/3.12.1/lib/python3.12/site-packages/airflow/example_dags/example_dataset_alias_with_no_taskflow.py took 0.070 seconds
[2025-03-31T19:13:09.587+0000] {processor.py:186} INFO - Started process (PID=8476) to work on /usr/local/python/3.12.1/lib/python3.12/site-packages/airflow/example_dags/example_dataset_alias_with_no_taskflow.py
[2025-03-31T19:13:09.587+0000] {processor.py:914} INFO - Processing file /usr/local/python/3.12.1/lib/python3.12/site-packages/airflow/example_dags/example_dataset_alias_with_no_taskflow.py for tasks to queue
[2025-03-31T19:13:09.589+0000] {logging_mixin.py:190} INFO - [2025-03-31T19:13:09.588+0000] {dagbag.py:588} INFO - Filling up the DagBag from /usr/local/python/3.12.1/lib/python3.12/site-packages/airflow/example_dags/example_dataset_alias_with_no_taskflow.py
[2025-03-31T19:13:09.605+0000] {processor.py:925} INFO - DAG(s) 'dataset_alias_example_alias_consumer_with_no_taskflow', 'dataset_alias_example_alias_producer_with_no_taskflow', 'dataset_s3_bucket_consumer_with_no_taskflow', 'dataset_s3_bucket_producer_with_no_taskflow' retrieved from /usr/local/python/3.12.1/lib/python3.12/site-packages/airflow/example_dags/example_dataset_alias_with_no_taskflow.py
[2025-03-31T19:13:09.623+0000] {logging_mixin.py:190} INFO - [2025-03-31T19:13:09.623+0000] {dag.py:3239} INFO - Sync 4 DAGs
[2025-03-31T19:13:09.638+0000] {logging_mixin.py:190} INFO - [2025-03-31T19:13:09.638+0000] {dag.py:4180} INFO - Setting next_dagrun for dataset_alias_example_alias_consumer_with_no_taskflow to None, run_after=None
[2025-03-31T19:13:09.640+0000] {logging_mixin.py:190} INFO - [2025-03-31T19:13:09.640+0000] {dag.py:4180} INFO - Setting next_dagrun for dataset_alias_example_alias_producer_with_no_taskflow to None, run_after=None
[2025-03-31T19:13:09.641+0000] {logging_mixin.py:190} INFO - [2025-03-31T19:13:09.641+0000] {dag.py:4180} INFO - Setting next_dagrun for dataset_s3_bucket_consumer_with_no_taskflow to None, run_after=None
[2025-03-31T19:13:09.642+0000] {logging_mixin.py:190} INFO - [2025-03-31T19:13:09.642+0000] {dag.py:4180} INFO - Setting next_dagrun for dataset_s3_bucket_producer_with_no_taskflow to None, run_after=None
[2025-03-31T19:13:09.661+0000] {processor.py:208} INFO - Processing /usr/local/python/3.12.1/lib/python3.12/site-packages/airflow/example_dags/example_dataset_alias_with_no_taskflow.py took 0.079 seconds
[2025-03-31T19:14:02.704+0000] {processor.py:186} INFO - Started process (PID=8892) to work on /usr/local/python/3.12.1/lib/python3.12/site-packages/airflow/example_dags/example_dataset_alias_with_no_taskflow.py
[2025-03-31T19:14:02.705+0000] {processor.py:914} INFO - Processing file /usr/local/python/3.12.1/lib/python3.12/site-packages/airflow/example_dags/example_dataset_alias_with_no_taskflow.py for tasks to queue
[2025-03-31T19:14:02.706+0000] {logging_mixin.py:190} INFO - [2025-03-31T19:14:02.706+0000] {dagbag.py:588} INFO - Filling up the DagBag from /usr/local/python/3.12.1/lib/python3.12/site-packages/airflow/example_dags/example_dataset_alias_with_no_taskflow.py
[2025-03-31T19:14:02.722+0000] {processor.py:925} INFO - DAG(s) 'dataset_alias_example_alias_producer_with_no_taskflow', 'dataset_s3_bucket_consumer_with_no_taskflow', 'dataset_s3_bucket_producer_with_no_taskflow', 'dataset_alias_example_alias_consumer_with_no_taskflow' retrieved from /usr/local/python/3.12.1/lib/python3.12/site-packages/airflow/example_dags/example_dataset_alias_with_no_taskflow.py
[2025-03-31T19:14:02.736+0000] {logging_mixin.py:190} INFO - [2025-03-31T19:14:02.736+0000] {dag.py:3239} INFO - Sync 4 DAGs
[2025-03-31T19:14:02.751+0000] {logging_mixin.py:190} INFO - [2025-03-31T19:14:02.751+0000] {dag.py:4180} INFO - Setting next_dagrun for dataset_alias_example_alias_consumer_with_no_taskflow to None, run_after=None
[2025-03-31T19:14:02.752+0000] {logging_mixin.py:190} INFO - [2025-03-31T19:14:02.752+0000] {dag.py:4180} INFO - Setting next_dagrun for dataset_alias_example_alias_producer_with_no_taskflow to None, run_after=None
[2025-03-31T19:14:02.753+0000] {logging_mixin.py:190} INFO - [2025-03-31T19:14:02.753+0000] {dag.py:4180} INFO - Setting next_dagrun for dataset_s3_bucket_consumer_with_no_taskflow to None, run_after=None
[2025-03-31T19:14:02.754+0000] {logging_mixin.py:190} INFO - [2025-03-31T19:14:02.753+0000] {dag.py:4180} INFO - Setting next_dagrun for dataset_s3_bucket_producer_with_no_taskflow to None, run_after=None
[2025-03-31T19:14:02.769+0000] {processor.py:208} INFO - Processing /usr/local/python/3.12.1/lib/python3.12/site-packages/airflow/example_dags/example_dataset_alias_with_no_taskflow.py took 0.069 seconds
[2025-03-31T19:14:54.661+0000] {processor.py:186} INFO - Started process (PID=9304) to work on /usr/local/python/3.12.1/lib/python3.12/site-packages/airflow/example_dags/example_dataset_alias_with_no_taskflow.py
[2025-03-31T19:14:54.662+0000] {processor.py:914} INFO - Processing file /usr/local/python/3.12.1/lib/python3.12/site-packages/airflow/example_dags/example_dataset_alias_with_no_taskflow.py for tasks to queue
[2025-03-31T19:14:54.663+0000] {logging_mixin.py:190} INFO - [2025-03-31T19:14:54.663+0000] {dagbag.py:588} INFO - Filling up the DagBag from /usr/local/python/3.12.1/lib/python3.12/site-packages/airflow/example_dags/example_dataset_alias_with_no_taskflow.py
[2025-03-31T19:14:54.679+0000] {processor.py:925} INFO - DAG(s) 'dataset_s3_bucket_consumer_with_no_taskflow', 'dataset_s3_bucket_producer_with_no_taskflow', 'dataset_alias_example_alias_producer_with_no_taskflow', 'dataset_alias_example_alias_consumer_with_no_taskflow' retrieved from /usr/local/python/3.12.1/lib/python3.12/site-packages/airflow/example_dags/example_dataset_alias_with_no_taskflow.py
[2025-03-31T19:14:54.694+0000] {logging_mixin.py:190} INFO - [2025-03-31T19:14:54.694+0000] {dag.py:3239} INFO - Sync 4 DAGs
[2025-03-31T19:14:54.708+0000] {logging_mixin.py:190} INFO - [2025-03-31T19:14:54.708+0000] {dag.py:4180} INFO - Setting next_dagrun for dataset_alias_example_alias_consumer_with_no_taskflow to None, run_after=None
[2025-03-31T19:14:54.710+0000] {logging_mixin.py:190} INFO - [2025-03-31T19:14:54.710+0000] {dag.py:4180} INFO - Setting next_dagrun for dataset_alias_example_alias_producer_with_no_taskflow to None, run_after=None
[2025-03-31T19:14:54.711+0000] {logging_mixin.py:190} INFO - [2025-03-31T19:14:54.710+0000] {dag.py:4180} INFO - Setting next_dagrun for dataset_s3_bucket_consumer_with_no_taskflow to None, run_after=None
[2025-03-31T19:14:54.711+0000] {logging_mixin.py:190} INFO - [2025-03-31T19:14:54.711+0000] {dag.py:4180} INFO - Setting next_dagrun for dataset_s3_bucket_producer_with_no_taskflow to None, run_after=None
[2025-03-31T19:14:54.727+0000] {processor.py:208} INFO - Processing /usr/local/python/3.12.1/lib/python3.12/site-packages/airflow/example_dags/example_dataset_alias_with_no_taskflow.py took 0.070 seconds
[2025-03-31T19:15:48.915+0000] {processor.py:186} INFO - Started process (PID=9722) to work on /usr/local/python/3.12.1/lib/python3.12/site-packages/airflow/example_dags/example_dataset_alias_with_no_taskflow.py
[2025-03-31T19:15:48.915+0000] {processor.py:914} INFO - Processing file /usr/local/python/3.12.1/lib/python3.12/site-packages/airflow/example_dags/example_dataset_alias_with_no_taskflow.py for tasks to queue
[2025-03-31T19:15:48.917+0000] {logging_mixin.py:190} INFO - [2025-03-31T19:15:48.916+0000] {dagbag.py:588} INFO - Filling up the DagBag from /usr/local/python/3.12.1/lib/python3.12/site-packages/airflow/example_dags/example_dataset_alias_with_no_taskflow.py
[2025-03-31T19:15:48.933+0000] {processor.py:925} INFO - DAG(s) 'dataset_s3_bucket_consumer_with_no_taskflow', 'dataset_alias_example_alias_producer_with_no_taskflow', 'dataset_s3_bucket_producer_with_no_taskflow', 'dataset_alias_example_alias_consumer_with_no_taskflow' retrieved from /usr/local/python/3.12.1/lib/python3.12/site-packages/airflow/example_dags/example_dataset_alias_with_no_taskflow.py
[2025-03-31T19:15:48.947+0000] {logging_mixin.py:190} INFO - [2025-03-31T19:15:48.946+0000] {dag.py:3239} INFO - Sync 4 DAGs
[2025-03-31T19:15:48.961+0000] {logging_mixin.py:190} INFO - [2025-03-31T19:15:48.961+0000] {dag.py:4180} INFO - Setting next_dagrun for dataset_alias_example_alias_consumer_with_no_taskflow to None, run_after=None
[2025-03-31T19:15:48.963+0000] {logging_mixin.py:190} INFO - [2025-03-31T19:15:48.963+0000] {dag.py:4180} INFO - Setting next_dagrun for dataset_alias_example_alias_producer_with_no_taskflow to None, run_after=None
[2025-03-31T19:15:48.964+0000] {logging_mixin.py:190} INFO - [2025-03-31T19:15:48.963+0000] {dag.py:4180} INFO - Setting next_dagrun for dataset_s3_bucket_consumer_with_no_taskflow to None, run_after=None
[2025-03-31T19:15:48.964+0000] {logging_mixin.py:190} INFO - [2025-03-31T19:15:48.964+0000] {dag.py:4180} INFO - Setting next_dagrun for dataset_s3_bucket_producer_with_no_taskflow to None, run_after=None
[2025-03-31T19:15:48.980+0000] {processor.py:208} INFO - Processing /usr/local/python/3.12.1/lib/python3.12/site-packages/airflow/example_dags/example_dataset_alias_with_no_taskflow.py took 0.069 seconds
[2025-03-31T19:17:04.821+0000] {processor.py:186} INFO - Started process (PID=10333) to work on /usr/local/python/3.12.1/lib/python3.12/site-packages/airflow/example_dags/example_dataset_alias_with_no_taskflow.py
[2025-03-31T19:17:04.821+0000] {processor.py:914} INFO - Processing file /usr/local/python/3.12.1/lib/python3.12/site-packages/airflow/example_dags/example_dataset_alias_with_no_taskflow.py for tasks to queue
[2025-03-31T19:17:04.823+0000] {logging_mixin.py:190} INFO - [2025-03-31T19:17:04.822+0000] {dagbag.py:588} INFO - Filling up the DagBag from /usr/local/python/3.12.1/lib/python3.12/site-packages/airflow/example_dags/example_dataset_alias_with_no_taskflow.py
[2025-03-31T19:17:04.838+0000] {processor.py:925} INFO - DAG(s) 'dataset_s3_bucket_producer_with_no_taskflow', 'dataset_s3_bucket_consumer_with_no_taskflow', 'dataset_alias_example_alias_consumer_with_no_taskflow', 'dataset_alias_example_alias_producer_with_no_taskflow' retrieved from /usr/local/python/3.12.1/lib/python3.12/site-packages/airflow/example_dags/example_dataset_alias_with_no_taskflow.py
[2025-03-31T19:17:04.852+0000] {logging_mixin.py:190} INFO - [2025-03-31T19:17:04.852+0000] {dag.py:3239} INFO - Sync 4 DAGs
[2025-03-31T19:17:04.867+0000] {logging_mixin.py:190} INFO - [2025-03-31T19:17:04.867+0000] {dag.py:4180} INFO - Setting next_dagrun for dataset_alias_example_alias_consumer_with_no_taskflow to None, run_after=None
[2025-03-31T19:17:04.869+0000] {logging_mixin.py:190} INFO - [2025-03-31T19:17:04.869+0000] {dag.py:4180} INFO - Setting next_dagrun for dataset_alias_example_alias_producer_with_no_taskflow to None, run_after=None
[2025-03-31T19:17:04.870+0000] {logging_mixin.py:190} INFO - [2025-03-31T19:17:04.869+0000] {dag.py:4180} INFO - Setting next_dagrun for dataset_s3_bucket_consumer_with_no_taskflow to None, run_after=None
[2025-03-31T19:17:04.870+0000] {logging_mixin.py:190} INFO - [2025-03-31T19:17:04.870+0000] {dag.py:4180} INFO - Setting next_dagrun for dataset_s3_bucket_producer_with_no_taskflow to None, run_after=None
[2025-03-31T19:17:04.886+0000] {processor.py:208} INFO - Processing /usr/local/python/3.12.1/lib/python3.12/site-packages/airflow/example_dags/example_dataset_alias_with_no_taskflow.py took 0.069 seconds
[2025-03-31T19:18:01.374+0000] {processor.py:186} INFO - Started process (PID=10802) to work on /usr/local/python/3.12.1/lib/python3.12/site-packages/airflow/example_dags/example_dataset_alias_with_no_taskflow.py
[2025-03-31T19:18:01.375+0000] {processor.py:914} INFO - Processing file /usr/local/python/3.12.1/lib/python3.12/site-packages/airflow/example_dags/example_dataset_alias_with_no_taskflow.py for tasks to queue
[2025-03-31T19:18:01.376+0000] {logging_mixin.py:190} INFO - [2025-03-31T19:18:01.376+0000] {dagbag.py:588} INFO - Filling up the DagBag from /usr/local/python/3.12.1/lib/python3.12/site-packages/airflow/example_dags/example_dataset_alias_with_no_taskflow.py
[2025-03-31T19:18:01.398+0000] {processor.py:925} INFO - DAG(s) 'dataset_alias_example_alias_consumer_with_no_taskflow', 'dataset_alias_example_alias_producer_with_no_taskflow', 'dataset_s3_bucket_producer_with_no_taskflow', 'dataset_s3_bucket_consumer_with_no_taskflow' retrieved from /usr/local/python/3.12.1/lib/python3.12/site-packages/airflow/example_dags/example_dataset_alias_with_no_taskflow.py
[2025-03-31T19:18:01.421+0000] {logging_mixin.py:190} INFO - [2025-03-31T19:18:01.421+0000] {dag.py:3239} INFO - Sync 4 DAGs
[2025-03-31T19:18:01.437+0000] {logging_mixin.py:190} INFO - [2025-03-31T19:18:01.437+0000] {dag.py:4180} INFO - Setting next_dagrun for dataset_alias_example_alias_consumer_with_no_taskflow to None, run_after=None
[2025-03-31T19:18:01.439+0000] {logging_mixin.py:190} INFO - [2025-03-31T19:18:01.439+0000] {dag.py:4180} INFO - Setting next_dagrun for dataset_alias_example_alias_producer_with_no_taskflow to None, run_after=None
[2025-03-31T19:18:01.440+0000] {logging_mixin.py:190} INFO - [2025-03-31T19:18:01.440+0000] {dag.py:4180} INFO - Setting next_dagrun for dataset_s3_bucket_consumer_with_no_taskflow to None, run_after=None
[2025-03-31T19:18:01.440+0000] {logging_mixin.py:190} INFO - [2025-03-31T19:18:01.440+0000] {dag.py:4180} INFO - Setting next_dagrun for dataset_s3_bucket_producer_with_no_taskflow to None, run_after=None
[2025-03-31T19:18:01.457+0000] {processor.py:208} INFO - Processing /usr/local/python/3.12.1/lib/python3.12/site-packages/airflow/example_dags/example_dataset_alias_with_no_taskflow.py took 0.087 seconds
[2025-03-31T19:18:56.512+0000] {processor.py:186} INFO - Started process (PID=11288) to work on /usr/local/python/3.12.1/lib/python3.12/site-packages/airflow/example_dags/example_dataset_alias_with_no_taskflow.py
[2025-03-31T19:18:56.513+0000] {processor.py:914} INFO - Processing file /usr/local/python/3.12.1/lib/python3.12/site-packages/airflow/example_dags/example_dataset_alias_with_no_taskflow.py for tasks to queue
[2025-03-31T19:18:56.514+0000] {logging_mixin.py:190} INFO - [2025-03-31T19:18:56.514+0000] {dagbag.py:588} INFO - Filling up the DagBag from /usr/local/python/3.12.1/lib/python3.12/site-packages/airflow/example_dags/example_dataset_alias_with_no_taskflow.py
[2025-03-31T19:18:56.530+0000] {processor.py:925} INFO - DAG(s) 'dataset_alias_example_alias_producer_with_no_taskflow', 'dataset_s3_bucket_consumer_with_no_taskflow', 'dataset_s3_bucket_producer_with_no_taskflow', 'dataset_alias_example_alias_consumer_with_no_taskflow' retrieved from /usr/local/python/3.12.1/lib/python3.12/site-packages/airflow/example_dags/example_dataset_alias_with_no_taskflow.py
[2025-03-31T19:18:56.544+0000] {logging_mixin.py:190} INFO - [2025-03-31T19:18:56.544+0000] {dag.py:3239} INFO - Sync 4 DAGs
[2025-03-31T19:18:56.559+0000] {logging_mixin.py:190} INFO - [2025-03-31T19:18:56.559+0000] {dag.py:4180} INFO - Setting next_dagrun for dataset_alias_example_alias_consumer_with_no_taskflow to None, run_after=None
[2025-03-31T19:18:56.560+0000] {logging_mixin.py:190} INFO - [2025-03-31T19:18:56.560+0000] {dag.py:4180} INFO - Setting next_dagrun for dataset_alias_example_alias_producer_with_no_taskflow to None, run_after=None
[2025-03-31T19:18:56.561+0000] {logging_mixin.py:190} INFO - [2025-03-31T19:18:56.561+0000] {dag.py:4180} INFO - Setting next_dagrun for dataset_s3_bucket_consumer_with_no_taskflow to None, run_after=None
[2025-03-31T19:18:56.562+0000] {logging_mixin.py:190} INFO - [2025-03-31T19:18:56.561+0000] {dag.py:4180} INFO - Setting next_dagrun for dataset_s3_bucket_producer_with_no_taskflow to None, run_after=None
[2025-03-31T19:18:56.579+0000] {processor.py:208} INFO - Processing /usr/local/python/3.12.1/lib/python3.12/site-packages/airflow/example_dags/example_dataset_alias_with_no_taskflow.py took 0.071 seconds
[2025-03-31T19:20:11.506+0000] {processor.py:186} INFO - Started process (PID=11984) to work on /usr/local/python/3.12.1/lib/python3.12/site-packages/airflow/example_dags/example_dataset_alias_with_no_taskflow.py
[2025-03-31T19:20:11.506+0000] {processor.py:914} INFO - Processing file /usr/local/python/3.12.1/lib/python3.12/site-packages/airflow/example_dags/example_dataset_alias_with_no_taskflow.py for tasks to queue
[2025-03-31T19:20:11.508+0000] {logging_mixin.py:190} INFO - [2025-03-31T19:20:11.507+0000] {dagbag.py:588} INFO - Filling up the DagBag from /usr/local/python/3.12.1/lib/python3.12/site-packages/airflow/example_dags/example_dataset_alias_with_no_taskflow.py
[2025-03-31T19:20:11.524+0000] {processor.py:925} INFO - DAG(s) 'dataset_s3_bucket_producer_with_no_taskflow', 'dataset_s3_bucket_consumer_with_no_taskflow', 'dataset_alias_example_alias_producer_with_no_taskflow', 'dataset_alias_example_alias_consumer_with_no_taskflow' retrieved from /usr/local/python/3.12.1/lib/python3.12/site-packages/airflow/example_dags/example_dataset_alias_with_no_taskflow.py
[2025-03-31T19:20:11.538+0000] {logging_mixin.py:190} INFO - [2025-03-31T19:20:11.538+0000] {dag.py:3239} INFO - Sync 4 DAGs
[2025-03-31T19:20:11.553+0000] {logging_mixin.py:190} INFO - [2025-03-31T19:20:11.553+0000] {dag.py:4180} INFO - Setting next_dagrun for dataset_alias_example_alias_consumer_with_no_taskflow to None, run_after=None
[2025-03-31T19:20:11.554+0000] {logging_mixin.py:190} INFO - [2025-03-31T19:20:11.554+0000] {dag.py:4180} INFO - Setting next_dagrun for dataset_alias_example_alias_producer_with_no_taskflow to None, run_after=None
[2025-03-31T19:20:11.555+0000] {logging_mixin.py:190} INFO - [2025-03-31T19:20:11.555+0000] {dag.py:4180} INFO - Setting next_dagrun for dataset_s3_bucket_consumer_with_no_taskflow to None, run_after=None
[2025-03-31T19:20:11.556+0000] {logging_mixin.py:190} INFO - [2025-03-31T19:20:11.556+0000] {dag.py:4180} INFO - Setting next_dagrun for dataset_s3_bucket_producer_with_no_taskflow to None, run_after=None
[2025-03-31T19:20:11.572+0000] {processor.py:208} INFO - Processing /usr/local/python/3.12.1/lib/python3.12/site-packages/airflow/example_dags/example_dataset_alias_with_no_taskflow.py took 0.071 seconds
[2025-03-31T19:21:03.892+0000] {processor.py:186} INFO - Started process (PID=12517) to work on /usr/local/python/3.12.1/lib/python3.12/site-packages/airflow/example_dags/example_dataset_alias_with_no_taskflow.py
[2025-03-31T19:21:03.892+0000] {processor.py:914} INFO - Processing file /usr/local/python/3.12.1/lib/python3.12/site-packages/airflow/example_dags/example_dataset_alias_with_no_taskflow.py for tasks to queue
[2025-03-31T19:21:03.894+0000] {logging_mixin.py:190} INFO - [2025-03-31T19:21:03.894+0000] {dagbag.py:588} INFO - Filling up the DagBag from /usr/local/python/3.12.1/lib/python3.12/site-packages/airflow/example_dags/example_dataset_alias_with_no_taskflow.py
[2025-03-31T19:21:03.910+0000] {processor.py:925} INFO - DAG(s) 'dataset_alias_example_alias_consumer_with_no_taskflow', 'dataset_s3_bucket_producer_with_no_taskflow', 'dataset_alias_example_alias_producer_with_no_taskflow', 'dataset_s3_bucket_consumer_with_no_taskflow' retrieved from /usr/local/python/3.12.1/lib/python3.12/site-packages/airflow/example_dags/example_dataset_alias_with_no_taskflow.py
[2025-03-31T19:21:03.925+0000] {logging_mixin.py:190} INFO - [2025-03-31T19:21:03.924+0000] {dag.py:3239} INFO - Sync 4 DAGs
[2025-03-31T19:21:03.939+0000] {logging_mixin.py:190} INFO - [2025-03-31T19:21:03.939+0000] {dag.py:4180} INFO - Setting next_dagrun for dataset_alias_example_alias_consumer_with_no_taskflow to None, run_after=None
[2025-03-31T19:21:03.941+0000] {logging_mixin.py:190} INFO - [2025-03-31T19:21:03.941+0000] {dag.py:4180} INFO - Setting next_dagrun for dataset_alias_example_alias_producer_with_no_taskflow to None, run_after=None
[2025-03-31T19:21:03.942+0000] {logging_mixin.py:190} INFO - [2025-03-31T19:21:03.941+0000] {dag.py:4180} INFO - Setting next_dagrun for dataset_s3_bucket_consumer_with_no_taskflow to None, run_after=None
[2025-03-31T19:21:03.942+0000] {logging_mixin.py:190} INFO - [2025-03-31T19:21:03.942+0000] {dag.py:4180} INFO - Setting next_dagrun for dataset_s3_bucket_producer_with_no_taskflow to None, run_after=None
[2025-03-31T19:21:03.959+0000] {processor.py:208} INFO - Processing /usr/local/python/3.12.1/lib/python3.12/site-packages/airflow/example_dags/example_dataset_alias_with_no_taskflow.py took 0.072 seconds
[2025-03-31T19:22:23.175+0000] {processor.py:186} INFO - Started process (PID=13243) to work on /usr/local/python/3.12.1/lib/python3.12/site-packages/airflow/example_dags/example_dataset_alias_with_no_taskflow.py
[2025-03-31T19:22:23.176+0000] {processor.py:914} INFO - Processing file /usr/local/python/3.12.1/lib/python3.12/site-packages/airflow/example_dags/example_dataset_alias_with_no_taskflow.py for tasks to queue
[2025-03-31T19:22:23.177+0000] {logging_mixin.py:190} INFO - [2025-03-31T19:22:23.177+0000] {dagbag.py:588} INFO - Filling up the DagBag from /usr/local/python/3.12.1/lib/python3.12/site-packages/airflow/example_dags/example_dataset_alias_with_no_taskflow.py
[2025-03-31T19:22:23.193+0000] {processor.py:925} INFO - DAG(s) 'dataset_s3_bucket_producer_with_no_taskflow', 'dataset_alias_example_alias_consumer_with_no_taskflow', 'dataset_s3_bucket_consumer_with_no_taskflow', 'dataset_alias_example_alias_producer_with_no_taskflow' retrieved from /usr/local/python/3.12.1/lib/python3.12/site-packages/airflow/example_dags/example_dataset_alias_with_no_taskflow.py
[2025-03-31T19:22:23.207+0000] {logging_mixin.py:190} INFO - [2025-03-31T19:22:23.207+0000] {dag.py:3239} INFO - Sync 4 DAGs
[2025-03-31T19:22:23.221+0000] {logging_mixin.py:190} INFO - [2025-03-31T19:22:23.221+0000] {dag.py:4180} INFO - Setting next_dagrun for dataset_alias_example_alias_consumer_with_no_taskflow to None, run_after=None
[2025-03-31T19:22:23.223+0000] {logging_mixin.py:190} INFO - [2025-03-31T19:22:23.222+0000] {dag.py:4180} INFO - Setting next_dagrun for dataset_alias_example_alias_producer_with_no_taskflow to None, run_after=None
[2025-03-31T19:22:23.223+0000] {logging_mixin.py:190} INFO - [2025-03-31T19:22:23.223+0000] {dag.py:4180} INFO - Setting next_dagrun for dataset_s3_bucket_consumer_with_no_taskflow to None, run_after=None
[2025-03-31T19:22:23.224+0000] {logging_mixin.py:190} INFO - [2025-03-31T19:22:23.224+0000] {dag.py:4180} INFO - Setting next_dagrun for dataset_s3_bucket_producer_with_no_taskflow to None, run_after=None
[2025-03-31T19:22:23.241+0000] {processor.py:208} INFO - Processing /usr/local/python/3.12.1/lib/python3.12/site-packages/airflow/example_dags/example_dataset_alias_with_no_taskflow.py took 0.070 seconds
[2025-03-31T19:23:16.849+0000] {processor.py:186} INFO - Started process (PID=13671) to work on /usr/local/python/3.12.1/lib/python3.12/site-packages/airflow/example_dags/example_dataset_alias_with_no_taskflow.py
[2025-03-31T19:23:16.850+0000] {processor.py:914} INFO - Processing file /usr/local/python/3.12.1/lib/python3.12/site-packages/airflow/example_dags/example_dataset_alias_with_no_taskflow.py for tasks to queue
[2025-03-31T19:23:16.852+0000] {logging_mixin.py:190} INFO - [2025-03-31T19:23:16.852+0000] {dagbag.py:588} INFO - Filling up the DagBag from /usr/local/python/3.12.1/lib/python3.12/site-packages/airflow/example_dags/example_dataset_alias_with_no_taskflow.py
[2025-03-31T19:23:16.872+0000] {processor.py:925} INFO - DAG(s) 'dataset_alias_example_alias_consumer_with_no_taskflow', 'dataset_s3_bucket_producer_with_no_taskflow', 'dataset_s3_bucket_consumer_with_no_taskflow', 'dataset_alias_example_alias_producer_with_no_taskflow' retrieved from /usr/local/python/3.12.1/lib/python3.12/site-packages/airflow/example_dags/example_dataset_alias_with_no_taskflow.py
[2025-03-31T19:23:16.888+0000] {logging_mixin.py:190} INFO - [2025-03-31T19:23:16.887+0000] {dag.py:3239} INFO - Sync 4 DAGs
[2025-03-31T19:23:16.908+0000] {logging_mixin.py:190} INFO - [2025-03-31T19:23:16.908+0000] {dag.py:4180} INFO - Setting next_dagrun for dataset_alias_example_alias_consumer_with_no_taskflow to None, run_after=None
[2025-03-31T19:23:16.910+0000] {logging_mixin.py:190} INFO - [2025-03-31T19:23:16.910+0000] {dag.py:4180} INFO - Setting next_dagrun for dataset_alias_example_alias_producer_with_no_taskflow to None, run_after=None
[2025-03-31T19:23:16.911+0000] {logging_mixin.py:190} INFO - [2025-03-31T19:23:16.911+0000] {dag.py:4180} INFO - Setting next_dagrun for dataset_s3_bucket_consumer_with_no_taskflow to None, run_after=None
[2025-03-31T19:23:16.912+0000] {logging_mixin.py:190} INFO - [2025-03-31T19:23:16.912+0000] {dag.py:4180} INFO - Setting next_dagrun for dataset_s3_bucket_producer_with_no_taskflow to None, run_after=None
[2025-03-31T19:23:16.932+0000] {processor.py:208} INFO - Processing /usr/local/python/3.12.1/lib/python3.12/site-packages/airflow/example_dags/example_dataset_alias_with_no_taskflow.py took 0.088 seconds
[2025-03-31T19:24:33.782+0000] {processor.py:186} INFO - Started process (PID=14287) to work on /usr/local/python/3.12.1/lib/python3.12/site-packages/airflow/example_dags/example_dataset_alias_with_no_taskflow.py
[2025-03-31T19:24:33.783+0000] {processor.py:914} INFO - Processing file /usr/local/python/3.12.1/lib/python3.12/site-packages/airflow/example_dags/example_dataset_alias_with_no_taskflow.py for tasks to queue
[2025-03-31T19:24:33.784+0000] {logging_mixin.py:190} INFO - [2025-03-31T19:24:33.784+0000] {dagbag.py:588} INFO - Filling up the DagBag from /usr/local/python/3.12.1/lib/python3.12/site-packages/airflow/example_dags/example_dataset_alias_with_no_taskflow.py
[2025-03-31T19:24:33.800+0000] {processor.py:925} INFO - DAG(s) 'dataset_alias_example_alias_consumer_with_no_taskflow', 'dataset_alias_example_alias_producer_with_no_taskflow', 'dataset_s3_bucket_producer_with_no_taskflow', 'dataset_s3_bucket_consumer_with_no_taskflow' retrieved from /usr/local/python/3.12.1/lib/python3.12/site-packages/airflow/example_dags/example_dataset_alias_with_no_taskflow.py
[2025-03-31T19:24:33.814+0000] {logging_mixin.py:190} INFO - [2025-03-31T19:24:33.814+0000] {dag.py:3239} INFO - Sync 4 DAGs
[2025-03-31T19:24:33.829+0000] {logging_mixin.py:190} INFO - [2025-03-31T19:24:33.828+0000] {dag.py:4180} INFO - Setting next_dagrun for dataset_alias_example_alias_consumer_with_no_taskflow to None, run_after=None
[2025-03-31T19:24:33.830+0000] {logging_mixin.py:190} INFO - [2025-03-31T19:24:33.830+0000] {dag.py:4180} INFO - Setting next_dagrun for dataset_alias_example_alias_producer_with_no_taskflow to None, run_after=None
[2025-03-31T19:24:33.831+0000] {logging_mixin.py:190} INFO - [2025-03-31T19:24:33.831+0000] {dag.py:4180} INFO - Setting next_dagrun for dataset_s3_bucket_consumer_with_no_taskflow to None, run_after=None
[2025-03-31T19:24:33.832+0000] {logging_mixin.py:190} INFO - [2025-03-31T19:24:33.831+0000] {dag.py:4180} INFO - Setting next_dagrun for dataset_s3_bucket_producer_with_no_taskflow to None, run_after=None
[2025-03-31T19:24:33.848+0000] {processor.py:208} INFO - Processing /usr/local/python/3.12.1/lib/python3.12/site-packages/airflow/example_dags/example_dataset_alias_with_no_taskflow.py took 0.070 seconds
[2025-03-31T19:25:25.907+0000] {processor.py:186} INFO - Started process (PID=14705) to work on /usr/local/python/3.12.1/lib/python3.12/site-packages/airflow/example_dags/example_dataset_alias_with_no_taskflow.py
[2025-03-31T19:25:25.907+0000] {processor.py:914} INFO - Processing file /usr/local/python/3.12.1/lib/python3.12/site-packages/airflow/example_dags/example_dataset_alias_with_no_taskflow.py for tasks to queue
[2025-03-31T19:25:25.909+0000] {logging_mixin.py:190} INFO - [2025-03-31T19:25:25.908+0000] {dagbag.py:588} INFO - Filling up the DagBag from /usr/local/python/3.12.1/lib/python3.12/site-packages/airflow/example_dags/example_dataset_alias_with_no_taskflow.py
[2025-03-31T19:25:25.925+0000] {processor.py:925} INFO - DAG(s) 'dataset_s3_bucket_producer_with_no_taskflow', 'dataset_alias_example_alias_producer_with_no_taskflow', 'dataset_s3_bucket_consumer_with_no_taskflow', 'dataset_alias_example_alias_consumer_with_no_taskflow' retrieved from /usr/local/python/3.12.1/lib/python3.12/site-packages/airflow/example_dags/example_dataset_alias_with_no_taskflow.py
[2025-03-31T19:25:25.939+0000] {logging_mixin.py:190} INFO - [2025-03-31T19:25:25.939+0000] {dag.py:3239} INFO - Sync 4 DAGs
[2025-03-31T19:25:25.954+0000] {logging_mixin.py:190} INFO - [2025-03-31T19:25:25.954+0000] {dag.py:4180} INFO - Setting next_dagrun for dataset_alias_example_alias_consumer_with_no_taskflow to None, run_after=None
[2025-03-31T19:25:25.955+0000] {logging_mixin.py:190} INFO - [2025-03-31T19:25:25.955+0000] {dag.py:4180} INFO - Setting next_dagrun for dataset_alias_example_alias_producer_with_no_taskflow to None, run_after=None
[2025-03-31T19:25:25.956+0000] {logging_mixin.py:190} INFO - [2025-03-31T19:25:25.956+0000] {dag.py:4180} INFO - Setting next_dagrun for dataset_s3_bucket_consumer_with_no_taskflow to None, run_after=None
[2025-03-31T19:25:25.957+0000] {logging_mixin.py:190} INFO - [2025-03-31T19:25:25.957+0000] {dag.py:4180} INFO - Setting next_dagrun for dataset_s3_bucket_producer_with_no_taskflow to None, run_after=None
[2025-03-31T19:25:25.973+0000] {processor.py:208} INFO - Processing /usr/local/python/3.12.1/lib/python3.12/site-packages/airflow/example_dags/example_dataset_alias_with_no_taskflow.py took 0.070 seconds
[2025-03-31T19:26:19.568+0000] {processor.py:186} INFO - Started process (PID=15188) to work on /usr/local/python/3.12.1/lib/python3.12/site-packages/airflow/example_dags/example_dataset_alias_with_no_taskflow.py
[2025-03-31T19:26:19.569+0000] {processor.py:914} INFO - Processing file /usr/local/python/3.12.1/lib/python3.12/site-packages/airflow/example_dags/example_dataset_alias_with_no_taskflow.py for tasks to queue
[2025-03-31T19:26:19.570+0000] {logging_mixin.py:190} INFO - [2025-03-31T19:26:19.570+0000] {dagbag.py:588} INFO - Filling up the DagBag from /usr/local/python/3.12.1/lib/python3.12/site-packages/airflow/example_dags/example_dataset_alias_with_no_taskflow.py
[2025-03-31T19:26:19.586+0000] {processor.py:925} INFO - DAG(s) 'dataset_s3_bucket_consumer_with_no_taskflow', 'dataset_alias_example_alias_consumer_with_no_taskflow', 'dataset_alias_example_alias_producer_with_no_taskflow', 'dataset_s3_bucket_producer_with_no_taskflow' retrieved from /usr/local/python/3.12.1/lib/python3.12/site-packages/airflow/example_dags/example_dataset_alias_with_no_taskflow.py
[2025-03-31T19:26:19.600+0000] {logging_mixin.py:190} INFO - [2025-03-31T19:26:19.600+0000] {dag.py:3239} INFO - Sync 4 DAGs
[2025-03-31T19:26:19.615+0000] {logging_mixin.py:190} INFO - [2025-03-31T19:26:19.615+0000] {dag.py:4180} INFO - Setting next_dagrun for dataset_alias_example_alias_consumer_with_no_taskflow to None, run_after=None
[2025-03-31T19:26:19.617+0000] {logging_mixin.py:190} INFO - [2025-03-31T19:26:19.616+0000] {dag.py:4180} INFO - Setting next_dagrun for dataset_alias_example_alias_producer_with_no_taskflow to None, run_after=None
[2025-03-31T19:26:19.617+0000] {logging_mixin.py:190} INFO - [2025-03-31T19:26:19.617+0000] {dag.py:4180} INFO - Setting next_dagrun for dataset_s3_bucket_consumer_with_no_taskflow to None, run_after=None
[2025-03-31T19:26:19.618+0000] {logging_mixin.py:190} INFO - [2025-03-31T19:26:19.618+0000] {dag.py:4180} INFO - Setting next_dagrun for dataset_s3_bucket_producer_with_no_taskflow to None, run_after=None
[2025-03-31T19:26:19.634+0000] {processor.py:208} INFO - Processing /usr/local/python/3.12.1/lib/python3.12/site-packages/airflow/example_dags/example_dataset_alias_with_no_taskflow.py took 0.070 seconds
[2025-03-31T19:27:34.208+0000] {processor.py:186} INFO - Started process (PID=15814) to work on /usr/local/python/3.12.1/lib/python3.12/site-packages/airflow/example_dags/example_dataset_alias_with_no_taskflow.py
[2025-03-31T19:27:34.208+0000] {processor.py:914} INFO - Processing file /usr/local/python/3.12.1/lib/python3.12/site-packages/airflow/example_dags/example_dataset_alias_with_no_taskflow.py for tasks to queue
[2025-03-31T19:27:34.210+0000] {logging_mixin.py:190} INFO - [2025-03-31T19:27:34.209+0000] {dagbag.py:588} INFO - Filling up the DagBag from /usr/local/python/3.12.1/lib/python3.12/site-packages/airflow/example_dags/example_dataset_alias_with_no_taskflow.py
[2025-03-31T19:27:34.226+0000] {processor.py:925} INFO - DAG(s) 'dataset_s3_bucket_consumer_with_no_taskflow', 'dataset_alias_example_alias_producer_with_no_taskflow', 'dataset_alias_example_alias_consumer_with_no_taskflow', 'dataset_s3_bucket_producer_with_no_taskflow' retrieved from /usr/local/python/3.12.1/lib/python3.12/site-packages/airflow/example_dags/example_dataset_alias_with_no_taskflow.py
[2025-03-31T19:27:34.240+0000] {logging_mixin.py:190} INFO - [2025-03-31T19:27:34.240+0000] {dag.py:3239} INFO - Sync 4 DAGs
[2025-03-31T19:27:34.255+0000] {logging_mixin.py:190} INFO - [2025-03-31T19:27:34.255+0000] {dag.py:4180} INFO - Setting next_dagrun for dataset_alias_example_alias_consumer_with_no_taskflow to None, run_after=None
[2025-03-31T19:27:34.256+0000] {logging_mixin.py:190} INFO - [2025-03-31T19:27:34.256+0000] {dag.py:4180} INFO - Setting next_dagrun for dataset_alias_example_alias_producer_with_no_taskflow to None, run_after=None
[2025-03-31T19:27:34.257+0000] {logging_mixin.py:190} INFO - [2025-03-31T19:27:34.257+0000] {dag.py:4180} INFO - Setting next_dagrun for dataset_s3_bucket_consumer_with_no_taskflow to None, run_after=None
[2025-03-31T19:27:34.258+0000] {logging_mixin.py:190} INFO - [2025-03-31T19:27:34.258+0000] {dag.py:4180} INFO - Setting next_dagrun for dataset_s3_bucket_producer_with_no_taskflow to None, run_after=None
[2025-03-31T19:27:34.273+0000] {processor.py:208} INFO - Processing /usr/local/python/3.12.1/lib/python3.12/site-packages/airflow/example_dags/example_dataset_alias_with_no_taskflow.py took 0.070 seconds
[2025-03-31T19:28:26.631+0000] {processor.py:186} INFO - Started process (PID=16248) to work on /usr/local/python/3.12.1/lib/python3.12/site-packages/airflow/example_dags/example_dataset_alias_with_no_taskflow.py
[2025-03-31T19:28:26.632+0000] {processor.py:914} INFO - Processing file /usr/local/python/3.12.1/lib/python3.12/site-packages/airflow/example_dags/example_dataset_alias_with_no_taskflow.py for tasks to queue
[2025-03-31T19:28:26.633+0000] {logging_mixin.py:190} INFO - [2025-03-31T19:28:26.633+0000] {dagbag.py:588} INFO - Filling up the DagBag from /usr/local/python/3.12.1/lib/python3.12/site-packages/airflow/example_dags/example_dataset_alias_with_no_taskflow.py
[2025-03-31T19:28:26.649+0000] {processor.py:925} INFO - DAG(s) 'dataset_alias_example_alias_consumer_with_no_taskflow', 'dataset_s3_bucket_consumer_with_no_taskflow', 'dataset_s3_bucket_producer_with_no_taskflow', 'dataset_alias_example_alias_producer_with_no_taskflow' retrieved from /usr/local/python/3.12.1/lib/python3.12/site-packages/airflow/example_dags/example_dataset_alias_with_no_taskflow.py
[2025-03-31T19:28:26.663+0000] {logging_mixin.py:190} INFO - [2025-03-31T19:28:26.663+0000] {dag.py:3239} INFO - Sync 4 DAGs
[2025-03-31T19:28:26.679+0000] {logging_mixin.py:190} INFO - [2025-03-31T19:28:26.678+0000] {dag.py:4180} INFO - Setting next_dagrun for dataset_alias_example_alias_consumer_with_no_taskflow to None, run_after=None
[2025-03-31T19:28:26.680+0000] {logging_mixin.py:190} INFO - [2025-03-31T19:28:26.680+0000] {dag.py:4180} INFO - Setting next_dagrun for dataset_alias_example_alias_producer_with_no_taskflow to None, run_after=None
[2025-03-31T19:28:26.681+0000] {logging_mixin.py:190} INFO - [2025-03-31T19:28:26.681+0000] {dag.py:4180} INFO - Setting next_dagrun for dataset_s3_bucket_consumer_with_no_taskflow to None, run_after=None
[2025-03-31T19:28:26.682+0000] {logging_mixin.py:190} INFO - [2025-03-31T19:28:26.681+0000] {dag.py:4180} INFO - Setting next_dagrun for dataset_s3_bucket_producer_with_no_taskflow to None, run_after=None
[2025-03-31T19:28:26.698+0000] {processor.py:208} INFO - Processing /usr/local/python/3.12.1/lib/python3.12/site-packages/airflow/example_dags/example_dataset_alias_with_no_taskflow.py took 0.071 seconds
[2025-03-31T19:29:26.769+0000] {processor.py:186} INFO - Started process (PID=16866) to work on /usr/local/python/3.12.1/lib/python3.12/site-packages/airflow/example_dags/example_dataset_alias_with_no_taskflow.py
[2025-03-31T19:29:26.770+0000] {processor.py:914} INFO - Processing file /usr/local/python/3.12.1/lib/python3.12/site-packages/airflow/example_dags/example_dataset_alias_with_no_taskflow.py for tasks to queue
[2025-03-31T19:29:26.771+0000] {logging_mixin.py:190} INFO - [2025-03-31T19:29:26.771+0000] {dagbag.py:588} INFO - Filling up the DagBag from /usr/local/python/3.12.1/lib/python3.12/site-packages/airflow/example_dags/example_dataset_alias_with_no_taskflow.py
[2025-03-31T19:29:26.791+0000] {processor.py:925} INFO - DAG(s) 'dataset_s3_bucket_producer_with_no_taskflow', 'dataset_alias_example_alias_producer_with_no_taskflow', 'dataset_alias_example_alias_consumer_with_no_taskflow', 'dataset_s3_bucket_consumer_with_no_taskflow' retrieved from /usr/local/python/3.12.1/lib/python3.12/site-packages/airflow/example_dags/example_dataset_alias_with_no_taskflow.py
[2025-03-31T19:29:26.812+0000] {logging_mixin.py:190} INFO - [2025-03-31T19:29:26.812+0000] {dag.py:3239} INFO - Sync 4 DAGs
[2025-03-31T19:29:26.829+0000] {logging_mixin.py:190} INFO - [2025-03-31T19:29:26.829+0000] {dag.py:4180} INFO - Setting next_dagrun for dataset_alias_example_alias_consumer_with_no_taskflow to None, run_after=None
[2025-03-31T19:29:26.830+0000] {logging_mixin.py:190} INFO - [2025-03-31T19:29:26.830+0000] {dag.py:4180} INFO - Setting next_dagrun for dataset_alias_example_alias_producer_with_no_taskflow to None, run_after=None
[2025-03-31T19:29:26.831+0000] {logging_mixin.py:190} INFO - [2025-03-31T19:29:26.831+0000] {dag.py:4180} INFO - Setting next_dagrun for dataset_s3_bucket_consumer_with_no_taskflow to None, run_after=None
[2025-03-31T19:29:26.832+0000] {logging_mixin.py:190} INFO - [2025-03-31T19:29:26.832+0000] {dag.py:4180} INFO - Setting next_dagrun for dataset_s3_bucket_producer_with_no_taskflow to None, run_after=None
[2025-03-31T19:29:26.848+0000] {processor.py:208} INFO - Processing /usr/local/python/3.12.1/lib/python3.12/site-packages/airflow/example_dags/example_dataset_alias_with_no_taskflow.py took 0.083 seconds
[2025-03-31T19:30:24.766+0000] {processor.py:186} INFO - Started process (PID=17330) to work on /usr/local/python/3.12.1/lib/python3.12/site-packages/airflow/example_dags/example_dataset_alias_with_no_taskflow.py
[2025-03-31T19:30:24.766+0000] {processor.py:914} INFO - Processing file /usr/local/python/3.12.1/lib/python3.12/site-packages/airflow/example_dags/example_dataset_alias_with_no_taskflow.py for tasks to queue
[2025-03-31T19:30:24.768+0000] {logging_mixin.py:190} INFO - [2025-03-31T19:30:24.767+0000] {dagbag.py:588} INFO - Filling up the DagBag from /usr/local/python/3.12.1/lib/python3.12/site-packages/airflow/example_dags/example_dataset_alias_with_no_taskflow.py
[2025-03-31T19:30:24.784+0000] {processor.py:925} INFO - DAG(s) 'dataset_s3_bucket_producer_with_no_taskflow', 'dataset_alias_example_alias_consumer_with_no_taskflow', 'dataset_s3_bucket_consumer_with_no_taskflow', 'dataset_alias_example_alias_producer_with_no_taskflow' retrieved from /usr/local/python/3.12.1/lib/python3.12/site-packages/airflow/example_dags/example_dataset_alias_with_no_taskflow.py
[2025-03-31T19:30:24.798+0000] {logging_mixin.py:190} INFO - [2025-03-31T19:30:24.798+0000] {dag.py:3239} INFO - Sync 4 DAGs
[2025-03-31T19:30:24.812+0000] {logging_mixin.py:190} INFO - [2025-03-31T19:30:24.812+0000] {dag.py:4180} INFO - Setting next_dagrun for dataset_alias_example_alias_consumer_with_no_taskflow to None, run_after=None
[2025-03-31T19:30:24.814+0000] {logging_mixin.py:190} INFO - [2025-03-31T19:30:24.814+0000] {dag.py:4180} INFO - Setting next_dagrun for dataset_alias_example_alias_producer_with_no_taskflow to None, run_after=None
[2025-03-31T19:30:24.815+0000] {logging_mixin.py:190} INFO - [2025-03-31T19:30:24.814+0000] {dag.py:4180} INFO - Setting next_dagrun for dataset_s3_bucket_consumer_with_no_taskflow to None, run_after=None
[2025-03-31T19:30:24.815+0000] {logging_mixin.py:190} INFO - [2025-03-31T19:30:24.815+0000] {dag.py:4180} INFO - Setting next_dagrun for dataset_s3_bucket_producer_with_no_taskflow to None, run_after=None
[2025-03-31T19:30:24.831+0000] {processor.py:208} INFO - Processing /usr/local/python/3.12.1/lib/python3.12/site-packages/airflow/example_dags/example_dataset_alias_with_no_taskflow.py took 0.069 seconds
[2025-03-31T19:31:22.732+0000] {processor.py:186} INFO - Started process (PID=17772) to work on /usr/local/python/3.12.1/lib/python3.12/site-packages/airflow/example_dags/example_dataset_alias_with_no_taskflow.py
[2025-03-31T19:31:22.732+0000] {processor.py:914} INFO - Processing file /usr/local/python/3.12.1/lib/python3.12/site-packages/airflow/example_dags/example_dataset_alias_with_no_taskflow.py for tasks to queue
[2025-03-31T19:31:22.734+0000] {logging_mixin.py:190} INFO - [2025-03-31T19:31:22.733+0000] {dagbag.py:588} INFO - Filling up the DagBag from /usr/local/python/3.12.1/lib/python3.12/site-packages/airflow/example_dags/example_dataset_alias_with_no_taskflow.py
[2025-03-31T19:31:22.750+0000] {processor.py:925} INFO - DAG(s) 'dataset_s3_bucket_producer_with_no_taskflow', 'dataset_alias_example_alias_consumer_with_no_taskflow', 'dataset_alias_example_alias_producer_with_no_taskflow', 'dataset_s3_bucket_consumer_with_no_taskflow' retrieved from /usr/local/python/3.12.1/lib/python3.12/site-packages/airflow/example_dags/example_dataset_alias_with_no_taskflow.py
[2025-03-31T19:31:22.764+0000] {logging_mixin.py:190} INFO - [2025-03-31T19:31:22.764+0000] {dag.py:3239} INFO - Sync 4 DAGs
[2025-03-31T19:31:22.779+0000] {logging_mixin.py:190} INFO - [2025-03-31T19:31:22.779+0000] {dag.py:4180} INFO - Setting next_dagrun for dataset_alias_example_alias_consumer_with_no_taskflow to None, run_after=None
[2025-03-31T19:31:22.781+0000] {logging_mixin.py:190} INFO - [2025-03-31T19:31:22.781+0000] {dag.py:4180} INFO - Setting next_dagrun for dataset_alias_example_alias_producer_with_no_taskflow to None, run_after=None
[2025-03-31T19:31:22.781+0000] {logging_mixin.py:190} INFO - [2025-03-31T19:31:22.781+0000] {dag.py:4180} INFO - Setting next_dagrun for dataset_s3_bucket_consumer_with_no_taskflow to None, run_after=None
[2025-03-31T19:31:22.782+0000] {logging_mixin.py:190} INFO - [2025-03-31T19:31:22.782+0000] {dag.py:4180} INFO - Setting next_dagrun for dataset_s3_bucket_producer_with_no_taskflow to None, run_after=None
[2025-03-31T19:31:22.798+0000] {processor.py:208} INFO - Processing /usr/local/python/3.12.1/lib/python3.12/site-packages/airflow/example_dags/example_dataset_alias_with_no_taskflow.py took 0.070 seconds
[2025-03-31T19:32:20.321+0000] {processor.py:186} INFO - Started process (PID=18249) to work on /usr/local/python/3.12.1/lib/python3.12/site-packages/airflow/example_dags/example_dataset_alias_with_no_taskflow.py
[2025-03-31T19:32:20.322+0000] {processor.py:914} INFO - Processing file /usr/local/python/3.12.1/lib/python3.12/site-packages/airflow/example_dags/example_dataset_alias_with_no_taskflow.py for tasks to queue
[2025-03-31T19:32:20.323+0000] {logging_mixin.py:190} INFO - [2025-03-31T19:32:20.323+0000] {dagbag.py:588} INFO - Filling up the DagBag from /usr/local/python/3.12.1/lib/python3.12/site-packages/airflow/example_dags/example_dataset_alias_with_no_taskflow.py
[2025-03-31T19:32:20.341+0000] {processor.py:925} INFO - DAG(s) 'dataset_s3_bucket_producer_with_no_taskflow', 'dataset_alias_example_alias_consumer_with_no_taskflow', 'dataset_alias_example_alias_producer_with_no_taskflow', 'dataset_s3_bucket_consumer_with_no_taskflow' retrieved from /usr/local/python/3.12.1/lib/python3.12/site-packages/airflow/example_dags/example_dataset_alias_with_no_taskflow.py
[2025-03-31T19:32:20.358+0000] {logging_mixin.py:190} INFO - [2025-03-31T19:32:20.358+0000] {dag.py:3239} INFO - Sync 4 DAGs
[2025-03-31T19:32:20.373+0000] {logging_mixin.py:190} INFO - [2025-03-31T19:32:20.373+0000] {dag.py:4180} INFO - Setting next_dagrun for dataset_alias_example_alias_consumer_with_no_taskflow to None, run_after=None
[2025-03-31T19:32:20.375+0000] {logging_mixin.py:190} INFO - [2025-03-31T19:32:20.375+0000] {dag.py:4180} INFO - Setting next_dagrun for dataset_alias_example_alias_producer_with_no_taskflow to None, run_after=None
[2025-03-31T19:32:20.376+0000] {logging_mixin.py:190} INFO - [2025-03-31T19:32:20.375+0000] {dag.py:4180} INFO - Setting next_dagrun for dataset_s3_bucket_consumer_with_no_taskflow to None, run_after=None
[2025-03-31T19:32:20.376+0000] {logging_mixin.py:190} INFO - [2025-03-31T19:32:20.376+0000] {dag.py:4180} INFO - Setting next_dagrun for dataset_s3_bucket_producer_with_no_taskflow to None, run_after=None
[2025-03-31T19:32:20.392+0000] {processor.py:208} INFO - Processing /usr/local/python/3.12.1/lib/python3.12/site-packages/airflow/example_dags/example_dataset_alias_with_no_taskflow.py took 0.075 seconds
[2025-03-31T19:33:15.612+0000] {processor.py:186} INFO - Started process (PID=18691) to work on /usr/local/python/3.12.1/lib/python3.12/site-packages/airflow/example_dags/example_dataset_alias_with_no_taskflow.py
[2025-03-31T19:33:15.613+0000] {processor.py:914} INFO - Processing file /usr/local/python/3.12.1/lib/python3.12/site-packages/airflow/example_dags/example_dataset_alias_with_no_taskflow.py for tasks to queue
[2025-03-31T19:33:15.614+0000] {logging_mixin.py:190} INFO - [2025-03-31T19:33:15.614+0000] {dagbag.py:588} INFO - Filling up the DagBag from /usr/local/python/3.12.1/lib/python3.12/site-packages/airflow/example_dags/example_dataset_alias_with_no_taskflow.py
[2025-03-31T19:33:15.630+0000] {processor.py:925} INFO - DAG(s) 'dataset_s3_bucket_producer_with_no_taskflow', 'dataset_alias_example_alias_producer_with_no_taskflow', 'dataset_s3_bucket_consumer_with_no_taskflow', 'dataset_alias_example_alias_consumer_with_no_taskflow' retrieved from /usr/local/python/3.12.1/lib/python3.12/site-packages/airflow/example_dags/example_dataset_alias_with_no_taskflow.py
[2025-03-31T19:33:15.644+0000] {logging_mixin.py:190} INFO - [2025-03-31T19:33:15.644+0000] {dag.py:3239} INFO - Sync 4 DAGs
[2025-03-31T19:33:15.658+0000] {logging_mixin.py:190} INFO - [2025-03-31T19:33:15.658+0000] {dag.py:4180} INFO - Setting next_dagrun for dataset_alias_example_alias_consumer_with_no_taskflow to None, run_after=None
[2025-03-31T19:33:15.660+0000] {logging_mixin.py:190} INFO - [2025-03-31T19:33:15.660+0000] {dag.py:4180} INFO - Setting next_dagrun for dataset_alias_example_alias_producer_with_no_taskflow to None, run_after=None
[2025-03-31T19:33:15.661+0000] {logging_mixin.py:190} INFO - [2025-03-31T19:33:15.661+0000] {dag.py:4180} INFO - Setting next_dagrun for dataset_s3_bucket_consumer_with_no_taskflow to None, run_after=None
[2025-03-31T19:33:15.661+0000] {logging_mixin.py:190} INFO - [2025-03-31T19:33:15.661+0000] {dag.py:4180} INFO - Setting next_dagrun for dataset_s3_bucket_producer_with_no_taskflow to None, run_after=None
[2025-03-31T19:33:15.677+0000] {processor.py:208} INFO - Processing /usr/local/python/3.12.1/lib/python3.12/site-packages/airflow/example_dags/example_dataset_alias_with_no_taskflow.py took 0.068 seconds
[2025-03-31T19:34:14.899+0000] {processor.py:186} INFO - Started process (PID=19158) to work on /usr/local/python/3.12.1/lib/python3.12/site-packages/airflow/example_dags/example_dataset_alias_with_no_taskflow.py
[2025-03-31T19:34:14.900+0000] {processor.py:914} INFO - Processing file /usr/local/python/3.12.1/lib/python3.12/site-packages/airflow/example_dags/example_dataset_alias_with_no_taskflow.py for tasks to queue
[2025-03-31T19:34:14.901+0000] {logging_mixin.py:190} INFO - [2025-03-31T19:34:14.901+0000] {dagbag.py:588} INFO - Filling up the DagBag from /usr/local/python/3.12.1/lib/python3.12/site-packages/airflow/example_dags/example_dataset_alias_with_no_taskflow.py
[2025-03-31T19:34:14.917+0000] {processor.py:925} INFO - DAG(s) 'dataset_s3_bucket_consumer_with_no_taskflow', 'dataset_alias_example_alias_consumer_with_no_taskflow', 'dataset_alias_example_alias_producer_with_no_taskflow', 'dataset_s3_bucket_producer_with_no_taskflow' retrieved from /usr/local/python/3.12.1/lib/python3.12/site-packages/airflow/example_dags/example_dataset_alias_with_no_taskflow.py
[2025-03-31T19:34:14.931+0000] {logging_mixin.py:190} INFO - [2025-03-31T19:34:14.931+0000] {dag.py:3239} INFO - Sync 4 DAGs
[2025-03-31T19:34:14.946+0000] {logging_mixin.py:190} INFO - [2025-03-31T19:34:14.946+0000] {dag.py:4180} INFO - Setting next_dagrun for dataset_alias_example_alias_consumer_with_no_taskflow to None, run_after=None
[2025-03-31T19:34:14.947+0000] {logging_mixin.py:190} INFO - [2025-03-31T19:34:14.947+0000] {dag.py:4180} INFO - Setting next_dagrun for dataset_alias_example_alias_producer_with_no_taskflow to None, run_after=None
[2025-03-31T19:34:14.948+0000] {logging_mixin.py:190} INFO - [2025-03-31T19:34:14.948+0000] {dag.py:4180} INFO - Setting next_dagrun for dataset_s3_bucket_consumer_with_no_taskflow to None, run_after=None
[2025-03-31T19:34:14.949+0000] {logging_mixin.py:190} INFO - [2025-03-31T19:34:14.949+0000] {dag.py:4180} INFO - Setting next_dagrun for dataset_s3_bucket_producer_with_no_taskflow to None, run_after=None
[2025-03-31T19:34:14.965+0000] {processor.py:208} INFO - Processing /usr/local/python/3.12.1/lib/python3.12/site-packages/airflow/example_dags/example_dataset_alias_with_no_taskflow.py took 0.070 seconds
[2025-03-31T19:35:11.737+0000] {processor.py:186} INFO - Started process (PID=19642) to work on /usr/local/python/3.12.1/lib/python3.12/site-packages/airflow/example_dags/example_dataset_alias_with_no_taskflow.py
[2025-03-31T19:35:11.737+0000] {processor.py:914} INFO - Processing file /usr/local/python/3.12.1/lib/python3.12/site-packages/airflow/example_dags/example_dataset_alias_with_no_taskflow.py for tasks to queue
[2025-03-31T19:35:11.739+0000] {logging_mixin.py:190} INFO - [2025-03-31T19:35:11.738+0000] {dagbag.py:588} INFO - Filling up the DagBag from /usr/local/python/3.12.1/lib/python3.12/site-packages/airflow/example_dags/example_dataset_alias_with_no_taskflow.py
[2025-03-31T19:35:11.754+0000] {processor.py:925} INFO - DAG(s) 'dataset_s3_bucket_producer_with_no_taskflow', 'dataset_alias_example_alias_consumer_with_no_taskflow', 'dataset_alias_example_alias_producer_with_no_taskflow', 'dataset_s3_bucket_consumer_with_no_taskflow' retrieved from /usr/local/python/3.12.1/lib/python3.12/site-packages/airflow/example_dags/example_dataset_alias_with_no_taskflow.py
[2025-03-31T19:35:11.769+0000] {logging_mixin.py:190} INFO - [2025-03-31T19:35:11.769+0000] {dag.py:3239} INFO - Sync 4 DAGs
[2025-03-31T19:35:11.786+0000] {logging_mixin.py:190} INFO - [2025-03-31T19:35:11.785+0000] {dag.py:4180} INFO - Setting next_dagrun for dataset_alias_example_alias_consumer_with_no_taskflow to None, run_after=None
[2025-03-31T19:35:11.787+0000] {logging_mixin.py:190} INFO - [2025-03-31T19:35:11.787+0000] {dag.py:4180} INFO - Setting next_dagrun for dataset_alias_example_alias_producer_with_no_taskflow to None, run_after=None
[2025-03-31T19:35:11.788+0000] {logging_mixin.py:190} INFO - [2025-03-31T19:35:11.788+0000] {dag.py:4180} INFO - Setting next_dagrun for dataset_s3_bucket_consumer_with_no_taskflow to None, run_after=None
[2025-03-31T19:35:11.789+0000] {logging_mixin.py:190} INFO - [2025-03-31T19:35:11.789+0000] {dag.py:4180} INFO - Setting next_dagrun for dataset_s3_bucket_producer_with_no_taskflow to None, run_after=None
[2025-03-31T19:35:11.807+0000] {processor.py:208} INFO - Processing /usr/local/python/3.12.1/lib/python3.12/site-packages/airflow/example_dags/example_dataset_alias_with_no_taskflow.py took 0.075 seconds
[2025-03-31T19:36:09.369+0000] {processor.py:186} INFO - Started process (PID=20114) to work on /usr/local/python/3.12.1/lib/python3.12/site-packages/airflow/example_dags/example_dataset_alias_with_no_taskflow.py
[2025-03-31T19:36:09.369+0000] {processor.py:914} INFO - Processing file /usr/local/python/3.12.1/lib/python3.12/site-packages/airflow/example_dags/example_dataset_alias_with_no_taskflow.py for tasks to queue
[2025-03-31T19:36:09.371+0000] {logging_mixin.py:190} INFO - [2025-03-31T19:36:09.370+0000] {dagbag.py:588} INFO - Filling up the DagBag from /usr/local/python/3.12.1/lib/python3.12/site-packages/airflow/example_dags/example_dataset_alias_with_no_taskflow.py
[2025-03-31T19:36:09.387+0000] {processor.py:925} INFO - DAG(s) 'dataset_s3_bucket_consumer_with_no_taskflow', 'dataset_alias_example_alias_consumer_with_no_taskflow', 'dataset_s3_bucket_producer_with_no_taskflow', 'dataset_alias_example_alias_producer_with_no_taskflow' retrieved from /usr/local/python/3.12.1/lib/python3.12/site-packages/airflow/example_dags/example_dataset_alias_with_no_taskflow.py
[2025-03-31T19:36:09.401+0000] {logging_mixin.py:190} INFO - [2025-03-31T19:36:09.401+0000] {dag.py:3239} INFO - Sync 4 DAGs
[2025-03-31T19:36:09.416+0000] {logging_mixin.py:190} INFO - [2025-03-31T19:36:09.416+0000] {dag.py:4180} INFO - Setting next_dagrun for dataset_alias_example_alias_consumer_with_no_taskflow to None, run_after=None
[2025-03-31T19:36:09.418+0000] {logging_mixin.py:190} INFO - [2025-03-31T19:36:09.418+0000] {dag.py:4180} INFO - Setting next_dagrun for dataset_alias_example_alias_producer_with_no_taskflow to None, run_after=None
[2025-03-31T19:36:09.419+0000] {logging_mixin.py:190} INFO - [2025-03-31T19:36:09.418+0000] {dag.py:4180} INFO - Setting next_dagrun for dataset_s3_bucket_consumer_with_no_taskflow to None, run_after=None
[2025-03-31T19:36:09.419+0000] {logging_mixin.py:190} INFO - [2025-03-31T19:36:09.419+0000] {dag.py:4180} INFO - Setting next_dagrun for dataset_s3_bucket_producer_with_no_taskflow to None, run_after=None
[2025-03-31T19:36:09.435+0000] {processor.py:208} INFO - Processing /usr/local/python/3.12.1/lib/python3.12/site-packages/airflow/example_dags/example_dataset_alias_with_no_taskflow.py took 0.071 seconds
[2025-03-31T19:37:03.655+0000] {processor.py:186} INFO - Started process (PID=20550) to work on /usr/local/python/3.12.1/lib/python3.12/site-packages/airflow/example_dags/example_dataset_alias_with_no_taskflow.py
[2025-03-31T19:37:03.656+0000] {processor.py:914} INFO - Processing file /usr/local/python/3.12.1/lib/python3.12/site-packages/airflow/example_dags/example_dataset_alias_with_no_taskflow.py for tasks to queue
[2025-03-31T19:37:03.657+0000] {logging_mixin.py:190} INFO - [2025-03-31T19:37:03.657+0000] {dagbag.py:588} INFO - Filling up the DagBag from /usr/local/python/3.12.1/lib/python3.12/site-packages/airflow/example_dags/example_dataset_alias_with_no_taskflow.py
[2025-03-31T19:37:03.673+0000] {processor.py:925} INFO - DAG(s) 'dataset_alias_example_alias_producer_with_no_taskflow', 'dataset_alias_example_alias_consumer_with_no_taskflow', 'dataset_s3_bucket_producer_with_no_taskflow', 'dataset_s3_bucket_consumer_with_no_taskflow' retrieved from /usr/local/python/3.12.1/lib/python3.12/site-packages/airflow/example_dags/example_dataset_alias_with_no_taskflow.py
[2025-03-31T19:37:03.687+0000] {logging_mixin.py:190} INFO - [2025-03-31T19:37:03.687+0000] {dag.py:3239} INFO - Sync 4 DAGs
[2025-03-31T19:37:03.702+0000] {logging_mixin.py:190} INFO - [2025-03-31T19:37:03.702+0000] {dag.py:4180} INFO - Setting next_dagrun for dataset_alias_example_alias_consumer_with_no_taskflow to None, run_after=None
[2025-03-31T19:37:03.704+0000] {logging_mixin.py:190} INFO - [2025-03-31T19:37:03.703+0000] {dag.py:4180} INFO - Setting next_dagrun for dataset_alias_example_alias_producer_with_no_taskflow to None, run_after=None
[2025-03-31T19:37:03.704+0000] {logging_mixin.py:190} INFO - [2025-03-31T19:37:03.704+0000] {dag.py:4180} INFO - Setting next_dagrun for dataset_s3_bucket_consumer_with_no_taskflow to None, run_after=None
[2025-03-31T19:37:03.705+0000] {logging_mixin.py:190} INFO - [2025-03-31T19:37:03.705+0000] {dag.py:4180} INFO - Setting next_dagrun for dataset_s3_bucket_producer_with_no_taskflow to None, run_after=None
[2025-03-31T19:37:03.721+0000] {processor.py:208} INFO - Processing /usr/local/python/3.12.1/lib/python3.12/site-packages/airflow/example_dags/example_dataset_alias_with_no_taskflow.py took 0.070 seconds
[2025-03-31T19:38:00.743+0000] {processor.py:186} INFO - Started process (PID=21013) to work on /usr/local/python/3.12.1/lib/python3.12/site-packages/airflow/example_dags/example_dataset_alias_with_no_taskflow.py
[2025-03-31T19:38:00.744+0000] {processor.py:914} INFO - Processing file /usr/local/python/3.12.1/lib/python3.12/site-packages/airflow/example_dags/example_dataset_alias_with_no_taskflow.py for tasks to queue
[2025-03-31T19:38:00.745+0000] {logging_mixin.py:190} INFO - [2025-03-31T19:38:00.745+0000] {dagbag.py:588} INFO - Filling up the DagBag from /usr/local/python/3.12.1/lib/python3.12/site-packages/airflow/example_dags/example_dataset_alias_with_no_taskflow.py
[2025-03-31T19:38:00.761+0000] {processor.py:925} INFO - DAG(s) 'dataset_alias_example_alias_consumer_with_no_taskflow', 'dataset_s3_bucket_consumer_with_no_taskflow', 'dataset_alias_example_alias_producer_with_no_taskflow', 'dataset_s3_bucket_producer_with_no_taskflow' retrieved from /usr/local/python/3.12.1/lib/python3.12/site-packages/airflow/example_dags/example_dataset_alias_with_no_taskflow.py
[2025-03-31T19:38:00.775+0000] {logging_mixin.py:190} INFO - [2025-03-31T19:38:00.775+0000] {dag.py:3239} INFO - Sync 4 DAGs
[2025-03-31T19:38:00.789+0000] {logging_mixin.py:190} INFO - [2025-03-31T19:38:00.789+0000] {dag.py:4180} INFO - Setting next_dagrun for dataset_alias_example_alias_consumer_with_no_taskflow to None, run_after=None
[2025-03-31T19:38:00.791+0000] {logging_mixin.py:190} INFO - [2025-03-31T19:38:00.791+0000] {dag.py:4180} INFO - Setting next_dagrun for dataset_alias_example_alias_producer_with_no_taskflow to None, run_after=None
[2025-03-31T19:38:00.791+0000] {logging_mixin.py:190} INFO - [2025-03-31T19:38:00.791+0000] {dag.py:4180} INFO - Setting next_dagrun for dataset_s3_bucket_consumer_with_no_taskflow to None, run_after=None
[2025-03-31T19:38:00.793+0000] {logging_mixin.py:190} INFO - [2025-03-31T19:38:00.793+0000] {dag.py:4180} INFO - Setting next_dagrun for dataset_s3_bucket_producer_with_no_taskflow to None, run_after=None
[2025-03-31T19:38:00.808+0000] {processor.py:208} INFO - Processing /usr/local/python/3.12.1/lib/python3.12/site-packages/airflow/example_dags/example_dataset_alias_with_no_taskflow.py took 0.070 seconds
