[2025-03-31T19:06:55.642+0000] {processor.py:186} INFO - Started process (PID=5450) to work on /usr/local/python/3.12.1/lib/python3.12/site-packages/airflow/example_dags/example_dataset_alias.py
[2025-03-31T19:06:55.642+0000] {processor.py:914} INFO - Processing file /usr/local/python/3.12.1/lib/python3.12/site-packages/airflow/example_dags/example_dataset_alias.py for tasks to queue
[2025-03-31T19:06:55.644+0000] {logging_mixin.py:190} INFO - [2025-03-31T19:06:55.643+0000] {dagbag.py:588} INFO - Filling up the DagBag from /usr/local/python/3.12.1/lib/python3.12/site-packages/airflow/example_dags/example_dataset_alias.py
[2025-03-31T19:06:55.660+0000] {processor.py:925} INFO - DAG(s) 'dataset_alias_example_alias_producer', 'dataset_s3_bucket_producer', 'dataset_alias_example_alias_consumer', 'dataset_s3_bucket_consumer' retrieved from /usr/local/python/3.12.1/lib/python3.12/site-packages/airflow/example_dags/example_dataset_alias.py
[2025-03-31T19:06:55.675+0000] {logging_mixin.py:190} INFO - [2025-03-31T19:06:55.674+0000] {dag.py:3239} INFO - Sync 4 DAGs
[2025-03-31T19:06:55.689+0000] {logging_mixin.py:190} INFO - [2025-03-31T19:06:55.689+0000] {dag.py:4180} INFO - Setting next_dagrun for dataset_alias_example_alias_consumer to None, run_after=None
[2025-03-31T19:06:55.690+0000] {logging_mixin.py:190} INFO - [2025-03-31T19:06:55.690+0000] {dag.py:4180} INFO - Setting next_dagrun for dataset_alias_example_alias_producer to None, run_after=None
[2025-03-31T19:06:55.691+0000] {logging_mixin.py:190} INFO - [2025-03-31T19:06:55.691+0000] {dag.py:4180} INFO - Setting next_dagrun for dataset_s3_bucket_consumer to None, run_after=None
[2025-03-31T19:06:55.692+0000] {logging_mixin.py:190} INFO - [2025-03-31T19:06:55.692+0000] {dag.py:4180} INFO - Setting next_dagrun for dataset_s3_bucket_producer to None, run_after=None
[2025-03-31T19:06:55.707+0000] {processor.py:208} INFO - Processing /usr/local/python/3.12.1/lib/python3.12/site-packages/airflow/example_dags/example_dataset_alias.py took 0.070 seconds
[2025-03-31T19:07:52.977+0000] {processor.py:186} INFO - Started process (PID=5934) to work on /usr/local/python/3.12.1/lib/python3.12/site-packages/airflow/example_dags/example_dataset_alias.py
[2025-03-31T19:07:52.978+0000] {processor.py:914} INFO - Processing file /usr/local/python/3.12.1/lib/python3.12/site-packages/airflow/example_dags/example_dataset_alias.py for tasks to queue
[2025-03-31T19:07:52.979+0000] {logging_mixin.py:190} INFO - [2025-03-31T19:07:52.979+0000] {dagbag.py:588} INFO - Filling up the DagBag from /usr/local/python/3.12.1/lib/python3.12/site-packages/airflow/example_dags/example_dataset_alias.py
[2025-03-31T19:07:52.996+0000] {processor.py:925} INFO - DAG(s) 'dataset_s3_bucket_producer', 'dataset_alias_example_alias_producer', 'dataset_s3_bucket_consumer', 'dataset_alias_example_alias_consumer' retrieved from /usr/local/python/3.12.1/lib/python3.12/site-packages/airflow/example_dags/example_dataset_alias.py
[2025-03-31T19:07:53.011+0000] {logging_mixin.py:190} INFO - [2025-03-31T19:07:53.011+0000] {dag.py:3239} INFO - Sync 4 DAGs
[2025-03-31T19:07:53.026+0000] {logging_mixin.py:190} INFO - [2025-03-31T19:07:53.025+0000] {dag.py:4180} INFO - Setting next_dagrun for dataset_alias_example_alias_consumer to None, run_after=None
[2025-03-31T19:07:53.027+0000] {logging_mixin.py:190} INFO - [2025-03-31T19:07:53.027+0000] {dag.py:4180} INFO - Setting next_dagrun for dataset_alias_example_alias_producer to None, run_after=None
[2025-03-31T19:07:53.028+0000] {logging_mixin.py:190} INFO - [2025-03-31T19:07:53.028+0000] {dag.py:4180} INFO - Setting next_dagrun for dataset_s3_bucket_consumer to None, run_after=None
[2025-03-31T19:07:53.028+0000] {logging_mixin.py:190} INFO - [2025-03-31T19:07:53.028+0000] {dag.py:4180} INFO - Setting next_dagrun for dataset_s3_bucket_producer to None, run_after=None
[2025-03-31T19:07:53.044+0000] {processor.py:208} INFO - Processing /usr/local/python/3.12.1/lib/python3.12/site-packages/airflow/example_dags/example_dataset_alias.py took 0.071 seconds
[2025-03-31T19:08:49.525+0000] {processor.py:186} INFO - Started process (PID=6418) to work on /usr/local/python/3.12.1/lib/python3.12/site-packages/airflow/example_dags/example_dataset_alias.py
[2025-03-31T19:08:49.526+0000] {processor.py:914} INFO - Processing file /usr/local/python/3.12.1/lib/python3.12/site-packages/airflow/example_dags/example_dataset_alias.py for tasks to queue
[2025-03-31T19:08:49.527+0000] {logging_mixin.py:190} INFO - [2025-03-31T19:08:49.527+0000] {dagbag.py:588} INFO - Filling up the DagBag from /usr/local/python/3.12.1/lib/python3.12/site-packages/airflow/example_dags/example_dataset_alias.py
[2025-03-31T19:08:49.544+0000] {processor.py:925} INFO - DAG(s) 'dataset_s3_bucket_producer', 'dataset_s3_bucket_consumer', 'dataset_alias_example_alias_producer', 'dataset_alias_example_alias_consumer' retrieved from /usr/local/python/3.12.1/lib/python3.12/site-packages/airflow/example_dags/example_dataset_alias.py
[2025-03-31T19:08:49.558+0000] {logging_mixin.py:190} INFO - [2025-03-31T19:08:49.558+0000] {dag.py:3239} INFO - Sync 4 DAGs
[2025-03-31T19:08:49.573+0000] {logging_mixin.py:190} INFO - [2025-03-31T19:08:49.573+0000] {dag.py:4180} INFO - Setting next_dagrun for dataset_alias_example_alias_consumer to None, run_after=None
[2025-03-31T19:08:49.575+0000] {logging_mixin.py:190} INFO - [2025-03-31T19:08:49.574+0000] {dag.py:4180} INFO - Setting next_dagrun for dataset_alias_example_alias_producer to None, run_after=None
[2025-03-31T19:08:49.575+0000] {logging_mixin.py:190} INFO - [2025-03-31T19:08:49.575+0000] {dag.py:4180} INFO - Setting next_dagrun for dataset_s3_bucket_consumer to None, run_after=None
[2025-03-31T19:08:49.576+0000] {logging_mixin.py:190} INFO - [2025-03-31T19:08:49.576+0000] {dag.py:4180} INFO - Setting next_dagrun for dataset_s3_bucket_producer to None, run_after=None
[2025-03-31T19:08:49.592+0000] {processor.py:208} INFO - Processing /usr/local/python/3.12.1/lib/python3.12/site-packages/airflow/example_dags/example_dataset_alias.py took 0.071 seconds
[2025-03-31T19:09:43.174+0000] {processor.py:186} INFO - Started process (PID=6841) to work on /usr/local/python/3.12.1/lib/python3.12/site-packages/airflow/example_dags/example_dataset_alias.py
[2025-03-31T19:09:43.174+0000] {processor.py:914} INFO - Processing file /usr/local/python/3.12.1/lib/python3.12/site-packages/airflow/example_dags/example_dataset_alias.py for tasks to queue
[2025-03-31T19:09:43.176+0000] {logging_mixin.py:190} INFO - [2025-03-31T19:09:43.176+0000] {dagbag.py:588} INFO - Filling up the DagBag from /usr/local/python/3.12.1/lib/python3.12/site-packages/airflow/example_dags/example_dataset_alias.py
[2025-03-31T19:09:43.193+0000] {processor.py:925} INFO - DAG(s) 'dataset_s3_bucket_producer', 'dataset_alias_example_alias_consumer', 'dataset_alias_example_alias_producer', 'dataset_s3_bucket_consumer' retrieved from /usr/local/python/3.12.1/lib/python3.12/site-packages/airflow/example_dags/example_dataset_alias.py
[2025-03-31T19:09:43.207+0000] {logging_mixin.py:190} INFO - [2025-03-31T19:09:43.207+0000] {dag.py:3239} INFO - Sync 4 DAGs
[2025-03-31T19:09:43.222+0000] {logging_mixin.py:190} INFO - [2025-03-31T19:09:43.221+0000] {dag.py:4180} INFO - Setting next_dagrun for dataset_alias_example_alias_consumer to None, run_after=None
[2025-03-31T19:09:43.223+0000] {logging_mixin.py:190} INFO - [2025-03-31T19:09:43.223+0000] {dag.py:4180} INFO - Setting next_dagrun for dataset_alias_example_alias_producer to None, run_after=None
[2025-03-31T19:09:43.224+0000] {logging_mixin.py:190} INFO - [2025-03-31T19:09:43.224+0000] {dag.py:4180} INFO - Setting next_dagrun for dataset_s3_bucket_consumer to None, run_after=None
[2025-03-31T19:09:43.224+0000] {logging_mixin.py:190} INFO - [2025-03-31T19:09:43.224+0000] {dag.py:4180} INFO - Setting next_dagrun for dataset_s3_bucket_producer to None, run_after=None
[2025-03-31T19:09:43.241+0000] {processor.py:208} INFO - Processing /usr/local/python/3.12.1/lib/python3.12/site-packages/airflow/example_dags/example_dataset_alias.py took 0.071 seconds
[2025-03-31T19:11:00.036+0000] {processor.py:186} INFO - Started process (PID=7454) to work on /usr/local/python/3.12.1/lib/python3.12/site-packages/airflow/example_dags/example_dataset_alias.py
[2025-03-31T19:11:00.037+0000] {processor.py:914} INFO - Processing file /usr/local/python/3.12.1/lib/python3.12/site-packages/airflow/example_dags/example_dataset_alias.py for tasks to queue
[2025-03-31T19:11:00.038+0000] {logging_mixin.py:190} INFO - [2025-03-31T19:11:00.038+0000] {dagbag.py:588} INFO - Filling up the DagBag from /usr/local/python/3.12.1/lib/python3.12/site-packages/airflow/example_dags/example_dataset_alias.py
[2025-03-31T19:11:00.057+0000] {processor.py:925} INFO - DAG(s) 'dataset_alias_example_alias_producer', 'dataset_s3_bucket_consumer', 'dataset_alias_example_alias_consumer', 'dataset_s3_bucket_producer' retrieved from /usr/local/python/3.12.1/lib/python3.12/site-packages/airflow/example_dags/example_dataset_alias.py
[2025-03-31T19:11:00.071+0000] {logging_mixin.py:190} INFO - [2025-03-31T19:11:00.071+0000] {dag.py:3239} INFO - Sync 4 DAGs
[2025-03-31T19:11:00.085+0000] {logging_mixin.py:190} INFO - [2025-03-31T19:11:00.085+0000] {dag.py:4180} INFO - Setting next_dagrun for dataset_alias_example_alias_consumer to None, run_after=None
[2025-03-31T19:11:00.087+0000] {logging_mixin.py:190} INFO - [2025-03-31T19:11:00.087+0000] {dag.py:4180} INFO - Setting next_dagrun for dataset_alias_example_alias_producer to None, run_after=None
[2025-03-31T19:11:00.088+0000] {logging_mixin.py:190} INFO - [2025-03-31T19:11:00.087+0000] {dag.py:4180} INFO - Setting next_dagrun for dataset_s3_bucket_consumer to None, run_after=None
[2025-03-31T19:11:00.089+0000] {logging_mixin.py:190} INFO - [2025-03-31T19:11:00.089+0000] {dag.py:4180} INFO - Setting next_dagrun for dataset_s3_bucket_producer to None, run_after=None
[2025-03-31T19:11:00.105+0000] {processor.py:208} INFO - Processing /usr/local/python/3.12.1/lib/python3.12/site-packages/airflow/example_dags/example_dataset_alias.py took 0.074 seconds
[2025-03-31T19:12:19.393+0000] {processor.py:186} INFO - Started process (PID=8080) to work on /usr/local/python/3.12.1/lib/python3.12/site-packages/airflow/example_dags/example_dataset_alias.py
[2025-03-31T19:12:19.393+0000] {processor.py:914} INFO - Processing file /usr/local/python/3.12.1/lib/python3.12/site-packages/airflow/example_dags/example_dataset_alias.py for tasks to queue
[2025-03-31T19:12:19.395+0000] {logging_mixin.py:190} INFO - [2025-03-31T19:12:19.395+0000] {dagbag.py:588} INFO - Filling up the DagBag from /usr/local/python/3.12.1/lib/python3.12/site-packages/airflow/example_dags/example_dataset_alias.py
[2025-03-31T19:12:19.412+0000] {processor.py:925} INFO - DAG(s) 'dataset_alias_example_alias_producer', 'dataset_alias_example_alias_consumer', 'dataset_s3_bucket_consumer', 'dataset_s3_bucket_producer' retrieved from /usr/local/python/3.12.1/lib/python3.12/site-packages/airflow/example_dags/example_dataset_alias.py
[2025-03-31T19:12:19.426+0000] {logging_mixin.py:190} INFO - [2025-03-31T19:12:19.426+0000] {dag.py:3239} INFO - Sync 4 DAGs
[2025-03-31T19:12:19.442+0000] {logging_mixin.py:190} INFO - [2025-03-31T19:12:19.441+0000] {dag.py:4180} INFO - Setting next_dagrun for dataset_alias_example_alias_consumer to None, run_after=None
[2025-03-31T19:12:19.443+0000] {logging_mixin.py:190} INFO - [2025-03-31T19:12:19.443+0000] {dag.py:4180} INFO - Setting next_dagrun for dataset_alias_example_alias_producer to None, run_after=None
[2025-03-31T19:12:19.444+0000] {logging_mixin.py:190} INFO - [2025-03-31T19:12:19.444+0000] {dag.py:4180} INFO - Setting next_dagrun for dataset_s3_bucket_consumer to None, run_after=None
[2025-03-31T19:12:19.445+0000] {logging_mixin.py:190} INFO - [2025-03-31T19:12:19.444+0000] {dag.py:4180} INFO - Setting next_dagrun for dataset_s3_bucket_producer to None, run_after=None
[2025-03-31T19:12:19.461+0000] {processor.py:208} INFO - Processing /usr/local/python/3.12.1/lib/python3.12/site-packages/airflow/example_dags/example_dataset_alias.py took 0.072 seconds
[2025-03-31T19:13:40.431+0000] {processor.py:186} INFO - Started process (PID=8718) to work on /usr/local/python/3.12.1/lib/python3.12/site-packages/airflow/example_dags/example_dataset_alias.py
[2025-03-31T19:13:40.431+0000] {processor.py:914} INFO - Processing file /usr/local/python/3.12.1/lib/python3.12/site-packages/airflow/example_dags/example_dataset_alias.py for tasks to queue
[2025-03-31T19:13:40.432+0000] {logging_mixin.py:190} INFO - [2025-03-31T19:13:40.432+0000] {dagbag.py:588} INFO - Filling up the DagBag from /usr/local/python/3.12.1/lib/python3.12/site-packages/airflow/example_dags/example_dataset_alias.py
[2025-03-31T19:13:40.449+0000] {processor.py:925} INFO - DAG(s) 'dataset_alias_example_alias_producer', 'dataset_s3_bucket_producer', 'dataset_s3_bucket_consumer', 'dataset_alias_example_alias_consumer' retrieved from /usr/local/python/3.12.1/lib/python3.12/site-packages/airflow/example_dags/example_dataset_alias.py
[2025-03-31T19:13:40.463+0000] {logging_mixin.py:190} INFO - [2025-03-31T19:13:40.463+0000] {dag.py:3239} INFO - Sync 4 DAGs
[2025-03-31T19:13:40.478+0000] {logging_mixin.py:190} INFO - [2025-03-31T19:13:40.478+0000] {dag.py:4180} INFO - Setting next_dagrun for dataset_alias_example_alias_consumer to None, run_after=None
[2025-03-31T19:13:40.480+0000] {logging_mixin.py:190} INFO - [2025-03-31T19:13:40.479+0000] {dag.py:4180} INFO - Setting next_dagrun for dataset_alias_example_alias_producer to None, run_after=None
[2025-03-31T19:13:40.480+0000] {logging_mixin.py:190} INFO - [2025-03-31T19:13:40.480+0000] {dag.py:4180} INFO - Setting next_dagrun for dataset_s3_bucket_consumer to None, run_after=None
[2025-03-31T19:13:40.481+0000] {logging_mixin.py:190} INFO - [2025-03-31T19:13:40.481+0000] {dag.py:4180} INFO - Setting next_dagrun for dataset_s3_bucket_producer to None, run_after=None
[2025-03-31T19:13:40.497+0000] {processor.py:208} INFO - Processing /usr/local/python/3.12.1/lib/python3.12/site-packages/airflow/example_dags/example_dataset_alias.py took 0.070 seconds
[2025-03-31T19:14:56.041+0000] {processor.py:186} INFO - Started process (PID=9308) to work on /usr/local/python/3.12.1/lib/python3.12/site-packages/airflow/example_dags/example_dataset_alias.py
[2025-03-31T19:14:56.042+0000] {processor.py:914} INFO - Processing file /usr/local/python/3.12.1/lib/python3.12/site-packages/airflow/example_dags/example_dataset_alias.py for tasks to queue
[2025-03-31T19:14:56.043+0000] {logging_mixin.py:190} INFO - [2025-03-31T19:14:56.043+0000] {dagbag.py:588} INFO - Filling up the DagBag from /usr/local/python/3.12.1/lib/python3.12/site-packages/airflow/example_dags/example_dataset_alias.py
[2025-03-31T19:14:56.060+0000] {processor.py:925} INFO - DAG(s) 'dataset_alias_example_alias_consumer', 'dataset_s3_bucket_consumer', 'dataset_s3_bucket_producer', 'dataset_alias_example_alias_producer' retrieved from /usr/local/python/3.12.1/lib/python3.12/site-packages/airflow/example_dags/example_dataset_alias.py
[2025-03-31T19:14:56.075+0000] {logging_mixin.py:190} INFO - [2025-03-31T19:14:56.075+0000] {dag.py:3239} INFO - Sync 4 DAGs
[2025-03-31T19:14:56.090+0000] {logging_mixin.py:190} INFO - [2025-03-31T19:14:56.089+0000] {dag.py:4180} INFO - Setting next_dagrun for dataset_alias_example_alias_consumer to None, run_after=None
[2025-03-31T19:14:56.091+0000] {logging_mixin.py:190} INFO - [2025-03-31T19:14:56.091+0000] {dag.py:4180} INFO - Setting next_dagrun for dataset_alias_example_alias_producer to None, run_after=None
[2025-03-31T19:14:56.092+0000] {logging_mixin.py:190} INFO - [2025-03-31T19:14:56.092+0000] {dag.py:4180} INFO - Setting next_dagrun for dataset_s3_bucket_consumer to None, run_after=None
[2025-03-31T19:14:56.092+0000] {logging_mixin.py:190} INFO - [2025-03-31T19:14:56.092+0000] {dag.py:4180} INFO - Setting next_dagrun for dataset_s3_bucket_producer to None, run_after=None
[2025-03-31T19:14:56.108+0000] {processor.py:208} INFO - Processing /usr/local/python/3.12.1/lib/python3.12/site-packages/airflow/example_dags/example_dataset_alias.py took 0.071 seconds
[2025-03-31T19:16:12.290+0000] {processor.py:186} INFO - Started process (PID=9922) to work on /usr/local/python/3.12.1/lib/python3.12/site-packages/airflow/example_dags/example_dataset_alias.py
[2025-03-31T19:16:12.290+0000] {processor.py:914} INFO - Processing file /usr/local/python/3.12.1/lib/python3.12/site-packages/airflow/example_dags/example_dataset_alias.py for tasks to queue
[2025-03-31T19:16:12.292+0000] {logging_mixin.py:190} INFO - [2025-03-31T19:16:12.291+0000] {dagbag.py:588} INFO - Filling up the DagBag from /usr/local/python/3.12.1/lib/python3.12/site-packages/airflow/example_dags/example_dataset_alias.py
[2025-03-31T19:16:12.309+0000] {processor.py:925} INFO - DAG(s) 'dataset_alias_example_alias_consumer', 'dataset_s3_bucket_consumer', 'dataset_s3_bucket_producer', 'dataset_alias_example_alias_producer' retrieved from /usr/local/python/3.12.1/lib/python3.12/site-packages/airflow/example_dags/example_dataset_alias.py
[2025-03-31T19:16:12.324+0000] {logging_mixin.py:190} INFO - [2025-03-31T19:16:12.324+0000] {dag.py:3239} INFO - Sync 4 DAGs
[2025-03-31T19:16:12.338+0000] {logging_mixin.py:190} INFO - [2025-03-31T19:16:12.338+0000] {dag.py:4180} INFO - Setting next_dagrun for dataset_alias_example_alias_consumer to None, run_after=None
[2025-03-31T19:16:12.340+0000] {logging_mixin.py:190} INFO - [2025-03-31T19:16:12.340+0000] {dag.py:4180} INFO - Setting next_dagrun for dataset_alias_example_alias_producer to None, run_after=None
[2025-03-31T19:16:12.341+0000] {logging_mixin.py:190} INFO - [2025-03-31T19:16:12.340+0000] {dag.py:4180} INFO - Setting next_dagrun for dataset_s3_bucket_consumer to None, run_after=None
[2025-03-31T19:16:12.341+0000] {logging_mixin.py:190} INFO - [2025-03-31T19:16:12.341+0000] {dag.py:4180} INFO - Setting next_dagrun for dataset_s3_bucket_producer to None, run_after=None
[2025-03-31T19:16:12.357+0000] {processor.py:208} INFO - Processing /usr/local/python/3.12.1/lib/python3.12/site-packages/airflow/example_dags/example_dataset_alias.py took 0.072 seconds
[2025-03-31T19:17:08.827+0000] {processor.py:186} INFO - Started process (PID=10359) to work on /usr/local/python/3.12.1/lib/python3.12/site-packages/airflow/example_dags/example_dataset_alias.py
[2025-03-31T19:17:08.828+0000] {processor.py:914} INFO - Processing file /usr/local/python/3.12.1/lib/python3.12/site-packages/airflow/example_dags/example_dataset_alias.py for tasks to queue
[2025-03-31T19:17:08.829+0000] {logging_mixin.py:190} INFO - [2025-03-31T19:17:08.829+0000] {dagbag.py:588} INFO - Filling up the DagBag from /usr/local/python/3.12.1/lib/python3.12/site-packages/airflow/example_dags/example_dataset_alias.py
[2025-03-31T19:17:08.846+0000] {processor.py:925} INFO - DAG(s) 'dataset_s3_bucket_consumer', 'dataset_alias_example_alias_consumer', 'dataset_alias_example_alias_producer', 'dataset_s3_bucket_producer' retrieved from /usr/local/python/3.12.1/lib/python3.12/site-packages/airflow/example_dags/example_dataset_alias.py
[2025-03-31T19:17:08.860+0000] {logging_mixin.py:190} INFO - [2025-03-31T19:17:08.860+0000] {dag.py:3239} INFO - Sync 4 DAGs
[2025-03-31T19:17:08.875+0000] {logging_mixin.py:190} INFO - [2025-03-31T19:17:08.874+0000] {dag.py:4180} INFO - Setting next_dagrun for dataset_alias_example_alias_consumer to None, run_after=None
[2025-03-31T19:17:08.876+0000] {logging_mixin.py:190} INFO - [2025-03-31T19:17:08.876+0000] {dag.py:4180} INFO - Setting next_dagrun for dataset_alias_example_alias_producer to None, run_after=None
[2025-03-31T19:17:08.877+0000] {logging_mixin.py:190} INFO - [2025-03-31T19:17:08.877+0000] {dag.py:4180} INFO - Setting next_dagrun for dataset_s3_bucket_consumer to None, run_after=None
[2025-03-31T19:17:08.877+0000] {logging_mixin.py:190} INFO - [2025-03-31T19:17:08.877+0000] {dag.py:4180} INFO - Setting next_dagrun for dataset_s3_bucket_producer to None, run_after=None
[2025-03-31T19:17:08.895+0000] {processor.py:208} INFO - Processing /usr/local/python/3.12.1/lib/python3.12/site-packages/airflow/example_dags/example_dataset_alias.py took 0.071 seconds
[2025-03-31T19:18:05.243+0000] {processor.py:186} INFO - Started process (PID=10843) to work on /usr/local/python/3.12.1/lib/python3.12/site-packages/airflow/example_dags/example_dataset_alias.py
[2025-03-31T19:18:05.244+0000] {processor.py:914} INFO - Processing file /usr/local/python/3.12.1/lib/python3.12/site-packages/airflow/example_dags/example_dataset_alias.py for tasks to queue
[2025-03-31T19:18:05.246+0000] {logging_mixin.py:190} INFO - [2025-03-31T19:18:05.246+0000] {dagbag.py:588} INFO - Filling up the DagBag from /usr/local/python/3.12.1/lib/python3.12/site-packages/airflow/example_dags/example_dataset_alias.py
[2025-03-31T19:18:05.267+0000] {processor.py:925} INFO - DAG(s) 'dataset_s3_bucket_consumer', 'dataset_alias_example_alias_consumer', 'dataset_alias_example_alias_producer', 'dataset_s3_bucket_producer' retrieved from /usr/local/python/3.12.1/lib/python3.12/site-packages/airflow/example_dags/example_dataset_alias.py
[2025-03-31T19:18:05.282+0000] {logging_mixin.py:190} INFO - [2025-03-31T19:18:05.281+0000] {dag.py:3239} INFO - Sync 4 DAGs
[2025-03-31T19:18:05.297+0000] {logging_mixin.py:190} INFO - [2025-03-31T19:18:05.297+0000] {dag.py:4180} INFO - Setting next_dagrun for dataset_alias_example_alias_consumer to None, run_after=None
[2025-03-31T19:18:05.298+0000] {logging_mixin.py:190} INFO - [2025-03-31T19:18:05.298+0000] {dag.py:4180} INFO - Setting next_dagrun for dataset_alias_example_alias_producer to None, run_after=None
[2025-03-31T19:18:05.299+0000] {logging_mixin.py:190} INFO - [2025-03-31T19:18:05.299+0000] {dag.py:4180} INFO - Setting next_dagrun for dataset_s3_bucket_consumer to None, run_after=None
[2025-03-31T19:18:05.300+0000] {logging_mixin.py:190} INFO - [2025-03-31T19:18:05.299+0000] {dag.py:4180} INFO - Setting next_dagrun for dataset_s3_bucket_producer to None, run_after=None
[2025-03-31T19:18:05.317+0000] {processor.py:208} INFO - Processing /usr/local/python/3.12.1/lib/python3.12/site-packages/airflow/example_dags/example_dataset_alias.py took 0.078 seconds
[2025-03-31T19:19:23.418+0000] {processor.py:186} INFO - Started process (PID=11514) to work on /usr/local/python/3.12.1/lib/python3.12/site-packages/airflow/example_dags/example_dataset_alias.py
[2025-03-31T19:19:23.419+0000] {processor.py:914} INFO - Processing file /usr/local/python/3.12.1/lib/python3.12/site-packages/airflow/example_dags/example_dataset_alias.py for tasks to queue
[2025-03-31T19:19:23.420+0000] {logging_mixin.py:190} INFO - [2025-03-31T19:19:23.420+0000] {dagbag.py:588} INFO - Filling up the DagBag from /usr/local/python/3.12.1/lib/python3.12/site-packages/airflow/example_dags/example_dataset_alias.py
[2025-03-31T19:19:23.437+0000] {processor.py:925} INFO - DAG(s) 'dataset_alias_example_alias_consumer', 'dataset_s3_bucket_producer', 'dataset_alias_example_alias_producer', 'dataset_s3_bucket_consumer' retrieved from /usr/local/python/3.12.1/lib/python3.12/site-packages/airflow/example_dags/example_dataset_alias.py
[2025-03-31T19:19:23.452+0000] {logging_mixin.py:190} INFO - [2025-03-31T19:19:23.452+0000] {dag.py:3239} INFO - Sync 4 DAGs
[2025-03-31T19:19:23.466+0000] {logging_mixin.py:190} INFO - [2025-03-31T19:19:23.466+0000] {dag.py:4180} INFO - Setting next_dagrun for dataset_alias_example_alias_consumer to None, run_after=None
[2025-03-31T19:19:23.468+0000] {logging_mixin.py:190} INFO - [2025-03-31T19:19:23.468+0000] {dag.py:4180} INFO - Setting next_dagrun for dataset_alias_example_alias_producer to None, run_after=None
[2025-03-31T19:19:23.468+0000] {logging_mixin.py:190} INFO - [2025-03-31T19:19:23.468+0000] {dag.py:4180} INFO - Setting next_dagrun for dataset_s3_bucket_consumer to None, run_after=None
[2025-03-31T19:19:23.469+0000] {logging_mixin.py:190} INFO - [2025-03-31T19:19:23.469+0000] {dag.py:4180} INFO - Setting next_dagrun for dataset_s3_bucket_producer to None, run_after=None
[2025-03-31T19:19:23.486+0000] {processor.py:208} INFO - Processing /usr/local/python/3.12.1/lib/python3.12/site-packages/airflow/example_dags/example_dataset_alias.py took 0.072 seconds
[2025-03-31T19:20:40.780+0000] {processor.py:186} INFO - Started process (PID=12238) to work on /usr/local/python/3.12.1/lib/python3.12/site-packages/airflow/example_dags/example_dataset_alias.py
[2025-03-31T19:20:40.781+0000] {processor.py:914} INFO - Processing file /usr/local/python/3.12.1/lib/python3.12/site-packages/airflow/example_dags/example_dataset_alias.py for tasks to queue
[2025-03-31T19:20:40.782+0000] {logging_mixin.py:190} INFO - [2025-03-31T19:20:40.782+0000] {dagbag.py:588} INFO - Filling up the DagBag from /usr/local/python/3.12.1/lib/python3.12/site-packages/airflow/example_dags/example_dataset_alias.py
[2025-03-31T19:20:40.798+0000] {processor.py:925} INFO - DAG(s) 'dataset_alias_example_alias_consumer', 'dataset_s3_bucket_producer', 'dataset_s3_bucket_consumer', 'dataset_alias_example_alias_producer' retrieved from /usr/local/python/3.12.1/lib/python3.12/site-packages/airflow/example_dags/example_dataset_alias.py
[2025-03-31T19:20:40.813+0000] {logging_mixin.py:190} INFO - [2025-03-31T19:20:40.813+0000] {dag.py:3239} INFO - Sync 4 DAGs
[2025-03-31T19:20:40.827+0000] {logging_mixin.py:190} INFO - [2025-03-31T19:20:40.827+0000] {dag.py:4180} INFO - Setting next_dagrun for dataset_alias_example_alias_consumer to None, run_after=None
[2025-03-31T19:20:40.829+0000] {logging_mixin.py:190} INFO - [2025-03-31T19:20:40.829+0000] {dag.py:4180} INFO - Setting next_dagrun for dataset_alias_example_alias_producer to None, run_after=None
[2025-03-31T19:20:40.830+0000] {logging_mixin.py:190} INFO - [2025-03-31T19:20:40.830+0000] {dag.py:4180} INFO - Setting next_dagrun for dataset_s3_bucket_consumer to None, run_after=None
[2025-03-31T19:20:40.830+0000] {logging_mixin.py:190} INFO - [2025-03-31T19:20:40.830+0000] {dag.py:4180} INFO - Setting next_dagrun for dataset_s3_bucket_producer to None, run_after=None
[2025-03-31T19:20:40.846+0000] {processor.py:208} INFO - Processing /usr/local/python/3.12.1/lib/python3.12/site-packages/airflow/example_dags/example_dataset_alias.py took 0.070 seconds
[2025-03-31T19:21:56.915+0000] {processor.py:186} INFO - Started process (PID=13027) to work on /usr/local/python/3.12.1/lib/python3.12/site-packages/airflow/example_dags/example_dataset_alias.py
[2025-03-31T19:21:56.916+0000] {processor.py:914} INFO - Processing file /usr/local/python/3.12.1/lib/python3.12/site-packages/airflow/example_dags/example_dataset_alias.py for tasks to queue
[2025-03-31T19:21:56.917+0000] {logging_mixin.py:190} INFO - [2025-03-31T19:21:56.917+0000] {dagbag.py:588} INFO - Filling up the DagBag from /usr/local/python/3.12.1/lib/python3.12/site-packages/airflow/example_dags/example_dataset_alias.py
[2025-03-31T19:21:56.935+0000] {processor.py:925} INFO - DAG(s) 'dataset_s3_bucket_consumer', 'dataset_alias_example_alias_producer', 'dataset_s3_bucket_producer', 'dataset_alias_example_alias_consumer' retrieved from /usr/local/python/3.12.1/lib/python3.12/site-packages/airflow/example_dags/example_dataset_alias.py
[2025-03-31T19:21:56.953+0000] {logging_mixin.py:190} INFO - [2025-03-31T19:21:56.953+0000] {dag.py:3239} INFO - Sync 4 DAGs
[2025-03-31T19:21:56.970+0000] {logging_mixin.py:190} INFO - [2025-03-31T19:21:56.970+0000] {dag.py:4180} INFO - Setting next_dagrun for dataset_alias_example_alias_consumer to None, run_after=None
[2025-03-31T19:21:56.972+0000] {logging_mixin.py:190} INFO - [2025-03-31T19:21:56.972+0000] {dag.py:4180} INFO - Setting next_dagrun for dataset_alias_example_alias_producer to None, run_after=None
[2025-03-31T19:21:56.973+0000] {logging_mixin.py:190} INFO - [2025-03-31T19:21:56.973+0000] {dag.py:4180} INFO - Setting next_dagrun for dataset_s3_bucket_consumer to None, run_after=None
[2025-03-31T19:21:56.974+0000] {logging_mixin.py:190} INFO - [2025-03-31T19:21:56.974+0000] {dag.py:4180} INFO - Setting next_dagrun for dataset_s3_bucket_producer to None, run_after=None
[2025-03-31T19:21:56.992+0000] {processor.py:208} INFO - Processing /usr/local/python/3.12.1/lib/python3.12/site-packages/airflow/example_dags/example_dataset_alias.py took 0.081 seconds
[2025-03-31T19:22:51.305+0000] {processor.py:186} INFO - Started process (PID=13474) to work on /usr/local/python/3.12.1/lib/python3.12/site-packages/airflow/example_dags/example_dataset_alias.py
[2025-03-31T19:22:51.306+0000] {processor.py:914} INFO - Processing file /usr/local/python/3.12.1/lib/python3.12/site-packages/airflow/example_dags/example_dataset_alias.py for tasks to queue
[2025-03-31T19:22:51.307+0000] {logging_mixin.py:190} INFO - [2025-03-31T19:22:51.307+0000] {dagbag.py:588} INFO - Filling up the DagBag from /usr/local/python/3.12.1/lib/python3.12/site-packages/airflow/example_dags/example_dataset_alias.py
[2025-03-31T19:22:51.324+0000] {processor.py:925} INFO - DAG(s) 'dataset_alias_example_alias_producer', 'dataset_alias_example_alias_consumer', 'dataset_s3_bucket_consumer', 'dataset_s3_bucket_producer' retrieved from /usr/local/python/3.12.1/lib/python3.12/site-packages/airflow/example_dags/example_dataset_alias.py
[2025-03-31T19:22:51.338+0000] {logging_mixin.py:190} INFO - [2025-03-31T19:22:51.338+0000] {dag.py:3239} INFO - Sync 4 DAGs
[2025-03-31T19:22:51.352+0000] {logging_mixin.py:190} INFO - [2025-03-31T19:22:51.352+0000] {dag.py:4180} INFO - Setting next_dagrun for dataset_alias_example_alias_consumer to None, run_after=None
[2025-03-31T19:22:51.354+0000] {logging_mixin.py:190} INFO - [2025-03-31T19:22:51.354+0000] {dag.py:4180} INFO - Setting next_dagrun for dataset_alias_example_alias_producer to None, run_after=None
[2025-03-31T19:22:51.355+0000] {logging_mixin.py:190} INFO - [2025-03-31T19:22:51.354+0000] {dag.py:4180} INFO - Setting next_dagrun for dataset_s3_bucket_consumer to None, run_after=None
[2025-03-31T19:22:51.355+0000] {logging_mixin.py:190} INFO - [2025-03-31T19:22:51.355+0000] {dag.py:4180} INFO - Setting next_dagrun for dataset_s3_bucket_producer to None, run_after=None
[2025-03-31T19:22:51.371+0000] {processor.py:208} INFO - Processing /usr/local/python/3.12.1/lib/python3.12/site-packages/airflow/example_dags/example_dataset_alias.py took 0.070 seconds
[2025-03-31T19:24:06.809+0000] {processor.py:186} INFO - Started process (PID=14062) to work on /usr/local/python/3.12.1/lib/python3.12/site-packages/airflow/example_dags/example_dataset_alias.py
[2025-03-31T19:24:06.809+0000] {processor.py:914} INFO - Processing file /usr/local/python/3.12.1/lib/python3.12/site-packages/airflow/example_dags/example_dataset_alias.py for tasks to queue
[2025-03-31T19:24:06.811+0000] {logging_mixin.py:190} INFO - [2025-03-31T19:24:06.810+0000] {dagbag.py:588} INFO - Filling up the DagBag from /usr/local/python/3.12.1/lib/python3.12/site-packages/airflow/example_dags/example_dataset_alias.py
[2025-03-31T19:24:06.827+0000] {processor.py:925} INFO - DAG(s) 'dataset_s3_bucket_consumer', 'dataset_alias_example_alias_consumer', 'dataset_alias_example_alias_producer', 'dataset_s3_bucket_producer' retrieved from /usr/local/python/3.12.1/lib/python3.12/site-packages/airflow/example_dags/example_dataset_alias.py
[2025-03-31T19:24:06.842+0000] {logging_mixin.py:190} INFO - [2025-03-31T19:24:06.842+0000] {dag.py:3239} INFO - Sync 4 DAGs
[2025-03-31T19:24:06.856+0000] {logging_mixin.py:190} INFO - [2025-03-31T19:24:06.856+0000] {dag.py:4180} INFO - Setting next_dagrun for dataset_alias_example_alias_consumer to None, run_after=None
[2025-03-31T19:24:06.858+0000] {logging_mixin.py:190} INFO - [2025-03-31T19:24:06.858+0000] {dag.py:4180} INFO - Setting next_dagrun for dataset_alias_example_alias_producer to None, run_after=None
[2025-03-31T19:24:06.859+0000] {logging_mixin.py:190} INFO - [2025-03-31T19:24:06.859+0000] {dag.py:4180} INFO - Setting next_dagrun for dataset_s3_bucket_consumer to None, run_after=None
[2025-03-31T19:24:06.859+0000] {logging_mixin.py:190} INFO - [2025-03-31T19:24:06.859+0000] {dag.py:4180} INFO - Setting next_dagrun for dataset_s3_bucket_producer to None, run_after=None
[2025-03-31T19:24:06.875+0000] {processor.py:208} INFO - Processing /usr/local/python/3.12.1/lib/python3.12/site-packages/airflow/example_dags/example_dataset_alias.py took 0.071 seconds
[2025-03-31T19:25:00.209+0000] {processor.py:186} INFO - Started process (PID=14504) to work on /usr/local/python/3.12.1/lib/python3.12/site-packages/airflow/example_dags/example_dataset_alias.py
[2025-03-31T19:25:00.210+0000] {processor.py:914} INFO - Processing file /usr/local/python/3.12.1/lib/python3.12/site-packages/airflow/example_dags/example_dataset_alias.py for tasks to queue
[2025-03-31T19:25:00.211+0000] {logging_mixin.py:190} INFO - [2025-03-31T19:25:00.211+0000] {dagbag.py:588} INFO - Filling up the DagBag from /usr/local/python/3.12.1/lib/python3.12/site-packages/airflow/example_dags/example_dataset_alias.py
[2025-03-31T19:25:00.228+0000] {processor.py:925} INFO - DAG(s) 'dataset_s3_bucket_consumer', 'dataset_s3_bucket_producer', 'dataset_alias_example_alias_consumer', 'dataset_alias_example_alias_producer' retrieved from /usr/local/python/3.12.1/lib/python3.12/site-packages/airflow/example_dags/example_dataset_alias.py
[2025-03-31T19:25:00.242+0000] {logging_mixin.py:190} INFO - [2025-03-31T19:25:00.242+0000] {dag.py:3239} INFO - Sync 4 DAGs
[2025-03-31T19:25:00.257+0000] {logging_mixin.py:190} INFO - [2025-03-31T19:25:00.257+0000] {dag.py:4180} INFO - Setting next_dagrun for dataset_alias_example_alias_consumer to None, run_after=None
[2025-03-31T19:25:00.258+0000] {logging_mixin.py:190} INFO - [2025-03-31T19:25:00.258+0000] {dag.py:4180} INFO - Setting next_dagrun for dataset_alias_example_alias_producer to None, run_after=None
[2025-03-31T19:25:00.259+0000] {logging_mixin.py:190} INFO - [2025-03-31T19:25:00.259+0000] {dag.py:4180} INFO - Setting next_dagrun for dataset_s3_bucket_consumer to None, run_after=None
[2025-03-31T19:25:00.260+0000] {logging_mixin.py:190} INFO - [2025-03-31T19:25:00.259+0000] {dag.py:4180} INFO - Setting next_dagrun for dataset_s3_bucket_producer to None, run_after=None
[2025-03-31T19:25:00.275+0000] {processor.py:208} INFO - Processing /usr/local/python/3.12.1/lib/python3.12/site-packages/airflow/example_dags/example_dataset_alias.py took 0.070 seconds
[2025-03-31T19:25:55.611+0000] {processor.py:186} INFO - Started process (PID=14957) to work on /usr/local/python/3.12.1/lib/python3.12/site-packages/airflow/example_dags/example_dataset_alias.py
[2025-03-31T19:25:55.612+0000] {processor.py:914} INFO - Processing file /usr/local/python/3.12.1/lib/python3.12/site-packages/airflow/example_dags/example_dataset_alias.py for tasks to queue
[2025-03-31T19:25:55.613+0000] {logging_mixin.py:190} INFO - [2025-03-31T19:25:55.613+0000] {dagbag.py:588} INFO - Filling up the DagBag from /usr/local/python/3.12.1/lib/python3.12/site-packages/airflow/example_dags/example_dataset_alias.py
[2025-03-31T19:25:55.630+0000] {processor.py:925} INFO - DAG(s) 'dataset_s3_bucket_producer', 'dataset_s3_bucket_consumer', 'dataset_alias_example_alias_consumer', 'dataset_alias_example_alias_producer' retrieved from /usr/local/python/3.12.1/lib/python3.12/site-packages/airflow/example_dags/example_dataset_alias.py
[2025-03-31T19:25:55.644+0000] {logging_mixin.py:190} INFO - [2025-03-31T19:25:55.644+0000] {dag.py:3239} INFO - Sync 4 DAGs
[2025-03-31T19:25:55.659+0000] {logging_mixin.py:190} INFO - [2025-03-31T19:25:55.659+0000] {dag.py:4180} INFO - Setting next_dagrun for dataset_alias_example_alias_consumer to None, run_after=None
[2025-03-31T19:25:55.660+0000] {logging_mixin.py:190} INFO - [2025-03-31T19:25:55.660+0000] {dag.py:4180} INFO - Setting next_dagrun for dataset_alias_example_alias_producer to None, run_after=None
[2025-03-31T19:25:55.661+0000] {logging_mixin.py:190} INFO - [2025-03-31T19:25:55.661+0000] {dag.py:4180} INFO - Setting next_dagrun for dataset_s3_bucket_consumer to None, run_after=None
[2025-03-31T19:25:55.661+0000] {logging_mixin.py:190} INFO - [2025-03-31T19:25:55.661+0000] {dag.py:4180} INFO - Setting next_dagrun for dataset_s3_bucket_producer to None, run_after=None
[2025-03-31T19:25:55.677+0000] {processor.py:208} INFO - Processing /usr/local/python/3.12.1/lib/python3.12/site-packages/airflow/example_dags/example_dataset_alias.py took 0.070 seconds
[2025-03-31T19:27:13.190+0000] {processor.py:186} INFO - Started process (PID=15645) to work on /usr/local/python/3.12.1/lib/python3.12/site-packages/airflow/example_dags/example_dataset_alias.py
[2025-03-31T19:27:13.190+0000] {processor.py:914} INFO - Processing file /usr/local/python/3.12.1/lib/python3.12/site-packages/airflow/example_dags/example_dataset_alias.py for tasks to queue
[2025-03-31T19:27:13.192+0000] {logging_mixin.py:190} INFO - [2025-03-31T19:27:13.192+0000] {dagbag.py:588} INFO - Filling up the DagBag from /usr/local/python/3.12.1/lib/python3.12/site-packages/airflow/example_dags/example_dataset_alias.py
[2025-03-31T19:27:13.209+0000] {processor.py:925} INFO - DAG(s) 'dataset_s3_bucket_consumer', 'dataset_alias_example_alias_producer', 'dataset_alias_example_alias_consumer', 'dataset_s3_bucket_producer' retrieved from /usr/local/python/3.12.1/lib/python3.12/site-packages/airflow/example_dags/example_dataset_alias.py
[2025-03-31T19:27:13.223+0000] {logging_mixin.py:190} INFO - [2025-03-31T19:27:13.223+0000] {dag.py:3239} INFO - Sync 4 DAGs
[2025-03-31T19:27:13.238+0000] {logging_mixin.py:190} INFO - [2025-03-31T19:27:13.237+0000] {dag.py:4180} INFO - Setting next_dagrun for dataset_alias_example_alias_consumer to None, run_after=None
[2025-03-31T19:27:13.239+0000] {logging_mixin.py:190} INFO - [2025-03-31T19:27:13.239+0000] {dag.py:4180} INFO - Setting next_dagrun for dataset_alias_example_alias_producer to None, run_after=None
[2025-03-31T19:27:13.240+0000] {logging_mixin.py:190} INFO - [2025-03-31T19:27:13.240+0000] {dag.py:4180} INFO - Setting next_dagrun for dataset_s3_bucket_consumer to None, run_after=None
[2025-03-31T19:27:13.241+0000] {logging_mixin.py:190} INFO - [2025-03-31T19:27:13.241+0000] {dag.py:4180} INFO - Setting next_dagrun for dataset_s3_bucket_producer to None, run_after=None
[2025-03-31T19:27:13.258+0000] {processor.py:208} INFO - Processing /usr/local/python/3.12.1/lib/python3.12/site-packages/airflow/example_dags/example_dataset_alias.py took 0.072 seconds
[2025-03-31T19:28:30.029+0000] {processor.py:186} INFO - Started process (PID=16276) to work on /usr/local/python/3.12.1/lib/python3.12/site-packages/airflow/example_dags/example_dataset_alias.py
[2025-03-31T19:28:30.030+0000] {processor.py:914} INFO - Processing file /usr/local/python/3.12.1/lib/python3.12/site-packages/airflow/example_dags/example_dataset_alias.py for tasks to queue
[2025-03-31T19:28:30.031+0000] {logging_mixin.py:190} INFO - [2025-03-31T19:28:30.031+0000] {dagbag.py:588} INFO - Filling up the DagBag from /usr/local/python/3.12.1/lib/python3.12/site-packages/airflow/example_dags/example_dataset_alias.py
[2025-03-31T19:28:30.048+0000] {processor.py:925} INFO - DAG(s) 'dataset_alias_example_alias_consumer', 'dataset_s3_bucket_consumer', 'dataset_alias_example_alias_producer', 'dataset_s3_bucket_producer' retrieved from /usr/local/python/3.12.1/lib/python3.12/site-packages/airflow/example_dags/example_dataset_alias.py
[2025-03-31T19:28:30.062+0000] {logging_mixin.py:190} INFO - [2025-03-31T19:28:30.062+0000] {dag.py:3239} INFO - Sync 4 DAGs
[2025-03-31T19:28:30.077+0000] {logging_mixin.py:190} INFO - [2025-03-31T19:28:30.077+0000] {dag.py:4180} INFO - Setting next_dagrun for dataset_alias_example_alias_consumer to None, run_after=None
[2025-03-31T19:28:30.078+0000] {logging_mixin.py:190} INFO - [2025-03-31T19:28:30.078+0000] {dag.py:4180} INFO - Setting next_dagrun for dataset_alias_example_alias_producer to None, run_after=None
[2025-03-31T19:28:30.079+0000] {logging_mixin.py:190} INFO - [2025-03-31T19:28:30.079+0000] {dag.py:4180} INFO - Setting next_dagrun for dataset_s3_bucket_consumer to None, run_after=None
[2025-03-31T19:28:30.080+0000] {logging_mixin.py:190} INFO - [2025-03-31T19:28:30.079+0000] {dag.py:4180} INFO - Setting next_dagrun for dataset_s3_bucket_producer to None, run_after=None
[2025-03-31T19:28:30.096+0000] {processor.py:208} INFO - Processing /usr/local/python/3.12.1/lib/python3.12/site-packages/airflow/example_dags/example_dataset_alias.py took 0.070 seconds
[2025-03-31T19:29:31.913+0000] {processor.py:186} INFO - Started process (PID=16900) to work on /usr/local/python/3.12.1/lib/python3.12/site-packages/airflow/example_dags/example_dataset_alias.py
[2025-03-31T19:29:31.914+0000] {processor.py:914} INFO - Processing file /usr/local/python/3.12.1/lib/python3.12/site-packages/airflow/example_dags/example_dataset_alias.py for tasks to queue
[2025-03-31T19:29:31.915+0000] {logging_mixin.py:190} INFO - [2025-03-31T19:29:31.915+0000] {dagbag.py:588} INFO - Filling up the DagBag from /usr/local/python/3.12.1/lib/python3.12/site-packages/airflow/example_dags/example_dataset_alias.py
[2025-03-31T19:29:31.933+0000] {processor.py:925} INFO - DAG(s) 'dataset_s3_bucket_producer', 'dataset_s3_bucket_consumer', 'dataset_alias_example_alias_producer', 'dataset_alias_example_alias_consumer' retrieved from /usr/local/python/3.12.1/lib/python3.12/site-packages/airflow/example_dags/example_dataset_alias.py
[2025-03-31T19:29:31.947+0000] {logging_mixin.py:190} INFO - [2025-03-31T19:29:31.947+0000] {dag.py:3239} INFO - Sync 4 DAGs
[2025-03-31T19:29:31.961+0000] {logging_mixin.py:190} INFO - [2025-03-31T19:29:31.961+0000] {dag.py:4180} INFO - Setting next_dagrun for dataset_alias_example_alias_consumer to None, run_after=None
[2025-03-31T19:29:31.963+0000] {logging_mixin.py:190} INFO - [2025-03-31T19:29:31.962+0000] {dag.py:4180} INFO - Setting next_dagrun for dataset_alias_example_alias_producer to None, run_after=None
[2025-03-31T19:29:31.963+0000] {logging_mixin.py:190} INFO - [2025-03-31T19:29:31.963+0000] {dag.py:4180} INFO - Setting next_dagrun for dataset_s3_bucket_consumer to None, run_after=None
[2025-03-31T19:29:31.964+0000] {logging_mixin.py:190} INFO - [2025-03-31T19:29:31.964+0000] {dag.py:4180} INFO - Setting next_dagrun for dataset_s3_bucket_producer to None, run_after=None
[2025-03-31T19:29:31.980+0000] {processor.py:208} INFO - Processing /usr/local/python/3.12.1/lib/python3.12/site-packages/airflow/example_dags/example_dataset_alias.py took 0.070 seconds
[2025-03-31T19:30:29.266+0000] {processor.py:186} INFO - Started process (PID=17357) to work on /usr/local/python/3.12.1/lib/python3.12/site-packages/airflow/example_dags/example_dataset_alias.py
[2025-03-31T19:30:29.267+0000] {processor.py:914} INFO - Processing file /usr/local/python/3.12.1/lib/python3.12/site-packages/airflow/example_dags/example_dataset_alias.py for tasks to queue
[2025-03-31T19:30:29.268+0000] {logging_mixin.py:190} INFO - [2025-03-31T19:30:29.268+0000] {dagbag.py:588} INFO - Filling up the DagBag from /usr/local/python/3.12.1/lib/python3.12/site-packages/airflow/example_dags/example_dataset_alias.py
[2025-03-31T19:30:29.285+0000] {processor.py:925} INFO - DAG(s) 'dataset_s3_bucket_producer', 'dataset_s3_bucket_consumer', 'dataset_alias_example_alias_producer', 'dataset_alias_example_alias_consumer' retrieved from /usr/local/python/3.12.1/lib/python3.12/site-packages/airflow/example_dags/example_dataset_alias.py
[2025-03-31T19:30:29.299+0000] {logging_mixin.py:190} INFO - [2025-03-31T19:30:29.299+0000] {dag.py:3239} INFO - Sync 4 DAGs
[2025-03-31T19:30:29.314+0000] {logging_mixin.py:190} INFO - [2025-03-31T19:30:29.314+0000] {dag.py:4180} INFO - Setting next_dagrun for dataset_alias_example_alias_consumer to None, run_after=None
[2025-03-31T19:30:29.316+0000] {logging_mixin.py:190} INFO - [2025-03-31T19:30:29.316+0000] {dag.py:4180} INFO - Setting next_dagrun for dataset_alias_example_alias_producer to None, run_after=None
[2025-03-31T19:30:29.317+0000] {logging_mixin.py:190} INFO - [2025-03-31T19:30:29.317+0000] {dag.py:4180} INFO - Setting next_dagrun for dataset_s3_bucket_consumer to None, run_after=None
[2025-03-31T19:30:29.317+0000] {logging_mixin.py:190} INFO - [2025-03-31T19:30:29.317+0000] {dag.py:4180} INFO - Setting next_dagrun for dataset_s3_bucket_producer to None, run_after=None
[2025-03-31T19:30:29.334+0000] {processor.py:208} INFO - Processing /usr/local/python/3.12.1/lib/python3.12/site-packages/airflow/example_dags/example_dataset_alias.py took 0.071 seconds
[2025-03-31T19:31:27.788+0000] {processor.py:186} INFO - Started process (PID=17824) to work on /usr/local/python/3.12.1/lib/python3.12/site-packages/airflow/example_dags/example_dataset_alias.py
[2025-03-31T19:31:27.789+0000] {processor.py:914} INFO - Processing file /usr/local/python/3.12.1/lib/python3.12/site-packages/airflow/example_dags/example_dataset_alias.py for tasks to queue
[2025-03-31T19:31:27.791+0000] {logging_mixin.py:190} INFO - [2025-03-31T19:31:27.790+0000] {dagbag.py:588} INFO - Filling up the DagBag from /usr/local/python/3.12.1/lib/python3.12/site-packages/airflow/example_dags/example_dataset_alias.py
[2025-03-31T19:31:27.807+0000] {processor.py:925} INFO - DAG(s) 'dataset_alias_example_alias_consumer', 'dataset_s3_bucket_consumer', 'dataset_s3_bucket_producer', 'dataset_alias_example_alias_producer' retrieved from /usr/local/python/3.12.1/lib/python3.12/site-packages/airflow/example_dags/example_dataset_alias.py
[2025-03-31T19:31:27.821+0000] {logging_mixin.py:190} INFO - [2025-03-31T19:31:27.821+0000] {dag.py:3239} INFO - Sync 4 DAGs
[2025-03-31T19:31:27.836+0000] {logging_mixin.py:190} INFO - [2025-03-31T19:31:27.836+0000] {dag.py:4180} INFO - Setting next_dagrun for dataset_alias_example_alias_consumer to None, run_after=None
[2025-03-31T19:31:27.838+0000] {logging_mixin.py:190} INFO - [2025-03-31T19:31:27.838+0000] {dag.py:4180} INFO - Setting next_dagrun for dataset_alias_example_alias_producer to None, run_after=None
[2025-03-31T19:31:27.838+0000] {logging_mixin.py:190} INFO - [2025-03-31T19:31:27.838+0000] {dag.py:4180} INFO - Setting next_dagrun for dataset_s3_bucket_consumer to None, run_after=None
[2025-03-31T19:31:27.839+0000] {logging_mixin.py:190} INFO - [2025-03-31T19:31:27.839+0000] {dag.py:4180} INFO - Setting next_dagrun for dataset_s3_bucket_producer to None, run_after=None
[2025-03-31T19:31:27.855+0000] {processor.py:208} INFO - Processing /usr/local/python/3.12.1/lib/python3.12/site-packages/airflow/example_dags/example_dataset_alias.py took 0.071 seconds
[2025-03-31T19:32:25.174+0000] {processor.py:186} INFO - Started process (PID=18295) to work on /usr/local/python/3.12.1/lib/python3.12/site-packages/airflow/example_dags/example_dataset_alias.py
[2025-03-31T19:32:25.174+0000] {processor.py:914} INFO - Processing file /usr/local/python/3.12.1/lib/python3.12/site-packages/airflow/example_dags/example_dataset_alias.py for tasks to queue
[2025-03-31T19:32:25.176+0000] {logging_mixin.py:190} INFO - [2025-03-31T19:32:25.175+0000] {dagbag.py:588} INFO - Filling up the DagBag from /usr/local/python/3.12.1/lib/python3.12/site-packages/airflow/example_dags/example_dataset_alias.py
[2025-03-31T19:32:25.192+0000] {processor.py:925} INFO - DAG(s) 'dataset_s3_bucket_producer', 'dataset_s3_bucket_consumer', 'dataset_alias_example_alias_consumer', 'dataset_alias_example_alias_producer' retrieved from /usr/local/python/3.12.1/lib/python3.12/site-packages/airflow/example_dags/example_dataset_alias.py
[2025-03-31T19:32:25.206+0000] {logging_mixin.py:190} INFO - [2025-03-31T19:32:25.206+0000] {dag.py:3239} INFO - Sync 4 DAGs
[2025-03-31T19:32:25.221+0000] {logging_mixin.py:190} INFO - [2025-03-31T19:32:25.221+0000] {dag.py:4180} INFO - Setting next_dagrun for dataset_alias_example_alias_consumer to None, run_after=None
[2025-03-31T19:32:25.223+0000] {logging_mixin.py:190} INFO - [2025-03-31T19:32:25.223+0000] {dag.py:4180} INFO - Setting next_dagrun for dataset_alias_example_alias_producer to None, run_after=None
[2025-03-31T19:32:25.223+0000] {logging_mixin.py:190} INFO - [2025-03-31T19:32:25.223+0000] {dag.py:4180} INFO - Setting next_dagrun for dataset_s3_bucket_consumer to None, run_after=None
[2025-03-31T19:32:25.224+0000] {logging_mixin.py:190} INFO - [2025-03-31T19:32:25.224+0000] {dag.py:4180} INFO - Setting next_dagrun for dataset_s3_bucket_producer to None, run_after=None
[2025-03-31T19:32:25.240+0000] {processor.py:208} INFO - Processing /usr/local/python/3.12.1/lib/python3.12/site-packages/airflow/example_dags/example_dataset_alias.py took 0.071 seconds
[2025-03-31T19:33:19.610+0000] {processor.py:186} INFO - Started process (PID=18718) to work on /usr/local/python/3.12.1/lib/python3.12/site-packages/airflow/example_dags/example_dataset_alias.py
[2025-03-31T19:33:19.611+0000] {processor.py:914} INFO - Processing file /usr/local/python/3.12.1/lib/python3.12/site-packages/airflow/example_dags/example_dataset_alias.py for tasks to queue
[2025-03-31T19:33:19.612+0000] {logging_mixin.py:190} INFO - [2025-03-31T19:33:19.612+0000] {dagbag.py:588} INFO - Filling up the DagBag from /usr/local/python/3.12.1/lib/python3.12/site-packages/airflow/example_dags/example_dataset_alias.py
[2025-03-31T19:33:19.629+0000] {processor.py:925} INFO - DAG(s) 'dataset_alias_example_alias_producer', 'dataset_s3_bucket_producer', 'dataset_alias_example_alias_consumer', 'dataset_s3_bucket_consumer' retrieved from /usr/local/python/3.12.1/lib/python3.12/site-packages/airflow/example_dags/example_dataset_alias.py
[2025-03-31T19:33:19.643+0000] {logging_mixin.py:190} INFO - [2025-03-31T19:33:19.643+0000] {dag.py:3239} INFO - Sync 4 DAGs
[2025-03-31T19:33:19.658+0000] {logging_mixin.py:190} INFO - [2025-03-31T19:33:19.658+0000] {dag.py:4180} INFO - Setting next_dagrun for dataset_alias_example_alias_consumer to None, run_after=None
[2025-03-31T19:33:19.660+0000] {logging_mixin.py:190} INFO - [2025-03-31T19:33:19.660+0000] {dag.py:4180} INFO - Setting next_dagrun for dataset_alias_example_alias_producer to None, run_after=None
[2025-03-31T19:33:19.661+0000] {logging_mixin.py:190} INFO - [2025-03-31T19:33:19.661+0000] {dag.py:4180} INFO - Setting next_dagrun for dataset_s3_bucket_consumer to None, run_after=None
[2025-03-31T19:33:19.662+0000] {logging_mixin.py:190} INFO - [2025-03-31T19:33:19.661+0000] {dag.py:4180} INFO - Setting next_dagrun for dataset_s3_bucket_producer to None, run_after=None
[2025-03-31T19:33:19.680+0000] {processor.py:208} INFO - Processing /usr/local/python/3.12.1/lib/python3.12/site-packages/airflow/example_dags/example_dataset_alias.py took 0.074 seconds
[2025-03-31T19:34:19.188+0000] {processor.py:186} INFO - Started process (PID=19207) to work on /usr/local/python/3.12.1/lib/python3.12/site-packages/airflow/example_dags/example_dataset_alias.py
[2025-03-31T19:34:19.189+0000] {processor.py:914} INFO - Processing file /usr/local/python/3.12.1/lib/python3.12/site-packages/airflow/example_dags/example_dataset_alias.py for tasks to queue
[2025-03-31T19:34:19.190+0000] {logging_mixin.py:190} INFO - [2025-03-31T19:34:19.190+0000] {dagbag.py:588} INFO - Filling up the DagBag from /usr/local/python/3.12.1/lib/python3.12/site-packages/airflow/example_dags/example_dataset_alias.py
[2025-03-31T19:34:19.207+0000] {processor.py:925} INFO - DAG(s) 'dataset_alias_example_alias_producer', 'dataset_alias_example_alias_consumer', 'dataset_s3_bucket_consumer', 'dataset_s3_bucket_producer' retrieved from /usr/local/python/3.12.1/lib/python3.12/site-packages/airflow/example_dags/example_dataset_alias.py
[2025-03-31T19:34:19.221+0000] {logging_mixin.py:190} INFO - [2025-03-31T19:34:19.220+0000] {dag.py:3239} INFO - Sync 4 DAGs
[2025-03-31T19:34:19.235+0000] {logging_mixin.py:190} INFO - [2025-03-31T19:34:19.235+0000] {dag.py:4180} INFO - Setting next_dagrun for dataset_alias_example_alias_consumer to None, run_after=None
[2025-03-31T19:34:19.237+0000] {logging_mixin.py:190} INFO - [2025-03-31T19:34:19.236+0000] {dag.py:4180} INFO - Setting next_dagrun for dataset_alias_example_alias_producer to None, run_after=None
[2025-03-31T19:34:19.237+0000] {logging_mixin.py:190} INFO - [2025-03-31T19:34:19.237+0000] {dag.py:4180} INFO - Setting next_dagrun for dataset_s3_bucket_consumer to None, run_after=None
[2025-03-31T19:34:19.238+0000] {logging_mixin.py:190} INFO - [2025-03-31T19:34:19.238+0000] {dag.py:4180} INFO - Setting next_dagrun for dataset_s3_bucket_producer to None, run_after=None
[2025-03-31T19:34:19.254+0000] {processor.py:208} INFO - Processing /usr/local/python/3.12.1/lib/python3.12/site-packages/airflow/example_dags/example_dataset_alias.py took 0.069 seconds
[2025-03-31T19:35:16.600+0000] {processor.py:186} INFO - Started process (PID=19670) to work on /usr/local/python/3.12.1/lib/python3.12/site-packages/airflow/example_dags/example_dataset_alias.py
[2025-03-31T19:35:16.600+0000] {processor.py:914} INFO - Processing file /usr/local/python/3.12.1/lib/python3.12/site-packages/airflow/example_dags/example_dataset_alias.py for tasks to queue
[2025-03-31T19:35:16.602+0000] {logging_mixin.py:190} INFO - [2025-03-31T19:35:16.601+0000] {dagbag.py:588} INFO - Filling up the DagBag from /usr/local/python/3.12.1/lib/python3.12/site-packages/airflow/example_dags/example_dataset_alias.py
[2025-03-31T19:35:16.619+0000] {processor.py:925} INFO - DAG(s) 'dataset_s3_bucket_consumer', 'dataset_alias_example_alias_producer', 'dataset_s3_bucket_producer', 'dataset_alias_example_alias_consumer' retrieved from /usr/local/python/3.12.1/lib/python3.12/site-packages/airflow/example_dags/example_dataset_alias.py
[2025-03-31T19:35:16.633+0000] {logging_mixin.py:190} INFO - [2025-03-31T19:35:16.633+0000] {dag.py:3239} INFO - Sync 4 DAGs
[2025-03-31T19:35:16.648+0000] {logging_mixin.py:190} INFO - [2025-03-31T19:35:16.647+0000] {dag.py:4180} INFO - Setting next_dagrun for dataset_alias_example_alias_consumer to None, run_after=None
[2025-03-31T19:35:16.649+0000] {logging_mixin.py:190} INFO - [2025-03-31T19:35:16.649+0000] {dag.py:4180} INFO - Setting next_dagrun for dataset_alias_example_alias_producer to None, run_after=None
[2025-03-31T19:35:16.650+0000] {logging_mixin.py:190} INFO - [2025-03-31T19:35:16.650+0000] {dag.py:4180} INFO - Setting next_dagrun for dataset_s3_bucket_consumer to None, run_after=None
[2025-03-31T19:35:16.651+0000] {logging_mixin.py:190} INFO - [2025-03-31T19:35:16.650+0000] {dag.py:4180} INFO - Setting next_dagrun for dataset_s3_bucket_producer to None, run_after=None
[2025-03-31T19:35:16.666+0000] {processor.py:208} INFO - Processing /usr/local/python/3.12.1/lib/python3.12/site-packages/airflow/example_dags/example_dataset_alias.py took 0.070 seconds
[2025-03-31T19:36:14.510+0000] {processor.py:186} INFO - Started process (PID=20154) to work on /usr/local/python/3.12.1/lib/python3.12/site-packages/airflow/example_dags/example_dataset_alias.py
[2025-03-31T19:36:14.511+0000] {processor.py:914} INFO - Processing file /usr/local/python/3.12.1/lib/python3.12/site-packages/airflow/example_dags/example_dataset_alias.py for tasks to queue
[2025-03-31T19:36:14.512+0000] {logging_mixin.py:190} INFO - [2025-03-31T19:36:14.512+0000] {dagbag.py:588} INFO - Filling up the DagBag from /usr/local/python/3.12.1/lib/python3.12/site-packages/airflow/example_dags/example_dataset_alias.py
[2025-03-31T19:36:14.531+0000] {processor.py:925} INFO - DAG(s) 'dataset_s3_bucket_consumer', 'dataset_alias_example_alias_consumer', 'dataset_alias_example_alias_producer', 'dataset_s3_bucket_producer' retrieved from /usr/local/python/3.12.1/lib/python3.12/site-packages/airflow/example_dags/example_dataset_alias.py
[2025-03-31T19:36:14.553+0000] {logging_mixin.py:190} INFO - [2025-03-31T19:36:14.552+0000] {dag.py:3239} INFO - Sync 4 DAGs
[2025-03-31T19:36:14.571+0000] {logging_mixin.py:190} INFO - [2025-03-31T19:36:14.571+0000] {dag.py:4180} INFO - Setting next_dagrun for dataset_alias_example_alias_consumer to None, run_after=None
[2025-03-31T19:36:14.572+0000] {logging_mixin.py:190} INFO - [2025-03-31T19:36:14.572+0000] {dag.py:4180} INFO - Setting next_dagrun for dataset_alias_example_alias_producer to None, run_after=None
[2025-03-31T19:36:14.573+0000] {logging_mixin.py:190} INFO - [2025-03-31T19:36:14.573+0000] {dag.py:4180} INFO - Setting next_dagrun for dataset_s3_bucket_consumer to None, run_after=None
[2025-03-31T19:36:14.574+0000] {logging_mixin.py:190} INFO - [2025-03-31T19:36:14.574+0000] {dag.py:4180} INFO - Setting next_dagrun for dataset_s3_bucket_producer to None, run_after=None
[2025-03-31T19:36:14.590+0000] {processor.py:208} INFO - Processing /usr/local/python/3.12.1/lib/python3.12/site-packages/airflow/example_dags/example_dataset_alias.py took 0.084 seconds
[2025-03-31T19:37:08.796+0000] {processor.py:186} INFO - Started process (PID=20596) to work on /usr/local/python/3.12.1/lib/python3.12/site-packages/airflow/example_dags/example_dataset_alias.py
[2025-03-31T19:37:08.797+0000] {processor.py:914} INFO - Processing file /usr/local/python/3.12.1/lib/python3.12/site-packages/airflow/example_dags/example_dataset_alias.py for tasks to queue
[2025-03-31T19:37:08.798+0000] {logging_mixin.py:190} INFO - [2025-03-31T19:37:08.798+0000] {dagbag.py:588} INFO - Filling up the DagBag from /usr/local/python/3.12.1/lib/python3.12/site-packages/airflow/example_dags/example_dataset_alias.py
[2025-03-31T19:37:08.815+0000] {processor.py:925} INFO - DAG(s) 'dataset_s3_bucket_consumer', 'dataset_alias_example_alias_consumer', 'dataset_s3_bucket_producer', 'dataset_alias_example_alias_producer' retrieved from /usr/local/python/3.12.1/lib/python3.12/site-packages/airflow/example_dags/example_dataset_alias.py
[2025-03-31T19:37:08.829+0000] {logging_mixin.py:190} INFO - [2025-03-31T19:37:08.829+0000] {dag.py:3239} INFO - Sync 4 DAGs
[2025-03-31T19:37:08.845+0000] {logging_mixin.py:190} INFO - [2025-03-31T19:37:08.845+0000] {dag.py:4180} INFO - Setting next_dagrun for dataset_alias_example_alias_consumer to None, run_after=None
[2025-03-31T19:37:08.847+0000] {logging_mixin.py:190} INFO - [2025-03-31T19:37:08.846+0000] {dag.py:4180} INFO - Setting next_dagrun for dataset_alias_example_alias_producer to None, run_after=None
[2025-03-31T19:37:08.848+0000] {logging_mixin.py:190} INFO - [2025-03-31T19:37:08.847+0000] {dag.py:4180} INFO - Setting next_dagrun for dataset_s3_bucket_consumer to None, run_after=None
[2025-03-31T19:37:08.849+0000] {logging_mixin.py:190} INFO - [2025-03-31T19:37:08.848+0000] {dag.py:4180} INFO - Setting next_dagrun for dataset_s3_bucket_producer to None, run_after=None
[2025-03-31T19:37:08.865+0000] {processor.py:208} INFO - Processing /usr/local/python/3.12.1/lib/python3.12/site-packages/airflow/example_dags/example_dataset_alias.py took 0.073 seconds
[2025-03-31T19:38:06.415+0000] {processor.py:186} INFO - Started process (PID=21042) to work on /usr/local/python/3.12.1/lib/python3.12/site-packages/airflow/example_dags/example_dataset_alias.py
[2025-03-31T19:38:06.416+0000] {processor.py:914} INFO - Processing file /usr/local/python/3.12.1/lib/python3.12/site-packages/airflow/example_dags/example_dataset_alias.py for tasks to queue
[2025-03-31T19:38:06.417+0000] {logging_mixin.py:190} INFO - [2025-03-31T19:38:06.417+0000] {dagbag.py:588} INFO - Filling up the DagBag from /usr/local/python/3.12.1/lib/python3.12/site-packages/airflow/example_dags/example_dataset_alias.py
[2025-03-31T19:38:06.434+0000] {processor.py:925} INFO - DAG(s) 'dataset_alias_example_alias_producer', 'dataset_s3_bucket_producer', 'dataset_s3_bucket_consumer', 'dataset_alias_example_alias_consumer' retrieved from /usr/local/python/3.12.1/lib/python3.12/site-packages/airflow/example_dags/example_dataset_alias.py
[2025-03-31T19:38:06.448+0000] {logging_mixin.py:190} INFO - [2025-03-31T19:38:06.448+0000] {dag.py:3239} INFO - Sync 4 DAGs
[2025-03-31T19:38:06.463+0000] {logging_mixin.py:190} INFO - [2025-03-31T19:38:06.463+0000] {dag.py:4180} INFO - Setting next_dagrun for dataset_alias_example_alias_consumer to None, run_after=None
[2025-03-31T19:38:06.465+0000] {logging_mixin.py:190} INFO - [2025-03-31T19:38:06.464+0000] {dag.py:4180} INFO - Setting next_dagrun for dataset_alias_example_alias_producer to None, run_after=None
[2025-03-31T19:38:06.465+0000] {logging_mixin.py:190} INFO - [2025-03-31T19:38:06.465+0000] {dag.py:4180} INFO - Setting next_dagrun for dataset_s3_bucket_consumer to None, run_after=None
[2025-03-31T19:38:06.466+0000] {logging_mixin.py:190} INFO - [2025-03-31T19:38:06.466+0000] {dag.py:4180} INFO - Setting next_dagrun for dataset_s3_bucket_producer to None, run_after=None
[2025-03-31T19:38:06.482+0000] {processor.py:208} INFO - Processing /usr/local/python/3.12.1/lib/python3.12/site-packages/airflow/example_dags/example_dataset_alias.py took 0.071 seconds
