[2025-03-31T19:06:38.138+0000] {processor.py:186} INFO - Started process (PID=5294) to work on /usr/local/python/3.12.1/lib/python3.12/site-packages/airflow/example_dags/example_python_operator.py
[2025-03-31T19:06:38.138+0000] {processor.py:914} INFO - Processing file /usr/local/python/3.12.1/lib/python3.12/site-packages/airflow/example_dags/example_python_operator.py for tasks to queue
[2025-03-31T19:06:38.140+0000] {logging_mixin.py:190} INFO - [2025-03-31T19:06:38.139+0000] {dagbag.py:588} INFO - Filling up the DagBag from /usr/local/python/3.12.1/lib/python3.12/site-packages/airflow/example_dags/example_python_operator.py
[2025-03-31T19:06:38.149+0000] {processor.py:925} INFO - DAG(s) 'example_python_operator' retrieved from /usr/local/python/3.12.1/lib/python3.12/site-packages/airflow/example_dags/example_python_operator.py
[2025-03-31T19:06:38.238+0000] {logging_mixin.py:190} INFO - [2025-03-31T19:06:38.238+0000] {dag.py:3239} INFO - Sync 1 DAGs
[2025-03-31T19:06:38.247+0000] {logging_mixin.py:190} INFO - [2025-03-31T19:06:38.247+0000] {dag.py:4180} INFO - Setting next_dagrun for example_python_operator to None, run_after=None
[2025-03-31T19:06:38.264+0000] {processor.py:208} INFO - Processing /usr/local/python/3.12.1/lib/python3.12/site-packages/airflow/example_dags/example_python_operator.py took 0.130 seconds
[2025-03-31T19:07:36.960+0000] {processor.py:186} INFO - Started process (PID=5804) to work on /usr/local/python/3.12.1/lib/python3.12/site-packages/airflow/example_dags/example_python_operator.py
[2025-03-31T19:07:36.961+0000] {processor.py:914} INFO - Processing file /usr/local/python/3.12.1/lib/python3.12/site-packages/airflow/example_dags/example_python_operator.py for tasks to queue
[2025-03-31T19:07:36.962+0000] {logging_mixin.py:190} INFO - [2025-03-31T19:07:36.962+0000] {dagbag.py:588} INFO - Filling up the DagBag from /usr/local/python/3.12.1/lib/python3.12/site-packages/airflow/example_dags/example_python_operator.py
[2025-03-31T19:07:36.972+0000] {processor.py:925} INFO - DAG(s) 'example_python_operator' retrieved from /usr/local/python/3.12.1/lib/python3.12/site-packages/airflow/example_dags/example_python_operator.py
[2025-03-31T19:07:36.984+0000] {logging_mixin.py:190} INFO - [2025-03-31T19:07:36.984+0000] {dag.py:3239} INFO - Sync 1 DAGs
[2025-03-31T19:07:36.994+0000] {logging_mixin.py:190} INFO - [2025-03-31T19:07:36.994+0000] {dag.py:4180} INFO - Setting next_dagrun for example_python_operator to None, run_after=None
[2025-03-31T19:07:37.008+0000] {processor.py:208} INFO - Processing /usr/local/python/3.12.1/lib/python3.12/site-packages/airflow/example_dags/example_python_operator.py took 0.052 seconds
[2025-03-31T19:08:32.070+0000] {processor.py:186} INFO - Started process (PID=6275) to work on /usr/local/python/3.12.1/lib/python3.12/site-packages/airflow/example_dags/example_python_operator.py
[2025-03-31T19:08:32.070+0000] {processor.py:914} INFO - Processing file /usr/local/python/3.12.1/lib/python3.12/site-packages/airflow/example_dags/example_python_operator.py for tasks to queue
[2025-03-31T19:08:32.072+0000] {logging_mixin.py:190} INFO - [2025-03-31T19:08:32.072+0000] {dagbag.py:588} INFO - Filling up the DagBag from /usr/local/python/3.12.1/lib/python3.12/site-packages/airflow/example_dags/example_python_operator.py
[2025-03-31T19:08:32.081+0000] {processor.py:925} INFO - DAG(s) 'example_python_operator' retrieved from /usr/local/python/3.12.1/lib/python3.12/site-packages/airflow/example_dags/example_python_operator.py
[2025-03-31T19:08:32.094+0000] {logging_mixin.py:190} INFO - [2025-03-31T19:08:32.093+0000] {dag.py:3239} INFO - Sync 1 DAGs
[2025-03-31T19:08:32.103+0000] {logging_mixin.py:190} INFO - [2025-03-31T19:08:32.103+0000] {dag.py:4180} INFO - Setting next_dagrun for example_python_operator to None, run_after=None
[2025-03-31T19:08:32.117+0000] {processor.py:208} INFO - Processing /usr/local/python/3.12.1/lib/python3.12/site-packages/airflow/example_dags/example_python_operator.py took 0.051 seconds
[2025-03-31T19:09:26.576+0000] {processor.py:186} INFO - Started process (PID=6723) to work on /usr/local/python/3.12.1/lib/python3.12/site-packages/airflow/example_dags/example_python_operator.py
[2025-03-31T19:09:26.576+0000] {processor.py:914} INFO - Processing file /usr/local/python/3.12.1/lib/python3.12/site-packages/airflow/example_dags/example_python_operator.py for tasks to queue
[2025-03-31T19:09:26.578+0000] {logging_mixin.py:190} INFO - [2025-03-31T19:09:26.577+0000] {dagbag.py:588} INFO - Filling up the DagBag from /usr/local/python/3.12.1/lib/python3.12/site-packages/airflow/example_dags/example_python_operator.py
[2025-03-31T19:09:26.587+0000] {processor.py:925} INFO - DAG(s) 'example_python_operator' retrieved from /usr/local/python/3.12.1/lib/python3.12/site-packages/airflow/example_dags/example_python_operator.py
[2025-03-31T19:09:26.599+0000] {logging_mixin.py:190} INFO - [2025-03-31T19:09:26.599+0000] {dag.py:3239} INFO - Sync 1 DAGs
[2025-03-31T19:09:26.609+0000] {logging_mixin.py:190} INFO - [2025-03-31T19:09:26.609+0000] {dag.py:4180} INFO - Setting next_dagrun for example_python_operator to None, run_after=None
[2025-03-31T19:09:26.623+0000] {processor.py:208} INFO - Processing /usr/local/python/3.12.1/lib/python3.12/site-packages/airflow/example_dags/example_python_operator.py took 0.052 seconds
[2025-03-31T19:10:18.972+0000] {processor.py:186} INFO - Started process (PID=7132) to work on /usr/local/python/3.12.1/lib/python3.12/site-packages/airflow/example_dags/example_python_operator.py
[2025-03-31T19:10:18.972+0000] {processor.py:914} INFO - Processing file /usr/local/python/3.12.1/lib/python3.12/site-packages/airflow/example_dags/example_python_operator.py for tasks to queue
[2025-03-31T19:10:18.974+0000] {logging_mixin.py:190} INFO - [2025-03-31T19:10:18.973+0000] {dagbag.py:588} INFO - Filling up the DagBag from /usr/local/python/3.12.1/lib/python3.12/site-packages/airflow/example_dags/example_python_operator.py
[2025-03-31T19:10:18.983+0000] {processor.py:925} INFO - DAG(s) 'example_python_operator' retrieved from /usr/local/python/3.12.1/lib/python3.12/site-packages/airflow/example_dags/example_python_operator.py
[2025-03-31T19:10:18.996+0000] {logging_mixin.py:190} INFO - [2025-03-31T19:10:18.996+0000] {dag.py:3239} INFO - Sync 1 DAGs
[2025-03-31T19:10:19.006+0000] {logging_mixin.py:190} INFO - [2025-03-31T19:10:19.006+0000] {dag.py:4180} INFO - Setting next_dagrun for example_python_operator to None, run_after=None
[2025-03-31T19:10:19.021+0000] {processor.py:208} INFO - Processing /usr/local/python/3.12.1/lib/python3.12/site-packages/airflow/example_dags/example_python_operator.py took 0.053 seconds
[2025-03-31T19:11:11.912+0000] {processor.py:186} INFO - Started process (PID=7546) to work on /usr/local/python/3.12.1/lib/python3.12/site-packages/airflow/example_dags/example_python_operator.py
[2025-03-31T19:11:11.912+0000] {processor.py:914} INFO - Processing file /usr/local/python/3.12.1/lib/python3.12/site-packages/airflow/example_dags/example_python_operator.py for tasks to queue
[2025-03-31T19:11:11.914+0000] {logging_mixin.py:190} INFO - [2025-03-31T19:11:11.913+0000] {dagbag.py:588} INFO - Filling up the DagBag from /usr/local/python/3.12.1/lib/python3.12/site-packages/airflow/example_dags/example_python_operator.py
[2025-03-31T19:11:11.923+0000] {processor.py:925} INFO - DAG(s) 'example_python_operator' retrieved from /usr/local/python/3.12.1/lib/python3.12/site-packages/airflow/example_dags/example_python_operator.py
[2025-03-31T19:11:11.936+0000] {logging_mixin.py:190} INFO - [2025-03-31T19:11:11.935+0000] {dag.py:3239} INFO - Sync 1 DAGs
[2025-03-31T19:11:11.945+0000] {logging_mixin.py:190} INFO - [2025-03-31T19:11:11.945+0000] {dag.py:4180} INFO - Setting next_dagrun for example_python_operator to None, run_after=None
[2025-03-31T19:11:11.960+0000] {processor.py:208} INFO - Processing /usr/local/python/3.12.1/lib/python3.12/site-packages/airflow/example_dags/example_python_operator.py took 0.052 seconds
[2025-03-31T19:12:03.687+0000] {processor.py:186} INFO - Started process (PID=7952) to work on /usr/local/python/3.12.1/lib/python3.12/site-packages/airflow/example_dags/example_python_operator.py
[2025-03-31T19:12:03.687+0000] {processor.py:914} INFO - Processing file /usr/local/python/3.12.1/lib/python3.12/site-packages/airflow/example_dags/example_python_operator.py for tasks to queue
[2025-03-31T19:12:03.689+0000] {logging_mixin.py:190} INFO - [2025-03-31T19:12:03.688+0000] {dagbag.py:588} INFO - Filling up the DagBag from /usr/local/python/3.12.1/lib/python3.12/site-packages/airflow/example_dags/example_python_operator.py
[2025-03-31T19:12:03.698+0000] {processor.py:925} INFO - DAG(s) 'example_python_operator' retrieved from /usr/local/python/3.12.1/lib/python3.12/site-packages/airflow/example_dags/example_python_operator.py
[2025-03-31T19:12:03.710+0000] {logging_mixin.py:190} INFO - [2025-03-31T19:12:03.710+0000] {dag.py:3239} INFO - Sync 1 DAGs
[2025-03-31T19:12:03.720+0000] {logging_mixin.py:190} INFO - [2025-03-31T19:12:03.720+0000] {dag.py:4180} INFO - Setting next_dagrun for example_python_operator to None, run_after=None
[2025-03-31T19:12:03.734+0000] {processor.py:208} INFO - Processing /usr/local/python/3.12.1/lib/python3.12/site-packages/airflow/example_dags/example_python_operator.py took 0.052 seconds
[2025-03-31T19:12:56.014+0000] {processor.py:186} INFO - Started process (PID=8360) to work on /usr/local/python/3.12.1/lib/python3.12/site-packages/airflow/example_dags/example_python_operator.py
[2025-03-31T19:12:56.015+0000] {processor.py:914} INFO - Processing file /usr/local/python/3.12.1/lib/python3.12/site-packages/airflow/example_dags/example_python_operator.py for tasks to queue
[2025-03-31T19:12:56.016+0000] {logging_mixin.py:190} INFO - [2025-03-31T19:12:56.016+0000] {dagbag.py:588} INFO - Filling up the DagBag from /usr/local/python/3.12.1/lib/python3.12/site-packages/airflow/example_dags/example_python_operator.py
[2025-03-31T19:12:56.026+0000] {processor.py:925} INFO - DAG(s) 'example_python_operator' retrieved from /usr/local/python/3.12.1/lib/python3.12/site-packages/airflow/example_dags/example_python_operator.py
[2025-03-31T19:12:56.039+0000] {logging_mixin.py:190} INFO - [2025-03-31T19:12:56.039+0000] {dag.py:3239} INFO - Sync 1 DAGs
[2025-03-31T19:12:56.048+0000] {logging_mixin.py:190} INFO - [2025-03-31T19:12:56.048+0000] {dag.py:4180} INFO - Setting next_dagrun for example_python_operator to None, run_after=None
[2025-03-31T19:12:56.063+0000] {processor.py:208} INFO - Processing /usr/local/python/3.12.1/lib/python3.12/site-packages/airflow/example_dags/example_python_operator.py took 0.053 seconds
[2025-03-31T19:13:52.445+0000] {processor.py:186} INFO - Started process (PID=8809) to work on /usr/local/python/3.12.1/lib/python3.12/site-packages/airflow/example_dags/example_python_operator.py
[2025-03-31T19:13:52.446+0000] {processor.py:914} INFO - Processing file /usr/local/python/3.12.1/lib/python3.12/site-packages/airflow/example_dags/example_python_operator.py for tasks to queue
[2025-03-31T19:13:52.447+0000] {logging_mixin.py:190} INFO - [2025-03-31T19:13:52.447+0000] {dagbag.py:588} INFO - Filling up the DagBag from /usr/local/python/3.12.1/lib/python3.12/site-packages/airflow/example_dags/example_python_operator.py
[2025-03-31T19:13:52.456+0000] {processor.py:925} INFO - DAG(s) 'example_python_operator' retrieved from /usr/local/python/3.12.1/lib/python3.12/site-packages/airflow/example_dags/example_python_operator.py
[2025-03-31T19:13:52.469+0000] {logging_mixin.py:190} INFO - [2025-03-31T19:13:52.469+0000] {dag.py:3239} INFO - Sync 1 DAGs
[2025-03-31T19:13:52.479+0000] {logging_mixin.py:190} INFO - [2025-03-31T19:13:52.479+0000] {dag.py:4180} INFO - Setting next_dagrun for example_python_operator to None, run_after=None
[2025-03-31T19:13:52.494+0000] {processor.py:208} INFO - Processing /usr/local/python/3.12.1/lib/python3.12/site-packages/airflow/example_dags/example_python_operator.py took 0.053 seconds
[2025-03-31T19:14:43.227+0000] {processor.py:186} INFO - Started process (PID=9214) to work on /usr/local/python/3.12.1/lib/python3.12/site-packages/airflow/example_dags/example_python_operator.py
[2025-03-31T19:14:43.227+0000] {processor.py:914} INFO - Processing file /usr/local/python/3.12.1/lib/python3.12/site-packages/airflow/example_dags/example_python_operator.py for tasks to queue
[2025-03-31T19:14:43.229+0000] {logging_mixin.py:190} INFO - [2025-03-31T19:14:43.228+0000] {dagbag.py:588} INFO - Filling up the DagBag from /usr/local/python/3.12.1/lib/python3.12/site-packages/airflow/example_dags/example_python_operator.py
[2025-03-31T19:14:43.238+0000] {processor.py:925} INFO - DAG(s) 'example_python_operator' retrieved from /usr/local/python/3.12.1/lib/python3.12/site-packages/airflow/example_dags/example_python_operator.py
[2025-03-31T19:14:43.250+0000] {logging_mixin.py:190} INFO - [2025-03-31T19:14:43.250+0000] {dag.py:3239} INFO - Sync 1 DAGs
[2025-03-31T19:14:43.260+0000] {logging_mixin.py:190} INFO - [2025-03-31T19:14:43.260+0000] {dag.py:4180} INFO - Setting next_dagrun for example_python_operator to None, run_after=None
[2025-03-31T19:14:43.275+0000] {processor.py:208} INFO - Processing /usr/local/python/3.12.1/lib/python3.12/site-packages/airflow/example_dags/example_python_operator.py took 0.052 seconds
[2025-03-31T19:15:36.364+0000] {processor.py:186} INFO - Started process (PID=9631) to work on /usr/local/python/3.12.1/lib/python3.12/site-packages/airflow/example_dags/example_python_operator.py
[2025-03-31T19:15:36.365+0000] {processor.py:914} INFO - Processing file /usr/local/python/3.12.1/lib/python3.12/site-packages/airflow/example_dags/example_python_operator.py for tasks to queue
[2025-03-31T19:15:36.366+0000] {logging_mixin.py:190} INFO - [2025-03-31T19:15:36.366+0000] {dagbag.py:588} INFO - Filling up the DagBag from /usr/local/python/3.12.1/lib/python3.12/site-packages/airflow/example_dags/example_python_operator.py
[2025-03-31T19:15:36.376+0000] {processor.py:925} INFO - DAG(s) 'example_python_operator' retrieved from /usr/local/python/3.12.1/lib/python3.12/site-packages/airflow/example_dags/example_python_operator.py
[2025-03-31T19:15:36.388+0000] {logging_mixin.py:190} INFO - [2025-03-31T19:15:36.388+0000] {dag.py:3239} INFO - Sync 1 DAGs
[2025-03-31T19:15:36.398+0000] {logging_mixin.py:190} INFO - [2025-03-31T19:15:36.398+0000] {dag.py:4180} INFO - Setting next_dagrun for example_python_operator to None, run_after=None
[2025-03-31T19:15:36.412+0000] {processor.py:208} INFO - Processing /usr/local/python/3.12.1/lib/python3.12/site-packages/airflow/example_dags/example_python_operator.py took 0.051 seconds
[2025-03-31T19:16:28.847+0000] {processor.py:186} INFO - Started process (PID=10038) to work on /usr/local/python/3.12.1/lib/python3.12/site-packages/airflow/example_dags/example_python_operator.py
[2025-03-31T19:16:28.848+0000] {processor.py:914} INFO - Processing file /usr/local/python/3.12.1/lib/python3.12/site-packages/airflow/example_dags/example_python_operator.py for tasks to queue
[2025-03-31T19:16:28.849+0000] {logging_mixin.py:190} INFO - [2025-03-31T19:16:28.849+0000] {dagbag.py:588} INFO - Filling up the DagBag from /usr/local/python/3.12.1/lib/python3.12/site-packages/airflow/example_dags/example_python_operator.py
[2025-03-31T19:16:28.859+0000] {processor.py:925} INFO - DAG(s) 'example_python_operator' retrieved from /usr/local/python/3.12.1/lib/python3.12/site-packages/airflow/example_dags/example_python_operator.py
[2025-03-31T19:16:28.872+0000] {logging_mixin.py:190} INFO - [2025-03-31T19:16:28.872+0000] {dag.py:3239} INFO - Sync 1 DAGs
[2025-03-31T19:16:28.881+0000] {logging_mixin.py:190} INFO - [2025-03-31T19:16:28.881+0000] {dag.py:4180} INFO - Setting next_dagrun for example_python_operator to None, run_after=None
[2025-03-31T19:16:28.895+0000] {processor.py:208} INFO - Processing /usr/local/python/3.12.1/lib/python3.12/site-packages/airflow/example_dags/example_python_operator.py took 0.052 seconds
[2025-03-31T19:17:24.252+0000] {processor.py:186} INFO - Started process (PID=10489) to work on /usr/local/python/3.12.1/lib/python3.12/site-packages/airflow/example_dags/example_python_operator.py
[2025-03-31T19:17:24.253+0000] {processor.py:914} INFO - Processing file /usr/local/python/3.12.1/lib/python3.12/site-packages/airflow/example_dags/example_python_operator.py for tasks to queue
[2025-03-31T19:17:24.254+0000] {logging_mixin.py:190} INFO - [2025-03-31T19:17:24.254+0000] {dagbag.py:588} INFO - Filling up the DagBag from /usr/local/python/3.12.1/lib/python3.12/site-packages/airflow/example_dags/example_python_operator.py
[2025-03-31T19:17:24.263+0000] {processor.py:925} INFO - DAG(s) 'example_python_operator' retrieved from /usr/local/python/3.12.1/lib/python3.12/site-packages/airflow/example_dags/example_python_operator.py
[2025-03-31T19:17:24.276+0000] {logging_mixin.py:190} INFO - [2025-03-31T19:17:24.276+0000] {dag.py:3239} INFO - Sync 1 DAGs
[2025-03-31T19:17:24.286+0000] {logging_mixin.py:190} INFO - [2025-03-31T19:17:24.286+0000] {dag.py:4180} INFO - Setting next_dagrun for example_python_operator to None, run_after=None
[2025-03-31T19:17:24.301+0000] {processor.py:208} INFO - Processing /usr/local/python/3.12.1/lib/python3.12/site-packages/airflow/example_dags/example_python_operator.py took 0.053 seconds
[2025-03-31T19:18:18.913+0000] {processor.py:186} INFO - Started process (PID=10958) to work on /usr/local/python/3.12.1/lib/python3.12/site-packages/airflow/example_dags/example_python_operator.py
[2025-03-31T19:18:18.914+0000] {processor.py:914} INFO - Processing file /usr/local/python/3.12.1/lib/python3.12/site-packages/airflow/example_dags/example_python_operator.py for tasks to queue
[2025-03-31T19:18:18.915+0000] {logging_mixin.py:190} INFO - [2025-03-31T19:18:18.915+0000] {dagbag.py:588} INFO - Filling up the DagBag from /usr/local/python/3.12.1/lib/python3.12/site-packages/airflow/example_dags/example_python_operator.py
[2025-03-31T19:18:18.924+0000] {processor.py:925} INFO - DAG(s) 'example_python_operator' retrieved from /usr/local/python/3.12.1/lib/python3.12/site-packages/airflow/example_dags/example_python_operator.py
[2025-03-31T19:18:18.937+0000] {logging_mixin.py:190} INFO - [2025-03-31T19:18:18.937+0000] {dag.py:3239} INFO - Sync 1 DAGs
[2025-03-31T19:18:18.946+0000] {logging_mixin.py:190} INFO - [2025-03-31T19:18:18.946+0000] {dag.py:4180} INFO - Setting next_dagrun for example_python_operator to None, run_after=None
[2025-03-31T19:18:18.961+0000] {processor.py:208} INFO - Processing /usr/local/python/3.12.1/lib/python3.12/site-packages/airflow/example_dags/example_python_operator.py took 0.052 seconds
[2025-03-31T19:19:10.863+0000] {processor.py:186} INFO - Started process (PID=11403) to work on /usr/local/python/3.12.1/lib/python3.12/site-packages/airflow/example_dags/example_python_operator.py
[2025-03-31T19:19:10.864+0000] {processor.py:914} INFO - Processing file /usr/local/python/3.12.1/lib/python3.12/site-packages/airflow/example_dags/example_python_operator.py for tasks to queue
[2025-03-31T19:19:10.865+0000] {logging_mixin.py:190} INFO - [2025-03-31T19:19:10.865+0000] {dagbag.py:588} INFO - Filling up the DagBag from /usr/local/python/3.12.1/lib/python3.12/site-packages/airflow/example_dags/example_python_operator.py
[2025-03-31T19:19:10.875+0000] {processor.py:925} INFO - DAG(s) 'example_python_operator' retrieved from /usr/local/python/3.12.1/lib/python3.12/site-packages/airflow/example_dags/example_python_operator.py
[2025-03-31T19:19:10.889+0000] {logging_mixin.py:190} INFO - [2025-03-31T19:19:10.889+0000] {dag.py:3239} INFO - Sync 1 DAGs
[2025-03-31T19:19:10.901+0000] {logging_mixin.py:190} INFO - [2025-03-31T19:19:10.901+0000] {dag.py:4180} INFO - Setting next_dagrun for example_python_operator to None, run_after=None
[2025-03-31T19:19:10.920+0000] {processor.py:208} INFO - Processing /usr/local/python/3.12.1/lib/python3.12/site-packages/airflow/example_dags/example_python_operator.py took 0.061 seconds
[2025-03-31T19:20:01.371+0000] {processor.py:186} INFO - Started process (PID=11895) to work on /usr/local/python/3.12.1/lib/python3.12/site-packages/airflow/example_dags/example_python_operator.py
[2025-03-31T19:20:01.371+0000] {processor.py:914} INFO - Processing file /usr/local/python/3.12.1/lib/python3.12/site-packages/airflow/example_dags/example_python_operator.py for tasks to queue
[2025-03-31T19:20:01.373+0000] {logging_mixin.py:190} INFO - [2025-03-31T19:20:01.373+0000] {dagbag.py:588} INFO - Filling up the DagBag from /usr/local/python/3.12.1/lib/python3.12/site-packages/airflow/example_dags/example_python_operator.py
[2025-03-31T19:20:01.382+0000] {processor.py:925} INFO - DAG(s) 'example_python_operator' retrieved from /usr/local/python/3.12.1/lib/python3.12/site-packages/airflow/example_dags/example_python_operator.py
[2025-03-31T19:20:01.395+0000] {logging_mixin.py:190} INFO - [2025-03-31T19:20:01.395+0000] {dag.py:3239} INFO - Sync 1 DAGs
[2025-03-31T19:20:01.404+0000] {logging_mixin.py:190} INFO - [2025-03-31T19:20:01.404+0000] {dag.py:4180} INFO - Setting next_dagrun for example_python_operator to None, run_after=None
[2025-03-31T19:20:01.419+0000] {processor.py:208} INFO - Processing /usr/local/python/3.12.1/lib/python3.12/site-packages/airflow/example_dags/example_python_operator.py took 0.052 seconds
[2025-03-31T19:20:54.746+0000] {processor.py:186} INFO - Started process (PID=12423) to work on /usr/local/python/3.12.1/lib/python3.12/site-packages/airflow/example_dags/example_python_operator.py
[2025-03-31T19:20:54.747+0000] {processor.py:914} INFO - Processing file /usr/local/python/3.12.1/lib/python3.12/site-packages/airflow/example_dags/example_python_operator.py for tasks to queue
[2025-03-31T19:20:54.748+0000] {logging_mixin.py:190} INFO - [2025-03-31T19:20:54.748+0000] {dagbag.py:588} INFO - Filling up the DagBag from /usr/local/python/3.12.1/lib/python3.12/site-packages/airflow/example_dags/example_python_operator.py
[2025-03-31T19:20:54.758+0000] {processor.py:925} INFO - DAG(s) 'example_python_operator' retrieved from /usr/local/python/3.12.1/lib/python3.12/site-packages/airflow/example_dags/example_python_operator.py
[2025-03-31T19:20:54.771+0000] {logging_mixin.py:190} INFO - [2025-03-31T19:20:54.771+0000] {dag.py:3239} INFO - Sync 1 DAGs
[2025-03-31T19:20:54.783+0000] {logging_mixin.py:190} INFO - [2025-03-31T19:20:54.783+0000] {dag.py:4180} INFO - Setting next_dagrun for example_python_operator to None, run_after=None
[2025-03-31T19:20:54.801+0000] {processor.py:208} INFO - Processing /usr/local/python/3.12.1/lib/python3.12/site-packages/airflow/example_dags/example_python_operator.py took 0.059 seconds
[2025-03-31T19:21:45.007+0000] {processor.py:186} INFO - Started process (PID=12911) to work on /usr/local/python/3.12.1/lib/python3.12/site-packages/airflow/example_dags/example_python_operator.py
[2025-03-31T19:21:45.008+0000] {processor.py:914} INFO - Processing file /usr/local/python/3.12.1/lib/python3.12/site-packages/airflow/example_dags/example_python_operator.py for tasks to queue
[2025-03-31T19:21:45.009+0000] {logging_mixin.py:190} INFO - [2025-03-31T19:21:45.009+0000] {dagbag.py:588} INFO - Filling up the DagBag from /usr/local/python/3.12.1/lib/python3.12/site-packages/airflow/example_dags/example_python_operator.py
[2025-03-31T19:21:45.018+0000] {processor.py:925} INFO - DAG(s) 'example_python_operator' retrieved from /usr/local/python/3.12.1/lib/python3.12/site-packages/airflow/example_dags/example_python_operator.py
[2025-03-31T19:21:45.031+0000] {logging_mixin.py:190} INFO - [2025-03-31T19:21:45.031+0000] {dag.py:3239} INFO - Sync 1 DAGs
[2025-03-31T19:21:45.040+0000] {logging_mixin.py:190} INFO - [2025-03-31T19:21:45.040+0000] {dag.py:4180} INFO - Setting next_dagrun for example_python_operator to None, run_after=None
[2025-03-31T19:21:45.055+0000] {processor.py:208} INFO - Processing /usr/local/python/3.12.1/lib/python3.12/site-packages/airflow/example_dags/example_python_operator.py took 0.052 seconds
[2025-03-31T19:22:38.603+0000] {processor.py:186} INFO - Started process (PID=13371) to work on /usr/local/python/3.12.1/lib/python3.12/site-packages/airflow/example_dags/example_python_operator.py
[2025-03-31T19:22:38.603+0000] {processor.py:914} INFO - Processing file /usr/local/python/3.12.1/lib/python3.12/site-packages/airflow/example_dags/example_python_operator.py for tasks to queue
[2025-03-31T19:22:38.605+0000] {logging_mixin.py:190} INFO - [2025-03-31T19:22:38.604+0000] {dagbag.py:588} INFO - Filling up the DagBag from /usr/local/python/3.12.1/lib/python3.12/site-packages/airflow/example_dags/example_python_operator.py
[2025-03-31T19:22:38.614+0000] {processor.py:925} INFO - DAG(s) 'example_python_operator' retrieved from /usr/local/python/3.12.1/lib/python3.12/site-packages/airflow/example_dags/example_python_operator.py
[2025-03-31T19:22:38.627+0000] {logging_mixin.py:190} INFO - [2025-03-31T19:22:38.626+0000] {dag.py:3239} INFO - Sync 1 DAGs
[2025-03-31T19:22:38.636+0000] {logging_mixin.py:190} INFO - [2025-03-31T19:22:38.636+0000] {dag.py:4180} INFO - Setting next_dagrun for example_python_operator to None, run_after=None
[2025-03-31T19:22:38.651+0000] {processor.py:208} INFO - Processing /usr/local/python/3.12.1/lib/python3.12/site-packages/airflow/example_dags/example_python_operator.py took 0.052 seconds
[2025-03-31T19:23:30.710+0000] {processor.py:186} INFO - Started process (PID=13789) to work on /usr/local/python/3.12.1/lib/python3.12/site-packages/airflow/example_dags/example_python_operator.py
[2025-03-31T19:23:30.711+0000] {processor.py:914} INFO - Processing file /usr/local/python/3.12.1/lib/python3.12/site-packages/airflow/example_dags/example_python_operator.py for tasks to queue
[2025-03-31T19:23:30.713+0000] {logging_mixin.py:190} INFO - [2025-03-31T19:23:30.712+0000] {dagbag.py:588} INFO - Filling up the DagBag from /usr/local/python/3.12.1/lib/python3.12/site-packages/airflow/example_dags/example_python_operator.py
[2025-03-31T19:23:30.723+0000] {processor.py:925} INFO - DAG(s) 'example_python_operator' retrieved from /usr/local/python/3.12.1/lib/python3.12/site-packages/airflow/example_dags/example_python_operator.py
[2025-03-31T19:23:30.738+0000] {logging_mixin.py:190} INFO - [2025-03-31T19:23:30.738+0000] {dag.py:3239} INFO - Sync 1 DAGs
[2025-03-31T19:23:30.747+0000] {logging_mixin.py:190} INFO - [2025-03-31T19:23:30.747+0000] {dag.py:4180} INFO - Setting next_dagrun for example_python_operator to None, run_after=None
[2025-03-31T19:23:30.762+0000] {processor.py:208} INFO - Processing /usr/local/python/3.12.1/lib/python3.12/site-packages/airflow/example_dags/example_python_operator.py took 0.056 seconds
[2025-03-31T19:24:21.379+0000] {processor.py:186} INFO - Started process (PID=14193) to work on /usr/local/python/3.12.1/lib/python3.12/site-packages/airflow/example_dags/example_python_operator.py
[2025-03-31T19:24:21.380+0000] {processor.py:914} INFO - Processing file /usr/local/python/3.12.1/lib/python3.12/site-packages/airflow/example_dags/example_python_operator.py for tasks to queue
[2025-03-31T19:24:21.381+0000] {logging_mixin.py:190} INFO - [2025-03-31T19:24:21.381+0000] {dagbag.py:588} INFO - Filling up the DagBag from /usr/local/python/3.12.1/lib/python3.12/site-packages/airflow/example_dags/example_python_operator.py
[2025-03-31T19:24:21.390+0000] {processor.py:925} INFO - DAG(s) 'example_python_operator' retrieved from /usr/local/python/3.12.1/lib/python3.12/site-packages/airflow/example_dags/example_python_operator.py
[2025-03-31T19:24:21.403+0000] {logging_mixin.py:190} INFO - [2025-03-31T19:24:21.403+0000] {dag.py:3239} INFO - Sync 1 DAGs
[2025-03-31T19:24:21.413+0000] {logging_mixin.py:190} INFO - [2025-03-31T19:24:21.412+0000] {dag.py:4180} INFO - Setting next_dagrun for example_python_operator to None, run_after=None
[2025-03-31T19:24:21.427+0000] {processor.py:208} INFO - Processing /usr/local/python/3.12.1/lib/python3.12/site-packages/airflow/example_dags/example_python_operator.py took 0.052 seconds
[2025-03-31T19:25:15.455+0000] {processor.py:186} INFO - Started process (PID=14617) to work on /usr/local/python/3.12.1/lib/python3.12/site-packages/airflow/example_dags/example_python_operator.py
[2025-03-31T19:25:15.456+0000] {processor.py:914} INFO - Processing file /usr/local/python/3.12.1/lib/python3.12/site-packages/airflow/example_dags/example_python_operator.py for tasks to queue
[2025-03-31T19:25:15.457+0000] {logging_mixin.py:190} INFO - [2025-03-31T19:25:15.457+0000] {dagbag.py:588} INFO - Filling up the DagBag from /usr/local/python/3.12.1/lib/python3.12/site-packages/airflow/example_dags/example_python_operator.py
[2025-03-31T19:25:15.467+0000] {processor.py:925} INFO - DAG(s) 'example_python_operator' retrieved from /usr/local/python/3.12.1/lib/python3.12/site-packages/airflow/example_dags/example_python_operator.py
[2025-03-31T19:25:15.480+0000] {logging_mixin.py:190} INFO - [2025-03-31T19:25:15.479+0000] {dag.py:3239} INFO - Sync 1 DAGs
[2025-03-31T19:25:15.489+0000] {logging_mixin.py:190} INFO - [2025-03-31T19:25:15.489+0000] {dag.py:4180} INFO - Setting next_dagrun for example_python_operator to None, run_after=None
[2025-03-31T19:25:15.504+0000] {processor.py:208} INFO - Processing /usr/local/python/3.12.1/lib/python3.12/site-packages/airflow/example_dags/example_python_operator.py took 0.053 seconds
[2025-03-31T19:26:07.017+0000] {processor.py:186} INFO - Started process (PID=15066) to work on /usr/local/python/3.12.1/lib/python3.12/site-packages/airflow/example_dags/example_python_operator.py
[2025-03-31T19:26:07.018+0000] {processor.py:914} INFO - Processing file /usr/local/python/3.12.1/lib/python3.12/site-packages/airflow/example_dags/example_python_operator.py for tasks to queue
[2025-03-31T19:26:07.019+0000] {logging_mixin.py:190} INFO - [2025-03-31T19:26:07.019+0000] {dagbag.py:588} INFO - Filling up the DagBag from /usr/local/python/3.12.1/lib/python3.12/site-packages/airflow/example_dags/example_python_operator.py
[2025-03-31T19:26:07.029+0000] {processor.py:925} INFO - DAG(s) 'example_python_operator' retrieved from /usr/local/python/3.12.1/lib/python3.12/site-packages/airflow/example_dags/example_python_operator.py
[2025-03-31T19:26:07.042+0000] {logging_mixin.py:190} INFO - [2025-03-31T19:26:07.042+0000] {dag.py:3239} INFO - Sync 1 DAGs
[2025-03-31T19:26:07.051+0000] {logging_mixin.py:190} INFO - [2025-03-31T19:26:07.051+0000] {dag.py:4180} INFO - Setting next_dagrun for example_python_operator to None, run_after=None
[2025-03-31T19:26:07.066+0000] {processor.py:208} INFO - Processing /usr/local/python/3.12.1/lib/python3.12/site-packages/airflow/example_dags/example_python_operator.py took 0.053 seconds
[2025-03-31T19:26:59.509+0000] {processor.py:186} INFO - Started process (PID=15513) to work on /usr/local/python/3.12.1/lib/python3.12/site-packages/airflow/example_dags/example_python_operator.py
[2025-03-31T19:26:59.509+0000] {processor.py:914} INFO - Processing file /usr/local/python/3.12.1/lib/python3.12/site-packages/airflow/example_dags/example_python_operator.py for tasks to queue
[2025-03-31T19:26:59.511+0000] {logging_mixin.py:190} INFO - [2025-03-31T19:26:59.511+0000] {dagbag.py:588} INFO - Filling up the DagBag from /usr/local/python/3.12.1/lib/python3.12/site-packages/airflow/example_dags/example_python_operator.py
[2025-03-31T19:26:59.520+0000] {processor.py:925} INFO - DAG(s) 'example_python_operator' retrieved from /usr/local/python/3.12.1/lib/python3.12/site-packages/airflow/example_dags/example_python_operator.py
[2025-03-31T19:26:59.533+0000] {logging_mixin.py:190} INFO - [2025-03-31T19:26:59.533+0000] {dag.py:3239} INFO - Sync 1 DAGs
[2025-03-31T19:26:59.542+0000] {logging_mixin.py:190} INFO - [2025-03-31T19:26:59.542+0000] {dag.py:4180} INFO - Setting next_dagrun for example_python_operator to None, run_after=None
[2025-03-31T19:26:59.556+0000] {processor.py:208} INFO - Processing /usr/local/python/3.12.1/lib/python3.12/site-packages/airflow/example_dags/example_python_operator.py took 0.051 seconds
[2025-03-31T19:27:50.773+0000] {processor.py:186} INFO - Started process (PID=15949) to work on /usr/local/python/3.12.1/lib/python3.12/site-packages/airflow/example_dags/example_python_operator.py
[2025-03-31T19:27:50.774+0000] {processor.py:914} INFO - Processing file /usr/local/python/3.12.1/lib/python3.12/site-packages/airflow/example_dags/example_python_operator.py for tasks to queue
[2025-03-31T19:27:50.776+0000] {logging_mixin.py:190} INFO - [2025-03-31T19:27:50.775+0000] {dagbag.py:588} INFO - Filling up the DagBag from /usr/local/python/3.12.1/lib/python3.12/site-packages/airflow/example_dags/example_python_operator.py
[2025-03-31T19:27:50.786+0000] {processor.py:925} INFO - DAG(s) 'example_python_operator' retrieved from /usr/local/python/3.12.1/lib/python3.12/site-packages/airflow/example_dags/example_python_operator.py
[2025-03-31T19:27:50.803+0000] {logging_mixin.py:190} INFO - [2025-03-31T19:27:50.803+0000] {dag.py:3239} INFO - Sync 1 DAGs
[2025-03-31T19:27:50.813+0000] {logging_mixin.py:190} INFO - [2025-03-31T19:27:50.813+0000] {dag.py:4180} INFO - Setting next_dagrun for example_python_operator to None, run_after=None
[2025-03-31T19:27:50.827+0000] {processor.py:208} INFO - Processing /usr/local/python/3.12.1/lib/python3.12/site-packages/airflow/example_dags/example_python_operator.py took 0.058 seconds
[2025-03-31T19:29:12.986+0000] {processor.py:186} INFO - Started process (PID=16767) to work on /usr/local/python/3.12.1/lib/python3.12/site-packages/airflow/example_dags/example_python_operator.py
[2025-03-31T19:29:12.987+0000] {processor.py:914} INFO - Processing file /usr/local/python/3.12.1/lib/python3.12/site-packages/airflow/example_dags/example_python_operator.py for tasks to queue
[2025-03-31T19:29:12.988+0000] {logging_mixin.py:190} INFO - [2025-03-31T19:29:12.988+0000] {dagbag.py:588} INFO - Filling up the DagBag from /usr/local/python/3.12.1/lib/python3.12/site-packages/airflow/example_dags/example_python_operator.py
[2025-03-31T19:29:12.998+0000] {processor.py:925} INFO - DAG(s) 'example_python_operator' retrieved from /usr/local/python/3.12.1/lib/python3.12/site-packages/airflow/example_dags/example_python_operator.py
[2025-03-31T19:29:13.080+0000] {logging_mixin.py:190} INFO - [2025-03-31T19:29:13.079+0000] {dag.py:3239} INFO - Sync 1 DAGs
[2025-03-31T19:29:13.089+0000] {logging_mixin.py:190} INFO - [2025-03-31T19:29:13.089+0000] {dag.py:4180} INFO - Setting next_dagrun for example_python_operator to None, run_after=None
[2025-03-31T19:29:13.104+0000] {processor.py:208} INFO - Processing /usr/local/python/3.12.1/lib/python3.12/site-packages/airflow/example_dags/example_python_operator.py took 0.121 seconds
[2025-03-31T19:30:12.991+0000] {processor.py:186} INFO - Started process (PID=17239) to work on /usr/local/python/3.12.1/lib/python3.12/site-packages/airflow/example_dags/example_python_operator.py
[2025-03-31T19:30:12.991+0000] {processor.py:914} INFO - Processing file /usr/local/python/3.12.1/lib/python3.12/site-packages/airflow/example_dags/example_python_operator.py for tasks to queue
[2025-03-31T19:30:12.993+0000] {logging_mixin.py:190} INFO - [2025-03-31T19:30:12.993+0000] {dagbag.py:588} INFO - Filling up the DagBag from /usr/local/python/3.12.1/lib/python3.12/site-packages/airflow/example_dags/example_python_operator.py
[2025-03-31T19:30:13.002+0000] {processor.py:925} INFO - DAG(s) 'example_python_operator' retrieved from /usr/local/python/3.12.1/lib/python3.12/site-packages/airflow/example_dags/example_python_operator.py
[2025-03-31T19:30:13.015+0000] {logging_mixin.py:190} INFO - [2025-03-31T19:30:13.015+0000] {dag.py:3239} INFO - Sync 1 DAGs
[2025-03-31T19:30:13.025+0000] {logging_mixin.py:190} INFO - [2025-03-31T19:30:13.025+0000] {dag.py:4180} INFO - Setting next_dagrun for example_python_operator to None, run_after=None
[2025-03-31T19:30:13.039+0000] {processor.py:208} INFO - Processing /usr/local/python/3.12.1/lib/python3.12/site-packages/airflow/example_dags/example_python_operator.py took 0.053 seconds
[2025-03-31T19:31:09.581+0000] {processor.py:186} INFO - Started process (PID=17680) to work on /usr/local/python/3.12.1/lib/python3.12/site-packages/airflow/example_dags/example_python_operator.py
[2025-03-31T19:31:09.581+0000] {processor.py:914} INFO - Processing file /usr/local/python/3.12.1/lib/python3.12/site-packages/airflow/example_dags/example_python_operator.py for tasks to queue
[2025-03-31T19:31:09.583+0000] {logging_mixin.py:190} INFO - [2025-03-31T19:31:09.582+0000] {dagbag.py:588} INFO - Filling up the DagBag from /usr/local/python/3.12.1/lib/python3.12/site-packages/airflow/example_dags/example_python_operator.py
[2025-03-31T19:31:09.592+0000] {processor.py:925} INFO - DAG(s) 'example_python_operator' retrieved from /usr/local/python/3.12.1/lib/python3.12/site-packages/airflow/example_dags/example_python_operator.py
[2025-03-31T19:31:09.604+0000] {logging_mixin.py:190} INFO - [2025-03-31T19:31:09.604+0000] {dag.py:3239} INFO - Sync 1 DAGs
[2025-03-31T19:31:09.614+0000] {logging_mixin.py:190} INFO - [2025-03-31T19:31:09.614+0000] {dag.py:4180} INFO - Setting next_dagrun for example_python_operator to None, run_after=None
[2025-03-31T19:31:09.629+0000] {processor.py:208} INFO - Processing /usr/local/python/3.12.1/lib/python3.12/site-packages/airflow/example_dags/example_python_operator.py took 0.053 seconds
[2025-03-31T19:32:07.171+0000] {processor.py:186} INFO - Started process (PID=18141) to work on /usr/local/python/3.12.1/lib/python3.12/site-packages/airflow/example_dags/example_python_operator.py
[2025-03-31T19:32:07.172+0000] {processor.py:914} INFO - Processing file /usr/local/python/3.12.1/lib/python3.12/site-packages/airflow/example_dags/example_python_operator.py for tasks to queue
[2025-03-31T19:32:07.173+0000] {logging_mixin.py:190} INFO - [2025-03-31T19:32:07.173+0000] {dagbag.py:588} INFO - Filling up the DagBag from /usr/local/python/3.12.1/lib/python3.12/site-packages/airflow/example_dags/example_python_operator.py
[2025-03-31T19:32:07.183+0000] {processor.py:925} INFO - DAG(s) 'example_python_operator' retrieved from /usr/local/python/3.12.1/lib/python3.12/site-packages/airflow/example_dags/example_python_operator.py
[2025-03-31T19:32:07.195+0000] {logging_mixin.py:190} INFO - [2025-03-31T19:32:07.195+0000] {dag.py:3239} INFO - Sync 1 DAGs
[2025-03-31T19:32:07.204+0000] {logging_mixin.py:190} INFO - [2025-03-31T19:32:07.204+0000] {dag.py:4180} INFO - Setting next_dagrun for example_python_operator to None, run_after=None
[2025-03-31T19:32:07.218+0000] {processor.py:208} INFO - Processing /usr/local/python/3.12.1/lib/python3.12/site-packages/airflow/example_dags/example_python_operator.py took 0.051 seconds
[2025-03-31T19:33:03.945+0000] {processor.py:186} INFO - Started process (PID=18583) to work on /usr/local/python/3.12.1/lib/python3.12/site-packages/airflow/example_dags/example_python_operator.py
[2025-03-31T19:33:03.945+0000] {processor.py:914} INFO - Processing file /usr/local/python/3.12.1/lib/python3.12/site-packages/airflow/example_dags/example_python_operator.py for tasks to queue
[2025-03-31T19:33:03.947+0000] {logging_mixin.py:190} INFO - [2025-03-31T19:33:03.946+0000] {dagbag.py:588} INFO - Filling up the DagBag from /usr/local/python/3.12.1/lib/python3.12/site-packages/airflow/example_dags/example_python_operator.py
[2025-03-31T19:33:03.956+0000] {processor.py:925} INFO - DAG(s) 'example_python_operator' retrieved from /usr/local/python/3.12.1/lib/python3.12/site-packages/airflow/example_dags/example_python_operator.py
[2025-03-31T19:33:03.969+0000] {logging_mixin.py:190} INFO - [2025-03-31T19:33:03.969+0000] {dag.py:3239} INFO - Sync 1 DAGs
[2025-03-31T19:33:03.979+0000] {logging_mixin.py:190} INFO - [2025-03-31T19:33:03.979+0000] {dag.py:4180} INFO - Setting next_dagrun for example_python_operator to None, run_after=None
[2025-03-31T19:33:03.993+0000] {processor.py:208} INFO - Processing /usr/local/python/3.12.1/lib/python3.12/site-packages/airflow/example_dags/example_python_operator.py took 0.053 seconds
[2025-03-31T19:34:02.035+0000] {processor.py:186} INFO - Started process (PID=19062) to work on /usr/local/python/3.12.1/lib/python3.12/site-packages/airflow/example_dags/example_python_operator.py
[2025-03-31T19:34:02.035+0000] {processor.py:914} INFO - Processing file /usr/local/python/3.12.1/lib/python3.12/site-packages/airflow/example_dags/example_python_operator.py for tasks to queue
[2025-03-31T19:34:02.037+0000] {logging_mixin.py:190} INFO - [2025-03-31T19:34:02.037+0000] {dagbag.py:588} INFO - Filling up the DagBag from /usr/local/python/3.12.1/lib/python3.12/site-packages/airflow/example_dags/example_python_operator.py
[2025-03-31T19:34:02.047+0000] {processor.py:925} INFO - DAG(s) 'example_python_operator' retrieved from /usr/local/python/3.12.1/lib/python3.12/site-packages/airflow/example_dags/example_python_operator.py
[2025-03-31T19:34:02.060+0000] {logging_mixin.py:190} INFO - [2025-03-31T19:34:02.060+0000] {dag.py:3239} INFO - Sync 1 DAGs
[2025-03-31T19:34:02.069+0000] {logging_mixin.py:190} INFO - [2025-03-31T19:34:02.069+0000] {dag.py:4180} INFO - Setting next_dagrun for example_python_operator to None, run_after=None
[2025-03-31T19:34:02.083+0000] {processor.py:208} INFO - Processing /usr/local/python/3.12.1/lib/python3.12/site-packages/airflow/example_dags/example_python_operator.py took 0.053 seconds
[2025-03-31T19:34:58.447+0000] {processor.py:186} INFO - Started process (PID=19544) to work on /usr/local/python/3.12.1/lib/python3.12/site-packages/airflow/example_dags/example_python_operator.py
[2025-03-31T19:34:58.448+0000] {processor.py:914} INFO - Processing file /usr/local/python/3.12.1/lib/python3.12/site-packages/airflow/example_dags/example_python_operator.py for tasks to queue
[2025-03-31T19:34:58.449+0000] {logging_mixin.py:190} INFO - [2025-03-31T19:34:58.449+0000] {dagbag.py:588} INFO - Filling up the DagBag from /usr/local/python/3.12.1/lib/python3.12/site-packages/airflow/example_dags/example_python_operator.py
[2025-03-31T19:34:58.458+0000] {processor.py:925} INFO - DAG(s) 'example_python_operator' retrieved from /usr/local/python/3.12.1/lib/python3.12/site-packages/airflow/example_dags/example_python_operator.py
[2025-03-31T19:34:58.471+0000] {logging_mixin.py:190} INFO - [2025-03-31T19:34:58.471+0000] {dag.py:3239} INFO - Sync 1 DAGs
[2025-03-31T19:34:58.480+0000] {logging_mixin.py:190} INFO - [2025-03-31T19:34:58.480+0000] {dag.py:4180} INFO - Setting next_dagrun for example_python_operator to None, run_after=None
[2025-03-31T19:34:58.494+0000] {processor.py:208} INFO - Processing /usr/local/python/3.12.1/lib/python3.12/site-packages/airflow/example_dags/example_python_operator.py took 0.051 seconds
[2025-03-31T19:35:56.823+0000] {processor.py:186} INFO - Started process (PID=19991) to work on /usr/local/python/3.12.1/lib/python3.12/site-packages/airflow/example_dags/example_python_operator.py
[2025-03-31T19:35:56.823+0000] {processor.py:914} INFO - Processing file /usr/local/python/3.12.1/lib/python3.12/site-packages/airflow/example_dags/example_python_operator.py for tasks to queue
[2025-03-31T19:35:56.825+0000] {logging_mixin.py:190} INFO - [2025-03-31T19:35:56.824+0000] {dagbag.py:588} INFO - Filling up the DagBag from /usr/local/python/3.12.1/lib/python3.12/site-packages/airflow/example_dags/example_python_operator.py
[2025-03-31T19:35:56.834+0000] {processor.py:925} INFO - DAG(s) 'example_python_operator' retrieved from /usr/local/python/3.12.1/lib/python3.12/site-packages/airflow/example_dags/example_python_operator.py
[2025-03-31T19:35:56.846+0000] {logging_mixin.py:190} INFO - [2025-03-31T19:35:56.846+0000] {dag.py:3239} INFO - Sync 1 DAGs
[2025-03-31T19:35:56.855+0000] {logging_mixin.py:190} INFO - [2025-03-31T19:35:56.855+0000] {dag.py:4180} INFO - Setting next_dagrun for example_python_operator to None, run_after=None
[2025-03-31T19:35:56.870+0000] {processor.py:208} INFO - Processing /usr/local/python/3.12.1/lib/python3.12/site-packages/airflow/example_dags/example_python_operator.py took 0.051 seconds
[2025-03-31T19:36:52.175+0000] {processor.py:186} INFO - Started process (PID=20460) to work on /usr/local/python/3.12.1/lib/python3.12/site-packages/airflow/example_dags/example_python_operator.py
[2025-03-31T19:36:52.176+0000] {processor.py:914} INFO - Processing file /usr/local/python/3.12.1/lib/python3.12/site-packages/airflow/example_dags/example_python_operator.py for tasks to queue
[2025-03-31T19:36:52.177+0000] {logging_mixin.py:190} INFO - [2025-03-31T19:36:52.177+0000] {dagbag.py:588} INFO - Filling up the DagBag from /usr/local/python/3.12.1/lib/python3.12/site-packages/airflow/example_dags/example_python_operator.py
[2025-03-31T19:36:52.187+0000] {processor.py:925} INFO - DAG(s) 'example_python_operator' retrieved from /usr/local/python/3.12.1/lib/python3.12/site-packages/airflow/example_dags/example_python_operator.py
[2025-03-31T19:36:52.200+0000] {logging_mixin.py:190} INFO - [2025-03-31T19:36:52.199+0000] {dag.py:3239} INFO - Sync 1 DAGs
[2025-03-31T19:36:52.209+0000] {logging_mixin.py:190} INFO - [2025-03-31T19:36:52.209+0000] {dag.py:4180} INFO - Setting next_dagrun for example_python_operator to None, run_after=None
[2025-03-31T19:36:52.223+0000] {processor.py:208} INFO - Processing /usr/local/python/3.12.1/lib/python3.12/site-packages/airflow/example_dags/example_python_operator.py took 0.051 seconds
[2025-03-31T19:37:47.935+0000] {processor.py:186} INFO - Started process (PID=20891) to work on /usr/local/python/3.12.1/lib/python3.12/site-packages/airflow/example_dags/example_python_operator.py
[2025-03-31T19:37:47.936+0000] {processor.py:914} INFO - Processing file /usr/local/python/3.12.1/lib/python3.12/site-packages/airflow/example_dags/example_python_operator.py for tasks to queue
[2025-03-31T19:37:47.937+0000] {logging_mixin.py:190} INFO - [2025-03-31T19:37:47.937+0000] {dagbag.py:588} INFO - Filling up the DagBag from /usr/local/python/3.12.1/lib/python3.12/site-packages/airflow/example_dags/example_python_operator.py
[2025-03-31T19:37:47.947+0000] {processor.py:925} INFO - DAG(s) 'example_python_operator' retrieved from /usr/local/python/3.12.1/lib/python3.12/site-packages/airflow/example_dags/example_python_operator.py
[2025-03-31T19:37:47.959+0000] {logging_mixin.py:190} INFO - [2025-03-31T19:37:47.959+0000] {dag.py:3239} INFO - Sync 1 DAGs
[2025-03-31T19:37:47.968+0000] {logging_mixin.py:190} INFO - [2025-03-31T19:37:47.968+0000] {dag.py:4180} INFO - Setting next_dagrun for example_python_operator to None, run_after=None
[2025-03-31T19:37:47.982+0000] {processor.py:208} INFO - Processing /usr/local/python/3.12.1/lib/python3.12/site-packages/airflow/example_dags/example_python_operator.py took 0.051 seconds
[2025-03-31T19:38:43.539+0000] {processor.py:186} INFO - Started process (PID=21348) to work on /usr/local/python/3.12.1/lib/python3.12/site-packages/airflow/example_dags/example_python_operator.py
[2025-03-31T19:38:43.540+0000] {processor.py:914} INFO - Processing file /usr/local/python/3.12.1/lib/python3.12/site-packages/airflow/example_dags/example_python_operator.py for tasks to queue
[2025-03-31T19:38:43.541+0000] {logging_mixin.py:190} INFO - [2025-03-31T19:38:43.541+0000] {dagbag.py:588} INFO - Filling up the DagBag from /usr/local/python/3.12.1/lib/python3.12/site-packages/airflow/example_dags/example_python_operator.py
[2025-03-31T19:38:43.551+0000] {processor.py:925} INFO - DAG(s) 'example_python_operator' retrieved from /usr/local/python/3.12.1/lib/python3.12/site-packages/airflow/example_dags/example_python_operator.py
[2025-03-31T19:38:43.565+0000] {logging_mixin.py:190} INFO - [2025-03-31T19:38:43.565+0000] {dag.py:3239} INFO - Sync 1 DAGs
[2025-03-31T19:38:43.575+0000] {logging_mixin.py:190} INFO - [2025-03-31T19:38:43.575+0000] {dag.py:4180} INFO - Setting next_dagrun for example_python_operator to None, run_after=None
[2025-03-31T19:38:43.589+0000] {processor.py:208} INFO - Processing /usr/local/python/3.12.1/lib/python3.12/site-packages/airflow/example_dags/example_python_operator.py took 0.054 seconds
