[2025-03-31T19:06:40.506+0000] {processor.py:186} INFO - Started process (PID=5305) to work on /usr/local/python/3.12.1/lib/python3.12/site-packages/airflow/example_dags/example_outlet_event_extra.py
[2025-03-31T19:06:40.506+0000] {processor.py:914} INFO - Processing file /usr/local/python/3.12.1/lib/python3.12/site-packages/airflow/example_dags/example_outlet_event_extra.py for tasks to queue
[2025-03-31T19:06:40.508+0000] {logging_mixin.py:190} INFO - [2025-03-31T19:06:40.507+0000] {dagbag.py:588} INFO - Filling up the DagBag from /usr/local/python/3.12.1/lib/python3.12/site-packages/airflow/example_dags/example_outlet_event_extra.py
[2025-03-31T19:06:40.519+0000] {processor.py:925} INFO - DAG(s) 'dataset_with_extra_by_yield', 'dataset_with_extra_from_classic_operator', 'dataset_with_extra_by_context' retrieved from /usr/local/python/3.12.1/lib/python3.12/site-packages/airflow/example_dags/example_outlet_event_extra.py
[2025-03-31T19:06:40.534+0000] {logging_mixin.py:190} INFO - [2025-03-31T19:06:40.534+0000] {dag.py:3239} INFO - Sync 3 DAGs
[2025-03-31T19:06:40.551+0000] {logging_mixin.py:190} INFO - [2025-03-31T19:06:40.551+0000] {dag.py:4180} INFO - Setting next_dagrun for dataset_with_extra_by_context to 2025-03-30 00:00:00+00:00, run_after=2025-03-31 00:00:00+00:00
[2025-03-31T19:06:40.555+0000] {logging_mixin.py:190} INFO - [2025-03-31T19:06:40.555+0000] {dag.py:4180} INFO - Setting next_dagrun for dataset_with_extra_by_yield to 2025-03-30 00:00:00+00:00, run_after=2025-03-31 00:00:00+00:00
[2025-03-31T19:06:40.557+0000] {logging_mixin.py:190} INFO - [2025-03-31T19:06:40.557+0000] {dag.py:4180} INFO - Setting next_dagrun for dataset_with_extra_from_classic_operator to 2025-03-30 00:00:00+00:00, run_after=2025-03-31 00:00:00+00:00
[2025-03-31T19:06:40.573+0000] {processor.py:208} INFO - Processing /usr/local/python/3.12.1/lib/python3.12/site-packages/airflow/example_dags/example_outlet_event_extra.py took 0.071 seconds
[2025-03-31T19:07:38.700+0000] {processor.py:186} INFO - Started process (PID=5818) to work on /usr/local/python/3.12.1/lib/python3.12/site-packages/airflow/example_dags/example_outlet_event_extra.py
[2025-03-31T19:07:38.701+0000] {processor.py:914} INFO - Processing file /usr/local/python/3.12.1/lib/python3.12/site-packages/airflow/example_dags/example_outlet_event_extra.py for tasks to queue
[2025-03-31T19:07:38.702+0000] {logging_mixin.py:190} INFO - [2025-03-31T19:07:38.702+0000] {dagbag.py:588} INFO - Filling up the DagBag from /usr/local/python/3.12.1/lib/python3.12/site-packages/airflow/example_dags/example_outlet_event_extra.py
[2025-03-31T19:07:38.714+0000] {processor.py:925} INFO - DAG(s) 'dataset_with_extra_by_context', 'dataset_with_extra_from_classic_operator', 'dataset_with_extra_by_yield' retrieved from /usr/local/python/3.12.1/lib/python3.12/site-packages/airflow/example_dags/example_outlet_event_extra.py
[2025-03-31T19:07:38.730+0000] {logging_mixin.py:190} INFO - [2025-03-31T19:07:38.730+0000] {dag.py:3239} INFO - Sync 3 DAGs
[2025-03-31T19:07:38.752+0000] {logging_mixin.py:190} INFO - [2025-03-31T19:07:38.752+0000] {dag.py:4180} INFO - Setting next_dagrun for dataset_with_extra_by_context to 2025-03-30 00:00:00+00:00, run_after=2025-03-31 00:00:00+00:00
[2025-03-31T19:07:38.756+0000] {logging_mixin.py:190} INFO - [2025-03-31T19:07:38.756+0000] {dag.py:4180} INFO - Setting next_dagrun for dataset_with_extra_by_yield to 2025-03-30 00:00:00+00:00, run_after=2025-03-31 00:00:00+00:00
[2025-03-31T19:07:38.757+0000] {logging_mixin.py:190} INFO - [2025-03-31T19:07:38.757+0000] {dag.py:4180} INFO - Setting next_dagrun for dataset_with_extra_from_classic_operator to 2025-03-30 00:00:00+00:00, run_after=2025-03-31 00:00:00+00:00
[2025-03-31T19:07:38.775+0000] {processor.py:208} INFO - Processing /usr/local/python/3.12.1/lib/python3.12/site-packages/airflow/example_dags/example_outlet_event_extra.py took 0.079 seconds
[2025-03-31T19:08:34.093+0000] {processor.py:186} INFO - Started process (PID=6289) to work on /usr/local/python/3.12.1/lib/python3.12/site-packages/airflow/example_dags/example_outlet_event_extra.py
[2025-03-31T19:08:34.094+0000] {processor.py:914} INFO - Processing file /usr/local/python/3.12.1/lib/python3.12/site-packages/airflow/example_dags/example_outlet_event_extra.py for tasks to queue
[2025-03-31T19:08:34.095+0000] {logging_mixin.py:190} INFO - [2025-03-31T19:08:34.095+0000] {dagbag.py:588} INFO - Filling up the DagBag from /usr/local/python/3.12.1/lib/python3.12/site-packages/airflow/example_dags/example_outlet_event_extra.py
[2025-03-31T19:08:34.106+0000] {processor.py:925} INFO - DAG(s) 'dataset_with_extra_by_context', 'dataset_with_extra_from_classic_operator', 'dataset_with_extra_by_yield' retrieved from /usr/local/python/3.12.1/lib/python3.12/site-packages/airflow/example_dags/example_outlet_event_extra.py
[2025-03-31T19:08:34.121+0000] {logging_mixin.py:190} INFO - [2025-03-31T19:08:34.120+0000] {dag.py:3239} INFO - Sync 3 DAGs
[2025-03-31T19:08:34.137+0000] {logging_mixin.py:190} INFO - [2025-03-31T19:08:34.137+0000] {dag.py:4180} INFO - Setting next_dagrun for dataset_with_extra_by_context to 2025-03-30 00:00:00+00:00, run_after=2025-03-31 00:00:00+00:00
[2025-03-31T19:08:34.141+0000] {logging_mixin.py:190} INFO - [2025-03-31T19:08:34.140+0000] {dag.py:4180} INFO - Setting next_dagrun for dataset_with_extra_by_yield to 2025-03-30 00:00:00+00:00, run_after=2025-03-31 00:00:00+00:00
[2025-03-31T19:08:34.142+0000] {logging_mixin.py:190} INFO - [2025-03-31T19:08:34.142+0000] {dag.py:4180} INFO - Setting next_dagrun for dataset_with_extra_from_classic_operator to 2025-03-30 00:00:00+00:00, run_after=2025-03-31 00:00:00+00:00
[2025-03-31T19:08:34.160+0000] {processor.py:208} INFO - Processing /usr/local/python/3.12.1/lib/python3.12/site-packages/airflow/example_dags/example_outlet_event_extra.py took 0.071 seconds
[2025-03-31T19:09:28.039+0000] {processor.py:186} INFO - Started process (PID=6726) to work on /usr/local/python/3.12.1/lib/python3.12/site-packages/airflow/example_dags/example_outlet_event_extra.py
[2025-03-31T19:09:28.040+0000] {processor.py:914} INFO - Processing file /usr/local/python/3.12.1/lib/python3.12/site-packages/airflow/example_dags/example_outlet_event_extra.py for tasks to queue
[2025-03-31T19:09:28.041+0000] {logging_mixin.py:190} INFO - [2025-03-31T19:09:28.041+0000] {dagbag.py:588} INFO - Filling up the DagBag from /usr/local/python/3.12.1/lib/python3.12/site-packages/airflow/example_dags/example_outlet_event_extra.py
[2025-03-31T19:09:28.052+0000] {processor.py:925} INFO - DAG(s) 'dataset_with_extra_by_yield', 'dataset_with_extra_from_classic_operator', 'dataset_with_extra_by_context' retrieved from /usr/local/python/3.12.1/lib/python3.12/site-packages/airflow/example_dags/example_outlet_event_extra.py
[2025-03-31T19:09:28.066+0000] {logging_mixin.py:190} INFO - [2025-03-31T19:09:28.066+0000] {dag.py:3239} INFO - Sync 3 DAGs
[2025-03-31T19:09:28.082+0000] {logging_mixin.py:190} INFO - [2025-03-31T19:09:28.082+0000] {dag.py:4180} INFO - Setting next_dagrun for dataset_with_extra_by_context to 2025-03-30 00:00:00+00:00, run_after=2025-03-31 00:00:00+00:00
[2025-03-31T19:09:28.085+0000] {logging_mixin.py:190} INFO - [2025-03-31T19:09:28.085+0000] {dag.py:4180} INFO - Setting next_dagrun for dataset_with_extra_by_yield to 2025-03-30 00:00:00+00:00, run_after=2025-03-31 00:00:00+00:00
[2025-03-31T19:09:28.087+0000] {logging_mixin.py:190} INFO - [2025-03-31T19:09:28.087+0000] {dag.py:4180} INFO - Setting next_dagrun for dataset_with_extra_from_classic_operator to 2025-03-30 00:00:00+00:00, run_after=2025-03-31 00:00:00+00:00
[2025-03-31T19:09:28.103+0000] {processor.py:208} INFO - Processing /usr/local/python/3.12.1/lib/python3.12/site-packages/airflow/example_dags/example_outlet_event_extra.py took 0.069 seconds
[2025-03-31T19:10:21.237+0000] {processor.py:186} INFO - Started process (PID=7142) to work on /usr/local/python/3.12.1/lib/python3.12/site-packages/airflow/example_dags/example_outlet_event_extra.py
[2025-03-31T19:10:21.238+0000] {processor.py:914} INFO - Processing file /usr/local/python/3.12.1/lib/python3.12/site-packages/airflow/example_dags/example_outlet_event_extra.py for tasks to queue
[2025-03-31T19:10:21.239+0000] {logging_mixin.py:190} INFO - [2025-03-31T19:10:21.239+0000] {dagbag.py:588} INFO - Filling up the DagBag from /usr/local/python/3.12.1/lib/python3.12/site-packages/airflow/example_dags/example_outlet_event_extra.py
[2025-03-31T19:10:21.250+0000] {processor.py:925} INFO - DAG(s) 'dataset_with_extra_by_context', 'dataset_with_extra_by_yield', 'dataset_with_extra_from_classic_operator' retrieved from /usr/local/python/3.12.1/lib/python3.12/site-packages/airflow/example_dags/example_outlet_event_extra.py
[2025-03-31T19:10:21.264+0000] {logging_mixin.py:190} INFO - [2025-03-31T19:10:21.264+0000] {dag.py:3239} INFO - Sync 3 DAGs
[2025-03-31T19:10:21.280+0000] {logging_mixin.py:190} INFO - [2025-03-31T19:10:21.280+0000] {dag.py:4180} INFO - Setting next_dagrun for dataset_with_extra_by_context to 2025-03-30 00:00:00+00:00, run_after=2025-03-31 00:00:00+00:00
[2025-03-31T19:10:21.284+0000] {logging_mixin.py:190} INFO - [2025-03-31T19:10:21.284+0000] {dag.py:4180} INFO - Setting next_dagrun for dataset_with_extra_by_yield to 2025-03-30 00:00:00+00:00, run_after=2025-03-31 00:00:00+00:00
[2025-03-31T19:10:21.286+0000] {logging_mixin.py:190} INFO - [2025-03-31T19:10:21.286+0000] {dag.py:4180} INFO - Setting next_dagrun for dataset_with_extra_from_classic_operator to 2025-03-30 00:00:00+00:00, run_after=2025-03-31 00:00:00+00:00
[2025-03-31T19:10:21.305+0000] {processor.py:208} INFO - Processing /usr/local/python/3.12.1/lib/python3.12/site-packages/airflow/example_dags/example_outlet_event_extra.py took 0.072 seconds
[2025-03-31T19:11:13.183+0000] {processor.py:186} INFO - Started process (PID=7555) to work on /usr/local/python/3.12.1/lib/python3.12/site-packages/airflow/example_dags/example_outlet_event_extra.py
[2025-03-31T19:11:13.183+0000] {processor.py:914} INFO - Processing file /usr/local/python/3.12.1/lib/python3.12/site-packages/airflow/example_dags/example_outlet_event_extra.py for tasks to queue
[2025-03-31T19:11:13.185+0000] {logging_mixin.py:190} INFO - [2025-03-31T19:11:13.184+0000] {dagbag.py:588} INFO - Filling up the DagBag from /usr/local/python/3.12.1/lib/python3.12/site-packages/airflow/example_dags/example_outlet_event_extra.py
[2025-03-31T19:11:13.196+0000] {processor.py:925} INFO - DAG(s) 'dataset_with_extra_from_classic_operator', 'dataset_with_extra_by_context', 'dataset_with_extra_by_yield' retrieved from /usr/local/python/3.12.1/lib/python3.12/site-packages/airflow/example_dags/example_outlet_event_extra.py
[2025-03-31T19:11:13.211+0000] {logging_mixin.py:190} INFO - [2025-03-31T19:11:13.211+0000] {dag.py:3239} INFO - Sync 3 DAGs
[2025-03-31T19:11:13.229+0000] {logging_mixin.py:190} INFO - [2025-03-31T19:11:13.229+0000] {dag.py:4180} INFO - Setting next_dagrun for dataset_with_extra_by_context to 2025-03-30 00:00:00+00:00, run_after=2025-03-31 00:00:00+00:00
[2025-03-31T19:11:13.232+0000] {logging_mixin.py:190} INFO - [2025-03-31T19:11:13.232+0000] {dag.py:4180} INFO - Setting next_dagrun for dataset_with_extra_by_yield to 2025-03-30 00:00:00+00:00, run_after=2025-03-31 00:00:00+00:00
[2025-03-31T19:11:13.234+0000] {logging_mixin.py:190} INFO - [2025-03-31T19:11:13.234+0000] {dag.py:4180} INFO - Setting next_dagrun for dataset_with_extra_from_classic_operator to 2025-03-30 00:00:00+00:00, run_after=2025-03-31 00:00:00+00:00
[2025-03-31T19:11:13.250+0000] {processor.py:208} INFO - Processing /usr/local/python/3.12.1/lib/python3.12/site-packages/airflow/example_dags/example_outlet_event_extra.py took 0.071 seconds
[2025-03-31T19:12:05.717+0000] {processor.py:186} INFO - Started process (PID=7968) to work on /usr/local/python/3.12.1/lib/python3.12/site-packages/airflow/example_dags/example_outlet_event_extra.py
[2025-03-31T19:12:05.718+0000] {processor.py:914} INFO - Processing file /usr/local/python/3.12.1/lib/python3.12/site-packages/airflow/example_dags/example_outlet_event_extra.py for tasks to queue
[2025-03-31T19:12:05.719+0000] {logging_mixin.py:190} INFO - [2025-03-31T19:12:05.719+0000] {dagbag.py:588} INFO - Filling up the DagBag from /usr/local/python/3.12.1/lib/python3.12/site-packages/airflow/example_dags/example_outlet_event_extra.py
[2025-03-31T19:12:05.730+0000] {processor.py:925} INFO - DAG(s) 'dataset_with_extra_from_classic_operator', 'dataset_with_extra_by_yield', 'dataset_with_extra_by_context' retrieved from /usr/local/python/3.12.1/lib/python3.12/site-packages/airflow/example_dags/example_outlet_event_extra.py
[2025-03-31T19:12:05.744+0000] {logging_mixin.py:190} INFO - [2025-03-31T19:12:05.744+0000] {dag.py:3239} INFO - Sync 3 DAGs
[2025-03-31T19:12:05.761+0000] {logging_mixin.py:190} INFO - [2025-03-31T19:12:05.760+0000] {dag.py:4180} INFO - Setting next_dagrun for dataset_with_extra_by_context to 2025-03-30 00:00:00+00:00, run_after=2025-03-31 00:00:00+00:00
[2025-03-31T19:12:05.764+0000] {logging_mixin.py:190} INFO - [2025-03-31T19:12:05.764+0000] {dag.py:4180} INFO - Setting next_dagrun for dataset_with_extra_by_yield to 2025-03-30 00:00:00+00:00, run_after=2025-03-31 00:00:00+00:00
[2025-03-31T19:12:05.766+0000] {logging_mixin.py:190} INFO - [2025-03-31T19:12:05.766+0000] {dag.py:4180} INFO - Setting next_dagrun for dataset_with_extra_from_classic_operator to 2025-03-30 00:00:00+00:00, run_after=2025-03-31 00:00:00+00:00
[2025-03-31T19:12:05.783+0000] {processor.py:208} INFO - Processing /usr/local/python/3.12.1/lib/python3.12/site-packages/airflow/example_dags/example_outlet_event_extra.py took 0.069 seconds
[2025-03-31T19:12:58.290+0000] {processor.py:186} INFO - Started process (PID=8394) to work on /usr/local/python/3.12.1/lib/python3.12/site-packages/airflow/example_dags/example_outlet_event_extra.py
[2025-03-31T19:12:58.290+0000] {processor.py:914} INFO - Processing file /usr/local/python/3.12.1/lib/python3.12/site-packages/airflow/example_dags/example_outlet_event_extra.py for tasks to queue
[2025-03-31T19:12:58.292+0000] {logging_mixin.py:190} INFO - [2025-03-31T19:12:58.292+0000] {dagbag.py:588} INFO - Filling up the DagBag from /usr/local/python/3.12.1/lib/python3.12/site-packages/airflow/example_dags/example_outlet_event_extra.py
[2025-03-31T19:12:58.303+0000] {processor.py:925} INFO - DAG(s) 'dataset_with_extra_from_classic_operator', 'dataset_with_extra_by_yield', 'dataset_with_extra_by_context' retrieved from /usr/local/python/3.12.1/lib/python3.12/site-packages/airflow/example_dags/example_outlet_event_extra.py
[2025-03-31T19:12:58.321+0000] {logging_mixin.py:190} INFO - [2025-03-31T19:12:58.320+0000] {dag.py:3239} INFO - Sync 3 DAGs
[2025-03-31T19:12:58.337+0000] {logging_mixin.py:190} INFO - [2025-03-31T19:12:58.337+0000] {dag.py:4180} INFO - Setting next_dagrun for dataset_with_extra_by_context to 2025-03-30 00:00:00+00:00, run_after=2025-03-31 00:00:00+00:00
[2025-03-31T19:12:58.340+0000] {logging_mixin.py:190} INFO - [2025-03-31T19:12:58.340+0000] {dag.py:4180} INFO - Setting next_dagrun for dataset_with_extra_by_yield to 2025-03-30 00:00:00+00:00, run_after=2025-03-31 00:00:00+00:00
[2025-03-31T19:12:58.342+0000] {logging_mixin.py:190} INFO - [2025-03-31T19:12:58.342+0000] {dag.py:4180} INFO - Setting next_dagrun for dataset_with_extra_from_classic_operator to 2025-03-30 00:00:00+00:00, run_after=2025-03-31 00:00:00+00:00
[2025-03-31T19:12:58.358+0000] {processor.py:208} INFO - Processing /usr/local/python/3.12.1/lib/python3.12/site-packages/airflow/example_dags/example_outlet_event_extra.py took 0.072 seconds
[2025-03-31T19:13:53.971+0000] {processor.py:186} INFO - Started process (PID=8825) to work on /usr/local/python/3.12.1/lib/python3.12/site-packages/airflow/example_dags/example_outlet_event_extra.py
[2025-03-31T19:13:53.972+0000] {processor.py:914} INFO - Processing file /usr/local/python/3.12.1/lib/python3.12/site-packages/airflow/example_dags/example_outlet_event_extra.py for tasks to queue
[2025-03-31T19:13:53.973+0000] {logging_mixin.py:190} INFO - [2025-03-31T19:13:53.973+0000] {dagbag.py:588} INFO - Filling up the DagBag from /usr/local/python/3.12.1/lib/python3.12/site-packages/airflow/example_dags/example_outlet_event_extra.py
[2025-03-31T19:13:53.984+0000] {processor.py:925} INFO - DAG(s) 'dataset_with_extra_by_context', 'dataset_with_extra_from_classic_operator', 'dataset_with_extra_by_yield' retrieved from /usr/local/python/3.12.1/lib/python3.12/site-packages/airflow/example_dags/example_outlet_event_extra.py
[2025-03-31T19:13:53.999+0000] {logging_mixin.py:190} INFO - [2025-03-31T19:13:53.998+0000] {dag.py:3239} INFO - Sync 3 DAGs
[2025-03-31T19:13:54.015+0000] {logging_mixin.py:190} INFO - [2025-03-31T19:13:54.015+0000] {dag.py:4180} INFO - Setting next_dagrun for dataset_with_extra_by_context to 2025-03-30 00:00:00+00:00, run_after=2025-03-31 00:00:00+00:00
[2025-03-31T19:13:54.019+0000] {logging_mixin.py:190} INFO - [2025-03-31T19:13:54.019+0000] {dag.py:4180} INFO - Setting next_dagrun for dataset_with_extra_by_yield to 2025-03-30 00:00:00+00:00, run_after=2025-03-31 00:00:00+00:00
[2025-03-31T19:13:54.020+0000] {logging_mixin.py:190} INFO - [2025-03-31T19:13:54.020+0000] {dag.py:4180} INFO - Setting next_dagrun for dataset_with_extra_from_classic_operator to 2025-03-30 00:00:00+00:00, run_after=2025-03-31 00:00:00+00:00
[2025-03-31T19:13:54.036+0000] {processor.py:208} INFO - Processing /usr/local/python/3.12.1/lib/python3.12/site-packages/airflow/example_dags/example_outlet_event_extra.py took 0.069 seconds
[2025-03-31T19:14:44.526+0000] {processor.py:186} INFO - Started process (PID=9223) to work on /usr/local/python/3.12.1/lib/python3.12/site-packages/airflow/example_dags/example_outlet_event_extra.py
[2025-03-31T19:14:44.526+0000] {processor.py:914} INFO - Processing file /usr/local/python/3.12.1/lib/python3.12/site-packages/airflow/example_dags/example_outlet_event_extra.py for tasks to queue
[2025-03-31T19:14:44.528+0000] {logging_mixin.py:190} INFO - [2025-03-31T19:14:44.527+0000] {dagbag.py:588} INFO - Filling up the DagBag from /usr/local/python/3.12.1/lib/python3.12/site-packages/airflow/example_dags/example_outlet_event_extra.py
[2025-03-31T19:14:44.539+0000] {processor.py:925} INFO - DAG(s) 'dataset_with_extra_from_classic_operator', 'dataset_with_extra_by_yield', 'dataset_with_extra_by_context' retrieved from /usr/local/python/3.12.1/lib/python3.12/site-packages/airflow/example_dags/example_outlet_event_extra.py
[2025-03-31T19:14:44.553+0000] {logging_mixin.py:190} INFO - [2025-03-31T19:14:44.553+0000] {dag.py:3239} INFO - Sync 3 DAGs
[2025-03-31T19:14:44.570+0000] {logging_mixin.py:190} INFO - [2025-03-31T19:14:44.569+0000] {dag.py:4180} INFO - Setting next_dagrun for dataset_with_extra_by_context to 2025-03-30 00:00:00+00:00, run_after=2025-03-31 00:00:00+00:00
[2025-03-31T19:14:44.573+0000] {logging_mixin.py:190} INFO - [2025-03-31T19:14:44.573+0000] {dag.py:4180} INFO - Setting next_dagrun for dataset_with_extra_by_yield to 2025-03-30 00:00:00+00:00, run_after=2025-03-31 00:00:00+00:00
[2025-03-31T19:14:44.575+0000] {logging_mixin.py:190} INFO - [2025-03-31T19:14:44.575+0000] {dag.py:4180} INFO - Setting next_dagrun for dataset_with_extra_from_classic_operator to 2025-03-30 00:00:00+00:00, run_after=2025-03-31 00:00:00+00:00
[2025-03-31T19:14:44.590+0000] {processor.py:208} INFO - Processing /usr/local/python/3.12.1/lib/python3.12/site-packages/airflow/example_dags/example_outlet_event_extra.py took 0.069 seconds
[2025-03-31T19:15:38.630+0000] {processor.py:186} INFO - Started process (PID=9641) to work on /usr/local/python/3.12.1/lib/python3.12/site-packages/airflow/example_dags/example_outlet_event_extra.py
[2025-03-31T19:15:38.631+0000] {processor.py:914} INFO - Processing file /usr/local/python/3.12.1/lib/python3.12/site-packages/airflow/example_dags/example_outlet_event_extra.py for tasks to queue
[2025-03-31T19:15:38.632+0000] {logging_mixin.py:190} INFO - [2025-03-31T19:15:38.632+0000] {dagbag.py:588} INFO - Filling up the DagBag from /usr/local/python/3.12.1/lib/python3.12/site-packages/airflow/example_dags/example_outlet_event_extra.py
[2025-03-31T19:15:38.643+0000] {processor.py:925} INFO - DAG(s) 'dataset_with_extra_by_context', 'dataset_with_extra_from_classic_operator', 'dataset_with_extra_by_yield' retrieved from /usr/local/python/3.12.1/lib/python3.12/site-packages/airflow/example_dags/example_outlet_event_extra.py
[2025-03-31T19:15:38.657+0000] {logging_mixin.py:190} INFO - [2025-03-31T19:15:38.657+0000] {dag.py:3239} INFO - Sync 3 DAGs
[2025-03-31T19:15:38.674+0000] {logging_mixin.py:190} INFO - [2025-03-31T19:15:38.674+0000] {dag.py:4180} INFO - Setting next_dagrun for dataset_with_extra_by_context to 2025-03-30 00:00:00+00:00, run_after=2025-03-31 00:00:00+00:00
[2025-03-31T19:15:38.678+0000] {logging_mixin.py:190} INFO - [2025-03-31T19:15:38.677+0000] {dag.py:4180} INFO - Setting next_dagrun for dataset_with_extra_by_yield to 2025-03-30 00:00:00+00:00, run_after=2025-03-31 00:00:00+00:00
[2025-03-31T19:15:38.679+0000] {logging_mixin.py:190} INFO - [2025-03-31T19:15:38.679+0000] {dag.py:4180} INFO - Setting next_dagrun for dataset_with_extra_from_classic_operator to 2025-03-30 00:00:00+00:00, run_after=2025-03-31 00:00:00+00:00
[2025-03-31T19:15:38.696+0000] {processor.py:208} INFO - Processing /usr/local/python/3.12.1/lib/python3.12/site-packages/airflow/example_dags/example_outlet_event_extra.py took 0.070 seconds
[2025-03-31T19:16:30.617+0000] {processor.py:186} INFO - Started process (PID=10054) to work on /usr/local/python/3.12.1/lib/python3.12/site-packages/airflow/example_dags/example_outlet_event_extra.py
[2025-03-31T19:16:30.617+0000] {processor.py:914} INFO - Processing file /usr/local/python/3.12.1/lib/python3.12/site-packages/airflow/example_dags/example_outlet_event_extra.py for tasks to queue
[2025-03-31T19:16:30.619+0000] {logging_mixin.py:190} INFO - [2025-03-31T19:16:30.619+0000] {dagbag.py:588} INFO - Filling up the DagBag from /usr/local/python/3.12.1/lib/python3.12/site-packages/airflow/example_dags/example_outlet_event_extra.py
[2025-03-31T19:16:30.630+0000] {processor.py:925} INFO - DAG(s) 'dataset_with_extra_by_context', 'dataset_with_extra_from_classic_operator', 'dataset_with_extra_by_yield' retrieved from /usr/local/python/3.12.1/lib/python3.12/site-packages/airflow/example_dags/example_outlet_event_extra.py
[2025-03-31T19:16:30.644+0000] {logging_mixin.py:190} INFO - [2025-03-31T19:16:30.644+0000] {dag.py:3239} INFO - Sync 3 DAGs
[2025-03-31T19:16:30.660+0000] {logging_mixin.py:190} INFO - [2025-03-31T19:16:30.660+0000] {dag.py:4180} INFO - Setting next_dagrun for dataset_with_extra_by_context to 2025-03-30 00:00:00+00:00, run_after=2025-03-31 00:00:00+00:00
[2025-03-31T19:16:30.664+0000] {logging_mixin.py:190} INFO - [2025-03-31T19:16:30.664+0000] {dag.py:4180} INFO - Setting next_dagrun for dataset_with_extra_by_yield to 2025-03-30 00:00:00+00:00, run_after=2025-03-31 00:00:00+00:00
[2025-03-31T19:16:30.666+0000] {logging_mixin.py:190} INFO - [2025-03-31T19:16:30.666+0000] {dag.py:4180} INFO - Setting next_dagrun for dataset_with_extra_from_classic_operator to 2025-03-30 00:00:00+00:00, run_after=2025-03-31 00:00:00+00:00
[2025-03-31T19:16:30.682+0000] {processor.py:208} INFO - Processing /usr/local/python/3.12.1/lib/python3.12/site-packages/airflow/example_dags/example_outlet_event_extra.py took 0.070 seconds
[2025-03-31T19:17:26.096+0000] {processor.py:186} INFO - Started process (PID=10503) to work on /usr/local/python/3.12.1/lib/python3.12/site-packages/airflow/example_dags/example_outlet_event_extra.py
[2025-03-31T19:17:26.096+0000] {processor.py:914} INFO - Processing file /usr/local/python/3.12.1/lib/python3.12/site-packages/airflow/example_dags/example_outlet_event_extra.py for tasks to queue
[2025-03-31T19:17:26.098+0000] {logging_mixin.py:190} INFO - [2025-03-31T19:17:26.097+0000] {dagbag.py:588} INFO - Filling up the DagBag from /usr/local/python/3.12.1/lib/python3.12/site-packages/airflow/example_dags/example_outlet_event_extra.py
[2025-03-31T19:17:26.108+0000] {processor.py:925} INFO - DAG(s) 'dataset_with_extra_from_classic_operator', 'dataset_with_extra_by_context', 'dataset_with_extra_by_yield' retrieved from /usr/local/python/3.12.1/lib/python3.12/site-packages/airflow/example_dags/example_outlet_event_extra.py
[2025-03-31T19:17:26.122+0000] {logging_mixin.py:190} INFO - [2025-03-31T19:17:26.122+0000] {dag.py:3239} INFO - Sync 3 DAGs
[2025-03-31T19:17:26.139+0000] {logging_mixin.py:190} INFO - [2025-03-31T19:17:26.139+0000] {dag.py:4180} INFO - Setting next_dagrun for dataset_with_extra_by_context to 2025-03-30 00:00:00+00:00, run_after=2025-03-31 00:00:00+00:00
[2025-03-31T19:17:26.142+0000] {logging_mixin.py:190} INFO - [2025-03-31T19:17:26.142+0000] {dag.py:4180} INFO - Setting next_dagrun for dataset_with_extra_by_yield to 2025-03-30 00:00:00+00:00, run_after=2025-03-31 00:00:00+00:00
[2025-03-31T19:17:26.144+0000] {logging_mixin.py:190} INFO - [2025-03-31T19:17:26.144+0000] {dag.py:4180} INFO - Setting next_dagrun for dataset_with_extra_from_classic_operator to 2025-03-30 00:00:00+00:00, run_after=2025-03-31 00:00:00+00:00
[2025-03-31T19:17:26.159+0000] {processor.py:208} INFO - Processing /usr/local/python/3.12.1/lib/python3.12/site-packages/airflow/example_dags/example_outlet_event_extra.py took 0.068 seconds
[2025-03-31T19:18:20.654+0000] {processor.py:186} INFO - Started process (PID=10972) to work on /usr/local/python/3.12.1/lib/python3.12/site-packages/airflow/example_dags/example_outlet_event_extra.py
[2025-03-31T19:18:20.654+0000] {processor.py:914} INFO - Processing file /usr/local/python/3.12.1/lib/python3.12/site-packages/airflow/example_dags/example_outlet_event_extra.py for tasks to queue
[2025-03-31T19:18:20.656+0000] {logging_mixin.py:190} INFO - [2025-03-31T19:18:20.656+0000] {dagbag.py:588} INFO - Filling up the DagBag from /usr/local/python/3.12.1/lib/python3.12/site-packages/airflow/example_dags/example_outlet_event_extra.py
[2025-03-31T19:18:20.667+0000] {processor.py:925} INFO - DAG(s) 'dataset_with_extra_by_yield', 'dataset_with_extra_from_classic_operator', 'dataset_with_extra_by_context' retrieved from /usr/local/python/3.12.1/lib/python3.12/site-packages/airflow/example_dags/example_outlet_event_extra.py
[2025-03-31T19:18:20.682+0000] {logging_mixin.py:190} INFO - [2025-03-31T19:18:20.681+0000] {dag.py:3239} INFO - Sync 3 DAGs
[2025-03-31T19:18:20.698+0000] {logging_mixin.py:190} INFO - [2025-03-31T19:18:20.698+0000] {dag.py:4180} INFO - Setting next_dagrun for dataset_with_extra_by_context to 2025-03-30 00:00:00+00:00, run_after=2025-03-31 00:00:00+00:00
[2025-03-31T19:18:20.701+0000] {logging_mixin.py:190} INFO - [2025-03-31T19:18:20.701+0000] {dag.py:4180} INFO - Setting next_dagrun for dataset_with_extra_by_yield to 2025-03-30 00:00:00+00:00, run_after=2025-03-31 00:00:00+00:00
[2025-03-31T19:18:20.703+0000] {logging_mixin.py:190} INFO - [2025-03-31T19:18:20.703+0000] {dag.py:4180} INFO - Setting next_dagrun for dataset_with_extra_from_classic_operator to 2025-03-30 00:00:00+00:00, run_after=2025-03-31 00:00:00+00:00
[2025-03-31T19:18:20.719+0000] {processor.py:208} INFO - Processing /usr/local/python/3.12.1/lib/python3.12/site-packages/airflow/example_dags/example_outlet_event_extra.py took 0.070 seconds
[2025-03-31T19:19:13.135+0000] {processor.py:186} INFO - Started process (PID=11425) to work on /usr/local/python/3.12.1/lib/python3.12/site-packages/airflow/example_dags/example_outlet_event_extra.py
[2025-03-31T19:19:13.135+0000] {processor.py:914} INFO - Processing file /usr/local/python/3.12.1/lib/python3.12/site-packages/airflow/example_dags/example_outlet_event_extra.py for tasks to queue
[2025-03-31T19:19:13.137+0000] {logging_mixin.py:190} INFO - [2025-03-31T19:19:13.136+0000] {dagbag.py:588} INFO - Filling up the DagBag from /usr/local/python/3.12.1/lib/python3.12/site-packages/airflow/example_dags/example_outlet_event_extra.py
[2025-03-31T19:19:13.148+0000] {processor.py:925} INFO - DAG(s) 'dataset_with_extra_by_context', 'dataset_with_extra_from_classic_operator', 'dataset_with_extra_by_yield' retrieved from /usr/local/python/3.12.1/lib/python3.12/site-packages/airflow/example_dags/example_outlet_event_extra.py
[2025-03-31T19:19:13.162+0000] {logging_mixin.py:190} INFO - [2025-03-31T19:19:13.162+0000] {dag.py:3239} INFO - Sync 3 DAGs
[2025-03-31T19:19:13.179+0000] {logging_mixin.py:190} INFO - [2025-03-31T19:19:13.178+0000] {dag.py:4180} INFO - Setting next_dagrun for dataset_with_extra_by_context to 2025-03-30 00:00:00+00:00, run_after=2025-03-31 00:00:00+00:00
[2025-03-31T19:19:13.182+0000] {logging_mixin.py:190} INFO - [2025-03-31T19:19:13.182+0000] {dag.py:4180} INFO - Setting next_dagrun for dataset_with_extra_by_yield to 2025-03-30 00:00:00+00:00, run_after=2025-03-31 00:00:00+00:00
[2025-03-31T19:19:13.184+0000] {logging_mixin.py:190} INFO - [2025-03-31T19:19:13.184+0000] {dag.py:4180} INFO - Setting next_dagrun for dataset_with_extra_from_classic_operator to 2025-03-30 00:00:00+00:00, run_after=2025-03-31 00:00:00+00:00
[2025-03-31T19:19:13.199+0000] {processor.py:208} INFO - Processing /usr/local/python/3.12.1/lib/python3.12/site-packages/airflow/example_dags/example_outlet_event_extra.py took 0.068 seconds
[2025-03-31T19:20:02.557+0000] {processor.py:186} INFO - Started process (PID=11905) to work on /usr/local/python/3.12.1/lib/python3.12/site-packages/airflow/example_dags/example_outlet_event_extra.py
[2025-03-31T19:20:02.558+0000] {processor.py:914} INFO - Processing file /usr/local/python/3.12.1/lib/python3.12/site-packages/airflow/example_dags/example_outlet_event_extra.py for tasks to queue
[2025-03-31T19:20:02.559+0000] {logging_mixin.py:190} INFO - [2025-03-31T19:20:02.559+0000] {dagbag.py:588} INFO - Filling up the DagBag from /usr/local/python/3.12.1/lib/python3.12/site-packages/airflow/example_dags/example_outlet_event_extra.py
[2025-03-31T19:20:02.570+0000] {processor.py:925} INFO - DAG(s) 'dataset_with_extra_from_classic_operator', 'dataset_with_extra_by_yield', 'dataset_with_extra_by_context' retrieved from /usr/local/python/3.12.1/lib/python3.12/site-packages/airflow/example_dags/example_outlet_event_extra.py
[2025-03-31T19:20:02.584+0000] {logging_mixin.py:190} INFO - [2025-03-31T19:20:02.584+0000] {dag.py:3239} INFO - Sync 3 DAGs
[2025-03-31T19:20:02.601+0000] {logging_mixin.py:190} INFO - [2025-03-31T19:20:02.601+0000] {dag.py:4180} INFO - Setting next_dagrun for dataset_with_extra_by_context to 2025-03-30 00:00:00+00:00, run_after=2025-03-31 00:00:00+00:00
[2025-03-31T19:20:02.604+0000] {logging_mixin.py:190} INFO - [2025-03-31T19:20:02.604+0000] {dag.py:4180} INFO - Setting next_dagrun for dataset_with_extra_by_yield to 2025-03-30 00:00:00+00:00, run_after=2025-03-31 00:00:00+00:00
[2025-03-31T19:20:02.606+0000] {logging_mixin.py:190} INFO - [2025-03-31T19:20:02.606+0000] {dag.py:4180} INFO - Setting next_dagrun for dataset_with_extra_from_classic_operator to 2025-03-30 00:00:00+00:00, run_after=2025-03-31 00:00:00+00:00
[2025-03-31T19:20:02.622+0000] {processor.py:208} INFO - Processing /usr/local/python/3.12.1/lib/python3.12/site-packages/airflow/example_dags/example_outlet_event_extra.py took 0.069 seconds
[2025-03-31T19:20:56.638+0000] {processor.py:186} INFO - Started process (PID=12467) to work on /usr/local/python/3.12.1/lib/python3.12/site-packages/airflow/example_dags/example_outlet_event_extra.py
[2025-03-31T19:20:56.638+0000] {processor.py:914} INFO - Processing file /usr/local/python/3.12.1/lib/python3.12/site-packages/airflow/example_dags/example_outlet_event_extra.py for tasks to queue
[2025-03-31T19:20:56.640+0000] {logging_mixin.py:190} INFO - [2025-03-31T19:20:56.639+0000] {dagbag.py:588} INFO - Filling up the DagBag from /usr/local/python/3.12.1/lib/python3.12/site-packages/airflow/example_dags/example_outlet_event_extra.py
[2025-03-31T19:20:56.651+0000] {processor.py:925} INFO - DAG(s) 'dataset_with_extra_from_classic_operator', 'dataset_with_extra_by_yield', 'dataset_with_extra_by_context' retrieved from /usr/local/python/3.12.1/lib/python3.12/site-packages/airflow/example_dags/example_outlet_event_extra.py
[2025-03-31T19:20:56.666+0000] {logging_mixin.py:190} INFO - [2025-03-31T19:20:56.666+0000] {dag.py:3239} INFO - Sync 3 DAGs
[2025-03-31T19:20:56.683+0000] {logging_mixin.py:190} INFO - [2025-03-31T19:20:56.683+0000] {dag.py:4180} INFO - Setting next_dagrun for dataset_with_extra_by_context to 2025-03-30 00:00:00+00:00, run_after=2025-03-31 00:00:00+00:00
[2025-03-31T19:20:56.687+0000] {logging_mixin.py:190} INFO - [2025-03-31T19:20:56.686+0000] {dag.py:4180} INFO - Setting next_dagrun for dataset_with_extra_by_yield to 2025-03-30 00:00:00+00:00, run_after=2025-03-31 00:00:00+00:00
[2025-03-31T19:20:56.688+0000] {logging_mixin.py:190} INFO - [2025-03-31T19:20:56.688+0000] {dag.py:4180} INFO - Setting next_dagrun for dataset_with_extra_from_classic_operator to 2025-03-30 00:00:00+00:00, run_after=2025-03-31 00:00:00+00:00
[2025-03-31T19:20:56.705+0000] {processor.py:208} INFO - Processing /usr/local/python/3.12.1/lib/python3.12/site-packages/airflow/example_dags/example_outlet_event_extra.py took 0.071 seconds
[2025-03-31T19:21:47.279+0000] {processor.py:186} INFO - Started process (PID=12943) to work on /usr/local/python/3.12.1/lib/python3.12/site-packages/airflow/example_dags/example_outlet_event_extra.py
[2025-03-31T19:21:47.280+0000] {processor.py:914} INFO - Processing file /usr/local/python/3.12.1/lib/python3.12/site-packages/airflow/example_dags/example_outlet_event_extra.py for tasks to queue
[2025-03-31T19:21:47.281+0000] {logging_mixin.py:190} INFO - [2025-03-31T19:21:47.281+0000] {dagbag.py:588} INFO - Filling up the DagBag from /usr/local/python/3.12.1/lib/python3.12/site-packages/airflow/example_dags/example_outlet_event_extra.py
[2025-03-31T19:21:47.292+0000] {processor.py:925} INFO - DAG(s) 'dataset_with_extra_by_yield', 'dataset_with_extra_by_context', 'dataset_with_extra_from_classic_operator' retrieved from /usr/local/python/3.12.1/lib/python3.12/site-packages/airflow/example_dags/example_outlet_event_extra.py
[2025-03-31T19:21:47.306+0000] {logging_mixin.py:190} INFO - [2025-03-31T19:21:47.306+0000] {dag.py:3239} INFO - Sync 3 DAGs
[2025-03-31T19:21:47.323+0000] {logging_mixin.py:190} INFO - [2025-03-31T19:21:47.323+0000] {dag.py:4180} INFO - Setting next_dagrun for dataset_with_extra_by_context to 2025-03-30 00:00:00+00:00, run_after=2025-03-31 00:00:00+00:00
[2025-03-31T19:21:47.327+0000] {logging_mixin.py:190} INFO - [2025-03-31T19:21:47.326+0000] {dag.py:4180} INFO - Setting next_dagrun for dataset_with_extra_by_yield to 2025-03-30 00:00:00+00:00, run_after=2025-03-31 00:00:00+00:00
[2025-03-31T19:21:47.328+0000] {logging_mixin.py:190} INFO - [2025-03-31T19:21:47.328+0000] {dag.py:4180} INFO - Setting next_dagrun for dataset_with_extra_from_classic_operator to 2025-03-30 00:00:00+00:00, run_after=2025-03-31 00:00:00+00:00
[2025-03-31T19:21:47.344+0000] {processor.py:208} INFO - Processing /usr/local/python/3.12.1/lib/python3.12/site-packages/airflow/example_dags/example_outlet_event_extra.py took 0.069 seconds
[2025-03-31T19:22:40.036+0000] {processor.py:186} INFO - Started process (PID=13381) to work on /usr/local/python/3.12.1/lib/python3.12/site-packages/airflow/example_dags/example_outlet_event_extra.py
[2025-03-31T19:22:40.037+0000] {processor.py:914} INFO - Processing file /usr/local/python/3.12.1/lib/python3.12/site-packages/airflow/example_dags/example_outlet_event_extra.py for tasks to queue
[2025-03-31T19:22:40.038+0000] {logging_mixin.py:190} INFO - [2025-03-31T19:22:40.038+0000] {dagbag.py:588} INFO - Filling up the DagBag from /usr/local/python/3.12.1/lib/python3.12/site-packages/airflow/example_dags/example_outlet_event_extra.py
[2025-03-31T19:22:40.049+0000] {processor.py:925} INFO - DAG(s) 'dataset_with_extra_from_classic_operator', 'dataset_with_extra_by_yield', 'dataset_with_extra_by_context' retrieved from /usr/local/python/3.12.1/lib/python3.12/site-packages/airflow/example_dags/example_outlet_event_extra.py
[2025-03-31T19:22:40.063+0000] {logging_mixin.py:190} INFO - [2025-03-31T19:22:40.063+0000] {dag.py:3239} INFO - Sync 3 DAGs
[2025-03-31T19:22:40.080+0000] {logging_mixin.py:190} INFO - [2025-03-31T19:22:40.080+0000] {dag.py:4180} INFO - Setting next_dagrun for dataset_with_extra_by_context to 2025-03-30 00:00:00+00:00, run_after=2025-03-31 00:00:00+00:00
[2025-03-31T19:22:40.083+0000] {logging_mixin.py:190} INFO - [2025-03-31T19:22:40.083+0000] {dag.py:4180} INFO - Setting next_dagrun for dataset_with_extra_by_yield to 2025-03-30 00:00:00+00:00, run_after=2025-03-31 00:00:00+00:00
[2025-03-31T19:22:40.085+0000] {logging_mixin.py:190} INFO - [2025-03-31T19:22:40.085+0000] {dag.py:4180} INFO - Setting next_dagrun for dataset_with_extra_from_classic_operator to 2025-03-30 00:00:00+00:00, run_after=2025-03-31 00:00:00+00:00
[2025-03-31T19:22:40.101+0000] {processor.py:208} INFO - Processing /usr/local/python/3.12.1/lib/python3.12/site-packages/airflow/example_dags/example_outlet_event_extra.py took 0.069 seconds
[2025-03-31T19:23:32.868+0000] {processor.py:186} INFO - Started process (PID=13800) to work on /usr/local/python/3.12.1/lib/python3.12/site-packages/airflow/example_dags/example_outlet_event_extra.py
[2025-03-31T19:23:32.868+0000] {processor.py:914} INFO - Processing file /usr/local/python/3.12.1/lib/python3.12/site-packages/airflow/example_dags/example_outlet_event_extra.py for tasks to queue
[2025-03-31T19:23:32.870+0000] {logging_mixin.py:190} INFO - [2025-03-31T19:23:32.870+0000] {dagbag.py:588} INFO - Filling up the DagBag from /usr/local/python/3.12.1/lib/python3.12/site-packages/airflow/example_dags/example_outlet_event_extra.py
[2025-03-31T19:23:32.881+0000] {processor.py:925} INFO - DAG(s) 'dataset_with_extra_by_yield', 'dataset_with_extra_by_context', 'dataset_with_extra_from_classic_operator' retrieved from /usr/local/python/3.12.1/lib/python3.12/site-packages/airflow/example_dags/example_outlet_event_extra.py
[2025-03-31T19:23:32.895+0000] {logging_mixin.py:190} INFO - [2025-03-31T19:23:32.894+0000] {dag.py:3239} INFO - Sync 3 DAGs
[2025-03-31T19:23:32.911+0000] {logging_mixin.py:190} INFO - [2025-03-31T19:23:32.911+0000] {dag.py:4180} INFO - Setting next_dagrun for dataset_with_extra_by_context to 2025-03-30 00:00:00+00:00, run_after=2025-03-31 00:00:00+00:00
[2025-03-31T19:23:32.914+0000] {logging_mixin.py:190} INFO - [2025-03-31T19:23:32.914+0000] {dag.py:4180} INFO - Setting next_dagrun for dataset_with_extra_by_yield to 2025-03-30 00:00:00+00:00, run_after=2025-03-31 00:00:00+00:00
[2025-03-31T19:23:32.916+0000] {logging_mixin.py:190} INFO - [2025-03-31T19:23:32.916+0000] {dag.py:4180} INFO - Setting next_dagrun for dataset_with_extra_from_classic_operator to 2025-03-30 00:00:00+00:00, run_after=2025-03-31 00:00:00+00:00
[2025-03-31T19:23:32.932+0000] {processor.py:208} INFO - Processing /usr/local/python/3.12.1/lib/python3.12/site-packages/airflow/example_dags/example_outlet_event_extra.py took 0.068 seconds
[2025-03-31T19:24:23.650+0000] {processor.py:186} INFO - Started process (PID=14207) to work on /usr/local/python/3.12.1/lib/python3.12/site-packages/airflow/example_dags/example_outlet_event_extra.py
[2025-03-31T19:24:23.651+0000] {processor.py:914} INFO - Processing file /usr/local/python/3.12.1/lib/python3.12/site-packages/airflow/example_dags/example_outlet_event_extra.py for tasks to queue
[2025-03-31T19:24:23.653+0000] {logging_mixin.py:190} INFO - [2025-03-31T19:24:23.653+0000] {dagbag.py:588} INFO - Filling up the DagBag from /usr/local/python/3.12.1/lib/python3.12/site-packages/airflow/example_dags/example_outlet_event_extra.py
[2025-03-31T19:24:23.670+0000] {processor.py:925} INFO - DAG(s) 'dataset_with_extra_by_yield', 'dataset_with_extra_by_context', 'dataset_with_extra_from_classic_operator' retrieved from /usr/local/python/3.12.1/lib/python3.12/site-packages/airflow/example_dags/example_outlet_event_extra.py
[2025-03-31T19:24:23.688+0000] {logging_mixin.py:190} INFO - [2025-03-31T19:24:23.687+0000] {dag.py:3239} INFO - Sync 3 DAGs
[2025-03-31T19:24:23.711+0000] {logging_mixin.py:190} INFO - [2025-03-31T19:24:23.711+0000] {dag.py:4180} INFO - Setting next_dagrun for dataset_with_extra_by_context to 2025-03-30 00:00:00+00:00, run_after=2025-03-31 00:00:00+00:00
[2025-03-31T19:24:23.716+0000] {logging_mixin.py:190} INFO - [2025-03-31T19:24:23.716+0000] {dag.py:4180} INFO - Setting next_dagrun for dataset_with_extra_by_yield to 2025-03-30 00:00:00+00:00, run_after=2025-03-31 00:00:00+00:00
[2025-03-31T19:24:23.718+0000] {logging_mixin.py:190} INFO - [2025-03-31T19:24:23.718+0000] {dag.py:4180} INFO - Setting next_dagrun for dataset_with_extra_from_classic_operator to 2025-03-30 00:00:00+00:00, run_after=2025-03-31 00:00:00+00:00
[2025-03-31T19:24:23.734+0000] {processor.py:208} INFO - Processing /usr/local/python/3.12.1/lib/python3.12/site-packages/airflow/example_dags/example_outlet_event_extra.py took 0.090 seconds
[2025-03-31T19:25:16.764+0000] {processor.py:186} INFO - Started process (PID=14626) to work on /usr/local/python/3.12.1/lib/python3.12/site-packages/airflow/example_dags/example_outlet_event_extra.py
[2025-03-31T19:25:16.765+0000] {processor.py:914} INFO - Processing file /usr/local/python/3.12.1/lib/python3.12/site-packages/airflow/example_dags/example_outlet_event_extra.py for tasks to queue
[2025-03-31T19:25:16.766+0000] {logging_mixin.py:190} INFO - [2025-03-31T19:25:16.766+0000] {dagbag.py:588} INFO - Filling up the DagBag from /usr/local/python/3.12.1/lib/python3.12/site-packages/airflow/example_dags/example_outlet_event_extra.py
[2025-03-31T19:25:16.777+0000] {processor.py:925} INFO - DAG(s) 'dataset_with_extra_from_classic_operator', 'dataset_with_extra_by_context', 'dataset_with_extra_by_yield' retrieved from /usr/local/python/3.12.1/lib/python3.12/site-packages/airflow/example_dags/example_outlet_event_extra.py
[2025-03-31T19:25:16.791+0000] {logging_mixin.py:190} INFO - [2025-03-31T19:25:16.791+0000] {dag.py:3239} INFO - Sync 3 DAGs
[2025-03-31T19:25:16.808+0000] {logging_mixin.py:190} INFO - [2025-03-31T19:25:16.808+0000] {dag.py:4180} INFO - Setting next_dagrun for dataset_with_extra_by_context to 2025-03-30 00:00:00+00:00, run_after=2025-03-31 00:00:00+00:00
[2025-03-31T19:25:16.812+0000] {logging_mixin.py:190} INFO - [2025-03-31T19:25:16.811+0000] {dag.py:4180} INFO - Setting next_dagrun for dataset_with_extra_by_yield to 2025-03-30 00:00:00+00:00, run_after=2025-03-31 00:00:00+00:00
[2025-03-31T19:25:16.813+0000] {logging_mixin.py:190} INFO - [2025-03-31T19:25:16.813+0000] {dag.py:4180} INFO - Setting next_dagrun for dataset_with_extra_from_classic_operator to 2025-03-30 00:00:00+00:00, run_after=2025-03-31 00:00:00+00:00
[2025-03-31T19:25:16.829+0000] {processor.py:208} INFO - Processing /usr/local/python/3.12.1/lib/python3.12/site-packages/airflow/example_dags/example_outlet_event_extra.py took 0.069 seconds
[2025-03-31T19:26:09.291+0000] {processor.py:186} INFO - Started process (PID=15083) to work on /usr/local/python/3.12.1/lib/python3.12/site-packages/airflow/example_dags/example_outlet_event_extra.py
[2025-03-31T19:26:09.291+0000] {processor.py:914} INFO - Processing file /usr/local/python/3.12.1/lib/python3.12/site-packages/airflow/example_dags/example_outlet_event_extra.py for tasks to queue
[2025-03-31T19:26:09.293+0000] {logging_mixin.py:190} INFO - [2025-03-31T19:26:09.293+0000] {dagbag.py:588} INFO - Filling up the DagBag from /usr/local/python/3.12.1/lib/python3.12/site-packages/airflow/example_dags/example_outlet_event_extra.py
[2025-03-31T19:26:09.305+0000] {processor.py:925} INFO - DAG(s) 'dataset_with_extra_by_yield', 'dataset_with_extra_from_classic_operator', 'dataset_with_extra_by_context' retrieved from /usr/local/python/3.12.1/lib/python3.12/site-packages/airflow/example_dags/example_outlet_event_extra.py
[2025-03-31T19:26:09.320+0000] {logging_mixin.py:190} INFO - [2025-03-31T19:26:09.320+0000] {dag.py:3239} INFO - Sync 3 DAGs
[2025-03-31T19:26:09.341+0000] {logging_mixin.py:190} INFO - [2025-03-31T19:26:09.341+0000] {dag.py:4180} INFO - Setting next_dagrun for dataset_with_extra_by_context to 2025-03-30 00:00:00+00:00, run_after=2025-03-31 00:00:00+00:00
[2025-03-31T19:26:09.345+0000] {logging_mixin.py:190} INFO - [2025-03-31T19:26:09.345+0000] {dag.py:4180} INFO - Setting next_dagrun for dataset_with_extra_by_yield to 2025-03-30 00:00:00+00:00, run_after=2025-03-31 00:00:00+00:00
[2025-03-31T19:26:09.347+0000] {logging_mixin.py:190} INFO - [2025-03-31T19:26:09.347+0000] {dag.py:4180} INFO - Setting next_dagrun for dataset_with_extra_from_classic_operator to 2025-03-30 00:00:00+00:00, run_after=2025-03-31 00:00:00+00:00
[2025-03-31T19:26:09.366+0000] {processor.py:208} INFO - Processing /usr/local/python/3.12.1/lib/python3.12/site-packages/airflow/example_dags/example_outlet_event_extra.py took 0.079 seconds
[2025-03-31T19:27:01.775+0000] {processor.py:186} INFO - Started process (PID=15553) to work on /usr/local/python/3.12.1/lib/python3.12/site-packages/airflow/example_dags/example_outlet_event_extra.py
[2025-03-31T19:27:01.775+0000] {processor.py:914} INFO - Processing file /usr/local/python/3.12.1/lib/python3.12/site-packages/airflow/example_dags/example_outlet_event_extra.py for tasks to queue
[2025-03-31T19:27:01.777+0000] {logging_mixin.py:190} INFO - [2025-03-31T19:27:01.776+0000] {dagbag.py:588} INFO - Filling up the DagBag from /usr/local/python/3.12.1/lib/python3.12/site-packages/airflow/example_dags/example_outlet_event_extra.py
[2025-03-31T19:27:01.787+0000] {processor.py:925} INFO - DAG(s) 'dataset_with_extra_by_yield', 'dataset_with_extra_by_context', 'dataset_with_extra_from_classic_operator' retrieved from /usr/local/python/3.12.1/lib/python3.12/site-packages/airflow/example_dags/example_outlet_event_extra.py
[2025-03-31T19:27:01.801+0000] {logging_mixin.py:190} INFO - [2025-03-31T19:27:01.801+0000] {dag.py:3239} INFO - Sync 3 DAGs
[2025-03-31T19:27:01.818+0000] {logging_mixin.py:190} INFO - [2025-03-31T19:27:01.817+0000] {dag.py:4180} INFO - Setting next_dagrun for dataset_with_extra_by_context to 2025-03-30 00:00:00+00:00, run_after=2025-03-31 00:00:00+00:00
[2025-03-31T19:27:01.821+0000] {logging_mixin.py:190} INFO - [2025-03-31T19:27:01.821+0000] {dag.py:4180} INFO - Setting next_dagrun for dataset_with_extra_by_yield to 2025-03-30 00:00:00+00:00, run_after=2025-03-31 00:00:00+00:00
[2025-03-31T19:27:01.823+0000] {logging_mixin.py:190} INFO - [2025-03-31T19:27:01.823+0000] {dag.py:4180} INFO - Setting next_dagrun for dataset_with_extra_from_classic_operator to 2025-03-30 00:00:00+00:00, run_after=2025-03-31 00:00:00+00:00
[2025-03-31T19:27:01.839+0000] {processor.py:208} INFO - Processing /usr/local/python/3.12.1/lib/python3.12/site-packages/airflow/example_dags/example_outlet_event_extra.py took 0.068 seconds
[2025-03-31T19:27:52.665+0000] {processor.py:186} INFO - Started process (PID=15959) to work on /usr/local/python/3.12.1/lib/python3.12/site-packages/airflow/example_dags/example_outlet_event_extra.py
[2025-03-31T19:27:52.666+0000] {processor.py:914} INFO - Processing file /usr/local/python/3.12.1/lib/python3.12/site-packages/airflow/example_dags/example_outlet_event_extra.py for tasks to queue
[2025-03-31T19:27:52.667+0000] {logging_mixin.py:190} INFO - [2025-03-31T19:27:52.667+0000] {dagbag.py:588} INFO - Filling up the DagBag from /usr/local/python/3.12.1/lib/python3.12/site-packages/airflow/example_dags/example_outlet_event_extra.py
[2025-03-31T19:27:52.678+0000] {processor.py:925} INFO - DAG(s) 'dataset_with_extra_by_yield', 'dataset_with_extra_from_classic_operator', 'dataset_with_extra_by_context' retrieved from /usr/local/python/3.12.1/lib/python3.12/site-packages/airflow/example_dags/example_outlet_event_extra.py
[2025-03-31T19:27:52.695+0000] {logging_mixin.py:190} INFO - [2025-03-31T19:27:52.695+0000] {dag.py:3239} INFO - Sync 3 DAGs
[2025-03-31T19:27:52.715+0000] {logging_mixin.py:190} INFO - [2025-03-31T19:27:52.715+0000] {dag.py:4180} INFO - Setting next_dagrun for dataset_with_extra_by_context to 2025-03-30 00:00:00+00:00, run_after=2025-03-31 00:00:00+00:00
[2025-03-31T19:27:52.719+0000] {logging_mixin.py:190} INFO - [2025-03-31T19:27:52.718+0000] {dag.py:4180} INFO - Setting next_dagrun for dataset_with_extra_by_yield to 2025-03-30 00:00:00+00:00, run_after=2025-03-31 00:00:00+00:00
[2025-03-31T19:27:52.721+0000] {logging_mixin.py:190} INFO - [2025-03-31T19:27:52.721+0000] {dag.py:4180} INFO - Setting next_dagrun for dataset_with_extra_from_classic_operator to 2025-03-30 00:00:00+00:00, run_after=2025-03-31 00:00:00+00:00
[2025-03-31T19:27:52.736+0000] {processor.py:208} INFO - Processing /usr/local/python/3.12.1/lib/python3.12/site-packages/airflow/example_dags/example_outlet_event_extra.py took 0.075 seconds
[2025-03-31T19:29:15.359+0000] {processor.py:186} INFO - Started process (PID=16778) to work on /usr/local/python/3.12.1/lib/python3.12/site-packages/airflow/example_dags/example_outlet_event_extra.py
[2025-03-31T19:29:15.359+0000] {processor.py:914} INFO - Processing file /usr/local/python/3.12.1/lib/python3.12/site-packages/airflow/example_dags/example_outlet_event_extra.py for tasks to queue
[2025-03-31T19:29:15.361+0000] {logging_mixin.py:190} INFO - [2025-03-31T19:29:15.361+0000] {dagbag.py:588} INFO - Filling up the DagBag from /usr/local/python/3.12.1/lib/python3.12/site-packages/airflow/example_dags/example_outlet_event_extra.py
[2025-03-31T19:29:15.371+0000] {processor.py:925} INFO - DAG(s) 'dataset_with_extra_by_context', 'dataset_with_extra_from_classic_operator', 'dataset_with_extra_by_yield' retrieved from /usr/local/python/3.12.1/lib/python3.12/site-packages/airflow/example_dags/example_outlet_event_extra.py
[2025-03-31T19:29:15.387+0000] {logging_mixin.py:190} INFO - [2025-03-31T19:29:15.386+0000] {dag.py:3239} INFO - Sync 3 DAGs
[2025-03-31T19:29:15.403+0000] {logging_mixin.py:190} INFO - [2025-03-31T19:29:15.403+0000] {dag.py:4180} INFO - Setting next_dagrun for dataset_with_extra_by_context to 2025-03-30 00:00:00+00:00, run_after=2025-03-31 00:00:00+00:00
[2025-03-31T19:29:15.407+0000] {logging_mixin.py:190} INFO - [2025-03-31T19:29:15.407+0000] {dag.py:4180} INFO - Setting next_dagrun for dataset_with_extra_by_yield to 2025-03-30 00:00:00+00:00, run_after=2025-03-31 00:00:00+00:00
[2025-03-31T19:29:15.409+0000] {logging_mixin.py:190} INFO - [2025-03-31T19:29:15.409+0000] {dag.py:4180} INFO - Setting next_dagrun for dataset_with_extra_from_classic_operator to 2025-03-30 00:00:00+00:00, run_after=2025-03-31 00:00:00+00:00
[2025-03-31T19:29:15.428+0000] {processor.py:208} INFO - Processing /usr/local/python/3.12.1/lib/python3.12/site-packages/airflow/example_dags/example_outlet_event_extra.py took 0.073 seconds
[2025-03-31T19:30:14.632+0000] {processor.py:186} INFO - Started process (PID=17249) to work on /usr/local/python/3.12.1/lib/python3.12/site-packages/airflow/example_dags/example_outlet_event_extra.py
[2025-03-31T19:30:14.633+0000] {processor.py:914} INFO - Processing file /usr/local/python/3.12.1/lib/python3.12/site-packages/airflow/example_dags/example_outlet_event_extra.py for tasks to queue
[2025-03-31T19:30:14.634+0000] {logging_mixin.py:190} INFO - [2025-03-31T19:30:14.634+0000] {dagbag.py:588} INFO - Filling up the DagBag from /usr/local/python/3.12.1/lib/python3.12/site-packages/airflow/example_dags/example_outlet_event_extra.py
[2025-03-31T19:30:14.645+0000] {processor.py:925} INFO - DAG(s) 'dataset_with_extra_by_context', 'dataset_with_extra_by_yield', 'dataset_with_extra_from_classic_operator' retrieved from /usr/local/python/3.12.1/lib/python3.12/site-packages/airflow/example_dags/example_outlet_event_extra.py
[2025-03-31T19:30:14.660+0000] {logging_mixin.py:190} INFO - [2025-03-31T19:30:14.659+0000] {dag.py:3239} INFO - Sync 3 DAGs
[2025-03-31T19:30:14.676+0000] {logging_mixin.py:190} INFO - [2025-03-31T19:30:14.676+0000] {dag.py:4180} INFO - Setting next_dagrun for dataset_with_extra_by_context to 2025-03-30 00:00:00+00:00, run_after=2025-03-31 00:00:00+00:00
[2025-03-31T19:30:14.680+0000] {logging_mixin.py:190} INFO - [2025-03-31T19:30:14.680+0000] {dag.py:4180} INFO - Setting next_dagrun for dataset_with_extra_by_yield to 2025-03-30 00:00:00+00:00, run_after=2025-03-31 00:00:00+00:00
[2025-03-31T19:30:14.682+0000] {logging_mixin.py:190} INFO - [2025-03-31T19:30:14.682+0000] {dag.py:4180} INFO - Setting next_dagrun for dataset_with_extra_from_classic_operator to 2025-03-30 00:00:00+00:00, run_after=2025-03-31 00:00:00+00:00
[2025-03-31T19:30:14.698+0000] {processor.py:208} INFO - Processing /usr/local/python/3.12.1/lib/python3.12/site-packages/airflow/example_dags/example_outlet_event_extra.py took 0.070 seconds
[2025-03-31T19:31:11.315+0000] {processor.py:186} INFO - Started process (PID=17689) to work on /usr/local/python/3.12.1/lib/python3.12/site-packages/airflow/example_dags/example_outlet_event_extra.py
[2025-03-31T19:31:11.316+0000] {processor.py:914} INFO - Processing file /usr/local/python/3.12.1/lib/python3.12/site-packages/airflow/example_dags/example_outlet_event_extra.py for tasks to queue
[2025-03-31T19:31:11.317+0000] {logging_mixin.py:190} INFO - [2025-03-31T19:31:11.317+0000] {dagbag.py:588} INFO - Filling up the DagBag from /usr/local/python/3.12.1/lib/python3.12/site-packages/airflow/example_dags/example_outlet_event_extra.py
[2025-03-31T19:31:11.328+0000] {processor.py:925} INFO - DAG(s) 'dataset_with_extra_by_context', 'dataset_with_extra_from_classic_operator', 'dataset_with_extra_by_yield' retrieved from /usr/local/python/3.12.1/lib/python3.12/site-packages/airflow/example_dags/example_outlet_event_extra.py
[2025-03-31T19:31:11.342+0000] {logging_mixin.py:190} INFO - [2025-03-31T19:31:11.342+0000] {dag.py:3239} INFO - Sync 3 DAGs
[2025-03-31T19:31:11.359+0000] {logging_mixin.py:190} INFO - [2025-03-31T19:31:11.359+0000] {dag.py:4180} INFO - Setting next_dagrun for dataset_with_extra_by_context to 2025-03-30 00:00:00+00:00, run_after=2025-03-31 00:00:00+00:00
[2025-03-31T19:31:11.363+0000] {logging_mixin.py:190} INFO - [2025-03-31T19:31:11.363+0000] {dag.py:4180} INFO - Setting next_dagrun for dataset_with_extra_by_yield to 2025-03-30 00:00:00+00:00, run_after=2025-03-31 00:00:00+00:00
[2025-03-31T19:31:11.365+0000] {logging_mixin.py:190} INFO - [2025-03-31T19:31:11.364+0000] {dag.py:4180} INFO - Setting next_dagrun for dataset_with_extra_from_classic_operator to 2025-03-30 00:00:00+00:00, run_after=2025-03-31 00:00:00+00:00
[2025-03-31T19:31:11.380+0000] {processor.py:208} INFO - Processing /usr/local/python/3.12.1/lib/python3.12/site-packages/airflow/example_dags/example_outlet_event_extra.py took 0.069 seconds
[2025-03-31T19:32:08.911+0000] {processor.py:186} INFO - Started process (PID=18157) to work on /usr/local/python/3.12.1/lib/python3.12/site-packages/airflow/example_dags/example_outlet_event_extra.py
[2025-03-31T19:32:08.911+0000] {processor.py:914} INFO - Processing file /usr/local/python/3.12.1/lib/python3.12/site-packages/airflow/example_dags/example_outlet_event_extra.py for tasks to queue
[2025-03-31T19:32:08.913+0000] {logging_mixin.py:190} INFO - [2025-03-31T19:32:08.912+0000] {dagbag.py:588} INFO - Filling up the DagBag from /usr/local/python/3.12.1/lib/python3.12/site-packages/airflow/example_dags/example_outlet_event_extra.py
[2025-03-31T19:32:08.923+0000] {processor.py:925} INFO - DAG(s) 'dataset_with_extra_by_yield', 'dataset_with_extra_from_classic_operator', 'dataset_with_extra_by_context' retrieved from /usr/local/python/3.12.1/lib/python3.12/site-packages/airflow/example_dags/example_outlet_event_extra.py
[2025-03-31T19:32:08.937+0000] {logging_mixin.py:190} INFO - [2025-03-31T19:32:08.937+0000] {dag.py:3239} INFO - Sync 3 DAGs
[2025-03-31T19:32:08.954+0000] {logging_mixin.py:190} INFO - [2025-03-31T19:32:08.954+0000] {dag.py:4180} INFO - Setting next_dagrun for dataset_with_extra_by_context to 2025-03-30 00:00:00+00:00, run_after=2025-03-31 00:00:00+00:00
[2025-03-31T19:32:08.958+0000] {logging_mixin.py:190} INFO - [2025-03-31T19:32:08.958+0000] {dag.py:4180} INFO - Setting next_dagrun for dataset_with_extra_by_yield to 2025-03-30 00:00:00+00:00, run_after=2025-03-31 00:00:00+00:00
[2025-03-31T19:32:08.960+0000] {logging_mixin.py:190} INFO - [2025-03-31T19:32:08.959+0000] {dag.py:4180} INFO - Setting next_dagrun for dataset_with_extra_from_classic_operator to 2025-03-30 00:00:00+00:00, run_after=2025-03-31 00:00:00+00:00
[2025-03-31T19:32:08.977+0000] {processor.py:208} INFO - Processing /usr/local/python/3.12.1/lib/python3.12/site-packages/airflow/example_dags/example_outlet_event_extra.py took 0.070 seconds
[2025-03-31T19:33:05.325+0000] {processor.py:186} INFO - Started process (PID=18610) to work on /usr/local/python/3.12.1/lib/python3.12/site-packages/airflow/example_dags/example_outlet_event_extra.py
[2025-03-31T19:33:05.326+0000] {processor.py:914} INFO - Processing file /usr/local/python/3.12.1/lib/python3.12/site-packages/airflow/example_dags/example_outlet_event_extra.py for tasks to queue
[2025-03-31T19:33:05.327+0000] {logging_mixin.py:190} INFO - [2025-03-31T19:33:05.327+0000] {dagbag.py:588} INFO - Filling up the DagBag from /usr/local/python/3.12.1/lib/python3.12/site-packages/airflow/example_dags/example_outlet_event_extra.py
[2025-03-31T19:33:05.338+0000] {processor.py:925} INFO - DAG(s) 'dataset_with_extra_from_classic_operator', 'dataset_with_extra_by_yield', 'dataset_with_extra_by_context' retrieved from /usr/local/python/3.12.1/lib/python3.12/site-packages/airflow/example_dags/example_outlet_event_extra.py
[2025-03-31T19:33:05.352+0000] {logging_mixin.py:190} INFO - [2025-03-31T19:33:05.352+0000] {dag.py:3239} INFO - Sync 3 DAGs
[2025-03-31T19:33:05.368+0000] {logging_mixin.py:190} INFO - [2025-03-31T19:33:05.368+0000] {dag.py:4180} INFO - Setting next_dagrun for dataset_with_extra_by_context to 2025-03-30 00:00:00+00:00, run_after=2025-03-31 00:00:00+00:00
[2025-03-31T19:33:05.372+0000] {logging_mixin.py:190} INFO - [2025-03-31T19:33:05.372+0000] {dag.py:4180} INFO - Setting next_dagrun for dataset_with_extra_by_yield to 2025-03-30 00:00:00+00:00, run_after=2025-03-31 00:00:00+00:00
[2025-03-31T19:33:05.373+0000] {logging_mixin.py:190} INFO - [2025-03-31T19:33:05.373+0000] {dag.py:4180} INFO - Setting next_dagrun for dataset_with_extra_from_classic_operator to 2025-03-30 00:00:00+00:00, run_after=2025-03-31 00:00:00+00:00
[2025-03-31T19:33:05.389+0000] {processor.py:208} INFO - Processing /usr/local/python/3.12.1/lib/python3.12/site-packages/airflow/example_dags/example_outlet_event_extra.py took 0.068 seconds
[2025-03-31T19:34:03.771+0000] {processor.py:186} INFO - Started process (PID=19065) to work on /usr/local/python/3.12.1/lib/python3.12/site-packages/airflow/example_dags/example_outlet_event_extra.py
[2025-03-31T19:34:03.772+0000] {processor.py:914} INFO - Processing file /usr/local/python/3.12.1/lib/python3.12/site-packages/airflow/example_dags/example_outlet_event_extra.py for tasks to queue
[2025-03-31T19:34:03.773+0000] {logging_mixin.py:190} INFO - [2025-03-31T19:34:03.773+0000] {dagbag.py:588} INFO - Filling up the DagBag from /usr/local/python/3.12.1/lib/python3.12/site-packages/airflow/example_dags/example_outlet_event_extra.py
[2025-03-31T19:34:03.784+0000] {processor.py:925} INFO - DAG(s) 'dataset_with_extra_from_classic_operator', 'dataset_with_extra_by_yield', 'dataset_with_extra_by_context' retrieved from /usr/local/python/3.12.1/lib/python3.12/site-packages/airflow/example_dags/example_outlet_event_extra.py
[2025-03-31T19:34:03.798+0000] {logging_mixin.py:190} INFO - [2025-03-31T19:34:03.798+0000] {dag.py:3239} INFO - Sync 3 DAGs
[2025-03-31T19:34:03.815+0000] {logging_mixin.py:190} INFO - [2025-03-31T19:34:03.815+0000] {dag.py:4180} INFO - Setting next_dagrun for dataset_with_extra_by_context to 2025-03-30 00:00:00+00:00, run_after=2025-03-31 00:00:00+00:00
[2025-03-31T19:34:03.819+0000] {logging_mixin.py:190} INFO - [2025-03-31T19:34:03.818+0000] {dag.py:4180} INFO - Setting next_dagrun for dataset_with_extra_by_yield to 2025-03-30 00:00:00+00:00, run_after=2025-03-31 00:00:00+00:00
[2025-03-31T19:34:03.820+0000] {logging_mixin.py:190} INFO - [2025-03-31T19:34:03.820+0000] {dag.py:4180} INFO - Setting next_dagrun for dataset_with_extra_from_classic_operator to 2025-03-30 00:00:00+00:00, run_after=2025-03-31 00:00:00+00:00
[2025-03-31T19:34:03.836+0000] {processor.py:208} INFO - Processing /usr/local/python/3.12.1/lib/python3.12/site-packages/airflow/example_dags/example_outlet_event_extra.py took 0.069 seconds
[2025-03-31T19:35:00.324+0000] {processor.py:186} INFO - Started process (PID=19554) to work on /usr/local/python/3.12.1/lib/python3.12/site-packages/airflow/example_dags/example_outlet_event_extra.py
[2025-03-31T19:35:00.325+0000] {processor.py:914} INFO - Processing file /usr/local/python/3.12.1/lib/python3.12/site-packages/airflow/example_dags/example_outlet_event_extra.py for tasks to queue
[2025-03-31T19:35:00.326+0000] {logging_mixin.py:190} INFO - [2025-03-31T19:35:00.326+0000] {dagbag.py:588} INFO - Filling up the DagBag from /usr/local/python/3.12.1/lib/python3.12/site-packages/airflow/example_dags/example_outlet_event_extra.py
[2025-03-31T19:35:00.337+0000] {processor.py:925} INFO - DAG(s) 'dataset_with_extra_by_yield', 'dataset_with_extra_from_classic_operator', 'dataset_with_extra_by_context' retrieved from /usr/local/python/3.12.1/lib/python3.12/site-packages/airflow/example_dags/example_outlet_event_extra.py
[2025-03-31T19:35:00.351+0000] {logging_mixin.py:190} INFO - [2025-03-31T19:35:00.351+0000] {dag.py:3239} INFO - Sync 3 DAGs
[2025-03-31T19:35:00.368+0000] {logging_mixin.py:190} INFO - [2025-03-31T19:35:00.368+0000] {dag.py:4180} INFO - Setting next_dagrun for dataset_with_extra_by_context to 2025-03-30 00:00:00+00:00, run_after=2025-03-31 00:00:00+00:00
[2025-03-31T19:35:00.372+0000] {logging_mixin.py:190} INFO - [2025-03-31T19:35:00.371+0000] {dag.py:4180} INFO - Setting next_dagrun for dataset_with_extra_by_yield to 2025-03-30 00:00:00+00:00, run_after=2025-03-31 00:00:00+00:00
[2025-03-31T19:35:00.373+0000] {logging_mixin.py:190} INFO - [2025-03-31T19:35:00.373+0000] {dag.py:4180} INFO - Setting next_dagrun for dataset_with_extra_from_classic_operator to 2025-03-30 00:00:00+00:00, run_after=2025-03-31 00:00:00+00:00
[2025-03-31T19:35:00.389+0000] {processor.py:208} INFO - Processing /usr/local/python/3.12.1/lib/python3.12/site-packages/airflow/example_dags/example_outlet_event_extra.py took 0.069 seconds
[2025-03-31T19:35:58.133+0000] {processor.py:186} INFO - Started process (PID=20013) to work on /usr/local/python/3.12.1/lib/python3.12/site-packages/airflow/example_dags/example_outlet_event_extra.py
[2025-03-31T19:35:58.134+0000] {processor.py:914} INFO - Processing file /usr/local/python/3.12.1/lib/python3.12/site-packages/airflow/example_dags/example_outlet_event_extra.py for tasks to queue
[2025-03-31T19:35:58.136+0000] {logging_mixin.py:190} INFO - [2025-03-31T19:35:58.135+0000] {dagbag.py:588} INFO - Filling up the DagBag from /usr/local/python/3.12.1/lib/python3.12/site-packages/airflow/example_dags/example_outlet_event_extra.py
[2025-03-31T19:35:58.148+0000] {processor.py:925} INFO - DAG(s) 'dataset_with_extra_by_context', 'dataset_with_extra_by_yield', 'dataset_with_extra_from_classic_operator' retrieved from /usr/local/python/3.12.1/lib/python3.12/site-packages/airflow/example_dags/example_outlet_event_extra.py
[2025-03-31T19:35:58.163+0000] {logging_mixin.py:190} INFO - [2025-03-31T19:35:58.163+0000] {dag.py:3239} INFO - Sync 3 DAGs
[2025-03-31T19:35:58.184+0000] {logging_mixin.py:190} INFO - [2025-03-31T19:35:58.184+0000] {dag.py:4180} INFO - Setting next_dagrun for dataset_with_extra_by_context to 2025-03-30 00:00:00+00:00, run_after=2025-03-31 00:00:00+00:00
[2025-03-31T19:35:58.189+0000] {logging_mixin.py:190} INFO - [2025-03-31T19:35:58.189+0000] {dag.py:4180} INFO - Setting next_dagrun for dataset_with_extra_by_yield to 2025-03-30 00:00:00+00:00, run_after=2025-03-31 00:00:00+00:00
[2025-03-31T19:35:58.192+0000] {logging_mixin.py:190} INFO - [2025-03-31T19:35:58.191+0000] {dag.py:4180} INFO - Setting next_dagrun for dataset_with_extra_from_classic_operator to 2025-03-30 00:00:00+00:00, run_after=2025-03-31 00:00:00+00:00
[2025-03-31T19:35:58.213+0000] {processor.py:208} INFO - Processing /usr/local/python/3.12.1/lib/python3.12/site-packages/airflow/example_dags/example_outlet_event_extra.py took 0.084 seconds
[2025-03-31T19:36:53.458+0000] {processor.py:186} INFO - Started process (PID=20469) to work on /usr/local/python/3.12.1/lib/python3.12/site-packages/airflow/example_dags/example_outlet_event_extra.py
[2025-03-31T19:36:53.458+0000] {processor.py:914} INFO - Processing file /usr/local/python/3.12.1/lib/python3.12/site-packages/airflow/example_dags/example_outlet_event_extra.py for tasks to queue
[2025-03-31T19:36:53.460+0000] {logging_mixin.py:190} INFO - [2025-03-31T19:36:53.459+0000] {dagbag.py:588} INFO - Filling up the DagBag from /usr/local/python/3.12.1/lib/python3.12/site-packages/airflow/example_dags/example_outlet_event_extra.py
[2025-03-31T19:36:53.470+0000] {processor.py:925} INFO - DAG(s) 'dataset_with_extra_by_context', 'dataset_with_extra_from_classic_operator', 'dataset_with_extra_by_yield' retrieved from /usr/local/python/3.12.1/lib/python3.12/site-packages/airflow/example_dags/example_outlet_event_extra.py
[2025-03-31T19:36:53.485+0000] {logging_mixin.py:190} INFO - [2025-03-31T19:36:53.484+0000] {dag.py:3239} INFO - Sync 3 DAGs
[2025-03-31T19:36:53.502+0000] {logging_mixin.py:190} INFO - [2025-03-31T19:36:53.502+0000] {dag.py:4180} INFO - Setting next_dagrun for dataset_with_extra_by_context to 2025-03-30 00:00:00+00:00, run_after=2025-03-31 00:00:00+00:00
[2025-03-31T19:36:53.505+0000] {logging_mixin.py:190} INFO - [2025-03-31T19:36:53.505+0000] {dag.py:4180} INFO - Setting next_dagrun for dataset_with_extra_by_yield to 2025-03-30 00:00:00+00:00, run_after=2025-03-31 00:00:00+00:00
[2025-03-31T19:36:53.507+0000] {logging_mixin.py:190} INFO - [2025-03-31T19:36:53.507+0000] {dag.py:4180} INFO - Setting next_dagrun for dataset_with_extra_from_classic_operator to 2025-03-30 00:00:00+00:00, run_after=2025-03-31 00:00:00+00:00
[2025-03-31T19:36:53.524+0000] {processor.py:208} INFO - Processing /usr/local/python/3.12.1/lib/python3.12/site-packages/airflow/example_dags/example_outlet_event_extra.py took 0.070 seconds
[2025-03-31T19:37:49.474+0000] {processor.py:186} INFO - Started process (PID=20925) to work on /usr/local/python/3.12.1/lib/python3.12/site-packages/airflow/example_dags/example_outlet_event_extra.py
[2025-03-31T19:37:49.475+0000] {processor.py:914} INFO - Processing file /usr/local/python/3.12.1/lib/python3.12/site-packages/airflow/example_dags/example_outlet_event_extra.py for tasks to queue
[2025-03-31T19:37:49.476+0000] {logging_mixin.py:190} INFO - [2025-03-31T19:37:49.476+0000] {dagbag.py:588} INFO - Filling up the DagBag from /usr/local/python/3.12.1/lib/python3.12/site-packages/airflow/example_dags/example_outlet_event_extra.py
[2025-03-31T19:37:49.487+0000] {processor.py:925} INFO - DAG(s) 'dataset_with_extra_from_classic_operator', 'dataset_with_extra_by_yield', 'dataset_with_extra_by_context' retrieved from /usr/local/python/3.12.1/lib/python3.12/site-packages/airflow/example_dags/example_outlet_event_extra.py
[2025-03-31T19:37:49.501+0000] {logging_mixin.py:190} INFO - [2025-03-31T19:37:49.500+0000] {dag.py:3239} INFO - Sync 3 DAGs
[2025-03-31T19:37:49.517+0000] {logging_mixin.py:190} INFO - [2025-03-31T19:37:49.517+0000] {dag.py:4180} INFO - Setting next_dagrun for dataset_with_extra_by_context to 2025-03-30 00:00:00+00:00, run_after=2025-03-31 00:00:00+00:00
[2025-03-31T19:37:49.520+0000] {logging_mixin.py:190} INFO - [2025-03-31T19:37:49.520+0000] {dag.py:4180} INFO - Setting next_dagrun for dataset_with_extra_by_yield to 2025-03-30 00:00:00+00:00, run_after=2025-03-31 00:00:00+00:00
[2025-03-31T19:37:49.522+0000] {logging_mixin.py:190} INFO - [2025-03-31T19:37:49.522+0000] {dag.py:4180} INFO - Setting next_dagrun for dataset_with_extra_from_classic_operator to 2025-03-30 00:00:00+00:00, run_after=2025-03-31 00:00:00+00:00
[2025-03-31T19:37:49.537+0000] {processor.py:208} INFO - Processing /usr/local/python/3.12.1/lib/python3.12/site-packages/airflow/example_dags/example_outlet_event_extra.py took 0.067 seconds
[2025-03-31T19:38:45.264+0000] {processor.py:186} INFO - Started process (PID=21352) to work on /usr/local/python/3.12.1/lib/python3.12/site-packages/airflow/example_dags/example_outlet_event_extra.py
[2025-03-31T19:38:45.264+0000] {processor.py:914} INFO - Processing file /usr/local/python/3.12.1/lib/python3.12/site-packages/airflow/example_dags/example_outlet_event_extra.py for tasks to queue
[2025-03-31T19:38:45.266+0000] {logging_mixin.py:190} INFO - [2025-03-31T19:38:45.265+0000] {dagbag.py:588} INFO - Filling up the DagBag from /usr/local/python/3.12.1/lib/python3.12/site-packages/airflow/example_dags/example_outlet_event_extra.py
[2025-03-31T19:38:45.277+0000] {processor.py:925} INFO - DAG(s) 'dataset_with_extra_from_classic_operator', 'dataset_with_extra_by_context', 'dataset_with_extra_by_yield' retrieved from /usr/local/python/3.12.1/lib/python3.12/site-packages/airflow/example_dags/example_outlet_event_extra.py
[2025-03-31T19:38:45.293+0000] {logging_mixin.py:190} INFO - [2025-03-31T19:38:45.292+0000] {dag.py:3239} INFO - Sync 3 DAGs
[2025-03-31T19:38:45.311+0000] {logging_mixin.py:190} INFO - [2025-03-31T19:38:45.311+0000] {dag.py:4180} INFO - Setting next_dagrun for dataset_with_extra_by_context to 2025-03-30 00:00:00+00:00, run_after=2025-03-31 00:00:00+00:00
[2025-03-31T19:38:45.314+0000] {logging_mixin.py:190} INFO - [2025-03-31T19:38:45.314+0000] {dag.py:4180} INFO - Setting next_dagrun for dataset_with_extra_by_yield to 2025-03-30 00:00:00+00:00, run_after=2025-03-31 00:00:00+00:00
[2025-03-31T19:38:45.316+0000] {logging_mixin.py:190} INFO - [2025-03-31T19:38:45.316+0000] {dag.py:4180} INFO - Setting next_dagrun for dataset_with_extra_from_classic_operator to 2025-03-30 00:00:00+00:00, run_after=2025-03-31 00:00:00+00:00
[2025-03-31T19:38:45.331+0000] {processor.py:208} INFO - Processing /usr/local/python/3.12.1/lib/python3.12/site-packages/airflow/example_dags/example_outlet_event_extra.py took 0.072 seconds
