[2025-03-31T19:06:48.374+0000] {processor.py:186} INFO - Started process (PID=5383) to work on /usr/local/python/3.12.1/lib/python3.12/site-packages/airflow/example_dags/example_external_task_marker_dag.py
[2025-03-31T19:06:48.374+0000] {processor.py:914} INFO - Processing file /usr/local/python/3.12.1/lib/python3.12/site-packages/airflow/example_dags/example_external_task_marker_dag.py for tasks to queue
[2025-03-31T19:06:48.376+0000] {logging_mixin.py:190} INFO - [2025-03-31T19:06:48.376+0000] {dagbag.py:588} INFO - Filling up the DagBag from /usr/local/python/3.12.1/lib/python3.12/site-packages/airflow/example_dags/example_external_task_marker_dag.py
[2025-03-31T19:06:48.382+0000] {processor.py:925} INFO - DAG(s) 'example_external_task_marker_child', 'example_external_task_marker_parent' retrieved from /usr/local/python/3.12.1/lib/python3.12/site-packages/airflow/example_dags/example_external_task_marker_dag.py
[2025-03-31T19:06:48.395+0000] {logging_mixin.py:190} INFO - [2025-03-31T19:06:48.394+0000] {dag.py:3239} INFO - Sync 2 DAGs
[2025-03-31T19:06:48.404+0000] {logging_mixin.py:190} INFO - [2025-03-31T19:06:48.404+0000] {dag.py:4180} INFO - Setting next_dagrun for example_external_task_marker_child to None, run_after=None
[2025-03-31T19:06:48.407+0000] {logging_mixin.py:190} INFO - [2025-03-31T19:06:48.407+0000] {dag.py:4180} INFO - Setting next_dagrun for example_external_task_marker_parent to None, run_after=None
[2025-03-31T19:06:48.420+0000] {processor.py:208} INFO - Processing /usr/local/python/3.12.1/lib/python3.12/site-packages/airflow/example_dags/example_external_task_marker_dag.py took 0.050 seconds
[2025-03-31T19:07:46.110+0000] {processor.py:186} INFO - Started process (PID=5879) to work on /usr/local/python/3.12.1/lib/python3.12/site-packages/airflow/example_dags/example_external_task_marker_dag.py
[2025-03-31T19:07:46.110+0000] {processor.py:914} INFO - Processing file /usr/local/python/3.12.1/lib/python3.12/site-packages/airflow/example_dags/example_external_task_marker_dag.py for tasks to queue
[2025-03-31T19:07:46.112+0000] {logging_mixin.py:190} INFO - [2025-03-31T19:07:46.112+0000] {dagbag.py:588} INFO - Filling up the DagBag from /usr/local/python/3.12.1/lib/python3.12/site-packages/airflow/example_dags/example_external_task_marker_dag.py
[2025-03-31T19:07:46.118+0000] {processor.py:925} INFO - DAG(s) 'example_external_task_marker_child', 'example_external_task_marker_parent' retrieved from /usr/local/python/3.12.1/lib/python3.12/site-packages/airflow/example_dags/example_external_task_marker_dag.py
[2025-03-31T19:07:46.130+0000] {logging_mixin.py:190} INFO - [2025-03-31T19:07:46.130+0000] {dag.py:3239} INFO - Sync 2 DAGs
[2025-03-31T19:07:46.141+0000] {logging_mixin.py:190} INFO - [2025-03-31T19:07:46.141+0000] {dag.py:4180} INFO - Setting next_dagrun for example_external_task_marker_child to None, run_after=None
[2025-03-31T19:07:46.145+0000] {logging_mixin.py:190} INFO - [2025-03-31T19:07:46.144+0000] {dag.py:4180} INFO - Setting next_dagrun for example_external_task_marker_parent to None, run_after=None
[2025-03-31T19:07:46.159+0000] {processor.py:208} INFO - Processing /usr/local/python/3.12.1/lib/python3.12/site-packages/airflow/example_dags/example_external_task_marker_dag.py took 0.053 seconds
[2025-03-31T19:08:41.615+0000] {processor.py:186} INFO - Started process (PID=6360) to work on /usr/local/python/3.12.1/lib/python3.12/site-packages/airflow/example_dags/example_external_task_marker_dag.py
[2025-03-31T19:08:41.615+0000] {processor.py:914} INFO - Processing file /usr/local/python/3.12.1/lib/python3.12/site-packages/airflow/example_dags/example_external_task_marker_dag.py for tasks to queue
[2025-03-31T19:08:41.617+0000] {logging_mixin.py:190} INFO - [2025-03-31T19:08:41.616+0000] {dagbag.py:588} INFO - Filling up the DagBag from /usr/local/python/3.12.1/lib/python3.12/site-packages/airflow/example_dags/example_external_task_marker_dag.py
[2025-03-31T19:08:41.623+0000] {processor.py:925} INFO - DAG(s) 'example_external_task_marker_child', 'example_external_task_marker_parent' retrieved from /usr/local/python/3.12.1/lib/python3.12/site-packages/airflow/example_dags/example_external_task_marker_dag.py
[2025-03-31T19:08:41.635+0000] {logging_mixin.py:190} INFO - [2025-03-31T19:08:41.635+0000] {dag.py:3239} INFO - Sync 2 DAGs
[2025-03-31T19:08:41.645+0000] {logging_mixin.py:190} INFO - [2025-03-31T19:08:41.645+0000] {dag.py:4180} INFO - Setting next_dagrun for example_external_task_marker_child to None, run_after=None
[2025-03-31T19:08:41.647+0000] {logging_mixin.py:190} INFO - [2025-03-31T19:08:41.647+0000] {dag.py:4180} INFO - Setting next_dagrun for example_external_task_marker_parent to None, run_after=None
[2025-03-31T19:08:41.660+0000] {processor.py:208} INFO - Processing /usr/local/python/3.12.1/lib/python3.12/site-packages/airflow/example_dags/example_external_task_marker_dag.py took 0.050 seconds
[2025-03-31T19:09:35.714+0000] {processor.py:186} INFO - Started process (PID=6796) to work on /usr/local/python/3.12.1/lib/python3.12/site-packages/airflow/example_dags/example_external_task_marker_dag.py
[2025-03-31T19:09:35.714+0000] {processor.py:914} INFO - Processing file /usr/local/python/3.12.1/lib/python3.12/site-packages/airflow/example_dags/example_external_task_marker_dag.py for tasks to queue
[2025-03-31T19:09:35.716+0000] {logging_mixin.py:190} INFO - [2025-03-31T19:09:35.715+0000] {dagbag.py:588} INFO - Filling up the DagBag from /usr/local/python/3.12.1/lib/python3.12/site-packages/airflow/example_dags/example_external_task_marker_dag.py
[2025-03-31T19:09:35.722+0000] {processor.py:925} INFO - DAG(s) 'example_external_task_marker_parent', 'example_external_task_marker_child' retrieved from /usr/local/python/3.12.1/lib/python3.12/site-packages/airflow/example_dags/example_external_task_marker_dag.py
[2025-03-31T19:09:35.734+0000] {logging_mixin.py:190} INFO - [2025-03-31T19:09:35.734+0000] {dag.py:3239} INFO - Sync 2 DAGs
[2025-03-31T19:09:35.747+0000] {logging_mixin.py:190} INFO - [2025-03-31T19:09:35.747+0000] {dag.py:4180} INFO - Setting next_dagrun for example_external_task_marker_child to None, run_after=None
[2025-03-31T19:09:35.750+0000] {logging_mixin.py:190} INFO - [2025-03-31T19:09:35.750+0000] {dag.py:4180} INFO - Setting next_dagrun for example_external_task_marker_parent to None, run_after=None
[2025-03-31T19:09:35.763+0000] {processor.py:208} INFO - Processing /usr/local/python/3.12.1/lib/python3.12/site-packages/airflow/example_dags/example_external_task_marker_dag.py took 0.054 seconds
[2025-03-31T19:10:28.608+0000] {processor.py:186} INFO - Started process (PID=7211) to work on /usr/local/python/3.12.1/lib/python3.12/site-packages/airflow/example_dags/example_external_task_marker_dag.py
[2025-03-31T19:10:28.608+0000] {processor.py:914} INFO - Processing file /usr/local/python/3.12.1/lib/python3.12/site-packages/airflow/example_dags/example_external_task_marker_dag.py for tasks to queue
[2025-03-31T19:10:28.610+0000] {logging_mixin.py:190} INFO - [2025-03-31T19:10:28.609+0000] {dagbag.py:588} INFO - Filling up the DagBag from /usr/local/python/3.12.1/lib/python3.12/site-packages/airflow/example_dags/example_external_task_marker_dag.py
[2025-03-31T19:10:28.616+0000] {processor.py:925} INFO - DAG(s) 'example_external_task_marker_parent', 'example_external_task_marker_child' retrieved from /usr/local/python/3.12.1/lib/python3.12/site-packages/airflow/example_dags/example_external_task_marker_dag.py
[2025-03-31T19:10:28.628+0000] {logging_mixin.py:190} INFO - [2025-03-31T19:10:28.628+0000] {dag.py:3239} INFO - Sync 2 DAGs
[2025-03-31T19:10:28.638+0000] {logging_mixin.py:190} INFO - [2025-03-31T19:10:28.638+0000] {dag.py:4180} INFO - Setting next_dagrun for example_external_task_marker_child to None, run_after=None
[2025-03-31T19:10:28.641+0000] {logging_mixin.py:190} INFO - [2025-03-31T19:10:28.641+0000] {dag.py:4180} INFO - Setting next_dagrun for example_external_task_marker_parent to None, run_after=None
[2025-03-31T19:10:28.655+0000] {processor.py:208} INFO - Processing /usr/local/python/3.12.1/lib/python3.12/site-packages/airflow/example_dags/example_external_task_marker_dag.py took 0.051 seconds
[2025-03-31T19:11:21.727+0000] {processor.py:186} INFO - Started process (PID=7620) to work on /usr/local/python/3.12.1/lib/python3.12/site-packages/airflow/example_dags/example_external_task_marker_dag.py
[2025-03-31T19:11:21.728+0000] {processor.py:914} INFO - Processing file /usr/local/python/3.12.1/lib/python3.12/site-packages/airflow/example_dags/example_external_task_marker_dag.py for tasks to queue
[2025-03-31T19:11:21.729+0000] {logging_mixin.py:190} INFO - [2025-03-31T19:11:21.729+0000] {dagbag.py:588} INFO - Filling up the DagBag from /usr/local/python/3.12.1/lib/python3.12/site-packages/airflow/example_dags/example_external_task_marker_dag.py
[2025-03-31T19:11:21.735+0000] {processor.py:925} INFO - DAG(s) 'example_external_task_marker_parent', 'example_external_task_marker_child' retrieved from /usr/local/python/3.12.1/lib/python3.12/site-packages/airflow/example_dags/example_external_task_marker_dag.py
[2025-03-31T19:11:21.748+0000] {logging_mixin.py:190} INFO - [2025-03-31T19:11:21.748+0000] {dag.py:3239} INFO - Sync 2 DAGs
[2025-03-31T19:11:21.758+0000] {logging_mixin.py:190} INFO - [2025-03-31T19:11:21.757+0000] {dag.py:4180} INFO - Setting next_dagrun for example_external_task_marker_child to None, run_after=None
[2025-03-31T19:11:21.760+0000] {logging_mixin.py:190} INFO - [2025-03-31T19:11:21.760+0000] {dag.py:4180} INFO - Setting next_dagrun for example_external_task_marker_parent to None, run_after=None
[2025-03-31T19:11:21.773+0000] {processor.py:208} INFO - Processing /usr/local/python/3.12.1/lib/python3.12/site-packages/airflow/example_dags/example_external_task_marker_dag.py took 0.050 seconds
[2025-03-31T19:12:13.453+0000] {processor.py:186} INFO - Started process (PID=8032) to work on /usr/local/python/3.12.1/lib/python3.12/site-packages/airflow/example_dags/example_external_task_marker_dag.py
[2025-03-31T19:12:13.454+0000] {processor.py:914} INFO - Processing file /usr/local/python/3.12.1/lib/python3.12/site-packages/airflow/example_dags/example_external_task_marker_dag.py for tasks to queue
[2025-03-31T19:12:13.455+0000] {logging_mixin.py:190} INFO - [2025-03-31T19:12:13.455+0000] {dagbag.py:588} INFO - Filling up the DagBag from /usr/local/python/3.12.1/lib/python3.12/site-packages/airflow/example_dags/example_external_task_marker_dag.py
[2025-03-31T19:12:13.461+0000] {processor.py:925} INFO - DAG(s) 'example_external_task_marker_child', 'example_external_task_marker_parent' retrieved from /usr/local/python/3.12.1/lib/python3.12/site-packages/airflow/example_dags/example_external_task_marker_dag.py
[2025-03-31T19:12:13.474+0000] {logging_mixin.py:190} INFO - [2025-03-31T19:12:13.474+0000] {dag.py:3239} INFO - Sync 2 DAGs
[2025-03-31T19:12:13.483+0000] {logging_mixin.py:190} INFO - [2025-03-31T19:12:13.483+0000] {dag.py:4180} INFO - Setting next_dagrun for example_external_task_marker_child to None, run_after=None
[2025-03-31T19:12:13.486+0000] {logging_mixin.py:190} INFO - [2025-03-31T19:12:13.486+0000] {dag.py:4180} INFO - Setting next_dagrun for example_external_task_marker_parent to None, run_after=None
[2025-03-31T19:12:13.499+0000] {processor.py:208} INFO - Processing /usr/local/python/3.12.1/lib/python3.12/site-packages/airflow/example_dags/example_external_task_marker_dag.py took 0.050 seconds
[2025-03-31T19:13:06.182+0000] {processor.py:186} INFO - Started process (PID=8440) to work on /usr/local/python/3.12.1/lib/python3.12/site-packages/airflow/example_dags/example_external_task_marker_dag.py
[2025-03-31T19:13:06.183+0000] {processor.py:914} INFO - Processing file /usr/local/python/3.12.1/lib/python3.12/site-packages/airflow/example_dags/example_external_task_marker_dag.py for tasks to queue
[2025-03-31T19:13:06.184+0000] {logging_mixin.py:190} INFO - [2025-03-31T19:13:06.184+0000] {dagbag.py:588} INFO - Filling up the DagBag from /usr/local/python/3.12.1/lib/python3.12/site-packages/airflow/example_dags/example_external_task_marker_dag.py
[2025-03-31T19:13:06.190+0000] {processor.py:925} INFO - DAG(s) 'example_external_task_marker_parent', 'example_external_task_marker_child' retrieved from /usr/local/python/3.12.1/lib/python3.12/site-packages/airflow/example_dags/example_external_task_marker_dag.py
[2025-03-31T19:13:06.203+0000] {logging_mixin.py:190} INFO - [2025-03-31T19:13:06.203+0000] {dag.py:3239} INFO - Sync 2 DAGs
[2025-03-31T19:13:06.212+0000] {logging_mixin.py:190} INFO - [2025-03-31T19:13:06.212+0000] {dag.py:4180} INFO - Setting next_dagrun for example_external_task_marker_child to None, run_after=None
[2025-03-31T19:13:06.215+0000] {logging_mixin.py:190} INFO - [2025-03-31T19:13:06.215+0000] {dag.py:4180} INFO - Setting next_dagrun for example_external_task_marker_parent to None, run_after=None
[2025-03-31T19:13:06.227+0000] {processor.py:208} INFO - Processing /usr/local/python/3.12.1/lib/python3.12/site-packages/airflow/example_dags/example_external_task_marker_dag.py took 0.049 seconds
[2025-03-31T19:13:59.297+0000] {processor.py:186} INFO - Started process (PID=8874) to work on /usr/local/python/3.12.1/lib/python3.12/site-packages/airflow/example_dags/example_external_task_marker_dag.py
[2025-03-31T19:13:59.297+0000] {processor.py:914} INFO - Processing file /usr/local/python/3.12.1/lib/python3.12/site-packages/airflow/example_dags/example_external_task_marker_dag.py for tasks to queue
[2025-03-31T19:13:59.299+0000] {logging_mixin.py:190} INFO - [2025-03-31T19:13:59.298+0000] {dagbag.py:588} INFO - Filling up the DagBag from /usr/local/python/3.12.1/lib/python3.12/site-packages/airflow/example_dags/example_external_task_marker_dag.py
[2025-03-31T19:13:59.306+0000] {processor.py:925} INFO - DAG(s) 'example_external_task_marker_parent', 'example_external_task_marker_child' retrieved from /usr/local/python/3.12.1/lib/python3.12/site-packages/airflow/example_dags/example_external_task_marker_dag.py
[2025-03-31T19:13:59.323+0000] {logging_mixin.py:190} INFO - [2025-03-31T19:13:59.323+0000] {dag.py:3239} INFO - Sync 2 DAGs
[2025-03-31T19:13:59.333+0000] {logging_mixin.py:190} INFO - [2025-03-31T19:13:59.333+0000] {dag.py:4180} INFO - Setting next_dagrun for example_external_task_marker_child to None, run_after=None
[2025-03-31T19:13:59.336+0000] {logging_mixin.py:190} INFO - [2025-03-31T19:13:59.335+0000] {dag.py:4180} INFO - Setting next_dagrun for example_external_task_marker_parent to None, run_after=None
[2025-03-31T19:13:59.348+0000] {processor.py:208} INFO - Processing /usr/local/python/3.12.1/lib/python3.12/site-packages/airflow/example_dags/example_external_task_marker_dag.py took 0.056 seconds
[2025-03-31T19:14:52.470+0000] {processor.py:186} INFO - Started process (PID=9293) to work on /usr/local/python/3.12.1/lib/python3.12/site-packages/airflow/example_dags/example_external_task_marker_dag.py
[2025-03-31T19:14:52.470+0000] {processor.py:914} INFO - Processing file /usr/local/python/3.12.1/lib/python3.12/site-packages/airflow/example_dags/example_external_task_marker_dag.py for tasks to queue
[2025-03-31T19:14:52.472+0000] {logging_mixin.py:190} INFO - [2025-03-31T19:14:52.472+0000] {dagbag.py:588} INFO - Filling up the DagBag from /usr/local/python/3.12.1/lib/python3.12/site-packages/airflow/example_dags/example_external_task_marker_dag.py
[2025-03-31T19:14:52.478+0000] {processor.py:925} INFO - DAG(s) 'example_external_task_marker_parent', 'example_external_task_marker_child' retrieved from /usr/local/python/3.12.1/lib/python3.12/site-packages/airflow/example_dags/example_external_task_marker_dag.py
[2025-03-31T19:14:52.491+0000] {logging_mixin.py:190} INFO - [2025-03-31T19:14:52.490+0000] {dag.py:3239} INFO - Sync 2 DAGs
[2025-03-31T19:14:52.500+0000] {logging_mixin.py:190} INFO - [2025-03-31T19:14:52.500+0000] {dag.py:4180} INFO - Setting next_dagrun for example_external_task_marker_child to None, run_after=None
[2025-03-31T19:14:52.502+0000] {logging_mixin.py:190} INFO - [2025-03-31T19:14:52.502+0000] {dag.py:4180} INFO - Setting next_dagrun for example_external_task_marker_parent to None, run_after=None
[2025-03-31T19:14:52.515+0000] {processor.py:208} INFO - Processing /usr/local/python/3.12.1/lib/python3.12/site-packages/airflow/example_dags/example_external_task_marker_dag.py took 0.049 seconds
[2025-03-31T19:15:45.507+0000] {processor.py:186} INFO - Started process (PID=9704) to work on /usr/local/python/3.12.1/lib/python3.12/site-packages/airflow/example_dags/example_external_task_marker_dag.py
[2025-03-31T19:15:45.508+0000] {processor.py:914} INFO - Processing file /usr/local/python/3.12.1/lib/python3.12/site-packages/airflow/example_dags/example_external_task_marker_dag.py for tasks to queue
[2025-03-31T19:15:45.509+0000] {logging_mixin.py:190} INFO - [2025-03-31T19:15:45.509+0000] {dagbag.py:588} INFO - Filling up the DagBag from /usr/local/python/3.12.1/lib/python3.12/site-packages/airflow/example_dags/example_external_task_marker_dag.py
[2025-03-31T19:15:45.515+0000] {processor.py:925} INFO - DAG(s) 'example_external_task_marker_child', 'example_external_task_marker_parent' retrieved from /usr/local/python/3.12.1/lib/python3.12/site-packages/airflow/example_dags/example_external_task_marker_dag.py
[2025-03-31T19:15:45.528+0000] {logging_mixin.py:190} INFO - [2025-03-31T19:15:45.528+0000] {dag.py:3239} INFO - Sync 2 DAGs
[2025-03-31T19:15:45.537+0000] {logging_mixin.py:190} INFO - [2025-03-31T19:15:45.537+0000] {dag.py:4180} INFO - Setting next_dagrun for example_external_task_marker_child to None, run_after=None
[2025-03-31T19:15:45.540+0000] {logging_mixin.py:190} INFO - [2025-03-31T19:15:45.539+0000] {dag.py:4180} INFO - Setting next_dagrun for example_external_task_marker_parent to None, run_after=None
[2025-03-31T19:15:45.553+0000] {processor.py:208} INFO - Processing /usr/local/python/3.12.1/lib/python3.12/site-packages/airflow/example_dags/example_external_task_marker_dag.py took 0.049 seconds
[2025-03-31T19:16:39.126+0000] {processor.py:186} INFO - Started process (PID=10118) to work on /usr/local/python/3.12.1/lib/python3.12/site-packages/airflow/example_dags/example_external_task_marker_dag.py
[2025-03-31T19:16:39.127+0000] {processor.py:914} INFO - Processing file /usr/local/python/3.12.1/lib/python3.12/site-packages/airflow/example_dags/example_external_task_marker_dag.py for tasks to queue
[2025-03-31T19:16:39.128+0000] {logging_mixin.py:190} INFO - [2025-03-31T19:16:39.128+0000] {dagbag.py:588} INFO - Filling up the DagBag from /usr/local/python/3.12.1/lib/python3.12/site-packages/airflow/example_dags/example_external_task_marker_dag.py
[2025-03-31T19:16:39.134+0000] {processor.py:925} INFO - DAG(s) 'example_external_task_marker_parent', 'example_external_task_marker_child' retrieved from /usr/local/python/3.12.1/lib/python3.12/site-packages/airflow/example_dags/example_external_task_marker_dag.py
[2025-03-31T19:16:39.147+0000] {logging_mixin.py:190} INFO - [2025-03-31T19:16:39.147+0000] {dag.py:3239} INFO - Sync 2 DAGs
[2025-03-31T19:16:39.156+0000] {logging_mixin.py:190} INFO - [2025-03-31T19:16:39.156+0000] {dag.py:4180} INFO - Setting next_dagrun for example_external_task_marker_child to None, run_after=None
[2025-03-31T19:16:39.159+0000] {logging_mixin.py:190} INFO - [2025-03-31T19:16:39.158+0000] {dag.py:4180} INFO - Setting next_dagrun for example_external_task_marker_parent to None, run_after=None
[2025-03-31T19:16:39.171+0000] {processor.py:208} INFO - Processing /usr/local/python/3.12.1/lib/python3.12/site-packages/airflow/example_dags/example_external_task_marker_dag.py took 0.049 seconds
[2025-03-31T19:17:34.513+0000] {processor.py:186} INFO - Started process (PID=10578) to work on /usr/local/python/3.12.1/lib/python3.12/site-packages/airflow/example_dags/example_external_task_marker_dag.py
[2025-03-31T19:17:34.514+0000] {processor.py:914} INFO - Processing file /usr/local/python/3.12.1/lib/python3.12/site-packages/airflow/example_dags/example_external_task_marker_dag.py for tasks to queue
[2025-03-31T19:17:34.515+0000] {logging_mixin.py:190} INFO - [2025-03-31T19:17:34.515+0000] {dagbag.py:588} INFO - Filling up the DagBag from /usr/local/python/3.12.1/lib/python3.12/site-packages/airflow/example_dags/example_external_task_marker_dag.py
[2025-03-31T19:17:34.522+0000] {processor.py:925} INFO - DAG(s) 'example_external_task_marker_child', 'example_external_task_marker_parent' retrieved from /usr/local/python/3.12.1/lib/python3.12/site-packages/airflow/example_dags/example_external_task_marker_dag.py
[2025-03-31T19:17:34.534+0000] {logging_mixin.py:190} INFO - [2025-03-31T19:17:34.534+0000] {dag.py:3239} INFO - Sync 2 DAGs
[2025-03-31T19:17:34.544+0000] {logging_mixin.py:190} INFO - [2025-03-31T19:17:34.543+0000] {dag.py:4180} INFO - Setting next_dagrun for example_external_task_marker_child to None, run_after=None
[2025-03-31T19:17:34.546+0000] {logging_mixin.py:190} INFO - [2025-03-31T19:17:34.546+0000] {dag.py:4180} INFO - Setting next_dagrun for example_external_task_marker_parent to None, run_after=None
[2025-03-31T19:17:34.559+0000] {processor.py:208} INFO - Processing /usr/local/python/3.12.1/lib/python3.12/site-packages/airflow/example_dags/example_external_task_marker_dag.py took 0.050 seconds
[2025-03-31T19:18:29.046+0000] {processor.py:186} INFO - Started process (PID=11046) to work on /usr/local/python/3.12.1/lib/python3.12/site-packages/airflow/example_dags/example_external_task_marker_dag.py
[2025-03-31T19:18:29.046+0000] {processor.py:914} INFO - Processing file /usr/local/python/3.12.1/lib/python3.12/site-packages/airflow/example_dags/example_external_task_marker_dag.py for tasks to queue
[2025-03-31T19:18:29.048+0000] {logging_mixin.py:190} INFO - [2025-03-31T19:18:29.047+0000] {dagbag.py:588} INFO - Filling up the DagBag from /usr/local/python/3.12.1/lib/python3.12/site-packages/airflow/example_dags/example_external_task_marker_dag.py
[2025-03-31T19:18:29.054+0000] {processor.py:925} INFO - DAG(s) 'example_external_task_marker_parent', 'example_external_task_marker_child' retrieved from /usr/local/python/3.12.1/lib/python3.12/site-packages/airflow/example_dags/example_external_task_marker_dag.py
[2025-03-31T19:18:29.066+0000] {logging_mixin.py:190} INFO - [2025-03-31T19:18:29.066+0000] {dag.py:3239} INFO - Sync 2 DAGs
[2025-03-31T19:18:29.076+0000] {logging_mixin.py:190} INFO - [2025-03-31T19:18:29.075+0000] {dag.py:4180} INFO - Setting next_dagrun for example_external_task_marker_child to None, run_after=None
[2025-03-31T19:18:29.078+0000] {logging_mixin.py:190} INFO - [2025-03-31T19:18:29.078+0000] {dag.py:4180} INFO - Setting next_dagrun for example_external_task_marker_parent to None, run_after=None
[2025-03-31T19:18:29.091+0000] {processor.py:208} INFO - Processing /usr/local/python/3.12.1/lib/python3.12/site-packages/airflow/example_dags/example_external_task_marker_dag.py took 0.049 seconds
[2025-03-31T19:19:20.853+0000] {processor.py:186} INFO - Started process (PID=11491) to work on /usr/local/python/3.12.1/lib/python3.12/site-packages/airflow/example_dags/example_external_task_marker_dag.py
[2025-03-31T19:19:20.854+0000] {processor.py:914} INFO - Processing file /usr/local/python/3.12.1/lib/python3.12/site-packages/airflow/example_dags/example_external_task_marker_dag.py for tasks to queue
[2025-03-31T19:19:20.855+0000] {logging_mixin.py:190} INFO - [2025-03-31T19:19:20.855+0000] {dagbag.py:588} INFO - Filling up the DagBag from /usr/local/python/3.12.1/lib/python3.12/site-packages/airflow/example_dags/example_external_task_marker_dag.py
[2025-03-31T19:19:20.862+0000] {processor.py:925} INFO - DAG(s) 'example_external_task_marker_parent', 'example_external_task_marker_child' retrieved from /usr/local/python/3.12.1/lib/python3.12/site-packages/airflow/example_dags/example_external_task_marker_dag.py
[2025-03-31T19:19:20.875+0000] {logging_mixin.py:190} INFO - [2025-03-31T19:19:20.875+0000] {dag.py:3239} INFO - Sync 2 DAGs
[2025-03-31T19:19:20.885+0000] {logging_mixin.py:190} INFO - [2025-03-31T19:19:20.885+0000] {dag.py:4180} INFO - Setting next_dagrun for example_external_task_marker_child to None, run_after=None
[2025-03-31T19:19:20.888+0000] {logging_mixin.py:190} INFO - [2025-03-31T19:19:20.887+0000] {dag.py:4180} INFO - Setting next_dagrun for example_external_task_marker_parent to None, run_after=None
[2025-03-31T19:19:20.902+0000] {processor.py:208} INFO - Processing /usr/local/python/3.12.1/lib/python3.12/site-packages/airflow/example_dags/example_external_task_marker_dag.py took 0.053 seconds
[2025-03-31T19:20:10.372+0000] {processor.py:186} INFO - Started process (PID=11972) to work on /usr/local/python/3.12.1/lib/python3.12/site-packages/airflow/example_dags/example_external_task_marker_dag.py
[2025-03-31T19:20:10.373+0000] {processor.py:914} INFO - Processing file /usr/local/python/3.12.1/lib/python3.12/site-packages/airflow/example_dags/example_external_task_marker_dag.py for tasks to queue
[2025-03-31T19:20:10.374+0000] {logging_mixin.py:190} INFO - [2025-03-31T19:20:10.374+0000] {dagbag.py:588} INFO - Filling up the DagBag from /usr/local/python/3.12.1/lib/python3.12/site-packages/airflow/example_dags/example_external_task_marker_dag.py
[2025-03-31T19:20:10.381+0000] {processor.py:925} INFO - DAG(s) 'example_external_task_marker_parent', 'example_external_task_marker_child' retrieved from /usr/local/python/3.12.1/lib/python3.12/site-packages/airflow/example_dags/example_external_task_marker_dag.py
[2025-03-31T19:20:10.393+0000] {logging_mixin.py:190} INFO - [2025-03-31T19:20:10.393+0000] {dag.py:3239} INFO - Sync 2 DAGs
[2025-03-31T19:20:10.403+0000] {logging_mixin.py:190} INFO - [2025-03-31T19:20:10.403+0000] {dag.py:4180} INFO - Setting next_dagrun for example_external_task_marker_child to None, run_after=None
[2025-03-31T19:20:10.405+0000] {logging_mixin.py:190} INFO - [2025-03-31T19:20:10.405+0000] {dag.py:4180} INFO - Setting next_dagrun for example_external_task_marker_parent to None, run_after=None
[2025-03-31T19:20:10.419+0000] {processor.py:208} INFO - Processing /usr/local/python/3.12.1/lib/python3.12/site-packages/airflow/example_dags/example_external_task_marker_dag.py took 0.050 seconds
[2025-03-31T19:21:03.001+0000] {processor.py:186} INFO - Started process (PID=12515) to work on /usr/local/python/3.12.1/lib/python3.12/site-packages/airflow/example_dags/example_external_task_marker_dag.py
[2025-03-31T19:21:03.001+0000] {processor.py:914} INFO - Processing file /usr/local/python/3.12.1/lib/python3.12/site-packages/airflow/example_dags/example_external_task_marker_dag.py for tasks to queue
[2025-03-31T19:21:03.003+0000] {logging_mixin.py:190} INFO - [2025-03-31T19:21:03.003+0000] {dagbag.py:588} INFO - Filling up the DagBag from /usr/local/python/3.12.1/lib/python3.12/site-packages/airflow/example_dags/example_external_task_marker_dag.py
[2025-03-31T19:21:03.009+0000] {processor.py:925} INFO - DAG(s) 'example_external_task_marker_child', 'example_external_task_marker_parent' retrieved from /usr/local/python/3.12.1/lib/python3.12/site-packages/airflow/example_dags/example_external_task_marker_dag.py
[2025-03-31T19:21:03.021+0000] {logging_mixin.py:190} INFO - [2025-03-31T19:21:03.021+0000] {dag.py:3239} INFO - Sync 2 DAGs
[2025-03-31T19:21:03.030+0000] {logging_mixin.py:190} INFO - [2025-03-31T19:21:03.030+0000] {dag.py:4180} INFO - Setting next_dagrun for example_external_task_marker_child to None, run_after=None
[2025-03-31T19:21:03.033+0000] {logging_mixin.py:190} INFO - [2025-03-31T19:21:03.033+0000] {dag.py:4180} INFO - Setting next_dagrun for example_external_task_marker_parent to None, run_after=None
[2025-03-31T19:21:03.046+0000] {processor.py:208} INFO - Processing /usr/local/python/3.12.1/lib/python3.12/site-packages/airflow/example_dags/example_external_task_marker_dag.py took 0.049 seconds
[2025-03-31T19:21:55.287+0000] {processor.py:186} INFO - Started process (PID=12999) to work on /usr/local/python/3.12.1/lib/python3.12/site-packages/airflow/example_dags/example_external_task_marker_dag.py
[2025-03-31T19:21:55.287+0000] {processor.py:914} INFO - Processing file /usr/local/python/3.12.1/lib/python3.12/site-packages/airflow/example_dags/example_external_task_marker_dag.py for tasks to queue
[2025-03-31T19:21:55.289+0000] {logging_mixin.py:190} INFO - [2025-03-31T19:21:55.288+0000] {dagbag.py:588} INFO - Filling up the DagBag from /usr/local/python/3.12.1/lib/python3.12/site-packages/airflow/example_dags/example_external_task_marker_dag.py
[2025-03-31T19:21:55.295+0000] {processor.py:925} INFO - DAG(s) 'example_external_task_marker_child', 'example_external_task_marker_parent' retrieved from /usr/local/python/3.12.1/lib/python3.12/site-packages/airflow/example_dags/example_external_task_marker_dag.py
[2025-03-31T19:21:55.307+0000] {logging_mixin.py:190} INFO - [2025-03-31T19:21:55.307+0000] {dag.py:3239} INFO - Sync 2 DAGs
[2025-03-31T19:21:55.317+0000] {logging_mixin.py:190} INFO - [2025-03-31T19:21:55.317+0000] {dag.py:4180} INFO - Setting next_dagrun for example_external_task_marker_child to None, run_after=None
[2025-03-31T19:21:55.319+0000] {logging_mixin.py:190} INFO - [2025-03-31T19:21:55.319+0000] {dag.py:4180} INFO - Setting next_dagrun for example_external_task_marker_parent to None, run_after=None
[2025-03-31T19:21:55.333+0000] {processor.py:208} INFO - Processing /usr/local/python/3.12.1/lib/python3.12/site-packages/airflow/example_dags/example_external_task_marker_dag.py took 0.050 seconds
[2025-03-31T19:22:47.749+0000] {processor.py:186} INFO - Started process (PID=13451) to work on /usr/local/python/3.12.1/lib/python3.12/site-packages/airflow/example_dags/example_external_task_marker_dag.py
[2025-03-31T19:22:47.749+0000] {processor.py:914} INFO - Processing file /usr/local/python/3.12.1/lib/python3.12/site-packages/airflow/example_dags/example_external_task_marker_dag.py for tasks to queue
[2025-03-31T19:22:47.751+0000] {logging_mixin.py:190} INFO - [2025-03-31T19:22:47.750+0000] {dagbag.py:588} INFO - Filling up the DagBag from /usr/local/python/3.12.1/lib/python3.12/site-packages/airflow/example_dags/example_external_task_marker_dag.py
[2025-03-31T19:22:47.757+0000] {processor.py:925} INFO - DAG(s) 'example_external_task_marker_child', 'example_external_task_marker_parent' retrieved from /usr/local/python/3.12.1/lib/python3.12/site-packages/airflow/example_dags/example_external_task_marker_dag.py
[2025-03-31T19:22:47.770+0000] {logging_mixin.py:190} INFO - [2025-03-31T19:22:47.770+0000] {dag.py:3239} INFO - Sync 2 DAGs
[2025-03-31T19:22:47.779+0000] {logging_mixin.py:190} INFO - [2025-03-31T19:22:47.779+0000] {dag.py:4180} INFO - Setting next_dagrun for example_external_task_marker_child to None, run_after=None
[2025-03-31T19:22:47.782+0000] {logging_mixin.py:190} INFO - [2025-03-31T19:22:47.782+0000] {dag.py:4180} INFO - Setting next_dagrun for example_external_task_marker_parent to None, run_after=None
[2025-03-31T19:22:47.795+0000] {processor.py:208} INFO - Processing /usr/local/python/3.12.1/lib/python3.12/site-packages/airflow/example_dags/example_external_task_marker_dag.py took 0.051 seconds
[2025-03-31T19:23:40.280+0000] {processor.py:186} INFO - Started process (PID=13863) to work on /usr/local/python/3.12.1/lib/python3.12/site-packages/airflow/example_dags/example_external_task_marker_dag.py
[2025-03-31T19:23:40.281+0000] {processor.py:914} INFO - Processing file /usr/local/python/3.12.1/lib/python3.12/site-packages/airflow/example_dags/example_external_task_marker_dag.py for tasks to queue
[2025-03-31T19:23:40.282+0000] {logging_mixin.py:190} INFO - [2025-03-31T19:23:40.282+0000] {dagbag.py:588} INFO - Filling up the DagBag from /usr/local/python/3.12.1/lib/python3.12/site-packages/airflow/example_dags/example_external_task_marker_dag.py
[2025-03-31T19:23:40.289+0000] {processor.py:925} INFO - DAG(s) 'example_external_task_marker_child', 'example_external_task_marker_parent' retrieved from /usr/local/python/3.12.1/lib/python3.12/site-packages/airflow/example_dags/example_external_task_marker_dag.py
[2025-03-31T19:23:40.301+0000] {logging_mixin.py:190} INFO - [2025-03-31T19:23:40.301+0000] {dag.py:3239} INFO - Sync 2 DAGs
[2025-03-31T19:23:40.311+0000] {logging_mixin.py:190} INFO - [2025-03-31T19:23:40.310+0000] {dag.py:4180} INFO - Setting next_dagrun for example_external_task_marker_child to None, run_after=None
[2025-03-31T19:23:40.313+0000] {logging_mixin.py:190} INFO - [2025-03-31T19:23:40.313+0000] {dag.py:4180} INFO - Setting next_dagrun for example_external_task_marker_parent to None, run_after=None
[2025-03-31T19:23:40.326+0000] {processor.py:208} INFO - Processing /usr/local/python/3.12.1/lib/python3.12/site-packages/airflow/example_dags/example_external_task_marker_dag.py took 0.050 seconds
[2025-03-31T19:24:31.515+0000] {processor.py:186} INFO - Started process (PID=14277) to work on /usr/local/python/3.12.1/lib/python3.12/site-packages/airflow/example_dags/example_external_task_marker_dag.py
[2025-03-31T19:24:31.515+0000] {processor.py:914} INFO - Processing file /usr/local/python/3.12.1/lib/python3.12/site-packages/airflow/example_dags/example_external_task_marker_dag.py for tasks to queue
[2025-03-31T19:24:31.517+0000] {logging_mixin.py:190} INFO - [2025-03-31T19:24:31.517+0000] {dagbag.py:588} INFO - Filling up the DagBag from /usr/local/python/3.12.1/lib/python3.12/site-packages/airflow/example_dags/example_external_task_marker_dag.py
[2025-03-31T19:24:31.523+0000] {processor.py:925} INFO - DAG(s) 'example_external_task_marker_child', 'example_external_task_marker_parent' retrieved from /usr/local/python/3.12.1/lib/python3.12/site-packages/airflow/example_dags/example_external_task_marker_dag.py
[2025-03-31T19:24:31.535+0000] {logging_mixin.py:190} INFO - [2025-03-31T19:24:31.535+0000] {dag.py:3239} INFO - Sync 2 DAGs
[2025-03-31T19:24:31.544+0000] {logging_mixin.py:190} INFO - [2025-03-31T19:24:31.544+0000] {dag.py:4180} INFO - Setting next_dagrun for example_external_task_marker_child to None, run_after=None
[2025-03-31T19:24:31.547+0000] {logging_mixin.py:190} INFO - [2025-03-31T19:24:31.547+0000] {dag.py:4180} INFO - Setting next_dagrun for example_external_task_marker_parent to None, run_after=None
[2025-03-31T19:24:31.560+0000] {processor.py:208} INFO - Processing /usr/local/python/3.12.1/lib/python3.12/site-packages/airflow/example_dags/example_external_task_marker_dag.py took 0.049 seconds
[2025-03-31T19:25:24.458+0000] {processor.py:186} INFO - Started process (PID=14696) to work on /usr/local/python/3.12.1/lib/python3.12/site-packages/airflow/example_dags/example_external_task_marker_dag.py
[2025-03-31T19:25:24.458+0000] {processor.py:914} INFO - Processing file /usr/local/python/3.12.1/lib/python3.12/site-packages/airflow/example_dags/example_external_task_marker_dag.py for tasks to queue
[2025-03-31T19:25:24.460+0000] {logging_mixin.py:190} INFO - [2025-03-31T19:25:24.460+0000] {dagbag.py:588} INFO - Filling up the DagBag from /usr/local/python/3.12.1/lib/python3.12/site-packages/airflow/example_dags/example_external_task_marker_dag.py
[2025-03-31T19:25:24.466+0000] {processor.py:925} INFO - DAG(s) 'example_external_task_marker_child', 'example_external_task_marker_parent' retrieved from /usr/local/python/3.12.1/lib/python3.12/site-packages/airflow/example_dags/example_external_task_marker_dag.py
[2025-03-31T19:25:24.478+0000] {logging_mixin.py:190} INFO - [2025-03-31T19:25:24.478+0000] {dag.py:3239} INFO - Sync 2 DAGs
[2025-03-31T19:25:24.488+0000] {logging_mixin.py:190} INFO - [2025-03-31T19:25:24.488+0000] {dag.py:4180} INFO - Setting next_dagrun for example_external_task_marker_child to None, run_after=None
[2025-03-31T19:25:24.490+0000] {logging_mixin.py:190} INFO - [2025-03-31T19:25:24.490+0000] {dag.py:4180} INFO - Setting next_dagrun for example_external_task_marker_parent to None, run_after=None
[2025-03-31T19:25:24.503+0000] {processor.py:208} INFO - Processing /usr/local/python/3.12.1/lib/python3.12/site-packages/airflow/example_dags/example_external_task_marker_dag.py took 0.050 seconds
[2025-03-31T19:26:17.297+0000] {processor.py:186} INFO - Started process (PID=15154) to work on /usr/local/python/3.12.1/lib/python3.12/site-packages/airflow/example_dags/example_external_task_marker_dag.py
[2025-03-31T19:26:17.297+0000] {processor.py:914} INFO - Processing file /usr/local/python/3.12.1/lib/python3.12/site-packages/airflow/example_dags/example_external_task_marker_dag.py for tasks to queue
[2025-03-31T19:26:17.299+0000] {logging_mixin.py:190} INFO - [2025-03-31T19:26:17.299+0000] {dagbag.py:588} INFO - Filling up the DagBag from /usr/local/python/3.12.1/lib/python3.12/site-packages/airflow/example_dags/example_external_task_marker_dag.py
[2025-03-31T19:26:17.305+0000] {processor.py:925} INFO - DAG(s) 'example_external_task_marker_child', 'example_external_task_marker_parent' retrieved from /usr/local/python/3.12.1/lib/python3.12/site-packages/airflow/example_dags/example_external_task_marker_dag.py
[2025-03-31T19:26:17.319+0000] {logging_mixin.py:190} INFO - [2025-03-31T19:26:17.319+0000] {dag.py:3239} INFO - Sync 2 DAGs
[2025-03-31T19:26:17.329+0000] {logging_mixin.py:190} INFO - [2025-03-31T19:26:17.329+0000] {dag.py:4180} INFO - Setting next_dagrun for example_external_task_marker_child to None, run_after=None
[2025-03-31T19:26:17.332+0000] {logging_mixin.py:190} INFO - [2025-03-31T19:26:17.332+0000] {dag.py:4180} INFO - Setting next_dagrun for example_external_task_marker_parent to None, run_after=None
[2025-03-31T19:26:17.345+0000] {processor.py:208} INFO - Processing /usr/local/python/3.12.1/lib/python3.12/site-packages/airflow/example_dags/example_external_task_marker_dag.py took 0.053 seconds
[2025-03-31T19:27:08.648+0000] {processor.py:186} INFO - Started process (PID=15600) to work on /usr/local/python/3.12.1/lib/python3.12/site-packages/airflow/example_dags/example_external_task_marker_dag.py
[2025-03-31T19:27:08.649+0000] {processor.py:914} INFO - Processing file /usr/local/python/3.12.1/lib/python3.12/site-packages/airflow/example_dags/example_external_task_marker_dag.py for tasks to queue
[2025-03-31T19:27:08.650+0000] {logging_mixin.py:190} INFO - [2025-03-31T19:27:08.650+0000] {dagbag.py:588} INFO - Filling up the DagBag from /usr/local/python/3.12.1/lib/python3.12/site-packages/airflow/example_dags/example_external_task_marker_dag.py
[2025-03-31T19:27:08.657+0000] {processor.py:925} INFO - DAG(s) 'example_external_task_marker_child', 'example_external_task_marker_parent' retrieved from /usr/local/python/3.12.1/lib/python3.12/site-packages/airflow/example_dags/example_external_task_marker_dag.py
[2025-03-31T19:27:08.670+0000] {logging_mixin.py:190} INFO - [2025-03-31T19:27:08.670+0000] {dag.py:3239} INFO - Sync 2 DAGs
[2025-03-31T19:27:08.679+0000] {logging_mixin.py:190} INFO - [2025-03-31T19:27:08.679+0000] {dag.py:4180} INFO - Setting next_dagrun for example_external_task_marker_child to None, run_after=None
[2025-03-31T19:27:08.682+0000] {logging_mixin.py:190} INFO - [2025-03-31T19:27:08.682+0000] {dag.py:4180} INFO - Setting next_dagrun for example_external_task_marker_parent to None, run_after=None
[2025-03-31T19:27:08.696+0000] {processor.py:208} INFO - Processing /usr/local/python/3.12.1/lib/python3.12/site-packages/airflow/example_dags/example_external_task_marker_dag.py took 0.052 seconds
[2025-03-31T19:27:59.170+0000] {processor.py:186} INFO - Started process (PID=16007) to work on /usr/local/python/3.12.1/lib/python3.12/site-packages/airflow/example_dags/example_external_task_marker_dag.py
[2025-03-31T19:27:59.171+0000] {processor.py:914} INFO - Processing file /usr/local/python/3.12.1/lib/python3.12/site-packages/airflow/example_dags/example_external_task_marker_dag.py for tasks to queue
[2025-03-31T19:27:59.172+0000] {logging_mixin.py:190} INFO - [2025-03-31T19:27:59.172+0000] {dagbag.py:588} INFO - Filling up the DagBag from /usr/local/python/3.12.1/lib/python3.12/site-packages/airflow/example_dags/example_external_task_marker_dag.py
[2025-03-31T19:27:59.179+0000] {processor.py:925} INFO - DAG(s) 'example_external_task_marker_child', 'example_external_task_marker_parent' retrieved from /usr/local/python/3.12.1/lib/python3.12/site-packages/airflow/example_dags/example_external_task_marker_dag.py
[2025-03-31T19:27:59.191+0000] {logging_mixin.py:190} INFO - [2025-03-31T19:27:59.191+0000] {dag.py:3239} INFO - Sync 2 DAGs
[2025-03-31T19:27:59.201+0000] {logging_mixin.py:190} INFO - [2025-03-31T19:27:59.200+0000] {dag.py:4180} INFO - Setting next_dagrun for example_external_task_marker_child to None, run_after=None
[2025-03-31T19:27:59.203+0000] {logging_mixin.py:190} INFO - [2025-03-31T19:27:59.203+0000] {dag.py:4180} INFO - Setting next_dagrun for example_external_task_marker_parent to None, run_after=None
[2025-03-31T19:27:59.216+0000] {processor.py:208} INFO - Processing /usr/local/python/3.12.1/lib/python3.12/site-packages/airflow/example_dags/example_external_task_marker_dag.py took 0.050 seconds
[2025-03-31T19:29:23.366+0000] {processor.py:186} INFO - Started process (PID=16848) to work on /usr/local/python/3.12.1/lib/python3.12/site-packages/airflow/example_dags/example_external_task_marker_dag.py
[2025-03-31T19:29:23.367+0000] {processor.py:914} INFO - Processing file /usr/local/python/3.12.1/lib/python3.12/site-packages/airflow/example_dags/example_external_task_marker_dag.py for tasks to queue
[2025-03-31T19:29:23.369+0000] {logging_mixin.py:190} INFO - [2025-03-31T19:29:23.368+0000] {dagbag.py:588} INFO - Filling up the DagBag from /usr/local/python/3.12.1/lib/python3.12/site-packages/airflow/example_dags/example_external_task_marker_dag.py
[2025-03-31T19:29:23.374+0000] {processor.py:925} INFO - DAG(s) 'example_external_task_marker_parent', 'example_external_task_marker_child' retrieved from /usr/local/python/3.12.1/lib/python3.12/site-packages/airflow/example_dags/example_external_task_marker_dag.py
[2025-03-31T19:29:23.387+0000] {logging_mixin.py:190} INFO - [2025-03-31T19:29:23.387+0000] {dag.py:3239} INFO - Sync 2 DAGs
[2025-03-31T19:29:23.397+0000] {logging_mixin.py:190} INFO - [2025-03-31T19:29:23.397+0000] {dag.py:4180} INFO - Setting next_dagrun for example_external_task_marker_child to None, run_after=None
[2025-03-31T19:29:23.400+0000] {logging_mixin.py:190} INFO - [2025-03-31T19:29:23.399+0000] {dag.py:4180} INFO - Setting next_dagrun for example_external_task_marker_parent to None, run_after=None
[2025-03-31T19:29:23.412+0000] {processor.py:208} INFO - Processing /usr/local/python/3.12.1/lib/python3.12/site-packages/airflow/example_dags/example_external_task_marker_dag.py took 0.050 seconds
[2025-03-31T19:30:22.194+0000] {processor.py:186} INFO - Started process (PID=17300) to work on /usr/local/python/3.12.1/lib/python3.12/site-packages/airflow/example_dags/example_external_task_marker_dag.py
[2025-03-31T19:30:22.195+0000] {processor.py:914} INFO - Processing file /usr/local/python/3.12.1/lib/python3.12/site-packages/airflow/example_dags/example_external_task_marker_dag.py for tasks to queue
[2025-03-31T19:30:22.196+0000] {logging_mixin.py:190} INFO - [2025-03-31T19:30:22.196+0000] {dagbag.py:588} INFO - Filling up the DagBag from /usr/local/python/3.12.1/lib/python3.12/site-packages/airflow/example_dags/example_external_task_marker_dag.py
[2025-03-31T19:30:22.202+0000] {processor.py:925} INFO - DAG(s) 'example_external_task_marker_parent', 'example_external_task_marker_child' retrieved from /usr/local/python/3.12.1/lib/python3.12/site-packages/airflow/example_dags/example_external_task_marker_dag.py
[2025-03-31T19:30:22.214+0000] {logging_mixin.py:190} INFO - [2025-03-31T19:30:22.214+0000] {dag.py:3239} INFO - Sync 2 DAGs
[2025-03-31T19:30:22.224+0000] {logging_mixin.py:190} INFO - [2025-03-31T19:30:22.224+0000] {dag.py:4180} INFO - Setting next_dagrun for example_external_task_marker_child to None, run_after=None
[2025-03-31T19:30:22.227+0000] {logging_mixin.py:190} INFO - [2025-03-31T19:30:22.226+0000] {dag.py:4180} INFO - Setting next_dagrun for example_external_task_marker_parent to None, run_after=None
[2025-03-31T19:30:22.240+0000] {processor.py:208} INFO - Processing /usr/local/python/3.12.1/lib/python3.12/site-packages/airflow/example_dags/example_external_task_marker_dag.py took 0.050 seconds
[2025-03-31T19:31:19.860+0000] {processor.py:186} INFO - Started process (PID=17760) to work on /usr/local/python/3.12.1/lib/python3.12/site-packages/airflow/example_dags/example_external_task_marker_dag.py
[2025-03-31T19:31:19.861+0000] {processor.py:914} INFO - Processing file /usr/local/python/3.12.1/lib/python3.12/site-packages/airflow/example_dags/example_external_task_marker_dag.py for tasks to queue
[2025-03-31T19:31:19.862+0000] {logging_mixin.py:190} INFO - [2025-03-31T19:31:19.862+0000] {dagbag.py:588} INFO - Filling up the DagBag from /usr/local/python/3.12.1/lib/python3.12/site-packages/airflow/example_dags/example_external_task_marker_dag.py
[2025-03-31T19:31:19.868+0000] {processor.py:925} INFO - DAG(s) 'example_external_task_marker_parent', 'example_external_task_marker_child' retrieved from /usr/local/python/3.12.1/lib/python3.12/site-packages/airflow/example_dags/example_external_task_marker_dag.py
[2025-03-31T19:31:19.881+0000] {logging_mixin.py:190} INFO - [2025-03-31T19:31:19.881+0000] {dag.py:3239} INFO - Sync 2 DAGs
[2025-03-31T19:31:19.891+0000] {logging_mixin.py:190} INFO - [2025-03-31T19:31:19.891+0000] {dag.py:4180} INFO - Setting next_dagrun for example_external_task_marker_child to None, run_after=None
[2025-03-31T19:31:19.893+0000] {logging_mixin.py:190} INFO - [2025-03-31T19:31:19.893+0000] {dag.py:4180} INFO - Setting next_dagrun for example_external_task_marker_parent to None, run_after=None
[2025-03-31T19:31:19.906+0000] {processor.py:208} INFO - Processing /usr/local/python/3.12.1/lib/python3.12/site-packages/airflow/example_dags/example_external_task_marker_dag.py took 0.050 seconds
[2025-03-31T19:32:17.305+0000] {processor.py:186} INFO - Started process (PID=18225) to work on /usr/local/python/3.12.1/lib/python3.12/site-packages/airflow/example_dags/example_external_task_marker_dag.py
[2025-03-31T19:32:17.306+0000] {processor.py:914} INFO - Processing file /usr/local/python/3.12.1/lib/python3.12/site-packages/airflow/example_dags/example_external_task_marker_dag.py for tasks to queue
[2025-03-31T19:32:17.307+0000] {logging_mixin.py:190} INFO - [2025-03-31T19:32:17.307+0000] {dagbag.py:588} INFO - Filling up the DagBag from /usr/local/python/3.12.1/lib/python3.12/site-packages/airflow/example_dags/example_external_task_marker_dag.py
[2025-03-31T19:32:17.315+0000] {processor.py:925} INFO - DAG(s) 'example_external_task_marker_child', 'example_external_task_marker_parent' retrieved from /usr/local/python/3.12.1/lib/python3.12/site-packages/airflow/example_dags/example_external_task_marker_dag.py
[2025-03-31T19:32:17.330+0000] {logging_mixin.py:190} INFO - [2025-03-31T19:32:17.330+0000] {dag.py:3239} INFO - Sync 2 DAGs
[2025-03-31T19:32:17.339+0000] {logging_mixin.py:190} INFO - [2025-03-31T19:32:17.339+0000] {dag.py:4180} INFO - Setting next_dagrun for example_external_task_marker_child to None, run_after=None
[2025-03-31T19:32:17.342+0000] {logging_mixin.py:190} INFO - [2025-03-31T19:32:17.342+0000] {dag.py:4180} INFO - Setting next_dagrun for example_external_task_marker_parent to None, run_after=None
[2025-03-31T19:32:17.354+0000] {processor.py:208} INFO - Processing /usr/local/python/3.12.1/lib/python3.12/site-packages/airflow/example_dags/example_external_task_marker_dag.py took 0.053 seconds
[2025-03-31T19:33:12.728+0000] {processor.py:186} INFO - Started process (PID=18650) to work on /usr/local/python/3.12.1/lib/python3.12/site-packages/airflow/example_dags/example_external_task_marker_dag.py
[2025-03-31T19:33:12.729+0000] {processor.py:914} INFO - Processing file /usr/local/python/3.12.1/lib/python3.12/site-packages/airflow/example_dags/example_external_task_marker_dag.py for tasks to queue
[2025-03-31T19:33:12.731+0000] {logging_mixin.py:190} INFO - [2025-03-31T19:33:12.730+0000] {dagbag.py:588} INFO - Filling up the DagBag from /usr/local/python/3.12.1/lib/python3.12/site-packages/airflow/example_dags/example_external_task_marker_dag.py
[2025-03-31T19:33:12.737+0000] {processor.py:925} INFO - DAG(s) 'example_external_task_marker_parent', 'example_external_task_marker_child' retrieved from /usr/local/python/3.12.1/lib/python3.12/site-packages/airflow/example_dags/example_external_task_marker_dag.py
[2025-03-31T19:33:12.750+0000] {logging_mixin.py:190} INFO - [2025-03-31T19:33:12.749+0000] {dag.py:3239} INFO - Sync 2 DAGs
[2025-03-31T19:33:12.760+0000] {logging_mixin.py:190} INFO - [2025-03-31T19:33:12.759+0000] {dag.py:4180} INFO - Setting next_dagrun for example_external_task_marker_child to None, run_after=None
[2025-03-31T19:33:12.762+0000] {logging_mixin.py:190} INFO - [2025-03-31T19:33:12.762+0000] {dag.py:4180} INFO - Setting next_dagrun for example_external_task_marker_parent to None, run_after=None
[2025-03-31T19:33:12.774+0000] {processor.py:208} INFO - Processing /usr/local/python/3.12.1/lib/python3.12/site-packages/airflow/example_dags/example_external_task_marker_dag.py took 0.050 seconds
[2025-03-31T19:34:12.314+0000] {processor.py:186} INFO - Started process (PID=19140) to work on /usr/local/python/3.12.1/lib/python3.12/site-packages/airflow/example_dags/example_external_task_marker_dag.py
[2025-03-31T19:34:12.314+0000] {processor.py:914} INFO - Processing file /usr/local/python/3.12.1/lib/python3.12/site-packages/airflow/example_dags/example_external_task_marker_dag.py for tasks to queue
[2025-03-31T19:34:12.316+0000] {logging_mixin.py:190} INFO - [2025-03-31T19:34:12.316+0000] {dagbag.py:588} INFO - Filling up the DagBag from /usr/local/python/3.12.1/lib/python3.12/site-packages/airflow/example_dags/example_external_task_marker_dag.py
[2025-03-31T19:34:12.322+0000] {processor.py:925} INFO - DAG(s) 'example_external_task_marker_child', 'example_external_task_marker_parent' retrieved from /usr/local/python/3.12.1/lib/python3.12/site-packages/airflow/example_dags/example_external_task_marker_dag.py
[2025-03-31T19:34:12.334+0000] {logging_mixin.py:190} INFO - [2025-03-31T19:34:12.334+0000] {dag.py:3239} INFO - Sync 2 DAGs
[2025-03-31T19:34:12.343+0000] {logging_mixin.py:190} INFO - [2025-03-31T19:34:12.343+0000] {dag.py:4180} INFO - Setting next_dagrun for example_external_task_marker_child to None, run_after=None
[2025-03-31T19:34:12.346+0000] {logging_mixin.py:190} INFO - [2025-03-31T19:34:12.346+0000] {dag.py:4180} INFO - Setting next_dagrun for example_external_task_marker_parent to None, run_after=None
[2025-03-31T19:34:12.359+0000] {processor.py:208} INFO - Processing /usr/local/python/3.12.1/lib/python3.12/site-packages/airflow/example_dags/example_external_task_marker_dag.py took 0.049 seconds
[2025-03-31T19:35:08.581+0000] {processor.py:186} INFO - Started process (PID=19624) to work on /usr/local/python/3.12.1/lib/python3.12/site-packages/airflow/example_dags/example_external_task_marker_dag.py
[2025-03-31T19:35:08.582+0000] {processor.py:914} INFO - Processing file /usr/local/python/3.12.1/lib/python3.12/site-packages/airflow/example_dags/example_external_task_marker_dag.py for tasks to queue
[2025-03-31T19:35:08.583+0000] {logging_mixin.py:190} INFO - [2025-03-31T19:35:08.583+0000] {dagbag.py:588} INFO - Filling up the DagBag from /usr/local/python/3.12.1/lib/python3.12/site-packages/airflow/example_dags/example_external_task_marker_dag.py
[2025-03-31T19:35:08.589+0000] {processor.py:925} INFO - DAG(s) 'example_external_task_marker_child', 'example_external_task_marker_parent' retrieved from /usr/local/python/3.12.1/lib/python3.12/site-packages/airflow/example_dags/example_external_task_marker_dag.py
[2025-03-31T19:35:08.602+0000] {logging_mixin.py:190} INFO - [2025-03-31T19:35:08.602+0000] {dag.py:3239} INFO - Sync 2 DAGs
[2025-03-31T19:35:08.612+0000] {logging_mixin.py:190} INFO - [2025-03-31T19:35:08.611+0000] {dag.py:4180} INFO - Setting next_dagrun for example_external_task_marker_child to None, run_after=None
[2025-03-31T19:35:08.614+0000] {logging_mixin.py:190} INFO - [2025-03-31T19:35:08.614+0000] {dag.py:4180} INFO - Setting next_dagrun for example_external_task_marker_parent to None, run_after=None
[2025-03-31T19:35:08.627+0000] {processor.py:208} INFO - Processing /usr/local/python/3.12.1/lib/python3.12/site-packages/airflow/example_dags/example_external_task_marker_dag.py took 0.050 seconds
[2025-03-31T19:36:05.961+0000] {processor.py:186} INFO - Started process (PID=20076) to work on /usr/local/python/3.12.1/lib/python3.12/site-packages/airflow/example_dags/example_external_task_marker_dag.py
[2025-03-31T19:36:05.962+0000] {processor.py:914} INFO - Processing file /usr/local/python/3.12.1/lib/python3.12/site-packages/airflow/example_dags/example_external_task_marker_dag.py for tasks to queue
[2025-03-31T19:36:05.964+0000] {logging_mixin.py:190} INFO - [2025-03-31T19:36:05.963+0000] {dagbag.py:588} INFO - Filling up the DagBag from /usr/local/python/3.12.1/lib/python3.12/site-packages/airflow/example_dags/example_external_task_marker_dag.py
[2025-03-31T19:36:05.972+0000] {processor.py:925} INFO - DAG(s) 'example_external_task_marker_parent', 'example_external_task_marker_child' retrieved from /usr/local/python/3.12.1/lib/python3.12/site-packages/airflow/example_dags/example_external_task_marker_dag.py
[2025-03-31T19:36:05.987+0000] {logging_mixin.py:190} INFO - [2025-03-31T19:36:05.987+0000] {dag.py:3239} INFO - Sync 2 DAGs
[2025-03-31T19:36:06.002+0000] {logging_mixin.py:190} INFO - [2025-03-31T19:36:06.001+0000] {dag.py:4180} INFO - Setting next_dagrun for example_external_task_marker_child to None, run_after=None
[2025-03-31T19:36:06.005+0000] {logging_mixin.py:190} INFO - [2025-03-31T19:36:06.005+0000] {dag.py:4180} INFO - Setting next_dagrun for example_external_task_marker_parent to None, run_after=None
[2025-03-31T19:36:06.019+0000] {processor.py:208} INFO - Processing /usr/local/python/3.12.1/lib/python3.12/site-packages/airflow/example_dags/example_external_task_marker_dag.py took 0.062 seconds
[2025-03-31T19:37:01.178+0000] {processor.py:186} INFO - Started process (PID=20533) to work on /usr/local/python/3.12.1/lib/python3.12/site-packages/airflow/example_dags/example_external_task_marker_dag.py
[2025-03-31T19:37:01.178+0000] {processor.py:914} INFO - Processing file /usr/local/python/3.12.1/lib/python3.12/site-packages/airflow/example_dags/example_external_task_marker_dag.py for tasks to queue
[2025-03-31T19:37:01.180+0000] {logging_mixin.py:190} INFO - [2025-03-31T19:37:01.180+0000] {dagbag.py:588} INFO - Filling up the DagBag from /usr/local/python/3.12.1/lib/python3.12/site-packages/airflow/example_dags/example_external_task_marker_dag.py
[2025-03-31T19:37:01.186+0000] {processor.py:925} INFO - DAG(s) 'example_external_task_marker_child', 'example_external_task_marker_parent' retrieved from /usr/local/python/3.12.1/lib/python3.12/site-packages/airflow/example_dags/example_external_task_marker_dag.py
[2025-03-31T19:37:01.199+0000] {logging_mixin.py:190} INFO - [2025-03-31T19:37:01.199+0000] {dag.py:3239} INFO - Sync 2 DAGs
[2025-03-31T19:37:01.208+0000] {logging_mixin.py:190} INFO - [2025-03-31T19:37:01.208+0000] {dag.py:4180} INFO - Setting next_dagrun for example_external_task_marker_child to None, run_after=None
[2025-03-31T19:37:01.211+0000] {logging_mixin.py:190} INFO - [2025-03-31T19:37:01.211+0000] {dag.py:4180} INFO - Setting next_dagrun for example_external_task_marker_parent to None, run_after=None
[2025-03-31T19:37:01.225+0000] {processor.py:208} INFO - Processing /usr/local/python/3.12.1/lib/python3.12/site-packages/airflow/example_dags/example_external_task_marker_dag.py took 0.051 seconds
[2025-03-31T19:37:58.455+0000] {processor.py:186} INFO - Started process (PID=20972) to work on /usr/local/python/3.12.1/lib/python3.12/site-packages/airflow/example_dags/example_external_task_marker_dag.py
[2025-03-31T19:37:58.456+0000] {processor.py:914} INFO - Processing file /usr/local/python/3.12.1/lib/python3.12/site-packages/airflow/example_dags/example_external_task_marker_dag.py for tasks to queue
[2025-03-31T19:37:58.458+0000] {logging_mixin.py:190} INFO - [2025-03-31T19:37:58.457+0000] {dagbag.py:588} INFO - Filling up the DagBag from /usr/local/python/3.12.1/lib/python3.12/site-packages/airflow/example_dags/example_external_task_marker_dag.py
[2025-03-31T19:37:58.464+0000] {processor.py:925} INFO - DAG(s) 'example_external_task_marker_child', 'example_external_task_marker_parent' retrieved from /usr/local/python/3.12.1/lib/python3.12/site-packages/airflow/example_dags/example_external_task_marker_dag.py
[2025-03-31T19:37:58.477+0000] {logging_mixin.py:190} INFO - [2025-03-31T19:37:58.476+0000] {dag.py:3239} INFO - Sync 2 DAGs
[2025-03-31T19:37:58.486+0000] {logging_mixin.py:190} INFO - [2025-03-31T19:37:58.486+0000] {dag.py:4180} INFO - Setting next_dagrun for example_external_task_marker_child to None, run_after=None
[2025-03-31T19:37:58.489+0000] {logging_mixin.py:190} INFO - [2025-03-31T19:37:58.489+0000] {dag.py:4180} INFO - Setting next_dagrun for example_external_task_marker_parent to None, run_after=None
[2025-03-31T19:37:58.505+0000] {processor.py:208} INFO - Processing /usr/local/python/3.12.1/lib/python3.12/site-packages/airflow/example_dags/example_external_task_marker_dag.py took 0.053 seconds
