[2025-03-31T19:06:41.063+0000] {processor.py:186} INFO - Started process (PID=5306) to work on /usr/local/python/3.12.1/lib/python3.12/site-packages/airflow/example_dags/example_latest_only_with_trigger.py
[2025-03-31T19:06:41.064+0000] {processor.py:914} INFO - Processing file /usr/local/python/3.12.1/lib/python3.12/site-packages/airflow/example_dags/example_latest_only_with_trigger.py for tasks to queue
[2025-03-31T19:06:41.065+0000] {logging_mixin.py:190} INFO - [2025-03-31T19:06:41.065+0000] {dagbag.py:588} INFO - Filling up the DagBag from /usr/local/python/3.12.1/lib/python3.12/site-packages/airflow/example_dags/example_latest_only_with_trigger.py
[2025-03-31T19:06:41.071+0000] {processor.py:925} INFO - DAG(s) 'latest_only_with_trigger' retrieved from /usr/local/python/3.12.1/lib/python3.12/site-packages/airflow/example_dags/example_latest_only_with_trigger.py
[2025-03-31T19:06:41.083+0000] {logging_mixin.py:190} INFO - [2025-03-31T19:06:41.083+0000] {dag.py:3239} INFO - Sync 1 DAGs
[2025-03-31T19:06:41.099+0000] {logging_mixin.py:190} INFO - [2025-03-31T19:06:41.098+0000] {dag.py:4180} INFO - Setting next_dagrun for latest_only_with_trigger to 2025-03-31 12:00:00+00:00, run_after=2025-03-31 16:00:00+00:00
[2025-03-31T19:06:41.113+0000] {processor.py:208} INFO - Processing /usr/local/python/3.12.1/lib/python3.12/site-packages/airflow/example_dags/example_latest_only_with_trigger.py took 0.054 seconds
[2025-03-31T19:07:39.149+0000] {processor.py:186} INFO - Started process (PID=5819) to work on /usr/local/python/3.12.1/lib/python3.12/site-packages/airflow/example_dags/example_latest_only_with_trigger.py
[2025-03-31T19:07:39.150+0000] {processor.py:914} INFO - Processing file /usr/local/python/3.12.1/lib/python3.12/site-packages/airflow/example_dags/example_latest_only_with_trigger.py for tasks to queue
[2025-03-31T19:07:39.151+0000] {logging_mixin.py:190} INFO - [2025-03-31T19:07:39.151+0000] {dagbag.py:588} INFO - Filling up the DagBag from /usr/local/python/3.12.1/lib/python3.12/site-packages/airflow/example_dags/example_latest_only_with_trigger.py
[2025-03-31T19:07:39.157+0000] {processor.py:925} INFO - DAG(s) 'latest_only_with_trigger' retrieved from /usr/local/python/3.12.1/lib/python3.12/site-packages/airflow/example_dags/example_latest_only_with_trigger.py
[2025-03-31T19:07:39.168+0000] {logging_mixin.py:190} INFO - [2025-03-31T19:07:39.168+0000] {dag.py:3239} INFO - Sync 1 DAGs
[2025-03-31T19:07:39.184+0000] {logging_mixin.py:190} INFO - [2025-03-31T19:07:39.184+0000] {dag.py:4180} INFO - Setting next_dagrun for latest_only_with_trigger to 2025-03-31 12:00:00+00:00, run_after=2025-03-31 16:00:00+00:00
[2025-03-31T19:07:39.198+0000] {processor.py:208} INFO - Processing /usr/local/python/3.12.1/lib/python3.12/site-packages/airflow/example_dags/example_latest_only_with_trigger.py took 0.053 seconds
[2025-03-31T19:08:35.241+0000] {processor.py:186} INFO - Started process (PID=6316) to work on /usr/local/python/3.12.1/lib/python3.12/site-packages/airflow/example_dags/example_latest_only_with_trigger.py
[2025-03-31T19:08:35.242+0000] {processor.py:914} INFO - Processing file /usr/local/python/3.12.1/lib/python3.12/site-packages/airflow/example_dags/example_latest_only_with_trigger.py for tasks to queue
[2025-03-31T19:08:35.243+0000] {logging_mixin.py:190} INFO - [2025-03-31T19:08:35.243+0000] {dagbag.py:588} INFO - Filling up the DagBag from /usr/local/python/3.12.1/lib/python3.12/site-packages/airflow/example_dags/example_latest_only_with_trigger.py
[2025-03-31T19:08:35.249+0000] {processor.py:925} INFO - DAG(s) 'latest_only_with_trigger' retrieved from /usr/local/python/3.12.1/lib/python3.12/site-packages/airflow/example_dags/example_latest_only_with_trigger.py
[2025-03-31T19:08:35.261+0000] {logging_mixin.py:190} INFO - [2025-03-31T19:08:35.260+0000] {dag.py:3239} INFO - Sync 1 DAGs
[2025-03-31T19:08:35.276+0000] {logging_mixin.py:190} INFO - [2025-03-31T19:08:35.276+0000] {dag.py:4180} INFO - Setting next_dagrun for latest_only_with_trigger to 2025-03-31 12:00:00+00:00, run_after=2025-03-31 16:00:00+00:00
[2025-03-31T19:08:35.291+0000] {processor.py:208} INFO - Processing /usr/local/python/3.12.1/lib/python3.12/site-packages/airflow/example_dags/example_latest_only_with_trigger.py took 0.054 seconds
[2025-03-31T19:09:29.177+0000] {processor.py:186} INFO - Started process (PID=6740) to work on /usr/local/python/3.12.1/lib/python3.12/site-packages/airflow/example_dags/example_latest_only_with_trigger.py
[2025-03-31T19:09:29.177+0000] {processor.py:914} INFO - Processing file /usr/local/python/3.12.1/lib/python3.12/site-packages/airflow/example_dags/example_latest_only_with_trigger.py for tasks to queue
[2025-03-31T19:09:29.179+0000] {logging_mixin.py:190} INFO - [2025-03-31T19:09:29.178+0000] {dagbag.py:588} INFO - Filling up the DagBag from /usr/local/python/3.12.1/lib/python3.12/site-packages/airflow/example_dags/example_latest_only_with_trigger.py
[2025-03-31T19:09:29.184+0000] {processor.py:925} INFO - DAG(s) 'latest_only_with_trigger' retrieved from /usr/local/python/3.12.1/lib/python3.12/site-packages/airflow/example_dags/example_latest_only_with_trigger.py
[2025-03-31T19:09:29.195+0000] {logging_mixin.py:190} INFO - [2025-03-31T19:09:29.195+0000] {dag.py:3239} INFO - Sync 1 DAGs
[2025-03-31T19:09:29.210+0000] {logging_mixin.py:190} INFO - [2025-03-31T19:09:29.210+0000] {dag.py:4180} INFO - Setting next_dagrun for latest_only_with_trigger to 2025-03-31 12:00:00+00:00, run_after=2025-03-31 16:00:00+00:00
[2025-03-31T19:09:29.224+0000] {processor.py:208} INFO - Processing /usr/local/python/3.12.1/lib/python3.12/site-packages/airflow/example_dags/example_latest_only_with_trigger.py took 0.052 seconds
[2025-03-31T19:10:21.838+0000] {processor.py:186} INFO - Started process (PID=7150) to work on /usr/local/python/3.12.1/lib/python3.12/site-packages/airflow/example_dags/example_latest_only_with_trigger.py
[2025-03-31T19:10:21.839+0000] {processor.py:914} INFO - Processing file /usr/local/python/3.12.1/lib/python3.12/site-packages/airflow/example_dags/example_latest_only_with_trigger.py for tasks to queue
[2025-03-31T19:10:21.840+0000] {logging_mixin.py:190} INFO - [2025-03-31T19:10:21.840+0000] {dagbag.py:588} INFO - Filling up the DagBag from /usr/local/python/3.12.1/lib/python3.12/site-packages/airflow/example_dags/example_latest_only_with_trigger.py
[2025-03-31T19:10:21.846+0000] {processor.py:925} INFO - DAG(s) 'latest_only_with_trigger' retrieved from /usr/local/python/3.12.1/lib/python3.12/site-packages/airflow/example_dags/example_latest_only_with_trigger.py
[2025-03-31T19:10:21.857+0000] {logging_mixin.py:190} INFO - [2025-03-31T19:10:21.857+0000] {dag.py:3239} INFO - Sync 1 DAGs
[2025-03-31T19:10:21.872+0000] {logging_mixin.py:190} INFO - [2025-03-31T19:10:21.872+0000] {dag.py:4180} INFO - Setting next_dagrun for latest_only_with_trigger to 2025-03-31 12:00:00+00:00, run_after=2025-03-31 16:00:00+00:00
[2025-03-31T19:10:21.886+0000] {processor.py:208} INFO - Processing /usr/local/python/3.12.1/lib/python3.12/site-packages/airflow/example_dags/example_latest_only_with_trigger.py took 0.052 seconds
[2025-03-31T19:11:14.322+0000] {processor.py:186} INFO - Started process (PID=7563) to work on /usr/local/python/3.12.1/lib/python3.12/site-packages/airflow/example_dags/example_latest_only_with_trigger.py
[2025-03-31T19:11:14.323+0000] {processor.py:914} INFO - Processing file /usr/local/python/3.12.1/lib/python3.12/site-packages/airflow/example_dags/example_latest_only_with_trigger.py for tasks to queue
[2025-03-31T19:11:14.324+0000] {logging_mixin.py:190} INFO - [2025-03-31T19:11:14.324+0000] {dagbag.py:588} INFO - Filling up the DagBag from /usr/local/python/3.12.1/lib/python3.12/site-packages/airflow/example_dags/example_latest_only_with_trigger.py
[2025-03-31T19:11:14.330+0000] {processor.py:925} INFO - DAG(s) 'latest_only_with_trigger' retrieved from /usr/local/python/3.12.1/lib/python3.12/site-packages/airflow/example_dags/example_latest_only_with_trigger.py
[2025-03-31T19:11:14.342+0000] {logging_mixin.py:190} INFO - [2025-03-31T19:11:14.341+0000] {dag.py:3239} INFO - Sync 1 DAGs
[2025-03-31T19:11:14.357+0000] {logging_mixin.py:190} INFO - [2025-03-31T19:11:14.357+0000] {dag.py:4180} INFO - Setting next_dagrun for latest_only_with_trigger to 2025-03-31 12:00:00+00:00, run_after=2025-03-31 16:00:00+00:00
[2025-03-31T19:11:14.371+0000] {processor.py:208} INFO - Processing /usr/local/python/3.12.1/lib/python3.12/site-packages/airflow/example_dags/example_latest_only_with_trigger.py took 0.053 seconds
[2025-03-31T19:12:06.850+0000] {processor.py:186} INFO - Started process (PID=7971) to work on /usr/local/python/3.12.1/lib/python3.12/site-packages/airflow/example_dags/example_latest_only_with_trigger.py
[2025-03-31T19:12:06.850+0000] {processor.py:914} INFO - Processing file /usr/local/python/3.12.1/lib/python3.12/site-packages/airflow/example_dags/example_latest_only_with_trigger.py for tasks to queue
[2025-03-31T19:12:06.852+0000] {logging_mixin.py:190} INFO - [2025-03-31T19:12:06.851+0000] {dagbag.py:588} INFO - Filling up the DagBag from /usr/local/python/3.12.1/lib/python3.12/site-packages/airflow/example_dags/example_latest_only_with_trigger.py
[2025-03-31T19:12:06.857+0000] {processor.py:925} INFO - DAG(s) 'latest_only_with_trigger' retrieved from /usr/local/python/3.12.1/lib/python3.12/site-packages/airflow/example_dags/example_latest_only_with_trigger.py
[2025-03-31T19:12:06.869+0000] {logging_mixin.py:190} INFO - [2025-03-31T19:12:06.868+0000] {dag.py:3239} INFO - Sync 1 DAGs
[2025-03-31T19:12:06.883+0000] {logging_mixin.py:190} INFO - [2025-03-31T19:12:06.883+0000] {dag.py:4180} INFO - Setting next_dagrun for latest_only_with_trigger to 2025-03-31 12:00:00+00:00, run_after=2025-03-31 16:00:00+00:00
[2025-03-31T19:12:06.898+0000] {processor.py:208} INFO - Processing /usr/local/python/3.12.1/lib/python3.12/site-packages/airflow/example_dags/example_latest_only_with_trigger.py took 0.052 seconds
[2025-03-31T19:12:58.767+0000] {processor.py:186} INFO - Started process (PID=8395) to work on /usr/local/python/3.12.1/lib/python3.12/site-packages/airflow/example_dags/example_latest_only_with_trigger.py
[2025-03-31T19:12:58.768+0000] {processor.py:914} INFO - Processing file /usr/local/python/3.12.1/lib/python3.12/site-packages/airflow/example_dags/example_latest_only_with_trigger.py for tasks to queue
[2025-03-31T19:12:58.769+0000] {logging_mixin.py:190} INFO - [2025-03-31T19:12:58.769+0000] {dagbag.py:588} INFO - Filling up the DagBag from /usr/local/python/3.12.1/lib/python3.12/site-packages/airflow/example_dags/example_latest_only_with_trigger.py
[2025-03-31T19:12:58.775+0000] {processor.py:925} INFO - DAG(s) 'latest_only_with_trigger' retrieved from /usr/local/python/3.12.1/lib/python3.12/site-packages/airflow/example_dags/example_latest_only_with_trigger.py
[2025-03-31T19:12:58.786+0000] {logging_mixin.py:190} INFO - [2025-03-31T19:12:58.786+0000] {dag.py:3239} INFO - Sync 1 DAGs
[2025-03-31T19:12:58.801+0000] {logging_mixin.py:190} INFO - [2025-03-31T19:12:58.801+0000] {dag.py:4180} INFO - Setting next_dagrun for latest_only_with_trigger to 2025-03-31 12:00:00+00:00, run_after=2025-03-31 16:00:00+00:00
[2025-03-31T19:12:58.815+0000] {processor.py:208} INFO - Processing /usr/local/python/3.12.1/lib/python3.12/site-packages/airflow/example_dags/example_latest_only_with_trigger.py took 0.052 seconds
[2025-03-31T19:13:55.106+0000] {processor.py:186} INFO - Started process (PID=8827) to work on /usr/local/python/3.12.1/lib/python3.12/site-packages/airflow/example_dags/example_latest_only_with_trigger.py
[2025-03-31T19:13:55.107+0000] {processor.py:914} INFO - Processing file /usr/local/python/3.12.1/lib/python3.12/site-packages/airflow/example_dags/example_latest_only_with_trigger.py for tasks to queue
[2025-03-31T19:13:55.108+0000] {logging_mixin.py:190} INFO - [2025-03-31T19:13:55.108+0000] {dagbag.py:588} INFO - Filling up the DagBag from /usr/local/python/3.12.1/lib/python3.12/site-packages/airflow/example_dags/example_latest_only_with_trigger.py
[2025-03-31T19:13:55.114+0000] {processor.py:925} INFO - DAG(s) 'latest_only_with_trigger' retrieved from /usr/local/python/3.12.1/lib/python3.12/site-packages/airflow/example_dags/example_latest_only_with_trigger.py
[2025-03-31T19:13:55.125+0000] {logging_mixin.py:190} INFO - [2025-03-31T19:13:55.125+0000] {dag.py:3239} INFO - Sync 1 DAGs
[2025-03-31T19:13:55.140+0000] {logging_mixin.py:190} INFO - [2025-03-31T19:13:55.140+0000] {dag.py:4180} INFO - Setting next_dagrun for latest_only_with_trigger to 2025-03-31 12:00:00+00:00, run_after=2025-03-31 16:00:00+00:00
[2025-03-31T19:13:55.154+0000] {processor.py:208} INFO - Processing /usr/local/python/3.12.1/lib/python3.12/site-packages/airflow/example_dags/example_latest_only_with_trigger.py took 0.052 seconds
[2025-03-31T19:14:44.689+0000] {processor.py:186} INFO - Started process (PID=9224) to work on /usr/local/python/3.12.1/lib/python3.12/site-packages/airflow/example_dags/example_latest_only_with_trigger.py
[2025-03-31T19:14:44.690+0000] {processor.py:914} INFO - Processing file /usr/local/python/3.12.1/lib/python3.12/site-packages/airflow/example_dags/example_latest_only_with_trigger.py for tasks to queue
[2025-03-31T19:14:44.691+0000] {logging_mixin.py:190} INFO - [2025-03-31T19:14:44.691+0000] {dagbag.py:588} INFO - Filling up the DagBag from /usr/local/python/3.12.1/lib/python3.12/site-packages/airflow/example_dags/example_latest_only_with_trigger.py
[2025-03-31T19:14:44.697+0000] {processor.py:925} INFO - DAG(s) 'latest_only_with_trigger' retrieved from /usr/local/python/3.12.1/lib/python3.12/site-packages/airflow/example_dags/example_latest_only_with_trigger.py
[2025-03-31T19:14:44.709+0000] {logging_mixin.py:190} INFO - [2025-03-31T19:14:44.708+0000] {dag.py:3239} INFO - Sync 1 DAGs
[2025-03-31T19:14:44.724+0000] {logging_mixin.py:190} INFO - [2025-03-31T19:14:44.724+0000] {dag.py:4180} INFO - Setting next_dagrun for latest_only_with_trigger to 2025-03-31 12:00:00+00:00, run_after=2025-03-31 16:00:00+00:00
[2025-03-31T19:14:44.738+0000] {processor.py:208} INFO - Processing /usr/local/python/3.12.1/lib/python3.12/site-packages/airflow/example_dags/example_latest_only_with_trigger.py took 0.053 seconds
[2025-03-31T19:15:39.763+0000] {processor.py:186} INFO - Started process (PID=9649) to work on /usr/local/python/3.12.1/lib/python3.12/site-packages/airflow/example_dags/example_latest_only_with_trigger.py
[2025-03-31T19:15:39.763+0000] {processor.py:914} INFO - Processing file /usr/local/python/3.12.1/lib/python3.12/site-packages/airflow/example_dags/example_latest_only_with_trigger.py for tasks to queue
[2025-03-31T19:15:39.765+0000] {logging_mixin.py:190} INFO - [2025-03-31T19:15:39.764+0000] {dagbag.py:588} INFO - Filling up the DagBag from /usr/local/python/3.12.1/lib/python3.12/site-packages/airflow/example_dags/example_latest_only_with_trigger.py
[2025-03-31T19:15:39.770+0000] {processor.py:925} INFO - DAG(s) 'latest_only_with_trigger' retrieved from /usr/local/python/3.12.1/lib/python3.12/site-packages/airflow/example_dags/example_latest_only_with_trigger.py
[2025-03-31T19:15:39.781+0000] {logging_mixin.py:190} INFO - [2025-03-31T19:15:39.781+0000] {dag.py:3239} INFO - Sync 1 DAGs
[2025-03-31T19:15:39.796+0000] {logging_mixin.py:190} INFO - [2025-03-31T19:15:39.796+0000] {dag.py:4180} INFO - Setting next_dagrun for latest_only_with_trigger to 2025-03-31 12:00:00+00:00, run_after=2025-03-31 16:00:00+00:00
[2025-03-31T19:15:39.810+0000] {processor.py:208} INFO - Processing /usr/local/python/3.12.1/lib/python3.12/site-packages/airflow/example_dags/example_latest_only_with_trigger.py took 0.052 seconds
[2025-03-31T19:16:31.713+0000] {processor.py:186} INFO - Started process (PID=10074) to work on /usr/local/python/3.12.1/lib/python3.12/site-packages/airflow/example_dags/example_latest_only_with_trigger.py
[2025-03-31T19:16:31.714+0000] {processor.py:914} INFO - Processing file /usr/local/python/3.12.1/lib/python3.12/site-packages/airflow/example_dags/example_latest_only_with_trigger.py for tasks to queue
[2025-03-31T19:16:31.715+0000] {logging_mixin.py:190} INFO - [2025-03-31T19:16:31.715+0000] {dagbag.py:588} INFO - Filling up the DagBag from /usr/local/python/3.12.1/lib/python3.12/site-packages/airflow/example_dags/example_latest_only_with_trigger.py
[2025-03-31T19:16:31.721+0000] {processor.py:925} INFO - DAG(s) 'latest_only_with_trigger' retrieved from /usr/local/python/3.12.1/lib/python3.12/site-packages/airflow/example_dags/example_latest_only_with_trigger.py
[2025-03-31T19:16:31.732+0000] {logging_mixin.py:190} INFO - [2025-03-31T19:16:31.731+0000] {dag.py:3239} INFO - Sync 1 DAGs
[2025-03-31T19:16:31.746+0000] {logging_mixin.py:190} INFO - [2025-03-31T19:16:31.746+0000] {dag.py:4180} INFO - Setting next_dagrun for latest_only_with_trigger to 2025-03-31 12:00:00+00:00, run_after=2025-03-31 16:00:00+00:00
[2025-03-31T19:16:31.762+0000] {processor.py:208} INFO - Processing /usr/local/python/3.12.1/lib/python3.12/site-packages/airflow/example_dags/example_latest_only_with_trigger.py took 0.053 seconds
[2025-03-31T19:17:27.230+0000] {processor.py:186} INFO - Started process (PID=10511) to work on /usr/local/python/3.12.1/lib/python3.12/site-packages/airflow/example_dags/example_latest_only_with_trigger.py
[2025-03-31T19:17:27.231+0000] {processor.py:914} INFO - Processing file /usr/local/python/3.12.1/lib/python3.12/site-packages/airflow/example_dags/example_latest_only_with_trigger.py for tasks to queue
[2025-03-31T19:17:27.232+0000] {logging_mixin.py:190} INFO - [2025-03-31T19:17:27.232+0000] {dagbag.py:588} INFO - Filling up the DagBag from /usr/local/python/3.12.1/lib/python3.12/site-packages/airflow/example_dags/example_latest_only_with_trigger.py
[2025-03-31T19:17:27.238+0000] {processor.py:925} INFO - DAG(s) 'latest_only_with_trigger' retrieved from /usr/local/python/3.12.1/lib/python3.12/site-packages/airflow/example_dags/example_latest_only_with_trigger.py
[2025-03-31T19:17:27.249+0000] {logging_mixin.py:190} INFO - [2025-03-31T19:17:27.249+0000] {dag.py:3239} INFO - Sync 1 DAGs
[2025-03-31T19:17:27.264+0000] {logging_mixin.py:190} INFO - [2025-03-31T19:17:27.264+0000] {dag.py:4180} INFO - Setting next_dagrun for latest_only_with_trigger to 2025-03-31 12:00:00+00:00, run_after=2025-03-31 16:00:00+00:00
[2025-03-31T19:17:27.278+0000] {processor.py:208} INFO - Processing /usr/local/python/3.12.1/lib/python3.12/site-packages/airflow/example_dags/example_latest_only_with_trigger.py took 0.052 seconds
[2025-03-31T19:18:21.787+0000] {processor.py:186} INFO - Started process (PID=10974) to work on /usr/local/python/3.12.1/lib/python3.12/site-packages/airflow/example_dags/example_latest_only_with_trigger.py
[2025-03-31T19:18:21.787+0000] {processor.py:914} INFO - Processing file /usr/local/python/3.12.1/lib/python3.12/site-packages/airflow/example_dags/example_latest_only_with_trigger.py for tasks to queue
[2025-03-31T19:18:21.789+0000] {logging_mixin.py:190} INFO - [2025-03-31T19:18:21.788+0000] {dagbag.py:588} INFO - Filling up the DagBag from /usr/local/python/3.12.1/lib/python3.12/site-packages/airflow/example_dags/example_latest_only_with_trigger.py
[2025-03-31T19:18:21.794+0000] {processor.py:925} INFO - DAG(s) 'latest_only_with_trigger' retrieved from /usr/local/python/3.12.1/lib/python3.12/site-packages/airflow/example_dags/example_latest_only_with_trigger.py
[2025-03-31T19:18:21.805+0000] {logging_mixin.py:190} INFO - [2025-03-31T19:18:21.805+0000] {dag.py:3239} INFO - Sync 1 DAGs
[2025-03-31T19:18:21.821+0000] {logging_mixin.py:190} INFO - [2025-03-31T19:18:21.821+0000] {dag.py:4180} INFO - Setting next_dagrun for latest_only_with_trigger to 2025-03-31 12:00:00+00:00, run_after=2025-03-31 16:00:00+00:00
[2025-03-31T19:18:21.838+0000] {processor.py:208} INFO - Processing /usr/local/python/3.12.1/lib/python3.12/site-packages/airflow/example_dags/example_latest_only_with_trigger.py took 0.056 seconds
[2025-03-31T19:19:14.267+0000] {processor.py:186} INFO - Started process (PID=11445) to work on /usr/local/python/3.12.1/lib/python3.12/site-packages/airflow/example_dags/example_latest_only_with_trigger.py
[2025-03-31T19:19:14.268+0000] {processor.py:914} INFO - Processing file /usr/local/python/3.12.1/lib/python3.12/site-packages/airflow/example_dags/example_latest_only_with_trigger.py for tasks to queue
[2025-03-31T19:19:14.269+0000] {logging_mixin.py:190} INFO - [2025-03-31T19:19:14.269+0000] {dagbag.py:588} INFO - Filling up the DagBag from /usr/local/python/3.12.1/lib/python3.12/site-packages/airflow/example_dags/example_latest_only_with_trigger.py
[2025-03-31T19:19:14.275+0000] {processor.py:925} INFO - DAG(s) 'latest_only_with_trigger' retrieved from /usr/local/python/3.12.1/lib/python3.12/site-packages/airflow/example_dags/example_latest_only_with_trigger.py
[2025-03-31T19:19:14.286+0000] {logging_mixin.py:190} INFO - [2025-03-31T19:19:14.286+0000] {dag.py:3239} INFO - Sync 1 DAGs
[2025-03-31T19:19:14.301+0000] {logging_mixin.py:190} INFO - [2025-03-31T19:19:14.300+0000] {dag.py:4180} INFO - Setting next_dagrun for latest_only_with_trigger to 2025-03-31 12:00:00+00:00, run_after=2025-03-31 16:00:00+00:00
[2025-03-31T19:19:14.315+0000] {processor.py:208} INFO - Processing /usr/local/python/3.12.1/lib/python3.12/site-packages/airflow/example_dags/example_latest_only_with_trigger.py took 0.052 seconds
[2025-03-31T19:20:03.699+0000] {processor.py:186} INFO - Started process (PID=11907) to work on /usr/local/python/3.12.1/lib/python3.12/site-packages/airflow/example_dags/example_latest_only_with_trigger.py
[2025-03-31T19:20:03.700+0000] {processor.py:914} INFO - Processing file /usr/local/python/3.12.1/lib/python3.12/site-packages/airflow/example_dags/example_latest_only_with_trigger.py for tasks to queue
[2025-03-31T19:20:03.701+0000] {logging_mixin.py:190} INFO - [2025-03-31T19:20:03.701+0000] {dagbag.py:588} INFO - Filling up the DagBag from /usr/local/python/3.12.1/lib/python3.12/site-packages/airflow/example_dags/example_latest_only_with_trigger.py
[2025-03-31T19:20:03.707+0000] {processor.py:925} INFO - DAG(s) 'latest_only_with_trigger' retrieved from /usr/local/python/3.12.1/lib/python3.12/site-packages/airflow/example_dags/example_latest_only_with_trigger.py
[2025-03-31T19:20:03.718+0000] {logging_mixin.py:190} INFO - [2025-03-31T19:20:03.718+0000] {dag.py:3239} INFO - Sync 1 DAGs
[2025-03-31T19:20:03.732+0000] {logging_mixin.py:190} INFO - [2025-03-31T19:20:03.732+0000] {dag.py:4180} INFO - Setting next_dagrun for latest_only_with_trigger to 2025-03-31 12:00:00+00:00, run_after=2025-03-31 16:00:00+00:00
[2025-03-31T19:20:03.748+0000] {processor.py:208} INFO - Processing /usr/local/python/3.12.1/lib/python3.12/site-packages/airflow/example_dags/example_latest_only_with_trigger.py took 0.053 seconds
[2025-03-31T19:20:56.780+0000] {processor.py:186} INFO - Started process (PID=12468) to work on /usr/local/python/3.12.1/lib/python3.12/site-packages/airflow/example_dags/example_latest_only_with_trigger.py
[2025-03-31T19:20:56.781+0000] {processor.py:914} INFO - Processing file /usr/local/python/3.12.1/lib/python3.12/site-packages/airflow/example_dags/example_latest_only_with_trigger.py for tasks to queue
[2025-03-31T19:20:56.782+0000] {logging_mixin.py:190} INFO - [2025-03-31T19:20:56.782+0000] {dagbag.py:588} INFO - Filling up the DagBag from /usr/local/python/3.12.1/lib/python3.12/site-packages/airflow/example_dags/example_latest_only_with_trigger.py
[2025-03-31T19:20:56.788+0000] {processor.py:925} INFO - DAG(s) 'latest_only_with_trigger' retrieved from /usr/local/python/3.12.1/lib/python3.12/site-packages/airflow/example_dags/example_latest_only_with_trigger.py
[2025-03-31T19:20:56.800+0000] {logging_mixin.py:190} INFO - [2025-03-31T19:20:56.800+0000] {dag.py:3239} INFO - Sync 1 DAGs
[2025-03-31T19:20:56.815+0000] {logging_mixin.py:190} INFO - [2025-03-31T19:20:56.814+0000] {dag.py:4180} INFO - Setting next_dagrun for latest_only_with_trigger to 2025-03-31 12:00:00+00:00, run_after=2025-03-31 16:00:00+00:00
[2025-03-31T19:20:56.829+0000] {processor.py:208} INFO - Processing /usr/local/python/3.12.1/lib/python3.12/site-packages/airflow/example_dags/example_latest_only_with_trigger.py took 0.053 seconds
[2025-03-31T19:21:48.412+0000] {processor.py:186} INFO - Started process (PID=12957) to work on /usr/local/python/3.12.1/lib/python3.12/site-packages/airflow/example_dags/example_latest_only_with_trigger.py
[2025-03-31T19:21:48.412+0000] {processor.py:914} INFO - Processing file /usr/local/python/3.12.1/lib/python3.12/site-packages/airflow/example_dags/example_latest_only_with_trigger.py for tasks to queue
[2025-03-31T19:21:48.414+0000] {logging_mixin.py:190} INFO - [2025-03-31T19:21:48.414+0000] {dagbag.py:588} INFO - Filling up the DagBag from /usr/local/python/3.12.1/lib/python3.12/site-packages/airflow/example_dags/example_latest_only_with_trigger.py
[2025-03-31T19:21:48.420+0000] {processor.py:925} INFO - DAG(s) 'latest_only_with_trigger' retrieved from /usr/local/python/3.12.1/lib/python3.12/site-packages/airflow/example_dags/example_latest_only_with_trigger.py
[2025-03-31T19:21:48.431+0000] {logging_mixin.py:190} INFO - [2025-03-31T19:21:48.431+0000] {dag.py:3239} INFO - Sync 1 DAGs
[2025-03-31T19:21:48.446+0000] {logging_mixin.py:190} INFO - [2025-03-31T19:21:48.446+0000] {dag.py:4180} INFO - Setting next_dagrun for latest_only_with_trigger to 2025-03-31 12:00:00+00:00, run_after=2025-03-31 16:00:00+00:00
[2025-03-31T19:21:48.460+0000] {processor.py:208} INFO - Processing /usr/local/python/3.12.1/lib/python3.12/site-packages/airflow/example_dags/example_latest_only_with_trigger.py took 0.053 seconds
[2025-03-31T19:22:41.171+0000] {processor.py:186} INFO - Started process (PID=13389) to work on /usr/local/python/3.12.1/lib/python3.12/site-packages/airflow/example_dags/example_latest_only_with_trigger.py
[2025-03-31T19:22:41.171+0000] {processor.py:914} INFO - Processing file /usr/local/python/3.12.1/lib/python3.12/site-packages/airflow/example_dags/example_latest_only_with_trigger.py for tasks to queue
[2025-03-31T19:22:41.173+0000] {logging_mixin.py:190} INFO - [2025-03-31T19:22:41.173+0000] {dagbag.py:588} INFO - Filling up the DagBag from /usr/local/python/3.12.1/lib/python3.12/site-packages/airflow/example_dags/example_latest_only_with_trigger.py
[2025-03-31T19:22:41.179+0000] {processor.py:925} INFO - DAG(s) 'latest_only_with_trigger' retrieved from /usr/local/python/3.12.1/lib/python3.12/site-packages/airflow/example_dags/example_latest_only_with_trigger.py
[2025-03-31T19:22:41.190+0000] {logging_mixin.py:190} INFO - [2025-03-31T19:22:41.190+0000] {dag.py:3239} INFO - Sync 1 DAGs
[2025-03-31T19:22:41.205+0000] {logging_mixin.py:190} INFO - [2025-03-31T19:22:41.205+0000] {dag.py:4180} INFO - Setting next_dagrun for latest_only_with_trigger to 2025-03-31 12:00:00+00:00, run_after=2025-03-31 16:00:00+00:00
[2025-03-31T19:22:41.219+0000] {processor.py:208} INFO - Processing /usr/local/python/3.12.1/lib/python3.12/site-packages/airflow/example_dags/example_latest_only_with_trigger.py took 0.052 seconds
[2025-03-31T19:23:34.007+0000] {processor.py:186} INFO - Started process (PID=13808) to work on /usr/local/python/3.12.1/lib/python3.12/site-packages/airflow/example_dags/example_latest_only_with_trigger.py
[2025-03-31T19:23:34.008+0000] {processor.py:914} INFO - Processing file /usr/local/python/3.12.1/lib/python3.12/site-packages/airflow/example_dags/example_latest_only_with_trigger.py for tasks to queue
[2025-03-31T19:23:34.009+0000] {logging_mixin.py:190} INFO - [2025-03-31T19:23:34.009+0000] {dagbag.py:588} INFO - Filling up the DagBag from /usr/local/python/3.12.1/lib/python3.12/site-packages/airflow/example_dags/example_latest_only_with_trigger.py
[2025-03-31T19:23:34.015+0000] {processor.py:925} INFO - DAG(s) 'latest_only_with_trigger' retrieved from /usr/local/python/3.12.1/lib/python3.12/site-packages/airflow/example_dags/example_latest_only_with_trigger.py
[2025-03-31T19:23:34.026+0000] {logging_mixin.py:190} INFO - [2025-03-31T19:23:34.025+0000] {dag.py:3239} INFO - Sync 1 DAGs
[2025-03-31T19:23:34.040+0000] {logging_mixin.py:190} INFO - [2025-03-31T19:23:34.040+0000] {dag.py:4180} INFO - Setting next_dagrun for latest_only_with_trigger to 2025-03-31 12:00:00+00:00, run_after=2025-03-31 16:00:00+00:00
[2025-03-31T19:23:34.055+0000] {processor.py:208} INFO - Processing /usr/local/python/3.12.1/lib/python3.12/site-packages/airflow/example_dags/example_latest_only_with_trigger.py took 0.052 seconds
[2025-03-31T19:24:24.227+0000] {processor.py:186} INFO - Started process (PID=14209) to work on /usr/local/python/3.12.1/lib/python3.12/site-packages/airflow/example_dags/example_latest_only_with_trigger.py
[2025-03-31T19:24:24.228+0000] {processor.py:914} INFO - Processing file /usr/local/python/3.12.1/lib/python3.12/site-packages/airflow/example_dags/example_latest_only_with_trigger.py for tasks to queue
[2025-03-31T19:24:24.229+0000] {logging_mixin.py:190} INFO - [2025-03-31T19:24:24.229+0000] {dagbag.py:588} INFO - Filling up the DagBag from /usr/local/python/3.12.1/lib/python3.12/site-packages/airflow/example_dags/example_latest_only_with_trigger.py
[2025-03-31T19:24:24.235+0000] {processor.py:925} INFO - DAG(s) 'latest_only_with_trigger' retrieved from /usr/local/python/3.12.1/lib/python3.12/site-packages/airflow/example_dags/example_latest_only_with_trigger.py
[2025-03-31T19:24:24.247+0000] {logging_mixin.py:190} INFO - [2025-03-31T19:24:24.246+0000] {dag.py:3239} INFO - Sync 1 DAGs
[2025-03-31T19:24:24.261+0000] {logging_mixin.py:190} INFO - [2025-03-31T19:24:24.261+0000] {dag.py:4180} INFO - Setting next_dagrun for latest_only_with_trigger to 2025-03-31 12:00:00+00:00, run_after=2025-03-31 16:00:00+00:00
[2025-03-31T19:24:24.275+0000] {processor.py:208} INFO - Processing /usr/local/python/3.12.1/lib/python3.12/site-packages/airflow/example_dags/example_latest_only_with_trigger.py took 0.052 seconds
[2025-03-31T19:25:17.896+0000] {processor.py:186} INFO - Started process (PID=14634) to work on /usr/local/python/3.12.1/lib/python3.12/site-packages/airflow/example_dags/example_latest_only_with_trigger.py
[2025-03-31T19:25:17.897+0000] {processor.py:914} INFO - Processing file /usr/local/python/3.12.1/lib/python3.12/site-packages/airflow/example_dags/example_latest_only_with_trigger.py for tasks to queue
[2025-03-31T19:25:17.898+0000] {logging_mixin.py:190} INFO - [2025-03-31T19:25:17.898+0000] {dagbag.py:588} INFO - Filling up the DagBag from /usr/local/python/3.12.1/lib/python3.12/site-packages/airflow/example_dags/example_latest_only_with_trigger.py
[2025-03-31T19:25:17.904+0000] {processor.py:925} INFO - DAG(s) 'latest_only_with_trigger' retrieved from /usr/local/python/3.12.1/lib/python3.12/site-packages/airflow/example_dags/example_latest_only_with_trigger.py
[2025-03-31T19:25:17.916+0000] {logging_mixin.py:190} INFO - [2025-03-31T19:25:17.915+0000] {dag.py:3239} INFO - Sync 1 DAGs
[2025-03-31T19:25:17.931+0000] {logging_mixin.py:190} INFO - [2025-03-31T19:25:17.930+0000] {dag.py:4180} INFO - Setting next_dagrun for latest_only_with_trigger to 2025-03-31 12:00:00+00:00, run_after=2025-03-31 16:00:00+00:00
[2025-03-31T19:25:17.945+0000] {processor.py:208} INFO - Processing /usr/local/python/3.12.1/lib/python3.12/site-packages/airflow/example_dags/example_latest_only_with_trigger.py took 0.053 seconds
[2025-03-31T19:26:10.423+0000] {processor.py:186} INFO - Started process (PID=15097) to work on /usr/local/python/3.12.1/lib/python3.12/site-packages/airflow/example_dags/example_latest_only_with_trigger.py
[2025-03-31T19:26:10.423+0000] {processor.py:914} INFO - Processing file /usr/local/python/3.12.1/lib/python3.12/site-packages/airflow/example_dags/example_latest_only_with_trigger.py for tasks to queue
[2025-03-31T19:26:10.425+0000] {logging_mixin.py:190} INFO - [2025-03-31T19:26:10.424+0000] {dagbag.py:588} INFO - Filling up the DagBag from /usr/local/python/3.12.1/lib/python3.12/site-packages/airflow/example_dags/example_latest_only_with_trigger.py
[2025-03-31T19:26:10.431+0000] {processor.py:925} INFO - DAG(s) 'latest_only_with_trigger' retrieved from /usr/local/python/3.12.1/lib/python3.12/site-packages/airflow/example_dags/example_latest_only_with_trigger.py
[2025-03-31T19:26:10.442+0000] {logging_mixin.py:190} INFO - [2025-03-31T19:26:10.442+0000] {dag.py:3239} INFO - Sync 1 DAGs
[2025-03-31T19:26:10.458+0000] {logging_mixin.py:190} INFO - [2025-03-31T19:26:10.457+0000] {dag.py:4180} INFO - Setting next_dagrun for latest_only_with_trigger to 2025-03-31 12:00:00+00:00, run_after=2025-03-31 16:00:00+00:00
[2025-03-31T19:26:10.472+0000] {processor.py:208} INFO - Processing /usr/local/python/3.12.1/lib/python3.12/site-packages/airflow/example_dags/example_latest_only_with_trigger.py took 0.054 seconds
[2025-03-31T19:27:02.909+0000] {processor.py:186} INFO - Started process (PID=15559) to work on /usr/local/python/3.12.1/lib/python3.12/site-packages/airflow/example_dags/example_latest_only_with_trigger.py
[2025-03-31T19:27:02.910+0000] {processor.py:914} INFO - Processing file /usr/local/python/3.12.1/lib/python3.12/site-packages/airflow/example_dags/example_latest_only_with_trigger.py for tasks to queue
[2025-03-31T19:27:02.911+0000] {logging_mixin.py:190} INFO - [2025-03-31T19:27:02.911+0000] {dagbag.py:588} INFO - Filling up the DagBag from /usr/local/python/3.12.1/lib/python3.12/site-packages/airflow/example_dags/example_latest_only_with_trigger.py
[2025-03-31T19:27:02.917+0000] {processor.py:925} INFO - DAG(s) 'latest_only_with_trigger' retrieved from /usr/local/python/3.12.1/lib/python3.12/site-packages/airflow/example_dags/example_latest_only_with_trigger.py
[2025-03-31T19:27:02.929+0000] {logging_mixin.py:190} INFO - [2025-03-31T19:27:02.928+0000] {dag.py:3239} INFO - Sync 1 DAGs
[2025-03-31T19:27:02.944+0000] {logging_mixin.py:190} INFO - [2025-03-31T19:27:02.944+0000] {dag.py:4180} INFO - Setting next_dagrun for latest_only_with_trigger to 2025-03-31 12:00:00+00:00, run_after=2025-03-31 16:00:00+00:00
[2025-03-31T19:27:02.960+0000] {processor.py:208} INFO - Processing /usr/local/python/3.12.1/lib/python3.12/site-packages/airflow/example_dags/example_latest_only_with_trigger.py took 0.055 seconds
[2025-03-31T19:27:53.798+0000] {processor.py:186} INFO - Started process (PID=15967) to work on /usr/local/python/3.12.1/lib/python3.12/site-packages/airflow/example_dags/example_latest_only_with_trigger.py
[2025-03-31T19:27:53.799+0000] {processor.py:914} INFO - Processing file /usr/local/python/3.12.1/lib/python3.12/site-packages/airflow/example_dags/example_latest_only_with_trigger.py for tasks to queue
[2025-03-31T19:27:53.800+0000] {logging_mixin.py:190} INFO - [2025-03-31T19:27:53.800+0000] {dagbag.py:588} INFO - Filling up the DagBag from /usr/local/python/3.12.1/lib/python3.12/site-packages/airflow/example_dags/example_latest_only_with_trigger.py
[2025-03-31T19:27:53.806+0000] {processor.py:925} INFO - DAG(s) 'latest_only_with_trigger' retrieved from /usr/local/python/3.12.1/lib/python3.12/site-packages/airflow/example_dags/example_latest_only_with_trigger.py
[2025-03-31T19:27:53.817+0000] {logging_mixin.py:190} INFO - [2025-03-31T19:27:53.817+0000] {dag.py:3239} INFO - Sync 1 DAGs
[2025-03-31T19:27:53.832+0000] {logging_mixin.py:190} INFO - [2025-03-31T19:27:53.831+0000] {dag.py:4180} INFO - Setting next_dagrun for latest_only_with_trigger to 2025-03-31 12:00:00+00:00, run_after=2025-03-31 16:00:00+00:00
[2025-03-31T19:27:53.846+0000] {processor.py:208} INFO - Processing /usr/local/python/3.12.1/lib/python3.12/site-packages/airflow/example_dags/example_latest_only_with_trigger.py took 0.052 seconds
[2025-03-31T19:29:16.494+0000] {processor.py:186} INFO - Started process (PID=16786) to work on /usr/local/python/3.12.1/lib/python3.12/site-packages/airflow/example_dags/example_latest_only_with_trigger.py
[2025-03-31T19:29:16.494+0000] {processor.py:914} INFO - Processing file /usr/local/python/3.12.1/lib/python3.12/site-packages/airflow/example_dags/example_latest_only_with_trigger.py for tasks to queue
[2025-03-31T19:29:16.496+0000] {logging_mixin.py:190} INFO - [2025-03-31T19:29:16.496+0000] {dagbag.py:588} INFO - Filling up the DagBag from /usr/local/python/3.12.1/lib/python3.12/site-packages/airflow/example_dags/example_latest_only_with_trigger.py
[2025-03-31T19:29:16.502+0000] {processor.py:925} INFO - DAG(s) 'latest_only_with_trigger' retrieved from /usr/local/python/3.12.1/lib/python3.12/site-packages/airflow/example_dags/example_latest_only_with_trigger.py
[2025-03-31T19:29:16.514+0000] {logging_mixin.py:190} INFO - [2025-03-31T19:29:16.514+0000] {dag.py:3239} INFO - Sync 1 DAGs
[2025-03-31T19:29:16.530+0000] {logging_mixin.py:190} INFO - [2025-03-31T19:29:16.529+0000] {dag.py:4180} INFO - Setting next_dagrun for latest_only_with_trigger to 2025-03-31 12:00:00+00:00, run_after=2025-03-31 16:00:00+00:00
[2025-03-31T19:29:16.544+0000] {processor.py:208} INFO - Processing /usr/local/python/3.12.1/lib/python3.12/site-packages/airflow/example_dags/example_latest_only_with_trigger.py took 0.054 seconds
[2025-03-31T19:30:14.783+0000] {processor.py:186} INFO - Started process (PID=17250) to work on /usr/local/python/3.12.1/lib/python3.12/site-packages/airflow/example_dags/example_latest_only_with_trigger.py
[2025-03-31T19:30:14.784+0000] {processor.py:914} INFO - Processing file /usr/local/python/3.12.1/lib/python3.12/site-packages/airflow/example_dags/example_latest_only_with_trigger.py for tasks to queue
[2025-03-31T19:30:14.785+0000] {logging_mixin.py:190} INFO - [2025-03-31T19:30:14.785+0000] {dagbag.py:588} INFO - Filling up the DagBag from /usr/local/python/3.12.1/lib/python3.12/site-packages/airflow/example_dags/example_latest_only_with_trigger.py
[2025-03-31T19:30:14.791+0000] {processor.py:925} INFO - DAG(s) 'latest_only_with_trigger' retrieved from /usr/local/python/3.12.1/lib/python3.12/site-packages/airflow/example_dags/example_latest_only_with_trigger.py
[2025-03-31T19:30:14.802+0000] {logging_mixin.py:190} INFO - [2025-03-31T19:30:14.802+0000] {dag.py:3239} INFO - Sync 1 DAGs
[2025-03-31T19:30:14.818+0000] {logging_mixin.py:190} INFO - [2025-03-31T19:30:14.818+0000] {dag.py:4180} INFO - Setting next_dagrun for latest_only_with_trigger to 2025-03-31 12:00:00+00:00, run_after=2025-03-31 16:00:00+00:00
[2025-03-31T19:30:14.832+0000] {processor.py:208} INFO - Processing /usr/local/python/3.12.1/lib/python3.12/site-packages/airflow/example_dags/example_latest_only_with_trigger.py took 0.053 seconds
[2025-03-31T19:31:12.455+0000] {processor.py:186} INFO - Started process (PID=17691) to work on /usr/local/python/3.12.1/lib/python3.12/site-packages/airflow/example_dags/example_latest_only_with_trigger.py
[2025-03-31T19:31:12.455+0000] {processor.py:914} INFO - Processing file /usr/local/python/3.12.1/lib/python3.12/site-packages/airflow/example_dags/example_latest_only_with_trigger.py for tasks to queue
[2025-03-31T19:31:12.457+0000] {logging_mixin.py:190} INFO - [2025-03-31T19:31:12.457+0000] {dagbag.py:588} INFO - Filling up the DagBag from /usr/local/python/3.12.1/lib/python3.12/site-packages/airflow/example_dags/example_latest_only_with_trigger.py
[2025-03-31T19:31:12.462+0000] {processor.py:925} INFO - DAG(s) 'latest_only_with_trigger' retrieved from /usr/local/python/3.12.1/lib/python3.12/site-packages/airflow/example_dags/example_latest_only_with_trigger.py
[2025-03-31T19:31:12.473+0000] {logging_mixin.py:190} INFO - [2025-03-31T19:31:12.473+0000] {dag.py:3239} INFO - Sync 1 DAGs
[2025-03-31T19:31:12.488+0000] {logging_mixin.py:190} INFO - [2025-03-31T19:31:12.488+0000] {dag.py:4180} INFO - Setting next_dagrun for latest_only_with_trigger to 2025-03-31 12:00:00+00:00, run_after=2025-03-31 16:00:00+00:00
[2025-03-31T19:31:12.503+0000] {processor.py:208} INFO - Processing /usr/local/python/3.12.1/lib/python3.12/site-packages/airflow/example_dags/example_latest_only_with_trigger.py took 0.053 seconds
[2025-03-31T19:32:10.043+0000] {processor.py:186} INFO - Started process (PID=18165) to work on /usr/local/python/3.12.1/lib/python3.12/site-packages/airflow/example_dags/example_latest_only_with_trigger.py
[2025-03-31T19:32:10.043+0000] {processor.py:914} INFO - Processing file /usr/local/python/3.12.1/lib/python3.12/site-packages/airflow/example_dags/example_latest_only_with_trigger.py for tasks to queue
[2025-03-31T19:32:10.045+0000] {logging_mixin.py:190} INFO - [2025-03-31T19:32:10.044+0000] {dagbag.py:588} INFO - Filling up the DagBag from /usr/local/python/3.12.1/lib/python3.12/site-packages/airflow/example_dags/example_latest_only_with_trigger.py
[2025-03-31T19:32:10.050+0000] {processor.py:925} INFO - DAG(s) 'latest_only_with_trigger' retrieved from /usr/local/python/3.12.1/lib/python3.12/site-packages/airflow/example_dags/example_latest_only_with_trigger.py
[2025-03-31T19:32:10.061+0000] {logging_mixin.py:190} INFO - [2025-03-31T19:32:10.061+0000] {dag.py:3239} INFO - Sync 1 DAGs
[2025-03-31T19:32:10.076+0000] {logging_mixin.py:190} INFO - [2025-03-31T19:32:10.076+0000] {dag.py:4180} INFO - Setting next_dagrun for latest_only_with_trigger to 2025-03-31 12:00:00+00:00, run_after=2025-03-31 16:00:00+00:00
[2025-03-31T19:32:10.090+0000] {processor.py:208} INFO - Processing /usr/local/python/3.12.1/lib/python3.12/site-packages/airflow/example_dags/example_latest_only_with_trigger.py took 0.052 seconds
[2025-03-31T19:33:05.777+0000] {processor.py:186} INFO - Started process (PID=18612) to work on /usr/local/python/3.12.1/lib/python3.12/site-packages/airflow/example_dags/example_latest_only_with_trigger.py
[2025-03-31T19:33:05.778+0000] {processor.py:914} INFO - Processing file /usr/local/python/3.12.1/lib/python3.12/site-packages/airflow/example_dags/example_latest_only_with_trigger.py for tasks to queue
[2025-03-31T19:33:05.779+0000] {logging_mixin.py:190} INFO - [2025-03-31T19:33:05.779+0000] {dagbag.py:588} INFO - Filling up the DagBag from /usr/local/python/3.12.1/lib/python3.12/site-packages/airflow/example_dags/example_latest_only_with_trigger.py
[2025-03-31T19:33:05.785+0000] {processor.py:925} INFO - DAG(s) 'latest_only_with_trigger' retrieved from /usr/local/python/3.12.1/lib/python3.12/site-packages/airflow/example_dags/example_latest_only_with_trigger.py
[2025-03-31T19:33:05.796+0000] {logging_mixin.py:190} INFO - [2025-03-31T19:33:05.796+0000] {dag.py:3239} INFO - Sync 1 DAGs
[2025-03-31T19:33:05.810+0000] {logging_mixin.py:190} INFO - [2025-03-31T19:33:05.810+0000] {dag.py:4180} INFO - Setting next_dagrun for latest_only_with_trigger to 2025-03-31 12:00:00+00:00, run_after=2025-03-31 16:00:00+00:00
[2025-03-31T19:33:05.824+0000] {processor.py:208} INFO - Processing /usr/local/python/3.12.1/lib/python3.12/site-packages/airflow/example_dags/example_latest_only_with_trigger.py took 0.051 seconds
[2025-03-31T19:34:04.904+0000] {processor.py:186} INFO - Started process (PID=19074) to work on /usr/local/python/3.12.1/lib/python3.12/site-packages/airflow/example_dags/example_latest_only_with_trigger.py
[2025-03-31T19:34:04.905+0000] {processor.py:914} INFO - Processing file /usr/local/python/3.12.1/lib/python3.12/site-packages/airflow/example_dags/example_latest_only_with_trigger.py for tasks to queue
[2025-03-31T19:34:04.906+0000] {logging_mixin.py:190} INFO - [2025-03-31T19:34:04.906+0000] {dagbag.py:588} INFO - Filling up the DagBag from /usr/local/python/3.12.1/lib/python3.12/site-packages/airflow/example_dags/example_latest_only_with_trigger.py
[2025-03-31T19:34:04.911+0000] {processor.py:925} INFO - DAG(s) 'latest_only_with_trigger' retrieved from /usr/local/python/3.12.1/lib/python3.12/site-packages/airflow/example_dags/example_latest_only_with_trigger.py
[2025-03-31T19:34:04.923+0000] {logging_mixin.py:190} INFO - [2025-03-31T19:34:04.922+0000] {dag.py:3239} INFO - Sync 1 DAGs
[2025-03-31T19:34:04.937+0000] {logging_mixin.py:190} INFO - [2025-03-31T19:34:04.937+0000] {dag.py:4180} INFO - Setting next_dagrun for latest_only_with_trigger to 2025-03-31 12:00:00+00:00, run_after=2025-03-31 16:00:00+00:00
[2025-03-31T19:34:04.952+0000] {processor.py:208} INFO - Processing /usr/local/python/3.12.1/lib/python3.12/site-packages/airflow/example_dags/example_latest_only_with_trigger.py took 0.052 seconds
[2025-03-31T19:35:01.458+0000] {processor.py:186} INFO - Started process (PID=19568) to work on /usr/local/python/3.12.1/lib/python3.12/site-packages/airflow/example_dags/example_latest_only_with_trigger.py
[2025-03-31T19:35:01.458+0000] {processor.py:914} INFO - Processing file /usr/local/python/3.12.1/lib/python3.12/site-packages/airflow/example_dags/example_latest_only_with_trigger.py for tasks to queue
[2025-03-31T19:35:01.460+0000] {logging_mixin.py:190} INFO - [2025-03-31T19:35:01.459+0000] {dagbag.py:588} INFO - Filling up the DagBag from /usr/local/python/3.12.1/lib/python3.12/site-packages/airflow/example_dags/example_latest_only_with_trigger.py
[2025-03-31T19:35:01.465+0000] {processor.py:925} INFO - DAG(s) 'latest_only_with_trigger' retrieved from /usr/local/python/3.12.1/lib/python3.12/site-packages/airflow/example_dags/example_latest_only_with_trigger.py
[2025-03-31T19:35:01.476+0000] {logging_mixin.py:190} INFO - [2025-03-31T19:35:01.476+0000] {dag.py:3239} INFO - Sync 1 DAGs
[2025-03-31T19:35:01.492+0000] {logging_mixin.py:190} INFO - [2025-03-31T19:35:01.491+0000] {dag.py:4180} INFO - Setting next_dagrun for latest_only_with_trigger to 2025-03-31 12:00:00+00:00, run_after=2025-03-31 16:00:00+00:00
[2025-03-31T19:35:01.506+0000] {processor.py:208} INFO - Processing /usr/local/python/3.12.1/lib/python3.12/site-packages/airflow/example_dags/example_latest_only_with_trigger.py took 0.052 seconds
[2025-03-31T19:35:59.269+0000] {processor.py:186} INFO - Started process (PID=20021) to work on /usr/local/python/3.12.1/lib/python3.12/site-packages/airflow/example_dags/example_latest_only_with_trigger.py
[2025-03-31T19:35:59.270+0000] {processor.py:914} INFO - Processing file /usr/local/python/3.12.1/lib/python3.12/site-packages/airflow/example_dags/example_latest_only_with_trigger.py for tasks to queue
[2025-03-31T19:35:59.271+0000] {logging_mixin.py:190} INFO - [2025-03-31T19:35:59.271+0000] {dagbag.py:588} INFO - Filling up the DagBag from /usr/local/python/3.12.1/lib/python3.12/site-packages/airflow/example_dags/example_latest_only_with_trigger.py
[2025-03-31T19:35:59.277+0000] {processor.py:925} INFO - DAG(s) 'latest_only_with_trigger' retrieved from /usr/local/python/3.12.1/lib/python3.12/site-packages/airflow/example_dags/example_latest_only_with_trigger.py
[2025-03-31T19:35:59.288+0000] {logging_mixin.py:190} INFO - [2025-03-31T19:35:59.288+0000] {dag.py:3239} INFO - Sync 1 DAGs
[2025-03-31T19:35:59.303+0000] {logging_mixin.py:190} INFO - [2025-03-31T19:35:59.303+0000] {dag.py:4180} INFO - Setting next_dagrun for latest_only_with_trigger to 2025-03-31 12:00:00+00:00, run_after=2025-03-31 16:00:00+00:00
[2025-03-31T19:35:59.318+0000] {processor.py:208} INFO - Processing /usr/local/python/3.12.1/lib/python3.12/site-packages/airflow/example_dags/example_latest_only_with_trigger.py took 0.053 seconds
[2025-03-31T19:36:54.590+0000] {processor.py:186} INFO - Started process (PID=20477) to work on /usr/local/python/3.12.1/lib/python3.12/site-packages/airflow/example_dags/example_latest_only_with_trigger.py
[2025-03-31T19:36:54.590+0000] {processor.py:914} INFO - Processing file /usr/local/python/3.12.1/lib/python3.12/site-packages/airflow/example_dags/example_latest_only_with_trigger.py for tasks to queue
[2025-03-31T19:36:54.592+0000] {logging_mixin.py:190} INFO - [2025-03-31T19:36:54.591+0000] {dagbag.py:588} INFO - Filling up the DagBag from /usr/local/python/3.12.1/lib/python3.12/site-packages/airflow/example_dags/example_latest_only_with_trigger.py
[2025-03-31T19:36:54.597+0000] {processor.py:925} INFO - DAG(s) 'latest_only_with_trigger' retrieved from /usr/local/python/3.12.1/lib/python3.12/site-packages/airflow/example_dags/example_latest_only_with_trigger.py
[2025-03-31T19:36:54.609+0000] {logging_mixin.py:190} INFO - [2025-03-31T19:36:54.609+0000] {dag.py:3239} INFO - Sync 1 DAGs
[2025-03-31T19:36:54.628+0000] {logging_mixin.py:190} INFO - [2025-03-31T19:36:54.627+0000] {dag.py:4180} INFO - Setting next_dagrun for latest_only_with_trigger to 2025-03-31 12:00:00+00:00, run_after=2025-03-31 16:00:00+00:00
[2025-03-31T19:36:54.643+0000] {processor.py:208} INFO - Processing /usr/local/python/3.12.1/lib/python3.12/site-packages/airflow/example_dags/example_latest_only_with_trigger.py took 0.057 seconds
[2025-03-31T19:37:50.609+0000] {processor.py:186} INFO - Started process (PID=20933) to work on /usr/local/python/3.12.1/lib/python3.12/site-packages/airflow/example_dags/example_latest_only_with_trigger.py
[2025-03-31T19:37:50.609+0000] {processor.py:914} INFO - Processing file /usr/local/python/3.12.1/lib/python3.12/site-packages/airflow/example_dags/example_latest_only_with_trigger.py for tasks to queue
[2025-03-31T19:37:50.611+0000] {logging_mixin.py:190} INFO - [2025-03-31T19:37:50.610+0000] {dagbag.py:588} INFO - Filling up the DagBag from /usr/local/python/3.12.1/lib/python3.12/site-packages/airflow/example_dags/example_latest_only_with_trigger.py
[2025-03-31T19:37:50.616+0000] {processor.py:925} INFO - DAG(s) 'latest_only_with_trigger' retrieved from /usr/local/python/3.12.1/lib/python3.12/site-packages/airflow/example_dags/example_latest_only_with_trigger.py
[2025-03-31T19:37:50.627+0000] {logging_mixin.py:190} INFO - [2025-03-31T19:37:50.627+0000] {dag.py:3239} INFO - Sync 1 DAGs
[2025-03-31T19:37:50.642+0000] {logging_mixin.py:190} INFO - [2025-03-31T19:37:50.642+0000] {dag.py:4180} INFO - Setting next_dagrun for latest_only_with_trigger to 2025-03-31 12:00:00+00:00, run_after=2025-03-31 16:00:00+00:00
[2025-03-31T19:37:50.656+0000] {processor.py:208} INFO - Processing /usr/local/python/3.12.1/lib/python3.12/site-packages/airflow/example_dags/example_latest_only_with_trigger.py took 0.052 seconds
[2025-03-31T19:38:46.405+0000] {processor.py:186} INFO - Started process (PID=21360) to work on /usr/local/python/3.12.1/lib/python3.12/site-packages/airflow/example_dags/example_latest_only_with_trigger.py
[2025-03-31T19:38:46.405+0000] {processor.py:914} INFO - Processing file /usr/local/python/3.12.1/lib/python3.12/site-packages/airflow/example_dags/example_latest_only_with_trigger.py for tasks to queue
[2025-03-31T19:38:46.407+0000] {logging_mixin.py:190} INFO - [2025-03-31T19:38:46.406+0000] {dagbag.py:588} INFO - Filling up the DagBag from /usr/local/python/3.12.1/lib/python3.12/site-packages/airflow/example_dags/example_latest_only_with_trigger.py
[2025-03-31T19:38:46.412+0000] {processor.py:925} INFO - DAG(s) 'latest_only_with_trigger' retrieved from /usr/local/python/3.12.1/lib/python3.12/site-packages/airflow/example_dags/example_latest_only_with_trigger.py
[2025-03-31T19:38:46.423+0000] {logging_mixin.py:190} INFO - [2025-03-31T19:38:46.423+0000] {dag.py:3239} INFO - Sync 1 DAGs
[2025-03-31T19:38:46.438+0000] {logging_mixin.py:190} INFO - [2025-03-31T19:38:46.438+0000] {dag.py:4180} INFO - Setting next_dagrun for latest_only_with_trigger to 2025-03-31 12:00:00+00:00, run_after=2025-03-31 16:00:00+00:00
[2025-03-31T19:38:46.452+0000] {processor.py:208} INFO - Processing /usr/local/python/3.12.1/lib/python3.12/site-packages/airflow/example_dags/example_latest_only_with_trigger.py took 0.052 seconds
