[2025-03-31T19:07:02.864+0000] {processor.py:186} INFO - Started process (PID=5498) to work on /usr/local/python/3.12.1/lib/python3.12/site-packages/airflow/example_dags/example_branch_day_of_week_operator.py
[2025-03-31T19:07:02.865+0000] {processor.py:914} INFO - Processing file /usr/local/python/3.12.1/lib/python3.12/site-packages/airflow/example_dags/example_branch_day_of_week_operator.py for tasks to queue
[2025-03-31T19:07:02.867+0000] {logging_mixin.py:190} INFO - [2025-03-31T19:07:02.866+0000] {dagbag.py:588} INFO - Filling up the DagBag from /usr/local/python/3.12.1/lib/python3.12/site-packages/airflow/example_dags/example_branch_day_of_week_operator.py
[2025-03-31T19:07:02.876+0000] {processor.py:925} INFO - DAG(s) 'example_weekday_branch_operator' retrieved from /usr/local/python/3.12.1/lib/python3.12/site-packages/airflow/example_dags/example_branch_day_of_week_operator.py
[2025-03-31T19:07:02.891+0000] {logging_mixin.py:190} INFO - [2025-03-31T19:07:02.891+0000] {dag.py:3239} INFO - Sync 1 DAGs
[2025-03-31T19:07:02.908+0000] {logging_mixin.py:190} INFO - [2025-03-31T19:07:02.908+0000] {dag.py:4180} INFO - Setting next_dagrun for example_weekday_branch_operator to 2025-03-30 00:00:00+00:00, run_after=2025-03-31 00:00:00+00:00
[2025-03-31T19:07:02.925+0000] {processor.py:208} INFO - Processing /usr/local/python/3.12.1/lib/python3.12/site-packages/airflow/example_dags/example_branch_day_of_week_operator.py took 0.067 seconds
[2025-03-31T19:08:26.086+0000] {processor.py:186} INFO - Started process (PID=6234) to work on /usr/local/python/3.12.1/lib/python3.12/site-packages/airflow/example_dags/example_branch_day_of_week_operator.py
[2025-03-31T19:08:26.087+0000] {processor.py:914} INFO - Processing file /usr/local/python/3.12.1/lib/python3.12/site-packages/airflow/example_dags/example_branch_day_of_week_operator.py for tasks to queue
[2025-03-31T19:08:26.088+0000] {logging_mixin.py:190} INFO - [2025-03-31T19:08:26.088+0000] {dagbag.py:588} INFO - Filling up the DagBag from /usr/local/python/3.12.1/lib/python3.12/site-packages/airflow/example_dags/example_branch_day_of_week_operator.py
[2025-03-31T19:08:26.096+0000] {processor.py:925} INFO - DAG(s) 'example_weekday_branch_operator' retrieved from /usr/local/python/3.12.1/lib/python3.12/site-packages/airflow/example_dags/example_branch_day_of_week_operator.py
[2025-03-31T19:08:26.107+0000] {logging_mixin.py:190} INFO - [2025-03-31T19:08:26.107+0000] {dag.py:3239} INFO - Sync 1 DAGs
[2025-03-31T19:08:26.123+0000] {logging_mixin.py:190} INFO - [2025-03-31T19:08:26.123+0000] {dag.py:4180} INFO - Setting next_dagrun for example_weekday_branch_operator to 2025-03-30 00:00:00+00:00, run_after=2025-03-31 00:00:00+00:00
[2025-03-31T19:08:26.137+0000] {processor.py:208} INFO - Processing /usr/local/python/3.12.1/lib/python3.12/site-packages/airflow/example_dags/example_branch_day_of_week_operator.py took 0.055 seconds
[2025-03-31T19:09:45.439+0000] {processor.py:186} INFO - Started process (PID=6875) to work on /usr/local/python/3.12.1/lib/python3.12/site-packages/airflow/example_dags/example_branch_day_of_week_operator.py
[2025-03-31T19:09:45.440+0000] {processor.py:914} INFO - Processing file /usr/local/python/3.12.1/lib/python3.12/site-packages/airflow/example_dags/example_branch_day_of_week_operator.py for tasks to queue
[2025-03-31T19:09:45.441+0000] {logging_mixin.py:190} INFO - [2025-03-31T19:09:45.441+0000] {dagbag.py:588} INFO - Filling up the DagBag from /usr/local/python/3.12.1/lib/python3.12/site-packages/airflow/example_dags/example_branch_day_of_week_operator.py
[2025-03-31T19:09:45.449+0000] {processor.py:925} INFO - DAG(s) 'example_weekday_branch_operator' retrieved from /usr/local/python/3.12.1/lib/python3.12/site-packages/airflow/example_dags/example_branch_day_of_week_operator.py
[2025-03-31T19:09:45.460+0000] {logging_mixin.py:190} INFO - [2025-03-31T19:09:45.460+0000] {dag.py:3239} INFO - Sync 1 DAGs
[2025-03-31T19:09:45.476+0000] {logging_mixin.py:190} INFO - [2025-03-31T19:09:45.475+0000] {dag.py:4180} INFO - Setting next_dagrun for example_weekday_branch_operator to 2025-03-30 00:00:00+00:00, run_after=2025-03-31 00:00:00+00:00
[2025-03-31T19:09:45.491+0000] {processor.py:208} INFO - Processing /usr/local/python/3.12.1/lib/python3.12/site-packages/airflow/example_dags/example_branch_day_of_week_operator.py took 0.056 seconds
[2025-03-31T19:11:01.776+0000] {processor.py:186} INFO - Started process (PID=7467) to work on /usr/local/python/3.12.1/lib/python3.12/site-packages/airflow/example_dags/example_branch_day_of_week_operator.py
[2025-03-31T19:11:01.777+0000] {processor.py:914} INFO - Processing file /usr/local/python/3.12.1/lib/python3.12/site-packages/airflow/example_dags/example_branch_day_of_week_operator.py for tasks to queue
[2025-03-31T19:11:01.779+0000] {logging_mixin.py:190} INFO - [2025-03-31T19:11:01.778+0000] {dagbag.py:588} INFO - Filling up the DagBag from /usr/local/python/3.12.1/lib/python3.12/site-packages/airflow/example_dags/example_branch_day_of_week_operator.py
[2025-03-31T19:11:01.786+0000] {processor.py:925} INFO - DAG(s) 'example_weekday_branch_operator' retrieved from /usr/local/python/3.12.1/lib/python3.12/site-packages/airflow/example_dags/example_branch_day_of_week_operator.py
[2025-03-31T19:11:01.798+0000] {logging_mixin.py:190} INFO - [2025-03-31T19:11:01.797+0000] {dag.py:3239} INFO - Sync 1 DAGs
[2025-03-31T19:11:01.813+0000] {logging_mixin.py:190} INFO - [2025-03-31T19:11:01.813+0000] {dag.py:4180} INFO - Setting next_dagrun for example_weekday_branch_operator to 2025-03-30 00:00:00+00:00, run_after=2025-03-31 00:00:00+00:00
[2025-03-31T19:11:01.828+0000] {processor.py:208} INFO - Processing /usr/local/python/3.12.1/lib/python3.12/site-packages/airflow/example_dags/example_branch_day_of_week_operator.py took 0.056 seconds
[2025-03-31T19:12:21.135+0000] {processor.py:186} INFO - Started process (PID=8090) to work on /usr/local/python/3.12.1/lib/python3.12/site-packages/airflow/example_dags/example_branch_day_of_week_operator.py
[2025-03-31T19:12:21.135+0000] {processor.py:914} INFO - Processing file /usr/local/python/3.12.1/lib/python3.12/site-packages/airflow/example_dags/example_branch_day_of_week_operator.py for tasks to queue
[2025-03-31T19:12:21.137+0000] {logging_mixin.py:190} INFO - [2025-03-31T19:12:21.136+0000] {dagbag.py:588} INFO - Filling up the DagBag from /usr/local/python/3.12.1/lib/python3.12/site-packages/airflow/example_dags/example_branch_day_of_week_operator.py
[2025-03-31T19:12:21.144+0000] {processor.py:925} INFO - DAG(s) 'example_weekday_branch_operator' retrieved from /usr/local/python/3.12.1/lib/python3.12/site-packages/airflow/example_dags/example_branch_day_of_week_operator.py
[2025-03-31T19:12:21.156+0000] {logging_mixin.py:190} INFO - [2025-03-31T19:12:21.155+0000] {dag.py:3239} INFO - Sync 1 DAGs
[2025-03-31T19:12:21.172+0000] {logging_mixin.py:190} INFO - [2025-03-31T19:12:21.171+0000] {dag.py:4180} INFO - Setting next_dagrun for example_weekday_branch_operator to 2025-03-30 00:00:00+00:00, run_after=2025-03-31 00:00:00+00:00
[2025-03-31T19:12:21.185+0000] {processor.py:208} INFO - Processing /usr/local/python/3.12.1/lib/python3.12/site-packages/airflow/example_dags/example_branch_day_of_week_operator.py took 0.055 seconds
[2025-03-31T19:13:43.305+0000] {processor.py:186} INFO - Started process (PID=8742) to work on /usr/local/python/3.12.1/lib/python3.12/site-packages/airflow/example_dags/example_branch_day_of_week_operator.py
[2025-03-31T19:13:43.305+0000] {processor.py:914} INFO - Processing file /usr/local/python/3.12.1/lib/python3.12/site-packages/airflow/example_dags/example_branch_day_of_week_operator.py for tasks to queue
[2025-03-31T19:13:43.307+0000] {logging_mixin.py:190} INFO - [2025-03-31T19:13:43.307+0000] {dagbag.py:588} INFO - Filling up the DagBag from /usr/local/python/3.12.1/lib/python3.12/site-packages/airflow/example_dags/example_branch_day_of_week_operator.py
[2025-03-31T19:13:43.314+0000] {processor.py:925} INFO - DAG(s) 'example_weekday_branch_operator' retrieved from /usr/local/python/3.12.1/lib/python3.12/site-packages/airflow/example_dags/example_branch_day_of_week_operator.py
[2025-03-31T19:13:43.326+0000] {logging_mixin.py:190} INFO - [2025-03-31T19:13:43.326+0000] {dag.py:3239} INFO - Sync 1 DAGs
[2025-03-31T19:13:43.342+0000] {logging_mixin.py:190} INFO - [2025-03-31T19:13:43.342+0000] {dag.py:4180} INFO - Setting next_dagrun for example_weekday_branch_operator to 2025-03-30 00:00:00+00:00, run_after=2025-03-31 00:00:00+00:00
[2025-03-31T19:13:43.356+0000] {processor.py:208} INFO - Processing /usr/local/python/3.12.1/lib/python3.12/site-packages/airflow/example_dags/example_branch_day_of_week_operator.py took 0.055 seconds
[2025-03-31T19:14:58.556+0000] {processor.py:186} INFO - Started process (PID=9331) to work on /usr/local/python/3.12.1/lib/python3.12/site-packages/airflow/example_dags/example_branch_day_of_week_operator.py
[2025-03-31T19:14:58.556+0000] {processor.py:914} INFO - Processing file /usr/local/python/3.12.1/lib/python3.12/site-packages/airflow/example_dags/example_branch_day_of_week_operator.py for tasks to queue
[2025-03-31T19:14:58.558+0000] {logging_mixin.py:190} INFO - [2025-03-31T19:14:58.557+0000] {dagbag.py:588} INFO - Filling up the DagBag from /usr/local/python/3.12.1/lib/python3.12/site-packages/airflow/example_dags/example_branch_day_of_week_operator.py
[2025-03-31T19:14:58.565+0000] {processor.py:925} INFO - DAG(s) 'example_weekday_branch_operator' retrieved from /usr/local/python/3.12.1/lib/python3.12/site-packages/airflow/example_dags/example_branch_day_of_week_operator.py
[2025-03-31T19:14:58.576+0000] {logging_mixin.py:190} INFO - [2025-03-31T19:14:58.576+0000] {dag.py:3239} INFO - Sync 1 DAGs
[2025-03-31T19:14:58.592+0000] {logging_mixin.py:190} INFO - [2025-03-31T19:14:58.592+0000] {dag.py:4180} INFO - Setting next_dagrun for example_weekday_branch_operator to 2025-03-30 00:00:00+00:00, run_after=2025-03-31 00:00:00+00:00
[2025-03-31T19:14:58.606+0000] {processor.py:208} INFO - Processing /usr/local/python/3.12.1/lib/python3.12/site-packages/airflow/example_dags/example_branch_day_of_week_operator.py took 0.055 seconds
[2025-03-31T19:16:15.482+0000] {processor.py:186} INFO - Started process (PID=9940) to work on /usr/local/python/3.12.1/lib/python3.12/site-packages/airflow/example_dags/example_branch_day_of_week_operator.py
[2025-03-31T19:16:15.483+0000] {processor.py:914} INFO - Processing file /usr/local/python/3.12.1/lib/python3.12/site-packages/airflow/example_dags/example_branch_day_of_week_operator.py for tasks to queue
[2025-03-31T19:16:15.484+0000] {logging_mixin.py:190} INFO - [2025-03-31T19:16:15.484+0000] {dagbag.py:588} INFO - Filling up the DagBag from /usr/local/python/3.12.1/lib/python3.12/site-packages/airflow/example_dags/example_branch_day_of_week_operator.py
[2025-03-31T19:16:15.492+0000] {processor.py:925} INFO - DAG(s) 'example_weekday_branch_operator' retrieved from /usr/local/python/3.12.1/lib/python3.12/site-packages/airflow/example_dags/example_branch_day_of_week_operator.py
[2025-03-31T19:16:15.503+0000] {logging_mixin.py:190} INFO - [2025-03-31T19:16:15.503+0000] {dag.py:3239} INFO - Sync 1 DAGs
[2025-03-31T19:16:15.518+0000] {logging_mixin.py:190} INFO - [2025-03-31T19:16:15.518+0000] {dag.py:4180} INFO - Setting next_dagrun for example_weekday_branch_operator to 2025-03-30 00:00:00+00:00, run_after=2025-03-31 00:00:00+00:00
[2025-03-31T19:16:15.533+0000] {processor.py:208} INFO - Processing /usr/local/python/3.12.1/lib/python3.12/site-packages/airflow/example_dags/example_branch_day_of_week_operator.py took 0.054 seconds
[2025-03-31T19:17:39.655+0000] {processor.py:186} INFO - Started process (PID=10610) to work on /usr/local/python/3.12.1/lib/python3.12/site-packages/airflow/example_dags/example_branch_day_of_week_operator.py
[2025-03-31T19:17:39.656+0000] {processor.py:914} INFO - Processing file /usr/local/python/3.12.1/lib/python3.12/site-packages/airflow/example_dags/example_branch_day_of_week_operator.py for tasks to queue
[2025-03-31T19:17:39.658+0000] {logging_mixin.py:190} INFO - [2025-03-31T19:17:39.657+0000] {dagbag.py:588} INFO - Filling up the DagBag from /usr/local/python/3.12.1/lib/python3.12/site-packages/airflow/example_dags/example_branch_day_of_week_operator.py
[2025-03-31T19:17:39.666+0000] {processor.py:925} INFO - DAG(s) 'example_weekday_branch_operator' retrieved from /usr/local/python/3.12.1/lib/python3.12/site-packages/airflow/example_dags/example_branch_day_of_week_operator.py
[2025-03-31T19:17:39.679+0000] {logging_mixin.py:190} INFO - [2025-03-31T19:17:39.679+0000] {dag.py:3239} INFO - Sync 1 DAGs
[2025-03-31T19:17:39.695+0000] {logging_mixin.py:190} INFO - [2025-03-31T19:17:39.695+0000] {dag.py:4180} INFO - Setting next_dagrun for example_weekday_branch_operator to 2025-03-30 00:00:00+00:00, run_after=2025-03-31 00:00:00+00:00
[2025-03-31T19:17:39.709+0000] {processor.py:208} INFO - Processing /usr/local/python/3.12.1/lib/python3.12/site-packages/airflow/example_dags/example_branch_day_of_week_operator.py took 0.058 seconds
[2025-03-31T19:18:59.449+0000] {processor.py:186} INFO - Started process (PID=11307) to work on /usr/local/python/3.12.1/lib/python3.12/site-packages/airflow/example_dags/example_branch_day_of_week_operator.py
[2025-03-31T19:18:59.449+0000] {processor.py:914} INFO - Processing file /usr/local/python/3.12.1/lib/python3.12/site-packages/airflow/example_dags/example_branch_day_of_week_operator.py for tasks to queue
[2025-03-31T19:18:59.451+0000] {logging_mixin.py:190} INFO - [2025-03-31T19:18:59.450+0000] {dagbag.py:588} INFO - Filling up the DagBag from /usr/local/python/3.12.1/lib/python3.12/site-packages/airflow/example_dags/example_branch_day_of_week_operator.py
[2025-03-31T19:18:59.458+0000] {processor.py:925} INFO - DAG(s) 'example_weekday_branch_operator' retrieved from /usr/local/python/3.12.1/lib/python3.12/site-packages/airflow/example_dags/example_branch_day_of_week_operator.py
[2025-03-31T19:18:59.469+0000] {logging_mixin.py:190} INFO - [2025-03-31T19:18:59.469+0000] {dag.py:3239} INFO - Sync 1 DAGs
[2025-03-31T19:18:59.485+0000] {logging_mixin.py:190} INFO - [2025-03-31T19:18:59.485+0000] {dag.py:4180} INFO - Setting next_dagrun for example_weekday_branch_operator to 2025-03-30 00:00:00+00:00, run_after=2025-03-31 00:00:00+00:00
[2025-03-31T19:18:59.500+0000] {processor.py:208} INFO - Processing /usr/local/python/3.12.1/lib/python3.12/site-packages/airflow/example_dags/example_branch_day_of_week_operator.py took 0.055 seconds
[2025-03-31T19:20:17.077+0000] {processor.py:186} INFO - Started process (PID=12041) to work on /usr/local/python/3.12.1/lib/python3.12/site-packages/airflow/example_dags/example_branch_day_of_week_operator.py
[2025-03-31T19:20:17.077+0000] {processor.py:914} INFO - Processing file /usr/local/python/3.12.1/lib/python3.12/site-packages/airflow/example_dags/example_branch_day_of_week_operator.py for tasks to queue
[2025-03-31T19:20:17.079+0000] {logging_mixin.py:190} INFO - [2025-03-31T19:20:17.079+0000] {dagbag.py:588} INFO - Filling up the DagBag from /usr/local/python/3.12.1/lib/python3.12/site-packages/airflow/example_dags/example_branch_day_of_week_operator.py
[2025-03-31T19:20:17.086+0000] {processor.py:925} INFO - DAG(s) 'example_weekday_branch_operator' retrieved from /usr/local/python/3.12.1/lib/python3.12/site-packages/airflow/example_dags/example_branch_day_of_week_operator.py
[2025-03-31T19:20:17.098+0000] {logging_mixin.py:190} INFO - [2025-03-31T19:20:17.098+0000] {dag.py:3239} INFO - Sync 1 DAGs
[2025-03-31T19:20:17.114+0000] {logging_mixin.py:190} INFO - [2025-03-31T19:20:17.114+0000] {dag.py:4180} INFO - Setting next_dagrun for example_weekday_branch_operator to 2025-03-30 00:00:00+00:00, run_after=2025-03-31 00:00:00+00:00
[2025-03-31T19:20:17.128+0000] {processor.py:208} INFO - Processing /usr/local/python/3.12.1/lib/python3.12/site-packages/airflow/example_dags/example_branch_day_of_week_operator.py took 0.056 seconds
[2025-03-31T19:21:32.995+0000] {processor.py:186} INFO - Started process (PID=12812) to work on /usr/local/python/3.12.1/lib/python3.12/site-packages/airflow/example_dags/example_branch_day_of_week_operator.py
[2025-03-31T19:21:32.996+0000] {processor.py:914} INFO - Processing file /usr/local/python/3.12.1/lib/python3.12/site-packages/airflow/example_dags/example_branch_day_of_week_operator.py for tasks to queue
[2025-03-31T19:21:32.997+0000] {logging_mixin.py:190} INFO - [2025-03-31T19:21:32.997+0000] {dagbag.py:588} INFO - Filling up the DagBag from /usr/local/python/3.12.1/lib/python3.12/site-packages/airflow/example_dags/example_branch_day_of_week_operator.py
[2025-03-31T19:21:33.005+0000] {processor.py:925} INFO - DAG(s) 'example_weekday_branch_operator' retrieved from /usr/local/python/3.12.1/lib/python3.12/site-packages/airflow/example_dags/example_branch_day_of_week_operator.py
[2025-03-31T19:21:33.016+0000] {logging_mixin.py:190} INFO - [2025-03-31T19:21:33.016+0000] {dag.py:3239} INFO - Sync 1 DAGs
[2025-03-31T19:21:33.032+0000] {logging_mixin.py:190} INFO - [2025-03-31T19:21:33.032+0000] {dag.py:4180} INFO - Setting next_dagrun for example_weekday_branch_operator to 2025-03-30 00:00:00+00:00, run_after=2025-03-31 00:00:00+00:00
[2025-03-31T19:21:33.047+0000] {processor.py:208} INFO - Processing /usr/local/python/3.12.1/lib/python3.12/site-packages/airflow/example_dags/example_branch_day_of_week_operator.py took 0.055 seconds
[2025-03-31T19:22:54.020+0000] {processor.py:186} INFO - Started process (PID=13492) to work on /usr/local/python/3.12.1/lib/python3.12/site-packages/airflow/example_dags/example_branch_day_of_week_operator.py
[2025-03-31T19:22:54.021+0000] {processor.py:914} INFO - Processing file /usr/local/python/3.12.1/lib/python3.12/site-packages/airflow/example_dags/example_branch_day_of_week_operator.py for tasks to queue
[2025-03-31T19:22:54.023+0000] {logging_mixin.py:190} INFO - [2025-03-31T19:22:54.022+0000] {dagbag.py:588} INFO - Filling up the DagBag from /usr/local/python/3.12.1/lib/python3.12/site-packages/airflow/example_dags/example_branch_day_of_week_operator.py
[2025-03-31T19:22:54.030+0000] {processor.py:925} INFO - DAG(s) 'example_weekday_branch_operator' retrieved from /usr/local/python/3.12.1/lib/python3.12/site-packages/airflow/example_dags/example_branch_day_of_week_operator.py
[2025-03-31T19:22:54.041+0000] {logging_mixin.py:190} INFO - [2025-03-31T19:22:54.041+0000] {dag.py:3239} INFO - Sync 1 DAGs
[2025-03-31T19:22:54.057+0000] {logging_mixin.py:190} INFO - [2025-03-31T19:22:54.057+0000] {dag.py:4180} INFO - Setting next_dagrun for example_weekday_branch_operator to 2025-03-30 00:00:00+00:00, run_after=2025-03-31 00:00:00+00:00
[2025-03-31T19:22:54.071+0000] {processor.py:208} INFO - Processing /usr/local/python/3.12.1/lib/python3.12/site-packages/airflow/example_dags/example_branch_day_of_week_operator.py took 0.055 seconds
[2025-03-31T19:24:09.948+0000] {processor.py:186} INFO - Started process (PID=14099) to work on /usr/local/python/3.12.1/lib/python3.12/site-packages/airflow/example_dags/example_branch_day_of_week_operator.py
[2025-03-31T19:24:09.949+0000] {processor.py:914} INFO - Processing file /usr/local/python/3.12.1/lib/python3.12/site-packages/airflow/example_dags/example_branch_day_of_week_operator.py for tasks to queue
[2025-03-31T19:24:09.950+0000] {logging_mixin.py:190} INFO - [2025-03-31T19:24:09.950+0000] {dagbag.py:588} INFO - Filling up the DagBag from /usr/local/python/3.12.1/lib/python3.12/site-packages/airflow/example_dags/example_branch_day_of_week_operator.py
[2025-03-31T19:24:09.958+0000] {processor.py:925} INFO - DAG(s) 'example_weekday_branch_operator' retrieved from /usr/local/python/3.12.1/lib/python3.12/site-packages/airflow/example_dags/example_branch_day_of_week_operator.py
[2025-03-31T19:24:09.969+0000] {logging_mixin.py:190} INFO - [2025-03-31T19:24:09.969+0000] {dag.py:3239} INFO - Sync 1 DAGs
[2025-03-31T19:24:09.985+0000] {logging_mixin.py:190} INFO - [2025-03-31T19:24:09.985+0000] {dag.py:4180} INFO - Setting next_dagrun for example_weekday_branch_operator to 2025-03-30 00:00:00+00:00, run_after=2025-03-31 00:00:00+00:00
[2025-03-31T19:24:09.999+0000] {processor.py:208} INFO - Processing /usr/local/python/3.12.1/lib/python3.12/site-packages/airflow/example_dags/example_branch_day_of_week_operator.py took 0.055 seconds
[2025-03-31T19:25:29.315+0000] {processor.py:186} INFO - Started process (PID=14742) to work on /usr/local/python/3.12.1/lib/python3.12/site-packages/airflow/example_dags/example_branch_day_of_week_operator.py
[2025-03-31T19:25:29.315+0000] {processor.py:914} INFO - Processing file /usr/local/python/3.12.1/lib/python3.12/site-packages/airflow/example_dags/example_branch_day_of_week_operator.py for tasks to queue
[2025-03-31T19:25:29.317+0000] {logging_mixin.py:190} INFO - [2025-03-31T19:25:29.317+0000] {dagbag.py:588} INFO - Filling up the DagBag from /usr/local/python/3.12.1/lib/python3.12/site-packages/airflow/example_dags/example_branch_day_of_week_operator.py
[2025-03-31T19:25:29.324+0000] {processor.py:925} INFO - DAG(s) 'example_weekday_branch_operator' retrieved from /usr/local/python/3.12.1/lib/python3.12/site-packages/airflow/example_dags/example_branch_day_of_week_operator.py
[2025-03-31T19:25:29.336+0000] {logging_mixin.py:190} INFO - [2025-03-31T19:25:29.336+0000] {dag.py:3239} INFO - Sync 1 DAGs
[2025-03-31T19:25:29.352+0000] {logging_mixin.py:190} INFO - [2025-03-31T19:25:29.351+0000] {dag.py:4180} INFO - Setting next_dagrun for example_weekday_branch_operator to 2025-03-30 00:00:00+00:00, run_after=2025-03-31 00:00:00+00:00
[2025-03-31T19:25:29.366+0000] {processor.py:208} INFO - Processing /usr/local/python/3.12.1/lib/python3.12/site-packages/airflow/example_dags/example_branch_day_of_week_operator.py took 0.055 seconds
[2025-03-31T19:26:48.091+0000] {processor.py:186} INFO - Started process (PID=15420) to work on /usr/local/python/3.12.1/lib/python3.12/site-packages/airflow/example_dags/example_branch_day_of_week_operator.py
[2025-03-31T19:26:48.092+0000] {processor.py:914} INFO - Processing file /usr/local/python/3.12.1/lib/python3.12/site-packages/airflow/example_dags/example_branch_day_of_week_operator.py for tasks to queue
[2025-03-31T19:26:48.093+0000] {logging_mixin.py:190} INFO - [2025-03-31T19:26:48.093+0000] {dagbag.py:588} INFO - Filling up the DagBag from /usr/local/python/3.12.1/lib/python3.12/site-packages/airflow/example_dags/example_branch_day_of_week_operator.py
[2025-03-31T19:26:48.101+0000] {processor.py:925} INFO - DAG(s) 'example_weekday_branch_operator' retrieved from /usr/local/python/3.12.1/lib/python3.12/site-packages/airflow/example_dags/example_branch_day_of_week_operator.py
[2025-03-31T19:26:48.113+0000] {logging_mixin.py:190} INFO - [2025-03-31T19:26:48.113+0000] {dag.py:3239} INFO - Sync 1 DAGs
[2025-03-31T19:26:48.129+0000] {logging_mixin.py:190} INFO - [2025-03-31T19:26:48.129+0000] {dag.py:4180} INFO - Setting next_dagrun for example_weekday_branch_operator to 2025-03-30 00:00:00+00:00, run_after=2025-03-31 00:00:00+00:00
[2025-03-31T19:26:48.144+0000] {processor.py:208} INFO - Processing /usr/local/python/3.12.1/lib/python3.12/site-packages/airflow/example_dags/example_branch_day_of_week_operator.py took 0.057 seconds
[2025-03-31T19:28:03.320+0000] {processor.py:186} INFO - Started process (PID=16056) to work on /usr/local/python/3.12.1/lib/python3.12/site-packages/airflow/example_dags/example_branch_day_of_week_operator.py
[2025-03-31T19:28:03.320+0000] {processor.py:914} INFO - Processing file /usr/local/python/3.12.1/lib/python3.12/site-packages/airflow/example_dags/example_branch_day_of_week_operator.py for tasks to queue
[2025-03-31T19:28:03.322+0000] {logging_mixin.py:190} INFO - [2025-03-31T19:28:03.322+0000] {dagbag.py:588} INFO - Filling up the DagBag from /usr/local/python/3.12.1/lib/python3.12/site-packages/airflow/example_dags/example_branch_day_of_week_operator.py
[2025-03-31T19:28:03.329+0000] {processor.py:925} INFO - DAG(s) 'example_weekday_branch_operator' retrieved from /usr/local/python/3.12.1/lib/python3.12/site-packages/airflow/example_dags/example_branch_day_of_week_operator.py
[2025-03-31T19:28:03.341+0000] {logging_mixin.py:190} INFO - [2025-03-31T19:28:03.341+0000] {dag.py:3239} INFO - Sync 1 DAGs
[2025-03-31T19:28:03.357+0000] {logging_mixin.py:190} INFO - [2025-03-31T19:28:03.357+0000] {dag.py:4180} INFO - Setting next_dagrun for example_weekday_branch_operator to 2025-03-30 00:00:00+00:00, run_after=2025-03-31 00:00:00+00:00
[2025-03-31T19:28:03.371+0000] {processor.py:208} INFO - Processing /usr/local/python/3.12.1/lib/python3.12/site-packages/airflow/example_dags/example_branch_day_of_week_operator.py took 0.056 seconds
[2025-03-31T19:29:38.885+0000] {processor.py:186} INFO - Started process (PID=16956) to work on /usr/local/python/3.12.1/lib/python3.12/site-packages/airflow/example_dags/example_branch_day_of_week_operator.py
[2025-03-31T19:29:38.886+0000] {processor.py:914} INFO - Processing file /usr/local/python/3.12.1/lib/python3.12/site-packages/airflow/example_dags/example_branch_day_of_week_operator.py for tasks to queue
[2025-03-31T19:29:38.887+0000] {logging_mixin.py:190} INFO - [2025-03-31T19:29:38.887+0000] {dagbag.py:588} INFO - Filling up the DagBag from /usr/local/python/3.12.1/lib/python3.12/site-packages/airflow/example_dags/example_branch_day_of_week_operator.py
[2025-03-31T19:29:38.894+0000] {processor.py:925} INFO - DAG(s) 'example_weekday_branch_operator' retrieved from /usr/local/python/3.12.1/lib/python3.12/site-packages/airflow/example_dags/example_branch_day_of_week_operator.py
[2025-03-31T19:29:38.906+0000] {logging_mixin.py:190} INFO - [2025-03-31T19:29:38.906+0000] {dag.py:3239} INFO - Sync 1 DAGs
[2025-03-31T19:29:38.922+0000] {logging_mixin.py:190} INFO - [2025-03-31T19:29:38.922+0000] {dag.py:4180} INFO - Setting next_dagrun for example_weekday_branch_operator to 2025-03-30 00:00:00+00:00, run_after=2025-03-31 00:00:00+00:00
[2025-03-31T19:29:38.937+0000] {processor.py:208} INFO - Processing /usr/local/python/3.12.1/lib/python3.12/site-packages/airflow/example_dags/example_branch_day_of_week_operator.py took 0.056 seconds
[2025-03-31T19:30:36.478+0000] {processor.py:186} INFO - Started process (PID=17420) to work on /usr/local/python/3.12.1/lib/python3.12/site-packages/airflow/example_dags/example_branch_day_of_week_operator.py
[2025-03-31T19:30:36.479+0000] {processor.py:914} INFO - Processing file /usr/local/python/3.12.1/lib/python3.12/site-packages/airflow/example_dags/example_branch_day_of_week_operator.py for tasks to queue
[2025-03-31T19:30:36.480+0000] {logging_mixin.py:190} INFO - [2025-03-31T19:30:36.480+0000] {dagbag.py:588} INFO - Filling up the DagBag from /usr/local/python/3.12.1/lib/python3.12/site-packages/airflow/example_dags/example_branch_day_of_week_operator.py
[2025-03-31T19:30:36.488+0000] {processor.py:925} INFO - DAG(s) 'example_weekday_branch_operator' retrieved from /usr/local/python/3.12.1/lib/python3.12/site-packages/airflow/example_dags/example_branch_day_of_week_operator.py
[2025-03-31T19:30:36.499+0000] {logging_mixin.py:190} INFO - [2025-03-31T19:30:36.499+0000] {dag.py:3239} INFO - Sync 1 DAGs
[2025-03-31T19:30:36.515+0000] {logging_mixin.py:190} INFO - [2025-03-31T19:30:36.515+0000] {dag.py:4180} INFO - Setting next_dagrun for example_weekday_branch_operator to 2025-03-30 00:00:00+00:00, run_after=2025-03-31 00:00:00+00:00
[2025-03-31T19:30:36.529+0000] {processor.py:208} INFO - Processing /usr/local/python/3.12.1/lib/python3.12/site-packages/airflow/example_dags/example_branch_day_of_week_operator.py took 0.054 seconds
[2025-03-31T19:31:59.984+0000] {processor.py:186} INFO - Started process (PID=18077) to work on /usr/local/python/3.12.1/lib/python3.12/site-packages/airflow/example_dags/example_branch_day_of_week_operator.py
[2025-03-31T19:31:59.985+0000] {processor.py:914} INFO - Processing file /usr/local/python/3.12.1/lib/python3.12/site-packages/airflow/example_dags/example_branch_day_of_week_operator.py for tasks to queue
[2025-03-31T19:31:59.986+0000] {logging_mixin.py:190} INFO - [2025-03-31T19:31:59.986+0000] {dagbag.py:588} INFO - Filling up the DagBag from /usr/local/python/3.12.1/lib/python3.12/site-packages/airflow/example_dags/example_branch_day_of_week_operator.py
[2025-03-31T19:31:59.994+0000] {processor.py:925} INFO - DAG(s) 'example_weekday_branch_operator' retrieved from /usr/local/python/3.12.1/lib/python3.12/site-packages/airflow/example_dags/example_branch_day_of_week_operator.py
[2025-03-31T19:32:00.005+0000] {logging_mixin.py:190} INFO - [2025-03-31T19:32:00.005+0000] {dag.py:3239} INFO - Sync 1 DAGs
[2025-03-31T19:32:00.021+0000] {logging_mixin.py:190} INFO - [2025-03-31T19:32:00.021+0000] {dag.py:4180} INFO - Setting next_dagrun for example_weekday_branch_operator to 2025-03-30 00:00:00+00:00, run_after=2025-03-31 00:00:00+00:00
[2025-03-31T19:32:00.036+0000] {processor.py:208} INFO - Processing /usr/local/python/3.12.1/lib/python3.12/site-packages/airflow/example_dags/example_branch_day_of_week_operator.py took 0.056 seconds
[2025-03-31T19:33:24.749+0000] {processor.py:186} INFO - Started process (PID=18747) to work on /usr/local/python/3.12.1/lib/python3.12/site-packages/airflow/example_dags/example_branch_day_of_week_operator.py
[2025-03-31T19:33:24.750+0000] {processor.py:914} INFO - Processing file /usr/local/python/3.12.1/lib/python3.12/site-packages/airflow/example_dags/example_branch_day_of_week_operator.py for tasks to queue
[2025-03-31T19:33:24.751+0000] {logging_mixin.py:190} INFO - [2025-03-31T19:33:24.751+0000] {dagbag.py:588} INFO - Filling up the DagBag from /usr/local/python/3.12.1/lib/python3.12/site-packages/airflow/example_dags/example_branch_day_of_week_operator.py
[2025-03-31T19:33:24.759+0000] {processor.py:925} INFO - DAG(s) 'example_weekday_branch_operator' retrieved from /usr/local/python/3.12.1/lib/python3.12/site-packages/airflow/example_dags/example_branch_day_of_week_operator.py
[2025-03-31T19:33:24.770+0000] {logging_mixin.py:190} INFO - [2025-03-31T19:33:24.770+0000] {dag.py:3239} INFO - Sync 1 DAGs
[2025-03-31T19:33:24.785+0000] {logging_mixin.py:190} INFO - [2025-03-31T19:33:24.785+0000] {dag.py:4180} INFO - Setting next_dagrun for example_weekday_branch_operator to 2025-03-30 00:00:00+00:00, run_after=2025-03-31 00:00:00+00:00
[2025-03-31T19:33:24.799+0000] {processor.py:208} INFO - Processing /usr/local/python/3.12.1/lib/python3.12/site-packages/airflow/example_dags/example_branch_day_of_week_operator.py took 0.054 seconds
[2025-03-31T19:34:25.461+0000] {processor.py:186} INFO - Started process (PID=19252) to work on /usr/local/python/3.12.1/lib/python3.12/site-packages/airflow/example_dags/example_branch_day_of_week_operator.py
[2025-03-31T19:34:25.462+0000] {processor.py:914} INFO - Processing file /usr/local/python/3.12.1/lib/python3.12/site-packages/airflow/example_dags/example_branch_day_of_week_operator.py for tasks to queue
[2025-03-31T19:34:25.463+0000] {logging_mixin.py:190} INFO - [2025-03-31T19:34:25.463+0000] {dagbag.py:588} INFO - Filling up the DagBag from /usr/local/python/3.12.1/lib/python3.12/site-packages/airflow/example_dags/example_branch_day_of_week_operator.py
[2025-03-31T19:34:25.471+0000] {processor.py:925} INFO - DAG(s) 'example_weekday_branch_operator' retrieved from /usr/local/python/3.12.1/lib/python3.12/site-packages/airflow/example_dags/example_branch_day_of_week_operator.py
[2025-03-31T19:34:25.482+0000] {logging_mixin.py:190} INFO - [2025-03-31T19:34:25.482+0000] {dag.py:3239} INFO - Sync 1 DAGs
[2025-03-31T19:34:25.498+0000] {logging_mixin.py:190} INFO - [2025-03-31T19:34:25.497+0000] {dag.py:4180} INFO - Setting next_dagrun for example_weekday_branch_operator to 2025-03-30 00:00:00+00:00, run_after=2025-03-31 00:00:00+00:00
[2025-03-31T19:34:25.516+0000] {processor.py:208} INFO - Processing /usr/local/python/3.12.1/lib/python3.12/site-packages/airflow/example_dags/example_branch_day_of_week_operator.py took 0.059 seconds
[2025-03-31T19:35:50.543+0000] {processor.py:186} INFO - Started process (PID=19955) to work on /usr/local/python/3.12.1/lib/python3.12/site-packages/airflow/example_dags/example_branch_day_of_week_operator.py
[2025-03-31T19:35:50.544+0000] {processor.py:914} INFO - Processing file /usr/local/python/3.12.1/lib/python3.12/site-packages/airflow/example_dags/example_branch_day_of_week_operator.py for tasks to queue
[2025-03-31T19:35:50.545+0000] {logging_mixin.py:190} INFO - [2025-03-31T19:35:50.545+0000] {dagbag.py:588} INFO - Filling up the DagBag from /usr/local/python/3.12.1/lib/python3.12/site-packages/airflow/example_dags/example_branch_day_of_week_operator.py
[2025-03-31T19:35:50.553+0000] {processor.py:925} INFO - DAG(s) 'example_weekday_branch_operator' retrieved from /usr/local/python/3.12.1/lib/python3.12/site-packages/airflow/example_dags/example_branch_day_of_week_operator.py
[2025-03-31T19:35:50.564+0000] {logging_mixin.py:190} INFO - [2025-03-31T19:35:50.564+0000] {dag.py:3239} INFO - Sync 1 DAGs
[2025-03-31T19:35:50.581+0000] {logging_mixin.py:190} INFO - [2025-03-31T19:35:50.581+0000] {dag.py:4180} INFO - Setting next_dagrun for example_weekday_branch_operator to 2025-03-30 00:00:00+00:00, run_after=2025-03-31 00:00:00+00:00
[2025-03-31T19:35:50.596+0000] {processor.py:208} INFO - Processing /usr/local/python/3.12.1/lib/python3.12/site-packages/airflow/example_dags/example_branch_day_of_week_operator.py took 0.056 seconds
[2025-03-31T19:37:12.794+0000] {processor.py:186} INFO - Started process (PID=20624) to work on /usr/local/python/3.12.1/lib/python3.12/site-packages/airflow/example_dags/example_branch_day_of_week_operator.py
[2025-03-31T19:37:12.794+0000] {processor.py:914} INFO - Processing file /usr/local/python/3.12.1/lib/python3.12/site-packages/airflow/example_dags/example_branch_day_of_week_operator.py for tasks to queue
[2025-03-31T19:37:12.796+0000] {logging_mixin.py:190} INFO - [2025-03-31T19:37:12.795+0000] {dagbag.py:588} INFO - Filling up the DagBag from /usr/local/python/3.12.1/lib/python3.12/site-packages/airflow/example_dags/example_branch_day_of_week_operator.py
[2025-03-31T19:37:12.803+0000] {processor.py:925} INFO - DAG(s) 'example_weekday_branch_operator' retrieved from /usr/local/python/3.12.1/lib/python3.12/site-packages/airflow/example_dags/example_branch_day_of_week_operator.py
[2025-03-31T19:37:12.815+0000] {logging_mixin.py:190} INFO - [2025-03-31T19:37:12.815+0000] {dag.py:3239} INFO - Sync 1 DAGs
[2025-03-31T19:37:12.831+0000] {logging_mixin.py:190} INFO - [2025-03-31T19:37:12.831+0000] {dag.py:4180} INFO - Setting next_dagrun for example_weekday_branch_operator to 2025-03-30 00:00:00+00:00, run_after=2025-03-31 00:00:00+00:00
[2025-03-31T19:37:12.846+0000] {processor.py:208} INFO - Processing /usr/local/python/3.12.1/lib/python3.12/site-packages/airflow/example_dags/example_branch_day_of_week_operator.py took 0.056 seconds
[2025-03-31T19:38:34.982+0000] {processor.py:186} INFO - Started process (PID=21270) to work on /usr/local/python/3.12.1/lib/python3.12/site-packages/airflow/example_dags/example_branch_day_of_week_operator.py
[2025-03-31T19:38:34.983+0000] {processor.py:914} INFO - Processing file /usr/local/python/3.12.1/lib/python3.12/site-packages/airflow/example_dags/example_branch_day_of_week_operator.py for tasks to queue
[2025-03-31T19:38:34.984+0000] {logging_mixin.py:190} INFO - [2025-03-31T19:38:34.984+0000] {dagbag.py:588} INFO - Filling up the DagBag from /usr/local/python/3.12.1/lib/python3.12/site-packages/airflow/example_dags/example_branch_day_of_week_operator.py
[2025-03-31T19:38:34.992+0000] {processor.py:925} INFO - DAG(s) 'example_weekday_branch_operator' retrieved from /usr/local/python/3.12.1/lib/python3.12/site-packages/airflow/example_dags/example_branch_day_of_week_operator.py
[2025-03-31T19:38:35.003+0000] {logging_mixin.py:190} INFO - [2025-03-31T19:38:35.003+0000] {dag.py:3239} INFO - Sync 1 DAGs
[2025-03-31T19:38:35.020+0000] {logging_mixin.py:190} INFO - [2025-03-31T19:38:35.019+0000] {dag.py:4180} INFO - Setting next_dagrun for example_weekday_branch_operator to 2025-03-30 00:00:00+00:00, run_after=2025-03-31 00:00:00+00:00
[2025-03-31T19:38:35.034+0000] {processor.py:208} INFO - Processing /usr/local/python/3.12.1/lib/python3.12/site-packages/airflow/example_dags/example_branch_day_of_week_operator.py took 0.056 seconds
