[2025-03-31T19:06:26.862+0000] {processor.py:186} INFO - Started process (PID=5202) to work on /usr/local/python/3.12.1/lib/python3.12/site-packages/airflow/example_dags/example_setup_teardown.py
[2025-03-31T19:06:26.863+0000] {processor.py:914} INFO - Processing file /usr/local/python/3.12.1/lib/python3.12/site-packages/airflow/example_dags/example_setup_teardown.py for tasks to queue
[2025-03-31T19:06:26.864+0000] {logging_mixin.py:190} INFO - [2025-03-31T19:06:26.864+0000] {dagbag.py:588} INFO - Filling up the DagBag from /usr/local/python/3.12.1/lib/python3.12/site-packages/airflow/example_dags/example_setup_teardown.py
[2025-03-31T19:06:26.873+0000] {processor.py:925} INFO - DAG(s) 'example_setup_teardown' retrieved from /usr/local/python/3.12.1/lib/python3.12/site-packages/airflow/example_dags/example_setup_teardown.py
[2025-03-31T19:06:26.896+0000] {logging_mixin.py:190} INFO - [2025-03-31T19:06:26.896+0000] {dag.py:3239} INFO - Sync 1 DAGs
[2025-03-31T19:06:26.909+0000] {logging_mixin.py:190} INFO - [2025-03-31T19:06:26.909+0000] {dag.py:4180} INFO - Setting next_dagrun for example_setup_teardown to None, run_after=None
[2025-03-31T19:06:26.927+0000] {processor.py:208} INFO - Processing /usr/local/python/3.12.1/lib/python3.12/site-packages/airflow/example_dags/example_setup_teardown.py took 0.071 seconds
[2025-03-31T19:07:25.918+0000] {processor.py:186} INFO - Started process (PID=5708) to work on /usr/local/python/3.12.1/lib/python3.12/site-packages/airflow/example_dags/example_setup_teardown.py
[2025-03-31T19:07:25.918+0000] {processor.py:914} INFO - Processing file /usr/local/python/3.12.1/lib/python3.12/site-packages/airflow/example_dags/example_setup_teardown.py for tasks to queue
[2025-03-31T19:07:25.920+0000] {logging_mixin.py:190} INFO - [2025-03-31T19:07:25.920+0000] {dagbag.py:588} INFO - Filling up the DagBag from /usr/local/python/3.12.1/lib/python3.12/site-packages/airflow/example_dags/example_setup_teardown.py
[2025-03-31T19:07:25.926+0000] {processor.py:925} INFO - DAG(s) 'example_setup_teardown' retrieved from /usr/local/python/3.12.1/lib/python3.12/site-packages/airflow/example_dags/example_setup_teardown.py
[2025-03-31T19:07:25.938+0000] {logging_mixin.py:190} INFO - [2025-03-31T19:07:25.938+0000] {dag.py:3239} INFO - Sync 1 DAGs
[2025-03-31T19:07:25.947+0000] {logging_mixin.py:190} INFO - [2025-03-31T19:07:25.947+0000] {dag.py:4180} INFO - Setting next_dagrun for example_setup_teardown to None, run_after=None
[2025-03-31T19:07:25.962+0000] {processor.py:208} INFO - Processing /usr/local/python/3.12.1/lib/python3.12/site-packages/airflow/example_dags/example_setup_teardown.py took 0.048 seconds
[2025-03-31T19:08:20.803+0000] {processor.py:186} INFO - Started process (PID=6178) to work on /usr/local/python/3.12.1/lib/python3.12/site-packages/airflow/example_dags/example_setup_teardown.py
[2025-03-31T19:08:20.803+0000] {processor.py:914} INFO - Processing file /usr/local/python/3.12.1/lib/python3.12/site-packages/airflow/example_dags/example_setup_teardown.py for tasks to queue
[2025-03-31T19:08:20.805+0000] {logging_mixin.py:190} INFO - [2025-03-31T19:08:20.804+0000] {dagbag.py:588} INFO - Filling up the DagBag from /usr/local/python/3.12.1/lib/python3.12/site-packages/airflow/example_dags/example_setup_teardown.py
[2025-03-31T19:08:20.811+0000] {processor.py:925} INFO - DAG(s) 'example_setup_teardown' retrieved from /usr/local/python/3.12.1/lib/python3.12/site-packages/airflow/example_dags/example_setup_teardown.py
[2025-03-31T19:08:20.822+0000] {logging_mixin.py:190} INFO - [2025-03-31T19:08:20.822+0000] {dag.py:3239} INFO - Sync 1 DAGs
[2025-03-31T19:08:20.832+0000] {logging_mixin.py:190} INFO - [2025-03-31T19:08:20.831+0000] {dag.py:4180} INFO - Setting next_dagrun for example_setup_teardown to None, run_after=None
[2025-03-31T19:08:20.846+0000] {processor.py:208} INFO - Processing /usr/local/python/3.12.1/lib/python3.12/site-packages/airflow/example_dags/example_setup_teardown.py took 0.048 seconds
[2025-03-31T19:09:14.025+0000] {processor.py:186} INFO - Started process (PID=6607) to work on /usr/local/python/3.12.1/lib/python3.12/site-packages/airflow/example_dags/example_setup_teardown.py
[2025-03-31T19:09:14.026+0000] {processor.py:914} INFO - Processing file /usr/local/python/3.12.1/lib/python3.12/site-packages/airflow/example_dags/example_setup_teardown.py for tasks to queue
[2025-03-31T19:09:14.027+0000] {logging_mixin.py:190} INFO - [2025-03-31T19:09:14.027+0000] {dagbag.py:588} INFO - Filling up the DagBag from /usr/local/python/3.12.1/lib/python3.12/site-packages/airflow/example_dags/example_setup_teardown.py
[2025-03-31T19:09:14.034+0000] {processor.py:925} INFO - DAG(s) 'example_setup_teardown' retrieved from /usr/local/python/3.12.1/lib/python3.12/site-packages/airflow/example_dags/example_setup_teardown.py
[2025-03-31T19:09:14.045+0000] {logging_mixin.py:190} INFO - [2025-03-31T19:09:14.045+0000] {dag.py:3239} INFO - Sync 1 DAGs
[2025-03-31T19:09:14.055+0000] {logging_mixin.py:190} INFO - [2025-03-31T19:09:14.054+0000] {dag.py:4180} INFO - Setting next_dagrun for example_setup_teardown to None, run_after=None
[2025-03-31T19:09:14.069+0000] {processor.py:208} INFO - Processing /usr/local/python/3.12.1/lib/python3.12/site-packages/airflow/example_dags/example_setup_teardown.py took 0.048 seconds
[2025-03-31T19:10:05.816+0000] {processor.py:186} INFO - Started process (PID=7033) to work on /usr/local/python/3.12.1/lib/python3.12/site-packages/airflow/example_dags/example_setup_teardown.py
[2025-03-31T19:10:05.817+0000] {processor.py:914} INFO - Processing file /usr/local/python/3.12.1/lib/python3.12/site-packages/airflow/example_dags/example_setup_teardown.py for tasks to queue
[2025-03-31T19:10:05.818+0000] {logging_mixin.py:190} INFO - [2025-03-31T19:10:05.818+0000] {dagbag.py:588} INFO - Filling up the DagBag from /usr/local/python/3.12.1/lib/python3.12/site-packages/airflow/example_dags/example_setup_teardown.py
[2025-03-31T19:10:05.824+0000] {processor.py:925} INFO - DAG(s) 'example_setup_teardown' retrieved from /usr/local/python/3.12.1/lib/python3.12/site-packages/airflow/example_dags/example_setup_teardown.py
[2025-03-31T19:10:05.835+0000] {logging_mixin.py:190} INFO - [2025-03-31T19:10:05.835+0000] {dag.py:3239} INFO - Sync 1 DAGs
[2025-03-31T19:10:05.845+0000] {logging_mixin.py:190} INFO - [2025-03-31T19:10:05.845+0000] {dag.py:4180} INFO - Setting next_dagrun for example_setup_teardown to None, run_after=None
[2025-03-31T19:10:05.859+0000] {processor.py:208} INFO - Processing /usr/local/python/3.12.1/lib/python3.12/site-packages/airflow/example_dags/example_setup_teardown.py took 0.048 seconds
[2025-03-31T19:10:55.747+0000] {processor.py:186} INFO - Started process (PID=7413) to work on /usr/local/python/3.12.1/lib/python3.12/site-packages/airflow/example_dags/example_setup_teardown.py
[2025-03-31T19:10:55.747+0000] {processor.py:914} INFO - Processing file /usr/local/python/3.12.1/lib/python3.12/site-packages/airflow/example_dags/example_setup_teardown.py for tasks to queue
[2025-03-31T19:10:55.749+0000] {logging_mixin.py:190} INFO - [2025-03-31T19:10:55.749+0000] {dagbag.py:588} INFO - Filling up the DagBag from /usr/local/python/3.12.1/lib/python3.12/site-packages/airflow/example_dags/example_setup_teardown.py
[2025-03-31T19:10:55.755+0000] {processor.py:925} INFO - DAG(s) 'example_setup_teardown' retrieved from /usr/local/python/3.12.1/lib/python3.12/site-packages/airflow/example_dags/example_setup_teardown.py
[2025-03-31T19:10:55.767+0000] {logging_mixin.py:190} INFO - [2025-03-31T19:10:55.767+0000] {dag.py:3239} INFO - Sync 1 DAGs
[2025-03-31T19:10:55.776+0000] {logging_mixin.py:190} INFO - [2025-03-31T19:10:55.776+0000] {dag.py:4180} INFO - Setting next_dagrun for example_setup_teardown to None, run_after=None
[2025-03-31T19:10:55.790+0000] {processor.py:208} INFO - Processing /usr/local/python/3.12.1/lib/python3.12/site-packages/airflow/example_dags/example_setup_teardown.py took 0.048 seconds
[2025-03-31T19:11:50.297+0000] {processor.py:186} INFO - Started process (PID=7852) to work on /usr/local/python/3.12.1/lib/python3.12/site-packages/airflow/example_dags/example_setup_teardown.py
[2025-03-31T19:11:50.298+0000] {processor.py:914} INFO - Processing file /usr/local/python/3.12.1/lib/python3.12/site-packages/airflow/example_dags/example_setup_teardown.py for tasks to queue
[2025-03-31T19:11:50.300+0000] {logging_mixin.py:190} INFO - [2025-03-31T19:11:50.300+0000] {dagbag.py:588} INFO - Filling up the DagBag from /usr/local/python/3.12.1/lib/python3.12/site-packages/airflow/example_dags/example_setup_teardown.py
[2025-03-31T19:11:50.306+0000] {processor.py:925} INFO - DAG(s) 'example_setup_teardown' retrieved from /usr/local/python/3.12.1/lib/python3.12/site-packages/airflow/example_dags/example_setup_teardown.py
[2025-03-31T19:11:50.318+0000] {logging_mixin.py:190} INFO - [2025-03-31T19:11:50.318+0000] {dag.py:3239} INFO - Sync 1 DAGs
[2025-03-31T19:11:50.327+0000] {logging_mixin.py:190} INFO - [2025-03-31T19:11:50.327+0000] {dag.py:4180} INFO - Setting next_dagrun for example_setup_teardown to None, run_after=None
[2025-03-31T19:11:50.342+0000] {processor.py:208} INFO - Processing /usr/local/python/3.12.1/lib/python3.12/site-packages/airflow/example_dags/example_setup_teardown.py took 0.048 seconds
[2025-03-31T19:12:43.088+0000] {processor.py:186} INFO - Started process (PID=8267) to work on /usr/local/python/3.12.1/lib/python3.12/site-packages/airflow/example_dags/example_setup_teardown.py
[2025-03-31T19:12:43.089+0000] {processor.py:914} INFO - Processing file /usr/local/python/3.12.1/lib/python3.12/site-packages/airflow/example_dags/example_setup_teardown.py for tasks to queue
[2025-03-31T19:12:43.091+0000] {logging_mixin.py:190} INFO - [2025-03-31T19:12:43.091+0000] {dagbag.py:588} INFO - Filling up the DagBag from /usr/local/python/3.12.1/lib/python3.12/site-packages/airflow/example_dags/example_setup_teardown.py
[2025-03-31T19:12:43.098+0000] {processor.py:925} INFO - DAG(s) 'example_setup_teardown' retrieved from /usr/local/python/3.12.1/lib/python3.12/site-packages/airflow/example_dags/example_setup_teardown.py
[2025-03-31T19:12:43.109+0000] {logging_mixin.py:190} INFO - [2025-03-31T19:12:43.109+0000] {dag.py:3239} INFO - Sync 1 DAGs
[2025-03-31T19:12:43.119+0000] {logging_mixin.py:190} INFO - [2025-03-31T19:12:43.119+0000] {dag.py:4180} INFO - Setting next_dagrun for example_setup_teardown to None, run_after=None
[2025-03-31T19:12:43.133+0000] {processor.py:208} INFO - Processing /usr/local/python/3.12.1/lib/python3.12/site-packages/airflow/example_dags/example_setup_teardown.py took 0.050 seconds
[2025-03-31T19:13:37.028+0000] {processor.py:186} INFO - Started process (PID=8688) to work on /usr/local/python/3.12.1/lib/python3.12/site-packages/airflow/example_dags/example_setup_teardown.py
[2025-03-31T19:13:37.029+0000] {processor.py:914} INFO - Processing file /usr/local/python/3.12.1/lib/python3.12/site-packages/airflow/example_dags/example_setup_teardown.py for tasks to queue
[2025-03-31T19:13:37.031+0000] {logging_mixin.py:190} INFO - [2025-03-31T19:13:37.030+0000] {dagbag.py:588} INFO - Filling up the DagBag from /usr/local/python/3.12.1/lib/python3.12/site-packages/airflow/example_dags/example_setup_teardown.py
[2025-03-31T19:13:37.037+0000] {processor.py:925} INFO - DAG(s) 'example_setup_teardown' retrieved from /usr/local/python/3.12.1/lib/python3.12/site-packages/airflow/example_dags/example_setup_teardown.py
[2025-03-31T19:13:37.049+0000] {logging_mixin.py:190} INFO - [2025-03-31T19:13:37.049+0000] {dag.py:3239} INFO - Sync 1 DAGs
[2025-03-31T19:13:37.058+0000] {logging_mixin.py:190} INFO - [2025-03-31T19:13:37.058+0000] {dag.py:4180} INFO - Setting next_dagrun for example_setup_teardown to None, run_after=None
[2025-03-31T19:13:37.073+0000] {processor.py:208} INFO - Processing /usr/local/python/3.12.1/lib/python3.12/site-packages/airflow/example_dags/example_setup_teardown.py took 0.051 seconds
[2025-03-31T19:14:30.689+0000] {processor.py:186} INFO - Started process (PID=9117) to work on /usr/local/python/3.12.1/lib/python3.12/site-packages/airflow/example_dags/example_setup_teardown.py
[2025-03-31T19:14:30.690+0000] {processor.py:914} INFO - Processing file /usr/local/python/3.12.1/lib/python3.12/site-packages/airflow/example_dags/example_setup_teardown.py for tasks to queue
[2025-03-31T19:14:30.692+0000] {logging_mixin.py:190} INFO - [2025-03-31T19:14:30.691+0000] {dagbag.py:588} INFO - Filling up the DagBag from /usr/local/python/3.12.1/lib/python3.12/site-packages/airflow/example_dags/example_setup_teardown.py
[2025-03-31T19:14:30.698+0000] {processor.py:925} INFO - DAG(s) 'example_setup_teardown' retrieved from /usr/local/python/3.12.1/lib/python3.12/site-packages/airflow/example_dags/example_setup_teardown.py
[2025-03-31T19:14:30.709+0000] {logging_mixin.py:190} INFO - [2025-03-31T19:14:30.709+0000] {dag.py:3239} INFO - Sync 1 DAGs
[2025-03-31T19:14:30.718+0000] {logging_mixin.py:190} INFO - [2025-03-31T19:14:30.718+0000] {dag.py:4180} INFO - Setting next_dagrun for example_setup_teardown to None, run_after=None
[2025-03-31T19:14:30.733+0000] {processor.py:208} INFO - Processing /usr/local/python/3.12.1/lib/python3.12/site-packages/airflow/example_dags/example_setup_teardown.py took 0.047 seconds
[2025-03-31T19:15:26.068+0000] {processor.py:186} INFO - Started process (PID=9549) to work on /usr/local/python/3.12.1/lib/python3.12/site-packages/airflow/example_dags/example_setup_teardown.py
[2025-03-31T19:15:26.069+0000] {processor.py:914} INFO - Processing file /usr/local/python/3.12.1/lib/python3.12/site-packages/airflow/example_dags/example_setup_teardown.py for tasks to queue
[2025-03-31T19:15:26.070+0000] {logging_mixin.py:190} INFO - [2025-03-31T19:15:26.070+0000] {dagbag.py:588} INFO - Filling up the DagBag from /usr/local/python/3.12.1/lib/python3.12/site-packages/airflow/example_dags/example_setup_teardown.py
[2025-03-31T19:15:26.077+0000] {processor.py:925} INFO - DAG(s) 'example_setup_teardown' retrieved from /usr/local/python/3.12.1/lib/python3.12/site-packages/airflow/example_dags/example_setup_teardown.py
[2025-03-31T19:15:26.088+0000] {logging_mixin.py:190} INFO - [2025-03-31T19:15:26.088+0000] {dag.py:3239} INFO - Sync 1 DAGs
[2025-03-31T19:15:26.097+0000] {logging_mixin.py:190} INFO - [2025-03-31T19:15:26.097+0000] {dag.py:4180} INFO - Setting next_dagrun for example_setup_teardown to None, run_after=None
[2025-03-31T19:15:26.111+0000] {processor.py:208} INFO - Processing /usr/local/python/3.12.1/lib/python3.12/site-packages/airflow/example_dags/example_setup_teardown.py took 0.048 seconds
[2025-03-31T19:16:17.432+0000] {processor.py:186} INFO - Started process (PID=9950) to work on /usr/local/python/3.12.1/lib/python3.12/site-packages/airflow/example_dags/example_setup_teardown.py
[2025-03-31T19:16:17.433+0000] {processor.py:914} INFO - Processing file /usr/local/python/3.12.1/lib/python3.12/site-packages/airflow/example_dags/example_setup_teardown.py for tasks to queue
[2025-03-31T19:16:17.434+0000] {logging_mixin.py:190} INFO - [2025-03-31T19:16:17.434+0000] {dagbag.py:588} INFO - Filling up the DagBag from /usr/local/python/3.12.1/lib/python3.12/site-packages/airflow/example_dags/example_setup_teardown.py
[2025-03-31T19:16:17.441+0000] {processor.py:925} INFO - DAG(s) 'example_setup_teardown' retrieved from /usr/local/python/3.12.1/lib/python3.12/site-packages/airflow/example_dags/example_setup_teardown.py
[2025-03-31T19:16:17.452+0000] {logging_mixin.py:190} INFO - [2025-03-31T19:16:17.452+0000] {dag.py:3239} INFO - Sync 1 DAGs
[2025-03-31T19:16:17.461+0000] {logging_mixin.py:190} INFO - [2025-03-31T19:16:17.461+0000] {dag.py:4180} INFO - Setting next_dagrun for example_setup_teardown to None, run_after=None
[2025-03-31T19:16:17.475+0000] {processor.py:208} INFO - Processing /usr/local/python/3.12.1/lib/python3.12/site-packages/airflow/example_dags/example_setup_teardown.py took 0.047 seconds
[2025-03-31T19:17:12.829+0000] {processor.py:186} INFO - Started process (PID=10403) to work on /usr/local/python/3.12.1/lib/python3.12/site-packages/airflow/example_dags/example_setup_teardown.py
[2025-03-31T19:17:12.830+0000] {processor.py:914} INFO - Processing file /usr/local/python/3.12.1/lib/python3.12/site-packages/airflow/example_dags/example_setup_teardown.py for tasks to queue
[2025-03-31T19:17:12.831+0000] {logging_mixin.py:190} INFO - [2025-03-31T19:17:12.831+0000] {dagbag.py:588} INFO - Filling up the DagBag from /usr/local/python/3.12.1/lib/python3.12/site-packages/airflow/example_dags/example_setup_teardown.py
[2025-03-31T19:17:12.838+0000] {processor.py:925} INFO - DAG(s) 'example_setup_teardown' retrieved from /usr/local/python/3.12.1/lib/python3.12/site-packages/airflow/example_dags/example_setup_teardown.py
[2025-03-31T19:17:12.852+0000] {logging_mixin.py:190} INFO - [2025-03-31T19:17:12.852+0000] {dag.py:3239} INFO - Sync 1 DAGs
[2025-03-31T19:17:12.862+0000] {logging_mixin.py:190} INFO - [2025-03-31T19:17:12.862+0000] {dag.py:4180} INFO - Setting next_dagrun for example_setup_teardown to None, run_after=None
[2025-03-31T19:17:12.876+0000] {processor.py:208} INFO - Processing /usr/local/python/3.12.1/lib/python3.12/site-packages/airflow/example_dags/example_setup_teardown.py took 0.051 seconds
[2025-03-31T19:18:08.778+0000] {processor.py:186} INFO - Started process (PID=10869) to work on /usr/local/python/3.12.1/lib/python3.12/site-packages/airflow/example_dags/example_setup_teardown.py
[2025-03-31T19:18:08.778+0000] {processor.py:914} INFO - Processing file /usr/local/python/3.12.1/lib/python3.12/site-packages/airflow/example_dags/example_setup_teardown.py for tasks to queue
[2025-03-31T19:18:08.780+0000] {logging_mixin.py:190} INFO - [2025-03-31T19:18:08.780+0000] {dagbag.py:588} INFO - Filling up the DagBag from /usr/local/python/3.12.1/lib/python3.12/site-packages/airflow/example_dags/example_setup_teardown.py
[2025-03-31T19:18:08.786+0000] {processor.py:925} INFO - DAG(s) 'example_setup_teardown' retrieved from /usr/local/python/3.12.1/lib/python3.12/site-packages/airflow/example_dags/example_setup_teardown.py
[2025-03-31T19:18:08.798+0000] {logging_mixin.py:190} INFO - [2025-03-31T19:18:08.798+0000] {dag.py:3239} INFO - Sync 1 DAGs
[2025-03-31T19:18:08.807+0000] {logging_mixin.py:190} INFO - [2025-03-31T19:18:08.807+0000] {dag.py:4180} INFO - Setting next_dagrun for example_setup_teardown to None, run_after=None
[2025-03-31T19:18:08.822+0000] {processor.py:208} INFO - Processing /usr/local/python/3.12.1/lib/python3.12/site-packages/airflow/example_dags/example_setup_teardown.py took 0.048 seconds
[2025-03-31T19:19:01.727+0000] {processor.py:186} INFO - Started process (PID=11327) to work on /usr/local/python/3.12.1/lib/python3.12/site-packages/airflow/example_dags/example_setup_teardown.py
[2025-03-31T19:19:01.728+0000] {processor.py:914} INFO - Processing file /usr/local/python/3.12.1/lib/python3.12/site-packages/airflow/example_dags/example_setup_teardown.py for tasks to queue
[2025-03-31T19:19:01.730+0000] {logging_mixin.py:190} INFO - [2025-03-31T19:19:01.730+0000] {dagbag.py:588} INFO - Filling up the DagBag from /usr/local/python/3.12.1/lib/python3.12/site-packages/airflow/example_dags/example_setup_teardown.py
[2025-03-31T19:19:01.737+0000] {processor.py:925} INFO - DAG(s) 'example_setup_teardown' retrieved from /usr/local/python/3.12.1/lib/python3.12/site-packages/airflow/example_dags/example_setup_teardown.py
[2025-03-31T19:19:01.749+0000] {logging_mixin.py:190} INFO - [2025-03-31T19:19:01.749+0000] {dag.py:3239} INFO - Sync 1 DAGs
[2025-03-31T19:19:01.762+0000] {logging_mixin.py:190} INFO - [2025-03-31T19:19:01.762+0000] {dag.py:4180} INFO - Setting next_dagrun for example_setup_teardown to None, run_after=None
[2025-03-31T19:19:01.778+0000] {processor.py:208} INFO - Processing /usr/local/python/3.12.1/lib/python3.12/site-packages/airflow/example_dags/example_setup_teardown.py took 0.056 seconds
[2025-03-31T19:19:51.978+0000] {processor.py:186} INFO - Started process (PID=11813) to work on /usr/local/python/3.12.1/lib/python3.12/site-packages/airflow/example_dags/example_setup_teardown.py
[2025-03-31T19:19:51.979+0000] {processor.py:914} INFO - Processing file /usr/local/python/3.12.1/lib/python3.12/site-packages/airflow/example_dags/example_setup_teardown.py for tasks to queue
[2025-03-31T19:19:51.980+0000] {logging_mixin.py:190} INFO - [2025-03-31T19:19:51.980+0000] {dagbag.py:588} INFO - Filling up the DagBag from /usr/local/python/3.12.1/lib/python3.12/site-packages/airflow/example_dags/example_setup_teardown.py
[2025-03-31T19:19:51.986+0000] {processor.py:925} INFO - DAG(s) 'example_setup_teardown' retrieved from /usr/local/python/3.12.1/lib/python3.12/site-packages/airflow/example_dags/example_setup_teardown.py
[2025-03-31T19:19:51.997+0000] {logging_mixin.py:190} INFO - [2025-03-31T19:19:51.997+0000] {dag.py:3239} INFO - Sync 1 DAGs
[2025-03-31T19:19:52.007+0000] {logging_mixin.py:190} INFO - [2025-03-31T19:19:52.007+0000] {dag.py:4180} INFO - Setting next_dagrun for example_setup_teardown to None, run_after=None
[2025-03-31T19:19:52.021+0000] {processor.py:208} INFO - Processing /usr/local/python/3.12.1/lib/python3.12/site-packages/airflow/example_dags/example_setup_teardown.py took 0.047 seconds
[2025-03-31T19:20:44.467+0000] {processor.py:186} INFO - Started process (PID=12281) to work on /usr/local/python/3.12.1/lib/python3.12/site-packages/airflow/example_dags/example_setup_teardown.py
[2025-03-31T19:20:44.468+0000] {processor.py:914} INFO - Processing file /usr/local/python/3.12.1/lib/python3.12/site-packages/airflow/example_dags/example_setup_teardown.py for tasks to queue
[2025-03-31T19:20:44.469+0000] {logging_mixin.py:190} INFO - [2025-03-31T19:20:44.469+0000] {dagbag.py:588} INFO - Filling up the DagBag from /usr/local/python/3.12.1/lib/python3.12/site-packages/airflow/example_dags/example_setup_teardown.py
[2025-03-31T19:20:44.476+0000] {processor.py:925} INFO - DAG(s) 'example_setup_teardown' retrieved from /usr/local/python/3.12.1/lib/python3.12/site-packages/airflow/example_dags/example_setup_teardown.py
[2025-03-31T19:20:44.487+0000] {logging_mixin.py:190} INFO - [2025-03-31T19:20:44.487+0000] {dag.py:3239} INFO - Sync 1 DAGs
[2025-03-31T19:20:44.496+0000] {logging_mixin.py:190} INFO - [2025-03-31T19:20:44.496+0000] {dag.py:4180} INFO - Setting next_dagrun for example_setup_teardown to None, run_after=None
[2025-03-31T19:20:44.511+0000] {processor.py:208} INFO - Processing /usr/local/python/3.12.1/lib/python3.12/site-packages/airflow/example_dags/example_setup_teardown.py took 0.048 seconds
[2025-03-31T19:21:34.420+0000] {processor.py:186} INFO - Started process (PID=12821) to work on /usr/local/python/3.12.1/lib/python3.12/site-packages/airflow/example_dags/example_setup_teardown.py
[2025-03-31T19:21:34.421+0000] {processor.py:914} INFO - Processing file /usr/local/python/3.12.1/lib/python3.12/site-packages/airflow/example_dags/example_setup_teardown.py for tasks to queue
[2025-03-31T19:21:34.422+0000] {logging_mixin.py:190} INFO - [2025-03-31T19:21:34.422+0000] {dagbag.py:588} INFO - Filling up the DagBag from /usr/local/python/3.12.1/lib/python3.12/site-packages/airflow/example_dags/example_setup_teardown.py
[2025-03-31T19:21:34.429+0000] {processor.py:925} INFO - DAG(s) 'example_setup_teardown' retrieved from /usr/local/python/3.12.1/lib/python3.12/site-packages/airflow/example_dags/example_setup_teardown.py
[2025-03-31T19:21:34.440+0000] {logging_mixin.py:190} INFO - [2025-03-31T19:21:34.440+0000] {dag.py:3239} INFO - Sync 1 DAGs
[2025-03-31T19:21:34.449+0000] {logging_mixin.py:190} INFO - [2025-03-31T19:21:34.449+0000] {dag.py:4180} INFO - Setting next_dagrun for example_setup_teardown to None, run_after=None
[2025-03-31T19:21:34.465+0000] {processor.py:208} INFO - Processing /usr/local/python/3.12.1/lib/python3.12/site-packages/airflow/example_dags/example_setup_teardown.py took 0.049 seconds
[2025-03-31T19:22:29.454+0000] {processor.py:186} INFO - Started process (PID=13297) to work on /usr/local/python/3.12.1/lib/python3.12/site-packages/airflow/example_dags/example_setup_teardown.py
[2025-03-31T19:22:29.454+0000] {processor.py:914} INFO - Processing file /usr/local/python/3.12.1/lib/python3.12/site-packages/airflow/example_dags/example_setup_teardown.py for tasks to queue
[2025-03-31T19:22:29.456+0000] {logging_mixin.py:190} INFO - [2025-03-31T19:22:29.456+0000] {dagbag.py:588} INFO - Filling up the DagBag from /usr/local/python/3.12.1/lib/python3.12/site-packages/airflow/example_dags/example_setup_teardown.py
[2025-03-31T19:22:29.462+0000] {processor.py:925} INFO - DAG(s) 'example_setup_teardown' retrieved from /usr/local/python/3.12.1/lib/python3.12/site-packages/airflow/example_dags/example_setup_teardown.py
[2025-03-31T19:22:29.473+0000] {logging_mixin.py:190} INFO - [2025-03-31T19:22:29.473+0000] {dag.py:3239} INFO - Sync 1 DAGs
[2025-03-31T19:22:29.483+0000] {logging_mixin.py:190} INFO - [2025-03-31T19:22:29.482+0000] {dag.py:4180} INFO - Setting next_dagrun for example_setup_teardown to None, run_after=None
[2025-03-31T19:22:29.498+0000] {processor.py:208} INFO - Processing /usr/local/python/3.12.1/lib/python3.12/site-packages/airflow/example_dags/example_setup_teardown.py took 0.048 seconds
[2025-03-31T19:23:20.296+0000] {processor.py:186} INFO - Started process (PID=13708) to work on /usr/local/python/3.12.1/lib/python3.12/site-packages/airflow/example_dags/example_setup_teardown.py
[2025-03-31T19:23:20.297+0000] {processor.py:914} INFO - Processing file /usr/local/python/3.12.1/lib/python3.12/site-packages/airflow/example_dags/example_setup_teardown.py for tasks to queue
[2025-03-31T19:23:20.298+0000] {logging_mixin.py:190} INFO - [2025-03-31T19:23:20.298+0000] {dagbag.py:588} INFO - Filling up the DagBag from /usr/local/python/3.12.1/lib/python3.12/site-packages/airflow/example_dags/example_setup_teardown.py
[2025-03-31T19:23:20.304+0000] {processor.py:925} INFO - DAG(s) 'example_setup_teardown' retrieved from /usr/local/python/3.12.1/lib/python3.12/site-packages/airflow/example_dags/example_setup_teardown.py
[2025-03-31T19:23:20.316+0000] {logging_mixin.py:190} INFO - [2025-03-31T19:23:20.315+0000] {dag.py:3239} INFO - Sync 1 DAGs
[2025-03-31T19:23:20.325+0000] {logging_mixin.py:190} INFO - [2025-03-31T19:23:20.325+0000] {dag.py:4180} INFO - Setting next_dagrun for example_setup_teardown to None, run_after=None
[2025-03-31T19:23:20.339+0000] {processor.py:208} INFO - Processing /usr/local/python/3.12.1/lib/python3.12/site-packages/airflow/example_dags/example_setup_teardown.py took 0.047 seconds
[2025-03-31T19:24:11.244+0000] {processor.py:186} INFO - Started process (PID=14108) to work on /usr/local/python/3.12.1/lib/python3.12/site-packages/airflow/example_dags/example_setup_teardown.py
[2025-03-31T19:24:11.245+0000] {processor.py:914} INFO - Processing file /usr/local/python/3.12.1/lib/python3.12/site-packages/airflow/example_dags/example_setup_teardown.py for tasks to queue
[2025-03-31T19:24:11.247+0000] {logging_mixin.py:190} INFO - [2025-03-31T19:24:11.246+0000] {dagbag.py:588} INFO - Filling up the DagBag from /usr/local/python/3.12.1/lib/python3.12/site-packages/airflow/example_dags/example_setup_teardown.py
[2025-03-31T19:24:11.253+0000] {processor.py:925} INFO - DAG(s) 'example_setup_teardown' retrieved from /usr/local/python/3.12.1/lib/python3.12/site-packages/airflow/example_dags/example_setup_teardown.py
[2025-03-31T19:24:11.265+0000] {logging_mixin.py:190} INFO - [2025-03-31T19:24:11.265+0000] {dag.py:3239} INFO - Sync 1 DAGs
[2025-03-31T19:24:11.274+0000] {logging_mixin.py:190} INFO - [2025-03-31T19:24:11.274+0000] {dag.py:4180} INFO - Setting next_dagrun for example_setup_teardown to None, run_after=None
[2025-03-31T19:24:11.289+0000] {processor.py:208} INFO - Processing /usr/local/python/3.12.1/lib/python3.12/site-packages/airflow/example_dags/example_setup_teardown.py took 0.049 seconds
[2025-03-31T19:25:05.074+0000] {processor.py:186} INFO - Started process (PID=14532) to work on /usr/local/python/3.12.1/lib/python3.12/site-packages/airflow/example_dags/example_setup_teardown.py
[2025-03-31T19:25:05.074+0000] {processor.py:914} INFO - Processing file /usr/local/python/3.12.1/lib/python3.12/site-packages/airflow/example_dags/example_setup_teardown.py for tasks to queue
[2025-03-31T19:25:05.076+0000] {logging_mixin.py:190} INFO - [2025-03-31T19:25:05.075+0000] {dagbag.py:588} INFO - Filling up the DagBag from /usr/local/python/3.12.1/lib/python3.12/site-packages/airflow/example_dags/example_setup_teardown.py
[2025-03-31T19:25:05.082+0000] {processor.py:925} INFO - DAG(s) 'example_setup_teardown' retrieved from /usr/local/python/3.12.1/lib/python3.12/site-packages/airflow/example_dags/example_setup_teardown.py
[2025-03-31T19:25:05.093+0000] {logging_mixin.py:190} INFO - [2025-03-31T19:25:05.093+0000] {dag.py:3239} INFO - Sync 1 DAGs
[2025-03-31T19:25:05.102+0000] {logging_mixin.py:190} INFO - [2025-03-31T19:25:05.102+0000] {dag.py:4180} INFO - Setting next_dagrun for example_setup_teardown to None, run_after=None
[2025-03-31T19:25:05.117+0000] {processor.py:208} INFO - Processing /usr/local/python/3.12.1/lib/python3.12/site-packages/airflow/example_dags/example_setup_teardown.py took 0.047 seconds
[2025-03-31T19:25:57.457+0000] {processor.py:186} INFO - Started process (PID=14978) to work on /usr/local/python/3.12.1/lib/python3.12/site-packages/airflow/example_dags/example_setup_teardown.py
[2025-03-31T19:25:57.457+0000] {processor.py:914} INFO - Processing file /usr/local/python/3.12.1/lib/python3.12/site-packages/airflow/example_dags/example_setup_teardown.py for tasks to queue
[2025-03-31T19:25:57.459+0000] {logging_mixin.py:190} INFO - [2025-03-31T19:25:57.459+0000] {dagbag.py:588} INFO - Filling up the DagBag from /usr/local/python/3.12.1/lib/python3.12/site-packages/airflow/example_dags/example_setup_teardown.py
[2025-03-31T19:25:57.465+0000] {processor.py:925} INFO - DAG(s) 'example_setup_teardown' retrieved from /usr/local/python/3.12.1/lib/python3.12/site-packages/airflow/example_dags/example_setup_teardown.py
[2025-03-31T19:25:57.477+0000] {logging_mixin.py:190} INFO - [2025-03-31T19:25:57.477+0000] {dag.py:3239} INFO - Sync 1 DAGs
[2025-03-31T19:25:57.486+0000] {logging_mixin.py:190} INFO - [2025-03-31T19:25:57.486+0000] {dag.py:4180} INFO - Setting next_dagrun for example_setup_teardown to None, run_after=None
[2025-03-31T19:25:57.501+0000] {processor.py:208} INFO - Processing /usr/local/python/3.12.1/lib/python3.12/site-packages/airflow/example_dags/example_setup_teardown.py took 0.048 seconds
[2025-03-31T19:26:50.363+0000] {processor.py:186} INFO - Started process (PID=15455) to work on /usr/local/python/3.12.1/lib/python3.12/site-packages/airflow/example_dags/example_setup_teardown.py
[2025-03-31T19:26:50.364+0000] {processor.py:914} INFO - Processing file /usr/local/python/3.12.1/lib/python3.12/site-packages/airflow/example_dags/example_setup_teardown.py for tasks to queue
[2025-03-31T19:26:50.366+0000] {logging_mixin.py:190} INFO - [2025-03-31T19:26:50.365+0000] {dagbag.py:588} INFO - Filling up the DagBag from /usr/local/python/3.12.1/lib/python3.12/site-packages/airflow/example_dags/example_setup_teardown.py
[2025-03-31T19:26:50.372+0000] {processor.py:925} INFO - DAG(s) 'example_setup_teardown' retrieved from /usr/local/python/3.12.1/lib/python3.12/site-packages/airflow/example_dags/example_setup_teardown.py
[2025-03-31T19:26:50.383+0000] {logging_mixin.py:190} INFO - [2025-03-31T19:26:50.383+0000] {dag.py:3239} INFO - Sync 1 DAGs
[2025-03-31T19:26:50.392+0000] {logging_mixin.py:190} INFO - [2025-03-31T19:26:50.392+0000] {dag.py:4180} INFO - Setting next_dagrun for example_setup_teardown to None, run_after=None
[2025-03-31T19:26:50.407+0000] {processor.py:208} INFO - Processing /usr/local/python/3.12.1/lib/python3.12/site-packages/airflow/example_dags/example_setup_teardown.py took 0.048 seconds
[2025-03-31T19:27:40.489+0000] {processor.py:186} INFO - Started process (PID=15854) to work on /usr/local/python/3.12.1/lib/python3.12/site-packages/airflow/example_dags/example_setup_teardown.py
[2025-03-31T19:27:40.490+0000] {processor.py:914} INFO - Processing file /usr/local/python/3.12.1/lib/python3.12/site-packages/airflow/example_dags/example_setup_teardown.py for tasks to queue
[2025-03-31T19:27:40.491+0000] {logging_mixin.py:190} INFO - [2025-03-31T19:27:40.491+0000] {dagbag.py:588} INFO - Filling up the DagBag from /usr/local/python/3.12.1/lib/python3.12/site-packages/airflow/example_dags/example_setup_teardown.py
[2025-03-31T19:27:40.498+0000] {processor.py:925} INFO - DAG(s) 'example_setup_teardown' retrieved from /usr/local/python/3.12.1/lib/python3.12/site-packages/airflow/example_dags/example_setup_teardown.py
[2025-03-31T19:27:40.512+0000] {logging_mixin.py:190} INFO - [2025-03-31T19:27:40.512+0000] {dag.py:3239} INFO - Sync 1 DAGs
[2025-03-31T19:27:40.526+0000] {logging_mixin.py:190} INFO - [2025-03-31T19:27:40.525+0000] {dag.py:4180} INFO - Setting next_dagrun for example_setup_teardown to None, run_after=None
[2025-03-31T19:27:40.543+0000] {processor.py:208} INFO - Processing /usr/local/python/3.12.1/lib/python3.12/site-packages/airflow/example_dags/example_setup_teardown.py took 0.058 seconds
[2025-03-31T19:29:02.712+0000] {processor.py:186} INFO - Started process (PID=16686) to work on /usr/local/python/3.12.1/lib/python3.12/site-packages/airflow/example_dags/example_setup_teardown.py
[2025-03-31T19:29:02.712+0000] {processor.py:914} INFO - Processing file /usr/local/python/3.12.1/lib/python3.12/site-packages/airflow/example_dags/example_setup_teardown.py for tasks to queue
[2025-03-31T19:29:02.714+0000] {logging_mixin.py:190} INFO - [2025-03-31T19:29:02.713+0000] {dagbag.py:588} INFO - Filling up the DagBag from /usr/local/python/3.12.1/lib/python3.12/site-packages/airflow/example_dags/example_setup_teardown.py
[2025-03-31T19:29:02.720+0000] {processor.py:925} INFO - DAG(s) 'example_setup_teardown' retrieved from /usr/local/python/3.12.1/lib/python3.12/site-packages/airflow/example_dags/example_setup_teardown.py
[2025-03-31T19:29:02.732+0000] {logging_mixin.py:190} INFO - [2025-03-31T19:29:02.732+0000] {dag.py:3239} INFO - Sync 1 DAGs
[2025-03-31T19:29:02.742+0000] {logging_mixin.py:190} INFO - [2025-03-31T19:29:02.742+0000] {dag.py:4180} INFO - Setting next_dagrun for example_setup_teardown to None, run_after=None
[2025-03-31T19:29:02.757+0000] {processor.py:208} INFO - Processing /usr/local/python/3.12.1/lib/python3.12/site-packages/airflow/example_dags/example_setup_teardown.py took 0.049 seconds
[2025-03-31T19:30:01.725+0000] {processor.py:186} INFO - Started process (PID=17139) to work on /usr/local/python/3.12.1/lib/python3.12/site-packages/airflow/example_dags/example_setup_teardown.py
[2025-03-31T19:30:01.726+0000] {processor.py:914} INFO - Processing file /usr/local/python/3.12.1/lib/python3.12/site-packages/airflow/example_dags/example_setup_teardown.py for tasks to queue
[2025-03-31T19:30:01.727+0000] {logging_mixin.py:190} INFO - [2025-03-31T19:30:01.727+0000] {dagbag.py:588} INFO - Filling up the DagBag from /usr/local/python/3.12.1/lib/python3.12/site-packages/airflow/example_dags/example_setup_teardown.py
[2025-03-31T19:30:01.734+0000] {processor.py:925} INFO - DAG(s) 'example_setup_teardown' retrieved from /usr/local/python/3.12.1/lib/python3.12/site-packages/airflow/example_dags/example_setup_teardown.py
[2025-03-31T19:30:01.745+0000] {logging_mixin.py:190} INFO - [2025-03-31T19:30:01.745+0000] {dag.py:3239} INFO - Sync 1 DAGs
[2025-03-31T19:30:01.754+0000] {logging_mixin.py:190} INFO - [2025-03-31T19:30:01.754+0000] {dag.py:4180} INFO - Setting next_dagrun for example_setup_teardown to None, run_after=None
[2025-03-31T19:30:01.768+0000] {processor.py:208} INFO - Processing /usr/local/python/3.12.1/lib/python3.12/site-packages/airflow/example_dags/example_setup_teardown.py took 0.047 seconds
[2025-03-31T19:30:58.412+0000] {processor.py:186} INFO - Started process (PID=17591) to work on /usr/local/python/3.12.1/lib/python3.12/site-packages/airflow/example_dags/example_setup_teardown.py
[2025-03-31T19:30:58.412+0000] {processor.py:914} INFO - Processing file /usr/local/python/3.12.1/lib/python3.12/site-packages/airflow/example_dags/example_setup_teardown.py for tasks to queue
[2025-03-31T19:30:58.414+0000] {logging_mixin.py:190} INFO - [2025-03-31T19:30:58.414+0000] {dagbag.py:588} INFO - Filling up the DagBag from /usr/local/python/3.12.1/lib/python3.12/site-packages/airflow/example_dags/example_setup_teardown.py
[2025-03-31T19:30:58.420+0000] {processor.py:925} INFO - DAG(s) 'example_setup_teardown' retrieved from /usr/local/python/3.12.1/lib/python3.12/site-packages/airflow/example_dags/example_setup_teardown.py
[2025-03-31T19:30:58.432+0000] {logging_mixin.py:190} INFO - [2025-03-31T19:30:58.432+0000] {dag.py:3239} INFO - Sync 1 DAGs
[2025-03-31T19:30:58.441+0000] {logging_mixin.py:190} INFO - [2025-03-31T19:30:58.441+0000] {dag.py:4180} INFO - Setting next_dagrun for example_setup_teardown to None, run_after=None
[2025-03-31T19:30:58.456+0000] {processor.py:208} INFO - Processing /usr/local/python/3.12.1/lib/python3.12/site-packages/airflow/example_dags/example_setup_teardown.py took 0.048 seconds
[2025-03-31T19:31:54.620+0000] {processor.py:186} INFO - Started process (PID=18041) to work on /usr/local/python/3.12.1/lib/python3.12/site-packages/airflow/example_dags/example_setup_teardown.py
[2025-03-31T19:31:54.621+0000] {processor.py:914} INFO - Processing file /usr/local/python/3.12.1/lib/python3.12/site-packages/airflow/example_dags/example_setup_teardown.py for tasks to queue
[2025-03-31T19:31:54.622+0000] {logging_mixin.py:190} INFO - [2025-03-31T19:31:54.622+0000] {dagbag.py:588} INFO - Filling up the DagBag from /usr/local/python/3.12.1/lib/python3.12/site-packages/airflow/example_dags/example_setup_teardown.py
[2025-03-31T19:31:54.628+0000] {processor.py:925} INFO - DAG(s) 'example_setup_teardown' retrieved from /usr/local/python/3.12.1/lib/python3.12/site-packages/airflow/example_dags/example_setup_teardown.py
[2025-03-31T19:31:54.640+0000] {logging_mixin.py:190} INFO - [2025-03-31T19:31:54.640+0000] {dag.py:3239} INFO - Sync 1 DAGs
[2025-03-31T19:31:54.649+0000] {logging_mixin.py:190} INFO - [2025-03-31T19:31:54.649+0000] {dag.py:4180} INFO - Setting next_dagrun for example_setup_teardown to None, run_after=None
[2025-03-31T19:31:54.665+0000] {processor.py:208} INFO - Processing /usr/local/python/3.12.1/lib/python3.12/site-packages/airflow/example_dags/example_setup_teardown.py took 0.049 seconds
[2025-03-31T19:32:51.079+0000] {processor.py:186} INFO - Started process (PID=18485) to work on /usr/local/python/3.12.1/lib/python3.12/site-packages/airflow/example_dags/example_setup_teardown.py
[2025-03-31T19:32:51.079+0000] {processor.py:914} INFO - Processing file /usr/local/python/3.12.1/lib/python3.12/site-packages/airflow/example_dags/example_setup_teardown.py for tasks to queue
[2025-03-31T19:32:51.081+0000] {logging_mixin.py:190} INFO - [2025-03-31T19:32:51.081+0000] {dagbag.py:588} INFO - Filling up the DagBag from /usr/local/python/3.12.1/lib/python3.12/site-packages/airflow/example_dags/example_setup_teardown.py
[2025-03-31T19:32:51.089+0000] {processor.py:925} INFO - DAG(s) 'example_setup_teardown' retrieved from /usr/local/python/3.12.1/lib/python3.12/site-packages/airflow/example_dags/example_setup_teardown.py
[2025-03-31T19:32:51.103+0000] {logging_mixin.py:190} INFO - [2025-03-31T19:32:51.103+0000] {dag.py:3239} INFO - Sync 1 DAGs
[2025-03-31T19:32:51.114+0000] {logging_mixin.py:190} INFO - [2025-03-31T19:32:51.114+0000] {dag.py:4180} INFO - Setting next_dagrun for example_setup_teardown to None, run_after=None
[2025-03-31T19:32:51.129+0000] {processor.py:208} INFO - Processing /usr/local/python/3.12.1/lib/python3.12/site-packages/airflow/example_dags/example_setup_teardown.py took 0.056 seconds
[2025-03-31T19:33:49.487+0000] {processor.py:186} INFO - Started process (PID=18959) to work on /usr/local/python/3.12.1/lib/python3.12/site-packages/airflow/example_dags/example_setup_teardown.py
[2025-03-31T19:33:49.487+0000] {processor.py:914} INFO - Processing file /usr/local/python/3.12.1/lib/python3.12/site-packages/airflow/example_dags/example_setup_teardown.py for tasks to queue
[2025-03-31T19:33:49.489+0000] {logging_mixin.py:190} INFO - [2025-03-31T19:33:49.488+0000] {dagbag.py:588} INFO - Filling up the DagBag from /usr/local/python/3.12.1/lib/python3.12/site-packages/airflow/example_dags/example_setup_teardown.py
[2025-03-31T19:33:49.495+0000] {processor.py:925} INFO - DAG(s) 'example_setup_teardown' retrieved from /usr/local/python/3.12.1/lib/python3.12/site-packages/airflow/example_dags/example_setup_teardown.py
[2025-03-31T19:33:49.506+0000] {logging_mixin.py:190} INFO - [2025-03-31T19:33:49.506+0000] {dag.py:3239} INFO - Sync 1 DAGs
[2025-03-31T19:33:49.515+0000] {logging_mixin.py:190} INFO - [2025-03-31T19:33:49.515+0000] {dag.py:4180} INFO - Setting next_dagrun for example_setup_teardown to None, run_after=None
[2025-03-31T19:33:49.530+0000] {processor.py:208} INFO - Processing /usr/local/python/3.12.1/lib/python3.12/site-packages/airflow/example_dags/example_setup_teardown.py took 0.047 seconds
[2025-03-31T19:34:46.324+0000] {processor.py:186} INFO - Started process (PID=19436) to work on /usr/local/python/3.12.1/lib/python3.12/site-packages/airflow/example_dags/example_setup_teardown.py
[2025-03-31T19:34:46.324+0000] {processor.py:914} INFO - Processing file /usr/local/python/3.12.1/lib/python3.12/site-packages/airflow/example_dags/example_setup_teardown.py for tasks to queue
[2025-03-31T19:34:46.326+0000] {logging_mixin.py:190} INFO - [2025-03-31T19:34:46.326+0000] {dagbag.py:588} INFO - Filling up the DagBag from /usr/local/python/3.12.1/lib/python3.12/site-packages/airflow/example_dags/example_setup_teardown.py
[2025-03-31T19:34:46.332+0000] {processor.py:925} INFO - DAG(s) 'example_setup_teardown' retrieved from /usr/local/python/3.12.1/lib/python3.12/site-packages/airflow/example_dags/example_setup_teardown.py
[2025-03-31T19:34:46.343+0000] {logging_mixin.py:190} INFO - [2025-03-31T19:34:46.343+0000] {dag.py:3239} INFO - Sync 1 DAGs
[2025-03-31T19:34:46.352+0000] {logging_mixin.py:190} INFO - [2025-03-31T19:34:46.352+0000] {dag.py:4180} INFO - Setting next_dagrun for example_setup_teardown to None, run_after=None
[2025-03-31T19:34:46.414+0000] {processor.py:208} INFO - Processing /usr/local/python/3.12.1/lib/python3.12/site-packages/airflow/example_dags/example_setup_teardown.py took 0.094 seconds
[2025-03-31T19:35:44.267+0000] {processor.py:186} INFO - Started process (PID=19900) to work on /usr/local/python/3.12.1/lib/python3.12/site-packages/airflow/example_dags/example_setup_teardown.py
[2025-03-31T19:35:44.268+0000] {processor.py:914} INFO - Processing file /usr/local/python/3.12.1/lib/python3.12/site-packages/airflow/example_dags/example_setup_teardown.py for tasks to queue
[2025-03-31T19:35:44.270+0000] {logging_mixin.py:190} INFO - [2025-03-31T19:35:44.269+0000] {dagbag.py:588} INFO - Filling up the DagBag from /usr/local/python/3.12.1/lib/python3.12/site-packages/airflow/example_dags/example_setup_teardown.py
[2025-03-31T19:35:44.276+0000] {processor.py:925} INFO - DAG(s) 'example_setup_teardown' retrieved from /usr/local/python/3.12.1/lib/python3.12/site-packages/airflow/example_dags/example_setup_teardown.py
[2025-03-31T19:35:44.287+0000] {logging_mixin.py:190} INFO - [2025-03-31T19:35:44.287+0000] {dag.py:3239} INFO - Sync 1 DAGs
[2025-03-31T19:35:44.297+0000] {logging_mixin.py:190} INFO - [2025-03-31T19:35:44.296+0000] {dag.py:4180} INFO - Setting next_dagrun for example_setup_teardown to None, run_after=None
[2025-03-31T19:35:44.311+0000] {processor.py:208} INFO - Processing /usr/local/python/3.12.1/lib/python3.12/site-packages/airflow/example_dags/example_setup_teardown.py took 0.047 seconds
[2025-03-31T19:36:42.039+0000] {processor.py:186} INFO - Started process (PID=20379) to work on /usr/local/python/3.12.1/lib/python3.12/site-packages/airflow/example_dags/example_setup_teardown.py
[2025-03-31T19:36:42.040+0000] {processor.py:914} INFO - Processing file /usr/local/python/3.12.1/lib/python3.12/site-packages/airflow/example_dags/example_setup_teardown.py for tasks to queue
[2025-03-31T19:36:42.042+0000] {logging_mixin.py:190} INFO - [2025-03-31T19:36:42.041+0000] {dagbag.py:588} INFO - Filling up the DagBag from /usr/local/python/3.12.1/lib/python3.12/site-packages/airflow/example_dags/example_setup_teardown.py
[2025-03-31T19:36:42.048+0000] {processor.py:925} INFO - DAG(s) 'example_setup_teardown' retrieved from /usr/local/python/3.12.1/lib/python3.12/site-packages/airflow/example_dags/example_setup_teardown.py
[2025-03-31T19:36:42.062+0000] {logging_mixin.py:190} INFO - [2025-03-31T19:36:42.061+0000] {dag.py:3239} INFO - Sync 1 DAGs
[2025-03-31T19:36:42.072+0000] {logging_mixin.py:190} INFO - [2025-03-31T19:36:42.072+0000] {dag.py:4180} INFO - Setting next_dagrun for example_setup_teardown to None, run_after=None
[2025-03-31T19:36:42.087+0000] {processor.py:208} INFO - Processing /usr/local/python/3.12.1/lib/python3.12/site-packages/airflow/example_dags/example_setup_teardown.py took 0.051 seconds
[2025-03-31T19:37:35.622+0000] {processor.py:186} INFO - Started process (PID=20800) to work on /usr/local/python/3.12.1/lib/python3.12/site-packages/airflow/example_dags/example_setup_teardown.py
[2025-03-31T19:37:35.622+0000] {processor.py:914} INFO - Processing file /usr/local/python/3.12.1/lib/python3.12/site-packages/airflow/example_dags/example_setup_teardown.py for tasks to queue
[2025-03-31T19:37:35.624+0000] {logging_mixin.py:190} INFO - [2025-03-31T19:37:35.624+0000] {dagbag.py:588} INFO - Filling up the DagBag from /usr/local/python/3.12.1/lib/python3.12/site-packages/airflow/example_dags/example_setup_teardown.py
[2025-03-31T19:37:35.630+0000] {processor.py:925} INFO - DAG(s) 'example_setup_teardown' retrieved from /usr/local/python/3.12.1/lib/python3.12/site-packages/airflow/example_dags/example_setup_teardown.py
[2025-03-31T19:37:35.641+0000] {logging_mixin.py:190} INFO - [2025-03-31T19:37:35.641+0000] {dag.py:3239} INFO - Sync 1 DAGs
[2025-03-31T19:37:35.651+0000] {logging_mixin.py:190} INFO - [2025-03-31T19:37:35.651+0000] {dag.py:4180} INFO - Setting next_dagrun for example_setup_teardown to None, run_after=None
[2025-03-31T19:37:35.665+0000] {processor.py:208} INFO - Processing /usr/local/python/3.12.1/lib/python3.12/site-packages/airflow/example_dags/example_setup_teardown.py took 0.048 seconds
[2025-03-31T19:38:29.840+0000] {processor.py:186} INFO - Started process (PID=21223) to work on /usr/local/python/3.12.1/lib/python3.12/site-packages/airflow/example_dags/example_setup_teardown.py
[2025-03-31T19:38:29.840+0000] {processor.py:914} INFO - Processing file /usr/local/python/3.12.1/lib/python3.12/site-packages/airflow/example_dags/example_setup_teardown.py for tasks to queue
[2025-03-31T19:38:29.842+0000] {logging_mixin.py:190} INFO - [2025-03-31T19:38:29.842+0000] {dagbag.py:588} INFO - Filling up the DagBag from /usr/local/python/3.12.1/lib/python3.12/site-packages/airflow/example_dags/example_setup_teardown.py
[2025-03-31T19:38:29.850+0000] {processor.py:925} INFO - DAG(s) 'example_setup_teardown' retrieved from /usr/local/python/3.12.1/lib/python3.12/site-packages/airflow/example_dags/example_setup_teardown.py
[2025-03-31T19:38:29.865+0000] {logging_mixin.py:190} INFO - [2025-03-31T19:38:29.865+0000] {dag.py:3239} INFO - Sync 1 DAGs
[2025-03-31T19:38:29.875+0000] {logging_mixin.py:190} INFO - [2025-03-31T19:38:29.875+0000] {dag.py:4180} INFO - Setting next_dagrun for example_setup_teardown to None, run_after=None
[2025-03-31T19:38:29.893+0000] {processor.py:208} INFO - Processing /usr/local/python/3.12.1/lib/python3.12/site-packages/airflow/example_dags/example_setup_teardown.py took 0.057 seconds
