[2025-03-31T19:06:33.055+0000] {processor.py:186} INFO - Started process (PID=5256) to work on /usr/local/python/3.12.1/lib/python3.12/site-packages/airflow/example_dags/example_python_decorator.py
[2025-03-31T19:06:33.056+0000] {processor.py:914} INFO - Processing file /usr/local/python/3.12.1/lib/python3.12/site-packages/airflow/example_dags/example_python_decorator.py for tasks to queue
[2025-03-31T19:06:33.057+0000] {logging_mixin.py:190} INFO - [2025-03-31T19:06:33.057+0000] {dagbag.py:588} INFO - Filling up the DagBag from /usr/local/python/3.12.1/lib/python3.12/site-packages/airflow/example_dags/example_python_decorator.py
[2025-03-31T19:06:33.068+0000] {processor.py:925} INFO - DAG(s) 'example_python_decorator' retrieved from /usr/local/python/3.12.1/lib/python3.12/site-packages/airflow/example_dags/example_python_decorator.py
[2025-03-31T19:06:33.161+0000] {logging_mixin.py:190} INFO - [2025-03-31T19:06:33.160+0000] {dag.py:3239} INFO - Sync 1 DAGs
[2025-03-31T19:06:33.169+0000] {logging_mixin.py:190} INFO - [2025-03-31T19:06:33.168+0000] {dag.py:4180} INFO - Setting next_dagrun for example_python_decorator to None, run_after=None
[2025-03-31T19:06:33.186+0000] {processor.py:208} INFO - Processing /usr/local/python/3.12.1/lib/python3.12/site-packages/airflow/example_dags/example_python_decorator.py took 0.134 seconds
[2025-03-31T19:07:31.285+0000] {processor.py:186} INFO - Started process (PID=5747) to work on /usr/local/python/3.12.1/lib/python3.12/site-packages/airflow/example_dags/example_python_decorator.py
[2025-03-31T19:07:31.286+0000] {processor.py:914} INFO - Processing file /usr/local/python/3.12.1/lib/python3.12/site-packages/airflow/example_dags/example_python_decorator.py for tasks to queue
[2025-03-31T19:07:31.287+0000] {logging_mixin.py:190} INFO - [2025-03-31T19:07:31.287+0000] {dagbag.py:588} INFO - Filling up the DagBag from /usr/local/python/3.12.1/lib/python3.12/site-packages/airflow/example_dags/example_python_decorator.py
[2025-03-31T19:07:31.298+0000] {processor.py:925} INFO - DAG(s) 'example_python_decorator' retrieved from /usr/local/python/3.12.1/lib/python3.12/site-packages/airflow/example_dags/example_python_decorator.py
[2025-03-31T19:07:31.311+0000] {logging_mixin.py:190} INFO - [2025-03-31T19:07:31.311+0000] {dag.py:3239} INFO - Sync 1 DAGs
[2025-03-31T19:07:31.321+0000] {logging_mixin.py:190} INFO - [2025-03-31T19:07:31.321+0000] {dag.py:4180} INFO - Setting next_dagrun for example_python_decorator to None, run_after=None
[2025-03-31T19:07:31.335+0000] {processor.py:208} INFO - Processing /usr/local/python/3.12.1/lib/python3.12/site-packages/airflow/example_dags/example_python_decorator.py took 0.054 seconds
[2025-03-31T19:08:27.616+0000] {processor.py:186} INFO - Started process (PID=6244) to work on /usr/local/python/3.12.1/lib/python3.12/site-packages/airflow/example_dags/example_python_decorator.py
[2025-03-31T19:08:27.617+0000] {processor.py:914} INFO - Processing file /usr/local/python/3.12.1/lib/python3.12/site-packages/airflow/example_dags/example_python_decorator.py for tasks to queue
[2025-03-31T19:08:27.619+0000] {logging_mixin.py:190} INFO - [2025-03-31T19:08:27.618+0000] {dagbag.py:588} INFO - Filling up the DagBag from /usr/local/python/3.12.1/lib/python3.12/site-packages/airflow/example_dags/example_python_decorator.py
[2025-03-31T19:08:27.630+0000] {processor.py:925} INFO - DAG(s) 'example_python_decorator' retrieved from /usr/local/python/3.12.1/lib/python3.12/site-packages/airflow/example_dags/example_python_decorator.py
[2025-03-31T19:08:27.642+0000] {logging_mixin.py:190} INFO - [2025-03-31T19:08:27.642+0000] {dag.py:3239} INFO - Sync 1 DAGs
[2025-03-31T19:08:27.652+0000] {logging_mixin.py:190} INFO - [2025-03-31T19:08:27.651+0000] {dag.py:4180} INFO - Setting next_dagrun for example_python_decorator to None, run_after=None
[2025-03-31T19:08:27.666+0000] {processor.py:208} INFO - Processing /usr/local/python/3.12.1/lib/python3.12/site-packages/airflow/example_dags/example_python_decorator.py took 0.055 seconds
[2025-03-31T19:09:21.609+0000] {processor.py:186} INFO - Started process (PID=6671) to work on /usr/local/python/3.12.1/lib/python3.12/site-packages/airflow/example_dags/example_python_decorator.py
[2025-03-31T19:09:21.609+0000] {processor.py:914} INFO - Processing file /usr/local/python/3.12.1/lib/python3.12/site-packages/airflow/example_dags/example_python_decorator.py for tasks to queue
[2025-03-31T19:09:21.611+0000] {logging_mixin.py:190} INFO - [2025-03-31T19:09:21.610+0000] {dagbag.py:588} INFO - Filling up the DagBag from /usr/local/python/3.12.1/lib/python3.12/site-packages/airflow/example_dags/example_python_decorator.py
[2025-03-31T19:09:21.622+0000] {processor.py:925} INFO - DAG(s) 'example_python_decorator' retrieved from /usr/local/python/3.12.1/lib/python3.12/site-packages/airflow/example_dags/example_python_decorator.py
[2025-03-31T19:09:21.638+0000] {logging_mixin.py:190} INFO - [2025-03-31T19:09:21.638+0000] {dag.py:3239} INFO - Sync 1 DAGs
[2025-03-31T19:09:21.648+0000] {logging_mixin.py:190} INFO - [2025-03-31T19:09:21.648+0000] {dag.py:4180} INFO - Setting next_dagrun for example_python_decorator to None, run_after=None
[2025-03-31T19:09:21.662+0000] {processor.py:208} INFO - Processing /usr/local/python/3.12.1/lib/python3.12/site-packages/airflow/example_dags/example_python_decorator.py took 0.057 seconds
[2025-03-31T19:10:13.460+0000] {processor.py:186} INFO - Started process (PID=7085) to work on /usr/local/python/3.12.1/lib/python3.12/site-packages/airflow/example_dags/example_python_decorator.py
[2025-03-31T19:10:13.461+0000] {processor.py:914} INFO - Processing file /usr/local/python/3.12.1/lib/python3.12/site-packages/airflow/example_dags/example_python_decorator.py for tasks to queue
[2025-03-31T19:10:13.462+0000] {logging_mixin.py:190} INFO - [2025-03-31T19:10:13.462+0000] {dagbag.py:588} INFO - Filling up the DagBag from /usr/local/python/3.12.1/lib/python3.12/site-packages/airflow/example_dags/example_python_decorator.py
[2025-03-31T19:10:13.473+0000] {processor.py:925} INFO - DAG(s) 'example_python_decorator' retrieved from /usr/local/python/3.12.1/lib/python3.12/site-packages/airflow/example_dags/example_python_decorator.py
[2025-03-31T19:10:13.486+0000] {logging_mixin.py:190} INFO - [2025-03-31T19:10:13.486+0000] {dag.py:3239} INFO - Sync 1 DAGs
[2025-03-31T19:10:13.495+0000] {logging_mixin.py:190} INFO - [2025-03-31T19:10:13.495+0000] {dag.py:4180} INFO - Setting next_dagrun for example_python_decorator to None, run_after=None
[2025-03-31T19:10:13.509+0000] {processor.py:208} INFO - Processing /usr/local/python/3.12.1/lib/python3.12/site-packages/airflow/example_dags/example_python_decorator.py took 0.053 seconds
[2025-03-31T19:11:07.444+0000] {processor.py:186} INFO - Started process (PID=7519) to work on /usr/local/python/3.12.1/lib/python3.12/site-packages/airflow/example_dags/example_python_decorator.py
[2025-03-31T19:11:07.445+0000] {processor.py:914} INFO - Processing file /usr/local/python/3.12.1/lib/python3.12/site-packages/airflow/example_dags/example_python_decorator.py for tasks to queue
[2025-03-31T19:11:07.447+0000] {logging_mixin.py:190} INFO - [2025-03-31T19:11:07.447+0000] {dagbag.py:588} INFO - Filling up the DagBag from /usr/local/python/3.12.1/lib/python3.12/site-packages/airflow/example_dags/example_python_decorator.py
[2025-03-31T19:11:07.459+0000] {processor.py:925} INFO - DAG(s) 'example_python_decorator' retrieved from /usr/local/python/3.12.1/lib/python3.12/site-packages/airflow/example_dags/example_python_decorator.py
[2025-03-31T19:11:07.473+0000] {logging_mixin.py:190} INFO - [2025-03-31T19:11:07.473+0000] {dag.py:3239} INFO - Sync 1 DAGs
[2025-03-31T19:11:07.483+0000] {logging_mixin.py:190} INFO - [2025-03-31T19:11:07.482+0000] {dag.py:4180} INFO - Setting next_dagrun for example_python_decorator to None, run_after=None
[2025-03-31T19:11:07.499+0000] {processor.py:208} INFO - Processing /usr/local/python/3.12.1/lib/python3.12/site-packages/airflow/example_dags/example_python_decorator.py took 0.060 seconds
[2025-03-31T19:11:58.319+0000] {processor.py:186} INFO - Started process (PID=7918) to work on /usr/local/python/3.12.1/lib/python3.12/site-packages/airflow/example_dags/example_python_decorator.py
[2025-03-31T19:11:58.320+0000] {processor.py:914} INFO - Processing file /usr/local/python/3.12.1/lib/python3.12/site-packages/airflow/example_dags/example_python_decorator.py for tasks to queue
[2025-03-31T19:11:58.321+0000] {logging_mixin.py:190} INFO - [2025-03-31T19:11:58.321+0000] {dagbag.py:588} INFO - Filling up the DagBag from /usr/local/python/3.12.1/lib/python3.12/site-packages/airflow/example_dags/example_python_decorator.py
[2025-03-31T19:11:58.332+0000] {processor.py:925} INFO - DAG(s) 'example_python_decorator' retrieved from /usr/local/python/3.12.1/lib/python3.12/site-packages/airflow/example_dags/example_python_decorator.py
[2025-03-31T19:11:58.345+0000] {logging_mixin.py:190} INFO - [2025-03-31T19:11:58.345+0000] {dag.py:3239} INFO - Sync 1 DAGs
[2025-03-31T19:11:58.354+0000] {logging_mixin.py:190} INFO - [2025-03-31T19:11:58.354+0000] {dag.py:4180} INFO - Setting next_dagrun for example_python_decorator to None, run_after=None
[2025-03-31T19:11:58.368+0000] {processor.py:208} INFO - Processing /usr/local/python/3.12.1/lib/python3.12/site-packages/airflow/example_dags/example_python_decorator.py took 0.053 seconds
[2025-03-31T19:12:52.029+0000] {processor.py:186} INFO - Started process (PID=8333) to work on /usr/local/python/3.12.1/lib/python3.12/site-packages/airflow/example_dags/example_python_decorator.py
[2025-03-31T19:12:52.030+0000] {processor.py:914} INFO - Processing file /usr/local/python/3.12.1/lib/python3.12/site-packages/airflow/example_dags/example_python_decorator.py for tasks to queue
[2025-03-31T19:12:52.031+0000] {logging_mixin.py:190} INFO - [2025-03-31T19:12:52.031+0000] {dagbag.py:588} INFO - Filling up the DagBag from /usr/local/python/3.12.1/lib/python3.12/site-packages/airflow/example_dags/example_python_decorator.py
[2025-03-31T19:12:52.042+0000] {processor.py:925} INFO - DAG(s) 'example_python_decorator' retrieved from /usr/local/python/3.12.1/lib/python3.12/site-packages/airflow/example_dags/example_python_decorator.py
[2025-03-31T19:12:52.055+0000] {logging_mixin.py:190} INFO - [2025-03-31T19:12:52.055+0000] {dag.py:3239} INFO - Sync 1 DAGs
[2025-03-31T19:12:52.065+0000] {logging_mixin.py:190} INFO - [2025-03-31T19:12:52.064+0000] {dag.py:4180} INFO - Setting next_dagrun for example_python_decorator to None, run_after=None
[2025-03-31T19:12:52.080+0000] {processor.py:208} INFO - Processing /usr/local/python/3.12.1/lib/python3.12/site-packages/airflow/example_dags/example_python_decorator.py took 0.055 seconds
[2025-03-31T19:13:47.305+0000] {processor.py:186} INFO - Started process (PID=8763) to work on /usr/local/python/3.12.1/lib/python3.12/site-packages/airflow/example_dags/example_python_decorator.py
[2025-03-31T19:13:47.306+0000] {processor.py:914} INFO - Processing file /usr/local/python/3.12.1/lib/python3.12/site-packages/airflow/example_dags/example_python_decorator.py for tasks to queue
[2025-03-31T19:13:47.307+0000] {logging_mixin.py:190} INFO - [2025-03-31T19:13:47.307+0000] {dagbag.py:588} INFO - Filling up the DagBag from /usr/local/python/3.12.1/lib/python3.12/site-packages/airflow/example_dags/example_python_decorator.py
[2025-03-31T19:13:47.319+0000] {processor.py:925} INFO - DAG(s) 'example_python_decorator' retrieved from /usr/local/python/3.12.1/lib/python3.12/site-packages/airflow/example_dags/example_python_decorator.py
[2025-03-31T19:13:47.331+0000] {logging_mixin.py:190} INFO - [2025-03-31T19:13:47.331+0000] {dag.py:3239} INFO - Sync 1 DAGs
[2025-03-31T19:13:47.341+0000] {logging_mixin.py:190} INFO - [2025-03-31T19:13:47.341+0000] {dag.py:4180} INFO - Setting next_dagrun for example_python_decorator to None, run_after=None
[2025-03-31T19:13:47.355+0000] {processor.py:208} INFO - Processing /usr/local/python/3.12.1/lib/python3.12/site-packages/airflow/example_dags/example_python_decorator.py took 0.054 seconds
[2025-03-31T19:14:37.791+0000] {processor.py:186} INFO - Started process (PID=9161) to work on /usr/local/python/3.12.1/lib/python3.12/site-packages/airflow/example_dags/example_python_decorator.py
[2025-03-31T19:14:37.792+0000] {processor.py:914} INFO - Processing file /usr/local/python/3.12.1/lib/python3.12/site-packages/airflow/example_dags/example_python_decorator.py for tasks to queue
[2025-03-31T19:14:37.793+0000] {logging_mixin.py:190} INFO - [2025-03-31T19:14:37.793+0000] {dagbag.py:588} INFO - Filling up the DagBag from /usr/local/python/3.12.1/lib/python3.12/site-packages/airflow/example_dags/example_python_decorator.py
[2025-03-31T19:14:37.804+0000] {processor.py:925} INFO - DAG(s) 'example_python_decorator' retrieved from /usr/local/python/3.12.1/lib/python3.12/site-packages/airflow/example_dags/example_python_decorator.py
[2025-03-31T19:14:37.817+0000] {logging_mixin.py:190} INFO - [2025-03-31T19:14:37.817+0000] {dag.py:3239} INFO - Sync 1 DAGs
[2025-03-31T19:14:37.826+0000] {logging_mixin.py:190} INFO - [2025-03-31T19:14:37.826+0000] {dag.py:4180} INFO - Setting next_dagrun for example_python_decorator to None, run_after=None
[2025-03-31T19:14:37.841+0000] {processor.py:208} INFO - Processing /usr/local/python/3.12.1/lib/python3.12/site-packages/airflow/example_dags/example_python_decorator.py took 0.054 seconds
[2025-03-31T19:15:32.358+0000] {processor.py:186} INFO - Started process (PID=9604) to work on /usr/local/python/3.12.1/lib/python3.12/site-packages/airflow/example_dags/example_python_decorator.py
[2025-03-31T19:15:32.358+0000] {processor.py:914} INFO - Processing file /usr/local/python/3.12.1/lib/python3.12/site-packages/airflow/example_dags/example_python_decorator.py for tasks to queue
[2025-03-31T19:15:32.359+0000] {logging_mixin.py:190} INFO - [2025-03-31T19:15:32.359+0000] {dagbag.py:588} INFO - Filling up the DagBag from /usr/local/python/3.12.1/lib/python3.12/site-packages/airflow/example_dags/example_python_decorator.py
[2025-03-31T19:15:32.371+0000] {processor.py:925} INFO - DAG(s) 'example_python_decorator' retrieved from /usr/local/python/3.12.1/lib/python3.12/site-packages/airflow/example_dags/example_python_decorator.py
[2025-03-31T19:15:32.383+0000] {logging_mixin.py:190} INFO - [2025-03-31T19:15:32.383+0000] {dag.py:3239} INFO - Sync 1 DAGs
[2025-03-31T19:15:32.392+0000] {logging_mixin.py:190} INFO - [2025-03-31T19:15:32.392+0000] {dag.py:4180} INFO - Setting next_dagrun for example_python_decorator to None, run_after=None
[2025-03-31T19:15:32.407+0000] {processor.py:208} INFO - Processing /usr/local/python/3.12.1/lib/python3.12/site-packages/airflow/example_dags/example_python_decorator.py took 0.053 seconds
[2025-03-31T19:16:23.707+0000] {processor.py:186} INFO - Started process (PID=10004) to work on /usr/local/python/3.12.1/lib/python3.12/site-packages/airflow/example_dags/example_python_decorator.py
[2025-03-31T19:16:23.708+0000] {processor.py:914} INFO - Processing file /usr/local/python/3.12.1/lib/python3.12/site-packages/airflow/example_dags/example_python_decorator.py for tasks to queue
[2025-03-31T19:16:23.709+0000] {logging_mixin.py:190} INFO - [2025-03-31T19:16:23.709+0000] {dagbag.py:588} INFO - Filling up the DagBag from /usr/local/python/3.12.1/lib/python3.12/site-packages/airflow/example_dags/example_python_decorator.py
[2025-03-31T19:16:23.720+0000] {processor.py:925} INFO - DAG(s) 'example_python_decorator' retrieved from /usr/local/python/3.12.1/lib/python3.12/site-packages/airflow/example_dags/example_python_decorator.py
[2025-03-31T19:16:23.733+0000] {logging_mixin.py:190} INFO - [2025-03-31T19:16:23.733+0000] {dag.py:3239} INFO - Sync 1 DAGs
[2025-03-31T19:16:23.742+0000] {logging_mixin.py:190} INFO - [2025-03-31T19:16:23.742+0000] {dag.py:4180} INFO - Setting next_dagrun for example_python_decorator to None, run_after=None
[2025-03-31T19:16:23.757+0000] {processor.py:208} INFO - Processing /usr/local/python/3.12.1/lib/python3.12/site-packages/airflow/example_dags/example_python_decorator.py took 0.054 seconds
[2025-03-31T19:17:19.113+0000] {processor.py:186} INFO - Started process (PID=10439) to work on /usr/local/python/3.12.1/lib/python3.12/site-packages/airflow/example_dags/example_python_decorator.py
[2025-03-31T19:17:19.113+0000] {processor.py:914} INFO - Processing file /usr/local/python/3.12.1/lib/python3.12/site-packages/airflow/example_dags/example_python_decorator.py for tasks to queue
[2025-03-31T19:17:19.115+0000] {logging_mixin.py:190} INFO - [2025-03-31T19:17:19.115+0000] {dagbag.py:588} INFO - Filling up the DagBag from /usr/local/python/3.12.1/lib/python3.12/site-packages/airflow/example_dags/example_python_decorator.py
[2025-03-31T19:17:19.126+0000] {processor.py:925} INFO - DAG(s) 'example_python_decorator' retrieved from /usr/local/python/3.12.1/lib/python3.12/site-packages/airflow/example_dags/example_python_decorator.py
[2025-03-31T19:17:19.140+0000] {logging_mixin.py:190} INFO - [2025-03-31T19:17:19.140+0000] {dag.py:3239} INFO - Sync 1 DAGs
[2025-03-31T19:17:19.150+0000] {logging_mixin.py:190} INFO - [2025-03-31T19:17:19.150+0000] {dag.py:4180} INFO - Setting next_dagrun for example_python_decorator to None, run_after=None
[2025-03-31T19:17:19.165+0000] {processor.py:208} INFO - Processing /usr/local/python/3.12.1/lib/python3.12/site-packages/airflow/example_dags/example_python_decorator.py took 0.056 seconds
[2025-03-31T19:18:14.375+0000] {processor.py:186} INFO - Started process (PID=10927) to work on /usr/local/python/3.12.1/lib/python3.12/site-packages/airflow/example_dags/example_python_decorator.py
[2025-03-31T19:18:14.376+0000] {processor.py:914} INFO - Processing file /usr/local/python/3.12.1/lib/python3.12/site-packages/airflow/example_dags/example_python_decorator.py for tasks to queue
[2025-03-31T19:18:14.377+0000] {logging_mixin.py:190} INFO - [2025-03-31T19:18:14.377+0000] {dagbag.py:588} INFO - Filling up the DagBag from /usr/local/python/3.12.1/lib/python3.12/site-packages/airflow/example_dags/example_python_decorator.py
[2025-03-31T19:18:14.388+0000] {processor.py:925} INFO - DAG(s) 'example_python_decorator' retrieved from /usr/local/python/3.12.1/lib/python3.12/site-packages/airflow/example_dags/example_python_decorator.py
[2025-03-31T19:18:14.401+0000] {logging_mixin.py:190} INFO - [2025-03-31T19:18:14.400+0000] {dag.py:3239} INFO - Sync 1 DAGs
[2025-03-31T19:18:14.410+0000] {logging_mixin.py:190} INFO - [2025-03-31T19:18:14.410+0000] {dag.py:4180} INFO - Setting next_dagrun for example_python_decorator to None, run_after=None
[2025-03-31T19:18:14.425+0000] {processor.py:208} INFO - Processing /usr/local/python/3.12.1/lib/python3.12/site-packages/airflow/example_dags/example_python_decorator.py took 0.054 seconds
[2025-03-31T19:19:06.864+0000] {processor.py:186} INFO - Started process (PID=11384) to work on /usr/local/python/3.12.1/lib/python3.12/site-packages/airflow/example_dags/example_python_decorator.py
[2025-03-31T19:19:06.864+0000] {processor.py:914} INFO - Processing file /usr/local/python/3.12.1/lib/python3.12/site-packages/airflow/example_dags/example_python_decorator.py for tasks to queue
[2025-03-31T19:19:06.866+0000] {logging_mixin.py:190} INFO - [2025-03-31T19:19:06.865+0000] {dagbag.py:588} INFO - Filling up the DagBag from /usr/local/python/3.12.1/lib/python3.12/site-packages/airflow/example_dags/example_python_decorator.py
[2025-03-31T19:19:06.877+0000] {processor.py:925} INFO - DAG(s) 'example_python_decorator' retrieved from /usr/local/python/3.12.1/lib/python3.12/site-packages/airflow/example_dags/example_python_decorator.py
[2025-03-31T19:19:06.889+0000] {logging_mixin.py:190} INFO - [2025-03-31T19:19:06.889+0000] {dag.py:3239} INFO - Sync 1 DAGs
[2025-03-31T19:19:06.898+0000] {logging_mixin.py:190} INFO - [2025-03-31T19:19:06.898+0000] {dag.py:4180} INFO - Setting next_dagrun for example_python_decorator to None, run_after=None
[2025-03-31T19:19:06.914+0000] {processor.py:208} INFO - Processing /usr/local/python/3.12.1/lib/python3.12/site-packages/airflow/example_dags/example_python_decorator.py took 0.055 seconds
[2025-03-31T19:19:56.960+0000] {processor.py:186} INFO - Started process (PID=11864) to work on /usr/local/python/3.12.1/lib/python3.12/site-packages/airflow/example_dags/example_python_decorator.py
[2025-03-31T19:19:56.960+0000] {processor.py:914} INFO - Processing file /usr/local/python/3.12.1/lib/python3.12/site-packages/airflow/example_dags/example_python_decorator.py for tasks to queue
[2025-03-31T19:19:56.962+0000] {logging_mixin.py:190} INFO - [2025-03-31T19:19:56.962+0000] {dagbag.py:588} INFO - Filling up the DagBag from /usr/local/python/3.12.1/lib/python3.12/site-packages/airflow/example_dags/example_python_decorator.py
[2025-03-31T19:19:56.973+0000] {processor.py:925} INFO - DAG(s) 'example_python_decorator' retrieved from /usr/local/python/3.12.1/lib/python3.12/site-packages/airflow/example_dags/example_python_decorator.py
[2025-03-31T19:19:56.986+0000] {logging_mixin.py:190} INFO - [2025-03-31T19:19:56.986+0000] {dag.py:3239} INFO - Sync 1 DAGs
[2025-03-31T19:19:56.995+0000] {logging_mixin.py:190} INFO - [2025-03-31T19:19:56.995+0000] {dag.py:4180} INFO - Setting next_dagrun for example_python_decorator to None, run_after=None
[2025-03-31T19:19:57.010+0000] {processor.py:208} INFO - Processing /usr/local/python/3.12.1/lib/python3.12/site-packages/airflow/example_dags/example_python_decorator.py took 0.055 seconds
[2025-03-31T19:20:49.782+0000] {processor.py:186} INFO - Started process (PID=12354) to work on /usr/local/python/3.12.1/lib/python3.12/site-packages/airflow/example_dags/example_python_decorator.py
[2025-03-31T19:20:49.783+0000] {processor.py:914} INFO - Processing file /usr/local/python/3.12.1/lib/python3.12/site-packages/airflow/example_dags/example_python_decorator.py for tasks to queue
[2025-03-31T19:20:49.784+0000] {logging_mixin.py:190} INFO - [2025-03-31T19:20:49.784+0000] {dagbag.py:588} INFO - Filling up the DagBag from /usr/local/python/3.12.1/lib/python3.12/site-packages/airflow/example_dags/example_python_decorator.py
[2025-03-31T19:20:49.795+0000] {processor.py:925} INFO - DAG(s) 'example_python_decorator' retrieved from /usr/local/python/3.12.1/lib/python3.12/site-packages/airflow/example_dags/example_python_decorator.py
[2025-03-31T19:20:49.808+0000] {logging_mixin.py:190} INFO - [2025-03-31T19:20:49.808+0000] {dag.py:3239} INFO - Sync 1 DAGs
[2025-03-31T19:20:49.817+0000] {logging_mixin.py:190} INFO - [2025-03-31T19:20:49.817+0000] {dag.py:4180} INFO - Setting next_dagrun for example_python_decorator to None, run_after=None
[2025-03-31T19:20:49.832+0000] {processor.py:208} INFO - Processing /usr/local/python/3.12.1/lib/python3.12/site-packages/airflow/example_dags/example_python_decorator.py took 0.054 seconds
[2025-03-31T19:21:39.867+0000] {processor.py:186} INFO - Started process (PID=12879) to work on /usr/local/python/3.12.1/lib/python3.12/site-packages/airflow/example_dags/example_python_decorator.py
[2025-03-31T19:21:39.868+0000] {processor.py:914} INFO - Processing file /usr/local/python/3.12.1/lib/python3.12/site-packages/airflow/example_dags/example_python_decorator.py for tasks to queue
[2025-03-31T19:21:39.870+0000] {logging_mixin.py:190} INFO - [2025-03-31T19:21:39.869+0000] {dagbag.py:588} INFO - Filling up the DagBag from /usr/local/python/3.12.1/lib/python3.12/site-packages/airflow/example_dags/example_python_decorator.py
[2025-03-31T19:21:39.881+0000] {processor.py:925} INFO - DAG(s) 'example_python_decorator' retrieved from /usr/local/python/3.12.1/lib/python3.12/site-packages/airflow/example_dags/example_python_decorator.py
[2025-03-31T19:21:39.893+0000] {logging_mixin.py:190} INFO - [2025-03-31T19:21:39.893+0000] {dag.py:3239} INFO - Sync 1 DAGs
[2025-03-31T19:21:39.903+0000] {logging_mixin.py:190} INFO - [2025-03-31T19:21:39.903+0000] {dag.py:4180} INFO - Setting next_dagrun for example_python_decorator to None, run_after=None
[2025-03-31T19:21:39.917+0000] {processor.py:208} INFO - Processing /usr/local/python/3.12.1/lib/python3.12/site-packages/airflow/example_dags/example_python_decorator.py took 0.054 seconds
[2025-03-31T19:22:33.825+0000] {processor.py:186} INFO - Started process (PID=13326) to work on /usr/local/python/3.12.1/lib/python3.12/site-packages/airflow/example_dags/example_python_decorator.py
[2025-03-31T19:22:33.825+0000] {processor.py:914} INFO - Processing file /usr/local/python/3.12.1/lib/python3.12/site-packages/airflow/example_dags/example_python_decorator.py for tasks to queue
[2025-03-31T19:22:33.827+0000] {logging_mixin.py:190} INFO - [2025-03-31T19:22:33.826+0000] {dagbag.py:588} INFO - Filling up the DagBag from /usr/local/python/3.12.1/lib/python3.12/site-packages/airflow/example_dags/example_python_decorator.py
[2025-03-31T19:22:33.838+0000] {processor.py:925} INFO - DAG(s) 'example_python_decorator' retrieved from /usr/local/python/3.12.1/lib/python3.12/site-packages/airflow/example_dags/example_python_decorator.py
[2025-03-31T19:22:33.850+0000] {logging_mixin.py:190} INFO - [2025-03-31T19:22:33.850+0000] {dag.py:3239} INFO - Sync 1 DAGs
[2025-03-31T19:22:33.859+0000] {logging_mixin.py:190} INFO - [2025-03-31T19:22:33.859+0000] {dag.py:4180} INFO - Setting next_dagrun for example_python_decorator to None, run_after=None
[2025-03-31T19:22:33.874+0000] {processor.py:208} INFO - Processing /usr/local/python/3.12.1/lib/python3.12/site-packages/airflow/example_dags/example_python_decorator.py took 0.053 seconds
[2025-03-31T19:23:25.991+0000] {processor.py:186} INFO - Started process (PID=13744) to work on /usr/local/python/3.12.1/lib/python3.12/site-packages/airflow/example_dags/example_python_decorator.py
[2025-03-31T19:23:25.992+0000] {processor.py:914} INFO - Processing file /usr/local/python/3.12.1/lib/python3.12/site-packages/airflow/example_dags/example_python_decorator.py for tasks to queue
[2025-03-31T19:23:25.993+0000] {logging_mixin.py:190} INFO - [2025-03-31T19:23:25.993+0000] {dagbag.py:588} INFO - Filling up the DagBag from /usr/local/python/3.12.1/lib/python3.12/site-packages/airflow/example_dags/example_python_decorator.py
[2025-03-31T19:23:26.004+0000] {processor.py:925} INFO - DAG(s) 'example_python_decorator' retrieved from /usr/local/python/3.12.1/lib/python3.12/site-packages/airflow/example_dags/example_python_decorator.py
[2025-03-31T19:23:26.017+0000] {logging_mixin.py:190} INFO - [2025-03-31T19:23:26.017+0000] {dag.py:3239} INFO - Sync 1 DAGs
[2025-03-31T19:23:26.026+0000] {logging_mixin.py:190} INFO - [2025-03-31T19:23:26.026+0000] {dag.py:4180} INFO - Setting next_dagrun for example_python_decorator to None, run_after=None
[2025-03-31T19:23:26.040+0000] {processor.py:208} INFO - Processing /usr/local/python/3.12.1/lib/python3.12/site-packages/airflow/example_dags/example_python_decorator.py took 0.053 seconds
[2025-03-31T19:24:17.353+0000] {processor.py:186} INFO - Started process (PID=14148) to work on /usr/local/python/3.12.1/lib/python3.12/site-packages/airflow/example_dags/example_python_decorator.py
[2025-03-31T19:24:17.354+0000] {processor.py:914} INFO - Processing file /usr/local/python/3.12.1/lib/python3.12/site-packages/airflow/example_dags/example_python_decorator.py for tasks to queue
[2025-03-31T19:24:17.355+0000] {logging_mixin.py:190} INFO - [2025-03-31T19:24:17.355+0000] {dagbag.py:588} INFO - Filling up the DagBag from /usr/local/python/3.12.1/lib/python3.12/site-packages/airflow/example_dags/example_python_decorator.py
[2025-03-31T19:24:17.366+0000] {processor.py:925} INFO - DAG(s) 'example_python_decorator' retrieved from /usr/local/python/3.12.1/lib/python3.12/site-packages/airflow/example_dags/example_python_decorator.py
[2025-03-31T19:24:17.379+0000] {logging_mixin.py:190} INFO - [2025-03-31T19:24:17.379+0000] {dag.py:3239} INFO - Sync 1 DAGs
[2025-03-31T19:24:17.389+0000] {logging_mixin.py:190} INFO - [2025-03-31T19:24:17.388+0000] {dag.py:4180} INFO - Setting next_dagrun for example_python_decorator to None, run_after=None
[2025-03-31T19:24:17.404+0000] {processor.py:208} INFO - Processing /usr/local/python/3.12.1/lib/python3.12/site-packages/airflow/example_dags/example_python_decorator.py took 0.055 seconds
[2025-03-31T19:25:10.487+0000] {processor.py:186} INFO - Started process (PID=14585) to work on /usr/local/python/3.12.1/lib/python3.12/site-packages/airflow/example_dags/example_python_decorator.py
[2025-03-31T19:25:10.487+0000] {processor.py:914} INFO - Processing file /usr/local/python/3.12.1/lib/python3.12/site-packages/airflow/example_dags/example_python_decorator.py for tasks to queue
[2025-03-31T19:25:10.489+0000] {logging_mixin.py:190} INFO - [2025-03-31T19:25:10.488+0000] {dagbag.py:588} INFO - Filling up the DagBag from /usr/local/python/3.12.1/lib/python3.12/site-packages/airflow/example_dags/example_python_decorator.py
[2025-03-31T19:25:10.500+0000] {processor.py:925} INFO - DAG(s) 'example_python_decorator' retrieved from /usr/local/python/3.12.1/lib/python3.12/site-packages/airflow/example_dags/example_python_decorator.py
[2025-03-31T19:25:10.512+0000] {logging_mixin.py:190} INFO - [2025-03-31T19:25:10.512+0000] {dag.py:3239} INFO - Sync 1 DAGs
[2025-03-31T19:25:10.522+0000] {logging_mixin.py:190} INFO - [2025-03-31T19:25:10.522+0000] {dag.py:4180} INFO - Setting next_dagrun for example_python_decorator to None, run_after=None
[2025-03-31T19:25:10.538+0000] {processor.py:208} INFO - Processing /usr/local/python/3.12.1/lib/python3.12/site-packages/airflow/example_dags/example_python_decorator.py took 0.055 seconds
[2025-03-31T19:26:02.729+0000] {processor.py:186} INFO - Started process (PID=15035) to work on /usr/local/python/3.12.1/lib/python3.12/site-packages/airflow/example_dags/example_python_decorator.py
[2025-03-31T19:26:02.730+0000] {processor.py:914} INFO - Processing file /usr/local/python/3.12.1/lib/python3.12/site-packages/airflow/example_dags/example_python_decorator.py for tasks to queue
[2025-03-31T19:26:02.731+0000] {logging_mixin.py:190} INFO - [2025-03-31T19:26:02.731+0000] {dagbag.py:588} INFO - Filling up the DagBag from /usr/local/python/3.12.1/lib/python3.12/site-packages/airflow/example_dags/example_python_decorator.py
[2025-03-31T19:26:02.742+0000] {processor.py:925} INFO - DAG(s) 'example_python_decorator' retrieved from /usr/local/python/3.12.1/lib/python3.12/site-packages/airflow/example_dags/example_python_decorator.py
[2025-03-31T19:26:02.755+0000] {logging_mixin.py:190} INFO - [2025-03-31T19:26:02.755+0000] {dag.py:3239} INFO - Sync 1 DAGs
[2025-03-31T19:26:02.764+0000] {logging_mixin.py:190} INFO - [2025-03-31T19:26:02.764+0000] {dag.py:4180} INFO - Setting next_dagrun for example_python_decorator to None, run_after=None
[2025-03-31T19:26:02.778+0000] {processor.py:208} INFO - Processing /usr/local/python/3.12.1/lib/python3.12/site-packages/airflow/example_dags/example_python_decorator.py took 0.053 seconds
[2025-03-31T19:26:55.676+0000] {processor.py:186} INFO - Started process (PID=15494) to work on /usr/local/python/3.12.1/lib/python3.12/site-packages/airflow/example_dags/example_python_decorator.py
[2025-03-31T19:26:55.677+0000] {processor.py:914} INFO - Processing file /usr/local/python/3.12.1/lib/python3.12/site-packages/airflow/example_dags/example_python_decorator.py for tasks to queue
[2025-03-31T19:26:55.678+0000] {logging_mixin.py:190} INFO - [2025-03-31T19:26:55.678+0000] {dagbag.py:588} INFO - Filling up the DagBag from /usr/local/python/3.12.1/lib/python3.12/site-packages/airflow/example_dags/example_python_decorator.py
[2025-03-31T19:26:55.689+0000] {processor.py:925} INFO - DAG(s) 'example_python_decorator' retrieved from /usr/local/python/3.12.1/lib/python3.12/site-packages/airflow/example_dags/example_python_decorator.py
[2025-03-31T19:26:55.702+0000] {logging_mixin.py:190} INFO - [2025-03-31T19:26:55.702+0000] {dag.py:3239} INFO - Sync 1 DAGs
[2025-03-31T19:26:55.712+0000] {logging_mixin.py:190} INFO - [2025-03-31T19:26:55.712+0000] {dag.py:4180} INFO - Setting next_dagrun for example_python_decorator to None, run_after=None
[2025-03-31T19:26:55.727+0000] {processor.py:208} INFO - Processing /usr/local/python/3.12.1/lib/python3.12/site-packages/airflow/example_dags/example_python_decorator.py took 0.055 seconds
[2025-03-31T19:27:45.626+0000] {processor.py:186} INFO - Started process (PID=15903) to work on /usr/local/python/3.12.1/lib/python3.12/site-packages/airflow/example_dags/example_python_decorator.py
[2025-03-31T19:27:45.626+0000] {processor.py:914} INFO - Processing file /usr/local/python/3.12.1/lib/python3.12/site-packages/airflow/example_dags/example_python_decorator.py for tasks to queue
[2025-03-31T19:27:45.628+0000] {logging_mixin.py:190} INFO - [2025-03-31T19:27:45.628+0000] {dagbag.py:588} INFO - Filling up the DagBag from /usr/local/python/3.12.1/lib/python3.12/site-packages/airflow/example_dags/example_python_decorator.py
[2025-03-31T19:27:45.639+0000] {processor.py:925} INFO - DAG(s) 'example_python_decorator' retrieved from /usr/local/python/3.12.1/lib/python3.12/site-packages/airflow/example_dags/example_python_decorator.py
[2025-03-31T19:27:45.652+0000] {logging_mixin.py:190} INFO - [2025-03-31T19:27:45.651+0000] {dag.py:3239} INFO - Sync 1 DAGs
[2025-03-31T19:27:45.661+0000] {logging_mixin.py:190} INFO - [2025-03-31T19:27:45.661+0000] {dag.py:4180} INFO - Setting next_dagrun for example_python_decorator to None, run_after=None
[2025-03-31T19:27:45.675+0000] {processor.py:208} INFO - Processing /usr/local/python/3.12.1/lib/python3.12/site-packages/airflow/example_dags/example_python_decorator.py took 0.054 seconds
[2025-03-31T19:29:08.987+0000] {processor.py:186} INFO - Started process (PID=16722) to work on /usr/local/python/3.12.1/lib/python3.12/site-packages/airflow/example_dags/example_python_decorator.py
[2025-03-31T19:29:08.987+0000] {processor.py:914} INFO - Processing file /usr/local/python/3.12.1/lib/python3.12/site-packages/airflow/example_dags/example_python_decorator.py for tasks to queue
[2025-03-31T19:29:08.989+0000] {logging_mixin.py:190} INFO - [2025-03-31T19:29:08.988+0000] {dagbag.py:588} INFO - Filling up the DagBag from /usr/local/python/3.12.1/lib/python3.12/site-packages/airflow/example_dags/example_python_decorator.py
[2025-03-31T19:29:09.002+0000] {processor.py:925} INFO - DAG(s) 'example_python_decorator' retrieved from /usr/local/python/3.12.1/lib/python3.12/site-packages/airflow/example_dags/example_python_decorator.py
[2025-03-31T19:29:09.105+0000] {logging_mixin.py:190} INFO - [2025-03-31T19:29:09.105+0000] {dag.py:3239} INFO - Sync 1 DAGs
[2025-03-31T19:29:09.114+0000] {logging_mixin.py:190} INFO - [2025-03-31T19:29:09.114+0000] {dag.py:4180} INFO - Setting next_dagrun for example_python_decorator to None, run_after=None
[2025-03-31T19:29:09.129+0000] {processor.py:208} INFO - Processing /usr/local/python/3.12.1/lib/python3.12/site-packages/airflow/example_dags/example_python_decorator.py took 0.146 seconds
[2025-03-31T19:30:07.909+0000] {processor.py:186} INFO - Started process (PID=17193) to work on /usr/local/python/3.12.1/lib/python3.12/site-packages/airflow/example_dags/example_python_decorator.py
[2025-03-31T19:30:07.909+0000] {processor.py:914} INFO - Processing file /usr/local/python/3.12.1/lib/python3.12/site-packages/airflow/example_dags/example_python_decorator.py for tasks to queue
[2025-03-31T19:30:07.911+0000] {logging_mixin.py:190} INFO - [2025-03-31T19:30:07.910+0000] {dagbag.py:588} INFO - Filling up the DagBag from /usr/local/python/3.12.1/lib/python3.12/site-packages/airflow/example_dags/example_python_decorator.py
[2025-03-31T19:30:07.922+0000] {processor.py:925} INFO - DAG(s) 'example_python_decorator' retrieved from /usr/local/python/3.12.1/lib/python3.12/site-packages/airflow/example_dags/example_python_decorator.py
[2025-03-31T19:30:07.935+0000] {logging_mixin.py:190} INFO - [2025-03-31T19:30:07.935+0000] {dag.py:3239} INFO - Sync 1 DAGs
[2025-03-31T19:30:07.944+0000] {logging_mixin.py:190} INFO - [2025-03-31T19:30:07.944+0000] {dag.py:4180} INFO - Setting next_dagrun for example_python_decorator to None, run_after=None
[2025-03-31T19:30:07.959+0000] {processor.py:208} INFO - Processing /usr/local/python/3.12.1/lib/python3.12/site-packages/airflow/example_dags/example_python_decorator.py took 0.054 seconds
[2025-03-31T19:31:04.110+0000] {processor.py:186} INFO - Started process (PID=17645) to work on /usr/local/python/3.12.1/lib/python3.12/site-packages/airflow/example_dags/example_python_decorator.py
[2025-03-31T19:31:04.110+0000] {processor.py:914} INFO - Processing file /usr/local/python/3.12.1/lib/python3.12/site-packages/airflow/example_dags/example_python_decorator.py for tasks to queue
[2025-03-31T19:31:04.112+0000] {logging_mixin.py:190} INFO - [2025-03-31T19:31:04.112+0000] {dagbag.py:588} INFO - Filling up the DagBag from /usr/local/python/3.12.1/lib/python3.12/site-packages/airflow/example_dags/example_python_decorator.py
[2025-03-31T19:31:04.123+0000] {processor.py:925} INFO - DAG(s) 'example_python_decorator' retrieved from /usr/local/python/3.12.1/lib/python3.12/site-packages/airflow/example_dags/example_python_decorator.py
[2025-03-31T19:31:04.136+0000] {logging_mixin.py:190} INFO - [2025-03-31T19:31:04.136+0000] {dag.py:3239} INFO - Sync 1 DAGs
[2025-03-31T19:31:04.145+0000] {logging_mixin.py:190} INFO - [2025-03-31T19:31:04.145+0000] {dag.py:4180} INFO - Setting next_dagrun for example_python_decorator to None, run_after=None
[2025-03-31T19:31:04.160+0000] {processor.py:208} INFO - Processing /usr/local/python/3.12.1/lib/python3.12/site-packages/airflow/example_dags/example_python_decorator.py took 0.054 seconds
[2025-03-31T19:32:02.252+0000] {processor.py:186} INFO - Started process (PID=18091) to work on /usr/local/python/3.12.1/lib/python3.12/site-packages/airflow/example_dags/example_python_decorator.py
[2025-03-31T19:32:02.253+0000] {processor.py:914} INFO - Processing file /usr/local/python/3.12.1/lib/python3.12/site-packages/airflow/example_dags/example_python_decorator.py for tasks to queue
[2025-03-31T19:32:02.254+0000] {logging_mixin.py:190} INFO - [2025-03-31T19:32:02.254+0000] {dagbag.py:588} INFO - Filling up the DagBag from /usr/local/python/3.12.1/lib/python3.12/site-packages/airflow/example_dags/example_python_decorator.py
[2025-03-31T19:32:02.265+0000] {processor.py:925} INFO - DAG(s) 'example_python_decorator' retrieved from /usr/local/python/3.12.1/lib/python3.12/site-packages/airflow/example_dags/example_python_decorator.py
[2025-03-31T19:32:02.278+0000] {logging_mixin.py:190} INFO - [2025-03-31T19:32:02.278+0000] {dag.py:3239} INFO - Sync 1 DAGs
[2025-03-31T19:32:02.287+0000] {logging_mixin.py:190} INFO - [2025-03-31T19:32:02.287+0000] {dag.py:4180} INFO - Setting next_dagrun for example_python_decorator to None, run_after=None
[2025-03-31T19:32:02.301+0000] {processor.py:208} INFO - Processing /usr/local/python/3.12.1/lib/python3.12/site-packages/airflow/example_dags/example_python_decorator.py took 0.053 seconds
[2025-03-31T19:32:59.048+0000] {processor.py:186} INFO - Started process (PID=18555) to work on /usr/local/python/3.12.1/lib/python3.12/site-packages/airflow/example_dags/example_python_decorator.py
[2025-03-31T19:32:59.048+0000] {processor.py:914} INFO - Processing file /usr/local/python/3.12.1/lib/python3.12/site-packages/airflow/example_dags/example_python_decorator.py for tasks to queue
[2025-03-31T19:32:59.050+0000] {logging_mixin.py:190} INFO - [2025-03-31T19:32:59.049+0000] {dagbag.py:588} INFO - Filling up the DagBag from /usr/local/python/3.12.1/lib/python3.12/site-packages/airflow/example_dags/example_python_decorator.py
[2025-03-31T19:32:59.061+0000] {processor.py:925} INFO - DAG(s) 'example_python_decorator' retrieved from /usr/local/python/3.12.1/lib/python3.12/site-packages/airflow/example_dags/example_python_decorator.py
[2025-03-31T19:32:59.073+0000] {logging_mixin.py:190} INFO - [2025-03-31T19:32:59.073+0000] {dag.py:3239} INFO - Sync 1 DAGs
[2025-03-31T19:32:59.083+0000] {logging_mixin.py:190} INFO - [2025-03-31T19:32:59.083+0000] {dag.py:4180} INFO - Setting next_dagrun for example_python_decorator to None, run_after=None
[2025-03-31T19:32:59.099+0000] {processor.py:208} INFO - Processing /usr/local/python/3.12.1/lib/python3.12/site-packages/airflow/example_dags/example_python_decorator.py took 0.056 seconds
[2025-03-31T19:33:56.503+0000] {processor.py:186} INFO - Started process (PID=19027) to work on /usr/local/python/3.12.1/lib/python3.12/site-packages/airflow/example_dags/example_python_decorator.py
[2025-03-31T19:33:56.503+0000] {processor.py:914} INFO - Processing file /usr/local/python/3.12.1/lib/python3.12/site-packages/airflow/example_dags/example_python_decorator.py for tasks to queue
[2025-03-31T19:33:56.505+0000] {logging_mixin.py:190} INFO - [2025-03-31T19:33:56.505+0000] {dagbag.py:588} INFO - Filling up the DagBag from /usr/local/python/3.12.1/lib/python3.12/site-packages/airflow/example_dags/example_python_decorator.py
[2025-03-31T19:33:56.516+0000] {processor.py:925} INFO - DAG(s) 'example_python_decorator' retrieved from /usr/local/python/3.12.1/lib/python3.12/site-packages/airflow/example_dags/example_python_decorator.py
[2025-03-31T19:33:56.530+0000] {logging_mixin.py:190} INFO - [2025-03-31T19:33:56.530+0000] {dag.py:3239} INFO - Sync 1 DAGs
[2025-03-31T19:33:56.544+0000] {logging_mixin.py:190} INFO - [2025-03-31T19:33:56.544+0000] {dag.py:4180} INFO - Setting next_dagrun for example_python_decorator to None, run_after=None
[2025-03-31T19:33:56.560+0000] {processor.py:208} INFO - Processing /usr/local/python/3.12.1/lib/python3.12/site-packages/airflow/example_dags/example_python_decorator.py took 0.062 seconds
[2025-03-31T19:34:53.547+0000] {processor.py:186} INFO - Started process (PID=19498) to work on /usr/local/python/3.12.1/lib/python3.12/site-packages/airflow/example_dags/example_python_decorator.py
[2025-03-31T19:34:53.548+0000] {processor.py:914} INFO - Processing file /usr/local/python/3.12.1/lib/python3.12/site-packages/airflow/example_dags/example_python_decorator.py for tasks to queue
[2025-03-31T19:34:53.549+0000] {logging_mixin.py:190} INFO - [2025-03-31T19:34:53.549+0000] {dagbag.py:588} INFO - Filling up the DagBag from /usr/local/python/3.12.1/lib/python3.12/site-packages/airflow/example_dags/example_python_decorator.py
[2025-03-31T19:34:53.561+0000] {processor.py:925} INFO - DAG(s) 'example_python_decorator' retrieved from /usr/local/python/3.12.1/lib/python3.12/site-packages/airflow/example_dags/example_python_decorator.py
[2025-03-31T19:34:53.574+0000] {logging_mixin.py:190} INFO - [2025-03-31T19:34:53.574+0000] {dag.py:3239} INFO - Sync 1 DAGs
[2025-03-31T19:34:53.583+0000] {logging_mixin.py:190} INFO - [2025-03-31T19:34:53.583+0000] {dag.py:4180} INFO - Setting next_dagrun for example_python_decorator to None, run_after=None
[2025-03-31T19:34:53.598+0000] {processor.py:208} INFO - Processing /usr/local/python/3.12.1/lib/python3.12/site-packages/airflow/example_dags/example_python_decorator.py took 0.055 seconds
[2025-03-31T19:35:51.684+0000] {processor.py:186} INFO - Started process (PID=19957) to work on /usr/local/python/3.12.1/lib/python3.12/site-packages/airflow/example_dags/example_python_decorator.py
[2025-03-31T19:35:51.685+0000] {processor.py:914} INFO - Processing file /usr/local/python/3.12.1/lib/python3.12/site-packages/airflow/example_dags/example_python_decorator.py for tasks to queue
[2025-03-31T19:35:51.686+0000] {logging_mixin.py:190} INFO - [2025-03-31T19:35:51.686+0000] {dagbag.py:588} INFO - Filling up the DagBag from /usr/local/python/3.12.1/lib/python3.12/site-packages/airflow/example_dags/example_python_decorator.py
[2025-03-31T19:35:51.697+0000] {processor.py:925} INFO - DAG(s) 'example_python_decorator' retrieved from /usr/local/python/3.12.1/lib/python3.12/site-packages/airflow/example_dags/example_python_decorator.py
[2025-03-31T19:35:51.710+0000] {logging_mixin.py:190} INFO - [2025-03-31T19:35:51.710+0000] {dag.py:3239} INFO - Sync 1 DAGs
[2025-03-31T19:35:51.720+0000] {logging_mixin.py:190} INFO - [2025-03-31T19:35:51.719+0000] {dag.py:4180} INFO - Setting next_dagrun for example_python_decorator to None, run_after=None
[2025-03-31T19:35:51.734+0000] {processor.py:208} INFO - Processing /usr/local/python/3.12.1/lib/python3.12/site-packages/airflow/example_dags/example_python_decorator.py took 0.055 seconds
[2025-03-31T19:36:47.179+0000] {processor.py:186} INFO - Started process (PID=20408) to work on /usr/local/python/3.12.1/lib/python3.12/site-packages/airflow/example_dags/example_python_decorator.py
[2025-03-31T19:36:47.180+0000] {processor.py:914} INFO - Processing file /usr/local/python/3.12.1/lib/python3.12/site-packages/airflow/example_dags/example_python_decorator.py for tasks to queue
[2025-03-31T19:36:47.181+0000] {logging_mixin.py:190} INFO - [2025-03-31T19:36:47.181+0000] {dagbag.py:588} INFO - Filling up the DagBag from /usr/local/python/3.12.1/lib/python3.12/site-packages/airflow/example_dags/example_python_decorator.py
[2025-03-31T19:36:47.192+0000] {processor.py:925} INFO - DAG(s) 'example_python_decorator' retrieved from /usr/local/python/3.12.1/lib/python3.12/site-packages/airflow/example_dags/example_python_decorator.py
[2025-03-31T19:36:47.213+0000] {logging_mixin.py:190} INFO - [2025-03-31T19:36:47.213+0000] {dag.py:3239} INFO - Sync 1 DAGs
[2025-03-31T19:36:47.224+0000] {logging_mixin.py:190} INFO - [2025-03-31T19:36:47.224+0000] {dag.py:4180} INFO - Setting next_dagrun for example_python_decorator to None, run_after=None
[2025-03-31T19:36:47.239+0000] {processor.py:208} INFO - Processing /usr/local/python/3.12.1/lib/python3.12/site-packages/airflow/example_dags/example_python_decorator.py took 0.063 seconds
[2025-03-31T19:37:43.405+0000] {processor.py:186} INFO - Started process (PID=20870) to work on /usr/local/python/3.12.1/lib/python3.12/site-packages/airflow/example_dags/example_python_decorator.py
[2025-03-31T19:37:43.406+0000] {processor.py:914} INFO - Processing file /usr/local/python/3.12.1/lib/python3.12/site-packages/airflow/example_dags/example_python_decorator.py for tasks to queue
[2025-03-31T19:37:43.407+0000] {logging_mixin.py:190} INFO - [2025-03-31T19:37:43.407+0000] {dagbag.py:588} INFO - Filling up the DagBag from /usr/local/python/3.12.1/lib/python3.12/site-packages/airflow/example_dags/example_python_decorator.py
[2025-03-31T19:37:43.418+0000] {processor.py:925} INFO - DAG(s) 'example_python_decorator' retrieved from /usr/local/python/3.12.1/lib/python3.12/site-packages/airflow/example_dags/example_python_decorator.py
[2025-03-31T19:37:43.431+0000] {logging_mixin.py:190} INFO - [2025-03-31T19:37:43.431+0000] {dag.py:3239} INFO - Sync 1 DAGs
[2025-03-31T19:37:43.440+0000] {logging_mixin.py:190} INFO - [2025-03-31T19:37:43.440+0000] {dag.py:4180} INFO - Setting next_dagrun for example_python_decorator to None, run_after=None
[2025-03-31T19:37:43.454+0000] {processor.py:208} INFO - Processing /usr/local/python/3.12.1/lib/python3.12/site-packages/airflow/example_dags/example_python_decorator.py took 0.053 seconds
[2025-03-31T19:38:39.524+0000] {processor.py:186} INFO - Started process (PID=21303) to work on /usr/local/python/3.12.1/lib/python3.12/site-packages/airflow/example_dags/example_python_decorator.py
[2025-03-31T19:38:39.524+0000] {processor.py:914} INFO - Processing file /usr/local/python/3.12.1/lib/python3.12/site-packages/airflow/example_dags/example_python_decorator.py for tasks to queue
[2025-03-31T19:38:39.526+0000] {logging_mixin.py:190} INFO - [2025-03-31T19:38:39.526+0000] {dagbag.py:588} INFO - Filling up the DagBag from /usr/local/python/3.12.1/lib/python3.12/site-packages/airflow/example_dags/example_python_decorator.py
[2025-03-31T19:38:39.537+0000] {processor.py:925} INFO - DAG(s) 'example_python_decorator' retrieved from /usr/local/python/3.12.1/lib/python3.12/site-packages/airflow/example_dags/example_python_decorator.py
[2025-03-31T19:38:39.550+0000] {logging_mixin.py:190} INFO - [2025-03-31T19:38:39.550+0000] {dag.py:3239} INFO - Sync 1 DAGs
[2025-03-31T19:38:39.560+0000] {logging_mixin.py:190} INFO - [2025-03-31T19:38:39.559+0000] {dag.py:4180} INFO - Setting next_dagrun for example_python_decorator to None, run_after=None
[2025-03-31T19:38:39.574+0000] {processor.py:208} INFO - Processing /usr/local/python/3.12.1/lib/python3.12/site-packages/airflow/example_dags/example_python_decorator.py took 0.055 seconds
