[2025-03-31T19:06:53.616+0000] {processor.py:186} INFO - Started process (PID=5439) to work on /usr/local/python/3.12.1/lib/python3.12/site-packages/airflow/example_dags/example_complex.py
[2025-03-31T19:06:53.616+0000] {processor.py:914} INFO - Processing file /usr/local/python/3.12.1/lib/python3.12/site-packages/airflow/example_dags/example_complex.py for tasks to queue
[2025-03-31T19:06:53.618+0000] {logging_mixin.py:190} INFO - [2025-03-31T19:06:53.617+0000] {dagbag.py:588} INFO - Filling up the DagBag from /usr/local/python/3.12.1/lib/python3.12/site-packages/airflow/example_dags/example_complex.py
[2025-03-31T19:06:53.627+0000] {processor.py:925} INFO - DAG(s) 'example_complex' retrieved from /usr/local/python/3.12.1/lib/python3.12/site-packages/airflow/example_dags/example_complex.py
[2025-03-31T19:06:53.647+0000] {logging_mixin.py:190} INFO - [2025-03-31T19:06:53.647+0000] {dag.py:3239} INFO - Sync 1 DAGs
[2025-03-31T19:06:53.656+0000] {logging_mixin.py:190} INFO - [2025-03-31T19:06:53.656+0000] {dag.py:4180} INFO - Setting next_dagrun for example_complex to None, run_after=None
[2025-03-31T19:06:53.675+0000] {processor.py:208} INFO - Processing /usr/local/python/3.12.1/lib/python3.12/site-packages/airflow/example_dags/example_complex.py took 0.063 seconds
[2025-03-31T19:07:50.419+0000] {processor.py:186} INFO - Started process (PID=5911) to work on /usr/local/python/3.12.1/lib/python3.12/site-packages/airflow/example_dags/example_complex.py
[2025-03-31T19:07:50.420+0000] {processor.py:914} INFO - Processing file /usr/local/python/3.12.1/lib/python3.12/site-packages/airflow/example_dags/example_complex.py for tasks to queue
[2025-03-31T19:07:50.421+0000] {logging_mixin.py:190} INFO - [2025-03-31T19:07:50.421+0000] {dagbag.py:588} INFO - Filling up the DagBag from /usr/local/python/3.12.1/lib/python3.12/site-packages/airflow/example_dags/example_complex.py
[2025-03-31T19:07:50.430+0000] {processor.py:925} INFO - DAG(s) 'example_complex' retrieved from /usr/local/python/3.12.1/lib/python3.12/site-packages/airflow/example_dags/example_complex.py
[2025-03-31T19:07:50.450+0000] {logging_mixin.py:190} INFO - [2025-03-31T19:07:50.450+0000] {dag.py:3239} INFO - Sync 1 DAGs
[2025-03-31T19:07:50.459+0000] {logging_mixin.py:190} INFO - [2025-03-31T19:07:50.459+0000] {dag.py:4180} INFO - Setting next_dagrun for example_complex to None, run_after=None
[2025-03-31T19:07:50.474+0000] {processor.py:208} INFO - Processing /usr/local/python/3.12.1/lib/python3.12/site-packages/airflow/example_dags/example_complex.py took 0.059 seconds
[2025-03-31T19:08:46.658+0000] {processor.py:186} INFO - Started process (PID=6406) to work on /usr/local/python/3.12.1/lib/python3.12/site-packages/airflow/example_dags/example_complex.py
[2025-03-31T19:08:46.659+0000] {processor.py:914} INFO - Processing file /usr/local/python/3.12.1/lib/python3.12/site-packages/airflow/example_dags/example_complex.py for tasks to queue
[2025-03-31T19:08:46.661+0000] {logging_mixin.py:190} INFO - [2025-03-31T19:08:46.660+0000] {dagbag.py:588} INFO - Filling up the DagBag from /usr/local/python/3.12.1/lib/python3.12/site-packages/airflow/example_dags/example_complex.py
[2025-03-31T19:08:46.670+0000] {processor.py:925} INFO - DAG(s) 'example_complex' retrieved from /usr/local/python/3.12.1/lib/python3.12/site-packages/airflow/example_dags/example_complex.py
[2025-03-31T19:08:46.689+0000] {logging_mixin.py:190} INFO - [2025-03-31T19:08:46.689+0000] {dag.py:3239} INFO - Sync 1 DAGs
[2025-03-31T19:08:46.699+0000] {logging_mixin.py:190} INFO - [2025-03-31T19:08:46.699+0000] {dag.py:4180} INFO - Setting next_dagrun for example_complex to None, run_after=None
[2025-03-31T19:08:46.714+0000] {processor.py:208} INFO - Processing /usr/local/python/3.12.1/lib/python3.12/site-packages/airflow/example_dags/example_complex.py took 0.059 seconds
[2025-03-31T19:09:40.717+0000] {processor.py:186} INFO - Started process (PID=6830) to work on /usr/local/python/3.12.1/lib/python3.12/site-packages/airflow/example_dags/example_complex.py
[2025-03-31T19:09:40.717+0000] {processor.py:914} INFO - Processing file /usr/local/python/3.12.1/lib/python3.12/site-packages/airflow/example_dags/example_complex.py for tasks to queue
[2025-03-31T19:09:40.719+0000] {logging_mixin.py:190} INFO - [2025-03-31T19:09:40.718+0000] {dagbag.py:588} INFO - Filling up the DagBag from /usr/local/python/3.12.1/lib/python3.12/site-packages/airflow/example_dags/example_complex.py
[2025-03-31T19:09:40.728+0000] {processor.py:925} INFO - DAG(s) 'example_complex' retrieved from /usr/local/python/3.12.1/lib/python3.12/site-packages/airflow/example_dags/example_complex.py
[2025-03-31T19:09:40.748+0000] {logging_mixin.py:190} INFO - [2025-03-31T19:09:40.748+0000] {dag.py:3239} INFO - Sync 1 DAGs
[2025-03-31T19:09:40.757+0000] {logging_mixin.py:190} INFO - [2025-03-31T19:09:40.757+0000] {dag.py:4180} INFO - Setting next_dagrun for example_complex to None, run_after=None
[2025-03-31T19:09:40.771+0000] {processor.py:208} INFO - Processing /usr/local/python/3.12.1/lib/python3.12/site-packages/airflow/example_dags/example_complex.py took 0.059 seconds
[2025-03-31T19:10:33.256+0000] {processor.py:186} INFO - Started process (PID=7233) to work on /usr/local/python/3.12.1/lib/python3.12/site-packages/airflow/example_dags/example_complex.py
[2025-03-31T19:10:33.257+0000] {processor.py:914} INFO - Processing file /usr/local/python/3.12.1/lib/python3.12/site-packages/airflow/example_dags/example_complex.py for tasks to queue
[2025-03-31T19:10:33.258+0000] {logging_mixin.py:190} INFO - [2025-03-31T19:10:33.258+0000] {dagbag.py:588} INFO - Filling up the DagBag from /usr/local/python/3.12.1/lib/python3.12/site-packages/airflow/example_dags/example_complex.py
[2025-03-31T19:10:33.267+0000] {processor.py:925} INFO - DAG(s) 'example_complex' retrieved from /usr/local/python/3.12.1/lib/python3.12/site-packages/airflow/example_dags/example_complex.py
[2025-03-31T19:10:33.287+0000] {logging_mixin.py:190} INFO - [2025-03-31T19:10:33.287+0000] {dag.py:3239} INFO - Sync 1 DAGs
[2025-03-31T19:10:33.296+0000] {logging_mixin.py:190} INFO - [2025-03-31T19:10:33.296+0000] {dag.py:4180} INFO - Setting next_dagrun for example_complex to None, run_after=None
[2025-03-31T19:10:33.311+0000] {processor.py:208} INFO - Processing /usr/local/python/3.12.1/lib/python3.12/site-packages/airflow/example_dags/example_complex.py took 0.059 seconds
[2025-03-31T19:11:52.417+0000] {processor.py:186} INFO - Started process (PID=7862) to work on /usr/local/python/3.12.1/lib/python3.12/site-packages/airflow/example_dags/example_complex.py
[2025-03-31T19:11:52.418+0000] {processor.py:914} INFO - Processing file /usr/local/python/3.12.1/lib/python3.12/site-packages/airflow/example_dags/example_complex.py for tasks to queue
[2025-03-31T19:11:52.419+0000] {logging_mixin.py:190} INFO - [2025-03-31T19:11:52.419+0000] {dagbag.py:588} INFO - Filling up the DagBag from /usr/local/python/3.12.1/lib/python3.12/site-packages/airflow/example_dags/example_complex.py
[2025-03-31T19:11:52.429+0000] {processor.py:925} INFO - DAG(s) 'example_complex' retrieved from /usr/local/python/3.12.1/lib/python3.12/site-packages/airflow/example_dags/example_complex.py
[2025-03-31T19:11:52.449+0000] {logging_mixin.py:190} INFO - [2025-03-31T19:11:52.449+0000] {dag.py:3239} INFO - Sync 1 DAGs
[2025-03-31T19:11:52.459+0000] {logging_mixin.py:190} INFO - [2025-03-31T19:11:52.459+0000] {dag.py:4180} INFO - Setting next_dagrun for example_complex to None, run_after=None
[2025-03-31T19:11:52.473+0000] {processor.py:208} INFO - Processing /usr/local/python/3.12.1/lib/python3.12/site-packages/airflow/example_dags/example_complex.py took 0.060 seconds
[2025-03-31T19:13:11.322+0000] {processor.py:186} INFO - Started process (PID=8492) to work on /usr/local/python/3.12.1/lib/python3.12/site-packages/airflow/example_dags/example_complex.py
[2025-03-31T19:13:11.323+0000] {processor.py:914} INFO - Processing file /usr/local/python/3.12.1/lib/python3.12/site-packages/airflow/example_dags/example_complex.py for tasks to queue
[2025-03-31T19:13:11.325+0000] {logging_mixin.py:190} INFO - [2025-03-31T19:13:11.324+0000] {dagbag.py:588} INFO - Filling up the DagBag from /usr/local/python/3.12.1/lib/python3.12/site-packages/airflow/example_dags/example_complex.py
[2025-03-31T19:13:11.334+0000] {processor.py:925} INFO - DAG(s) 'example_complex' retrieved from /usr/local/python/3.12.1/lib/python3.12/site-packages/airflow/example_dags/example_complex.py
[2025-03-31T19:13:11.354+0000] {logging_mixin.py:190} INFO - [2025-03-31T19:13:11.354+0000] {dag.py:3239} INFO - Sync 1 DAGs
[2025-03-31T19:13:11.364+0000] {logging_mixin.py:190} INFO - [2025-03-31T19:13:11.364+0000] {dag.py:4180} INFO - Setting next_dagrun for example_complex to None, run_after=None
[2025-03-31T19:13:11.379+0000] {processor.py:208} INFO - Processing /usr/local/python/3.12.1/lib/python3.12/site-packages/airflow/example_dags/example_complex.py took 0.060 seconds
[2025-03-31T19:14:04.107+0000] {processor.py:186} INFO - Started process (PID=8908) to work on /usr/local/python/3.12.1/lib/python3.12/site-packages/airflow/example_dags/example_complex.py
[2025-03-31T19:14:04.107+0000] {processor.py:914} INFO - Processing file /usr/local/python/3.12.1/lib/python3.12/site-packages/airflow/example_dags/example_complex.py for tasks to queue
[2025-03-31T19:14:04.109+0000] {logging_mixin.py:190} INFO - [2025-03-31T19:14:04.108+0000] {dagbag.py:588} INFO - Filling up the DagBag from /usr/local/python/3.12.1/lib/python3.12/site-packages/airflow/example_dags/example_complex.py
[2025-03-31T19:14:04.118+0000] {processor.py:925} INFO - DAG(s) 'example_complex' retrieved from /usr/local/python/3.12.1/lib/python3.12/site-packages/airflow/example_dags/example_complex.py
[2025-03-31T19:14:04.138+0000] {logging_mixin.py:190} INFO - [2025-03-31T19:14:04.138+0000] {dag.py:3239} INFO - Sync 1 DAGs
[2025-03-31T19:14:04.147+0000] {logging_mixin.py:190} INFO - [2025-03-31T19:14:04.147+0000] {dag.py:4180} INFO - Setting next_dagrun for example_complex to None, run_after=None
[2025-03-31T19:14:04.162+0000] {processor.py:208} INFO - Processing /usr/local/python/3.12.1/lib/python3.12/site-packages/airflow/example_dags/example_complex.py took 0.059 seconds
[2025-03-31T19:15:19.785+0000] {processor.py:186} INFO - Started process (PID=9495) to work on /usr/local/python/3.12.1/lib/python3.12/site-packages/airflow/example_dags/example_complex.py
[2025-03-31T19:15:19.786+0000] {processor.py:914} INFO - Processing file /usr/local/python/3.12.1/lib/python3.12/site-packages/airflow/example_dags/example_complex.py for tasks to queue
[2025-03-31T19:15:19.787+0000] {logging_mixin.py:190} INFO - [2025-03-31T19:15:19.787+0000] {dagbag.py:588} INFO - Filling up the DagBag from /usr/local/python/3.12.1/lib/python3.12/site-packages/airflow/example_dags/example_complex.py
[2025-03-31T19:15:19.797+0000] {processor.py:925} INFO - DAG(s) 'example_complex' retrieved from /usr/local/python/3.12.1/lib/python3.12/site-packages/airflow/example_dags/example_complex.py
[2025-03-31T19:15:19.817+0000] {logging_mixin.py:190} INFO - [2025-03-31T19:15:19.817+0000] {dag.py:3239} INFO - Sync 1 DAGs
[2025-03-31T19:15:19.826+0000] {logging_mixin.py:190} INFO - [2025-03-31T19:15:19.826+0000] {dag.py:4180} INFO - Setting next_dagrun for example_complex to None, run_after=None
[2025-03-31T19:15:19.841+0000] {processor.py:208} INFO - Processing /usr/local/python/3.12.1/lib/python3.12/site-packages/airflow/example_dags/example_complex.py took 0.060 seconds
[2025-03-31T19:16:10.549+0000] {processor.py:186} INFO - Started process (PID=9894) to work on /usr/local/python/3.12.1/lib/python3.12/site-packages/airflow/example_dags/example_complex.py
[2025-03-31T19:16:10.550+0000] {processor.py:914} INFO - Processing file /usr/local/python/3.12.1/lib/python3.12/site-packages/airflow/example_dags/example_complex.py for tasks to queue
[2025-03-31T19:16:10.551+0000] {logging_mixin.py:190} INFO - [2025-03-31T19:16:10.551+0000] {dagbag.py:588} INFO - Filling up the DagBag from /usr/local/python/3.12.1/lib/python3.12/site-packages/airflow/example_dags/example_complex.py
[2025-03-31T19:16:10.561+0000] {processor.py:925} INFO - DAG(s) 'example_complex' retrieved from /usr/local/python/3.12.1/lib/python3.12/site-packages/airflow/example_dags/example_complex.py
[2025-03-31T19:16:10.581+0000] {logging_mixin.py:190} INFO - [2025-03-31T19:16:10.580+0000] {dag.py:3239} INFO - Sync 1 DAGs
[2025-03-31T19:16:10.590+0000] {logging_mixin.py:190} INFO - [2025-03-31T19:16:10.590+0000] {dag.py:4180} INFO - Setting next_dagrun for example_complex to None, run_after=None
[2025-03-31T19:16:10.604+0000] {processor.py:208} INFO - Processing /usr/local/python/3.12.1/lib/python3.12/site-packages/airflow/example_dags/example_complex.py took 0.059 seconds
[2025-03-31T19:17:07.088+0000] {processor.py:186} INFO - Started process (PID=10343) to work on /usr/local/python/3.12.1/lib/python3.12/site-packages/airflow/example_dags/example_complex.py
[2025-03-31T19:17:07.088+0000] {processor.py:914} INFO - Processing file /usr/local/python/3.12.1/lib/python3.12/site-packages/airflow/example_dags/example_complex.py for tasks to queue
[2025-03-31T19:17:07.090+0000] {logging_mixin.py:190} INFO - [2025-03-31T19:17:07.089+0000] {dagbag.py:588} INFO - Filling up the DagBag from /usr/local/python/3.12.1/lib/python3.12/site-packages/airflow/example_dags/example_complex.py
[2025-03-31T19:17:07.099+0000] {processor.py:925} INFO - DAG(s) 'example_complex' retrieved from /usr/local/python/3.12.1/lib/python3.12/site-packages/airflow/example_dags/example_complex.py
[2025-03-31T19:17:07.119+0000] {logging_mixin.py:190} INFO - [2025-03-31T19:17:07.118+0000] {dag.py:3239} INFO - Sync 1 DAGs
[2025-03-31T19:17:07.128+0000] {logging_mixin.py:190} INFO - [2025-03-31T19:17:07.128+0000] {dag.py:4180} INFO - Setting next_dagrun for example_complex to None, run_after=None
[2025-03-31T19:17:07.143+0000] {processor.py:208} INFO - Processing /usr/local/python/3.12.1/lib/python3.12/site-packages/airflow/example_dags/example_complex.py took 0.059 seconds
[2025-03-31T19:18:03.642+0000] {processor.py:186} INFO - Started process (PID=10830) to work on /usr/local/python/3.12.1/lib/python3.12/site-packages/airflow/example_dags/example_complex.py
[2025-03-31T19:18:03.642+0000] {processor.py:914} INFO - Processing file /usr/local/python/3.12.1/lib/python3.12/site-packages/airflow/example_dags/example_complex.py for tasks to queue
[2025-03-31T19:18:03.644+0000] {logging_mixin.py:190} INFO - [2025-03-31T19:18:03.644+0000] {dagbag.py:588} INFO - Filling up the DagBag from /usr/local/python/3.12.1/lib/python3.12/site-packages/airflow/example_dags/example_complex.py
[2025-03-31T19:18:03.653+0000] {processor.py:925} INFO - DAG(s) 'example_complex' retrieved from /usr/local/python/3.12.1/lib/python3.12/site-packages/airflow/example_dags/example_complex.py
[2025-03-31T19:18:03.674+0000] {logging_mixin.py:190} INFO - [2025-03-31T19:18:03.674+0000] {dag.py:3239} INFO - Sync 1 DAGs
[2025-03-31T19:18:03.687+0000] {logging_mixin.py:190} INFO - [2025-03-31T19:18:03.687+0000] {dag.py:4180} INFO - Setting next_dagrun for example_complex to None, run_after=None
[2025-03-31T19:18:03.702+0000] {processor.py:208} INFO - Processing /usr/local/python/3.12.1/lib/python3.12/site-packages/airflow/example_dags/example_complex.py took 0.064 seconds
[2025-03-31T19:18:57.181+0000] {processor.py:186} INFO - Started process (PID=11296) to work on /usr/local/python/3.12.1/lib/python3.12/site-packages/airflow/example_dags/example_complex.py
[2025-03-31T19:18:57.182+0000] {processor.py:914} INFO - Processing file /usr/local/python/3.12.1/lib/python3.12/site-packages/airflow/example_dags/example_complex.py for tasks to queue
[2025-03-31T19:18:57.183+0000] {logging_mixin.py:190} INFO - [2025-03-31T19:18:57.183+0000] {dagbag.py:588} INFO - Filling up the DagBag from /usr/local/python/3.12.1/lib/python3.12/site-packages/airflow/example_dags/example_complex.py
[2025-03-31T19:18:57.193+0000] {processor.py:925} INFO - DAG(s) 'example_complex' retrieved from /usr/local/python/3.12.1/lib/python3.12/site-packages/airflow/example_dags/example_complex.py
[2025-03-31T19:18:57.212+0000] {logging_mixin.py:190} INFO - [2025-03-31T19:18:57.212+0000] {dag.py:3239} INFO - Sync 1 DAGs
[2025-03-31T19:18:57.221+0000] {logging_mixin.py:190} INFO - [2025-03-31T19:18:57.221+0000] {dag.py:4180} INFO - Setting next_dagrun for example_complex to None, run_after=None
[2025-03-31T19:18:57.235+0000] {processor.py:208} INFO - Processing /usr/local/python/3.12.1/lib/python3.12/site-packages/airflow/example_dags/example_complex.py took 0.058 seconds
[2025-03-31T19:20:13.678+0000] {processor.py:186} INFO - Started process (PID=11995) to work on /usr/local/python/3.12.1/lib/python3.12/site-packages/airflow/example_dags/example_complex.py
[2025-03-31T19:20:13.678+0000] {processor.py:914} INFO - Processing file /usr/local/python/3.12.1/lib/python3.12/site-packages/airflow/example_dags/example_complex.py for tasks to queue
[2025-03-31T19:20:13.680+0000] {logging_mixin.py:190} INFO - [2025-03-31T19:20:13.680+0000] {dagbag.py:588} INFO - Filling up the DagBag from /usr/local/python/3.12.1/lib/python3.12/site-packages/airflow/example_dags/example_complex.py
[2025-03-31T19:20:13.689+0000] {processor.py:925} INFO - DAG(s) 'example_complex' retrieved from /usr/local/python/3.12.1/lib/python3.12/site-packages/airflow/example_dags/example_complex.py
[2025-03-31T19:20:13.709+0000] {logging_mixin.py:190} INFO - [2025-03-31T19:20:13.709+0000] {dag.py:3239} INFO - Sync 1 DAGs
[2025-03-31T19:20:13.719+0000] {logging_mixin.py:190} INFO - [2025-03-31T19:20:13.718+0000] {dag.py:4180} INFO - Setting next_dagrun for example_complex to None, run_after=None
[2025-03-31T19:20:13.733+0000] {processor.py:208} INFO - Processing /usr/local/python/3.12.1/lib/python3.12/site-packages/airflow/example_dags/example_complex.py took 0.060 seconds
[2025-03-31T19:21:29.588+0000] {processor.py:186} INFO - Started process (PID=12789) to work on /usr/local/python/3.12.1/lib/python3.12/site-packages/airflow/example_dags/example_complex.py
[2025-03-31T19:21:29.589+0000] {processor.py:914} INFO - Processing file /usr/local/python/3.12.1/lib/python3.12/site-packages/airflow/example_dags/example_complex.py for tasks to queue
[2025-03-31T19:21:29.590+0000] {logging_mixin.py:190} INFO - [2025-03-31T19:21:29.590+0000] {dagbag.py:588} INFO - Filling up the DagBag from /usr/local/python/3.12.1/lib/python3.12/site-packages/airflow/example_dags/example_complex.py
[2025-03-31T19:21:29.600+0000] {processor.py:925} INFO - DAG(s) 'example_complex' retrieved from /usr/local/python/3.12.1/lib/python3.12/site-packages/airflow/example_dags/example_complex.py
[2025-03-31T19:21:29.620+0000] {logging_mixin.py:190} INFO - [2025-03-31T19:21:29.619+0000] {dag.py:3239} INFO - Sync 1 DAGs
[2025-03-31T19:21:29.630+0000] {logging_mixin.py:190} INFO - [2025-03-31T19:21:29.630+0000] {dag.py:4180} INFO - Setting next_dagrun for example_complex to None, run_after=None
[2025-03-31T19:21:29.645+0000] {processor.py:208} INFO - Processing /usr/local/python/3.12.1/lib/python3.12/site-packages/airflow/example_dags/example_complex.py took 0.061 seconds
[2025-03-31T19:22:48.882+0000] {processor.py:186} INFO - Started process (PID=13453) to work on /usr/local/python/3.12.1/lib/python3.12/site-packages/airflow/example_dags/example_complex.py
[2025-03-31T19:22:48.882+0000] {processor.py:914} INFO - Processing file /usr/local/python/3.12.1/lib/python3.12/site-packages/airflow/example_dags/example_complex.py for tasks to queue
[2025-03-31T19:22:48.884+0000] {logging_mixin.py:190} INFO - [2025-03-31T19:22:48.884+0000] {dagbag.py:588} INFO - Filling up the DagBag from /usr/local/python/3.12.1/lib/python3.12/site-packages/airflow/example_dags/example_complex.py
[2025-03-31T19:22:48.897+0000] {processor.py:925} INFO - DAG(s) 'example_complex' retrieved from /usr/local/python/3.12.1/lib/python3.12/site-packages/airflow/example_dags/example_complex.py
[2025-03-31T19:22:48.917+0000] {logging_mixin.py:190} INFO - [2025-03-31T19:22:48.917+0000] {dag.py:3239} INFO - Sync 1 DAGs
[2025-03-31T19:22:48.926+0000] {logging_mixin.py:190} INFO - [2025-03-31T19:22:48.926+0000] {dag.py:4180} INFO - Setting next_dagrun for example_complex to None, run_after=None
[2025-03-31T19:22:48.941+0000] {processor.py:208} INFO - Processing /usr/local/python/3.12.1/lib/python3.12/site-packages/airflow/example_dags/example_complex.py took 0.063 seconds
[2025-03-31T19:23:40.844+0000] {processor.py:186} INFO - Started process (PID=13865) to work on /usr/local/python/3.12.1/lib/python3.12/site-packages/airflow/example_dags/example_complex.py
[2025-03-31T19:23:40.845+0000] {processor.py:914} INFO - Processing file /usr/local/python/3.12.1/lib/python3.12/site-packages/airflow/example_dags/example_complex.py for tasks to queue
[2025-03-31T19:23:40.847+0000] {logging_mixin.py:190} INFO - [2025-03-31T19:23:40.846+0000] {dagbag.py:588} INFO - Filling up the DagBag from /usr/local/python/3.12.1/lib/python3.12/site-packages/airflow/example_dags/example_complex.py
[2025-03-31T19:23:40.856+0000] {processor.py:925} INFO - DAG(s) 'example_complex' retrieved from /usr/local/python/3.12.1/lib/python3.12/site-packages/airflow/example_dags/example_complex.py
[2025-03-31T19:23:40.876+0000] {logging_mixin.py:190} INFO - [2025-03-31T19:23:40.875+0000] {dag.py:3239} INFO - Sync 1 DAGs
[2025-03-31T19:23:40.885+0000] {logging_mixin.py:190} INFO - [2025-03-31T19:23:40.885+0000] {dag.py:4180} INFO - Setting next_dagrun for example_complex to None, run_after=None
[2025-03-31T19:23:40.900+0000] {processor.py:208} INFO - Processing /usr/local/python/3.12.1/lib/python3.12/site-packages/airflow/example_dags/example_complex.py took 0.059 seconds
[2025-03-31T19:24:34.808+0000] {processor.py:186} INFO - Started process (PID=14290) to work on /usr/local/python/3.12.1/lib/python3.12/site-packages/airflow/example_dags/example_complex.py
[2025-03-31T19:24:34.808+0000] {processor.py:914} INFO - Processing file /usr/local/python/3.12.1/lib/python3.12/site-packages/airflow/example_dags/example_complex.py for tasks to queue
[2025-03-31T19:24:34.810+0000] {logging_mixin.py:190} INFO - [2025-03-31T19:24:34.809+0000] {dagbag.py:588} INFO - Filling up the DagBag from /usr/local/python/3.12.1/lib/python3.12/site-packages/airflow/example_dags/example_complex.py
[2025-03-31T19:24:34.819+0000] {processor.py:925} INFO - DAG(s) 'example_complex' retrieved from /usr/local/python/3.12.1/lib/python3.12/site-packages/airflow/example_dags/example_complex.py
[2025-03-31T19:24:34.839+0000] {logging_mixin.py:190} INFO - [2025-03-31T19:24:34.839+0000] {dag.py:3239} INFO - Sync 1 DAGs
[2025-03-31T19:24:34.849+0000] {logging_mixin.py:190} INFO - [2025-03-31T19:24:34.848+0000] {dag.py:4180} INFO - Setting next_dagrun for example_complex to None, run_after=None
[2025-03-31T19:24:34.863+0000] {processor.py:208} INFO - Processing /usr/local/python/3.12.1/lib/python3.12/site-packages/airflow/example_dags/example_complex.py took 0.060 seconds
[2025-03-31T19:25:52.594+0000] {processor.py:186} INFO - Started process (PID=14945) to work on /usr/local/python/3.12.1/lib/python3.12/site-packages/airflow/example_dags/example_complex.py
[2025-03-31T19:25:52.595+0000] {processor.py:914} INFO - Processing file /usr/local/python/3.12.1/lib/python3.12/site-packages/airflow/example_dags/example_complex.py for tasks to queue
[2025-03-31T19:25:52.597+0000] {logging_mixin.py:190} INFO - [2025-03-31T19:25:52.596+0000] {dagbag.py:588} INFO - Filling up the DagBag from /usr/local/python/3.12.1/lib/python3.12/site-packages/airflow/example_dags/example_complex.py
[2025-03-31T19:25:52.606+0000] {processor.py:925} INFO - DAG(s) 'example_complex' retrieved from /usr/local/python/3.12.1/lib/python3.12/site-packages/airflow/example_dags/example_complex.py
[2025-03-31T19:25:52.626+0000] {logging_mixin.py:190} INFO - [2025-03-31T19:25:52.625+0000] {dag.py:3239} INFO - Sync 1 DAGs
[2025-03-31T19:25:52.635+0000] {logging_mixin.py:190} INFO - [2025-03-31T19:25:52.635+0000] {dag.py:4180} INFO - Setting next_dagrun for example_complex to None, run_after=None
[2025-03-31T19:25:52.649+0000] {processor.py:208} INFO - Processing /usr/local/python/3.12.1/lib/python3.12/site-packages/airflow/example_dags/example_complex.py took 0.059 seconds
[2025-03-31T19:26:45.551+0000] {processor.py:186} INFO - Started process (PID=15405) to work on /usr/local/python/3.12.1/lib/python3.12/site-packages/airflow/example_dags/example_complex.py
[2025-03-31T19:26:45.551+0000] {processor.py:914} INFO - Processing file /usr/local/python/3.12.1/lib/python3.12/site-packages/airflow/example_dags/example_complex.py for tasks to queue
[2025-03-31T19:26:45.553+0000] {logging_mixin.py:190} INFO - [2025-03-31T19:26:45.553+0000] {dagbag.py:588} INFO - Filling up the DagBag from /usr/local/python/3.12.1/lib/python3.12/site-packages/airflow/example_dags/example_complex.py
[2025-03-31T19:26:45.564+0000] {processor.py:925} INFO - DAG(s) 'example_complex' retrieved from /usr/local/python/3.12.1/lib/python3.12/site-packages/airflow/example_dags/example_complex.py
[2025-03-31T19:26:45.587+0000] {logging_mixin.py:190} INFO - [2025-03-31T19:26:45.587+0000] {dag.py:3239} INFO - Sync 1 DAGs
[2025-03-31T19:26:45.598+0000] {logging_mixin.py:190} INFO - [2025-03-31T19:26:45.597+0000] {dag.py:4180} INFO - Setting next_dagrun for example_complex to None, run_after=None
[2025-03-31T19:26:45.612+0000] {processor.py:208} INFO - Processing /usr/local/python/3.12.1/lib/python3.12/site-packages/airflow/example_dags/example_complex.py took 0.067 seconds
[2025-03-31T19:27:59.913+0000] {processor.py:186} INFO - Started process (PID=16009) to work on /usr/local/python/3.12.1/lib/python3.12/site-packages/airflow/example_dags/example_complex.py
[2025-03-31T19:27:59.913+0000] {processor.py:914} INFO - Processing file /usr/local/python/3.12.1/lib/python3.12/site-packages/airflow/example_dags/example_complex.py for tasks to queue
[2025-03-31T19:27:59.915+0000] {logging_mixin.py:190} INFO - [2025-03-31T19:27:59.915+0000] {dagbag.py:588} INFO - Filling up the DagBag from /usr/local/python/3.12.1/lib/python3.12/site-packages/airflow/example_dags/example_complex.py
[2025-03-31T19:27:59.924+0000] {processor.py:925} INFO - DAG(s) 'example_complex' retrieved from /usr/local/python/3.12.1/lib/python3.12/site-packages/airflow/example_dags/example_complex.py
[2025-03-31T19:27:59.944+0000] {logging_mixin.py:190} INFO - [2025-03-31T19:27:59.944+0000] {dag.py:3239} INFO - Sync 1 DAGs
[2025-03-31T19:27:59.953+0000] {logging_mixin.py:190} INFO - [2025-03-31T19:27:59.953+0000] {dag.py:4180} INFO - Setting next_dagrun for example_complex to None, run_after=None
[2025-03-31T19:27:59.968+0000] {processor.py:208} INFO - Processing /usr/local/python/3.12.1/lib/python3.12/site-packages/airflow/example_dags/example_complex.py took 0.059 seconds
[2025-03-31T19:29:28.506+0000] {processor.py:186} INFO - Started process (PID=16876) to work on /usr/local/python/3.12.1/lib/python3.12/site-packages/airflow/example_dags/example_complex.py
[2025-03-31T19:29:28.506+0000] {processor.py:914} INFO - Processing file /usr/local/python/3.12.1/lib/python3.12/site-packages/airflow/example_dags/example_complex.py for tasks to queue
[2025-03-31T19:29:28.508+0000] {logging_mixin.py:190} INFO - [2025-03-31T19:29:28.508+0000] {dagbag.py:588} INFO - Filling up the DagBag from /usr/local/python/3.12.1/lib/python3.12/site-packages/airflow/example_dags/example_complex.py
[2025-03-31T19:29:28.517+0000] {processor.py:925} INFO - DAG(s) 'example_complex' retrieved from /usr/local/python/3.12.1/lib/python3.12/site-packages/airflow/example_dags/example_complex.py
[2025-03-31T19:29:28.537+0000] {logging_mixin.py:190} INFO - [2025-03-31T19:29:28.537+0000] {dag.py:3239} INFO - Sync 1 DAGs
[2025-03-31T19:29:28.548+0000] {logging_mixin.py:190} INFO - [2025-03-31T19:29:28.548+0000] {dag.py:4180} INFO - Setting next_dagrun for example_complex to None, run_after=None
[2025-03-31T19:29:28.563+0000] {processor.py:208} INFO - Processing /usr/local/python/3.12.1/lib/python3.12/site-packages/airflow/example_dags/example_complex.py took 0.061 seconds
[2025-03-31T19:30:26.207+0000] {processor.py:186} INFO - Started process (PID=17345) to work on /usr/local/python/3.12.1/lib/python3.12/site-packages/airflow/example_dags/example_complex.py
[2025-03-31T19:30:26.207+0000] {processor.py:914} INFO - Processing file /usr/local/python/3.12.1/lib/python3.12/site-packages/airflow/example_dags/example_complex.py for tasks to queue
[2025-03-31T19:30:26.209+0000] {logging_mixin.py:190} INFO - [2025-03-31T19:30:26.209+0000] {dagbag.py:588} INFO - Filling up the DagBag from /usr/local/python/3.12.1/lib/python3.12/site-packages/airflow/example_dags/example_complex.py
[2025-03-31T19:30:26.221+0000] {processor.py:925} INFO - DAG(s) 'example_complex' retrieved from /usr/local/python/3.12.1/lib/python3.12/site-packages/airflow/example_dags/example_complex.py
[2025-03-31T19:30:26.241+0000] {logging_mixin.py:190} INFO - [2025-03-31T19:30:26.241+0000] {dag.py:3239} INFO - Sync 1 DAGs
[2025-03-31T19:30:26.251+0000] {logging_mixin.py:190} INFO - [2025-03-31T19:30:26.251+0000] {dag.py:4180} INFO - Setting next_dagrun for example_complex to None, run_after=None
[2025-03-31T19:30:26.266+0000] {processor.py:208} INFO - Processing /usr/local/python/3.12.1/lib/python3.12/site-packages/airflow/example_dags/example_complex.py took 0.065 seconds
[2025-03-31T19:31:24.379+0000] {processor.py:186} INFO - Started process (PID=17799) to work on /usr/local/python/3.12.1/lib/python3.12/site-packages/airflow/example_dags/example_complex.py
[2025-03-31T19:31:24.379+0000] {processor.py:914} INFO - Processing file /usr/local/python/3.12.1/lib/python3.12/site-packages/airflow/example_dags/example_complex.py for tasks to queue
[2025-03-31T19:31:24.380+0000] {logging_mixin.py:190} INFO - [2025-03-31T19:31:24.380+0000] {dagbag.py:588} INFO - Filling up the DagBag from /usr/local/python/3.12.1/lib/python3.12/site-packages/airflow/example_dags/example_complex.py
[2025-03-31T19:31:24.390+0000] {processor.py:925} INFO - DAG(s) 'example_complex' retrieved from /usr/local/python/3.12.1/lib/python3.12/site-packages/airflow/example_dags/example_complex.py
[2025-03-31T19:31:24.409+0000] {logging_mixin.py:190} INFO - [2025-03-31T19:31:24.409+0000] {dag.py:3239} INFO - Sync 1 DAGs
[2025-03-31T19:31:24.419+0000] {logging_mixin.py:190} INFO - [2025-03-31T19:31:24.419+0000] {dag.py:4180} INFO - Setting next_dagrun for example_complex to None, run_after=None
[2025-03-31T19:31:24.433+0000] {processor.py:208} INFO - Processing /usr/local/python/3.12.1/lib/python3.12/site-packages/airflow/example_dags/example_complex.py took 0.059 seconds
[2025-03-31T19:32:22.586+0000] {processor.py:186} INFO - Started process (PID=18259) to work on /usr/local/python/3.12.1/lib/python3.12/site-packages/airflow/example_dags/example_complex.py
[2025-03-31T19:32:22.587+0000] {processor.py:914} INFO - Processing file /usr/local/python/3.12.1/lib/python3.12/site-packages/airflow/example_dags/example_complex.py for tasks to queue
[2025-03-31T19:32:22.588+0000] {logging_mixin.py:190} INFO - [2025-03-31T19:32:22.588+0000] {dagbag.py:588} INFO - Filling up the DagBag from /usr/local/python/3.12.1/lib/python3.12/site-packages/airflow/example_dags/example_complex.py
[2025-03-31T19:32:22.597+0000] {processor.py:925} INFO - DAG(s) 'example_complex' retrieved from /usr/local/python/3.12.1/lib/python3.12/site-packages/airflow/example_dags/example_complex.py
[2025-03-31T19:32:22.617+0000] {logging_mixin.py:190} INFO - [2025-03-31T19:32:22.617+0000] {dag.py:3239} INFO - Sync 1 DAGs
[2025-03-31T19:32:22.627+0000] {logging_mixin.py:190} INFO - [2025-03-31T19:32:22.627+0000] {dag.py:4180} INFO - Setting next_dagrun for example_complex to None, run_after=None
[2025-03-31T19:32:22.641+0000] {processor.py:208} INFO - Processing /usr/local/python/3.12.1/lib/python3.12/site-packages/airflow/example_dags/example_complex.py took 0.059 seconds
[2025-03-31T19:33:17.046+0000] {processor.py:186} INFO - Started process (PID=18695) to work on /usr/local/python/3.12.1/lib/python3.12/site-packages/airflow/example_dags/example_complex.py
[2025-03-31T19:33:17.047+0000] {processor.py:914} INFO - Processing file /usr/local/python/3.12.1/lib/python3.12/site-packages/airflow/example_dags/example_complex.py for tasks to queue
[2025-03-31T19:33:17.048+0000] {logging_mixin.py:190} INFO - [2025-03-31T19:33:17.048+0000] {dagbag.py:588} INFO - Filling up the DagBag from /usr/local/python/3.12.1/lib/python3.12/site-packages/airflow/example_dags/example_complex.py
[2025-03-31T19:33:17.059+0000] {processor.py:925} INFO - DAG(s) 'example_complex' retrieved from /usr/local/python/3.12.1/lib/python3.12/site-packages/airflow/example_dags/example_complex.py
[2025-03-31T19:33:17.083+0000] {logging_mixin.py:190} INFO - [2025-03-31T19:33:17.083+0000] {dag.py:3239} INFO - Sync 1 DAGs
[2025-03-31T19:33:17.095+0000] {logging_mixin.py:190} INFO - [2025-03-31T19:33:17.095+0000] {dag.py:4180} INFO - Setting next_dagrun for example_complex to None, run_after=None
[2025-03-31T19:33:17.110+0000] {processor.py:208} INFO - Processing /usr/local/python/3.12.1/lib/python3.12/site-packages/airflow/example_dags/example_complex.py took 0.068 seconds
[2025-03-31T19:34:16.775+0000] {processor.py:186} INFO - Started process (PID=19189) to work on /usr/local/python/3.12.1/lib/python3.12/site-packages/airflow/example_dags/example_complex.py
[2025-03-31T19:34:16.775+0000] {processor.py:914} INFO - Processing file /usr/local/python/3.12.1/lib/python3.12/site-packages/airflow/example_dags/example_complex.py for tasks to queue
[2025-03-31T19:34:16.777+0000] {logging_mixin.py:190} INFO - [2025-03-31T19:34:16.777+0000] {dagbag.py:588} INFO - Filling up the DagBag from /usr/local/python/3.12.1/lib/python3.12/site-packages/airflow/example_dags/example_complex.py
[2025-03-31T19:34:16.788+0000] {processor.py:925} INFO - DAG(s) 'example_complex' retrieved from /usr/local/python/3.12.1/lib/python3.12/site-packages/airflow/example_dags/example_complex.py
[2025-03-31T19:34:16.807+0000] {logging_mixin.py:190} INFO - [2025-03-31T19:34:16.807+0000] {dag.py:3239} INFO - Sync 1 DAGs
[2025-03-31T19:34:16.817+0000] {logging_mixin.py:190} INFO - [2025-03-31T19:34:16.816+0000] {dag.py:4180} INFO - Setting next_dagrun for example_complex to None, run_after=None
[2025-03-31T19:34:16.831+0000] {processor.py:208} INFO - Processing /usr/local/python/3.12.1/lib/python3.12/site-packages/airflow/example_dags/example_complex.py took 0.060 seconds
[2025-03-31T19:35:14.005+0000] {processor.py:186} INFO - Started process (PID=19659) to work on /usr/local/python/3.12.1/lib/python3.12/site-packages/airflow/example_dags/example_complex.py
[2025-03-31T19:35:14.006+0000] {processor.py:914} INFO - Processing file /usr/local/python/3.12.1/lib/python3.12/site-packages/airflow/example_dags/example_complex.py for tasks to queue
[2025-03-31T19:35:14.007+0000] {logging_mixin.py:190} INFO - [2025-03-31T19:35:14.007+0000] {dagbag.py:588} INFO - Filling up the DagBag from /usr/local/python/3.12.1/lib/python3.12/site-packages/airflow/example_dags/example_complex.py
[2025-03-31T19:35:14.016+0000] {processor.py:925} INFO - DAG(s) 'example_complex' retrieved from /usr/local/python/3.12.1/lib/python3.12/site-packages/airflow/example_dags/example_complex.py
[2025-03-31T19:35:14.036+0000] {logging_mixin.py:190} INFO - [2025-03-31T19:35:14.036+0000] {dag.py:3239} INFO - Sync 1 DAGs
[2025-03-31T19:35:14.046+0000] {logging_mixin.py:190} INFO - [2025-03-31T19:35:14.046+0000] {dag.py:4180} INFO - Setting next_dagrun for example_complex to None, run_after=None
[2025-03-31T19:35:14.060+0000] {processor.py:208} INFO - Processing /usr/local/python/3.12.1/lib/python3.12/site-packages/airflow/example_dags/example_complex.py took 0.060 seconds
[2025-03-31T19:36:11.102+0000] {processor.py:186} INFO - Started process (PID=20136) to work on /usr/local/python/3.12.1/lib/python3.12/site-packages/airflow/example_dags/example_complex.py
[2025-03-31T19:36:11.102+0000] {processor.py:914} INFO - Processing file /usr/local/python/3.12.1/lib/python3.12/site-packages/airflow/example_dags/example_complex.py for tasks to queue
[2025-03-31T19:36:11.104+0000] {logging_mixin.py:190} INFO - [2025-03-31T19:36:11.103+0000] {dagbag.py:588} INFO - Filling up the DagBag from /usr/local/python/3.12.1/lib/python3.12/site-packages/airflow/example_dags/example_complex.py
[2025-03-31T19:36:11.113+0000] {processor.py:925} INFO - DAG(s) 'example_complex' retrieved from /usr/local/python/3.12.1/lib/python3.12/site-packages/airflow/example_dags/example_complex.py
[2025-03-31T19:36:11.133+0000] {logging_mixin.py:190} INFO - [2025-03-31T19:36:11.132+0000] {dag.py:3239} INFO - Sync 1 DAGs
[2025-03-31T19:36:11.142+0000] {logging_mixin.py:190} INFO - [2025-03-31T19:36:11.142+0000] {dag.py:4180} INFO - Setting next_dagrun for example_complex to None, run_after=None
[2025-03-31T19:36:11.157+0000] {processor.py:208} INFO - Processing /usr/local/python/3.12.1/lib/python3.12/site-packages/airflow/example_dags/example_complex.py took 0.059 seconds
[2025-03-31T19:37:05.920+0000] {processor.py:186} INFO - Started process (PID=20566) to work on /usr/local/python/3.12.1/lib/python3.12/site-packages/airflow/example_dags/example_complex.py
[2025-03-31T19:37:05.921+0000] {processor.py:914} INFO - Processing file /usr/local/python/3.12.1/lib/python3.12/site-packages/airflow/example_dags/example_complex.py for tasks to queue
[2025-03-31T19:37:05.922+0000] {logging_mixin.py:190} INFO - [2025-03-31T19:37:05.922+0000] {dagbag.py:588} INFO - Filling up the DagBag from /usr/local/python/3.12.1/lib/python3.12/site-packages/airflow/example_dags/example_complex.py
[2025-03-31T19:37:05.932+0000] {processor.py:925} INFO - DAG(s) 'example_complex' retrieved from /usr/local/python/3.12.1/lib/python3.12/site-packages/airflow/example_dags/example_complex.py
[2025-03-31T19:37:05.951+0000] {logging_mixin.py:190} INFO - [2025-03-31T19:37:05.951+0000] {dag.py:3239} INFO - Sync 1 DAGs
[2025-03-31T19:37:05.961+0000] {logging_mixin.py:190} INFO - [2025-03-31T19:37:05.961+0000] {dag.py:4180} INFO - Setting next_dagrun for example_complex to None, run_after=None
[2025-03-31T19:37:05.976+0000] {processor.py:208} INFO - Processing /usr/local/python/3.12.1/lib/python3.12/site-packages/airflow/example_dags/example_complex.py took 0.059 seconds
[2025-03-31T19:38:03.010+0000] {processor.py:186} INFO - Started process (PID=21023) to work on /usr/local/python/3.12.1/lib/python3.12/site-packages/airflow/example_dags/example_complex.py
[2025-03-31T19:38:03.011+0000] {processor.py:914} INFO - Processing file /usr/local/python/3.12.1/lib/python3.12/site-packages/airflow/example_dags/example_complex.py for tasks to queue
[2025-03-31T19:38:03.012+0000] {logging_mixin.py:190} INFO - [2025-03-31T19:38:03.012+0000] {dagbag.py:588} INFO - Filling up the DagBag from /usr/local/python/3.12.1/lib/python3.12/site-packages/airflow/example_dags/example_complex.py
[2025-03-31T19:38:03.021+0000] {processor.py:925} INFO - DAG(s) 'example_complex' retrieved from /usr/local/python/3.12.1/lib/python3.12/site-packages/airflow/example_dags/example_complex.py
[2025-03-31T19:38:03.041+0000] {logging_mixin.py:190} INFO - [2025-03-31T19:38:03.041+0000] {dag.py:3239} INFO - Sync 1 DAGs
[2025-03-31T19:38:03.051+0000] {logging_mixin.py:190} INFO - [2025-03-31T19:38:03.051+0000] {dag.py:4180} INFO - Setting next_dagrun for example_complex to None, run_after=None
[2025-03-31T19:38:03.065+0000] {processor.py:208} INFO - Processing /usr/local/python/3.12.1/lib/python3.12/site-packages/airflow/example_dags/example_complex.py took 0.059 seconds
