[2025-03-31T19:06:44.470+0000] {processor.py:186} INFO - Started process (PID=5353) to work on /usr/local/python/3.12.1/lib/python3.12/site-packages/airflow/example_dags/example_nested_branch_dag.py
[2025-03-31T19:06:44.470+0000] {processor.py:914} INFO - Processing file /usr/local/python/3.12.1/lib/python3.12/site-packages/airflow/example_dags/example_nested_branch_dag.py for tasks to queue
[2025-03-31T19:06:44.472+0000] {logging_mixin.py:190} INFO - [2025-03-31T19:06:44.471+0000] {dagbag.py:588} INFO - Filling up the DagBag from /usr/local/python/3.12.1/lib/python3.12/site-packages/airflow/example_dags/example_nested_branch_dag.py
[2025-03-31T19:06:44.480+0000] {processor.py:925} INFO - DAG(s) 'example_nested_branch_dag' retrieved from /usr/local/python/3.12.1/lib/python3.12/site-packages/airflow/example_dags/example_nested_branch_dag.py
[2025-03-31T19:06:44.494+0000] {logging_mixin.py:190} INFO - [2025-03-31T19:06:44.493+0000] {dag.py:3239} INFO - Sync 1 DAGs
[2025-03-31T19:06:44.510+0000] {logging_mixin.py:190} INFO - [2025-03-31T19:06:44.510+0000] {dag.py:4180} INFO - Setting next_dagrun for example_nested_branch_dag to 2025-03-30 00:00:00+00:00, run_after=2025-03-31 00:00:00+00:00
[2025-03-31T19:06:44.526+0000] {processor.py:208} INFO - Processing /usr/local/python/3.12.1/lib/python3.12/site-packages/airflow/example_dags/example_nested_branch_dag.py took 0.060 seconds
[2025-03-31T19:07:42.194+0000] {processor.py:186} INFO - Started process (PID=5837) to work on /usr/local/python/3.12.1/lib/python3.12/site-packages/airflow/example_dags/example_nested_branch_dag.py
[2025-03-31T19:07:42.194+0000] {processor.py:914} INFO - Processing file /usr/local/python/3.12.1/lib/python3.12/site-packages/airflow/example_dags/example_nested_branch_dag.py for tasks to queue
[2025-03-31T19:07:42.196+0000] {logging_mixin.py:190} INFO - [2025-03-31T19:07:42.195+0000] {dagbag.py:588} INFO - Filling up the DagBag from /usr/local/python/3.12.1/lib/python3.12/site-packages/airflow/example_dags/example_nested_branch_dag.py
[2025-03-31T19:07:42.205+0000] {processor.py:925} INFO - DAG(s) 'example_nested_branch_dag' retrieved from /usr/local/python/3.12.1/lib/python3.12/site-packages/airflow/example_dags/example_nested_branch_dag.py
[2025-03-31T19:07:42.216+0000] {logging_mixin.py:190} INFO - [2025-03-31T19:07:42.216+0000] {dag.py:3239} INFO - Sync 1 DAGs
[2025-03-31T19:07:42.232+0000] {logging_mixin.py:190} INFO - [2025-03-31T19:07:42.232+0000] {dag.py:4180} INFO - Setting next_dagrun for example_nested_branch_dag to 2025-03-30 00:00:00+00:00, run_after=2025-03-31 00:00:00+00:00
[2025-03-31T19:07:42.247+0000] {processor.py:208} INFO - Processing /usr/local/python/3.12.1/lib/python3.12/site-packages/airflow/example_dags/example_nested_branch_dag.py took 0.058 seconds
[2025-03-31T19:08:38.642+0000] {processor.py:186} INFO - Started process (PID=6335) to work on /usr/local/python/3.12.1/lib/python3.12/site-packages/airflow/example_dags/example_nested_branch_dag.py
[2025-03-31T19:08:38.642+0000] {processor.py:914} INFO - Processing file /usr/local/python/3.12.1/lib/python3.12/site-packages/airflow/example_dags/example_nested_branch_dag.py for tasks to queue
[2025-03-31T19:08:38.644+0000] {logging_mixin.py:190} INFO - [2025-03-31T19:08:38.643+0000] {dagbag.py:588} INFO - Filling up the DagBag from /usr/local/python/3.12.1/lib/python3.12/site-packages/airflow/example_dags/example_nested_branch_dag.py
[2025-03-31T19:08:38.652+0000] {processor.py:925} INFO - DAG(s) 'example_nested_branch_dag' retrieved from /usr/local/python/3.12.1/lib/python3.12/site-packages/airflow/example_dags/example_nested_branch_dag.py
[2025-03-31T19:08:38.664+0000] {logging_mixin.py:190} INFO - [2025-03-31T19:08:38.664+0000] {dag.py:3239} INFO - Sync 1 DAGs
[2025-03-31T19:08:38.680+0000] {logging_mixin.py:190} INFO - [2025-03-31T19:08:38.680+0000] {dag.py:4180} INFO - Setting next_dagrun for example_nested_branch_dag to 2025-03-30 00:00:00+00:00, run_after=2025-03-31 00:00:00+00:00
[2025-03-31T19:08:38.698+0000] {processor.py:208} INFO - Processing /usr/local/python/3.12.1/lib/python3.12/site-packages/airflow/example_dags/example_nested_branch_dag.py took 0.060 seconds
[2025-03-31T19:09:31.719+0000] {processor.py:186} INFO - Started process (PID=6752) to work on /usr/local/python/3.12.1/lib/python3.12/site-packages/airflow/example_dags/example_nested_branch_dag.py
[2025-03-31T19:09:31.719+0000] {processor.py:914} INFO - Processing file /usr/local/python/3.12.1/lib/python3.12/site-packages/airflow/example_dags/example_nested_branch_dag.py for tasks to queue
[2025-03-31T19:09:31.721+0000] {logging_mixin.py:190} INFO - [2025-03-31T19:09:31.720+0000] {dagbag.py:588} INFO - Filling up the DagBag from /usr/local/python/3.12.1/lib/python3.12/site-packages/airflow/example_dags/example_nested_branch_dag.py
[2025-03-31T19:09:31.730+0000] {processor.py:925} INFO - DAG(s) 'example_nested_branch_dag' retrieved from /usr/local/python/3.12.1/lib/python3.12/site-packages/airflow/example_dags/example_nested_branch_dag.py
[2025-03-31T19:09:31.742+0000] {logging_mixin.py:190} INFO - [2025-03-31T19:09:31.741+0000] {dag.py:3239} INFO - Sync 1 DAGs
[2025-03-31T19:09:31.757+0000] {logging_mixin.py:190} INFO - [2025-03-31T19:09:31.757+0000] {dag.py:4180} INFO - Setting next_dagrun for example_nested_branch_dag to 2025-03-30 00:00:00+00:00, run_after=2025-03-31 00:00:00+00:00
[2025-03-31T19:09:31.771+0000] {processor.py:208} INFO - Processing /usr/local/python/3.12.1/lib/python3.12/site-packages/airflow/example_dags/example_nested_branch_dag.py took 0.057 seconds
[2025-03-31T19:10:25.247+0000] {processor.py:186} INFO - Started process (PID=7168) to work on /usr/local/python/3.12.1/lib/python3.12/site-packages/airflow/example_dags/example_nested_branch_dag.py
[2025-03-31T19:10:25.248+0000] {processor.py:914} INFO - Processing file /usr/local/python/3.12.1/lib/python3.12/site-packages/airflow/example_dags/example_nested_branch_dag.py for tasks to queue
[2025-03-31T19:10:25.249+0000] {logging_mixin.py:190} INFO - [2025-03-31T19:10:25.249+0000] {dagbag.py:588} INFO - Filling up the DagBag from /usr/local/python/3.12.1/lib/python3.12/site-packages/airflow/example_dags/example_nested_branch_dag.py
[2025-03-31T19:10:25.258+0000] {processor.py:925} INFO - DAG(s) 'example_nested_branch_dag' retrieved from /usr/local/python/3.12.1/lib/python3.12/site-packages/airflow/example_dags/example_nested_branch_dag.py
[2025-03-31T19:10:25.270+0000] {logging_mixin.py:190} INFO - [2025-03-31T19:10:25.270+0000] {dag.py:3239} INFO - Sync 1 DAGs
[2025-03-31T19:10:25.285+0000] {logging_mixin.py:190} INFO - [2025-03-31T19:10:25.285+0000] {dag.py:4180} INFO - Setting next_dagrun for example_nested_branch_dag to 2025-03-30 00:00:00+00:00, run_after=2025-03-31 00:00:00+00:00
[2025-03-31T19:10:25.301+0000] {processor.py:208} INFO - Processing /usr/local/python/3.12.1/lib/python3.12/site-packages/airflow/example_dags/example_nested_branch_dag.py took 0.058 seconds
[2025-03-31T19:11:17.724+0000] {processor.py:186} INFO - Started process (PID=7600) to work on /usr/local/python/3.12.1/lib/python3.12/site-packages/airflow/example_dags/example_nested_branch_dag.py
[2025-03-31T19:11:17.725+0000] {processor.py:914} INFO - Processing file /usr/local/python/3.12.1/lib/python3.12/site-packages/airflow/example_dags/example_nested_branch_dag.py for tasks to queue
[2025-03-31T19:11:17.726+0000] {logging_mixin.py:190} INFO - [2025-03-31T19:11:17.726+0000] {dagbag.py:588} INFO - Filling up the DagBag from /usr/local/python/3.12.1/lib/python3.12/site-packages/airflow/example_dags/example_nested_branch_dag.py
[2025-03-31T19:11:17.735+0000] {processor.py:925} INFO - DAG(s) 'example_nested_branch_dag' retrieved from /usr/local/python/3.12.1/lib/python3.12/site-packages/airflow/example_dags/example_nested_branch_dag.py
[2025-03-31T19:11:17.747+0000] {logging_mixin.py:190} INFO - [2025-03-31T19:11:17.747+0000] {dag.py:3239} INFO - Sync 1 DAGs
[2025-03-31T19:11:17.763+0000] {logging_mixin.py:190} INFO - [2025-03-31T19:11:17.763+0000] {dag.py:4180} INFO - Setting next_dagrun for example_nested_branch_dag to 2025-03-30 00:00:00+00:00, run_after=2025-03-31 00:00:00+00:00
[2025-03-31T19:11:17.778+0000] {processor.py:208} INFO - Processing /usr/local/python/3.12.1/lib/python3.12/site-packages/airflow/example_dags/example_nested_branch_dag.py took 0.058 seconds
[2025-03-31T19:12:09.717+0000] {processor.py:186} INFO - Started process (PID=8006) to work on /usr/local/python/3.12.1/lib/python3.12/site-packages/airflow/example_dags/example_nested_branch_dag.py
[2025-03-31T19:12:09.718+0000] {processor.py:914} INFO - Processing file /usr/local/python/3.12.1/lib/python3.12/site-packages/airflow/example_dags/example_nested_branch_dag.py for tasks to queue
[2025-03-31T19:12:09.720+0000] {logging_mixin.py:190} INFO - [2025-03-31T19:12:09.719+0000] {dagbag.py:588} INFO - Filling up the DagBag from /usr/local/python/3.12.1/lib/python3.12/site-packages/airflow/example_dags/example_nested_branch_dag.py
[2025-03-31T19:12:09.728+0000] {processor.py:925} INFO - DAG(s) 'example_nested_branch_dag' retrieved from /usr/local/python/3.12.1/lib/python3.12/site-packages/airflow/example_dags/example_nested_branch_dag.py
[2025-03-31T19:12:09.740+0000] {logging_mixin.py:190} INFO - [2025-03-31T19:12:09.740+0000] {dag.py:3239} INFO - Sync 1 DAGs
[2025-03-31T19:12:09.756+0000] {logging_mixin.py:190} INFO - [2025-03-31T19:12:09.756+0000] {dag.py:4180} INFO - Setting next_dagrun for example_nested_branch_dag to 2025-03-30 00:00:00+00:00, run_after=2025-03-31 00:00:00+00:00
[2025-03-31T19:12:09.771+0000] {processor.py:208} INFO - Processing /usr/local/python/3.12.1/lib/python3.12/site-packages/airflow/example_dags/example_nested_branch_dag.py took 0.058 seconds
[2025-03-31T19:13:02.182+0000] {processor.py:186} INFO - Started process (PID=8414) to work on /usr/local/python/3.12.1/lib/python3.12/site-packages/airflow/example_dags/example_nested_branch_dag.py
[2025-03-31T19:13:02.183+0000] {processor.py:914} INFO - Processing file /usr/local/python/3.12.1/lib/python3.12/site-packages/airflow/example_dags/example_nested_branch_dag.py for tasks to queue
[2025-03-31T19:13:02.184+0000] {logging_mixin.py:190} INFO - [2025-03-31T19:13:02.184+0000] {dagbag.py:588} INFO - Filling up the DagBag from /usr/local/python/3.12.1/lib/python3.12/site-packages/airflow/example_dags/example_nested_branch_dag.py
[2025-03-31T19:13:02.193+0000] {processor.py:925} INFO - DAG(s) 'example_nested_branch_dag' retrieved from /usr/local/python/3.12.1/lib/python3.12/site-packages/airflow/example_dags/example_nested_branch_dag.py
[2025-03-31T19:13:02.205+0000] {logging_mixin.py:190} INFO - [2025-03-31T19:13:02.205+0000] {dag.py:3239} INFO - Sync 1 DAGs
[2025-03-31T19:13:02.221+0000] {logging_mixin.py:190} INFO - [2025-03-31T19:13:02.221+0000] {dag.py:4180} INFO - Setting next_dagrun for example_nested_branch_dag to 2025-03-30 00:00:00+00:00, run_after=2025-03-31 00:00:00+00:00
[2025-03-31T19:13:02.235+0000] {processor.py:208} INFO - Processing /usr/local/python/3.12.1/lib/python3.12/site-packages/airflow/example_dags/example_nested_branch_dag.py took 0.057 seconds
[2025-03-31T19:13:56.154+0000] {processor.py:186} INFO - Started process (PID=8837) to work on /usr/local/python/3.12.1/lib/python3.12/site-packages/airflow/example_dags/example_nested_branch_dag.py
[2025-03-31T19:13:56.155+0000] {processor.py:914} INFO - Processing file /usr/local/python/3.12.1/lib/python3.12/site-packages/airflow/example_dags/example_nested_branch_dag.py for tasks to queue
[2025-03-31T19:13:56.156+0000] {logging_mixin.py:190} INFO - [2025-03-31T19:13:56.156+0000] {dagbag.py:588} INFO - Filling up the DagBag from /usr/local/python/3.12.1/lib/python3.12/site-packages/airflow/example_dags/example_nested_branch_dag.py
[2025-03-31T19:13:56.165+0000] {processor.py:925} INFO - DAG(s) 'example_nested_branch_dag' retrieved from /usr/local/python/3.12.1/lib/python3.12/site-packages/airflow/example_dags/example_nested_branch_dag.py
[2025-03-31T19:13:56.177+0000] {logging_mixin.py:190} INFO - [2025-03-31T19:13:56.177+0000] {dag.py:3239} INFO - Sync 1 DAGs
[2025-03-31T19:13:56.193+0000] {logging_mixin.py:190} INFO - [2025-03-31T19:13:56.192+0000] {dag.py:4180} INFO - Setting next_dagrun for example_nested_branch_dag to 2025-03-30 00:00:00+00:00, run_after=2025-03-31 00:00:00+00:00
[2025-03-31T19:13:56.207+0000] {processor.py:208} INFO - Processing /usr/local/python/3.12.1/lib/python3.12/site-packages/airflow/example_dags/example_nested_branch_dag.py took 0.057 seconds
[2025-03-31T19:14:48.090+0000] {processor.py:186} INFO - Started process (PID=9243) to work on /usr/local/python/3.12.1/lib/python3.12/site-packages/airflow/example_dags/example_nested_branch_dag.py
[2025-03-31T19:14:48.090+0000] {processor.py:914} INFO - Processing file /usr/local/python/3.12.1/lib/python3.12/site-packages/airflow/example_dags/example_nested_branch_dag.py for tasks to queue
[2025-03-31T19:14:48.092+0000] {logging_mixin.py:190} INFO - [2025-03-31T19:14:48.092+0000] {dagbag.py:588} INFO - Filling up the DagBag from /usr/local/python/3.12.1/lib/python3.12/site-packages/airflow/example_dags/example_nested_branch_dag.py
[2025-03-31T19:14:48.101+0000] {processor.py:925} INFO - DAG(s) 'example_nested_branch_dag' retrieved from /usr/local/python/3.12.1/lib/python3.12/site-packages/airflow/example_dags/example_nested_branch_dag.py
[2025-03-31T19:14:48.113+0000] {logging_mixin.py:190} INFO - [2025-03-31T19:14:48.113+0000] {dag.py:3239} INFO - Sync 1 DAGs
[2025-03-31T19:14:48.129+0000] {logging_mixin.py:190} INFO - [2025-03-31T19:14:48.129+0000] {dag.py:4180} INFO - Setting next_dagrun for example_nested_branch_dag to 2025-03-30 00:00:00+00:00, run_after=2025-03-31 00:00:00+00:00
[2025-03-31T19:14:48.143+0000] {processor.py:208} INFO - Processing /usr/local/python/3.12.1/lib/python3.12/site-packages/airflow/example_dags/example_nested_branch_dag.py took 0.057 seconds
[2025-03-31T19:15:42.640+0000] {processor.py:186} INFO - Started process (PID=9685) to work on /usr/local/python/3.12.1/lib/python3.12/site-packages/airflow/example_dags/example_nested_branch_dag.py
[2025-03-31T19:15:42.641+0000] {processor.py:914} INFO - Processing file /usr/local/python/3.12.1/lib/python3.12/site-packages/airflow/example_dags/example_nested_branch_dag.py for tasks to queue
[2025-03-31T19:15:42.642+0000] {logging_mixin.py:190} INFO - [2025-03-31T19:15:42.642+0000] {dagbag.py:588} INFO - Filling up the DagBag from /usr/local/python/3.12.1/lib/python3.12/site-packages/airflow/example_dags/example_nested_branch_dag.py
[2025-03-31T19:15:42.651+0000] {processor.py:925} INFO - DAG(s) 'example_nested_branch_dag' retrieved from /usr/local/python/3.12.1/lib/python3.12/site-packages/airflow/example_dags/example_nested_branch_dag.py
[2025-03-31T19:15:42.663+0000] {logging_mixin.py:190} INFO - [2025-03-31T19:15:42.663+0000] {dag.py:3239} INFO - Sync 1 DAGs
[2025-03-31T19:15:42.679+0000] {logging_mixin.py:190} INFO - [2025-03-31T19:15:42.679+0000] {dag.py:4180} INFO - Setting next_dagrun for example_nested_branch_dag to 2025-03-30 00:00:00+00:00, run_after=2025-03-31 00:00:00+00:00
[2025-03-31T19:15:42.694+0000] {processor.py:208} INFO - Processing /usr/local/python/3.12.1/lib/python3.12/site-packages/airflow/example_dags/example_nested_branch_dag.py took 0.057 seconds
[2025-03-31T19:16:35.120+0000] {processor.py:186} INFO - Started process (PID=10098) to work on /usr/local/python/3.12.1/lib/python3.12/site-packages/airflow/example_dags/example_nested_branch_dag.py
[2025-03-31T19:16:35.121+0000] {processor.py:914} INFO - Processing file /usr/local/python/3.12.1/lib/python3.12/site-packages/airflow/example_dags/example_nested_branch_dag.py for tasks to queue
[2025-03-31T19:16:35.122+0000] {logging_mixin.py:190} INFO - [2025-03-31T19:16:35.122+0000] {dagbag.py:588} INFO - Filling up the DagBag from /usr/local/python/3.12.1/lib/python3.12/site-packages/airflow/example_dags/example_nested_branch_dag.py
[2025-03-31T19:16:35.131+0000] {processor.py:925} INFO - DAG(s) 'example_nested_branch_dag' retrieved from /usr/local/python/3.12.1/lib/python3.12/site-packages/airflow/example_dags/example_nested_branch_dag.py
[2025-03-31T19:16:35.143+0000] {logging_mixin.py:190} INFO - [2025-03-31T19:16:35.143+0000] {dag.py:3239} INFO - Sync 1 DAGs
[2025-03-31T19:16:35.159+0000] {logging_mixin.py:190} INFO - [2025-03-31T19:16:35.159+0000] {dag.py:4180} INFO - Setting next_dagrun for example_nested_branch_dag to 2025-03-30 00:00:00+00:00, run_after=2025-03-31 00:00:00+00:00
[2025-03-31T19:16:35.174+0000] {processor.py:208} INFO - Processing /usr/local/python/3.12.1/lib/python3.12/site-packages/airflow/example_dags/example_nested_branch_dag.py took 0.058 seconds
[2025-03-31T19:17:30.525+0000] {processor.py:186} INFO - Started process (PID=10534) to work on /usr/local/python/3.12.1/lib/python3.12/site-packages/airflow/example_dags/example_nested_branch_dag.py
[2025-03-31T19:17:30.526+0000] {processor.py:914} INFO - Processing file /usr/local/python/3.12.1/lib/python3.12/site-packages/airflow/example_dags/example_nested_branch_dag.py for tasks to queue
[2025-03-31T19:17:30.527+0000] {logging_mixin.py:190} INFO - [2025-03-31T19:17:30.527+0000] {dagbag.py:588} INFO - Filling up the DagBag from /usr/local/python/3.12.1/lib/python3.12/site-packages/airflow/example_dags/example_nested_branch_dag.py
[2025-03-31T19:17:30.536+0000] {processor.py:925} INFO - DAG(s) 'example_nested_branch_dag' retrieved from /usr/local/python/3.12.1/lib/python3.12/site-packages/airflow/example_dags/example_nested_branch_dag.py
[2025-03-31T19:17:30.548+0000] {logging_mixin.py:190} INFO - [2025-03-31T19:17:30.548+0000] {dag.py:3239} INFO - Sync 1 DAGs
[2025-03-31T19:17:30.564+0000] {logging_mixin.py:190} INFO - [2025-03-31T19:17:30.564+0000] {dag.py:4180} INFO - Setting next_dagrun for example_nested_branch_dag to 2025-03-30 00:00:00+00:00, run_after=2025-03-31 00:00:00+00:00
[2025-03-31T19:17:30.579+0000] {processor.py:208} INFO - Processing /usr/local/python/3.12.1/lib/python3.12/site-packages/airflow/example_dags/example_nested_branch_dag.py took 0.058 seconds
[2025-03-31T19:18:24.654+0000] {processor.py:186} INFO - Started process (PID=11016) to work on /usr/local/python/3.12.1/lib/python3.12/site-packages/airflow/example_dags/example_nested_branch_dag.py
[2025-03-31T19:18:24.655+0000] {processor.py:914} INFO - Processing file /usr/local/python/3.12.1/lib/python3.12/site-packages/airflow/example_dags/example_nested_branch_dag.py for tasks to queue
[2025-03-31T19:18:24.656+0000] {logging_mixin.py:190} INFO - [2025-03-31T19:18:24.656+0000] {dagbag.py:588} INFO - Filling up the DagBag from /usr/local/python/3.12.1/lib/python3.12/site-packages/airflow/example_dags/example_nested_branch_dag.py
[2025-03-31T19:18:24.665+0000] {processor.py:925} INFO - DAG(s) 'example_nested_branch_dag' retrieved from /usr/local/python/3.12.1/lib/python3.12/site-packages/airflow/example_dags/example_nested_branch_dag.py
[2025-03-31T19:18:24.678+0000] {logging_mixin.py:190} INFO - [2025-03-31T19:18:24.677+0000] {dag.py:3239} INFO - Sync 1 DAGs
[2025-03-31T19:18:24.693+0000] {logging_mixin.py:190} INFO - [2025-03-31T19:18:24.693+0000] {dag.py:4180} INFO - Setting next_dagrun for example_nested_branch_dag to 2025-03-30 00:00:00+00:00, run_after=2025-03-31 00:00:00+00:00
[2025-03-31T19:18:24.707+0000] {processor.py:208} INFO - Processing /usr/local/python/3.12.1/lib/python3.12/site-packages/airflow/example_dags/example_nested_branch_dag.py took 0.058 seconds
[2025-03-31T19:19:17.143+0000] {processor.py:186} INFO - Started process (PID=11473) to work on /usr/local/python/3.12.1/lib/python3.12/site-packages/airflow/example_dags/example_nested_branch_dag.py
[2025-03-31T19:19:17.144+0000] {processor.py:914} INFO - Processing file /usr/local/python/3.12.1/lib/python3.12/site-packages/airflow/example_dags/example_nested_branch_dag.py for tasks to queue
[2025-03-31T19:19:17.145+0000] {logging_mixin.py:190} INFO - [2025-03-31T19:19:17.145+0000] {dagbag.py:588} INFO - Filling up the DagBag from /usr/local/python/3.12.1/lib/python3.12/site-packages/airflow/example_dags/example_nested_branch_dag.py
[2025-03-31T19:19:17.154+0000] {processor.py:925} INFO - DAG(s) 'example_nested_branch_dag' retrieved from /usr/local/python/3.12.1/lib/python3.12/site-packages/airflow/example_dags/example_nested_branch_dag.py
[2025-03-31T19:19:17.166+0000] {logging_mixin.py:190} INFO - [2025-03-31T19:19:17.166+0000] {dag.py:3239} INFO - Sync 1 DAGs
[2025-03-31T19:19:17.182+0000] {logging_mixin.py:190} INFO - [2025-03-31T19:19:17.182+0000] {dag.py:4180} INFO - Setting next_dagrun for example_nested_branch_dag to 2025-03-30 00:00:00+00:00, run_after=2025-03-31 00:00:00+00:00
[2025-03-31T19:19:17.197+0000] {processor.py:208} INFO - Processing /usr/local/python/3.12.1/lib/python3.12/site-packages/airflow/example_dags/example_nested_branch_dag.py took 0.058 seconds
[2025-03-31T19:20:07.104+0000] {processor.py:186} INFO - Started process (PID=11953) to work on /usr/local/python/3.12.1/lib/python3.12/site-packages/airflow/example_dags/example_nested_branch_dag.py
[2025-03-31T19:20:07.105+0000] {processor.py:914} INFO - Processing file /usr/local/python/3.12.1/lib/python3.12/site-packages/airflow/example_dags/example_nested_branch_dag.py for tasks to queue
[2025-03-31T19:20:07.106+0000] {logging_mixin.py:190} INFO - [2025-03-31T19:20:07.106+0000] {dagbag.py:588} INFO - Filling up the DagBag from /usr/local/python/3.12.1/lib/python3.12/site-packages/airflow/example_dags/example_nested_branch_dag.py
[2025-03-31T19:20:07.115+0000] {processor.py:925} INFO - DAG(s) 'example_nested_branch_dag' retrieved from /usr/local/python/3.12.1/lib/python3.12/site-packages/airflow/example_dags/example_nested_branch_dag.py
[2025-03-31T19:20:07.127+0000] {logging_mixin.py:190} INFO - [2025-03-31T19:20:07.127+0000] {dag.py:3239} INFO - Sync 1 DAGs
[2025-03-31T19:20:07.143+0000] {logging_mixin.py:190} INFO - [2025-03-31T19:20:07.143+0000] {dag.py:4180} INFO - Setting next_dagrun for example_nested_branch_dag to 2025-03-30 00:00:00+00:00, run_after=2025-03-31 00:00:00+00:00
[2025-03-31T19:20:07.158+0000] {processor.py:208} INFO - Processing /usr/local/python/3.12.1/lib/python3.12/site-packages/airflow/example_dags/example_nested_branch_dag.py took 0.058 seconds
[2025-03-31T19:20:58.746+0000] {processor.py:186} INFO - Started process (PID=12479) to work on /usr/local/python/3.12.1/lib/python3.12/site-packages/airflow/example_dags/example_nested_branch_dag.py
[2025-03-31T19:20:58.746+0000] {processor.py:914} INFO - Processing file /usr/local/python/3.12.1/lib/python3.12/site-packages/airflow/example_dags/example_nested_branch_dag.py for tasks to queue
[2025-03-31T19:20:58.748+0000] {logging_mixin.py:190} INFO - [2025-03-31T19:20:58.748+0000] {dagbag.py:588} INFO - Filling up the DagBag from /usr/local/python/3.12.1/lib/python3.12/site-packages/airflow/example_dags/example_nested_branch_dag.py
[2025-03-31T19:20:58.757+0000] {processor.py:925} INFO - DAG(s) 'example_nested_branch_dag' retrieved from /usr/local/python/3.12.1/lib/python3.12/site-packages/airflow/example_dags/example_nested_branch_dag.py
[2025-03-31T19:20:58.769+0000] {logging_mixin.py:190} INFO - [2025-03-31T19:20:58.769+0000] {dag.py:3239} INFO - Sync 1 DAGs
[2025-03-31T19:20:58.784+0000] {logging_mixin.py:190} INFO - [2025-03-31T19:20:58.784+0000] {dag.py:4180} INFO - Setting next_dagrun for example_nested_branch_dag to 2025-03-30 00:00:00+00:00, run_after=2025-03-31 00:00:00+00:00
[2025-03-31T19:20:58.800+0000] {processor.py:208} INFO - Processing /usr/local/python/3.12.1/lib/python3.12/site-packages/airflow/example_dags/example_nested_branch_dag.py took 0.058 seconds
[2025-03-31T19:21:51.287+0000] {processor.py:186} INFO - Started process (PID=12969) to work on /usr/local/python/3.12.1/lib/python3.12/site-packages/airflow/example_dags/example_nested_branch_dag.py
[2025-03-31T19:21:51.287+0000] {processor.py:914} INFO - Processing file /usr/local/python/3.12.1/lib/python3.12/site-packages/airflow/example_dags/example_nested_branch_dag.py for tasks to queue
[2025-03-31T19:21:51.289+0000] {logging_mixin.py:190} INFO - [2025-03-31T19:21:51.288+0000] {dagbag.py:588} INFO - Filling up the DagBag from /usr/local/python/3.12.1/lib/python3.12/site-packages/airflow/example_dags/example_nested_branch_dag.py
[2025-03-31T19:21:51.298+0000] {processor.py:925} INFO - DAG(s) 'example_nested_branch_dag' retrieved from /usr/local/python/3.12.1/lib/python3.12/site-packages/airflow/example_dags/example_nested_branch_dag.py
[2025-03-31T19:21:51.310+0000] {logging_mixin.py:190} INFO - [2025-03-31T19:21:51.310+0000] {dag.py:3239} INFO - Sync 1 DAGs
[2025-03-31T19:21:51.326+0000] {logging_mixin.py:190} INFO - [2025-03-31T19:21:51.326+0000] {dag.py:4180} INFO - Setting next_dagrun for example_nested_branch_dag to 2025-03-30 00:00:00+00:00, run_after=2025-03-31 00:00:00+00:00
[2025-03-31T19:21:51.341+0000] {processor.py:208} INFO - Processing /usr/local/python/3.12.1/lib/python3.12/site-packages/airflow/example_dags/example_nested_branch_dag.py took 0.058 seconds
[2025-03-31T19:22:43.742+0000] {processor.py:186} INFO - Started process (PID=13407) to work on /usr/local/python/3.12.1/lib/python3.12/site-packages/airflow/example_dags/example_nested_branch_dag.py
[2025-03-31T19:22:43.742+0000] {processor.py:914} INFO - Processing file /usr/local/python/3.12.1/lib/python3.12/site-packages/airflow/example_dags/example_nested_branch_dag.py for tasks to queue
[2025-03-31T19:22:43.744+0000] {logging_mixin.py:190} INFO - [2025-03-31T19:22:43.743+0000] {dagbag.py:588} INFO - Filling up the DagBag from /usr/local/python/3.12.1/lib/python3.12/site-packages/airflow/example_dags/example_nested_branch_dag.py
[2025-03-31T19:22:43.753+0000] {processor.py:925} INFO - DAG(s) 'example_nested_branch_dag' retrieved from /usr/local/python/3.12.1/lib/python3.12/site-packages/airflow/example_dags/example_nested_branch_dag.py
[2025-03-31T19:22:43.765+0000] {logging_mixin.py:190} INFO - [2025-03-31T19:22:43.765+0000] {dag.py:3239} INFO - Sync 1 DAGs
[2025-03-31T19:22:43.781+0000] {logging_mixin.py:190} INFO - [2025-03-31T19:22:43.781+0000] {dag.py:4180} INFO - Setting next_dagrun for example_nested_branch_dag to 2025-03-30 00:00:00+00:00, run_after=2025-03-31 00:00:00+00:00
[2025-03-31T19:22:43.796+0000] {processor.py:208} INFO - Processing /usr/local/python/3.12.1/lib/python3.12/site-packages/airflow/example_dags/example_nested_branch_dag.py took 0.058 seconds
[2025-03-31T19:23:36.573+0000] {processor.py:186} INFO - Started process (PID=13825) to work on /usr/local/python/3.12.1/lib/python3.12/site-packages/airflow/example_dags/example_nested_branch_dag.py
[2025-03-31T19:23:36.574+0000] {processor.py:914} INFO - Processing file /usr/local/python/3.12.1/lib/python3.12/site-packages/airflow/example_dags/example_nested_branch_dag.py for tasks to queue
[2025-03-31T19:23:36.575+0000] {logging_mixin.py:190} INFO - [2025-03-31T19:23:36.575+0000] {dagbag.py:588} INFO - Filling up the DagBag from /usr/local/python/3.12.1/lib/python3.12/site-packages/airflow/example_dags/example_nested_branch_dag.py
[2025-03-31T19:23:36.584+0000] {processor.py:925} INFO - DAG(s) 'example_nested_branch_dag' retrieved from /usr/local/python/3.12.1/lib/python3.12/site-packages/airflow/example_dags/example_nested_branch_dag.py
[2025-03-31T19:23:36.596+0000] {logging_mixin.py:190} INFO - [2025-03-31T19:23:36.596+0000] {dag.py:3239} INFO - Sync 1 DAGs
[2025-03-31T19:23:36.611+0000] {logging_mixin.py:190} INFO - [2025-03-31T19:23:36.611+0000] {dag.py:4180} INFO - Setting next_dagrun for example_nested_branch_dag to 2025-03-30 00:00:00+00:00, run_after=2025-03-31 00:00:00+00:00
[2025-03-31T19:23:36.626+0000] {processor.py:208} INFO - Processing /usr/local/python/3.12.1/lib/python3.12/site-packages/airflow/example_dags/example_nested_branch_dag.py took 0.058 seconds
[2025-03-31T19:24:27.636+0000] {processor.py:186} INFO - Started process (PID=14233) to work on /usr/local/python/3.12.1/lib/python3.12/site-packages/airflow/example_dags/example_nested_branch_dag.py
[2025-03-31T19:24:27.637+0000] {processor.py:914} INFO - Processing file /usr/local/python/3.12.1/lib/python3.12/site-packages/airflow/example_dags/example_nested_branch_dag.py for tasks to queue
[2025-03-31T19:24:27.638+0000] {logging_mixin.py:190} INFO - [2025-03-31T19:24:27.638+0000] {dagbag.py:588} INFO - Filling up the DagBag from /usr/local/python/3.12.1/lib/python3.12/site-packages/airflow/example_dags/example_nested_branch_dag.py
[2025-03-31T19:24:27.647+0000] {processor.py:925} INFO - DAG(s) 'example_nested_branch_dag' retrieved from /usr/local/python/3.12.1/lib/python3.12/site-packages/airflow/example_dags/example_nested_branch_dag.py
[2025-03-31T19:24:27.659+0000] {logging_mixin.py:190} INFO - [2025-03-31T19:24:27.659+0000] {dag.py:3239} INFO - Sync 1 DAGs
[2025-03-31T19:24:27.674+0000] {logging_mixin.py:190} INFO - [2025-03-31T19:24:27.674+0000] {dag.py:4180} INFO - Setting next_dagrun for example_nested_branch_dag to 2025-03-30 00:00:00+00:00, run_after=2025-03-31 00:00:00+00:00
[2025-03-31T19:24:27.689+0000] {processor.py:208} INFO - Processing /usr/local/python/3.12.1/lib/python3.12/site-packages/airflow/example_dags/example_nested_branch_dag.py took 0.057 seconds
[2025-03-31T19:25:20.764+0000] {processor.py:186} INFO - Started process (PID=14670) to work on /usr/local/python/3.12.1/lib/python3.12/site-packages/airflow/example_dags/example_nested_branch_dag.py
[2025-03-31T19:25:20.765+0000] {processor.py:914} INFO - Processing file /usr/local/python/3.12.1/lib/python3.12/site-packages/airflow/example_dags/example_nested_branch_dag.py for tasks to queue
[2025-03-31T19:25:20.766+0000] {logging_mixin.py:190} INFO - [2025-03-31T19:25:20.766+0000] {dagbag.py:588} INFO - Filling up the DagBag from /usr/local/python/3.12.1/lib/python3.12/site-packages/airflow/example_dags/example_nested_branch_dag.py
[2025-03-31T19:25:20.775+0000] {processor.py:925} INFO - DAG(s) 'example_nested_branch_dag' retrieved from /usr/local/python/3.12.1/lib/python3.12/site-packages/airflow/example_dags/example_nested_branch_dag.py
[2025-03-31T19:25:20.787+0000] {logging_mixin.py:190} INFO - [2025-03-31T19:25:20.787+0000] {dag.py:3239} INFO - Sync 1 DAGs
[2025-03-31T19:25:20.803+0000] {logging_mixin.py:190} INFO - [2025-03-31T19:25:20.802+0000] {dag.py:4180} INFO - Setting next_dagrun for example_nested_branch_dag to 2025-03-30 00:00:00+00:00, run_after=2025-03-31 00:00:00+00:00
[2025-03-31T19:25:20.817+0000] {processor.py:208} INFO - Processing /usr/local/python/3.12.1/lib/python3.12/site-packages/airflow/example_dags/example_nested_branch_dag.py took 0.057 seconds
[2025-03-31T19:26:12.863+0000] {processor.py:186} INFO - Started process (PID=15129) to work on /usr/local/python/3.12.1/lib/python3.12/site-packages/airflow/example_dags/example_nested_branch_dag.py
[2025-03-31T19:26:12.864+0000] {processor.py:914} INFO - Processing file /usr/local/python/3.12.1/lib/python3.12/site-packages/airflow/example_dags/example_nested_branch_dag.py for tasks to queue
[2025-03-31T19:26:12.865+0000] {logging_mixin.py:190} INFO - [2025-03-31T19:26:12.865+0000] {dagbag.py:588} INFO - Filling up the DagBag from /usr/local/python/3.12.1/lib/python3.12/site-packages/airflow/example_dags/example_nested_branch_dag.py
[2025-03-31T19:26:12.876+0000] {processor.py:925} INFO - DAG(s) 'example_nested_branch_dag' retrieved from /usr/local/python/3.12.1/lib/python3.12/site-packages/airflow/example_dags/example_nested_branch_dag.py
[2025-03-31T19:26:12.888+0000] {logging_mixin.py:190} INFO - [2025-03-31T19:26:12.888+0000] {dag.py:3239} INFO - Sync 1 DAGs
[2025-03-31T19:26:12.904+0000] {logging_mixin.py:190} INFO - [2025-03-31T19:26:12.904+0000] {dag.py:4180} INFO - Setting next_dagrun for example_nested_branch_dag to 2025-03-30 00:00:00+00:00, run_after=2025-03-31 00:00:00+00:00
[2025-03-31T19:26:12.919+0000] {processor.py:208} INFO - Processing /usr/local/python/3.12.1/lib/python3.12/site-packages/airflow/example_dags/example_nested_branch_dag.py took 0.059 seconds
[2025-03-31T19:27:05.789+0000] {processor.py:186} INFO - Started process (PID=15577) to work on /usr/local/python/3.12.1/lib/python3.12/site-packages/airflow/example_dags/example_nested_branch_dag.py
[2025-03-31T19:27:05.790+0000] {processor.py:914} INFO - Processing file /usr/local/python/3.12.1/lib/python3.12/site-packages/airflow/example_dags/example_nested_branch_dag.py for tasks to queue
[2025-03-31T19:27:05.791+0000] {logging_mixin.py:190} INFO - [2025-03-31T19:27:05.791+0000] {dagbag.py:588} INFO - Filling up the DagBag from /usr/local/python/3.12.1/lib/python3.12/site-packages/airflow/example_dags/example_nested_branch_dag.py
[2025-03-31T19:27:05.800+0000] {processor.py:925} INFO - DAG(s) 'example_nested_branch_dag' retrieved from /usr/local/python/3.12.1/lib/python3.12/site-packages/airflow/example_dags/example_nested_branch_dag.py
[2025-03-31T19:27:05.812+0000] {logging_mixin.py:190} INFO - [2025-03-31T19:27:05.812+0000] {dag.py:3239} INFO - Sync 1 DAGs
[2025-03-31T19:27:05.828+0000] {logging_mixin.py:190} INFO - [2025-03-31T19:27:05.828+0000] {dag.py:4180} INFO - Setting next_dagrun for example_nested_branch_dag to 2025-03-30 00:00:00+00:00, run_after=2025-03-31 00:00:00+00:00
[2025-03-31T19:27:05.842+0000] {processor.py:208} INFO - Processing /usr/local/python/3.12.1/lib/python3.12/site-packages/airflow/example_dags/example_nested_branch_dag.py took 0.058 seconds
[2025-03-31T19:27:55.912+0000] {processor.py:186} INFO - Started process (PID=15984) to work on /usr/local/python/3.12.1/lib/python3.12/site-packages/airflow/example_dags/example_nested_branch_dag.py
[2025-03-31T19:27:55.913+0000] {processor.py:914} INFO - Processing file /usr/local/python/3.12.1/lib/python3.12/site-packages/airflow/example_dags/example_nested_branch_dag.py for tasks to queue
[2025-03-31T19:27:55.915+0000] {logging_mixin.py:190} INFO - [2025-03-31T19:27:55.914+0000] {dagbag.py:588} INFO - Filling up the DagBag from /usr/local/python/3.12.1/lib/python3.12/site-packages/airflow/example_dags/example_nested_branch_dag.py
[2025-03-31T19:27:55.924+0000] {processor.py:925} INFO - DAG(s) 'example_nested_branch_dag' retrieved from /usr/local/python/3.12.1/lib/python3.12/site-packages/airflow/example_dags/example_nested_branch_dag.py
[2025-03-31T19:27:55.936+0000] {logging_mixin.py:190} INFO - [2025-03-31T19:27:55.936+0000] {dag.py:3239} INFO - Sync 1 DAGs
[2025-03-31T19:27:55.951+0000] {logging_mixin.py:190} INFO - [2025-03-31T19:27:55.951+0000] {dag.py:4180} INFO - Setting next_dagrun for example_nested_branch_dag to 2025-03-30 00:00:00+00:00, run_after=2025-03-31 00:00:00+00:00
[2025-03-31T19:27:55.966+0000] {processor.py:208} INFO - Processing /usr/local/python/3.12.1/lib/python3.12/site-packages/airflow/example_dags/example_nested_branch_dag.py took 0.057 seconds
[2025-03-31T19:29:19.365+0000] {processor.py:186} INFO - Started process (PID=16804) to work on /usr/local/python/3.12.1/lib/python3.12/site-packages/airflow/example_dags/example_nested_branch_dag.py
[2025-03-31T19:29:19.366+0000] {processor.py:914} INFO - Processing file /usr/local/python/3.12.1/lib/python3.12/site-packages/airflow/example_dags/example_nested_branch_dag.py for tasks to queue
[2025-03-31T19:29:19.367+0000] {logging_mixin.py:190} INFO - [2025-03-31T19:29:19.367+0000] {dagbag.py:588} INFO - Filling up the DagBag from /usr/local/python/3.12.1/lib/python3.12/site-packages/airflow/example_dags/example_nested_branch_dag.py
[2025-03-31T19:29:19.376+0000] {processor.py:925} INFO - DAG(s) 'example_nested_branch_dag' retrieved from /usr/local/python/3.12.1/lib/python3.12/site-packages/airflow/example_dags/example_nested_branch_dag.py
[2025-03-31T19:29:19.389+0000] {logging_mixin.py:190} INFO - [2025-03-31T19:29:19.389+0000] {dag.py:3239} INFO - Sync 1 DAGs
[2025-03-31T19:29:19.407+0000] {logging_mixin.py:190} INFO - [2025-03-31T19:29:19.407+0000] {dag.py:4180} INFO - Setting next_dagrun for example_nested_branch_dag to 2025-03-30 00:00:00+00:00, run_after=2025-03-31 00:00:00+00:00
[2025-03-31T19:29:19.421+0000] {processor.py:208} INFO - Processing /usr/local/python/3.12.1/lib/python3.12/site-packages/airflow/example_dags/example_nested_branch_dag.py took 0.060 seconds
[2025-03-31T19:30:18.188+0000] {processor.py:186} INFO - Started process (PID=17274) to work on /usr/local/python/3.12.1/lib/python3.12/site-packages/airflow/example_dags/example_nested_branch_dag.py
[2025-03-31T19:30:18.188+0000] {processor.py:914} INFO - Processing file /usr/local/python/3.12.1/lib/python3.12/site-packages/airflow/example_dags/example_nested_branch_dag.py for tasks to queue
[2025-03-31T19:30:18.190+0000] {logging_mixin.py:190} INFO - [2025-03-31T19:30:18.189+0000] {dagbag.py:588} INFO - Filling up the DagBag from /usr/local/python/3.12.1/lib/python3.12/site-packages/airflow/example_dags/example_nested_branch_dag.py
[2025-03-31T19:30:18.199+0000] {processor.py:925} INFO - DAG(s) 'example_nested_branch_dag' retrieved from /usr/local/python/3.12.1/lib/python3.12/site-packages/airflow/example_dags/example_nested_branch_dag.py
[2025-03-31T19:30:18.211+0000] {logging_mixin.py:190} INFO - [2025-03-31T19:30:18.210+0000] {dag.py:3239} INFO - Sync 1 DAGs
[2025-03-31T19:30:18.227+0000] {logging_mixin.py:190} INFO - [2025-03-31T19:30:18.227+0000] {dag.py:4180} INFO - Setting next_dagrun for example_nested_branch_dag to 2025-03-30 00:00:00+00:00, run_after=2025-03-31 00:00:00+00:00
[2025-03-31T19:30:18.242+0000] {processor.py:208} INFO - Processing /usr/local/python/3.12.1/lib/python3.12/site-packages/airflow/example_dags/example_nested_branch_dag.py took 0.058 seconds
[2025-03-31T19:31:15.377+0000] {processor.py:186} INFO - Started process (PID=17733) to work on /usr/local/python/3.12.1/lib/python3.12/site-packages/airflow/example_dags/example_nested_branch_dag.py
[2025-03-31T19:31:15.378+0000] {processor.py:914} INFO - Processing file /usr/local/python/3.12.1/lib/python3.12/site-packages/airflow/example_dags/example_nested_branch_dag.py for tasks to queue
[2025-03-31T19:31:15.379+0000] {logging_mixin.py:190} INFO - [2025-03-31T19:31:15.379+0000] {dagbag.py:588} INFO - Filling up the DagBag from /usr/local/python/3.12.1/lib/python3.12/site-packages/airflow/example_dags/example_nested_branch_dag.py
[2025-03-31T19:31:15.388+0000] {processor.py:925} INFO - DAG(s) 'example_nested_branch_dag' retrieved from /usr/local/python/3.12.1/lib/python3.12/site-packages/airflow/example_dags/example_nested_branch_dag.py
[2025-03-31T19:31:15.400+0000] {logging_mixin.py:190} INFO - [2025-03-31T19:31:15.400+0000] {dag.py:3239} INFO - Sync 1 DAGs
[2025-03-31T19:31:15.416+0000] {logging_mixin.py:190} INFO - [2025-03-31T19:31:15.416+0000] {dag.py:4180} INFO - Setting next_dagrun for example_nested_branch_dag to 2025-03-30 00:00:00+00:00, run_after=2025-03-31 00:00:00+00:00
[2025-03-31T19:31:15.431+0000] {processor.py:208} INFO - Processing /usr/local/python/3.12.1/lib/python3.12/site-packages/airflow/example_dags/example_nested_branch_dag.py took 0.057 seconds
[2025-03-31T19:32:12.911+0000] {processor.py:186} INFO - Started process (PID=18181) to work on /usr/local/python/3.12.1/lib/python3.12/site-packages/airflow/example_dags/example_nested_branch_dag.py
[2025-03-31T19:32:12.912+0000] {processor.py:914} INFO - Processing file /usr/local/python/3.12.1/lib/python3.12/site-packages/airflow/example_dags/example_nested_branch_dag.py for tasks to queue
[2025-03-31T19:32:12.913+0000] {logging_mixin.py:190} INFO - [2025-03-31T19:32:12.913+0000] {dagbag.py:588} INFO - Filling up the DagBag from /usr/local/python/3.12.1/lib/python3.12/site-packages/airflow/example_dags/example_nested_branch_dag.py
[2025-03-31T19:32:12.922+0000] {processor.py:925} INFO - DAG(s) 'example_nested_branch_dag' retrieved from /usr/local/python/3.12.1/lib/python3.12/site-packages/airflow/example_dags/example_nested_branch_dag.py
[2025-03-31T19:32:12.935+0000] {logging_mixin.py:190} INFO - [2025-03-31T19:32:12.934+0000] {dag.py:3239} INFO - Sync 1 DAGs
[2025-03-31T19:32:12.951+0000] {logging_mixin.py:190} INFO - [2025-03-31T19:32:12.950+0000] {dag.py:4180} INFO - Setting next_dagrun for example_nested_branch_dag to 2025-03-30 00:00:00+00:00, run_after=2025-03-31 00:00:00+00:00
[2025-03-31T19:32:12.966+0000] {processor.py:208} INFO - Processing /usr/local/python/3.12.1/lib/python3.12/site-packages/airflow/example_dags/example_nested_branch_dag.py took 0.060 seconds
[2025-03-31T19:33:09.179+0000] {processor.py:186} INFO - Started process (PID=18636) to work on /usr/local/python/3.12.1/lib/python3.12/site-packages/airflow/example_dags/example_nested_branch_dag.py
[2025-03-31T19:33:09.180+0000] {processor.py:914} INFO - Processing file /usr/local/python/3.12.1/lib/python3.12/site-packages/airflow/example_dags/example_nested_branch_dag.py for tasks to queue
[2025-03-31T19:33:09.181+0000] {logging_mixin.py:190} INFO - [2025-03-31T19:33:09.181+0000] {dagbag.py:588} INFO - Filling up the DagBag from /usr/local/python/3.12.1/lib/python3.12/site-packages/airflow/example_dags/example_nested_branch_dag.py
[2025-03-31T19:33:09.190+0000] {processor.py:925} INFO - DAG(s) 'example_nested_branch_dag' retrieved from /usr/local/python/3.12.1/lib/python3.12/site-packages/airflow/example_dags/example_nested_branch_dag.py
[2025-03-31T19:33:09.202+0000] {logging_mixin.py:190} INFO - [2025-03-31T19:33:09.202+0000] {dag.py:3239} INFO - Sync 1 DAGs
[2025-03-31T19:33:09.218+0000] {logging_mixin.py:190} INFO - [2025-03-31T19:33:09.217+0000] {dag.py:4180} INFO - Setting next_dagrun for example_nested_branch_dag to 2025-03-30 00:00:00+00:00, run_after=2025-03-31 00:00:00+00:00
[2025-03-31T19:33:09.232+0000] {processor.py:208} INFO - Processing /usr/local/python/3.12.1/lib/python3.12/site-packages/airflow/example_dags/example_nested_branch_dag.py took 0.056 seconds
[2025-03-31T19:34:07.771+0000] {processor.py:186} INFO - Started process (PID=19109) to work on /usr/local/python/3.12.1/lib/python3.12/site-packages/airflow/example_dags/example_nested_branch_dag.py
[2025-03-31T19:34:07.772+0000] {processor.py:914} INFO - Processing file /usr/local/python/3.12.1/lib/python3.12/site-packages/airflow/example_dags/example_nested_branch_dag.py for tasks to queue
[2025-03-31T19:34:07.773+0000] {logging_mixin.py:190} INFO - [2025-03-31T19:34:07.773+0000] {dagbag.py:588} INFO - Filling up the DagBag from /usr/local/python/3.12.1/lib/python3.12/site-packages/airflow/example_dags/example_nested_branch_dag.py
[2025-03-31T19:34:07.782+0000] {processor.py:925} INFO - DAG(s) 'example_nested_branch_dag' retrieved from /usr/local/python/3.12.1/lib/python3.12/site-packages/airflow/example_dags/example_nested_branch_dag.py
[2025-03-31T19:34:07.794+0000] {logging_mixin.py:190} INFO - [2025-03-31T19:34:07.794+0000] {dag.py:3239} INFO - Sync 1 DAGs
[2025-03-31T19:34:07.809+0000] {logging_mixin.py:190} INFO - [2025-03-31T19:34:07.809+0000] {dag.py:4180} INFO - Setting next_dagrun for example_nested_branch_dag to 2025-03-30 00:00:00+00:00, run_after=2025-03-31 00:00:00+00:00
[2025-03-31T19:34:07.827+0000] {processor.py:208} INFO - Processing /usr/local/python/3.12.1/lib/python3.12/site-packages/airflow/example_dags/example_nested_branch_dag.py took 0.060 seconds
[2025-03-31T19:35:04.326+0000] {processor.py:186} INFO - Started process (PID=19580) to work on /usr/local/python/3.12.1/lib/python3.12/site-packages/airflow/example_dags/example_nested_branch_dag.py
[2025-03-31T19:35:04.327+0000] {processor.py:914} INFO - Processing file /usr/local/python/3.12.1/lib/python3.12/site-packages/airflow/example_dags/example_nested_branch_dag.py for tasks to queue
[2025-03-31T19:35:04.328+0000] {logging_mixin.py:190} INFO - [2025-03-31T19:35:04.328+0000] {dagbag.py:588} INFO - Filling up the DagBag from /usr/local/python/3.12.1/lib/python3.12/site-packages/airflow/example_dags/example_nested_branch_dag.py
[2025-03-31T19:35:04.337+0000] {processor.py:925} INFO - DAG(s) 'example_nested_branch_dag' retrieved from /usr/local/python/3.12.1/lib/python3.12/site-packages/airflow/example_dags/example_nested_branch_dag.py
[2025-03-31T19:35:04.349+0000] {logging_mixin.py:190} INFO - [2025-03-31T19:35:04.349+0000] {dag.py:3239} INFO - Sync 1 DAGs
[2025-03-31T19:35:04.365+0000] {logging_mixin.py:190} INFO - [2025-03-31T19:35:04.364+0000] {dag.py:4180} INFO - Setting next_dagrun for example_nested_branch_dag to 2025-03-30 00:00:00+00:00, run_after=2025-03-31 00:00:00+00:00
[2025-03-31T19:35:04.379+0000] {processor.py:208} INFO - Processing /usr/local/python/3.12.1/lib/python3.12/site-packages/airflow/example_dags/example_nested_branch_dag.py took 0.057 seconds
[2025-03-31T19:36:01.963+0000] {processor.py:186} INFO - Started process (PID=20039) to work on /usr/local/python/3.12.1/lib/python3.12/site-packages/airflow/example_dags/example_nested_branch_dag.py
[2025-03-31T19:36:01.963+0000] {processor.py:914} INFO - Processing file /usr/local/python/3.12.1/lib/python3.12/site-packages/airflow/example_dags/example_nested_branch_dag.py for tasks to queue
[2025-03-31T19:36:01.965+0000] {logging_mixin.py:190} INFO - [2025-03-31T19:36:01.965+0000] {dagbag.py:588} INFO - Filling up the DagBag from /usr/local/python/3.12.1/lib/python3.12/site-packages/airflow/example_dags/example_nested_branch_dag.py
[2025-03-31T19:36:01.974+0000] {processor.py:925} INFO - DAG(s) 'example_nested_branch_dag' retrieved from /usr/local/python/3.12.1/lib/python3.12/site-packages/airflow/example_dags/example_nested_branch_dag.py
[2025-03-31T19:36:01.985+0000] {logging_mixin.py:190} INFO - [2025-03-31T19:36:01.985+0000] {dag.py:3239} INFO - Sync 1 DAGs
[2025-03-31T19:36:02.002+0000] {logging_mixin.py:190} INFO - [2025-03-31T19:36:02.001+0000] {dag.py:4180} INFO - Setting next_dagrun for example_nested_branch_dag to 2025-03-30 00:00:00+00:00, run_after=2025-03-31 00:00:00+00:00
[2025-03-31T19:36:02.015+0000] {processor.py:208} INFO - Processing /usr/local/python/3.12.1/lib/python3.12/site-packages/airflow/example_dags/example_nested_branch_dag.py took 0.057 seconds
[2025-03-31T19:36:57.457+0000] {processor.py:186} INFO - Started process (PID=20495) to work on /usr/local/python/3.12.1/lib/python3.12/site-packages/airflow/example_dags/example_nested_branch_dag.py
[2025-03-31T19:36:57.458+0000] {processor.py:914} INFO - Processing file /usr/local/python/3.12.1/lib/python3.12/site-packages/airflow/example_dags/example_nested_branch_dag.py for tasks to queue
[2025-03-31T19:36:57.459+0000] {logging_mixin.py:190} INFO - [2025-03-31T19:36:57.459+0000] {dagbag.py:588} INFO - Filling up the DagBag from /usr/local/python/3.12.1/lib/python3.12/site-packages/airflow/example_dags/example_nested_branch_dag.py
[2025-03-31T19:36:57.468+0000] {processor.py:925} INFO - DAG(s) 'example_nested_branch_dag' retrieved from /usr/local/python/3.12.1/lib/python3.12/site-packages/airflow/example_dags/example_nested_branch_dag.py
[2025-03-31T19:36:57.480+0000] {logging_mixin.py:190} INFO - [2025-03-31T19:36:57.480+0000] {dag.py:3239} INFO - Sync 1 DAGs
[2025-03-31T19:36:57.496+0000] {logging_mixin.py:190} INFO - [2025-03-31T19:36:57.495+0000] {dag.py:4180} INFO - Setting next_dagrun for example_nested_branch_dag to 2025-03-30 00:00:00+00:00, run_after=2025-03-31 00:00:00+00:00
[2025-03-31T19:36:57.512+0000] {processor.py:208} INFO - Processing /usr/local/python/3.12.1/lib/python3.12/site-packages/airflow/example_dags/example_nested_branch_dag.py took 0.058 seconds
[2025-03-31T19:37:53.915+0000] {processor.py:186} INFO - Started process (PID=20951) to work on /usr/local/python/3.12.1/lib/python3.12/site-packages/airflow/example_dags/example_nested_branch_dag.py
[2025-03-31T19:37:53.915+0000] {processor.py:914} INFO - Processing file /usr/local/python/3.12.1/lib/python3.12/site-packages/airflow/example_dags/example_nested_branch_dag.py for tasks to queue
[2025-03-31T19:37:53.917+0000] {logging_mixin.py:190} INFO - [2025-03-31T19:37:53.916+0000] {dagbag.py:588} INFO - Filling up the DagBag from /usr/local/python/3.12.1/lib/python3.12/site-packages/airflow/example_dags/example_nested_branch_dag.py
[2025-03-31T19:37:53.926+0000] {processor.py:925} INFO - DAG(s) 'example_nested_branch_dag' retrieved from /usr/local/python/3.12.1/lib/python3.12/site-packages/airflow/example_dags/example_nested_branch_dag.py
[2025-03-31T19:37:53.938+0000] {logging_mixin.py:190} INFO - [2025-03-31T19:37:53.938+0000] {dag.py:3239} INFO - Sync 1 DAGs
[2025-03-31T19:37:53.960+0000] {logging_mixin.py:190} INFO - [2025-03-31T19:37:53.960+0000] {dag.py:4180} INFO - Setting next_dagrun for example_nested_branch_dag to 2025-03-30 00:00:00+00:00, run_after=2025-03-31 00:00:00+00:00
[2025-03-31T19:37:53.990+0000] {processor.py:208} INFO - Processing /usr/local/python/3.12.1/lib/python3.12/site-packages/airflow/example_dags/example_nested_branch_dag.py took 0.079 seconds
