[2025-03-31T19:06:55.205+0000] {processor.py:186} INFO - Started process (PID=5442) to work on /usr/local/python/3.12.1/lib/python3.12/site-packages/airflow/example_dags/example_branch_python_dop_operator_3.py
[2025-03-31T19:06:55.206+0000] {processor.py:914} INFO - Processing file /usr/local/python/3.12.1/lib/python3.12/site-packages/airflow/example_dags/example_branch_python_dop_operator_3.py for tasks to queue
[2025-03-31T19:06:55.207+0000] {logging_mixin.py:190} INFO - [2025-03-31T19:06:55.207+0000] {dagbag.py:588} INFO - Filling up the DagBag from /usr/local/python/3.12.1/lib/python3.12/site-packages/airflow/example_dags/example_branch_python_dop_operator_3.py
[2025-03-31T19:06:55.215+0000] {processor.py:925} INFO - DAG(s) 'example_branch_dop_operator_v3' retrieved from /usr/local/python/3.12.1/lib/python3.12/site-packages/airflow/example_dags/example_branch_python_dop_operator_3.py
[2025-03-31T19:06:55.226+0000] {logging_mixin.py:190} INFO - [2025-03-31T19:06:55.226+0000] {dag.py:3239} INFO - Sync 1 DAGs
[2025-03-31T19:06:55.244+0000] {logging_mixin.py:190} INFO - [2025-03-31T19:06:55.243+0000] {dag.py:4180} INFO - Setting next_dagrun for example_branch_dop_operator_v3 to 2025-03-31 19:05:00+00:00, run_after=2025-03-31 19:06:00+00:00
[2025-03-31T19:06:55.259+0000] {processor.py:208} INFO - Processing /usr/local/python/3.12.1/lib/python3.12/site-packages/airflow/example_dags/example_branch_python_dop_operator_3.py took 0.057 seconds
[2025-03-31T19:07:52.686+0000] {processor.py:186} INFO - Started process (PID=5933) to work on /usr/local/python/3.12.1/lib/python3.12/site-packages/airflow/example_dags/example_branch_python_dop_operator_3.py
[2025-03-31T19:07:52.686+0000] {processor.py:914} INFO - Processing file /usr/local/python/3.12.1/lib/python3.12/site-packages/airflow/example_dags/example_branch_python_dop_operator_3.py for tasks to queue
[2025-03-31T19:07:52.688+0000] {logging_mixin.py:190} INFO - [2025-03-31T19:07:52.687+0000] {dagbag.py:588} INFO - Filling up the DagBag from /usr/local/python/3.12.1/lib/python3.12/site-packages/airflow/example_dags/example_branch_python_dop_operator_3.py
[2025-03-31T19:07:52.696+0000] {processor.py:925} INFO - DAG(s) 'example_branch_dop_operator_v3' retrieved from /usr/local/python/3.12.1/lib/python3.12/site-packages/airflow/example_dags/example_branch_python_dop_operator_3.py
[2025-03-31T19:07:52.707+0000] {logging_mixin.py:190} INFO - [2025-03-31T19:07:52.707+0000] {dag.py:3239} INFO - Sync 1 DAGs
[2025-03-31T19:07:52.725+0000] {logging_mixin.py:190} INFO - [2025-03-31T19:07:52.724+0000] {dag.py:4180} INFO - Setting next_dagrun for example_branch_dop_operator_v3 to 2025-03-31 19:06:00+00:00, run_after=2025-03-31 19:07:00+00:00
[2025-03-31T19:07:52.739+0000] {processor.py:208} INFO - Processing /usr/local/python/3.12.1/lib/python3.12/site-packages/airflow/example_dags/example_branch_python_dop_operator_3.py took 0.058 seconds
[2025-03-31T19:08:48.927+0000] {processor.py:186} INFO - Started process (PID=6416) to work on /usr/local/python/3.12.1/lib/python3.12/site-packages/airflow/example_dags/example_branch_python_dop_operator_3.py
[2025-03-31T19:08:48.928+0000] {processor.py:914} INFO - Processing file /usr/local/python/3.12.1/lib/python3.12/site-packages/airflow/example_dags/example_branch_python_dop_operator_3.py for tasks to queue
[2025-03-31T19:08:48.929+0000] {logging_mixin.py:190} INFO - [2025-03-31T19:08:48.929+0000] {dagbag.py:588} INFO - Filling up the DagBag from /usr/local/python/3.12.1/lib/python3.12/site-packages/airflow/example_dags/example_branch_python_dop_operator_3.py
[2025-03-31T19:08:48.937+0000] {processor.py:925} INFO - DAG(s) 'example_branch_dop_operator_v3' retrieved from /usr/local/python/3.12.1/lib/python3.12/site-packages/airflow/example_dags/example_branch_python_dop_operator_3.py
[2025-03-31T19:08:48.948+0000] {logging_mixin.py:190} INFO - [2025-03-31T19:08:48.948+0000] {dag.py:3239} INFO - Sync 1 DAGs
[2025-03-31T19:08:48.966+0000] {logging_mixin.py:190} INFO - [2025-03-31T19:08:48.965+0000] {dag.py:4180} INFO - Setting next_dagrun for example_branch_dop_operator_v3 to 2025-03-31 19:07:00+00:00, run_after=2025-03-31 19:08:00+00:00
[2025-03-31T19:08:48.981+0000] {processor.py:208} INFO - Processing /usr/local/python/3.12.1/lib/python3.12/site-packages/airflow/example_dags/example_branch_python_dop_operator_3.py took 0.058 seconds
[2025-03-31T19:09:42.038+0000] {processor.py:186} INFO - Started process (PID=6833) to work on /usr/local/python/3.12.1/lib/python3.12/site-packages/airflow/example_dags/example_branch_python_dop_operator_3.py
[2025-03-31T19:09:42.039+0000] {processor.py:914} INFO - Processing file /usr/local/python/3.12.1/lib/python3.12/site-packages/airflow/example_dags/example_branch_python_dop_operator_3.py for tasks to queue
[2025-03-31T19:09:42.040+0000] {logging_mixin.py:190} INFO - [2025-03-31T19:09:42.040+0000] {dagbag.py:588} INFO - Filling up the DagBag from /usr/local/python/3.12.1/lib/python3.12/site-packages/airflow/example_dags/example_branch_python_dop_operator_3.py
[2025-03-31T19:09:42.048+0000] {processor.py:925} INFO - DAG(s) 'example_branch_dop_operator_v3' retrieved from /usr/local/python/3.12.1/lib/python3.12/site-packages/airflow/example_dags/example_branch_python_dop_operator_3.py
[2025-03-31T19:09:42.059+0000] {logging_mixin.py:190} INFO - [2025-03-31T19:09:42.059+0000] {dag.py:3239} INFO - Sync 1 DAGs
[2025-03-31T19:09:42.076+0000] {logging_mixin.py:190} INFO - [2025-03-31T19:09:42.076+0000] {dag.py:4180} INFO - Setting next_dagrun for example_branch_dop_operator_v3 to 2025-03-31 19:08:00+00:00, run_after=2025-03-31 19:09:00+00:00
[2025-03-31T19:09:42.092+0000] {processor.py:208} INFO - Processing /usr/local/python/3.12.1/lib/python3.12/site-packages/airflow/example_dags/example_branch_python_dop_operator_3.py took 0.058 seconds
[2025-03-31T19:10:58.901+0000] {processor.py:186} INFO - Started process (PID=7449) to work on /usr/local/python/3.12.1/lib/python3.12/site-packages/airflow/example_dags/example_branch_python_dop_operator_3.py
[2025-03-31T19:10:58.901+0000] {processor.py:914} INFO - Processing file /usr/local/python/3.12.1/lib/python3.12/site-packages/airflow/example_dags/example_branch_python_dop_operator_3.py for tasks to queue
[2025-03-31T19:10:58.903+0000] {logging_mixin.py:190} INFO - [2025-03-31T19:10:58.902+0000] {dagbag.py:588} INFO - Filling up the DagBag from /usr/local/python/3.12.1/lib/python3.12/site-packages/airflow/example_dags/example_branch_python_dop_operator_3.py
[2025-03-31T19:10:58.911+0000] {processor.py:925} INFO - DAG(s) 'example_branch_dop_operator_v3' retrieved from /usr/local/python/3.12.1/lib/python3.12/site-packages/airflow/example_dags/example_branch_python_dop_operator_3.py
[2025-03-31T19:10:58.921+0000] {logging_mixin.py:190} INFO - [2025-03-31T19:10:58.921+0000] {dag.py:3239} INFO - Sync 1 DAGs
[2025-03-31T19:10:58.939+0000] {logging_mixin.py:190} INFO - [2025-03-31T19:10:58.938+0000] {dag.py:4180} INFO - Setting next_dagrun for example_branch_dop_operator_v3 to 2025-03-31 19:09:00+00:00, run_after=2025-03-31 19:10:00+00:00
[2025-03-31T19:10:58.953+0000] {processor.py:208} INFO - Processing /usr/local/python/3.12.1/lib/python3.12/site-packages/airflow/example_dags/example_branch_python_dop_operator_3.py took 0.057 seconds
[2025-03-31T19:12:18.260+0000] {processor.py:186} INFO - Started process (PID=8078) to work on /usr/local/python/3.12.1/lib/python3.12/site-packages/airflow/example_dags/example_branch_python_dop_operator_3.py
[2025-03-31T19:12:18.261+0000] {processor.py:914} INFO - Processing file /usr/local/python/3.12.1/lib/python3.12/site-packages/airflow/example_dags/example_branch_python_dop_operator_3.py for tasks to queue
[2025-03-31T19:12:18.263+0000] {logging_mixin.py:190} INFO - [2025-03-31T19:12:18.262+0000] {dagbag.py:588} INFO - Filling up the DagBag from /usr/local/python/3.12.1/lib/python3.12/site-packages/airflow/example_dags/example_branch_python_dop_operator_3.py
[2025-03-31T19:12:18.271+0000] {processor.py:925} INFO - DAG(s) 'example_branch_dop_operator_v3' retrieved from /usr/local/python/3.12.1/lib/python3.12/site-packages/airflow/example_dags/example_branch_python_dop_operator_3.py
[2025-03-31T19:12:18.282+0000] {logging_mixin.py:190} INFO - [2025-03-31T19:12:18.281+0000] {dag.py:3239} INFO - Sync 1 DAGs
[2025-03-31T19:12:18.299+0000] {logging_mixin.py:190} INFO - [2025-03-31T19:12:18.299+0000] {dag.py:4180} INFO - Setting next_dagrun for example_branch_dop_operator_v3 to 2025-03-31 19:11:00+00:00, run_after=2025-03-31 19:12:00+00:00
[2025-03-31T19:12:18.314+0000] {processor.py:208} INFO - Processing /usr/local/python/3.12.1/lib/python3.12/site-packages/airflow/example_dags/example_branch_python_dop_operator_3.py took 0.058 seconds
[2025-03-31T19:13:39.298+0000] {processor.py:186} INFO - Started process (PID=8716) to work on /usr/local/python/3.12.1/lib/python3.12/site-packages/airflow/example_dags/example_branch_python_dop_operator_3.py
[2025-03-31T19:13:39.298+0000] {processor.py:914} INFO - Processing file /usr/local/python/3.12.1/lib/python3.12/site-packages/airflow/example_dags/example_branch_python_dop_operator_3.py for tasks to queue
[2025-03-31T19:13:39.300+0000] {logging_mixin.py:190} INFO - [2025-03-31T19:13:39.299+0000] {dagbag.py:588} INFO - Filling up the DagBag from /usr/local/python/3.12.1/lib/python3.12/site-packages/airflow/example_dags/example_branch_python_dop_operator_3.py
[2025-03-31T19:13:39.308+0000] {processor.py:925} INFO - DAG(s) 'example_branch_dop_operator_v3' retrieved from /usr/local/python/3.12.1/lib/python3.12/site-packages/airflow/example_dags/example_branch_python_dop_operator_3.py
[2025-03-31T19:13:39.318+0000] {logging_mixin.py:190} INFO - [2025-03-31T19:13:39.318+0000] {dag.py:3239} INFO - Sync 1 DAGs
[2025-03-31T19:13:39.336+0000] {logging_mixin.py:190} INFO - [2025-03-31T19:13:39.336+0000] {dag.py:4180} INFO - Setting next_dagrun for example_branch_dop_operator_v3 to 2025-03-31 19:12:00+00:00, run_after=2025-03-31 19:13:00+00:00
[2025-03-31T19:13:39.351+0000] {processor.py:208} INFO - Processing /usr/local/python/3.12.1/lib/python3.12/site-packages/airflow/example_dags/example_branch_python_dop_operator_3.py took 0.058 seconds
[2025-03-31T19:14:55.796+0000] {processor.py:186} INFO - Started process (PID=9306) to work on /usr/local/python/3.12.1/lib/python3.12/site-packages/airflow/example_dags/example_branch_python_dop_operator_3.py
[2025-03-31T19:14:55.796+0000] {processor.py:914} INFO - Processing file /usr/local/python/3.12.1/lib/python3.12/site-packages/airflow/example_dags/example_branch_python_dop_operator_3.py for tasks to queue
[2025-03-31T19:14:55.798+0000] {logging_mixin.py:190} INFO - [2025-03-31T19:14:55.797+0000] {dagbag.py:588} INFO - Filling up the DagBag from /usr/local/python/3.12.1/lib/python3.12/site-packages/airflow/example_dags/example_branch_python_dop_operator_3.py
[2025-03-31T19:14:55.806+0000] {processor.py:925} INFO - DAG(s) 'example_branch_dop_operator_v3' retrieved from /usr/local/python/3.12.1/lib/python3.12/site-packages/airflow/example_dags/example_branch_python_dop_operator_3.py
[2025-03-31T19:14:55.816+0000] {logging_mixin.py:190} INFO - [2025-03-31T19:14:55.816+0000] {dag.py:3239} INFO - Sync 1 DAGs
[2025-03-31T19:14:55.834+0000] {logging_mixin.py:190} INFO - [2025-03-31T19:14:55.834+0000] {dag.py:4180} INFO - Setting next_dagrun for example_branch_dop_operator_v3 to 2025-03-31 19:13:00+00:00, run_after=2025-03-31 19:14:00+00:00
[2025-03-31T19:14:55.849+0000] {processor.py:208} INFO - Processing /usr/local/python/3.12.1/lib/python3.12/site-packages/airflow/example_dags/example_branch_python_dop_operator_3.py took 0.057 seconds
[2025-03-31T19:16:11.150+0000] {processor.py:186} INFO - Started process (PID=9914) to work on /usr/local/python/3.12.1/lib/python3.12/site-packages/airflow/example_dags/example_branch_python_dop_operator_3.py
[2025-03-31T19:16:11.151+0000] {processor.py:914} INFO - Processing file /usr/local/python/3.12.1/lib/python3.12/site-packages/airflow/example_dags/example_branch_python_dop_operator_3.py for tasks to queue
[2025-03-31T19:16:11.153+0000] {logging_mixin.py:190} INFO - [2025-03-31T19:16:11.153+0000] {dagbag.py:588} INFO - Filling up the DagBag from /usr/local/python/3.12.1/lib/python3.12/site-packages/airflow/example_dags/example_branch_python_dop_operator_3.py
[2025-03-31T19:16:11.162+0000] {processor.py:925} INFO - DAG(s) 'example_branch_dop_operator_v3' retrieved from /usr/local/python/3.12.1/lib/python3.12/site-packages/airflow/example_dags/example_branch_python_dop_operator_3.py
[2025-03-31T19:16:11.173+0000] {logging_mixin.py:190} INFO - [2025-03-31T19:16:11.172+0000] {dag.py:3239} INFO - Sync 1 DAGs
[2025-03-31T19:16:11.190+0000] {logging_mixin.py:190} INFO - [2025-03-31T19:16:11.190+0000] {dag.py:4180} INFO - Setting next_dagrun for example_branch_dop_operator_v3 to 2025-03-31 19:15:00+00:00, run_after=2025-03-31 19:16:00+00:00
[2025-03-31T19:16:11.205+0000] {processor.py:208} INFO - Processing /usr/local/python/3.12.1/lib/python3.12/site-packages/airflow/example_dags/example_branch_python_dop_operator_3.py took 0.059 seconds
[2025-03-31T19:17:07.688+0000] {processor.py:186} INFO - Started process (PID=10351) to work on /usr/local/python/3.12.1/lib/python3.12/site-packages/airflow/example_dags/example_branch_python_dop_operator_3.py
[2025-03-31T19:17:07.689+0000] {processor.py:914} INFO - Processing file /usr/local/python/3.12.1/lib/python3.12/site-packages/airflow/example_dags/example_branch_python_dop_operator_3.py for tasks to queue
[2025-03-31T19:17:07.690+0000] {logging_mixin.py:190} INFO - [2025-03-31T19:17:07.690+0000] {dagbag.py:588} INFO - Filling up the DagBag from /usr/local/python/3.12.1/lib/python3.12/site-packages/airflow/example_dags/example_branch_python_dop_operator_3.py
[2025-03-31T19:17:07.699+0000] {processor.py:925} INFO - DAG(s) 'example_branch_dop_operator_v3' retrieved from /usr/local/python/3.12.1/lib/python3.12/site-packages/airflow/example_dags/example_branch_python_dop_operator_3.py
[2025-03-31T19:17:07.709+0000] {logging_mixin.py:190} INFO - [2025-03-31T19:17:07.709+0000] {dag.py:3239} INFO - Sync 1 DAGs
[2025-03-31T19:17:07.727+0000] {logging_mixin.py:190} INFO - [2025-03-31T19:17:07.726+0000] {dag.py:4180} INFO - Setting next_dagrun for example_branch_dop_operator_v3 to 2025-03-31 19:16:00+00:00, run_after=2025-03-31 19:17:00+00:00
[2025-03-31T19:17:07.741+0000] {processor.py:208} INFO - Processing /usr/local/python/3.12.1/lib/python3.12/site-packages/airflow/example_dags/example_branch_python_dop_operator_3.py took 0.057 seconds
[2025-03-31T19:18:04.097+0000] {processor.py:186} INFO - Started process (PID=10837) to work on /usr/local/python/3.12.1/lib/python3.12/site-packages/airflow/example_dags/example_branch_python_dop_operator_3.py
[2025-03-31T19:18:04.098+0000] {processor.py:914} INFO - Processing file /usr/local/python/3.12.1/lib/python3.12/site-packages/airflow/example_dags/example_branch_python_dop_operator_3.py for tasks to queue
[2025-03-31T19:18:04.099+0000] {logging_mixin.py:190} INFO - [2025-03-31T19:18:04.099+0000] {dagbag.py:588} INFO - Filling up the DagBag from /usr/local/python/3.12.1/lib/python3.12/site-packages/airflow/example_dags/example_branch_python_dop_operator_3.py
[2025-03-31T19:18:04.108+0000] {processor.py:925} INFO - DAG(s) 'example_branch_dop_operator_v3' retrieved from /usr/local/python/3.12.1/lib/python3.12/site-packages/airflow/example_dags/example_branch_python_dop_operator_3.py
[2025-03-31T19:18:04.118+0000] {logging_mixin.py:190} INFO - [2025-03-31T19:18:04.118+0000] {dag.py:3239} INFO - Sync 1 DAGs
[2025-03-31T19:18:04.136+0000] {logging_mixin.py:190} INFO - [2025-03-31T19:18:04.136+0000] {dag.py:4180} INFO - Setting next_dagrun for example_branch_dop_operator_v3 to 2025-03-31 19:17:00+00:00, run_after=2025-03-31 19:18:00+00:00
[2025-03-31T19:18:04.151+0000] {processor.py:208} INFO - Processing /usr/local/python/3.12.1/lib/python3.12/site-packages/airflow/example_dags/example_branch_python_dop_operator_3.py took 0.058 seconds
[2025-03-31T19:19:22.285+0000] {processor.py:186} INFO - Started process (PID=11506) to work on /usr/local/python/3.12.1/lib/python3.12/site-packages/airflow/example_dags/example_branch_python_dop_operator_3.py
[2025-03-31T19:19:22.286+0000] {processor.py:914} INFO - Processing file /usr/local/python/3.12.1/lib/python3.12/site-packages/airflow/example_dags/example_branch_python_dop_operator_3.py for tasks to queue
[2025-03-31T19:19:22.288+0000] {logging_mixin.py:190} INFO - [2025-03-31T19:19:22.287+0000] {dagbag.py:588} INFO - Filling up the DagBag from /usr/local/python/3.12.1/lib/python3.12/site-packages/airflow/example_dags/example_branch_python_dop_operator_3.py
[2025-03-31T19:19:22.296+0000] {processor.py:925} INFO - DAG(s) 'example_branch_dop_operator_v3' retrieved from /usr/local/python/3.12.1/lib/python3.12/site-packages/airflow/example_dags/example_branch_python_dop_operator_3.py
[2025-03-31T19:19:22.307+0000] {logging_mixin.py:190} INFO - [2025-03-31T19:19:22.307+0000] {dag.py:3239} INFO - Sync 1 DAGs
[2025-03-31T19:19:22.325+0000] {logging_mixin.py:190} INFO - [2025-03-31T19:19:22.325+0000] {dag.py:4180} INFO - Setting next_dagrun for example_branch_dop_operator_v3 to 2025-03-31 19:18:00+00:00, run_after=2025-03-31 19:19:00+00:00
[2025-03-31T19:19:22.342+0000] {processor.py:208} INFO - Processing /usr/local/python/3.12.1/lib/python3.12/site-packages/airflow/example_dags/example_branch_python_dop_operator_3.py took 0.061 seconds
[2025-03-31T19:20:39.648+0000] {processor.py:186} INFO - Started process (PID=12230) to work on /usr/local/python/3.12.1/lib/python3.12/site-packages/airflow/example_dags/example_branch_python_dop_operator_3.py
[2025-03-31T19:20:39.648+0000] {processor.py:914} INFO - Processing file /usr/local/python/3.12.1/lib/python3.12/site-packages/airflow/example_dags/example_branch_python_dop_operator_3.py for tasks to queue
[2025-03-31T19:20:39.650+0000] {logging_mixin.py:190} INFO - [2025-03-31T19:20:39.650+0000] {dagbag.py:588} INFO - Filling up the DagBag from /usr/local/python/3.12.1/lib/python3.12/site-packages/airflow/example_dags/example_branch_python_dop_operator_3.py
[2025-03-31T19:20:39.659+0000] {processor.py:925} INFO - DAG(s) 'example_branch_dop_operator_v3' retrieved from /usr/local/python/3.12.1/lib/python3.12/site-packages/airflow/example_dags/example_branch_python_dop_operator_3.py
[2025-03-31T19:20:39.669+0000] {logging_mixin.py:190} INFO - [2025-03-31T19:20:39.669+0000] {dag.py:3239} INFO - Sync 1 DAGs
[2025-03-31T19:20:39.687+0000] {logging_mixin.py:190} INFO - [2025-03-31T19:20:39.687+0000] {dag.py:4180} INFO - Setting next_dagrun for example_branch_dop_operator_v3 to 2025-03-31 19:19:00+00:00, run_after=2025-03-31 19:20:00+00:00
[2025-03-31T19:20:39.702+0000] {processor.py:208} INFO - Processing /usr/local/python/3.12.1/lib/python3.12/site-packages/airflow/example_dags/example_branch_python_dop_operator_3.py took 0.058 seconds
[2025-03-31T19:21:56.140+0000] {processor.py:186} INFO - Started process (PID=13025) to work on /usr/local/python/3.12.1/lib/python3.12/site-packages/airflow/example_dags/example_branch_python_dop_operator_3.py
[2025-03-31T19:21:56.140+0000] {processor.py:914} INFO - Processing file /usr/local/python/3.12.1/lib/python3.12/site-packages/airflow/example_dags/example_branch_python_dop_operator_3.py for tasks to queue
[2025-03-31T19:21:56.142+0000] {logging_mixin.py:190} INFO - [2025-03-31T19:21:56.142+0000] {dagbag.py:588} INFO - Filling up the DagBag from /usr/local/python/3.12.1/lib/python3.12/site-packages/airflow/example_dags/example_branch_python_dop_operator_3.py
[2025-03-31T19:21:56.150+0000] {processor.py:925} INFO - DAG(s) 'example_branch_dop_operator_v3' retrieved from /usr/local/python/3.12.1/lib/python3.12/site-packages/airflow/example_dags/example_branch_python_dop_operator_3.py
[2025-03-31T19:21:56.161+0000] {logging_mixin.py:190} INFO - [2025-03-31T19:21:56.160+0000] {dag.py:3239} INFO - Sync 1 DAGs
[2025-03-31T19:21:56.178+0000] {logging_mixin.py:190} INFO - [2025-03-31T19:21:56.178+0000] {dag.py:4180} INFO - Setting next_dagrun for example_branch_dop_operator_v3 to 2025-03-31 19:20:00+00:00, run_after=2025-03-31 19:21:00+00:00
[2025-03-31T19:21:56.192+0000] {processor.py:208} INFO - Processing /usr/local/python/3.12.1/lib/python3.12/site-packages/airflow/example_dags/example_branch_python_dop_operator_3.py took 0.057 seconds
[2025-03-31T19:22:50.171+0000] {processor.py:186} INFO - Started process (PID=13466) to work on /usr/local/python/3.12.1/lib/python3.12/site-packages/airflow/example_dags/example_branch_python_dop_operator_3.py
[2025-03-31T19:22:50.171+0000] {processor.py:914} INFO - Processing file /usr/local/python/3.12.1/lib/python3.12/site-packages/airflow/example_dags/example_branch_python_dop_operator_3.py for tasks to queue
[2025-03-31T19:22:50.173+0000] {logging_mixin.py:190} INFO - [2025-03-31T19:22:50.172+0000] {dagbag.py:588} INFO - Filling up the DagBag from /usr/local/python/3.12.1/lib/python3.12/site-packages/airflow/example_dags/example_branch_python_dop_operator_3.py
[2025-03-31T19:22:50.181+0000] {processor.py:925} INFO - DAG(s) 'example_branch_dop_operator_v3' retrieved from /usr/local/python/3.12.1/lib/python3.12/site-packages/airflow/example_dags/example_branch_python_dop_operator_3.py
[2025-03-31T19:22:50.192+0000] {logging_mixin.py:190} INFO - [2025-03-31T19:22:50.192+0000] {dag.py:3239} INFO - Sync 1 DAGs
[2025-03-31T19:22:50.210+0000] {logging_mixin.py:190} INFO - [2025-03-31T19:22:50.210+0000] {dag.py:4180} INFO - Setting next_dagrun for example_branch_dop_operator_v3 to 2025-03-31 19:21:00+00:00, run_after=2025-03-31 19:22:00+00:00
[2025-03-31T19:22:50.225+0000] {processor.py:208} INFO - Processing /usr/local/python/3.12.1/lib/python3.12/site-packages/airflow/example_dags/example_branch_python_dop_operator_3.py took 0.059 seconds
[2025-03-31T19:24:05.676+0000] {processor.py:186} INFO - Started process (PID=14054) to work on /usr/local/python/3.12.1/lib/python3.12/site-packages/airflow/example_dags/example_branch_python_dop_operator_3.py
[2025-03-31T19:24:05.676+0000] {processor.py:914} INFO - Processing file /usr/local/python/3.12.1/lib/python3.12/site-packages/airflow/example_dags/example_branch_python_dop_operator_3.py for tasks to queue
[2025-03-31T19:24:05.678+0000] {logging_mixin.py:190} INFO - [2025-03-31T19:24:05.678+0000] {dagbag.py:588} INFO - Filling up the DagBag from /usr/local/python/3.12.1/lib/python3.12/site-packages/airflow/example_dags/example_branch_python_dop_operator_3.py
[2025-03-31T19:24:05.688+0000] {processor.py:925} INFO - DAG(s) 'example_branch_dop_operator_v3' retrieved from /usr/local/python/3.12.1/lib/python3.12/site-packages/airflow/example_dags/example_branch_python_dop_operator_3.py
[2025-03-31T19:24:05.700+0000] {logging_mixin.py:190} INFO - [2025-03-31T19:24:05.700+0000] {dag.py:3239} INFO - Sync 1 DAGs
[2025-03-31T19:24:05.719+0000] {logging_mixin.py:190} INFO - [2025-03-31T19:24:05.719+0000] {dag.py:4180} INFO - Setting next_dagrun for example_branch_dop_operator_v3 to 2025-03-31 19:23:00+00:00, run_after=2025-03-31 19:24:00+00:00
[2025-03-31T19:24:05.733+0000] {processor.py:208} INFO - Processing /usr/local/python/3.12.1/lib/python3.12/site-packages/airflow/example_dags/example_branch_python_dop_operator_3.py took 0.062 seconds
[2025-03-31T19:24:59.906+0000] {processor.py:186} INFO - Started process (PID=14502) to work on /usr/local/python/3.12.1/lib/python3.12/site-packages/airflow/example_dags/example_branch_python_dop_operator_3.py
[2025-03-31T19:24:59.906+0000] {processor.py:914} INFO - Processing file /usr/local/python/3.12.1/lib/python3.12/site-packages/airflow/example_dags/example_branch_python_dop_operator_3.py for tasks to queue
[2025-03-31T19:24:59.908+0000] {logging_mixin.py:190} INFO - [2025-03-31T19:24:59.908+0000] {dagbag.py:588} INFO - Filling up the DagBag from /usr/local/python/3.12.1/lib/python3.12/site-packages/airflow/example_dags/example_branch_python_dop_operator_3.py
[2025-03-31T19:24:59.916+0000] {processor.py:925} INFO - DAG(s) 'example_branch_dop_operator_v3' retrieved from /usr/local/python/3.12.1/lib/python3.12/site-packages/airflow/example_dags/example_branch_python_dop_operator_3.py
[2025-03-31T19:24:59.927+0000] {logging_mixin.py:190} INFO - [2025-03-31T19:24:59.927+0000] {dag.py:3239} INFO - Sync 1 DAGs
[2025-03-31T19:24:59.945+0000] {logging_mixin.py:190} INFO - [2025-03-31T19:24:59.945+0000] {dag.py:4180} INFO - Setting next_dagrun for example_branch_dop_operator_v3 to 2025-03-31 19:23:00+00:00, run_after=2025-03-31 19:24:00+00:00
[2025-03-31T19:24:59.960+0000] {processor.py:208} INFO - Processing /usr/local/python/3.12.1/lib/python3.12/site-packages/airflow/example_dags/example_branch_python_dop_operator_3.py took 0.059 seconds
[2025-03-31T19:25:54.861+0000] {processor.py:186} INFO - Started process (PID=14955) to work on /usr/local/python/3.12.1/lib/python3.12/site-packages/airflow/example_dags/example_branch_python_dop_operator_3.py
[2025-03-31T19:25:54.862+0000] {processor.py:914} INFO - Processing file /usr/local/python/3.12.1/lib/python3.12/site-packages/airflow/example_dags/example_branch_python_dop_operator_3.py for tasks to queue
[2025-03-31T19:25:54.863+0000] {logging_mixin.py:190} INFO - [2025-03-31T19:25:54.863+0000] {dagbag.py:588} INFO - Filling up the DagBag from /usr/local/python/3.12.1/lib/python3.12/site-packages/airflow/example_dags/example_branch_python_dop_operator_3.py
[2025-03-31T19:25:54.871+0000] {processor.py:925} INFO - DAG(s) 'example_branch_dop_operator_v3' retrieved from /usr/local/python/3.12.1/lib/python3.12/site-packages/airflow/example_dags/example_branch_python_dop_operator_3.py
[2025-03-31T19:25:54.882+0000] {logging_mixin.py:190} INFO - [2025-03-31T19:25:54.882+0000] {dag.py:3239} INFO - Sync 1 DAGs
[2025-03-31T19:25:54.899+0000] {logging_mixin.py:190} INFO - [2025-03-31T19:25:54.899+0000] {dag.py:4180} INFO - Setting next_dagrun for example_branch_dop_operator_v3 to 2025-03-31 19:24:00+00:00, run_after=2025-03-31 19:25:00+00:00
[2025-03-31T19:25:54.914+0000] {processor.py:208} INFO - Processing /usr/local/python/3.12.1/lib/python3.12/site-packages/airflow/example_dags/example_branch_python_dop_operator_3.py took 0.057 seconds
[2025-03-31T19:27:12.056+0000] {processor.py:186} INFO - Started process (PID=15642) to work on /usr/local/python/3.12.1/lib/python3.12/site-packages/airflow/example_dags/example_branch_python_dop_operator_3.py
[2025-03-31T19:27:12.057+0000] {processor.py:914} INFO - Processing file /usr/local/python/3.12.1/lib/python3.12/site-packages/airflow/example_dags/example_branch_python_dop_operator_3.py for tasks to queue
[2025-03-31T19:27:12.058+0000] {logging_mixin.py:190} INFO - [2025-03-31T19:27:12.058+0000] {dagbag.py:588} INFO - Filling up the DagBag from /usr/local/python/3.12.1/lib/python3.12/site-packages/airflow/example_dags/example_branch_python_dop_operator_3.py
[2025-03-31T19:27:12.066+0000] {processor.py:925} INFO - DAG(s) 'example_branch_dop_operator_v3' retrieved from /usr/local/python/3.12.1/lib/python3.12/site-packages/airflow/example_dags/example_branch_python_dop_operator_3.py
[2025-03-31T19:27:12.077+0000] {logging_mixin.py:190} INFO - [2025-03-31T19:27:12.077+0000] {dag.py:3239} INFO - Sync 1 DAGs
[2025-03-31T19:27:12.095+0000] {logging_mixin.py:190} INFO - [2025-03-31T19:27:12.095+0000] {dag.py:4180} INFO - Setting next_dagrun for example_branch_dop_operator_v3 to 2025-03-31 19:26:00+00:00, run_after=2025-03-31 19:27:00+00:00
[2025-03-31T19:27:12.110+0000] {processor.py:208} INFO - Processing /usr/local/python/3.12.1/lib/python3.12/site-packages/airflow/example_dags/example_branch_python_dop_operator_3.py took 0.058 seconds
[2025-03-31T19:28:28.897+0000] {processor.py:186} INFO - Started process (PID=16268) to work on /usr/local/python/3.12.1/lib/python3.12/site-packages/airflow/example_dags/example_branch_python_dop_operator_3.py
[2025-03-31T19:28:28.897+0000] {processor.py:914} INFO - Processing file /usr/local/python/3.12.1/lib/python3.12/site-packages/airflow/example_dags/example_branch_python_dop_operator_3.py for tasks to queue
[2025-03-31T19:28:28.899+0000] {logging_mixin.py:190} INFO - [2025-03-31T19:28:28.898+0000] {dagbag.py:588} INFO - Filling up the DagBag from /usr/local/python/3.12.1/lib/python3.12/site-packages/airflow/example_dags/example_branch_python_dop_operator_3.py
[2025-03-31T19:28:28.907+0000] {processor.py:925} INFO - DAG(s) 'example_branch_dop_operator_v3' retrieved from /usr/local/python/3.12.1/lib/python3.12/site-packages/airflow/example_dags/example_branch_python_dop_operator_3.py
[2025-03-31T19:28:28.918+0000] {logging_mixin.py:190} INFO - [2025-03-31T19:28:28.918+0000] {dag.py:3239} INFO - Sync 1 DAGs
[2025-03-31T19:28:28.935+0000] {logging_mixin.py:190} INFO - [2025-03-31T19:28:28.935+0000] {dag.py:4180} INFO - Setting next_dagrun for example_branch_dop_operator_v3 to 2025-03-31 19:27:00+00:00, run_after=2025-03-31 19:28:00+00:00
[2025-03-31T19:28:28.950+0000] {processor.py:208} INFO - Processing /usr/local/python/3.12.1/lib/python3.12/site-packages/airflow/example_dags/example_branch_python_dop_operator_3.py took 0.058 seconds
[2025-03-31T19:29:30.778+0000] {processor.py:186} INFO - Started process (PID=16886) to work on /usr/local/python/3.12.1/lib/python3.12/site-packages/airflow/example_dags/example_branch_python_dop_operator_3.py
[2025-03-31T19:29:30.778+0000] {processor.py:914} INFO - Processing file /usr/local/python/3.12.1/lib/python3.12/site-packages/airflow/example_dags/example_branch_python_dop_operator_3.py for tasks to queue
[2025-03-31T19:29:30.780+0000] {logging_mixin.py:190} INFO - [2025-03-31T19:29:30.779+0000] {dagbag.py:588} INFO - Filling up the DagBag from /usr/local/python/3.12.1/lib/python3.12/site-packages/airflow/example_dags/example_branch_python_dop_operator_3.py
[2025-03-31T19:29:30.787+0000] {processor.py:925} INFO - DAG(s) 'example_branch_dop_operator_v3' retrieved from /usr/local/python/3.12.1/lib/python3.12/site-packages/airflow/example_dags/example_branch_python_dop_operator_3.py
[2025-03-31T19:29:30.798+0000] {logging_mixin.py:190} INFO - [2025-03-31T19:29:30.798+0000] {dag.py:3239} INFO - Sync 1 DAGs
[2025-03-31T19:29:30.816+0000] {logging_mixin.py:190} INFO - [2025-03-31T19:29:30.816+0000] {dag.py:4180} INFO - Setting next_dagrun for example_branch_dop_operator_v3 to 2025-03-31 19:28:00+00:00, run_after=2025-03-31 19:29:00+00:00
[2025-03-31T19:29:30.830+0000] {processor.py:208} INFO - Processing /usr/local/python/3.12.1/lib/python3.12/site-packages/airflow/example_dags/example_branch_python_dop_operator_3.py took 0.057 seconds
[2025-03-31T19:30:28.132+0000] {processor.py:186} INFO - Started process (PID=17355) to work on /usr/local/python/3.12.1/lib/python3.12/site-packages/airflow/example_dags/example_branch_python_dop_operator_3.py
[2025-03-31T19:30:28.133+0000] {processor.py:914} INFO - Processing file /usr/local/python/3.12.1/lib/python3.12/site-packages/airflow/example_dags/example_branch_python_dop_operator_3.py for tasks to queue
[2025-03-31T19:30:28.134+0000] {logging_mixin.py:190} INFO - [2025-03-31T19:30:28.134+0000] {dagbag.py:588} INFO - Filling up the DagBag from /usr/local/python/3.12.1/lib/python3.12/site-packages/airflow/example_dags/example_branch_python_dop_operator_3.py
[2025-03-31T19:30:28.142+0000] {processor.py:925} INFO - DAG(s) 'example_branch_dop_operator_v3' retrieved from /usr/local/python/3.12.1/lib/python3.12/site-packages/airflow/example_dags/example_branch_python_dop_operator_3.py
[2025-03-31T19:30:28.153+0000] {logging_mixin.py:190} INFO - [2025-03-31T19:30:28.153+0000] {dag.py:3239} INFO - Sync 1 DAGs
[2025-03-31T19:30:28.170+0000] {logging_mixin.py:190} INFO - [2025-03-31T19:30:28.170+0000] {dag.py:4180} INFO - Setting next_dagrun for example_branch_dop_operator_v3 to 2025-03-31 19:29:00+00:00, run_after=2025-03-31 19:30:00+00:00
[2025-03-31T19:30:28.184+0000] {processor.py:208} INFO - Processing /usr/local/python/3.12.1/lib/python3.12/site-packages/airflow/example_dags/example_branch_python_dop_operator_3.py took 0.056 seconds
[2025-03-31T19:31:26.645+0000] {processor.py:186} INFO - Started process (PID=17816) to work on /usr/local/python/3.12.1/lib/python3.12/site-packages/airflow/example_dags/example_branch_python_dop_operator_3.py
[2025-03-31T19:31:26.645+0000] {processor.py:914} INFO - Processing file /usr/local/python/3.12.1/lib/python3.12/site-packages/airflow/example_dags/example_branch_python_dop_operator_3.py for tasks to queue
[2025-03-31T19:31:26.647+0000] {logging_mixin.py:190} INFO - [2025-03-31T19:31:26.646+0000] {dagbag.py:588} INFO - Filling up the DagBag from /usr/local/python/3.12.1/lib/python3.12/site-packages/airflow/example_dags/example_branch_python_dop_operator_3.py
[2025-03-31T19:31:26.655+0000] {processor.py:925} INFO - DAG(s) 'example_branch_dop_operator_v3' retrieved from /usr/local/python/3.12.1/lib/python3.12/site-packages/airflow/example_dags/example_branch_python_dop_operator_3.py
[2025-03-31T19:31:26.665+0000] {logging_mixin.py:190} INFO - [2025-03-31T19:31:26.665+0000] {dag.py:3239} INFO - Sync 1 DAGs
[2025-03-31T19:31:26.683+0000] {logging_mixin.py:190} INFO - [2025-03-31T19:31:26.683+0000] {dag.py:4180} INFO - Setting next_dagrun for example_branch_dop_operator_v3 to 2025-03-31 19:30:00+00:00, run_after=2025-03-31 19:31:00+00:00
[2025-03-31T19:31:26.698+0000] {processor.py:208} INFO - Processing /usr/local/python/3.12.1/lib/python3.12/site-packages/airflow/example_dags/example_branch_python_dop_operator_3.py took 0.057 seconds
[2025-03-31T19:32:24.327+0000] {processor.py:186} INFO - Started process (PID=18269) to work on /usr/local/python/3.12.1/lib/python3.12/site-packages/airflow/example_dags/example_branch_python_dop_operator_3.py
[2025-03-31T19:32:24.328+0000] {processor.py:914} INFO - Processing file /usr/local/python/3.12.1/lib/python3.12/site-packages/airflow/example_dags/example_branch_python_dop_operator_3.py for tasks to queue
[2025-03-31T19:32:24.329+0000] {logging_mixin.py:190} INFO - [2025-03-31T19:32:24.329+0000] {dagbag.py:588} INFO - Filling up the DagBag from /usr/local/python/3.12.1/lib/python3.12/site-packages/airflow/example_dags/example_branch_python_dop_operator_3.py
[2025-03-31T19:32:24.337+0000] {processor.py:925} INFO - DAG(s) 'example_branch_dop_operator_v3' retrieved from /usr/local/python/3.12.1/lib/python3.12/site-packages/airflow/example_dags/example_branch_python_dop_operator_3.py
[2025-03-31T19:32:24.348+0000] {logging_mixin.py:190} INFO - [2025-03-31T19:32:24.348+0000] {dag.py:3239} INFO - Sync 1 DAGs
[2025-03-31T19:32:24.366+0000] {logging_mixin.py:190} INFO - [2025-03-31T19:32:24.365+0000] {dag.py:4180} INFO - Setting next_dagrun for example_branch_dop_operator_v3 to 2025-03-31 19:31:00+00:00, run_after=2025-03-31 19:32:00+00:00
[2025-03-31T19:32:24.382+0000] {processor.py:208} INFO - Processing /usr/local/python/3.12.1/lib/python3.12/site-packages/airflow/example_dags/example_branch_python_dop_operator_3.py took 0.058 seconds
[2025-03-31T19:33:19.310+0000] {processor.py:186} INFO - Started process (PID=18717) to work on /usr/local/python/3.12.1/lib/python3.12/site-packages/airflow/example_dags/example_branch_python_dop_operator_3.py
[2025-03-31T19:33:19.311+0000] {processor.py:914} INFO - Processing file /usr/local/python/3.12.1/lib/python3.12/site-packages/airflow/example_dags/example_branch_python_dop_operator_3.py for tasks to queue
[2025-03-31T19:33:19.312+0000] {logging_mixin.py:190} INFO - [2025-03-31T19:33:19.312+0000] {dagbag.py:588} INFO - Filling up the DagBag from /usr/local/python/3.12.1/lib/python3.12/site-packages/airflow/example_dags/example_branch_python_dop_operator_3.py
[2025-03-31T19:33:19.320+0000] {processor.py:925} INFO - DAG(s) 'example_branch_dop_operator_v3' retrieved from /usr/local/python/3.12.1/lib/python3.12/site-packages/airflow/example_dags/example_branch_python_dop_operator_3.py
[2025-03-31T19:33:19.332+0000] {logging_mixin.py:190} INFO - [2025-03-31T19:33:19.332+0000] {dag.py:3239} INFO - Sync 1 DAGs
[2025-03-31T19:33:19.351+0000] {logging_mixin.py:190} INFO - [2025-03-31T19:33:19.351+0000] {dag.py:4180} INFO - Setting next_dagrun for example_branch_dop_operator_v3 to 2025-03-31 19:32:00+00:00, run_after=2025-03-31 19:33:00+00:00
[2025-03-31T19:33:19.366+0000] {processor.py:208} INFO - Processing /usr/local/python/3.12.1/lib/python3.12/site-packages/airflow/example_dags/example_branch_python_dop_operator_3.py took 0.060 seconds
[2025-03-31T19:34:18.049+0000] {processor.py:186} INFO - Started process (PID=19199) to work on /usr/local/python/3.12.1/lib/python3.12/site-packages/airflow/example_dags/example_branch_python_dop_operator_3.py
[2025-03-31T19:34:18.050+0000] {processor.py:914} INFO - Processing file /usr/local/python/3.12.1/lib/python3.12/site-packages/airflow/example_dags/example_branch_python_dop_operator_3.py for tasks to queue
[2025-03-31T19:34:18.051+0000] {logging_mixin.py:190} INFO - [2025-03-31T19:34:18.051+0000] {dagbag.py:588} INFO - Filling up the DagBag from /usr/local/python/3.12.1/lib/python3.12/site-packages/airflow/example_dags/example_branch_python_dop_operator_3.py
[2025-03-31T19:34:18.059+0000] {processor.py:925} INFO - DAG(s) 'example_branch_dop_operator_v3' retrieved from /usr/local/python/3.12.1/lib/python3.12/site-packages/airflow/example_dags/example_branch_python_dop_operator_3.py
[2025-03-31T19:34:18.070+0000] {logging_mixin.py:190} INFO - [2025-03-31T19:34:18.070+0000] {dag.py:3239} INFO - Sync 1 DAGs
[2025-03-31T19:34:18.087+0000] {logging_mixin.py:190} INFO - [2025-03-31T19:34:18.087+0000] {dag.py:4180} INFO - Setting next_dagrun for example_branch_dop_operator_v3 to 2025-03-31 19:33:00+00:00, run_after=2025-03-31 19:34:00+00:00
[2025-03-31T19:34:18.102+0000] {processor.py:208} INFO - Processing /usr/local/python/3.12.1/lib/python3.12/site-packages/airflow/example_dags/example_branch_python_dop_operator_3.py took 0.057 seconds
[2025-03-31T19:35:15.457+0000] {processor.py:186} INFO - Started process (PID=19668) to work on /usr/local/python/3.12.1/lib/python3.12/site-packages/airflow/example_dags/example_branch_python_dop_operator_3.py
[2025-03-31T19:35:15.458+0000] {processor.py:914} INFO - Processing file /usr/local/python/3.12.1/lib/python3.12/site-packages/airflow/example_dags/example_branch_python_dop_operator_3.py for tasks to queue
[2025-03-31T19:35:15.459+0000] {logging_mixin.py:190} INFO - [2025-03-31T19:35:15.459+0000] {dagbag.py:588} INFO - Filling up the DagBag from /usr/local/python/3.12.1/lib/python3.12/site-packages/airflow/example_dags/example_branch_python_dop_operator_3.py
[2025-03-31T19:35:15.467+0000] {processor.py:925} INFO - DAG(s) 'example_branch_dop_operator_v3' retrieved from /usr/local/python/3.12.1/lib/python3.12/site-packages/airflow/example_dags/example_branch_python_dop_operator_3.py
[2025-03-31T19:35:15.478+0000] {logging_mixin.py:190} INFO - [2025-03-31T19:35:15.478+0000] {dag.py:3239} INFO - Sync 1 DAGs
[2025-03-31T19:35:15.495+0000] {logging_mixin.py:190} INFO - [2025-03-31T19:35:15.495+0000] {dag.py:4180} INFO - Setting next_dagrun for example_branch_dop_operator_v3 to 2025-03-31 19:34:00+00:00, run_after=2025-03-31 19:35:00+00:00
[2025-03-31T19:35:15.510+0000] {processor.py:208} INFO - Processing /usr/local/python/3.12.1/lib/python3.12/site-packages/airflow/example_dags/example_branch_python_dop_operator_3.py took 0.057 seconds
[2025-03-31T19:36:13.377+0000] {processor.py:186} INFO - Started process (PID=20152) to work on /usr/local/python/3.12.1/lib/python3.12/site-packages/airflow/example_dags/example_branch_python_dop_operator_3.py
[2025-03-31T19:36:13.378+0000] {processor.py:914} INFO - Processing file /usr/local/python/3.12.1/lib/python3.12/site-packages/airflow/example_dags/example_branch_python_dop_operator_3.py for tasks to queue
[2025-03-31T19:36:13.379+0000] {logging_mixin.py:190} INFO - [2025-03-31T19:36:13.379+0000] {dagbag.py:588} INFO - Filling up the DagBag from /usr/local/python/3.12.1/lib/python3.12/site-packages/airflow/example_dags/example_branch_python_dop_operator_3.py
[2025-03-31T19:36:13.387+0000] {processor.py:925} INFO - DAG(s) 'example_branch_dop_operator_v3' retrieved from /usr/local/python/3.12.1/lib/python3.12/site-packages/airflow/example_dags/example_branch_python_dop_operator_3.py
[2025-03-31T19:36:13.398+0000] {logging_mixin.py:190} INFO - [2025-03-31T19:36:13.397+0000] {dag.py:3239} INFO - Sync 1 DAGs
[2025-03-31T19:36:13.417+0000] {logging_mixin.py:190} INFO - [2025-03-31T19:36:13.417+0000] {dag.py:4180} INFO - Setting next_dagrun for example_branch_dop_operator_v3 to 2025-03-31 19:35:00+00:00, run_after=2025-03-31 19:36:00+00:00
[2025-03-31T19:36:13.433+0000] {processor.py:208} INFO - Processing /usr/local/python/3.12.1/lib/python3.12/site-packages/airflow/example_dags/example_branch_python_dop_operator_3.py took 0.059 seconds
[2025-03-31T19:37:07.655+0000] {processor.py:186} INFO - Started process (PID=20576) to work on /usr/local/python/3.12.1/lib/python3.12/site-packages/airflow/example_dags/example_branch_python_dop_operator_3.py
[2025-03-31T19:37:07.656+0000] {processor.py:914} INFO - Processing file /usr/local/python/3.12.1/lib/python3.12/site-packages/airflow/example_dags/example_branch_python_dop_operator_3.py for tasks to queue
[2025-03-31T19:37:07.657+0000] {logging_mixin.py:190} INFO - [2025-03-31T19:37:07.657+0000] {dagbag.py:588} INFO - Filling up the DagBag from /usr/local/python/3.12.1/lib/python3.12/site-packages/airflow/example_dags/example_branch_python_dop_operator_3.py
[2025-03-31T19:37:07.665+0000] {processor.py:925} INFO - DAG(s) 'example_branch_dop_operator_v3' retrieved from /usr/local/python/3.12.1/lib/python3.12/site-packages/airflow/example_dags/example_branch_python_dop_operator_3.py
[2025-03-31T19:37:07.676+0000] {logging_mixin.py:190} INFO - [2025-03-31T19:37:07.676+0000] {dag.py:3239} INFO - Sync 1 DAGs
[2025-03-31T19:37:07.694+0000] {logging_mixin.py:190} INFO - [2025-03-31T19:37:07.694+0000] {dag.py:4180} INFO - Setting next_dagrun for example_branch_dop_operator_v3 to 2025-03-31 19:36:00+00:00, run_after=2025-03-31 19:37:00+00:00
[2025-03-31T19:37:07.708+0000] {processor.py:208} INFO - Processing /usr/local/python/3.12.1/lib/python3.12/site-packages/airflow/example_dags/example_branch_python_dop_operator_3.py took 0.057 seconds
[2025-03-31T19:38:05.282+0000] {processor.py:186} INFO - Started process (PID=21040) to work on /usr/local/python/3.12.1/lib/python3.12/site-packages/airflow/example_dags/example_branch_python_dop_operator_3.py
[2025-03-31T19:38:05.283+0000] {processor.py:914} INFO - Processing file /usr/local/python/3.12.1/lib/python3.12/site-packages/airflow/example_dags/example_branch_python_dop_operator_3.py for tasks to queue
[2025-03-31T19:38:05.284+0000] {logging_mixin.py:190} INFO - [2025-03-31T19:38:05.284+0000] {dagbag.py:588} INFO - Filling up the DagBag from /usr/local/python/3.12.1/lib/python3.12/site-packages/airflow/example_dags/example_branch_python_dop_operator_3.py
[2025-03-31T19:38:05.292+0000] {processor.py:925} INFO - DAG(s) 'example_branch_dop_operator_v3' retrieved from /usr/local/python/3.12.1/lib/python3.12/site-packages/airflow/example_dags/example_branch_python_dop_operator_3.py
[2025-03-31T19:38:05.303+0000] {logging_mixin.py:190} INFO - [2025-03-31T19:38:05.303+0000] {dag.py:3239} INFO - Sync 1 DAGs
[2025-03-31T19:38:05.322+0000] {logging_mixin.py:190} INFO - [2025-03-31T19:38:05.321+0000] {dag.py:4180} INFO - Setting next_dagrun for example_branch_dop_operator_v3 to 2025-03-31 19:37:00+00:00, run_after=2025-03-31 19:38:00+00:00
[2025-03-31T19:38:05.337+0000] {processor.py:208} INFO - Processing /usr/local/python/3.12.1/lib/python3.12/site-packages/airflow/example_dags/example_branch_python_dop_operator_3.py took 0.059 seconds
