[2025-03-31T19:06:28.003+0000] {processor.py:186} INFO - Started process (PID=5210) to work on /usr/local/python/3.12.1/lib/python3.12/site-packages/airflow/example_dags/example_setup_teardown_taskflow.py
[2025-03-31T19:06:28.003+0000] {processor.py:914} INFO - Processing file /usr/local/python/3.12.1/lib/python3.12/site-packages/airflow/example_dags/example_setup_teardown_taskflow.py for tasks to queue
[2025-03-31T19:06:28.005+0000] {logging_mixin.py:190} INFO - [2025-03-31T19:06:28.004+0000] {dagbag.py:588} INFO - Filling up the DagBag from /usr/local/python/3.12.1/lib/python3.12/site-packages/airflow/example_dags/example_setup_teardown_taskflow.py
[2025-03-31T19:06:28.013+0000] {processor.py:925} INFO - DAG(s) 'example_setup_teardown_taskflow' retrieved from /usr/local/python/3.12.1/lib/python3.12/site-packages/airflow/example_dags/example_setup_teardown_taskflow.py
[2025-03-31T19:06:28.026+0000] {logging_mixin.py:190} INFO - [2025-03-31T19:06:28.026+0000] {dag.py:3239} INFO - Sync 1 DAGs
[2025-03-31T19:06:28.035+0000] {logging_mixin.py:190} INFO - [2025-03-31T19:06:28.035+0000] {dag.py:4180} INFO - Setting next_dagrun for example_setup_teardown_taskflow to None, run_after=None
[2025-03-31T19:06:28.049+0000] {processor.py:208} INFO - Processing /usr/local/python/3.12.1/lib/python3.12/site-packages/airflow/example_dags/example_setup_teardown_taskflow.py took 0.050 seconds
[2025-03-31T19:07:27.059+0000] {processor.py:186} INFO - Started process (PID=5716) to work on /usr/local/python/3.12.1/lib/python3.12/site-packages/airflow/example_dags/example_setup_teardown_taskflow.py
[2025-03-31T19:07:27.060+0000] {processor.py:914} INFO - Processing file /usr/local/python/3.12.1/lib/python3.12/site-packages/airflow/example_dags/example_setup_teardown_taskflow.py for tasks to queue
[2025-03-31T19:07:27.061+0000] {logging_mixin.py:190} INFO - [2025-03-31T19:07:27.061+0000] {dagbag.py:588} INFO - Filling up the DagBag from /usr/local/python/3.12.1/lib/python3.12/site-packages/airflow/example_dags/example_setup_teardown_taskflow.py
[2025-03-31T19:07:27.070+0000] {processor.py:925} INFO - DAG(s) 'example_setup_teardown_taskflow' retrieved from /usr/local/python/3.12.1/lib/python3.12/site-packages/airflow/example_dags/example_setup_teardown_taskflow.py
[2025-03-31T19:07:27.082+0000] {logging_mixin.py:190} INFO - [2025-03-31T19:07:27.082+0000] {dag.py:3239} INFO - Sync 1 DAGs
[2025-03-31T19:07:27.091+0000] {logging_mixin.py:190} INFO - [2025-03-31T19:07:27.091+0000] {dag.py:4180} INFO - Setting next_dagrun for example_setup_teardown_taskflow to None, run_after=None
[2025-03-31T19:07:27.107+0000] {processor.py:208} INFO - Processing /usr/local/python/3.12.1/lib/python3.12/site-packages/airflow/example_dags/example_setup_teardown_taskflow.py took 0.052 seconds
[2025-03-31T19:08:21.935+0000] {processor.py:186} INFO - Started process (PID=6186) to work on /usr/local/python/3.12.1/lib/python3.12/site-packages/airflow/example_dags/example_setup_teardown_taskflow.py
[2025-03-31T19:08:21.935+0000] {processor.py:914} INFO - Processing file /usr/local/python/3.12.1/lib/python3.12/site-packages/airflow/example_dags/example_setup_teardown_taskflow.py for tasks to queue
[2025-03-31T19:08:21.937+0000] {logging_mixin.py:190} INFO - [2025-03-31T19:08:21.936+0000] {dagbag.py:588} INFO - Filling up the DagBag from /usr/local/python/3.12.1/lib/python3.12/site-packages/airflow/example_dags/example_setup_teardown_taskflow.py
[2025-03-31T19:08:21.945+0000] {processor.py:925} INFO - DAG(s) 'example_setup_teardown_taskflow' retrieved from /usr/local/python/3.12.1/lib/python3.12/site-packages/airflow/example_dags/example_setup_teardown_taskflow.py
[2025-03-31T19:08:21.957+0000] {logging_mixin.py:190} INFO - [2025-03-31T19:08:21.957+0000] {dag.py:3239} INFO - Sync 1 DAGs
[2025-03-31T19:08:21.966+0000] {logging_mixin.py:190} INFO - [2025-03-31T19:08:21.966+0000] {dag.py:4180} INFO - Setting next_dagrun for example_setup_teardown_taskflow to None, run_after=None
[2025-03-31T19:08:21.981+0000] {processor.py:208} INFO - Processing /usr/local/python/3.12.1/lib/python3.12/site-packages/airflow/example_dags/example_setup_teardown_taskflow.py took 0.050 seconds
[2025-03-31T19:09:15.158+0000] {processor.py:186} INFO - Started process (PID=6633) to work on /usr/local/python/3.12.1/lib/python3.12/site-packages/airflow/example_dags/example_setup_teardown_taskflow.py
[2025-03-31T19:09:15.159+0000] {processor.py:914} INFO - Processing file /usr/local/python/3.12.1/lib/python3.12/site-packages/airflow/example_dags/example_setup_teardown_taskflow.py for tasks to queue
[2025-03-31T19:09:15.160+0000] {logging_mixin.py:190} INFO - [2025-03-31T19:09:15.160+0000] {dagbag.py:588} INFO - Filling up the DagBag from /usr/local/python/3.12.1/lib/python3.12/site-packages/airflow/example_dags/example_setup_teardown_taskflow.py
[2025-03-31T19:09:15.168+0000] {processor.py:925} INFO - DAG(s) 'example_setup_teardown_taskflow' retrieved from /usr/local/python/3.12.1/lib/python3.12/site-packages/airflow/example_dags/example_setup_teardown_taskflow.py
[2025-03-31T19:09:15.181+0000] {logging_mixin.py:190} INFO - [2025-03-31T19:09:15.181+0000] {dag.py:3239} INFO - Sync 1 DAGs
[2025-03-31T19:09:15.191+0000] {logging_mixin.py:190} INFO - [2025-03-31T19:09:15.190+0000] {dag.py:4180} INFO - Setting next_dagrun for example_setup_teardown_taskflow to None, run_after=None
[2025-03-31T19:09:15.206+0000] {processor.py:208} INFO - Processing /usr/local/python/3.12.1/lib/python3.12/site-packages/airflow/example_dags/example_setup_teardown_taskflow.py took 0.052 seconds
[2025-03-31T19:10:06.421+0000] {processor.py:186} INFO - Started process (PID=7034) to work on /usr/local/python/3.12.1/lib/python3.12/site-packages/airflow/example_dags/example_setup_teardown_taskflow.py
[2025-03-31T19:10:06.422+0000] {processor.py:914} INFO - Processing file /usr/local/python/3.12.1/lib/python3.12/site-packages/airflow/example_dags/example_setup_teardown_taskflow.py for tasks to queue
[2025-03-31T19:10:06.424+0000] {logging_mixin.py:190} INFO - [2025-03-31T19:10:06.423+0000] {dagbag.py:588} INFO - Filling up the DagBag from /usr/local/python/3.12.1/lib/python3.12/site-packages/airflow/example_dags/example_setup_teardown_taskflow.py
[2025-03-31T19:10:06.433+0000] {processor.py:925} INFO - DAG(s) 'example_setup_teardown_taskflow' retrieved from /usr/local/python/3.12.1/lib/python3.12/site-packages/airflow/example_dags/example_setup_teardown_taskflow.py
[2025-03-31T19:10:06.447+0000] {logging_mixin.py:190} INFO - [2025-03-31T19:10:06.447+0000] {dag.py:3239} INFO - Sync 1 DAGs
[2025-03-31T19:10:06.457+0000] {logging_mixin.py:190} INFO - [2025-03-31T19:10:06.457+0000] {dag.py:4180} INFO - Setting next_dagrun for example_setup_teardown_taskflow to None, run_after=None
[2025-03-31T19:10:06.472+0000] {processor.py:208} INFO - Processing /usr/local/python/3.12.1/lib/python3.12/site-packages/airflow/example_dags/example_setup_teardown_taskflow.py took 0.056 seconds
[2025-03-31T19:10:56.881+0000] {processor.py:186} INFO - Started process (PID=7439) to work on /usr/local/python/3.12.1/lib/python3.12/site-packages/airflow/example_dags/example_setup_teardown_taskflow.py
[2025-03-31T19:10:56.881+0000] {processor.py:914} INFO - Processing file /usr/local/python/3.12.1/lib/python3.12/site-packages/airflow/example_dags/example_setup_teardown_taskflow.py for tasks to queue
[2025-03-31T19:10:56.883+0000] {logging_mixin.py:190} INFO - [2025-03-31T19:10:56.883+0000] {dagbag.py:588} INFO - Filling up the DagBag from /usr/local/python/3.12.1/lib/python3.12/site-packages/airflow/example_dags/example_setup_teardown_taskflow.py
[2025-03-31T19:10:56.891+0000] {processor.py:925} INFO - DAG(s) 'example_setup_teardown_taskflow' retrieved from /usr/local/python/3.12.1/lib/python3.12/site-packages/airflow/example_dags/example_setup_teardown_taskflow.py
[2025-03-31T19:10:56.904+0000] {logging_mixin.py:190} INFO - [2025-03-31T19:10:56.903+0000] {dag.py:3239} INFO - Sync 1 DAGs
[2025-03-31T19:10:56.913+0000] {logging_mixin.py:190} INFO - [2025-03-31T19:10:56.913+0000] {dag.py:4180} INFO - Setting next_dagrun for example_setup_teardown_taskflow to None, run_after=None
[2025-03-31T19:10:56.928+0000] {processor.py:208} INFO - Processing /usr/local/python/3.12.1/lib/python3.12/site-packages/airflow/example_dags/example_setup_teardown_taskflow.py took 0.051 seconds
[2025-03-31T19:11:51.431+0000] {processor.py:186} INFO - Started process (PID=7860) to work on /usr/local/python/3.12.1/lib/python3.12/site-packages/airflow/example_dags/example_setup_teardown_taskflow.py
[2025-03-31T19:11:51.431+0000] {processor.py:914} INFO - Processing file /usr/local/python/3.12.1/lib/python3.12/site-packages/airflow/example_dags/example_setup_teardown_taskflow.py for tasks to queue
[2025-03-31T19:11:51.433+0000] {logging_mixin.py:190} INFO - [2025-03-31T19:11:51.433+0000] {dagbag.py:588} INFO - Filling up the DagBag from /usr/local/python/3.12.1/lib/python3.12/site-packages/airflow/example_dags/example_setup_teardown_taskflow.py
[2025-03-31T19:11:51.441+0000] {processor.py:925} INFO - DAG(s) 'example_setup_teardown_taskflow' retrieved from /usr/local/python/3.12.1/lib/python3.12/site-packages/airflow/example_dags/example_setup_teardown_taskflow.py
[2025-03-31T19:11:51.454+0000] {logging_mixin.py:190} INFO - [2025-03-31T19:11:51.454+0000] {dag.py:3239} INFO - Sync 1 DAGs
[2025-03-31T19:11:51.463+0000] {logging_mixin.py:190} INFO - [2025-03-31T19:11:51.463+0000] {dag.py:4180} INFO - Setting next_dagrun for example_setup_teardown_taskflow to None, run_after=None
[2025-03-31T19:11:51.478+0000] {processor.py:208} INFO - Processing /usr/local/python/3.12.1/lib/python3.12/site-packages/airflow/example_dags/example_setup_teardown_taskflow.py took 0.051 seconds
[2025-03-31T19:12:43.633+0000] {processor.py:186} INFO - Started process (PID=8268) to work on /usr/local/python/3.12.1/lib/python3.12/site-packages/airflow/example_dags/example_setup_teardown_taskflow.py
[2025-03-31T19:12:43.634+0000] {processor.py:914} INFO - Processing file /usr/local/python/3.12.1/lib/python3.12/site-packages/airflow/example_dags/example_setup_teardown_taskflow.py for tasks to queue
[2025-03-31T19:12:43.635+0000] {logging_mixin.py:190} INFO - [2025-03-31T19:12:43.635+0000] {dagbag.py:588} INFO - Filling up the DagBag from /usr/local/python/3.12.1/lib/python3.12/site-packages/airflow/example_dags/example_setup_teardown_taskflow.py
[2025-03-31T19:12:43.643+0000] {processor.py:925} INFO - DAG(s) 'example_setup_teardown_taskflow' retrieved from /usr/local/python/3.12.1/lib/python3.12/site-packages/airflow/example_dags/example_setup_teardown_taskflow.py
[2025-03-31T19:12:43.656+0000] {logging_mixin.py:190} INFO - [2025-03-31T19:12:43.656+0000] {dag.py:3239} INFO - Sync 1 DAGs
[2025-03-31T19:12:43.665+0000] {logging_mixin.py:190} INFO - [2025-03-31T19:12:43.665+0000] {dag.py:4180} INFO - Setting next_dagrun for example_setup_teardown_taskflow to None, run_after=None
[2025-03-31T19:12:43.679+0000] {processor.py:208} INFO - Processing /usr/local/python/3.12.1/lib/python3.12/site-packages/airflow/example_dags/example_setup_teardown_taskflow.py took 0.050 seconds
[2025-03-31T19:13:38.165+0000] {processor.py:186} INFO - Started process (PID=8690) to work on /usr/local/python/3.12.1/lib/python3.12/site-packages/airflow/example_dags/example_setup_teardown_taskflow.py
[2025-03-31T19:13:38.165+0000] {processor.py:914} INFO - Processing file /usr/local/python/3.12.1/lib/python3.12/site-packages/airflow/example_dags/example_setup_teardown_taskflow.py for tasks to queue
[2025-03-31T19:13:38.167+0000] {logging_mixin.py:190} INFO - [2025-03-31T19:13:38.166+0000] {dagbag.py:588} INFO - Filling up the DagBag from /usr/local/python/3.12.1/lib/python3.12/site-packages/airflow/example_dags/example_setup_teardown_taskflow.py
[2025-03-31T19:13:38.175+0000] {processor.py:925} INFO - DAG(s) 'example_setup_teardown_taskflow' retrieved from /usr/local/python/3.12.1/lib/python3.12/site-packages/airflow/example_dags/example_setup_teardown_taskflow.py
[2025-03-31T19:13:38.187+0000] {logging_mixin.py:190} INFO - [2025-03-31T19:13:38.187+0000] {dag.py:3239} INFO - Sync 1 DAGs
[2025-03-31T19:13:38.196+0000] {logging_mixin.py:190} INFO - [2025-03-31T19:13:38.196+0000] {dag.py:4180} INFO - Setting next_dagrun for example_setup_teardown_taskflow to None, run_after=None
[2025-03-31T19:13:38.211+0000] {processor.py:208} INFO - Processing /usr/local/python/3.12.1/lib/python3.12/site-packages/airflow/example_dags/example_setup_teardown_taskflow.py took 0.050 seconds
[2025-03-31T19:14:31.823+0000] {processor.py:186} INFO - Started process (PID=9125) to work on /usr/local/python/3.12.1/lib/python3.12/site-packages/airflow/example_dags/example_setup_teardown_taskflow.py
[2025-03-31T19:14:31.824+0000] {processor.py:914} INFO - Processing file /usr/local/python/3.12.1/lib/python3.12/site-packages/airflow/example_dags/example_setup_teardown_taskflow.py for tasks to queue
[2025-03-31T19:14:31.825+0000] {logging_mixin.py:190} INFO - [2025-03-31T19:14:31.825+0000] {dagbag.py:588} INFO - Filling up the DagBag from /usr/local/python/3.12.1/lib/python3.12/site-packages/airflow/example_dags/example_setup_teardown_taskflow.py
[2025-03-31T19:14:31.833+0000] {processor.py:925} INFO - DAG(s) 'example_setup_teardown_taskflow' retrieved from /usr/local/python/3.12.1/lib/python3.12/site-packages/airflow/example_dags/example_setup_teardown_taskflow.py
[2025-03-31T19:14:31.846+0000] {logging_mixin.py:190} INFO - [2025-03-31T19:14:31.845+0000] {dag.py:3239} INFO - Sync 1 DAGs
[2025-03-31T19:14:31.855+0000] {logging_mixin.py:190} INFO - [2025-03-31T19:14:31.855+0000] {dag.py:4180} INFO - Setting next_dagrun for example_setup_teardown_taskflow to None, run_after=None
[2025-03-31T19:14:31.869+0000] {processor.py:208} INFO - Processing /usr/local/python/3.12.1/lib/python3.12/site-packages/airflow/example_dags/example_setup_teardown_taskflow.py took 0.050 seconds
[2025-03-31T19:15:27.202+0000] {processor.py:186} INFO - Started process (PID=9558) to work on /usr/local/python/3.12.1/lib/python3.12/site-packages/airflow/example_dags/example_setup_teardown_taskflow.py
[2025-03-31T19:15:27.202+0000] {processor.py:914} INFO - Processing file /usr/local/python/3.12.1/lib/python3.12/site-packages/airflow/example_dags/example_setup_teardown_taskflow.py for tasks to queue
[2025-03-31T19:15:27.204+0000] {logging_mixin.py:190} INFO - [2025-03-31T19:15:27.203+0000] {dagbag.py:588} INFO - Filling up the DagBag from /usr/local/python/3.12.1/lib/python3.12/site-packages/airflow/example_dags/example_setup_teardown_taskflow.py
[2025-03-31T19:15:27.212+0000] {processor.py:925} INFO - DAG(s) 'example_setup_teardown_taskflow' retrieved from /usr/local/python/3.12.1/lib/python3.12/site-packages/airflow/example_dags/example_setup_teardown_taskflow.py
[2025-03-31T19:15:27.224+0000] {logging_mixin.py:190} INFO - [2025-03-31T19:15:27.224+0000] {dag.py:3239} INFO - Sync 1 DAGs
[2025-03-31T19:15:27.234+0000] {logging_mixin.py:190} INFO - [2025-03-31T19:15:27.233+0000] {dag.py:4180} INFO - Setting next_dagrun for example_setup_teardown_taskflow to None, run_after=None
[2025-03-31T19:15:27.249+0000] {processor.py:208} INFO - Processing /usr/local/python/3.12.1/lib/python3.12/site-packages/airflow/example_dags/example_setup_teardown_taskflow.py took 0.051 seconds
[2025-03-31T19:16:18.565+0000] {processor.py:186} INFO - Started process (PID=9958) to work on /usr/local/python/3.12.1/lib/python3.12/site-packages/airflow/example_dags/example_setup_teardown_taskflow.py
[2025-03-31T19:16:18.566+0000] {processor.py:914} INFO - Processing file /usr/local/python/3.12.1/lib/python3.12/site-packages/airflow/example_dags/example_setup_teardown_taskflow.py for tasks to queue
[2025-03-31T19:16:18.567+0000] {logging_mixin.py:190} INFO - [2025-03-31T19:16:18.567+0000] {dagbag.py:588} INFO - Filling up the DagBag from /usr/local/python/3.12.1/lib/python3.12/site-packages/airflow/example_dags/example_setup_teardown_taskflow.py
[2025-03-31T19:16:18.575+0000] {processor.py:925} INFO - DAG(s) 'example_setup_teardown_taskflow' retrieved from /usr/local/python/3.12.1/lib/python3.12/site-packages/airflow/example_dags/example_setup_teardown_taskflow.py
[2025-03-31T19:16:18.587+0000] {logging_mixin.py:190} INFO - [2025-03-31T19:16:18.587+0000] {dag.py:3239} INFO - Sync 1 DAGs
[2025-03-31T19:16:18.598+0000] {logging_mixin.py:190} INFO - [2025-03-31T19:16:18.597+0000] {dag.py:4180} INFO - Setting next_dagrun for example_setup_teardown_taskflow to None, run_after=None
[2025-03-31T19:16:18.613+0000] {processor.py:208} INFO - Processing /usr/local/python/3.12.1/lib/python3.12/site-packages/airflow/example_dags/example_setup_teardown_taskflow.py took 0.052 seconds
[2025-03-31T19:17:13.967+0000] {processor.py:186} INFO - Started process (PID=10405) to work on /usr/local/python/3.12.1/lib/python3.12/site-packages/airflow/example_dags/example_setup_teardown_taskflow.py
[2025-03-31T19:17:13.968+0000] {processor.py:914} INFO - Processing file /usr/local/python/3.12.1/lib/python3.12/site-packages/airflow/example_dags/example_setup_teardown_taskflow.py for tasks to queue
[2025-03-31T19:17:13.969+0000] {logging_mixin.py:190} INFO - [2025-03-31T19:17:13.969+0000] {dagbag.py:588} INFO - Filling up the DagBag from /usr/local/python/3.12.1/lib/python3.12/site-packages/airflow/example_dags/example_setup_teardown_taskflow.py
[2025-03-31T19:17:13.977+0000] {processor.py:925} INFO - DAG(s) 'example_setup_teardown_taskflow' retrieved from /usr/local/python/3.12.1/lib/python3.12/site-packages/airflow/example_dags/example_setup_teardown_taskflow.py
[2025-03-31T19:17:13.990+0000] {logging_mixin.py:190} INFO - [2025-03-31T19:17:13.990+0000] {dag.py:3239} INFO - Sync 1 DAGs
[2025-03-31T19:17:13.999+0000] {logging_mixin.py:190} INFO - [2025-03-31T19:17:13.999+0000] {dag.py:4180} INFO - Setting next_dagrun for example_setup_teardown_taskflow to None, run_after=None
[2025-03-31T19:17:14.014+0000] {processor.py:208} INFO - Processing /usr/local/python/3.12.1/lib/python3.12/site-packages/airflow/example_dags/example_setup_teardown_taskflow.py took 0.051 seconds
[2025-03-31T19:18:09.236+0000] {processor.py:186} INFO - Started process (PID=10870) to work on /usr/local/python/3.12.1/lib/python3.12/site-packages/airflow/example_dags/example_setup_teardown_taskflow.py
[2025-03-31T19:18:09.236+0000] {processor.py:914} INFO - Processing file /usr/local/python/3.12.1/lib/python3.12/site-packages/airflow/example_dags/example_setup_teardown_taskflow.py for tasks to queue
[2025-03-31T19:18:09.238+0000] {logging_mixin.py:190} INFO - [2025-03-31T19:18:09.237+0000] {dagbag.py:588} INFO - Filling up the DagBag from /usr/local/python/3.12.1/lib/python3.12/site-packages/airflow/example_dags/example_setup_teardown_taskflow.py
[2025-03-31T19:18:09.246+0000] {processor.py:925} INFO - DAG(s) 'example_setup_teardown_taskflow' retrieved from /usr/local/python/3.12.1/lib/python3.12/site-packages/airflow/example_dags/example_setup_teardown_taskflow.py
[2025-03-31T19:18:09.258+0000] {logging_mixin.py:190} INFO - [2025-03-31T19:18:09.258+0000] {dag.py:3239} INFO - Sync 1 DAGs
[2025-03-31T19:18:09.268+0000] {logging_mixin.py:190} INFO - [2025-03-31T19:18:09.268+0000] {dag.py:4180} INFO - Setting next_dagrun for example_setup_teardown_taskflow to None, run_after=None
[2025-03-31T19:18:09.282+0000] {processor.py:208} INFO - Processing /usr/local/python/3.12.1/lib/python3.12/site-packages/airflow/example_dags/example_setup_teardown_taskflow.py took 0.051 seconds
[2025-03-31T19:19:02.021+0000] {processor.py:186} INFO - Started process (PID=11328) to work on /usr/local/python/3.12.1/lib/python3.12/site-packages/airflow/example_dags/example_setup_teardown_taskflow.py
[2025-03-31T19:19:02.021+0000] {processor.py:914} INFO - Processing file /usr/local/python/3.12.1/lib/python3.12/site-packages/airflow/example_dags/example_setup_teardown_taskflow.py for tasks to queue
[2025-03-31T19:19:02.023+0000] {logging_mixin.py:190} INFO - [2025-03-31T19:19:02.022+0000] {dagbag.py:588} INFO - Filling up the DagBag from /usr/local/python/3.12.1/lib/python3.12/site-packages/airflow/example_dags/example_setup_teardown_taskflow.py
[2025-03-31T19:19:02.031+0000] {processor.py:925} INFO - DAG(s) 'example_setup_teardown_taskflow' retrieved from /usr/local/python/3.12.1/lib/python3.12/site-packages/airflow/example_dags/example_setup_teardown_taskflow.py
[2025-03-31T19:19:02.043+0000] {logging_mixin.py:190} INFO - [2025-03-31T19:19:02.043+0000] {dag.py:3239} INFO - Sync 1 DAGs
[2025-03-31T19:19:02.052+0000] {logging_mixin.py:190} INFO - [2025-03-31T19:19:02.052+0000] {dag.py:4180} INFO - Setting next_dagrun for example_setup_teardown_taskflow to None, run_after=None
[2025-03-31T19:19:02.067+0000] {processor.py:208} INFO - Processing /usr/local/python/3.12.1/lib/python3.12/site-packages/airflow/example_dags/example_setup_teardown_taskflow.py took 0.050 seconds
[2025-03-31T19:19:53.119+0000] {processor.py:186} INFO - Started process (PID=11815) to work on /usr/local/python/3.12.1/lib/python3.12/site-packages/airflow/example_dags/example_setup_teardown_taskflow.py
[2025-03-31T19:19:53.120+0000] {processor.py:914} INFO - Processing file /usr/local/python/3.12.1/lib/python3.12/site-packages/airflow/example_dags/example_setup_teardown_taskflow.py for tasks to queue
[2025-03-31T19:19:53.121+0000] {logging_mixin.py:190} INFO - [2025-03-31T19:19:53.121+0000] {dagbag.py:588} INFO - Filling up the DagBag from /usr/local/python/3.12.1/lib/python3.12/site-packages/airflow/example_dags/example_setup_teardown_taskflow.py
[2025-03-31T19:19:53.133+0000] {processor.py:925} INFO - DAG(s) 'example_setup_teardown_taskflow' retrieved from /usr/local/python/3.12.1/lib/python3.12/site-packages/airflow/example_dags/example_setup_teardown_taskflow.py
[2025-03-31T19:19:53.147+0000] {logging_mixin.py:190} INFO - [2025-03-31T19:19:53.147+0000] {dag.py:3239} INFO - Sync 1 DAGs
[2025-03-31T19:19:53.162+0000] {logging_mixin.py:190} INFO - [2025-03-31T19:19:53.161+0000] {dag.py:4180} INFO - Setting next_dagrun for example_setup_teardown_taskflow to None, run_after=None
[2025-03-31T19:19:53.184+0000] {processor.py:208} INFO - Processing /usr/local/python/3.12.1/lib/python3.12/site-packages/airflow/example_dags/example_setup_teardown_taskflow.py took 0.068 seconds
[2025-03-31T19:20:45.600+0000] {processor.py:186} INFO - Started process (PID=12311) to work on /usr/local/python/3.12.1/lib/python3.12/site-packages/airflow/example_dags/example_setup_teardown_taskflow.py
[2025-03-31T19:20:45.601+0000] {processor.py:914} INFO - Processing file /usr/local/python/3.12.1/lib/python3.12/site-packages/airflow/example_dags/example_setup_teardown_taskflow.py for tasks to queue
[2025-03-31T19:20:45.602+0000] {logging_mixin.py:190} INFO - [2025-03-31T19:20:45.602+0000] {dagbag.py:588} INFO - Filling up the DagBag from /usr/local/python/3.12.1/lib/python3.12/site-packages/airflow/example_dags/example_setup_teardown_taskflow.py
[2025-03-31T19:20:45.610+0000] {processor.py:925} INFO - DAG(s) 'example_setup_teardown_taskflow' retrieved from /usr/local/python/3.12.1/lib/python3.12/site-packages/airflow/example_dags/example_setup_teardown_taskflow.py
[2025-03-31T19:20:45.623+0000] {logging_mixin.py:190} INFO - [2025-03-31T19:20:45.623+0000] {dag.py:3239} INFO - Sync 1 DAGs
[2025-03-31T19:20:45.632+0000] {logging_mixin.py:190} INFO - [2025-03-31T19:20:45.632+0000] {dag.py:4180} INFO - Setting next_dagrun for example_setup_teardown_taskflow to None, run_after=None
[2025-03-31T19:20:45.647+0000] {processor.py:208} INFO - Processing /usr/local/python/3.12.1/lib/python3.12/site-packages/airflow/example_dags/example_setup_teardown_taskflow.py took 0.051 seconds
[2025-03-31T19:21:34.728+0000] {processor.py:186} INFO - Started process (PID=12823) to work on /usr/local/python/3.12.1/lib/python3.12/site-packages/airflow/example_dags/example_setup_teardown_taskflow.py
[2025-03-31T19:21:34.728+0000] {processor.py:914} INFO - Processing file /usr/local/python/3.12.1/lib/python3.12/site-packages/airflow/example_dags/example_setup_teardown_taskflow.py for tasks to queue
[2025-03-31T19:21:34.730+0000] {logging_mixin.py:190} INFO - [2025-03-31T19:21:34.730+0000] {dagbag.py:588} INFO - Filling up the DagBag from /usr/local/python/3.12.1/lib/python3.12/site-packages/airflow/example_dags/example_setup_teardown_taskflow.py
[2025-03-31T19:21:34.738+0000] {processor.py:925} INFO - DAG(s) 'example_setup_teardown_taskflow' retrieved from /usr/local/python/3.12.1/lib/python3.12/site-packages/airflow/example_dags/example_setup_teardown_taskflow.py
[2025-03-31T19:21:34.751+0000] {logging_mixin.py:190} INFO - [2025-03-31T19:21:34.751+0000] {dag.py:3239} INFO - Sync 1 DAGs
[2025-03-31T19:21:34.760+0000] {logging_mixin.py:190} INFO - [2025-03-31T19:21:34.760+0000] {dag.py:4180} INFO - Setting next_dagrun for example_setup_teardown_taskflow to None, run_after=None
[2025-03-31T19:21:34.775+0000] {processor.py:208} INFO - Processing /usr/local/python/3.12.1/lib/python3.12/site-packages/airflow/example_dags/example_setup_teardown_taskflow.py took 0.051 seconds
[2025-03-31T19:22:29.902+0000] {processor.py:186} INFO - Started process (PID=13299) to work on /usr/local/python/3.12.1/lib/python3.12/site-packages/airflow/example_dags/example_setup_teardown_taskflow.py
[2025-03-31T19:22:29.903+0000] {processor.py:914} INFO - Processing file /usr/local/python/3.12.1/lib/python3.12/site-packages/airflow/example_dags/example_setup_teardown_taskflow.py for tasks to queue
[2025-03-31T19:22:29.904+0000] {logging_mixin.py:190} INFO - [2025-03-31T19:22:29.904+0000] {dagbag.py:588} INFO - Filling up the DagBag from /usr/local/python/3.12.1/lib/python3.12/site-packages/airflow/example_dags/example_setup_teardown_taskflow.py
[2025-03-31T19:22:29.913+0000] {processor.py:925} INFO - DAG(s) 'example_setup_teardown_taskflow' retrieved from /usr/local/python/3.12.1/lib/python3.12/site-packages/airflow/example_dags/example_setup_teardown_taskflow.py
[2025-03-31T19:22:29.925+0000] {logging_mixin.py:190} INFO - [2025-03-31T19:22:29.925+0000] {dag.py:3239} INFO - Sync 1 DAGs
[2025-03-31T19:22:29.934+0000] {logging_mixin.py:190} INFO - [2025-03-31T19:22:29.934+0000] {dag.py:4180} INFO - Setting next_dagrun for example_setup_teardown_taskflow to None, run_after=None
[2025-03-31T19:22:29.949+0000] {processor.py:208} INFO - Processing /usr/local/python/3.12.1/lib/python3.12/site-packages/airflow/example_dags/example_setup_teardown_taskflow.py took 0.050 seconds
[2025-03-31T19:23:20.574+0000] {processor.py:186} INFO - Started process (PID=13709) to work on /usr/local/python/3.12.1/lib/python3.12/site-packages/airflow/example_dags/example_setup_teardown_taskflow.py
[2025-03-31T19:23:20.575+0000] {processor.py:914} INFO - Processing file /usr/local/python/3.12.1/lib/python3.12/site-packages/airflow/example_dags/example_setup_teardown_taskflow.py for tasks to queue
[2025-03-31T19:23:20.576+0000] {logging_mixin.py:190} INFO - [2025-03-31T19:23:20.576+0000] {dagbag.py:588} INFO - Filling up the DagBag from /usr/local/python/3.12.1/lib/python3.12/site-packages/airflow/example_dags/example_setup_teardown_taskflow.py
[2025-03-31T19:23:20.585+0000] {processor.py:925} INFO - DAG(s) 'example_setup_teardown_taskflow' retrieved from /usr/local/python/3.12.1/lib/python3.12/site-packages/airflow/example_dags/example_setup_teardown_taskflow.py
[2025-03-31T19:23:20.597+0000] {logging_mixin.py:190} INFO - [2025-03-31T19:23:20.597+0000] {dag.py:3239} INFO - Sync 1 DAGs
[2025-03-31T19:23:20.606+0000] {logging_mixin.py:190} INFO - [2025-03-31T19:23:20.606+0000] {dag.py:4180} INFO - Setting next_dagrun for example_setup_teardown_taskflow to None, run_after=None
[2025-03-31T19:23:20.621+0000] {processor.py:208} INFO - Processing /usr/local/python/3.12.1/lib/python3.12/site-packages/airflow/example_dags/example_setup_teardown_taskflow.py took 0.051 seconds
[2025-03-31T19:24:12.379+0000] {processor.py:186} INFO - Started process (PID=14110) to work on /usr/local/python/3.12.1/lib/python3.12/site-packages/airflow/example_dags/example_setup_teardown_taskflow.py
[2025-03-31T19:24:12.380+0000] {processor.py:914} INFO - Processing file /usr/local/python/3.12.1/lib/python3.12/site-packages/airflow/example_dags/example_setup_teardown_taskflow.py for tasks to queue
[2025-03-31T19:24:12.381+0000] {logging_mixin.py:190} INFO - [2025-03-31T19:24:12.381+0000] {dagbag.py:588} INFO - Filling up the DagBag from /usr/local/python/3.12.1/lib/python3.12/site-packages/airflow/example_dags/example_setup_teardown_taskflow.py
[2025-03-31T19:24:12.389+0000] {processor.py:925} INFO - DAG(s) 'example_setup_teardown_taskflow' retrieved from /usr/local/python/3.12.1/lib/python3.12/site-packages/airflow/example_dags/example_setup_teardown_taskflow.py
[2025-03-31T19:24:12.402+0000] {logging_mixin.py:190} INFO - [2025-03-31T19:24:12.402+0000] {dag.py:3239} INFO - Sync 1 DAGs
[2025-03-31T19:24:12.411+0000] {logging_mixin.py:190} INFO - [2025-03-31T19:24:12.411+0000] {dag.py:4180} INFO - Setting next_dagrun for example_setup_teardown_taskflow to None, run_after=None
[2025-03-31T19:24:12.426+0000] {processor.py:208} INFO - Processing /usr/local/python/3.12.1/lib/python3.12/site-packages/airflow/example_dags/example_setup_teardown_taskflow.py took 0.051 seconds
[2025-03-31T19:25:05.348+0000] {processor.py:186} INFO - Started process (PID=14533) to work on /usr/local/python/3.12.1/lib/python3.12/site-packages/airflow/example_dags/example_setup_teardown_taskflow.py
[2025-03-31T19:25:05.349+0000] {processor.py:914} INFO - Processing file /usr/local/python/3.12.1/lib/python3.12/site-packages/airflow/example_dags/example_setup_teardown_taskflow.py for tasks to queue
[2025-03-31T19:25:05.350+0000] {logging_mixin.py:190} INFO - [2025-03-31T19:25:05.350+0000] {dagbag.py:588} INFO - Filling up the DagBag from /usr/local/python/3.12.1/lib/python3.12/site-packages/airflow/example_dags/example_setup_teardown_taskflow.py
[2025-03-31T19:25:05.358+0000] {processor.py:925} INFO - DAG(s) 'example_setup_teardown_taskflow' retrieved from /usr/local/python/3.12.1/lib/python3.12/site-packages/airflow/example_dags/example_setup_teardown_taskflow.py
[2025-03-31T19:25:05.371+0000] {logging_mixin.py:190} INFO - [2025-03-31T19:25:05.371+0000] {dag.py:3239} INFO - Sync 1 DAGs
[2025-03-31T19:25:05.380+0000] {logging_mixin.py:190} INFO - [2025-03-31T19:25:05.380+0000] {dag.py:4180} INFO - Setting next_dagrun for example_setup_teardown_taskflow to None, run_after=None
[2025-03-31T19:25:05.396+0000] {processor.py:208} INFO - Processing /usr/local/python/3.12.1/lib/python3.12/site-packages/airflow/example_dags/example_setup_teardown_taskflow.py took 0.052 seconds
[2025-03-31T19:25:57.768+0000] {processor.py:186} INFO - Started process (PID=14979) to work on /usr/local/python/3.12.1/lib/python3.12/site-packages/airflow/example_dags/example_setup_teardown_taskflow.py
[2025-03-31T19:25:57.769+0000] {processor.py:914} INFO - Processing file /usr/local/python/3.12.1/lib/python3.12/site-packages/airflow/example_dags/example_setup_teardown_taskflow.py for tasks to queue
[2025-03-31T19:25:57.771+0000] {logging_mixin.py:190} INFO - [2025-03-31T19:25:57.770+0000] {dagbag.py:588} INFO - Filling up the DagBag from /usr/local/python/3.12.1/lib/python3.12/site-packages/airflow/example_dags/example_setup_teardown_taskflow.py
[2025-03-31T19:25:57.779+0000] {processor.py:925} INFO - DAG(s) 'example_setup_teardown_taskflow' retrieved from /usr/local/python/3.12.1/lib/python3.12/site-packages/airflow/example_dags/example_setup_teardown_taskflow.py
[2025-03-31T19:25:57.791+0000] {logging_mixin.py:190} INFO - [2025-03-31T19:25:57.791+0000] {dag.py:3239} INFO - Sync 1 DAGs
[2025-03-31T19:25:57.800+0000] {logging_mixin.py:190} INFO - [2025-03-31T19:25:57.800+0000] {dag.py:4180} INFO - Setting next_dagrun for example_setup_teardown_taskflow to None, run_after=None
[2025-03-31T19:25:57.815+0000] {processor.py:208} INFO - Processing /usr/local/python/3.12.1/lib/python3.12/site-packages/airflow/example_dags/example_setup_teardown_taskflow.py took 0.051 seconds
[2025-03-31T19:26:50.978+0000] {processor.py:186} INFO - Started process (PID=15456) to work on /usr/local/python/3.12.1/lib/python3.12/site-packages/airflow/example_dags/example_setup_teardown_taskflow.py
[2025-03-31T19:26:50.979+0000] {processor.py:914} INFO - Processing file /usr/local/python/3.12.1/lib/python3.12/site-packages/airflow/example_dags/example_setup_teardown_taskflow.py for tasks to queue
[2025-03-31T19:26:50.980+0000] {logging_mixin.py:190} INFO - [2025-03-31T19:26:50.980+0000] {dagbag.py:588} INFO - Filling up the DagBag from /usr/local/python/3.12.1/lib/python3.12/site-packages/airflow/example_dags/example_setup_teardown_taskflow.py
[2025-03-31T19:26:50.989+0000] {processor.py:925} INFO - DAG(s) 'example_setup_teardown_taskflow' retrieved from /usr/local/python/3.12.1/lib/python3.12/site-packages/airflow/example_dags/example_setup_teardown_taskflow.py
[2025-03-31T19:26:51.001+0000] {logging_mixin.py:190} INFO - [2025-03-31T19:26:51.001+0000] {dag.py:3239} INFO - Sync 1 DAGs
[2025-03-31T19:26:51.011+0000] {logging_mixin.py:190} INFO - [2025-03-31T19:26:51.011+0000] {dag.py:4180} INFO - Setting next_dagrun for example_setup_teardown_taskflow to None, run_after=None
[2025-03-31T19:26:51.025+0000] {processor.py:208} INFO - Processing /usr/local/python/3.12.1/lib/python3.12/site-packages/airflow/example_dags/example_setup_teardown_taskflow.py took 0.051 seconds
[2025-03-31T19:27:41.624+0000] {processor.py:186} INFO - Started process (PID=15876) to work on /usr/local/python/3.12.1/lib/python3.12/site-packages/airflow/example_dags/example_setup_teardown_taskflow.py
[2025-03-31T19:27:41.625+0000] {processor.py:914} INFO - Processing file /usr/local/python/3.12.1/lib/python3.12/site-packages/airflow/example_dags/example_setup_teardown_taskflow.py for tasks to queue
[2025-03-31T19:27:41.626+0000] {logging_mixin.py:190} INFO - [2025-03-31T19:27:41.626+0000] {dagbag.py:588} INFO - Filling up the DagBag from /usr/local/python/3.12.1/lib/python3.12/site-packages/airflow/example_dags/example_setup_teardown_taskflow.py
[2025-03-31T19:27:41.634+0000] {processor.py:925} INFO - DAG(s) 'example_setup_teardown_taskflow' retrieved from /usr/local/python/3.12.1/lib/python3.12/site-packages/airflow/example_dags/example_setup_teardown_taskflow.py
[2025-03-31T19:27:41.647+0000] {logging_mixin.py:190} INFO - [2025-03-31T19:27:41.647+0000] {dag.py:3239} INFO - Sync 1 DAGs
[2025-03-31T19:27:41.657+0000] {logging_mixin.py:190} INFO - [2025-03-31T19:27:41.657+0000] {dag.py:4180} INFO - Setting next_dagrun for example_setup_teardown_taskflow to None, run_after=None
[2025-03-31T19:27:41.672+0000] {processor.py:208} INFO - Processing /usr/local/python/3.12.1/lib/python3.12/site-packages/airflow/example_dags/example_setup_teardown_taskflow.py took 0.052 seconds
[2025-03-31T19:29:03.847+0000] {processor.py:186} INFO - Started process (PID=16688) to work on /usr/local/python/3.12.1/lib/python3.12/site-packages/airflow/example_dags/example_setup_teardown_taskflow.py
[2025-03-31T19:29:03.848+0000] {processor.py:914} INFO - Processing file /usr/local/python/3.12.1/lib/python3.12/site-packages/airflow/example_dags/example_setup_teardown_taskflow.py for tasks to queue
[2025-03-31T19:29:03.849+0000] {logging_mixin.py:190} INFO - [2025-03-31T19:29:03.849+0000] {dagbag.py:588} INFO - Filling up the DagBag from /usr/local/python/3.12.1/lib/python3.12/site-packages/airflow/example_dags/example_setup_teardown_taskflow.py
[2025-03-31T19:29:03.857+0000] {processor.py:925} INFO - DAG(s) 'example_setup_teardown_taskflow' retrieved from /usr/local/python/3.12.1/lib/python3.12/site-packages/airflow/example_dags/example_setup_teardown_taskflow.py
[2025-03-31T19:29:03.871+0000] {logging_mixin.py:190} INFO - [2025-03-31T19:29:03.871+0000] {dag.py:3239} INFO - Sync 1 DAGs
[2025-03-31T19:29:03.880+0000] {logging_mixin.py:190} INFO - [2025-03-31T19:29:03.880+0000] {dag.py:4180} INFO - Setting next_dagrun for example_setup_teardown_taskflow to None, run_after=None
[2025-03-31T19:29:03.895+0000] {processor.py:208} INFO - Processing /usr/local/python/3.12.1/lib/python3.12/site-packages/airflow/example_dags/example_setup_teardown_taskflow.py took 0.051 seconds
[2025-03-31T19:30:02.858+0000] {processor.py:186} INFO - Started process (PID=17159) to work on /usr/local/python/3.12.1/lib/python3.12/site-packages/airflow/example_dags/example_setup_teardown_taskflow.py
[2025-03-31T19:30:02.858+0000] {processor.py:914} INFO - Processing file /usr/local/python/3.12.1/lib/python3.12/site-packages/airflow/example_dags/example_setup_teardown_taskflow.py for tasks to queue
[2025-03-31T19:30:02.860+0000] {logging_mixin.py:190} INFO - [2025-03-31T19:30:02.859+0000] {dagbag.py:588} INFO - Filling up the DagBag from /usr/local/python/3.12.1/lib/python3.12/site-packages/airflow/example_dags/example_setup_teardown_taskflow.py
[2025-03-31T19:30:02.868+0000] {processor.py:925} INFO - DAG(s) 'example_setup_teardown_taskflow' retrieved from /usr/local/python/3.12.1/lib/python3.12/site-packages/airflow/example_dags/example_setup_teardown_taskflow.py
[2025-03-31T19:30:02.881+0000] {logging_mixin.py:190} INFO - [2025-03-31T19:30:02.880+0000] {dag.py:3239} INFO - Sync 1 DAGs
[2025-03-31T19:30:02.890+0000] {logging_mixin.py:190} INFO - [2025-03-31T19:30:02.890+0000] {dag.py:4180} INFO - Setting next_dagrun for example_setup_teardown_taskflow to None, run_after=None
[2025-03-31T19:30:02.904+0000] {processor.py:208} INFO - Processing /usr/local/python/3.12.1/lib/python3.12/site-packages/airflow/example_dags/example_setup_teardown_taskflow.py took 0.050 seconds
[2025-03-31T19:30:59.548+0000] {processor.py:186} INFO - Started process (PID=17600) to work on /usr/local/python/3.12.1/lib/python3.12/site-packages/airflow/example_dags/example_setup_teardown_taskflow.py
[2025-03-31T19:30:59.549+0000] {processor.py:914} INFO - Processing file /usr/local/python/3.12.1/lib/python3.12/site-packages/airflow/example_dags/example_setup_teardown_taskflow.py for tasks to queue
[2025-03-31T19:30:59.550+0000] {logging_mixin.py:190} INFO - [2025-03-31T19:30:59.550+0000] {dagbag.py:588} INFO - Filling up the DagBag from /usr/local/python/3.12.1/lib/python3.12/site-packages/airflow/example_dags/example_setup_teardown_taskflow.py
[2025-03-31T19:30:59.558+0000] {processor.py:925} INFO - DAG(s) 'example_setup_teardown_taskflow' retrieved from /usr/local/python/3.12.1/lib/python3.12/site-packages/airflow/example_dags/example_setup_teardown_taskflow.py
[2025-03-31T19:30:59.570+0000] {logging_mixin.py:190} INFO - [2025-03-31T19:30:59.570+0000] {dag.py:3239} INFO - Sync 1 DAGs
[2025-03-31T19:30:59.579+0000] {logging_mixin.py:190} INFO - [2025-03-31T19:30:59.579+0000] {dag.py:4180} INFO - Setting next_dagrun for example_setup_teardown_taskflow to None, run_after=None
[2025-03-31T19:30:59.594+0000] {processor.py:208} INFO - Processing /usr/local/python/3.12.1/lib/python3.12/site-packages/airflow/example_dags/example_setup_teardown_taskflow.py took 0.050 seconds
[2025-03-31T19:31:54.781+0000] {processor.py:186} INFO - Started process (PID=18042) to work on /usr/local/python/3.12.1/lib/python3.12/site-packages/airflow/example_dags/example_setup_teardown_taskflow.py
[2025-03-31T19:31:54.781+0000] {processor.py:914} INFO - Processing file /usr/local/python/3.12.1/lib/python3.12/site-packages/airflow/example_dags/example_setup_teardown_taskflow.py for tasks to queue
[2025-03-31T19:31:54.783+0000] {logging_mixin.py:190} INFO - [2025-03-31T19:31:54.782+0000] {dagbag.py:588} INFO - Filling up the DagBag from /usr/local/python/3.12.1/lib/python3.12/site-packages/airflow/example_dags/example_setup_teardown_taskflow.py
[2025-03-31T19:31:54.791+0000] {processor.py:925} INFO - DAG(s) 'example_setup_teardown_taskflow' retrieved from /usr/local/python/3.12.1/lib/python3.12/site-packages/airflow/example_dags/example_setup_teardown_taskflow.py
[2025-03-31T19:31:54.803+0000] {logging_mixin.py:190} INFO - [2025-03-31T19:31:54.803+0000] {dag.py:3239} INFO - Sync 1 DAGs
[2025-03-31T19:31:54.812+0000] {logging_mixin.py:190} INFO - [2025-03-31T19:31:54.812+0000] {dag.py:4180} INFO - Setting next_dagrun for example_setup_teardown_taskflow to None, run_after=None
[2025-03-31T19:31:54.827+0000] {processor.py:208} INFO - Processing /usr/local/python/3.12.1/lib/python3.12/site-packages/airflow/example_dags/example_setup_teardown_taskflow.py took 0.050 seconds
[2025-03-31T19:32:52.214+0000] {processor.py:186} INFO - Started process (PID=18493) to work on /usr/local/python/3.12.1/lib/python3.12/site-packages/airflow/example_dags/example_setup_teardown_taskflow.py
[2025-03-31T19:32:52.214+0000] {processor.py:914} INFO - Processing file /usr/local/python/3.12.1/lib/python3.12/site-packages/airflow/example_dags/example_setup_teardown_taskflow.py for tasks to queue
[2025-03-31T19:32:52.216+0000] {logging_mixin.py:190} INFO - [2025-03-31T19:32:52.215+0000] {dagbag.py:588} INFO - Filling up the DagBag from /usr/local/python/3.12.1/lib/python3.12/site-packages/airflow/example_dags/example_setup_teardown_taskflow.py
[2025-03-31T19:32:52.223+0000] {processor.py:925} INFO - DAG(s) 'example_setup_teardown_taskflow' retrieved from /usr/local/python/3.12.1/lib/python3.12/site-packages/airflow/example_dags/example_setup_teardown_taskflow.py
[2025-03-31T19:32:52.236+0000] {logging_mixin.py:190} INFO - [2025-03-31T19:32:52.236+0000] {dag.py:3239} INFO - Sync 1 DAGs
[2025-03-31T19:32:52.245+0000] {logging_mixin.py:190} INFO - [2025-03-31T19:32:52.245+0000] {dag.py:4180} INFO - Setting next_dagrun for example_setup_teardown_taskflow to None, run_after=None
[2025-03-31T19:32:52.260+0000] {processor.py:208} INFO - Processing /usr/local/python/3.12.1/lib/python3.12/site-packages/airflow/example_dags/example_setup_teardown_taskflow.py took 0.051 seconds
[2025-03-31T19:33:50.619+0000] {processor.py:186} INFO - Started process (PID=18967) to work on /usr/local/python/3.12.1/lib/python3.12/site-packages/airflow/example_dags/example_setup_teardown_taskflow.py
[2025-03-31T19:33:50.620+0000] {processor.py:914} INFO - Processing file /usr/local/python/3.12.1/lib/python3.12/site-packages/airflow/example_dags/example_setup_teardown_taskflow.py for tasks to queue
[2025-03-31T19:33:50.621+0000] {logging_mixin.py:190} INFO - [2025-03-31T19:33:50.621+0000] {dagbag.py:588} INFO - Filling up the DagBag from /usr/local/python/3.12.1/lib/python3.12/site-packages/airflow/example_dags/example_setup_teardown_taskflow.py
[2025-03-31T19:33:50.630+0000] {processor.py:925} INFO - DAG(s) 'example_setup_teardown_taskflow' retrieved from /usr/local/python/3.12.1/lib/python3.12/site-packages/airflow/example_dags/example_setup_teardown_taskflow.py
[2025-03-31T19:33:50.649+0000] {logging_mixin.py:190} INFO - [2025-03-31T19:33:50.649+0000] {dag.py:3239} INFO - Sync 1 DAGs
[2025-03-31T19:33:50.662+0000] {logging_mixin.py:190} INFO - [2025-03-31T19:33:50.661+0000] {dag.py:4180} INFO - Setting next_dagrun for example_setup_teardown_taskflow to None, run_after=None
[2025-03-31T19:33:50.677+0000] {processor.py:208} INFO - Processing /usr/local/python/3.12.1/lib/python3.12/site-packages/airflow/example_dags/example_setup_teardown_taskflow.py took 0.062 seconds
[2025-03-31T19:34:47.178+0000] {processor.py:186} INFO - Started process (PID=19462) to work on /usr/local/python/3.12.1/lib/python3.12/site-packages/airflow/example_dags/example_setup_teardown_taskflow.py
[2025-03-31T19:34:47.179+0000] {processor.py:914} INFO - Processing file /usr/local/python/3.12.1/lib/python3.12/site-packages/airflow/example_dags/example_setup_teardown_taskflow.py for tasks to queue
[2025-03-31T19:34:47.180+0000] {logging_mixin.py:190} INFO - [2025-03-31T19:34:47.180+0000] {dagbag.py:588} INFO - Filling up the DagBag from /usr/local/python/3.12.1/lib/python3.12/site-packages/airflow/example_dags/example_setup_teardown_taskflow.py
[2025-03-31T19:34:47.188+0000] {processor.py:925} INFO - DAG(s) 'example_setup_teardown_taskflow' retrieved from /usr/local/python/3.12.1/lib/python3.12/site-packages/airflow/example_dags/example_setup_teardown_taskflow.py
[2025-03-31T19:34:47.200+0000] {logging_mixin.py:190} INFO - [2025-03-31T19:34:47.200+0000] {dag.py:3239} INFO - Sync 1 DAGs
[2025-03-31T19:34:47.211+0000] {logging_mixin.py:190} INFO - [2025-03-31T19:34:47.211+0000] {dag.py:4180} INFO - Setting next_dagrun for example_setup_teardown_taskflow to None, run_after=None
[2025-03-31T19:34:47.225+0000] {processor.py:208} INFO - Processing /usr/local/python/3.12.1/lib/python3.12/site-packages/airflow/example_dags/example_setup_teardown_taskflow.py took 0.051 seconds
[2025-03-31T19:35:45.404+0000] {processor.py:186} INFO - Started process (PID=19902) to work on /usr/local/python/3.12.1/lib/python3.12/site-packages/airflow/example_dags/example_setup_teardown_taskflow.py
[2025-03-31T19:35:45.404+0000] {processor.py:914} INFO - Processing file /usr/local/python/3.12.1/lib/python3.12/site-packages/airflow/example_dags/example_setup_teardown_taskflow.py for tasks to queue
[2025-03-31T19:35:45.406+0000] {logging_mixin.py:190} INFO - [2025-03-31T19:35:45.406+0000] {dagbag.py:588} INFO - Filling up the DagBag from /usr/local/python/3.12.1/lib/python3.12/site-packages/airflow/example_dags/example_setup_teardown_taskflow.py
[2025-03-31T19:35:45.414+0000] {processor.py:925} INFO - DAG(s) 'example_setup_teardown_taskflow' retrieved from /usr/local/python/3.12.1/lib/python3.12/site-packages/airflow/example_dags/example_setup_teardown_taskflow.py
[2025-03-31T19:35:45.426+0000] {logging_mixin.py:190} INFO - [2025-03-31T19:35:45.426+0000] {dag.py:3239} INFO - Sync 1 DAGs
[2025-03-31T19:35:45.436+0000] {logging_mixin.py:190} INFO - [2025-03-31T19:35:45.435+0000] {dag.py:4180} INFO - Setting next_dagrun for example_setup_teardown_taskflow to None, run_after=None
[2025-03-31T19:35:45.451+0000] {processor.py:208} INFO - Processing /usr/local/python/3.12.1/lib/python3.12/site-packages/airflow/example_dags/example_setup_teardown_taskflow.py took 0.051 seconds
[2025-03-31T19:36:42.706+0000] {processor.py:186} INFO - Started process (PID=20380) to work on /usr/local/python/3.12.1/lib/python3.12/site-packages/airflow/example_dags/example_setup_teardown_taskflow.py
[2025-03-31T19:36:42.707+0000] {processor.py:914} INFO - Processing file /usr/local/python/3.12.1/lib/python3.12/site-packages/airflow/example_dags/example_setup_teardown_taskflow.py for tasks to queue
[2025-03-31T19:36:42.708+0000] {logging_mixin.py:190} INFO - [2025-03-31T19:36:42.708+0000] {dagbag.py:588} INFO - Filling up the DagBag from /usr/local/python/3.12.1/lib/python3.12/site-packages/airflow/example_dags/example_setup_teardown_taskflow.py
[2025-03-31T19:36:42.716+0000] {processor.py:925} INFO - DAG(s) 'example_setup_teardown_taskflow' retrieved from /usr/local/python/3.12.1/lib/python3.12/site-packages/airflow/example_dags/example_setup_teardown_taskflow.py
[2025-03-31T19:36:42.729+0000] {logging_mixin.py:190} INFO - [2025-03-31T19:36:42.729+0000] {dag.py:3239} INFO - Sync 1 DAGs
[2025-03-31T19:36:42.738+0000] {logging_mixin.py:190} INFO - [2025-03-31T19:36:42.738+0000] {dag.py:4180} INFO - Setting next_dagrun for example_setup_teardown_taskflow to None, run_after=None
[2025-03-31T19:36:42.753+0000] {processor.py:208} INFO - Processing /usr/local/python/3.12.1/lib/python3.12/site-packages/airflow/example_dags/example_setup_teardown_taskflow.py took 0.050 seconds
[2025-03-31T19:37:36.755+0000] {processor.py:186} INFO - Started process (PID=20808) to work on /usr/local/python/3.12.1/lib/python3.12/site-packages/airflow/example_dags/example_setup_teardown_taskflow.py
[2025-03-31T19:37:36.756+0000] {processor.py:914} INFO - Processing file /usr/local/python/3.12.1/lib/python3.12/site-packages/airflow/example_dags/example_setup_teardown_taskflow.py for tasks to queue
[2025-03-31T19:37:36.757+0000] {logging_mixin.py:190} INFO - [2025-03-31T19:37:36.757+0000] {dagbag.py:588} INFO - Filling up the DagBag from /usr/local/python/3.12.1/lib/python3.12/site-packages/airflow/example_dags/example_setup_teardown_taskflow.py
[2025-03-31T19:37:36.765+0000] {processor.py:925} INFO - DAG(s) 'example_setup_teardown_taskflow' retrieved from /usr/local/python/3.12.1/lib/python3.12/site-packages/airflow/example_dags/example_setup_teardown_taskflow.py
[2025-03-31T19:37:36.777+0000] {logging_mixin.py:190} INFO - [2025-03-31T19:37:36.777+0000] {dag.py:3239} INFO - Sync 1 DAGs
[2025-03-31T19:37:36.787+0000] {logging_mixin.py:190} INFO - [2025-03-31T19:37:36.787+0000] {dag.py:4180} INFO - Setting next_dagrun for example_setup_teardown_taskflow to None, run_after=None
[2025-03-31T19:37:36.801+0000] {processor.py:208} INFO - Processing /usr/local/python/3.12.1/lib/python3.12/site-packages/airflow/example_dags/example_setup_teardown_taskflow.py took 0.050 seconds
[2025-03-31T19:38:30.011+0000] {processor.py:186} INFO - Started process (PID=21242) to work on /usr/local/python/3.12.1/lib/python3.12/site-packages/airflow/example_dags/example_setup_teardown_taskflow.py
[2025-03-31T19:38:30.012+0000] {processor.py:914} INFO - Processing file /usr/local/python/3.12.1/lib/python3.12/site-packages/airflow/example_dags/example_setup_teardown_taskflow.py for tasks to queue
[2025-03-31T19:38:30.013+0000] {logging_mixin.py:190} INFO - [2025-03-31T19:38:30.013+0000] {dagbag.py:588} INFO - Filling up the DagBag from /usr/local/python/3.12.1/lib/python3.12/site-packages/airflow/example_dags/example_setup_teardown_taskflow.py
[2025-03-31T19:38:30.022+0000] {processor.py:925} INFO - DAG(s) 'example_setup_teardown_taskflow' retrieved from /usr/local/python/3.12.1/lib/python3.12/site-packages/airflow/example_dags/example_setup_teardown_taskflow.py
[2025-03-31T19:38:30.034+0000] {logging_mixin.py:190} INFO - [2025-03-31T19:38:30.034+0000] {dag.py:3239} INFO - Sync 1 DAGs
[2025-03-31T19:38:30.044+0000] {logging_mixin.py:190} INFO - [2025-03-31T19:38:30.044+0000] {dag.py:4180} INFO - Setting next_dagrun for example_setup_teardown_taskflow to None, run_after=None
[2025-03-31T19:38:30.058+0000] {processor.py:208} INFO - Processing /usr/local/python/3.12.1/lib/python3.12/site-packages/airflow/example_dags/example_setup_teardown_taskflow.py took 0.051 seconds
