[2025-03-31T19:06:30.786+0000] {processor.py:186} INFO - Started process (PID=5228) to work on /usr/local/python/3.12.1/lib/python3.12/site-packages/airflow/example_dags/example_skip_dag.py
[2025-03-31T19:06:30.786+0000] {processor.py:914} INFO - Processing file /usr/local/python/3.12.1/lib/python3.12/site-packages/airflow/example_dags/example_skip_dag.py for tasks to queue
[2025-03-31T19:06:30.788+0000] {logging_mixin.py:190} INFO - [2025-03-31T19:06:30.788+0000] {dagbag.py:588} INFO - Filling up the DagBag from /usr/local/python/3.12.1/lib/python3.12/site-packages/airflow/example_dags/example_skip_dag.py
[2025-03-31T19:06:30.794+0000] {processor.py:925} INFO - DAG(s) 'example_skip_dag' retrieved from /usr/local/python/3.12.1/lib/python3.12/site-packages/airflow/example_dags/example_skip_dag.py
[2025-03-31T19:06:30.807+0000] {logging_mixin.py:190} INFO - [2025-03-31T19:06:30.807+0000] {dag.py:3239} INFO - Sync 1 DAGs
[2025-03-31T19:06:30.822+0000] {logging_mixin.py:190} INFO - [2025-03-31T19:06:30.822+0000] {dag.py:4180} INFO - Setting next_dagrun for example_skip_dag to 2025-03-30 00:00:00+00:00, run_after=2025-03-31 00:00:00+00:00
[2025-03-31T19:06:30.838+0000] {processor.py:208} INFO - Processing /usr/local/python/3.12.1/lib/python3.12/site-packages/airflow/example_dags/example_skip_dag.py took 0.058 seconds
[2025-03-31T19:07:29.015+0000] {processor.py:186} INFO - Started process (PID=5731) to work on /usr/local/python/3.12.1/lib/python3.12/site-packages/airflow/example_dags/example_skip_dag.py
[2025-03-31T19:07:29.016+0000] {processor.py:914} INFO - Processing file /usr/local/python/3.12.1/lib/python3.12/site-packages/airflow/example_dags/example_skip_dag.py for tasks to queue
[2025-03-31T19:07:29.017+0000] {logging_mixin.py:190} INFO - [2025-03-31T19:07:29.017+0000] {dagbag.py:588} INFO - Filling up the DagBag from /usr/local/python/3.12.1/lib/python3.12/site-packages/airflow/example_dags/example_skip_dag.py
[2025-03-31T19:07:29.023+0000] {processor.py:925} INFO - DAG(s) 'example_skip_dag' retrieved from /usr/local/python/3.12.1/lib/python3.12/site-packages/airflow/example_dags/example_skip_dag.py
[2025-03-31T19:07:29.035+0000] {logging_mixin.py:190} INFO - [2025-03-31T19:07:29.035+0000] {dag.py:3239} INFO - Sync 1 DAGs
[2025-03-31T19:07:29.049+0000] {logging_mixin.py:190} INFO - [2025-03-31T19:07:29.049+0000] {dag.py:4180} INFO - Setting next_dagrun for example_skip_dag to 2025-03-30 00:00:00+00:00, run_after=2025-03-31 00:00:00+00:00
[2025-03-31T19:07:29.063+0000] {processor.py:208} INFO - Processing /usr/local/python/3.12.1/lib/python3.12/site-packages/airflow/example_dags/example_skip_dag.py took 0.052 seconds
[2025-03-31T19:08:24.954+0000] {processor.py:186} INFO - Started process (PID=6226) to work on /usr/local/python/3.12.1/lib/python3.12/site-packages/airflow/example_dags/example_skip_dag.py
[2025-03-31T19:08:24.955+0000] {processor.py:914} INFO - Processing file /usr/local/python/3.12.1/lib/python3.12/site-packages/airflow/example_dags/example_skip_dag.py for tasks to queue
[2025-03-31T19:08:24.956+0000] {logging_mixin.py:190} INFO - [2025-03-31T19:08:24.956+0000] {dagbag.py:588} INFO - Filling up the DagBag from /usr/local/python/3.12.1/lib/python3.12/site-packages/airflow/example_dags/example_skip_dag.py
[2025-03-31T19:08:24.962+0000] {processor.py:925} INFO - DAG(s) 'example_skip_dag' retrieved from /usr/local/python/3.12.1/lib/python3.12/site-packages/airflow/example_dags/example_skip_dag.py
[2025-03-31T19:08:24.974+0000] {logging_mixin.py:190} INFO - [2025-03-31T19:08:24.974+0000] {dag.py:3239} INFO - Sync 1 DAGs
[2025-03-31T19:08:24.989+0000] {logging_mixin.py:190} INFO - [2025-03-31T19:08:24.988+0000] {dag.py:4180} INFO - Setting next_dagrun for example_skip_dag to 2025-03-30 00:00:00+00:00, run_after=2025-03-31 00:00:00+00:00
[2025-03-31T19:08:25.003+0000] {processor.py:208} INFO - Processing /usr/local/python/3.12.1/lib/python3.12/site-packages/airflow/example_dags/example_skip_dag.py took 0.053 seconds
[2025-03-31T19:09:20.297+0000] {processor.py:186} INFO - Started process (PID=6667) to work on /usr/local/python/3.12.1/lib/python3.12/site-packages/airflow/example_dags/example_skip_dag.py
[2025-03-31T19:09:20.298+0000] {processor.py:914} INFO - Processing file /usr/local/python/3.12.1/lib/python3.12/site-packages/airflow/example_dags/example_skip_dag.py for tasks to queue
[2025-03-31T19:09:20.299+0000] {logging_mixin.py:190} INFO - [2025-03-31T19:09:20.299+0000] {dagbag.py:588} INFO - Filling up the DagBag from /usr/local/python/3.12.1/lib/python3.12/site-packages/airflow/example_dags/example_skip_dag.py
[2025-03-31T19:09:20.306+0000] {processor.py:925} INFO - DAG(s) 'example_skip_dag' retrieved from /usr/local/python/3.12.1/lib/python3.12/site-packages/airflow/example_dags/example_skip_dag.py
[2025-03-31T19:09:20.318+0000] {logging_mixin.py:190} INFO - [2025-03-31T19:09:20.317+0000] {dag.py:3239} INFO - Sync 1 DAGs
[2025-03-31T19:09:20.332+0000] {logging_mixin.py:190} INFO - [2025-03-31T19:09:20.332+0000] {dag.py:4180} INFO - Setting next_dagrun for example_skip_dag to 2025-03-30 00:00:00+00:00, run_after=2025-03-31 00:00:00+00:00
[2025-03-31T19:09:20.346+0000] {processor.py:208} INFO - Processing /usr/local/python/3.12.1/lib/python3.12/site-packages/airflow/example_dags/example_skip_dag.py took 0.053 seconds
[2025-03-31T19:10:11.559+0000] {processor.py:186} INFO - Started process (PID=7069) to work on /usr/local/python/3.12.1/lib/python3.12/site-packages/airflow/example_dags/example_skip_dag.py
[2025-03-31T19:10:11.560+0000] {processor.py:914} INFO - Processing file /usr/local/python/3.12.1/lib/python3.12/site-packages/airflow/example_dags/example_skip_dag.py for tasks to queue
[2025-03-31T19:10:11.561+0000] {logging_mixin.py:190} INFO - [2025-03-31T19:10:11.561+0000] {dagbag.py:588} INFO - Filling up the DagBag from /usr/local/python/3.12.1/lib/python3.12/site-packages/airflow/example_dags/example_skip_dag.py
[2025-03-31T19:10:11.567+0000] {processor.py:925} INFO - DAG(s) 'example_skip_dag' retrieved from /usr/local/python/3.12.1/lib/python3.12/site-packages/airflow/example_dags/example_skip_dag.py
[2025-03-31T19:10:11.579+0000] {logging_mixin.py:190} INFO - [2025-03-31T19:10:11.578+0000] {dag.py:3239} INFO - Sync 1 DAGs
[2025-03-31T19:10:11.593+0000] {logging_mixin.py:190} INFO - [2025-03-31T19:10:11.593+0000] {dag.py:4180} INFO - Setting next_dagrun for example_skip_dag to 2025-03-30 00:00:00+00:00, run_after=2025-03-31 00:00:00+00:00
[2025-03-31T19:10:11.608+0000] {processor.py:208} INFO - Processing /usr/local/python/3.12.1/lib/python3.12/site-packages/airflow/example_dags/example_skip_dag.py took 0.053 seconds
[2025-03-31T19:11:05.175+0000] {processor.py:186} INFO - Started process (PID=7485) to work on /usr/local/python/3.12.1/lib/python3.12/site-packages/airflow/example_dags/example_skip_dag.py
[2025-03-31T19:11:05.175+0000] {processor.py:914} INFO - Processing file /usr/local/python/3.12.1/lib/python3.12/site-packages/airflow/example_dags/example_skip_dag.py for tasks to queue
[2025-03-31T19:11:05.177+0000] {logging_mixin.py:190} INFO - [2025-03-31T19:11:05.176+0000] {dagbag.py:588} INFO - Filling up the DagBag from /usr/local/python/3.12.1/lib/python3.12/site-packages/airflow/example_dags/example_skip_dag.py
[2025-03-31T19:11:05.183+0000] {processor.py:925} INFO - DAG(s) 'example_skip_dag' retrieved from /usr/local/python/3.12.1/lib/python3.12/site-packages/airflow/example_dags/example_skip_dag.py
[2025-03-31T19:11:05.195+0000] {logging_mixin.py:190} INFO - [2025-03-31T19:11:05.195+0000] {dag.py:3239} INFO - Sync 1 DAGs
[2025-03-31T19:11:05.210+0000] {logging_mixin.py:190} INFO - [2025-03-31T19:11:05.210+0000] {dag.py:4180} INFO - Setting next_dagrun for example_skip_dag to 2025-03-30 00:00:00+00:00, run_after=2025-03-31 00:00:00+00:00
[2025-03-31T19:11:05.225+0000] {processor.py:208} INFO - Processing /usr/local/python/3.12.1/lib/python3.12/site-packages/airflow/example_dags/example_skip_dag.py took 0.055 seconds
[2025-03-31T19:11:57.014+0000] {processor.py:186} INFO - Started process (PID=7891) to work on /usr/local/python/3.12.1/lib/python3.12/site-packages/airflow/example_dags/example_skip_dag.py
[2025-03-31T19:11:57.015+0000] {processor.py:914} INFO - Processing file /usr/local/python/3.12.1/lib/python3.12/site-packages/airflow/example_dags/example_skip_dag.py for tasks to queue
[2025-03-31T19:11:57.016+0000] {logging_mixin.py:190} INFO - [2025-03-31T19:11:57.016+0000] {dagbag.py:588} INFO - Filling up the DagBag from /usr/local/python/3.12.1/lib/python3.12/site-packages/airflow/example_dags/example_skip_dag.py
[2025-03-31T19:11:57.022+0000] {processor.py:925} INFO - DAG(s) 'example_skip_dag' retrieved from /usr/local/python/3.12.1/lib/python3.12/site-packages/airflow/example_dags/example_skip_dag.py
[2025-03-31T19:11:57.034+0000] {logging_mixin.py:190} INFO - [2025-03-31T19:11:57.034+0000] {dag.py:3239} INFO - Sync 1 DAGs
[2025-03-31T19:11:57.049+0000] {logging_mixin.py:190} INFO - [2025-03-31T19:11:57.049+0000] {dag.py:4180} INFO - Setting next_dagrun for example_skip_dag to 2025-03-30 00:00:00+00:00, run_after=2025-03-31 00:00:00+00:00
[2025-03-31T19:11:57.066+0000] {processor.py:208} INFO - Processing /usr/local/python/3.12.1/lib/python3.12/site-packages/airflow/example_dags/example_skip_dag.py took 0.056 seconds
[2025-03-31T19:12:50.291+0000] {processor.py:186} INFO - Started process (PID=8329) to work on /usr/local/python/3.12.1/lib/python3.12/site-packages/airflow/example_dags/example_skip_dag.py
[2025-03-31T19:12:50.291+0000] {processor.py:914} INFO - Processing file /usr/local/python/3.12.1/lib/python3.12/site-packages/airflow/example_dags/example_skip_dag.py for tasks to queue
[2025-03-31T19:12:50.293+0000] {logging_mixin.py:190} INFO - [2025-03-31T19:12:50.293+0000] {dagbag.py:588} INFO - Filling up the DagBag from /usr/local/python/3.12.1/lib/python3.12/site-packages/airflow/example_dags/example_skip_dag.py
[2025-03-31T19:12:50.299+0000] {processor.py:925} INFO - DAG(s) 'example_skip_dag' retrieved from /usr/local/python/3.12.1/lib/python3.12/site-packages/airflow/example_dags/example_skip_dag.py
[2025-03-31T19:12:50.311+0000] {logging_mixin.py:190} INFO - [2025-03-31T19:12:50.311+0000] {dag.py:3239} INFO - Sync 1 DAGs
[2025-03-31T19:12:50.326+0000] {logging_mixin.py:190} INFO - [2025-03-31T19:12:50.326+0000] {dag.py:4180} INFO - Setting next_dagrun for example_skip_dag to 2025-03-30 00:00:00+00:00, run_after=2025-03-31 00:00:00+00:00
[2025-03-31T19:12:50.340+0000] {processor.py:208} INFO - Processing /usr/local/python/3.12.1/lib/python3.12/site-packages/airflow/example_dags/example_skip_dag.py took 0.054 seconds
[2025-03-31T19:13:45.295+0000] {processor.py:186} INFO - Started process (PID=8753) to work on /usr/local/python/3.12.1/lib/python3.12/site-packages/airflow/example_dags/example_skip_dag.py
[2025-03-31T19:13:45.296+0000] {processor.py:914} INFO - Processing file /usr/local/python/3.12.1/lib/python3.12/site-packages/airflow/example_dags/example_skip_dag.py for tasks to queue
[2025-03-31T19:13:45.297+0000] {logging_mixin.py:190} INFO - [2025-03-31T19:13:45.297+0000] {dagbag.py:588} INFO - Filling up the DagBag from /usr/local/python/3.12.1/lib/python3.12/site-packages/airflow/example_dags/example_skip_dag.py
[2025-03-31T19:13:45.303+0000] {processor.py:925} INFO - DAG(s) 'example_skip_dag' retrieved from /usr/local/python/3.12.1/lib/python3.12/site-packages/airflow/example_dags/example_skip_dag.py
[2025-03-31T19:13:45.315+0000] {logging_mixin.py:190} INFO - [2025-03-31T19:13:45.315+0000] {dag.py:3239} INFO - Sync 1 DAGs
[2025-03-31T19:13:45.330+0000] {logging_mixin.py:190} INFO - [2025-03-31T19:13:45.330+0000] {dag.py:4180} INFO - Setting next_dagrun for example_skip_dag to 2025-03-30 00:00:00+00:00, run_after=2025-03-31 00:00:00+00:00
[2025-03-31T19:13:45.344+0000] {processor.py:208} INFO - Processing /usr/local/python/3.12.1/lib/python3.12/site-packages/airflow/example_dags/example_skip_dag.py took 0.053 seconds
[2025-03-31T19:14:35.525+0000] {processor.py:186} INFO - Started process (PID=9145) to work on /usr/local/python/3.12.1/lib/python3.12/site-packages/airflow/example_dags/example_skip_dag.py
[2025-03-31T19:14:35.526+0000] {processor.py:914} INFO - Processing file /usr/local/python/3.12.1/lib/python3.12/site-packages/airflow/example_dags/example_skip_dag.py for tasks to queue
[2025-03-31T19:14:35.527+0000] {logging_mixin.py:190} INFO - [2025-03-31T19:14:35.527+0000] {dagbag.py:588} INFO - Filling up the DagBag from /usr/local/python/3.12.1/lib/python3.12/site-packages/airflow/example_dags/example_skip_dag.py
[2025-03-31T19:14:35.533+0000] {processor.py:925} INFO - DAG(s) 'example_skip_dag' retrieved from /usr/local/python/3.12.1/lib/python3.12/site-packages/airflow/example_dags/example_skip_dag.py
[2025-03-31T19:14:35.545+0000] {logging_mixin.py:190} INFO - [2025-03-31T19:14:35.545+0000] {dag.py:3239} INFO - Sync 1 DAGs
[2025-03-31T19:14:35.560+0000] {logging_mixin.py:190} INFO - [2025-03-31T19:14:35.560+0000] {dag.py:4180} INFO - Setting next_dagrun for example_skip_dag to 2025-03-30 00:00:00+00:00, run_after=2025-03-31 00:00:00+00:00
[2025-03-31T19:14:35.575+0000] {processor.py:208} INFO - Processing /usr/local/python/3.12.1/lib/python3.12/site-packages/airflow/example_dags/example_skip_dag.py took 0.054 seconds
[2025-03-31T19:15:30.066+0000] {processor.py:186} INFO - Started process (PID=9569) to work on /usr/local/python/3.12.1/lib/python3.12/site-packages/airflow/example_dags/example_skip_dag.py
[2025-03-31T19:15:30.067+0000] {processor.py:914} INFO - Processing file /usr/local/python/3.12.1/lib/python3.12/site-packages/airflow/example_dags/example_skip_dag.py for tasks to queue
[2025-03-31T19:15:30.068+0000] {logging_mixin.py:190} INFO - [2025-03-31T19:15:30.068+0000] {dagbag.py:588} INFO - Filling up the DagBag from /usr/local/python/3.12.1/lib/python3.12/site-packages/airflow/example_dags/example_skip_dag.py
[2025-03-31T19:15:30.074+0000] {processor.py:925} INFO - DAG(s) 'example_skip_dag' retrieved from /usr/local/python/3.12.1/lib/python3.12/site-packages/airflow/example_dags/example_skip_dag.py
[2025-03-31T19:15:30.086+0000] {logging_mixin.py:190} INFO - [2025-03-31T19:15:30.086+0000] {dag.py:3239} INFO - Sync 1 DAGs
[2025-03-31T19:15:30.101+0000] {logging_mixin.py:190} INFO - [2025-03-31T19:15:30.101+0000] {dag.py:4180} INFO - Setting next_dagrun for example_skip_dag to 2025-03-30 00:00:00+00:00, run_after=2025-03-31 00:00:00+00:00
[2025-03-31T19:15:30.119+0000] {processor.py:208} INFO - Processing /usr/local/python/3.12.1/lib/python3.12/site-packages/airflow/example_dags/example_skip_dag.py took 0.057 seconds
[2025-03-31T19:16:21.434+0000] {processor.py:186} INFO - Started process (PID=9994) to work on /usr/local/python/3.12.1/lib/python3.12/site-packages/airflow/example_dags/example_skip_dag.py
[2025-03-31T19:16:21.435+0000] {processor.py:914} INFO - Processing file /usr/local/python/3.12.1/lib/python3.12/site-packages/airflow/example_dags/example_skip_dag.py for tasks to queue
[2025-03-31T19:16:21.436+0000] {logging_mixin.py:190} INFO - [2025-03-31T19:16:21.436+0000] {dagbag.py:588} INFO - Filling up the DagBag from /usr/local/python/3.12.1/lib/python3.12/site-packages/airflow/example_dags/example_skip_dag.py
[2025-03-31T19:16:21.442+0000] {processor.py:925} INFO - DAG(s) 'example_skip_dag' retrieved from /usr/local/python/3.12.1/lib/python3.12/site-packages/airflow/example_dags/example_skip_dag.py
[2025-03-31T19:16:21.454+0000] {logging_mixin.py:190} INFO - [2025-03-31T19:16:21.454+0000] {dag.py:3239} INFO - Sync 1 DAGs
[2025-03-31T19:16:21.469+0000] {logging_mixin.py:190} INFO - [2025-03-31T19:16:21.469+0000] {dag.py:4180} INFO - Setting next_dagrun for example_skip_dag to 2025-03-30 00:00:00+00:00, run_after=2025-03-31 00:00:00+00:00
[2025-03-31T19:16:21.484+0000] {processor.py:208} INFO - Processing /usr/local/python/3.12.1/lib/python3.12/site-packages/airflow/example_dags/example_skip_dag.py took 0.054 seconds
[2025-03-31T19:17:17.096+0000] {processor.py:186} INFO - Started process (PID=10423) to work on /usr/local/python/3.12.1/lib/python3.12/site-packages/airflow/example_dags/example_skip_dag.py
[2025-03-31T19:17:17.097+0000] {processor.py:914} INFO - Processing file /usr/local/python/3.12.1/lib/python3.12/site-packages/airflow/example_dags/example_skip_dag.py for tasks to queue
[2025-03-31T19:17:17.098+0000] {logging_mixin.py:190} INFO - [2025-03-31T19:17:17.098+0000] {dagbag.py:588} INFO - Filling up the DagBag from /usr/local/python/3.12.1/lib/python3.12/site-packages/airflow/example_dags/example_skip_dag.py
[2025-03-31T19:17:17.104+0000] {processor.py:925} INFO - DAG(s) 'example_skip_dag' retrieved from /usr/local/python/3.12.1/lib/python3.12/site-packages/airflow/example_dags/example_skip_dag.py
[2025-03-31T19:17:17.116+0000] {logging_mixin.py:190} INFO - [2025-03-31T19:17:17.116+0000] {dag.py:3239} INFO - Sync 1 DAGs
[2025-03-31T19:17:17.132+0000] {logging_mixin.py:190} INFO - [2025-03-31T19:17:17.132+0000] {dag.py:4180} INFO - Setting next_dagrun for example_skip_dag to 2025-03-30 00:00:00+00:00, run_after=2025-03-31 00:00:00+00:00
[2025-03-31T19:17:17.147+0000] {processor.py:208} INFO - Processing /usr/local/python/3.12.1/lib/python3.12/site-packages/airflow/example_dags/example_skip_dag.py took 0.055 seconds
[2025-03-31T19:18:12.642+0000] {processor.py:186} INFO - Started process (PID=10917) to work on /usr/local/python/3.12.1/lib/python3.12/site-packages/airflow/example_dags/example_skip_dag.py
[2025-03-31T19:18:12.643+0000] {processor.py:914} INFO - Processing file /usr/local/python/3.12.1/lib/python3.12/site-packages/airflow/example_dags/example_skip_dag.py for tasks to queue
[2025-03-31T19:18:12.644+0000] {logging_mixin.py:190} INFO - [2025-03-31T19:18:12.644+0000] {dagbag.py:588} INFO - Filling up the DagBag from /usr/local/python/3.12.1/lib/python3.12/site-packages/airflow/example_dags/example_skip_dag.py
[2025-03-31T19:18:12.650+0000] {processor.py:925} INFO - DAG(s) 'example_skip_dag' retrieved from /usr/local/python/3.12.1/lib/python3.12/site-packages/airflow/example_dags/example_skip_dag.py
[2025-03-31T19:18:12.662+0000] {logging_mixin.py:190} INFO - [2025-03-31T19:18:12.662+0000] {dag.py:3239} INFO - Sync 1 DAGs
[2025-03-31T19:18:12.677+0000] {logging_mixin.py:190} INFO - [2025-03-31T19:18:12.677+0000] {dag.py:4180} INFO - Setting next_dagrun for example_skip_dag to 2025-03-30 00:00:00+00:00, run_after=2025-03-31 00:00:00+00:00
[2025-03-31T19:18:12.691+0000] {processor.py:208} INFO - Processing /usr/local/python/3.12.1/lib/python3.12/site-packages/airflow/example_dags/example_skip_dag.py took 0.054 seconds
[2025-03-31T19:19:05.432+0000] {processor.py:186} INFO - Started process (PID=11365) to work on /usr/local/python/3.12.1/lib/python3.12/site-packages/airflow/example_dags/example_skip_dag.py
[2025-03-31T19:19:05.433+0000] {processor.py:914} INFO - Processing file /usr/local/python/3.12.1/lib/python3.12/site-packages/airflow/example_dags/example_skip_dag.py for tasks to queue
[2025-03-31T19:19:05.434+0000] {logging_mixin.py:190} INFO - [2025-03-31T19:19:05.434+0000] {dagbag.py:588} INFO - Filling up the DagBag from /usr/local/python/3.12.1/lib/python3.12/site-packages/airflow/example_dags/example_skip_dag.py
[2025-03-31T19:19:05.440+0000] {processor.py:925} INFO - DAG(s) 'example_skip_dag' retrieved from /usr/local/python/3.12.1/lib/python3.12/site-packages/airflow/example_dags/example_skip_dag.py
[2025-03-31T19:19:05.452+0000] {logging_mixin.py:190} INFO - [2025-03-31T19:19:05.452+0000] {dag.py:3239} INFO - Sync 1 DAGs
[2025-03-31T19:19:05.467+0000] {logging_mixin.py:190} INFO - [2025-03-31T19:19:05.466+0000] {dag.py:4180} INFO - Setting next_dagrun for example_skip_dag to 2025-03-30 00:00:00+00:00, run_after=2025-03-31 00:00:00+00:00
[2025-03-31T19:19:05.482+0000] {processor.py:208} INFO - Processing /usr/local/python/3.12.1/lib/python3.12/site-packages/airflow/example_dags/example_skip_dag.py took 0.054 seconds
[2025-03-31T19:19:56.005+0000] {processor.py:186} INFO - Started process (PID=11861) to work on /usr/local/python/3.12.1/lib/python3.12/site-packages/airflow/example_dags/example_skip_dag.py
[2025-03-31T19:19:56.005+0000] {processor.py:914} INFO - Processing file /usr/local/python/3.12.1/lib/python3.12/site-packages/airflow/example_dags/example_skip_dag.py for tasks to queue
[2025-03-31T19:19:56.007+0000] {logging_mixin.py:190} INFO - [2025-03-31T19:19:56.007+0000] {dagbag.py:588} INFO - Filling up the DagBag from /usr/local/python/3.12.1/lib/python3.12/site-packages/airflow/example_dags/example_skip_dag.py
[2025-03-31T19:19:56.013+0000] {processor.py:925} INFO - DAG(s) 'example_skip_dag' retrieved from /usr/local/python/3.12.1/lib/python3.12/site-packages/airflow/example_dags/example_skip_dag.py
[2025-03-31T19:19:56.025+0000] {logging_mixin.py:190} INFO - [2025-03-31T19:19:56.025+0000] {dag.py:3239} INFO - Sync 1 DAGs
[2025-03-31T19:19:56.040+0000] {logging_mixin.py:190} INFO - [2025-03-31T19:19:56.040+0000] {dag.py:4180} INFO - Setting next_dagrun for example_skip_dag to 2025-03-30 00:00:00+00:00, run_after=2025-03-31 00:00:00+00:00
[2025-03-31T19:19:56.056+0000] {processor.py:208} INFO - Processing /usr/local/python/3.12.1/lib/python3.12/site-packages/airflow/example_dags/example_skip_dag.py took 0.055 seconds
[2025-03-31T19:20:48.467+0000] {processor.py:186} INFO - Started process (PID=12338) to work on /usr/local/python/3.12.1/lib/python3.12/site-packages/airflow/example_dags/example_skip_dag.py
[2025-03-31T19:20:48.468+0000] {processor.py:914} INFO - Processing file /usr/local/python/3.12.1/lib/python3.12/site-packages/airflow/example_dags/example_skip_dag.py for tasks to queue
[2025-03-31T19:20:48.469+0000] {logging_mixin.py:190} INFO - [2025-03-31T19:20:48.469+0000] {dagbag.py:588} INFO - Filling up the DagBag from /usr/local/python/3.12.1/lib/python3.12/site-packages/airflow/example_dags/example_skip_dag.py
[2025-03-31T19:20:48.476+0000] {processor.py:925} INFO - DAG(s) 'example_skip_dag' retrieved from /usr/local/python/3.12.1/lib/python3.12/site-packages/airflow/example_dags/example_skip_dag.py
[2025-03-31T19:20:48.488+0000] {logging_mixin.py:190} INFO - [2025-03-31T19:20:48.488+0000] {dag.py:3239} INFO - Sync 1 DAGs
[2025-03-31T19:20:48.509+0000] {logging_mixin.py:190} INFO - [2025-03-31T19:20:48.509+0000] {dag.py:4180} INFO - Setting next_dagrun for example_skip_dag to 2025-03-30 00:00:00+00:00, run_after=2025-03-31 00:00:00+00:00
[2025-03-31T19:20:48.526+0000] {processor.py:208} INFO - Processing /usr/local/python/3.12.1/lib/python3.12/site-packages/airflow/example_dags/example_skip_dag.py took 0.063 seconds
[2025-03-31T19:21:38.132+0000] {processor.py:186} INFO - Started process (PID=12869) to work on /usr/local/python/3.12.1/lib/python3.12/site-packages/airflow/example_dags/example_skip_dag.py
[2025-03-31T19:21:38.133+0000] {processor.py:914} INFO - Processing file /usr/local/python/3.12.1/lib/python3.12/site-packages/airflow/example_dags/example_skip_dag.py for tasks to queue
[2025-03-31T19:21:38.135+0000] {logging_mixin.py:190} INFO - [2025-03-31T19:21:38.134+0000] {dagbag.py:588} INFO - Filling up the DagBag from /usr/local/python/3.12.1/lib/python3.12/site-packages/airflow/example_dags/example_skip_dag.py
[2025-03-31T19:21:38.141+0000] {processor.py:925} INFO - DAG(s) 'example_skip_dag' retrieved from /usr/local/python/3.12.1/lib/python3.12/site-packages/airflow/example_dags/example_skip_dag.py
[2025-03-31T19:21:38.153+0000] {logging_mixin.py:190} INFO - [2025-03-31T19:21:38.152+0000] {dag.py:3239} INFO - Sync 1 DAGs
[2025-03-31T19:21:38.168+0000] {logging_mixin.py:190} INFO - [2025-03-31T19:21:38.168+0000] {dag.py:4180} INFO - Setting next_dagrun for example_skip_dag to 2025-03-30 00:00:00+00:00, run_after=2025-03-31 00:00:00+00:00
[2025-03-31T19:21:38.182+0000] {processor.py:208} INFO - Processing /usr/local/python/3.12.1/lib/python3.12/site-packages/airflow/example_dags/example_skip_dag.py took 0.054 seconds
[2025-03-31T19:22:32.323+0000] {processor.py:186} INFO - Started process (PID=13316) to work on /usr/local/python/3.12.1/lib/python3.12/site-packages/airflow/example_dags/example_skip_dag.py
[2025-03-31T19:22:32.324+0000] {processor.py:914} INFO - Processing file /usr/local/python/3.12.1/lib/python3.12/site-packages/airflow/example_dags/example_skip_dag.py for tasks to queue
[2025-03-31T19:22:32.325+0000] {logging_mixin.py:190} INFO - [2025-03-31T19:22:32.325+0000] {dagbag.py:588} INFO - Filling up the DagBag from /usr/local/python/3.12.1/lib/python3.12/site-packages/airflow/example_dags/example_skip_dag.py
[2025-03-31T19:22:32.331+0000] {processor.py:925} INFO - DAG(s) 'example_skip_dag' retrieved from /usr/local/python/3.12.1/lib/python3.12/site-packages/airflow/example_dags/example_skip_dag.py
[2025-03-31T19:22:32.343+0000] {logging_mixin.py:190} INFO - [2025-03-31T19:22:32.343+0000] {dag.py:3239} INFO - Sync 1 DAGs
[2025-03-31T19:22:32.358+0000] {logging_mixin.py:190} INFO - [2025-03-31T19:22:32.357+0000] {dag.py:4180} INFO - Setting next_dagrun for example_skip_dag to 2025-03-30 00:00:00+00:00, run_after=2025-03-31 00:00:00+00:00
[2025-03-31T19:22:32.372+0000] {processor.py:208} INFO - Processing /usr/local/python/3.12.1/lib/python3.12/site-packages/airflow/example_dags/example_skip_dag.py took 0.053 seconds
[2025-03-31T19:23:23.725+0000] {processor.py:186} INFO - Started process (PID=13727) to work on /usr/local/python/3.12.1/lib/python3.12/site-packages/airflow/example_dags/example_skip_dag.py
[2025-03-31T19:23:23.725+0000] {processor.py:914} INFO - Processing file /usr/local/python/3.12.1/lib/python3.12/site-packages/airflow/example_dags/example_skip_dag.py for tasks to queue
[2025-03-31T19:23:23.727+0000] {logging_mixin.py:190} INFO - [2025-03-31T19:23:23.726+0000] {dagbag.py:588} INFO - Filling up the DagBag from /usr/local/python/3.12.1/lib/python3.12/site-packages/airflow/example_dags/example_skip_dag.py
[2025-03-31T19:23:23.733+0000] {processor.py:925} INFO - DAG(s) 'example_skip_dag' retrieved from /usr/local/python/3.12.1/lib/python3.12/site-packages/airflow/example_dags/example_skip_dag.py
[2025-03-31T19:23:23.745+0000] {logging_mixin.py:190} INFO - [2025-03-31T19:23:23.745+0000] {dag.py:3239} INFO - Sync 1 DAGs
[2025-03-31T19:23:23.759+0000] {logging_mixin.py:190} INFO - [2025-03-31T19:23:23.759+0000] {dag.py:4180} INFO - Setting next_dagrun for example_skip_dag to 2025-03-30 00:00:00+00:00, run_after=2025-03-31 00:00:00+00:00
[2025-03-31T19:23:23.774+0000] {processor.py:208} INFO - Processing /usr/local/python/3.12.1/lib/python3.12/site-packages/airflow/example_dags/example_skip_dag.py took 0.054 seconds
[2025-03-31T19:24:15.088+0000] {processor.py:186} INFO - Started process (PID=14134) to work on /usr/local/python/3.12.1/lib/python3.12/site-packages/airflow/example_dags/example_skip_dag.py
[2025-03-31T19:24:15.088+0000] {processor.py:914} INFO - Processing file /usr/local/python/3.12.1/lib/python3.12/site-packages/airflow/example_dags/example_skip_dag.py for tasks to queue
[2025-03-31T19:24:15.090+0000] {logging_mixin.py:190} INFO - [2025-03-31T19:24:15.089+0000] {dagbag.py:588} INFO - Filling up the DagBag from /usr/local/python/3.12.1/lib/python3.12/site-packages/airflow/example_dags/example_skip_dag.py
[2025-03-31T19:24:15.096+0000] {processor.py:925} INFO - DAG(s) 'example_skip_dag' retrieved from /usr/local/python/3.12.1/lib/python3.12/site-packages/airflow/example_dags/example_skip_dag.py
[2025-03-31T19:24:15.108+0000] {logging_mixin.py:190} INFO - [2025-03-31T19:24:15.108+0000] {dag.py:3239} INFO - Sync 1 DAGs
[2025-03-31T19:24:15.123+0000] {logging_mixin.py:190} INFO - [2025-03-31T19:24:15.123+0000] {dag.py:4180} INFO - Setting next_dagrun for example_skip_dag to 2025-03-30 00:00:00+00:00, run_after=2025-03-31 00:00:00+00:00
[2025-03-31T19:24:15.138+0000] {processor.py:208} INFO - Processing /usr/local/python/3.12.1/lib/python3.12/site-packages/airflow/example_dags/example_skip_dag.py took 0.054 seconds
[2025-03-31T19:25:08.751+0000] {processor.py:186} INFO - Started process (PID=14575) to work on /usr/local/python/3.12.1/lib/python3.12/site-packages/airflow/example_dags/example_skip_dag.py
[2025-03-31T19:25:08.752+0000] {processor.py:914} INFO - Processing file /usr/local/python/3.12.1/lib/python3.12/site-packages/airflow/example_dags/example_skip_dag.py for tasks to queue
[2025-03-31T19:25:08.753+0000] {logging_mixin.py:190} INFO - [2025-03-31T19:25:08.753+0000] {dagbag.py:588} INFO - Filling up the DagBag from /usr/local/python/3.12.1/lib/python3.12/site-packages/airflow/example_dags/example_skip_dag.py
[2025-03-31T19:25:08.759+0000] {processor.py:925} INFO - DAG(s) 'example_skip_dag' retrieved from /usr/local/python/3.12.1/lib/python3.12/site-packages/airflow/example_dags/example_skip_dag.py
[2025-03-31T19:25:08.772+0000] {logging_mixin.py:190} INFO - [2025-03-31T19:25:08.771+0000] {dag.py:3239} INFO - Sync 1 DAGs
[2025-03-31T19:25:08.786+0000] {logging_mixin.py:190} INFO - [2025-03-31T19:25:08.786+0000] {dag.py:4180} INFO - Setting next_dagrun for example_skip_dag to 2025-03-30 00:00:00+00:00, run_after=2025-03-31 00:00:00+00:00
[2025-03-31T19:25:08.802+0000] {processor.py:208} INFO - Processing /usr/local/python/3.12.1/lib/python3.12/site-packages/airflow/example_dags/example_skip_dag.py took 0.055 seconds
[2025-03-31T19:26:01.170+0000] {processor.py:186} INFO - Started process (PID=15016) to work on /usr/local/python/3.12.1/lib/python3.12/site-packages/airflow/example_dags/example_skip_dag.py
[2025-03-31T19:26:01.170+0000] {processor.py:914} INFO - Processing file /usr/local/python/3.12.1/lib/python3.12/site-packages/airflow/example_dags/example_skip_dag.py for tasks to queue
[2025-03-31T19:26:01.172+0000] {logging_mixin.py:190} INFO - [2025-03-31T19:26:01.171+0000] {dagbag.py:588} INFO - Filling up the DagBag from /usr/local/python/3.12.1/lib/python3.12/site-packages/airflow/example_dags/example_skip_dag.py
[2025-03-31T19:26:01.178+0000] {processor.py:925} INFO - DAG(s) 'example_skip_dag' retrieved from /usr/local/python/3.12.1/lib/python3.12/site-packages/airflow/example_dags/example_skip_dag.py
[2025-03-31T19:26:01.190+0000] {logging_mixin.py:190} INFO - [2025-03-31T19:26:01.189+0000] {dag.py:3239} INFO - Sync 1 DAGs
[2025-03-31T19:26:01.205+0000] {logging_mixin.py:190} INFO - [2025-03-31T19:26:01.205+0000] {dag.py:4180} INFO - Setting next_dagrun for example_skip_dag to 2025-03-30 00:00:00+00:00, run_after=2025-03-31 00:00:00+00:00
[2025-03-31T19:26:01.220+0000] {processor.py:208} INFO - Processing /usr/local/python/3.12.1/lib/python3.12/site-packages/airflow/example_dags/example_skip_dag.py took 0.054 seconds
[2025-03-31T19:26:53.409+0000] {processor.py:186} INFO - Started process (PID=15472) to work on /usr/local/python/3.12.1/lib/python3.12/site-packages/airflow/example_dags/example_skip_dag.py
[2025-03-31T19:26:53.410+0000] {processor.py:914} INFO - Processing file /usr/local/python/3.12.1/lib/python3.12/site-packages/airflow/example_dags/example_skip_dag.py for tasks to queue
[2025-03-31T19:26:53.412+0000] {logging_mixin.py:190} INFO - [2025-03-31T19:26:53.412+0000] {dagbag.py:588} INFO - Filling up the DagBag from /usr/local/python/3.12.1/lib/python3.12/site-packages/airflow/example_dags/example_skip_dag.py
[2025-03-31T19:26:53.420+0000] {processor.py:925} INFO - DAG(s) 'example_skip_dag' retrieved from /usr/local/python/3.12.1/lib/python3.12/site-packages/airflow/example_dags/example_skip_dag.py
[2025-03-31T19:26:53.435+0000] {logging_mixin.py:190} INFO - [2025-03-31T19:26:53.435+0000] {dag.py:3239} INFO - Sync 1 DAGs
[2025-03-31T19:26:53.453+0000] {logging_mixin.py:190} INFO - [2025-03-31T19:26:53.453+0000] {dag.py:4180} INFO - Setting next_dagrun for example_skip_dag to 2025-03-30 00:00:00+00:00, run_after=2025-03-31 00:00:00+00:00
[2025-03-31T19:26:53.467+0000] {processor.py:208} INFO - Processing /usr/local/python/3.12.1/lib/python3.12/site-packages/airflow/example_dags/example_skip_dag.py took 0.063 seconds
[2025-03-31T19:27:44.056+0000] {processor.py:186} INFO - Started process (PID=15893) to work on /usr/local/python/3.12.1/lib/python3.12/site-packages/airflow/example_dags/example_skip_dag.py
[2025-03-31T19:27:44.056+0000] {processor.py:914} INFO - Processing file /usr/local/python/3.12.1/lib/python3.12/site-packages/airflow/example_dags/example_skip_dag.py for tasks to queue
[2025-03-31T19:27:44.058+0000] {logging_mixin.py:190} INFO - [2025-03-31T19:27:44.058+0000] {dagbag.py:588} INFO - Filling up the DagBag from /usr/local/python/3.12.1/lib/python3.12/site-packages/airflow/example_dags/example_skip_dag.py
[2025-03-31T19:27:44.064+0000] {processor.py:925} INFO - DAG(s) 'example_skip_dag' retrieved from /usr/local/python/3.12.1/lib/python3.12/site-packages/airflow/example_dags/example_skip_dag.py
[2025-03-31T19:27:44.077+0000] {logging_mixin.py:190} INFO - [2025-03-31T19:27:44.076+0000] {dag.py:3239} INFO - Sync 1 DAGs
[2025-03-31T19:27:44.092+0000] {logging_mixin.py:190} INFO - [2025-03-31T19:27:44.092+0000] {dag.py:4180} INFO - Setting next_dagrun for example_skip_dag to 2025-03-30 00:00:00+00:00, run_after=2025-03-31 00:00:00+00:00
[2025-03-31T19:27:44.110+0000] {processor.py:208} INFO - Processing /usr/local/python/3.12.1/lib/python3.12/site-packages/airflow/example_dags/example_skip_dag.py took 0.059 seconds
[2025-03-31T19:29:07.246+0000] {processor.py:186} INFO - Started process (PID=16712) to work on /usr/local/python/3.12.1/lib/python3.12/site-packages/airflow/example_dags/example_skip_dag.py
[2025-03-31T19:29:07.247+0000] {processor.py:914} INFO - Processing file /usr/local/python/3.12.1/lib/python3.12/site-packages/airflow/example_dags/example_skip_dag.py for tasks to queue
[2025-03-31T19:29:07.248+0000] {logging_mixin.py:190} INFO - [2025-03-31T19:29:07.248+0000] {dagbag.py:588} INFO - Filling up the DagBag from /usr/local/python/3.12.1/lib/python3.12/site-packages/airflow/example_dags/example_skip_dag.py
[2025-03-31T19:29:07.254+0000] {processor.py:925} INFO - DAG(s) 'example_skip_dag' retrieved from /usr/local/python/3.12.1/lib/python3.12/site-packages/airflow/example_dags/example_skip_dag.py
[2025-03-31T19:29:07.267+0000] {logging_mixin.py:190} INFO - [2025-03-31T19:29:07.267+0000] {dag.py:3239} INFO - Sync 1 DAGs
[2025-03-31T19:29:07.282+0000] {logging_mixin.py:190} INFO - [2025-03-31T19:29:07.281+0000] {dag.py:4180} INFO - Setting next_dagrun for example_skip_dag to 2025-03-30 00:00:00+00:00, run_after=2025-03-31 00:00:00+00:00
[2025-03-31T19:29:07.297+0000] {processor.py:208} INFO - Processing /usr/local/python/3.12.1/lib/python3.12/site-packages/airflow/example_dags/example_skip_dag.py took 0.055 seconds
[2025-03-31T19:30:05.642+0000] {processor.py:186} INFO - Started process (PID=17183) to work on /usr/local/python/3.12.1/lib/python3.12/site-packages/airflow/example_dags/example_skip_dag.py
[2025-03-31T19:30:05.642+0000] {processor.py:914} INFO - Processing file /usr/local/python/3.12.1/lib/python3.12/site-packages/airflow/example_dags/example_skip_dag.py for tasks to queue
[2025-03-31T19:30:05.644+0000] {logging_mixin.py:190} INFO - [2025-03-31T19:30:05.643+0000] {dagbag.py:588} INFO - Filling up the DagBag from /usr/local/python/3.12.1/lib/python3.12/site-packages/airflow/example_dags/example_skip_dag.py
[2025-03-31T19:30:05.650+0000] {processor.py:925} INFO - DAG(s) 'example_skip_dag' retrieved from /usr/local/python/3.12.1/lib/python3.12/site-packages/airflow/example_dags/example_skip_dag.py
[2025-03-31T19:30:05.662+0000] {logging_mixin.py:190} INFO - [2025-03-31T19:30:05.662+0000] {dag.py:3239} INFO - Sync 1 DAGs
[2025-03-31T19:30:05.677+0000] {logging_mixin.py:190} INFO - [2025-03-31T19:30:05.677+0000] {dag.py:4180} INFO - Setting next_dagrun for example_skip_dag to 2025-03-30 00:00:00+00:00, run_after=2025-03-31 00:00:00+00:00
[2025-03-31T19:30:05.692+0000] {processor.py:208} INFO - Processing /usr/local/python/3.12.1/lib/python3.12/site-packages/airflow/example_dags/example_skip_dag.py took 0.054 seconds
[2025-03-31T19:31:02.178+0000] {processor.py:186} INFO - Started process (PID=17611) to work on /usr/local/python/3.12.1/lib/python3.12/site-packages/airflow/example_dags/example_skip_dag.py
[2025-03-31T19:31:02.179+0000] {processor.py:914} INFO - Processing file /usr/local/python/3.12.1/lib/python3.12/site-packages/airflow/example_dags/example_skip_dag.py for tasks to queue
[2025-03-31T19:31:02.180+0000] {logging_mixin.py:190} INFO - [2025-03-31T19:31:02.180+0000] {dagbag.py:588} INFO - Filling up the DagBag from /usr/local/python/3.12.1/lib/python3.12/site-packages/airflow/example_dags/example_skip_dag.py
[2025-03-31T19:31:02.188+0000] {processor.py:925} INFO - DAG(s) 'example_skip_dag' retrieved from /usr/local/python/3.12.1/lib/python3.12/site-packages/airflow/example_dags/example_skip_dag.py
[2025-03-31T19:31:02.203+0000] {logging_mixin.py:190} INFO - [2025-03-31T19:31:02.203+0000] {dag.py:3239} INFO - Sync 1 DAGs
[2025-03-31T19:31:02.219+0000] {logging_mixin.py:190} INFO - [2025-03-31T19:31:02.219+0000] {dag.py:4180} INFO - Setting next_dagrun for example_skip_dag to 2025-03-30 00:00:00+00:00, run_after=2025-03-31 00:00:00+00:00
[2025-03-31T19:31:02.233+0000] {processor.py:208} INFO - Processing /usr/local/python/3.12.1/lib/python3.12/site-packages/airflow/example_dags/example_skip_dag.py took 0.061 seconds
[2025-03-31T19:31:57.488+0000] {processor.py:186} INFO - Started process (PID=18053) to work on /usr/local/python/3.12.1/lib/python3.12/site-packages/airflow/example_dags/example_skip_dag.py
[2025-03-31T19:31:57.489+0000] {processor.py:914} INFO - Processing file /usr/local/python/3.12.1/lib/python3.12/site-packages/airflow/example_dags/example_skip_dag.py for tasks to queue
[2025-03-31T19:31:57.490+0000] {logging_mixin.py:190} INFO - [2025-03-31T19:31:57.490+0000] {dagbag.py:588} INFO - Filling up the DagBag from /usr/local/python/3.12.1/lib/python3.12/site-packages/airflow/example_dags/example_skip_dag.py
[2025-03-31T19:31:57.496+0000] {processor.py:925} INFO - DAG(s) 'example_skip_dag' retrieved from /usr/local/python/3.12.1/lib/python3.12/site-packages/airflow/example_dags/example_skip_dag.py
[2025-03-31T19:31:57.508+0000] {logging_mixin.py:190} INFO - [2025-03-31T19:31:57.508+0000] {dag.py:3239} INFO - Sync 1 DAGs
[2025-03-31T19:31:57.523+0000] {logging_mixin.py:190} INFO - [2025-03-31T19:31:57.523+0000] {dag.py:4180} INFO - Setting next_dagrun for example_skip_dag to 2025-03-30 00:00:00+00:00, run_after=2025-03-31 00:00:00+00:00
[2025-03-31T19:31:57.539+0000] {processor.py:208} INFO - Processing /usr/local/python/3.12.1/lib/python3.12/site-packages/airflow/example_dags/example_skip_dag.py took 0.055 seconds
[2025-03-31T19:32:55.088+0000] {processor.py:186} INFO - Started process (PID=18523) to work on /usr/local/python/3.12.1/lib/python3.12/site-packages/airflow/example_dags/example_skip_dag.py
[2025-03-31T19:32:55.088+0000] {processor.py:914} INFO - Processing file /usr/local/python/3.12.1/lib/python3.12/site-packages/airflow/example_dags/example_skip_dag.py for tasks to queue
[2025-03-31T19:32:55.090+0000] {logging_mixin.py:190} INFO - [2025-03-31T19:32:55.090+0000] {dagbag.py:588} INFO - Filling up the DagBag from /usr/local/python/3.12.1/lib/python3.12/site-packages/airflow/example_dags/example_skip_dag.py
[2025-03-31T19:32:55.097+0000] {processor.py:925} INFO - DAG(s) 'example_skip_dag' retrieved from /usr/local/python/3.12.1/lib/python3.12/site-packages/airflow/example_dags/example_skip_dag.py
[2025-03-31T19:32:55.111+0000] {logging_mixin.py:190} INFO - [2025-03-31T19:32:55.111+0000] {dag.py:3239} INFO - Sync 1 DAGs
[2025-03-31T19:32:55.129+0000] {logging_mixin.py:190} INFO - [2025-03-31T19:32:55.129+0000] {dag.py:4180} INFO - Setting next_dagrun for example_skip_dag to 2025-03-30 00:00:00+00:00, run_after=2025-03-31 00:00:00+00:00
[2025-03-31T19:32:55.143+0000] {processor.py:208} INFO - Processing /usr/local/python/3.12.1/lib/python3.12/site-packages/airflow/example_dags/example_skip_dag.py took 0.060 seconds
[2025-03-31T19:33:53.492+0000] {processor.py:186} INFO - Started process (PID=18985) to work on /usr/local/python/3.12.1/lib/python3.12/site-packages/airflow/example_dags/example_skip_dag.py
[2025-03-31T19:33:53.493+0000] {processor.py:914} INFO - Processing file /usr/local/python/3.12.1/lib/python3.12/site-packages/airflow/example_dags/example_skip_dag.py for tasks to queue
[2025-03-31T19:33:53.494+0000] {logging_mixin.py:190} INFO - [2025-03-31T19:33:53.494+0000] {dagbag.py:588} INFO - Filling up the DagBag from /usr/local/python/3.12.1/lib/python3.12/site-packages/airflow/example_dags/example_skip_dag.py
[2025-03-31T19:33:53.500+0000] {processor.py:925} INFO - DAG(s) 'example_skip_dag' retrieved from /usr/local/python/3.12.1/lib/python3.12/site-packages/airflow/example_dags/example_skip_dag.py
[2025-03-31T19:33:53.515+0000] {logging_mixin.py:190} INFO - [2025-03-31T19:33:53.515+0000] {dag.py:3239} INFO - Sync 1 DAGs
[2025-03-31T19:33:53.532+0000] {logging_mixin.py:190} INFO - [2025-03-31T19:33:53.532+0000] {dag.py:4180} INFO - Setting next_dagrun for example_skip_dag to 2025-03-30 00:00:00+00:00, run_after=2025-03-31 00:00:00+00:00
[2025-03-31T19:33:53.548+0000] {processor.py:208} INFO - Processing /usr/local/python/3.12.1/lib/python3.12/site-packages/airflow/example_dags/example_skip_dag.py took 0.060 seconds
[2025-03-31T19:34:50.047+0000] {processor.py:186} INFO - Started process (PID=19474) to work on /usr/local/python/3.12.1/lib/python3.12/site-packages/airflow/example_dags/example_skip_dag.py
[2025-03-31T19:34:50.048+0000] {processor.py:914} INFO - Processing file /usr/local/python/3.12.1/lib/python3.12/site-packages/airflow/example_dags/example_skip_dag.py for tasks to queue
[2025-03-31T19:34:50.049+0000] {logging_mixin.py:190} INFO - [2025-03-31T19:34:50.049+0000] {dagbag.py:588} INFO - Filling up the DagBag from /usr/local/python/3.12.1/lib/python3.12/site-packages/airflow/example_dags/example_skip_dag.py
[2025-03-31T19:34:50.055+0000] {processor.py:925} INFO - DAG(s) 'example_skip_dag' retrieved from /usr/local/python/3.12.1/lib/python3.12/site-packages/airflow/example_dags/example_skip_dag.py
[2025-03-31T19:34:50.067+0000] {logging_mixin.py:190} INFO - [2025-03-31T19:34:50.067+0000] {dag.py:3239} INFO - Sync 1 DAGs
[2025-03-31T19:34:50.081+0000] {logging_mixin.py:190} INFO - [2025-03-31T19:34:50.081+0000] {dag.py:4180} INFO - Setting next_dagrun for example_skip_dag to 2025-03-30 00:00:00+00:00, run_after=2025-03-31 00:00:00+00:00
[2025-03-31T19:34:50.096+0000] {processor.py:208} INFO - Processing /usr/local/python/3.12.1/lib/python3.12/site-packages/airflow/example_dags/example_skip_dag.py took 0.053 seconds
[2025-03-31T19:35:47.999+0000] {processor.py:186} INFO - Started process (PID=19935) to work on /usr/local/python/3.12.1/lib/python3.12/site-packages/airflow/example_dags/example_skip_dag.py
[2025-03-31T19:35:48.000+0000] {processor.py:914} INFO - Processing file /usr/local/python/3.12.1/lib/python3.12/site-packages/airflow/example_dags/example_skip_dag.py for tasks to queue
[2025-03-31T19:35:48.002+0000] {logging_mixin.py:190} INFO - [2025-03-31T19:35:48.002+0000] {dagbag.py:588} INFO - Filling up the DagBag from /usr/local/python/3.12.1/lib/python3.12/site-packages/airflow/example_dags/example_skip_dag.py
[2025-03-31T19:35:48.010+0000] {processor.py:925} INFO - DAG(s) 'example_skip_dag' retrieved from /usr/local/python/3.12.1/lib/python3.12/site-packages/airflow/example_dags/example_skip_dag.py
[2025-03-31T19:35:48.023+0000] {logging_mixin.py:190} INFO - [2025-03-31T19:35:48.023+0000] {dag.py:3239} INFO - Sync 1 DAGs
[2025-03-31T19:35:48.041+0000] {logging_mixin.py:190} INFO - [2025-03-31T19:35:48.041+0000] {dag.py:4180} INFO - Setting next_dagrun for example_skip_dag to 2025-03-30 00:00:00+00:00, run_after=2025-03-31 00:00:00+00:00
[2025-03-31T19:35:48.057+0000] {processor.py:208} INFO - Processing /usr/local/python/3.12.1/lib/python3.12/site-packages/airflow/example_dags/example_skip_dag.py took 0.063 seconds
[2025-03-31T19:36:45.541+0000] {processor.py:186} INFO - Started process (PID=20404) to work on /usr/local/python/3.12.1/lib/python3.12/site-packages/airflow/example_dags/example_skip_dag.py
[2025-03-31T19:36:45.541+0000] {processor.py:914} INFO - Processing file /usr/local/python/3.12.1/lib/python3.12/site-packages/airflow/example_dags/example_skip_dag.py for tasks to queue
[2025-03-31T19:36:45.543+0000] {logging_mixin.py:190} INFO - [2025-03-31T19:36:45.543+0000] {dagbag.py:588} INFO - Filling up the DagBag from /usr/local/python/3.12.1/lib/python3.12/site-packages/airflow/example_dags/example_skip_dag.py
[2025-03-31T19:36:45.550+0000] {processor.py:925} INFO - DAG(s) 'example_skip_dag' retrieved from /usr/local/python/3.12.1/lib/python3.12/site-packages/airflow/example_dags/example_skip_dag.py
[2025-03-31T19:36:45.562+0000] {logging_mixin.py:190} INFO - [2025-03-31T19:36:45.562+0000] {dag.py:3239} INFO - Sync 1 DAGs
[2025-03-31T19:36:45.577+0000] {logging_mixin.py:190} INFO - [2025-03-31T19:36:45.577+0000] {dag.py:4180} INFO - Setting next_dagrun for example_skip_dag to 2025-03-30 00:00:00+00:00, run_after=2025-03-31 00:00:00+00:00
[2025-03-31T19:36:45.591+0000] {processor.py:208} INFO - Processing /usr/local/python/3.12.1/lib/python3.12/site-packages/airflow/example_dags/example_skip_dag.py took 0.055 seconds
[2025-03-31T19:37:41.607+0000] {processor.py:186} INFO - Started process (PID=20854) to work on /usr/local/python/3.12.1/lib/python3.12/site-packages/airflow/example_dags/example_skip_dag.py
[2025-03-31T19:37:41.608+0000] {processor.py:914} INFO - Processing file /usr/local/python/3.12.1/lib/python3.12/site-packages/airflow/example_dags/example_skip_dag.py for tasks to queue
[2025-03-31T19:37:41.609+0000] {logging_mixin.py:190} INFO - [2025-03-31T19:37:41.609+0000] {dagbag.py:588} INFO - Filling up the DagBag from /usr/local/python/3.12.1/lib/python3.12/site-packages/airflow/example_dags/example_skip_dag.py
[2025-03-31T19:37:41.615+0000] {processor.py:925} INFO - DAG(s) 'example_skip_dag' retrieved from /usr/local/python/3.12.1/lib/python3.12/site-packages/airflow/example_dags/example_skip_dag.py
[2025-03-31T19:37:41.628+0000] {logging_mixin.py:190} INFO - [2025-03-31T19:37:41.627+0000] {dag.py:3239} INFO - Sync 1 DAGs
[2025-03-31T19:37:41.643+0000] {logging_mixin.py:190} INFO - [2025-03-31T19:37:41.642+0000] {dag.py:4180} INFO - Setting next_dagrun for example_skip_dag to 2025-03-30 00:00:00+00:00, run_after=2025-03-31 00:00:00+00:00
[2025-03-31T19:37:41.657+0000] {processor.py:208} INFO - Processing /usr/local/python/3.12.1/lib/python3.12/site-packages/airflow/example_dags/example_skip_dag.py took 0.054 seconds
[2025-03-31T19:38:37.254+0000] {processor.py:186} INFO - Started process (PID=21287) to work on /usr/local/python/3.12.1/lib/python3.12/site-packages/airflow/example_dags/example_skip_dag.py
[2025-03-31T19:38:37.254+0000] {processor.py:914} INFO - Processing file /usr/local/python/3.12.1/lib/python3.12/site-packages/airflow/example_dags/example_skip_dag.py for tasks to queue
[2025-03-31T19:38:37.256+0000] {logging_mixin.py:190} INFO - [2025-03-31T19:38:37.255+0000] {dagbag.py:588} INFO - Filling up the DagBag from /usr/local/python/3.12.1/lib/python3.12/site-packages/airflow/example_dags/example_skip_dag.py
[2025-03-31T19:38:37.262+0000] {processor.py:925} INFO - DAG(s) 'example_skip_dag' retrieved from /usr/local/python/3.12.1/lib/python3.12/site-packages/airflow/example_dags/example_skip_dag.py
[2025-03-31T19:38:37.273+0000] {logging_mixin.py:190} INFO - [2025-03-31T19:38:37.273+0000] {dag.py:3239} INFO - Sync 1 DAGs
[2025-03-31T19:38:37.289+0000] {logging_mixin.py:190} INFO - [2025-03-31T19:38:37.289+0000] {dag.py:4180} INFO - Setting next_dagrun for example_skip_dag to 2025-03-30 00:00:00+00:00, run_after=2025-03-31 00:00:00+00:00
[2025-03-31T19:38:37.303+0000] {processor.py:208} INFO - Processing /usr/local/python/3.12.1/lib/python3.12/site-packages/airflow/example_dags/example_skip_dag.py took 0.053 seconds
