[2025-03-31T19:06:19.074+0000] {processor.py:186} INFO - Started process (PID=5133) to work on /usr/local/python/3.12.1/lib/python3.12/site-packages/airflow/example_dags/tutorial_dag.py
[2025-03-31T19:06:19.075+0000] {processor.py:914} INFO - Processing file /usr/local/python/3.12.1/lib/python3.12/site-packages/airflow/example_dags/tutorial_dag.py for tasks to queue
[2025-03-31T19:06:19.076+0000] {logging_mixin.py:190} INFO - [2025-03-31T19:06:19.076+0000] {dagbag.py:588} INFO - Filling up the DagBag from /usr/local/python/3.12.1/lib/python3.12/site-packages/airflow/example_dags/tutorial_dag.py
[2025-03-31T19:06:19.082+0000] {processor.py:925} INFO - DAG(s) 'tutorial_dag' retrieved from /usr/local/python/3.12.1/lib/python3.12/site-packages/airflow/example_dags/tutorial_dag.py
[2025-03-31T19:06:19.098+0000] {logging_mixin.py:190} INFO - [2025-03-31T19:06:19.098+0000] {dag.py:3239} INFO - Sync 1 DAGs
[2025-03-31T19:06:19.107+0000] {logging_mixin.py:190} INFO - [2025-03-31T19:06:19.107+0000] {dag.py:4180} INFO - Setting next_dagrun for tutorial_dag to None, run_after=None
[2025-03-31T19:06:19.122+0000] {processor.py:208} INFO - Processing /usr/local/python/3.12.1/lib/python3.12/site-packages/airflow/example_dags/tutorial_dag.py took 0.052 seconds
[2025-03-31T19:07:17.057+0000] {processor.py:186} INFO - Started process (PID=5628) to work on /usr/local/python/3.12.1/lib/python3.12/site-packages/airflow/example_dags/tutorial_dag.py
[2025-03-31T19:07:17.058+0000] {processor.py:914} INFO - Processing file /usr/local/python/3.12.1/lib/python3.12/site-packages/airflow/example_dags/tutorial_dag.py for tasks to queue
[2025-03-31T19:07:17.059+0000] {logging_mixin.py:190} INFO - [2025-03-31T19:07:17.059+0000] {dagbag.py:588} INFO - Filling up the DagBag from /usr/local/python/3.12.1/lib/python3.12/site-packages/airflow/example_dags/tutorial_dag.py
[2025-03-31T19:07:17.065+0000] {processor.py:925} INFO - DAG(s) 'tutorial_dag' retrieved from /usr/local/python/3.12.1/lib/python3.12/site-packages/airflow/example_dags/tutorial_dag.py
[2025-03-31T19:07:17.076+0000] {logging_mixin.py:190} INFO - [2025-03-31T19:07:17.076+0000] {dag.py:3239} INFO - Sync 1 DAGs
[2025-03-31T19:07:17.085+0000] {logging_mixin.py:190} INFO - [2025-03-31T19:07:17.085+0000] {dag.py:4180} INFO - Setting next_dagrun for tutorial_dag to None, run_after=None
[2025-03-31T19:07:17.099+0000] {processor.py:208} INFO - Processing /usr/local/python/3.12.1/lib/python3.12/site-packages/airflow/example_dags/tutorial_dag.py took 0.046 seconds
[2025-03-31T19:08:11.338+0000] {processor.py:186} INFO - Started process (PID=6097) to work on /usr/local/python/3.12.1/lib/python3.12/site-packages/airflow/example_dags/tutorial_dag.py
[2025-03-31T19:08:11.338+0000] {processor.py:914} INFO - Processing file /usr/local/python/3.12.1/lib/python3.12/site-packages/airflow/example_dags/tutorial_dag.py for tasks to queue
[2025-03-31T19:08:11.340+0000] {logging_mixin.py:190} INFO - [2025-03-31T19:08:11.339+0000] {dagbag.py:588} INFO - Filling up the DagBag from /usr/local/python/3.12.1/lib/python3.12/site-packages/airflow/example_dags/tutorial_dag.py
[2025-03-31T19:08:11.345+0000] {processor.py:925} INFO - DAG(s) 'tutorial_dag' retrieved from /usr/local/python/3.12.1/lib/python3.12/site-packages/airflow/example_dags/tutorial_dag.py
[2025-03-31T19:08:11.356+0000] {logging_mixin.py:190} INFO - [2025-03-31T19:08:11.356+0000] {dag.py:3239} INFO - Sync 1 DAGs
[2025-03-31T19:08:11.365+0000] {logging_mixin.py:190} INFO - [2025-03-31T19:08:11.365+0000] {dag.py:4180} INFO - Setting next_dagrun for tutorial_dag to None, run_after=None
[2025-03-31T19:08:11.379+0000] {processor.py:208} INFO - Processing /usr/local/python/3.12.1/lib/python3.12/site-packages/airflow/example_dags/tutorial_dag.py took 0.045 seconds
[2025-03-31T19:09:06.028+0000] {processor.py:186} INFO - Started process (PID=6560) to work on /usr/local/python/3.12.1/lib/python3.12/site-packages/airflow/example_dags/tutorial_dag.py
[2025-03-31T19:09:06.029+0000] {processor.py:914} INFO - Processing file /usr/local/python/3.12.1/lib/python3.12/site-packages/airflow/example_dags/tutorial_dag.py for tasks to queue
[2025-03-31T19:09:06.030+0000] {logging_mixin.py:190} INFO - [2025-03-31T19:09:06.030+0000] {dagbag.py:588} INFO - Filling up the DagBag from /usr/local/python/3.12.1/lib/python3.12/site-packages/airflow/example_dags/tutorial_dag.py
[2025-03-31T19:09:06.036+0000] {processor.py:925} INFO - DAG(s) 'tutorial_dag' retrieved from /usr/local/python/3.12.1/lib/python3.12/site-packages/airflow/example_dags/tutorial_dag.py
[2025-03-31T19:09:06.047+0000] {logging_mixin.py:190} INFO - [2025-03-31T19:09:06.046+0000] {dag.py:3239} INFO - Sync 1 DAGs
[2025-03-31T19:09:06.056+0000] {logging_mixin.py:190} INFO - [2025-03-31T19:09:06.056+0000] {dag.py:4180} INFO - Setting next_dagrun for tutorial_dag to None, run_after=None
[2025-03-31T19:09:06.071+0000] {processor.py:208} INFO - Processing /usr/local/python/3.12.1/lib/python3.12/site-packages/airflow/example_dags/tutorial_dag.py took 0.046 seconds
[2025-03-31T19:09:57.176+0000] {processor.py:186} INFO - Started process (PID=6967) to work on /usr/local/python/3.12.1/lib/python3.12/site-packages/airflow/example_dags/tutorial_dag.py
[2025-03-31T19:09:57.176+0000] {processor.py:914} INFO - Processing file /usr/local/python/3.12.1/lib/python3.12/site-packages/airflow/example_dags/tutorial_dag.py for tasks to queue
[2025-03-31T19:09:57.178+0000] {logging_mixin.py:190} INFO - [2025-03-31T19:09:57.177+0000] {dagbag.py:588} INFO - Filling up the DagBag from /usr/local/python/3.12.1/lib/python3.12/site-packages/airflow/example_dags/tutorial_dag.py
[2025-03-31T19:09:57.183+0000] {processor.py:925} INFO - DAG(s) 'tutorial_dag' retrieved from /usr/local/python/3.12.1/lib/python3.12/site-packages/airflow/example_dags/tutorial_dag.py
[2025-03-31T19:09:57.194+0000] {logging_mixin.py:190} INFO - [2025-03-31T19:09:57.194+0000] {dag.py:3239} INFO - Sync 1 DAGs
[2025-03-31T19:09:57.203+0000] {logging_mixin.py:190} INFO - [2025-03-31T19:09:57.203+0000] {dag.py:4180} INFO - Setting next_dagrun for tutorial_dag to None, run_after=None
[2025-03-31T19:09:57.218+0000] {processor.py:208} INFO - Processing /usr/local/python/3.12.1/lib/python3.12/site-packages/airflow/example_dags/tutorial_dag.py took 0.047 seconds
[2025-03-31T19:10:48.673+0000] {processor.py:186} INFO - Started process (PID=7367) to work on /usr/local/python/3.12.1/lib/python3.12/site-packages/airflow/example_dags/tutorial_dag.py
[2025-03-31T19:10:48.674+0000] {processor.py:914} INFO - Processing file /usr/local/python/3.12.1/lib/python3.12/site-packages/airflow/example_dags/tutorial_dag.py for tasks to queue
[2025-03-31T19:10:48.676+0000] {logging_mixin.py:190} INFO - [2025-03-31T19:10:48.675+0000] {dagbag.py:588} INFO - Filling up the DagBag from /usr/local/python/3.12.1/lib/python3.12/site-packages/airflow/example_dags/tutorial_dag.py
[2025-03-31T19:10:48.681+0000] {processor.py:925} INFO - DAG(s) 'tutorial_dag' retrieved from /usr/local/python/3.12.1/lib/python3.12/site-packages/airflow/example_dags/tutorial_dag.py
[2025-03-31T19:10:48.692+0000] {logging_mixin.py:190} INFO - [2025-03-31T19:10:48.691+0000] {dag.py:3239} INFO - Sync 1 DAGs
[2025-03-31T19:10:48.701+0000] {logging_mixin.py:190} INFO - [2025-03-31T19:10:48.701+0000] {dag.py:4180} INFO - Setting next_dagrun for tutorial_dag to None, run_after=None
[2025-03-31T19:10:48.715+0000] {processor.py:208} INFO - Processing /usr/local/python/3.12.1/lib/python3.12/site-packages/airflow/example_dags/tutorial_dag.py took 0.046 seconds
[2025-03-31T19:11:41.149+0000] {processor.py:186} INFO - Started process (PID=7780) to work on /usr/local/python/3.12.1/lib/python3.12/site-packages/airflow/example_dags/tutorial_dag.py
[2025-03-31T19:11:41.149+0000] {processor.py:914} INFO - Processing file /usr/local/python/3.12.1/lib/python3.12/site-packages/airflow/example_dags/tutorial_dag.py for tasks to queue
[2025-03-31T19:11:41.151+0000] {logging_mixin.py:190} INFO - [2025-03-31T19:11:41.151+0000] {dagbag.py:588} INFO - Filling up the DagBag from /usr/local/python/3.12.1/lib/python3.12/site-packages/airflow/example_dags/tutorial_dag.py
[2025-03-31T19:11:41.157+0000] {processor.py:925} INFO - DAG(s) 'tutorial_dag' retrieved from /usr/local/python/3.12.1/lib/python3.12/site-packages/airflow/example_dags/tutorial_dag.py
[2025-03-31T19:11:41.167+0000] {logging_mixin.py:190} INFO - [2025-03-31T19:11:41.167+0000] {dag.py:3239} INFO - Sync 1 DAGs
[2025-03-31T19:11:41.176+0000] {logging_mixin.py:190} INFO - [2025-03-31T19:11:41.176+0000] {dag.py:4180} INFO - Setting next_dagrun for tutorial_dag to None, run_after=None
[2025-03-31T19:11:41.191+0000] {processor.py:208} INFO - Processing /usr/local/python/3.12.1/lib/python3.12/site-packages/airflow/example_dags/tutorial_dag.py took 0.046 seconds
[2025-03-31T19:12:35.220+0000] {processor.py:186} INFO - Started process (PID=8196) to work on /usr/local/python/3.12.1/lib/python3.12/site-packages/airflow/example_dags/tutorial_dag.py
[2025-03-31T19:12:35.221+0000] {processor.py:914} INFO - Processing file /usr/local/python/3.12.1/lib/python3.12/site-packages/airflow/example_dags/tutorial_dag.py for tasks to queue
[2025-03-31T19:12:35.222+0000] {logging_mixin.py:190} INFO - [2025-03-31T19:12:35.222+0000] {dagbag.py:588} INFO - Filling up the DagBag from /usr/local/python/3.12.1/lib/python3.12/site-packages/airflow/example_dags/tutorial_dag.py
[2025-03-31T19:12:35.228+0000] {processor.py:925} INFO - DAG(s) 'tutorial_dag' retrieved from /usr/local/python/3.12.1/lib/python3.12/site-packages/airflow/example_dags/tutorial_dag.py
[2025-03-31T19:12:35.238+0000] {logging_mixin.py:190} INFO - [2025-03-31T19:12:35.238+0000] {dag.py:3239} INFO - Sync 1 DAGs
[2025-03-31T19:12:35.248+0000] {logging_mixin.py:190} INFO - [2025-03-31T19:12:35.248+0000] {dag.py:4180} INFO - Setting next_dagrun for tutorial_dag to None, run_after=None
[2025-03-31T19:12:35.262+0000] {processor.py:208} INFO - Processing /usr/local/python/3.12.1/lib/python3.12/site-packages/airflow/example_dags/tutorial_dag.py took 0.046 seconds
[2025-03-31T19:13:27.886+0000] {processor.py:186} INFO - Started process (PID=8609) to work on /usr/local/python/3.12.1/lib/python3.12/site-packages/airflow/example_dags/tutorial_dag.py
[2025-03-31T19:13:27.887+0000] {processor.py:914} INFO - Processing file /usr/local/python/3.12.1/lib/python3.12/site-packages/airflow/example_dags/tutorial_dag.py for tasks to queue
[2025-03-31T19:13:27.888+0000] {logging_mixin.py:190} INFO - [2025-03-31T19:13:27.888+0000] {dagbag.py:588} INFO - Filling up the DagBag from /usr/local/python/3.12.1/lib/python3.12/site-packages/airflow/example_dags/tutorial_dag.py
[2025-03-31T19:13:27.894+0000] {processor.py:925} INFO - DAG(s) 'tutorial_dag' retrieved from /usr/local/python/3.12.1/lib/python3.12/site-packages/airflow/example_dags/tutorial_dag.py
[2025-03-31T19:13:27.905+0000] {logging_mixin.py:190} INFO - [2025-03-31T19:13:27.905+0000] {dag.py:3239} INFO - Sync 1 DAGs
[2025-03-31T19:13:27.914+0000] {logging_mixin.py:190} INFO - [2025-03-31T19:13:27.914+0000] {dag.py:4180} INFO - Setting next_dagrun for tutorial_dag to None, run_after=None
[2025-03-31T19:13:27.929+0000] {processor.py:208} INFO - Processing /usr/local/python/3.12.1/lib/python3.12/site-packages/airflow/example_dags/tutorial_dag.py took 0.046 seconds
[2025-03-31T19:14:21.530+0000] {processor.py:186} INFO - Started process (PID=9045) to work on /usr/local/python/3.12.1/lib/python3.12/site-packages/airflow/example_dags/tutorial_dag.py
[2025-03-31T19:14:21.531+0000] {processor.py:914} INFO - Processing file /usr/local/python/3.12.1/lib/python3.12/site-packages/airflow/example_dags/tutorial_dag.py for tasks to queue
[2025-03-31T19:14:21.532+0000] {logging_mixin.py:190} INFO - [2025-03-31T19:14:21.532+0000] {dagbag.py:588} INFO - Filling up the DagBag from /usr/local/python/3.12.1/lib/python3.12/site-packages/airflow/example_dags/tutorial_dag.py
[2025-03-31T19:14:21.538+0000] {processor.py:925} INFO - DAG(s) 'tutorial_dag' retrieved from /usr/local/python/3.12.1/lib/python3.12/site-packages/airflow/example_dags/tutorial_dag.py
[2025-03-31T19:14:21.549+0000] {logging_mixin.py:190} INFO - [2025-03-31T19:14:21.549+0000] {dag.py:3239} INFO - Sync 1 DAGs
[2025-03-31T19:14:21.558+0000] {logging_mixin.py:190} INFO - [2025-03-31T19:14:21.558+0000] {dag.py:4180} INFO - Setting next_dagrun for tutorial_dag to None, run_after=None
[2025-03-31T19:14:21.572+0000] {processor.py:208} INFO - Processing /usr/local/python/3.12.1/lib/python3.12/site-packages/airflow/example_dags/tutorial_dag.py took 0.046 seconds
[2025-03-31T19:15:11.777+0000] {processor.py:186} INFO - Started process (PID=9442) to work on /usr/local/python/3.12.1/lib/python3.12/site-packages/airflow/example_dags/tutorial_dag.py
[2025-03-31T19:15:11.778+0000] {processor.py:914} INFO - Processing file /usr/local/python/3.12.1/lib/python3.12/site-packages/airflow/example_dags/tutorial_dag.py for tasks to queue
[2025-03-31T19:15:11.779+0000] {logging_mixin.py:190} INFO - [2025-03-31T19:15:11.779+0000] {dagbag.py:588} INFO - Filling up the DagBag from /usr/local/python/3.12.1/lib/python3.12/site-packages/airflow/example_dags/tutorial_dag.py
[2025-03-31T19:15:11.785+0000] {processor.py:925} INFO - DAG(s) 'tutorial_dag' retrieved from /usr/local/python/3.12.1/lib/python3.12/site-packages/airflow/example_dags/tutorial_dag.py
[2025-03-31T19:15:11.795+0000] {logging_mixin.py:190} INFO - [2025-03-31T19:15:11.795+0000] {dag.py:3239} INFO - Sync 1 DAGs
[2025-03-31T19:15:11.804+0000] {logging_mixin.py:190} INFO - [2025-03-31T19:15:11.804+0000] {dag.py:4180} INFO - Setting next_dagrun for tutorial_dag to None, run_after=None
[2025-03-31T19:15:11.818+0000] {processor.py:208} INFO - Processing /usr/local/python/3.12.1/lib/python3.12/site-packages/airflow/example_dags/tutorial_dag.py took 0.046 seconds
[2025-03-31T19:16:00.872+0000] {processor.py:186} INFO - Started process (PID=9833) to work on /usr/local/python/3.12.1/lib/python3.12/site-packages/airflow/example_dags/tutorial_dag.py
[2025-03-31T19:16:00.872+0000] {processor.py:914} INFO - Processing file /usr/local/python/3.12.1/lib/python3.12/site-packages/airflow/example_dags/tutorial_dag.py for tasks to queue
[2025-03-31T19:16:00.873+0000] {logging_mixin.py:190} INFO - [2025-03-31T19:16:00.873+0000] {dagbag.py:588} INFO - Filling up the DagBag from /usr/local/python/3.12.1/lib/python3.12/site-packages/airflow/example_dags/tutorial_dag.py
[2025-03-31T19:16:00.879+0000] {processor.py:925} INFO - DAG(s) 'tutorial_dag' retrieved from /usr/local/python/3.12.1/lib/python3.12/site-packages/airflow/example_dags/tutorial_dag.py
[2025-03-31T19:16:00.889+0000] {logging_mixin.py:190} INFO - [2025-03-31T19:16:00.889+0000] {dag.py:3239} INFO - Sync 1 DAGs
[2025-03-31T19:16:00.899+0000] {logging_mixin.py:190} INFO - [2025-03-31T19:16:00.899+0000] {dag.py:4180} INFO - Setting next_dagrun for tutorial_dag to None, run_after=None
[2025-03-31T19:16:00.913+0000] {processor.py:208} INFO - Processing /usr/local/python/3.12.1/lib/python3.12/site-packages/airflow/example_dags/tutorial_dag.py took 0.046 seconds
[2025-03-31T19:16:55.894+0000] {processor.py:186} INFO - Started process (PID=10254) to work on /usr/local/python/3.12.1/lib/python3.12/site-packages/airflow/example_dags/tutorial_dag.py
[2025-03-31T19:16:55.895+0000] {processor.py:914} INFO - Processing file /usr/local/python/3.12.1/lib/python3.12/site-packages/airflow/example_dags/tutorial_dag.py for tasks to queue
[2025-03-31T19:16:55.896+0000] {logging_mixin.py:190} INFO - [2025-03-31T19:16:55.896+0000] {dagbag.py:588} INFO - Filling up the DagBag from /usr/local/python/3.12.1/lib/python3.12/site-packages/airflow/example_dags/tutorial_dag.py
[2025-03-31T19:16:55.902+0000] {processor.py:925} INFO - DAG(s) 'tutorial_dag' retrieved from /usr/local/python/3.12.1/lib/python3.12/site-packages/airflow/example_dags/tutorial_dag.py
[2025-03-31T19:16:55.913+0000] {logging_mixin.py:190} INFO - [2025-03-31T19:16:55.913+0000] {dag.py:3239} INFO - Sync 1 DAGs
[2025-03-31T19:16:55.923+0000] {logging_mixin.py:190} INFO - [2025-03-31T19:16:55.922+0000] {dag.py:4180} INFO - Setting next_dagrun for tutorial_dag to None, run_after=None
[2025-03-31T19:16:55.938+0000] {processor.py:208} INFO - Processing /usr/local/python/3.12.1/lib/python3.12/site-packages/airflow/example_dags/tutorial_dag.py took 0.048 seconds
[2025-03-31T19:17:53.336+0000] {processor.py:186} INFO - Started process (PID=10740) to work on /usr/local/python/3.12.1/lib/python3.12/site-packages/airflow/example_dags/tutorial_dag.py
[2025-03-31T19:17:53.337+0000] {processor.py:914} INFO - Processing file /usr/local/python/3.12.1/lib/python3.12/site-packages/airflow/example_dags/tutorial_dag.py for tasks to queue
[2025-03-31T19:17:53.338+0000] {logging_mixin.py:190} INFO - [2025-03-31T19:17:53.338+0000] {dagbag.py:588} INFO - Filling up the DagBag from /usr/local/python/3.12.1/lib/python3.12/site-packages/airflow/example_dags/tutorial_dag.py
[2025-03-31T19:17:53.344+0000] {processor.py:925} INFO - DAG(s) 'tutorial_dag' retrieved from /usr/local/python/3.12.1/lib/python3.12/site-packages/airflow/example_dags/tutorial_dag.py
[2025-03-31T19:17:53.355+0000] {logging_mixin.py:190} INFO - [2025-03-31T19:17:53.354+0000] {dag.py:3239} INFO - Sync 1 DAGs
[2025-03-31T19:17:53.364+0000] {logging_mixin.py:190} INFO - [2025-03-31T19:17:53.364+0000] {dag.py:4180} INFO - Setting next_dagrun for tutorial_dag to None, run_after=None
[2025-03-31T19:17:53.378+0000] {processor.py:208} INFO - Processing /usr/local/python/3.12.1/lib/python3.12/site-packages/airflow/example_dags/tutorial_dag.py took 0.046 seconds
[2025-03-31T19:18:46.886+0000] {processor.py:186} INFO - Started process (PID=11206) to work on /usr/local/python/3.12.1/lib/python3.12/site-packages/airflow/example_dags/tutorial_dag.py
[2025-03-31T19:18:46.886+0000] {processor.py:914} INFO - Processing file /usr/local/python/3.12.1/lib/python3.12/site-packages/airflow/example_dags/tutorial_dag.py for tasks to queue
[2025-03-31T19:18:46.888+0000] {logging_mixin.py:190} INFO - [2025-03-31T19:18:46.888+0000] {dagbag.py:588} INFO - Filling up the DagBag from /usr/local/python/3.12.1/lib/python3.12/site-packages/airflow/example_dags/tutorial_dag.py
[2025-03-31T19:18:46.894+0000] {processor.py:925} INFO - DAG(s) 'tutorial_dag' retrieved from /usr/local/python/3.12.1/lib/python3.12/site-packages/airflow/example_dags/tutorial_dag.py
[2025-03-31T19:18:46.904+0000] {logging_mixin.py:190} INFO - [2025-03-31T19:18:46.904+0000] {dag.py:3239} INFO - Sync 1 DAGs
[2025-03-31T19:18:46.913+0000] {logging_mixin.py:190} INFO - [2025-03-31T19:18:46.913+0000] {dag.py:4180} INFO - Setting next_dagrun for tutorial_dag to None, run_after=None
[2025-03-31T19:18:46.928+0000] {processor.py:208} INFO - Processing /usr/local/python/3.12.1/lib/python3.12/site-packages/airflow/example_dags/tutorial_dag.py took 0.046 seconds
[2025-03-31T19:19:38.835+0000] {processor.py:186} INFO - Started process (PID=11702) to work on /usr/local/python/3.12.1/lib/python3.12/site-packages/airflow/example_dags/tutorial_dag.py
[2025-03-31T19:19:38.836+0000] {processor.py:914} INFO - Processing file /usr/local/python/3.12.1/lib/python3.12/site-packages/airflow/example_dags/tutorial_dag.py for tasks to queue
[2025-03-31T19:19:38.837+0000] {logging_mixin.py:190} INFO - [2025-03-31T19:19:38.837+0000] {dagbag.py:588} INFO - Filling up the DagBag from /usr/local/python/3.12.1/lib/python3.12/site-packages/airflow/example_dags/tutorial_dag.py
[2025-03-31T19:19:38.843+0000] {processor.py:925} INFO - DAG(s) 'tutorial_dag' retrieved from /usr/local/python/3.12.1/lib/python3.12/site-packages/airflow/example_dags/tutorial_dag.py
[2025-03-31T19:19:38.853+0000] {logging_mixin.py:190} INFO - [2025-03-31T19:19:38.853+0000] {dag.py:3239} INFO - Sync 1 DAGs
[2025-03-31T19:19:38.863+0000] {logging_mixin.py:190} INFO - [2025-03-31T19:19:38.862+0000] {dag.py:4180} INFO - Setting next_dagrun for tutorial_dag to None, run_after=None
[2025-03-31T19:19:38.877+0000] {processor.py:208} INFO - Processing /usr/local/python/3.12.1/lib/python3.12/site-packages/airflow/example_dags/tutorial_dag.py took 0.046 seconds
[2025-03-31T19:20:30.641+0000] {processor.py:186} INFO - Started process (PID=12149) to work on /usr/local/python/3.12.1/lib/python3.12/site-packages/airflow/example_dags/tutorial_dag.py
[2025-03-31T19:20:30.641+0000] {processor.py:914} INFO - Processing file /usr/local/python/3.12.1/lib/python3.12/site-packages/airflow/example_dags/tutorial_dag.py for tasks to queue
[2025-03-31T19:20:30.643+0000] {logging_mixin.py:190} INFO - [2025-03-31T19:20:30.643+0000] {dagbag.py:588} INFO - Filling up the DagBag from /usr/local/python/3.12.1/lib/python3.12/site-packages/airflow/example_dags/tutorial_dag.py
[2025-03-31T19:20:30.649+0000] {processor.py:925} INFO - DAG(s) 'tutorial_dag' retrieved from /usr/local/python/3.12.1/lib/python3.12/site-packages/airflow/example_dags/tutorial_dag.py
[2025-03-31T19:20:30.659+0000] {logging_mixin.py:190} INFO - [2025-03-31T19:20:30.659+0000] {dag.py:3239} INFO - Sync 1 DAGs
[2025-03-31T19:20:30.669+0000] {logging_mixin.py:190} INFO - [2025-03-31T19:20:30.668+0000] {dag.py:4180} INFO - Setting next_dagrun for tutorial_dag to None, run_after=None
[2025-03-31T19:20:30.683+0000] {processor.py:208} INFO - Processing /usr/local/python/3.12.1/lib/python3.12/site-packages/airflow/example_dags/tutorial_dag.py took 0.046 seconds
[2025-03-31T19:21:20.448+0000] {processor.py:186} INFO - Started process (PID=12690) to work on /usr/local/python/3.12.1/lib/python3.12/site-packages/airflow/example_dags/tutorial_dag.py
[2025-03-31T19:21:20.449+0000] {processor.py:914} INFO - Processing file /usr/local/python/3.12.1/lib/python3.12/site-packages/airflow/example_dags/tutorial_dag.py for tasks to queue
[2025-03-31T19:21:20.450+0000] {logging_mixin.py:190} INFO - [2025-03-31T19:21:20.450+0000] {dagbag.py:588} INFO - Filling up the DagBag from /usr/local/python/3.12.1/lib/python3.12/site-packages/airflow/example_dags/tutorial_dag.py
[2025-03-31T19:21:20.456+0000] {processor.py:925} INFO - DAG(s) 'tutorial_dag' retrieved from /usr/local/python/3.12.1/lib/python3.12/site-packages/airflow/example_dags/tutorial_dag.py
[2025-03-31T19:21:20.466+0000] {logging_mixin.py:190} INFO - [2025-03-31T19:21:20.466+0000] {dag.py:3239} INFO - Sync 1 DAGs
[2025-03-31T19:21:20.476+0000] {logging_mixin.py:190} INFO - [2025-03-31T19:21:20.476+0000] {dag.py:4180} INFO - Setting next_dagrun for tutorial_dag to None, run_after=None
[2025-03-31T19:21:20.491+0000] {processor.py:208} INFO - Processing /usr/local/python/3.12.1/lib/python3.12/site-packages/airflow/example_dags/tutorial_dag.py took 0.047 seconds
[2025-03-31T19:22:12.976+0000] {processor.py:186} INFO - Started process (PID=13159) to work on /usr/local/python/3.12.1/lib/python3.12/site-packages/airflow/example_dags/tutorial_dag.py
[2025-03-31T19:22:12.977+0000] {processor.py:914} INFO - Processing file /usr/local/python/3.12.1/lib/python3.12/site-packages/airflow/example_dags/tutorial_dag.py for tasks to queue
[2025-03-31T19:22:12.978+0000] {logging_mixin.py:190} INFO - [2025-03-31T19:22:12.978+0000] {dagbag.py:588} INFO - Filling up the DagBag from /usr/local/python/3.12.1/lib/python3.12/site-packages/airflow/example_dags/tutorial_dag.py
[2025-03-31T19:22:12.984+0000] {processor.py:925} INFO - DAG(s) 'tutorial_dag' retrieved from /usr/local/python/3.12.1/lib/python3.12/site-packages/airflow/example_dags/tutorial_dag.py
[2025-03-31T19:22:12.994+0000] {logging_mixin.py:190} INFO - [2025-03-31T19:22:12.994+0000] {dag.py:3239} INFO - Sync 1 DAGs
[2025-03-31T19:22:13.004+0000] {logging_mixin.py:190} INFO - [2025-03-31T19:22:13.004+0000] {dag.py:4180} INFO - Setting next_dagrun for tutorial_dag to None, run_after=None
[2025-03-31T19:22:13.018+0000] {processor.py:208} INFO - Processing /usr/local/python/3.12.1/lib/python3.12/site-packages/airflow/example_dags/tutorial_dag.py took 0.046 seconds
[2025-03-31T19:23:06.294+0000] {processor.py:186} INFO - Started process (PID=13584) to work on /usr/local/python/3.12.1/lib/python3.12/site-packages/airflow/example_dags/tutorial_dag.py
[2025-03-31T19:23:06.295+0000] {processor.py:914} INFO - Processing file /usr/local/python/3.12.1/lib/python3.12/site-packages/airflow/example_dags/tutorial_dag.py for tasks to queue
[2025-03-31T19:23:06.296+0000] {logging_mixin.py:190} INFO - [2025-03-31T19:23:06.296+0000] {dagbag.py:588} INFO - Filling up the DagBag from /usr/local/python/3.12.1/lib/python3.12/site-packages/airflow/example_dags/tutorial_dag.py
[2025-03-31T19:23:06.302+0000] {processor.py:925} INFO - DAG(s) 'tutorial_dag' retrieved from /usr/local/python/3.12.1/lib/python3.12/site-packages/airflow/example_dags/tutorial_dag.py
[2025-03-31T19:23:06.313+0000] {logging_mixin.py:190} INFO - [2025-03-31T19:23:06.313+0000] {dag.py:3239} INFO - Sync 1 DAGs
[2025-03-31T19:23:06.322+0000] {logging_mixin.py:190} INFO - [2025-03-31T19:23:06.322+0000] {dag.py:4180} INFO - Setting next_dagrun for tutorial_dag to None, run_after=None
[2025-03-31T19:23:06.337+0000] {processor.py:208} INFO - Processing /usr/local/python/3.12.1/lib/python3.12/site-packages/airflow/example_dags/tutorial_dag.py took 0.047 seconds
[2025-03-31T19:23:57.188+0000] {processor.py:186} INFO - Started process (PID=13982) to work on /usr/local/python/3.12.1/lib/python3.12/site-packages/airflow/example_dags/tutorial_dag.py
[2025-03-31T19:23:57.189+0000] {processor.py:914} INFO - Processing file /usr/local/python/3.12.1/lib/python3.12/site-packages/airflow/example_dags/tutorial_dag.py for tasks to queue
[2025-03-31T19:23:57.190+0000] {logging_mixin.py:190} INFO - [2025-03-31T19:23:57.190+0000] {dagbag.py:588} INFO - Filling up the DagBag from /usr/local/python/3.12.1/lib/python3.12/site-packages/airflow/example_dags/tutorial_dag.py
[2025-03-31T19:23:57.196+0000] {processor.py:925} INFO - DAG(s) 'tutorial_dag' retrieved from /usr/local/python/3.12.1/lib/python3.12/site-packages/airflow/example_dags/tutorial_dag.py
[2025-03-31T19:23:57.206+0000] {logging_mixin.py:190} INFO - [2025-03-31T19:23:57.206+0000] {dag.py:3239} INFO - Sync 1 DAGs
[2025-03-31T19:23:57.216+0000] {logging_mixin.py:190} INFO - [2025-03-31T19:23:57.216+0000] {dag.py:4180} INFO - Setting next_dagrun for tutorial_dag to None, run_after=None
[2025-03-31T19:23:57.230+0000] {processor.py:208} INFO - Processing /usr/local/python/3.12.1/lib/python3.12/site-packages/airflow/example_dags/tutorial_dag.py took 0.046 seconds
[2025-03-31T19:24:49.931+0000] {processor.py:186} INFO - Started process (PID=14422) to work on /usr/local/python/3.12.1/lib/python3.12/site-packages/airflow/example_dags/tutorial_dag.py
[2025-03-31T19:24:49.931+0000] {processor.py:914} INFO - Processing file /usr/local/python/3.12.1/lib/python3.12/site-packages/airflow/example_dags/tutorial_dag.py for tasks to queue
[2025-03-31T19:24:49.933+0000] {logging_mixin.py:190} INFO - [2025-03-31T19:24:49.933+0000] {dagbag.py:588} INFO - Filling up the DagBag from /usr/local/python/3.12.1/lib/python3.12/site-packages/airflow/example_dags/tutorial_dag.py
[2025-03-31T19:24:49.938+0000] {processor.py:925} INFO - DAG(s) 'tutorial_dag' retrieved from /usr/local/python/3.12.1/lib/python3.12/site-packages/airflow/example_dags/tutorial_dag.py
[2025-03-31T19:24:49.949+0000] {logging_mixin.py:190} INFO - [2025-03-31T19:24:49.949+0000] {dag.py:3239} INFO - Sync 1 DAGs
[2025-03-31T19:24:49.959+0000] {logging_mixin.py:190} INFO - [2025-03-31T19:24:49.958+0000] {dag.py:4180} INFO - Setting next_dagrun for tutorial_dag to None, run_after=None
[2025-03-31T19:24:49.973+0000] {processor.py:208} INFO - Processing /usr/local/python/3.12.1/lib/python3.12/site-packages/airflow/example_dags/tutorial_dag.py took 0.046 seconds
[2025-03-31T19:25:42.459+0000] {processor.py:186} INFO - Started process (PID=14853) to work on /usr/local/python/3.12.1/lib/python3.12/site-packages/airflow/example_dags/tutorial_dag.py
[2025-03-31T19:25:42.460+0000] {processor.py:914} INFO - Processing file /usr/local/python/3.12.1/lib/python3.12/site-packages/airflow/example_dags/tutorial_dag.py for tasks to queue
[2025-03-31T19:25:42.461+0000] {logging_mixin.py:190} INFO - [2025-03-31T19:25:42.461+0000] {dagbag.py:588} INFO - Filling up the DagBag from /usr/local/python/3.12.1/lib/python3.12/site-packages/airflow/example_dags/tutorial_dag.py
[2025-03-31T19:25:42.467+0000] {processor.py:925} INFO - DAG(s) 'tutorial_dag' retrieved from /usr/local/python/3.12.1/lib/python3.12/site-packages/airflow/example_dags/tutorial_dag.py
[2025-03-31T19:25:42.477+0000] {logging_mixin.py:190} INFO - [2025-03-31T19:25:42.477+0000] {dag.py:3239} INFO - Sync 1 DAGs
[2025-03-31T19:25:42.487+0000] {logging_mixin.py:190} INFO - [2025-03-31T19:25:42.487+0000] {dag.py:4180} INFO - Setting next_dagrun for tutorial_dag to None, run_after=None
[2025-03-31T19:25:42.501+0000] {processor.py:208} INFO - Processing /usr/local/python/3.12.1/lib/python3.12/site-packages/airflow/example_dags/tutorial_dag.py took 0.046 seconds
[2025-03-31T19:26:35.836+0000] {processor.py:186} INFO - Started process (PID=15317) to work on /usr/local/python/3.12.1/lib/python3.12/site-packages/airflow/example_dags/tutorial_dag.py
[2025-03-31T19:26:35.837+0000] {processor.py:914} INFO - Processing file /usr/local/python/3.12.1/lib/python3.12/site-packages/airflow/example_dags/tutorial_dag.py for tasks to queue
[2025-03-31T19:26:35.838+0000] {logging_mixin.py:190} INFO - [2025-03-31T19:26:35.838+0000] {dagbag.py:588} INFO - Filling up the DagBag from /usr/local/python/3.12.1/lib/python3.12/site-packages/airflow/example_dags/tutorial_dag.py
[2025-03-31T19:26:35.844+0000] {processor.py:925} INFO - DAG(s) 'tutorial_dag' retrieved from /usr/local/python/3.12.1/lib/python3.12/site-packages/airflow/example_dags/tutorial_dag.py
[2025-03-31T19:26:35.854+0000] {logging_mixin.py:190} INFO - [2025-03-31T19:26:35.854+0000] {dag.py:3239} INFO - Sync 1 DAGs
[2025-03-31T19:26:35.863+0000] {logging_mixin.py:190} INFO - [2025-03-31T19:26:35.863+0000] {dag.py:4180} INFO - Setting next_dagrun for tutorial_dag to None, run_after=None
[2025-03-31T19:26:35.877+0000] {processor.py:208} INFO - Processing /usr/local/python/3.12.1/lib/python3.12/site-packages/airflow/example_dags/tutorial_dag.py took 0.045 seconds
[2025-03-31T19:27:26.201+0000] {processor.py:186} INFO - Started process (PID=15745) to work on /usr/local/python/3.12.1/lib/python3.12/site-packages/airflow/example_dags/tutorial_dag.py
[2025-03-31T19:27:26.202+0000] {processor.py:914} INFO - Processing file /usr/local/python/3.12.1/lib/python3.12/site-packages/airflow/example_dags/tutorial_dag.py for tasks to queue
[2025-03-31T19:27:26.203+0000] {logging_mixin.py:190} INFO - [2025-03-31T19:27:26.203+0000] {dagbag.py:588} INFO - Filling up the DagBag from /usr/local/python/3.12.1/lib/python3.12/site-packages/airflow/example_dags/tutorial_dag.py
[2025-03-31T19:27:26.209+0000] {processor.py:925} INFO - DAG(s) 'tutorial_dag' retrieved from /usr/local/python/3.12.1/lib/python3.12/site-packages/airflow/example_dags/tutorial_dag.py
[2025-03-31T19:27:26.219+0000] {logging_mixin.py:190} INFO - [2025-03-31T19:27:26.219+0000] {dag.py:3239} INFO - Sync 1 DAGs
[2025-03-31T19:27:26.228+0000] {logging_mixin.py:190} INFO - [2025-03-31T19:27:26.228+0000] {dag.py:4180} INFO - Setting next_dagrun for tutorial_dag to None, run_after=None
[2025-03-31T19:27:26.243+0000] {processor.py:208} INFO - Processing /usr/local/python/3.12.1/lib/python3.12/site-packages/airflow/example_dags/tutorial_dag.py took 0.046 seconds
[2025-03-31T19:28:17.483+0000] {processor.py:186} INFO - Started process (PID=16177) to work on /usr/local/python/3.12.1/lib/python3.12/site-packages/airflow/example_dags/tutorial_dag.py
[2025-03-31T19:28:17.484+0000] {processor.py:914} INFO - Processing file /usr/local/python/3.12.1/lib/python3.12/site-packages/airflow/example_dags/tutorial_dag.py for tasks to queue
[2025-03-31T19:28:17.485+0000] {logging_mixin.py:190} INFO - [2025-03-31T19:28:17.485+0000] {dagbag.py:588} INFO - Filling up the DagBag from /usr/local/python/3.12.1/lib/python3.12/site-packages/airflow/example_dags/tutorial_dag.py
[2025-03-31T19:28:17.491+0000] {processor.py:925} INFO - DAG(s) 'tutorial_dag' retrieved from /usr/local/python/3.12.1/lib/python3.12/site-packages/airflow/example_dags/tutorial_dag.py
[2025-03-31T19:28:17.501+0000] {logging_mixin.py:190} INFO - [2025-03-31T19:28:17.501+0000] {dag.py:3239} INFO - Sync 1 DAGs
[2025-03-31T19:28:17.511+0000] {logging_mixin.py:190} INFO - [2025-03-31T19:28:17.511+0000] {dag.py:4180} INFO - Setting next_dagrun for tutorial_dag to None, run_after=None
[2025-03-31T19:28:17.526+0000] {processor.py:208} INFO - Processing /usr/local/python/3.12.1/lib/python3.12/site-packages/airflow/example_dags/tutorial_dag.py took 0.046 seconds
[2025-03-31T19:28:55.943+0000] {processor.py:186} INFO - Started process (PID=16622) to work on /usr/local/python/3.12.1/lib/python3.12/site-packages/airflow/example_dags/tutorial_dag.py
[2025-03-31T19:28:55.944+0000] {processor.py:914} INFO - Processing file /usr/local/python/3.12.1/lib/python3.12/site-packages/airflow/example_dags/tutorial_dag.py for tasks to queue
[2025-03-31T19:28:55.945+0000] {logging_mixin.py:190} INFO - [2025-03-31T19:28:55.945+0000] {dagbag.py:588} INFO - Filling up the DagBag from /usr/local/python/3.12.1/lib/python3.12/site-packages/airflow/example_dags/tutorial_dag.py
[2025-03-31T19:28:55.951+0000] {processor.py:925} INFO - DAG(s) 'tutorial_dag' retrieved from /usr/local/python/3.12.1/lib/python3.12/site-packages/airflow/example_dags/tutorial_dag.py
[2025-03-31T19:28:55.966+0000] {logging_mixin.py:190} INFO - [2025-03-31T19:28:55.966+0000] {dag.py:3239} INFO - Sync 1 DAGs
[2025-03-31T19:28:55.976+0000] {logging_mixin.py:190} INFO - [2025-03-31T19:28:55.976+0000] {dag.py:4180} INFO - Setting next_dagrun for tutorial_dag to None, run_after=None
[2025-03-31T19:28:55.990+0000] {processor.py:208} INFO - Processing /usr/local/python/3.12.1/lib/python3.12/site-packages/airflow/example_dags/tutorial_dag.py took 0.051 seconds
[2025-03-31T19:29:53.228+0000] {processor.py:186} INFO - Started process (PID=17079) to work on /usr/local/python/3.12.1/lib/python3.12/site-packages/airflow/example_dags/tutorial_dag.py
[2025-03-31T19:29:53.229+0000] {processor.py:914} INFO - Processing file /usr/local/python/3.12.1/lib/python3.12/site-packages/airflow/example_dags/tutorial_dag.py for tasks to queue
[2025-03-31T19:29:53.230+0000] {logging_mixin.py:190} INFO - [2025-03-31T19:29:53.230+0000] {dagbag.py:588} INFO - Filling up the DagBag from /usr/local/python/3.12.1/lib/python3.12/site-packages/airflow/example_dags/tutorial_dag.py
[2025-03-31T19:29:53.236+0000] {processor.py:925} INFO - DAG(s) 'tutorial_dag' retrieved from /usr/local/python/3.12.1/lib/python3.12/site-packages/airflow/example_dags/tutorial_dag.py
[2025-03-31T19:29:53.247+0000] {logging_mixin.py:190} INFO - [2025-03-31T19:29:53.246+0000] {dag.py:3239} INFO - Sync 1 DAGs
[2025-03-31T19:29:53.256+0000] {logging_mixin.py:190} INFO - [2025-03-31T19:29:53.256+0000] {dag.py:4180} INFO - Setting next_dagrun for tutorial_dag to None, run_after=None
[2025-03-31T19:29:53.270+0000] {processor.py:208} INFO - Processing /usr/local/python/3.12.1/lib/python3.12/site-packages/airflow/example_dags/tutorial_dag.py took 0.046 seconds
[2025-03-31T19:30:50.153+0000] {processor.py:186} INFO - Started process (PID=17520) to work on /usr/local/python/3.12.1/lib/python3.12/site-packages/airflow/example_dags/tutorial_dag.py
[2025-03-31T19:30:50.154+0000] {processor.py:914} INFO - Processing file /usr/local/python/3.12.1/lib/python3.12/site-packages/airflow/example_dags/tutorial_dag.py for tasks to queue
[2025-03-31T19:30:50.155+0000] {logging_mixin.py:190} INFO - [2025-03-31T19:30:50.155+0000] {dagbag.py:588} INFO - Filling up the DagBag from /usr/local/python/3.12.1/lib/python3.12/site-packages/airflow/example_dags/tutorial_dag.py
[2025-03-31T19:30:50.161+0000] {processor.py:925} INFO - DAG(s) 'tutorial_dag' retrieved from /usr/local/python/3.12.1/lib/python3.12/site-packages/airflow/example_dags/tutorial_dag.py
[2025-03-31T19:30:50.171+0000] {logging_mixin.py:190} INFO - [2025-03-31T19:30:50.171+0000] {dag.py:3239} INFO - Sync 1 DAGs
[2025-03-31T19:30:50.180+0000] {logging_mixin.py:190} INFO - [2025-03-31T19:30:50.180+0000] {dag.py:4180} INFO - Setting next_dagrun for tutorial_dag to None, run_after=None
[2025-03-31T19:30:50.195+0000] {processor.py:208} INFO - Processing /usr/local/python/3.12.1/lib/python3.12/site-packages/airflow/example_dags/tutorial_dag.py took 0.045 seconds
[2025-03-31T19:31:45.781+0000] {processor.py:186} INFO - Started process (PID=17969) to work on /usr/local/python/3.12.1/lib/python3.12/site-packages/airflow/example_dags/tutorial_dag.py
[2025-03-31T19:31:45.782+0000] {processor.py:914} INFO - Processing file /usr/local/python/3.12.1/lib/python3.12/site-packages/airflow/example_dags/tutorial_dag.py for tasks to queue
[2025-03-31T19:31:45.783+0000] {logging_mixin.py:190} INFO - [2025-03-31T19:31:45.783+0000] {dagbag.py:588} INFO - Filling up the DagBag from /usr/local/python/3.12.1/lib/python3.12/site-packages/airflow/example_dags/tutorial_dag.py
[2025-03-31T19:31:45.788+0000] {processor.py:925} INFO - DAG(s) 'tutorial_dag' retrieved from /usr/local/python/3.12.1/lib/python3.12/site-packages/airflow/example_dags/tutorial_dag.py
[2025-03-31T19:31:45.799+0000] {logging_mixin.py:190} INFO - [2025-03-31T19:31:45.799+0000] {dag.py:3239} INFO - Sync 1 DAGs
[2025-03-31T19:31:45.808+0000] {logging_mixin.py:190} INFO - [2025-03-31T19:31:45.808+0000] {dag.py:4180} INFO - Setting next_dagrun for tutorial_dag to None, run_after=None
[2025-03-31T19:31:45.822+0000] {processor.py:208} INFO - Processing /usr/local/python/3.12.1/lib/python3.12/site-packages/airflow/example_dags/tutorial_dag.py took 0.045 seconds
[2025-03-31T19:32:42.437+0000] {processor.py:186} INFO - Started process (PID=18416) to work on /usr/local/python/3.12.1/lib/python3.12/site-packages/airflow/example_dags/tutorial_dag.py
[2025-03-31T19:32:42.439+0000] {processor.py:914} INFO - Processing file /usr/local/python/3.12.1/lib/python3.12/site-packages/airflow/example_dags/tutorial_dag.py for tasks to queue
[2025-03-31T19:32:42.441+0000] {logging_mixin.py:190} INFO - [2025-03-31T19:32:42.441+0000] {dagbag.py:588} INFO - Filling up the DagBag from /usr/local/python/3.12.1/lib/python3.12/site-packages/airflow/example_dags/tutorial_dag.py
[2025-03-31T19:32:42.448+0000] {processor.py:925} INFO - DAG(s) 'tutorial_dag' retrieved from /usr/local/python/3.12.1/lib/python3.12/site-packages/airflow/example_dags/tutorial_dag.py
[2025-03-31T19:32:42.458+0000] {logging_mixin.py:190} INFO - [2025-03-31T19:32:42.458+0000] {dag.py:3239} INFO - Sync 1 DAGs
[2025-03-31T19:32:42.468+0000] {logging_mixin.py:190} INFO - [2025-03-31T19:32:42.468+0000] {dag.py:4180} INFO - Setting next_dagrun for tutorial_dag to None, run_after=None
[2025-03-31T19:32:42.482+0000] {processor.py:208} INFO - Processing /usr/local/python/3.12.1/lib/python3.12/site-packages/airflow/example_dags/tutorial_dag.py took 0.049 seconds
[2025-03-31T19:33:39.793+0000] {processor.py:186} INFO - Started process (PID=18880) to work on /usr/local/python/3.12.1/lib/python3.12/site-packages/airflow/example_dags/tutorial_dag.py
[2025-03-31T19:33:39.794+0000] {processor.py:914} INFO - Processing file /usr/local/python/3.12.1/lib/python3.12/site-packages/airflow/example_dags/tutorial_dag.py for tasks to queue
[2025-03-31T19:33:39.795+0000] {logging_mixin.py:190} INFO - [2025-03-31T19:33:39.795+0000] {dagbag.py:588} INFO - Filling up the DagBag from /usr/local/python/3.12.1/lib/python3.12/site-packages/airflow/example_dags/tutorial_dag.py
[2025-03-31T19:33:39.801+0000] {processor.py:925} INFO - DAG(s) 'tutorial_dag' retrieved from /usr/local/python/3.12.1/lib/python3.12/site-packages/airflow/example_dags/tutorial_dag.py
[2025-03-31T19:33:39.811+0000] {logging_mixin.py:190} INFO - [2025-03-31T19:33:39.811+0000] {dag.py:3239} INFO - Sync 1 DAGs
[2025-03-31T19:33:39.820+0000] {logging_mixin.py:190} INFO - [2025-03-31T19:33:39.820+0000] {dag.py:4180} INFO - Setting next_dagrun for tutorial_dag to None, run_after=None
[2025-03-31T19:33:39.835+0000] {processor.py:208} INFO - Processing /usr/local/python/3.12.1/lib/python3.12/site-packages/airflow/example_dags/tutorial_dag.py took 0.046 seconds
[2025-03-31T19:34:38.628+0000] {processor.py:186} INFO - Started process (PID=19382) to work on /usr/local/python/3.12.1/lib/python3.12/site-packages/airflow/example_dags/tutorial_dag.py
[2025-03-31T19:34:38.629+0000] {processor.py:914} INFO - Processing file /usr/local/python/3.12.1/lib/python3.12/site-packages/airflow/example_dags/tutorial_dag.py for tasks to queue
[2025-03-31T19:34:38.630+0000] {logging_mixin.py:190} INFO - [2025-03-31T19:34:38.630+0000] {dagbag.py:588} INFO - Filling up the DagBag from /usr/local/python/3.12.1/lib/python3.12/site-packages/airflow/example_dags/tutorial_dag.py
[2025-03-31T19:34:38.636+0000] {processor.py:925} INFO - DAG(s) 'tutorial_dag' retrieved from /usr/local/python/3.12.1/lib/python3.12/site-packages/airflow/example_dags/tutorial_dag.py
[2025-03-31T19:34:38.648+0000] {logging_mixin.py:190} INFO - [2025-03-31T19:34:38.647+0000] {dag.py:3239} INFO - Sync 1 DAGs
[2025-03-31T19:34:38.660+0000] {logging_mixin.py:190} INFO - [2025-03-31T19:34:38.660+0000] {dag.py:4180} INFO - Setting next_dagrun for tutorial_dag to None, run_after=None
[2025-03-31T19:34:38.678+0000] {processor.py:208} INFO - Processing /usr/local/python/3.12.1/lib/python3.12/site-packages/airflow/example_dags/tutorial_dag.py took 0.054 seconds
[2025-03-31T19:35:36.265+0000] {processor.py:186} INFO - Started process (PID=19829) to work on /usr/local/python/3.12.1/lib/python3.12/site-packages/airflow/example_dags/tutorial_dag.py
[2025-03-31T19:35:36.266+0000] {processor.py:914} INFO - Processing file /usr/local/python/3.12.1/lib/python3.12/site-packages/airflow/example_dags/tutorial_dag.py for tasks to queue
[2025-03-31T19:35:36.267+0000] {logging_mixin.py:190} INFO - [2025-03-31T19:35:36.267+0000] {dagbag.py:588} INFO - Filling up the DagBag from /usr/local/python/3.12.1/lib/python3.12/site-packages/airflow/example_dags/tutorial_dag.py
[2025-03-31T19:35:36.273+0000] {processor.py:925} INFO - DAG(s) 'tutorial_dag' retrieved from /usr/local/python/3.12.1/lib/python3.12/site-packages/airflow/example_dags/tutorial_dag.py
[2025-03-31T19:35:36.283+0000] {logging_mixin.py:190} INFO - [2025-03-31T19:35:36.283+0000] {dag.py:3239} INFO - Sync 1 DAGs
[2025-03-31T19:35:36.293+0000] {logging_mixin.py:190} INFO - [2025-03-31T19:35:36.292+0000] {dag.py:4180} INFO - Setting next_dagrun for tutorial_dag to None, run_after=None
[2025-03-31T19:35:36.307+0000] {processor.py:208} INFO - Processing /usr/local/python/3.12.1/lib/python3.12/site-packages/airflow/example_dags/tutorial_dag.py took 0.046 seconds
[2025-03-31T19:36:32.901+0000] {processor.py:186} INFO - Started process (PID=20306) to work on /usr/local/python/3.12.1/lib/python3.12/site-packages/airflow/example_dags/tutorial_dag.py
[2025-03-31T19:36:32.902+0000] {processor.py:914} INFO - Processing file /usr/local/python/3.12.1/lib/python3.12/site-packages/airflow/example_dags/tutorial_dag.py for tasks to queue
[2025-03-31T19:36:32.903+0000] {logging_mixin.py:190} INFO - [2025-03-31T19:36:32.903+0000] {dagbag.py:588} INFO - Filling up the DagBag from /usr/local/python/3.12.1/lib/python3.12/site-packages/airflow/example_dags/tutorial_dag.py
[2025-03-31T19:36:32.909+0000] {processor.py:925} INFO - DAG(s) 'tutorial_dag' retrieved from /usr/local/python/3.12.1/lib/python3.12/site-packages/airflow/example_dags/tutorial_dag.py
[2025-03-31T19:36:32.921+0000] {logging_mixin.py:190} INFO - [2025-03-31T19:36:32.921+0000] {dag.py:3239} INFO - Sync 1 DAGs
[2025-03-31T19:36:32.934+0000] {logging_mixin.py:190} INFO - [2025-03-31T19:36:32.933+0000] {dag.py:4180} INFO - Setting next_dagrun for tutorial_dag to None, run_after=None
[2025-03-31T19:36:32.949+0000] {processor.py:208} INFO - Processing /usr/local/python/3.12.1/lib/python3.12/site-packages/airflow/example_dags/tutorial_dag.py took 0.052 seconds
[2025-03-31T19:37:27.609+0000] {processor.py:186} INFO - Started process (PID=20735) to work on /usr/local/python/3.12.1/lib/python3.12/site-packages/airflow/example_dags/tutorial_dag.py
[2025-03-31T19:37:27.610+0000] {processor.py:914} INFO - Processing file /usr/local/python/3.12.1/lib/python3.12/site-packages/airflow/example_dags/tutorial_dag.py for tasks to queue
[2025-03-31T19:37:27.611+0000] {logging_mixin.py:190} INFO - [2025-03-31T19:37:27.611+0000] {dagbag.py:588} INFO - Filling up the DagBag from /usr/local/python/3.12.1/lib/python3.12/site-packages/airflow/example_dags/tutorial_dag.py
[2025-03-31T19:37:27.617+0000] {processor.py:925} INFO - DAG(s) 'tutorial_dag' retrieved from /usr/local/python/3.12.1/lib/python3.12/site-packages/airflow/example_dags/tutorial_dag.py
[2025-03-31T19:37:27.627+0000] {logging_mixin.py:190} INFO - [2025-03-31T19:37:27.627+0000] {dag.py:3239} INFO - Sync 1 DAGs
[2025-03-31T19:37:27.637+0000] {logging_mixin.py:190} INFO - [2025-03-31T19:37:27.637+0000] {dag.py:4180} INFO - Setting next_dagrun for tutorial_dag to None, run_after=None
[2025-03-31T19:37:27.652+0000] {processor.py:208} INFO - Processing /usr/local/python/3.12.1/lib/python3.12/site-packages/airflow/example_dags/tutorial_dag.py took 0.047 seconds
[2025-03-31T19:38:21.011+0000] {processor.py:186} INFO - Started process (PID=21169) to work on /usr/local/python/3.12.1/lib/python3.12/site-packages/airflow/example_dags/tutorial_dag.py
[2025-03-31T19:38:21.012+0000] {processor.py:914} INFO - Processing file /usr/local/python/3.12.1/lib/python3.12/site-packages/airflow/example_dags/tutorial_dag.py for tasks to queue
[2025-03-31T19:38:21.014+0000] {logging_mixin.py:190} INFO - [2025-03-31T19:38:21.013+0000] {dagbag.py:588} INFO - Filling up the DagBag from /usr/local/python/3.12.1/lib/python3.12/site-packages/airflow/example_dags/tutorial_dag.py
[2025-03-31T19:38:21.019+0000] {processor.py:925} INFO - DAG(s) 'tutorial_dag' retrieved from /usr/local/python/3.12.1/lib/python3.12/site-packages/airflow/example_dags/tutorial_dag.py
[2025-03-31T19:38:21.031+0000] {logging_mixin.py:190} INFO - [2025-03-31T19:38:21.030+0000] {dag.py:3239} INFO - Sync 1 DAGs
[2025-03-31T19:38:21.046+0000] {logging_mixin.py:190} INFO - [2025-03-31T19:38:21.046+0000] {dag.py:4180} INFO - Setting next_dagrun for tutorial_dag to None, run_after=None
[2025-03-31T19:38:21.063+0000] {processor.py:208} INFO - Processing /usr/local/python/3.12.1/lib/python3.12/site-packages/airflow/example_dags/tutorial_dag.py took 0.055 seconds
