[2025-03-31T19:06:17.633+0000] {processor.py:186} INFO - Started process (PID=5124) to work on /usr/local/python/3.12.1/lib/python3.12/site-packages/airflow/example_dags/tutorial_taskflow_api.py
[2025-03-31T19:06:17.634+0000] {processor.py:914} INFO - Processing file /usr/local/python/3.12.1/lib/python3.12/site-packages/airflow/example_dags/tutorial_taskflow_api.py for tasks to queue
[2025-03-31T19:06:17.635+0000] {logging_mixin.py:190} INFO - [2025-03-31T19:06:17.635+0000] {dagbag.py:588} INFO - Filling up the DagBag from /usr/local/python/3.12.1/lib/python3.12/site-packages/airflow/example_dags/tutorial_taskflow_api.py
[2025-03-31T19:06:17.642+0000] {processor.py:925} INFO - DAG(s) 'tutorial_taskflow_api' retrieved from /usr/local/python/3.12.1/lib/python3.12/site-packages/airflow/example_dags/tutorial_taskflow_api.py
[2025-03-31T19:06:17.657+0000] {logging_mixin.py:190} INFO - [2025-03-31T19:06:17.657+0000] {dag.py:3239} INFO - Sync 1 DAGs
[2025-03-31T19:06:17.667+0000] {logging_mixin.py:190} INFO - [2025-03-31T19:06:17.666+0000] {dag.py:4180} INFO - Setting next_dagrun for tutorial_taskflow_api to None, run_after=None
[2025-03-31T19:06:17.681+0000] {processor.py:208} INFO - Processing /usr/local/python/3.12.1/lib/python3.12/site-packages/airflow/example_dags/tutorial_taskflow_api.py took 0.052 seconds
[2025-03-31T19:07:15.324+0000] {processor.py:186} INFO - Started process (PID=5618) to work on /usr/local/python/3.12.1/lib/python3.12/site-packages/airflow/example_dags/tutorial_taskflow_api.py
[2025-03-31T19:07:15.325+0000] {processor.py:914} INFO - Processing file /usr/local/python/3.12.1/lib/python3.12/site-packages/airflow/example_dags/tutorial_taskflow_api.py for tasks to queue
[2025-03-31T19:07:15.326+0000] {logging_mixin.py:190} INFO - [2025-03-31T19:07:15.326+0000] {dagbag.py:588} INFO - Filling up the DagBag from /usr/local/python/3.12.1/lib/python3.12/site-packages/airflow/example_dags/tutorial_taskflow_api.py
[2025-03-31T19:07:15.332+0000] {processor.py:925} INFO - DAG(s) 'tutorial_taskflow_api' retrieved from /usr/local/python/3.12.1/lib/python3.12/site-packages/airflow/example_dags/tutorial_taskflow_api.py
[2025-03-31T19:07:15.343+0000] {logging_mixin.py:190} INFO - [2025-03-31T19:07:15.343+0000] {dag.py:3239} INFO - Sync 1 DAGs
[2025-03-31T19:07:15.353+0000] {logging_mixin.py:190} INFO - [2025-03-31T19:07:15.352+0000] {dag.py:4180} INFO - Setting next_dagrun for tutorial_taskflow_api to None, run_after=None
[2025-03-31T19:07:15.367+0000] {processor.py:208} INFO - Processing /usr/local/python/3.12.1/lib/python3.12/site-packages/airflow/example_dags/tutorial_taskflow_api.py took 0.047 seconds
[2025-03-31T19:08:09.532+0000] {processor.py:186} INFO - Started process (PID=6088) to work on /usr/local/python/3.12.1/lib/python3.12/site-packages/airflow/example_dags/tutorial_taskflow_api.py
[2025-03-31T19:08:09.533+0000] {processor.py:914} INFO - Processing file /usr/local/python/3.12.1/lib/python3.12/site-packages/airflow/example_dags/tutorial_taskflow_api.py for tasks to queue
[2025-03-31T19:08:09.534+0000] {logging_mixin.py:190} INFO - [2025-03-31T19:08:09.534+0000] {dagbag.py:588} INFO - Filling up the DagBag from /usr/local/python/3.12.1/lib/python3.12/site-packages/airflow/example_dags/tutorial_taskflow_api.py
[2025-03-31T19:08:09.540+0000] {processor.py:925} INFO - DAG(s) 'tutorial_taskflow_api' retrieved from /usr/local/python/3.12.1/lib/python3.12/site-packages/airflow/example_dags/tutorial_taskflow_api.py
[2025-03-31T19:08:09.551+0000] {logging_mixin.py:190} INFO - [2025-03-31T19:08:09.551+0000] {dag.py:3239} INFO - Sync 1 DAGs
[2025-03-31T19:08:09.560+0000] {logging_mixin.py:190} INFO - [2025-03-31T19:08:09.560+0000] {dag.py:4180} INFO - Setting next_dagrun for tutorial_taskflow_api to None, run_after=None
[2025-03-31T19:08:09.574+0000] {processor.py:208} INFO - Processing /usr/local/python/3.12.1/lib/python3.12/site-packages/airflow/example_dags/tutorial_taskflow_api.py took 0.046 seconds
[2025-03-31T19:09:04.744+0000] {processor.py:186} INFO - Started process (PID=6545) to work on /usr/local/python/3.12.1/lib/python3.12/site-packages/airflow/example_dags/tutorial_taskflow_api.py
[2025-03-31T19:09:04.745+0000] {processor.py:914} INFO - Processing file /usr/local/python/3.12.1/lib/python3.12/site-packages/airflow/example_dags/tutorial_taskflow_api.py for tasks to queue
[2025-03-31T19:09:04.747+0000] {logging_mixin.py:190} INFO - [2025-03-31T19:09:04.747+0000] {dagbag.py:588} INFO - Filling up the DagBag from /usr/local/python/3.12.1/lib/python3.12/site-packages/airflow/example_dags/tutorial_taskflow_api.py
[2025-03-31T19:09:04.755+0000] {processor.py:925} INFO - DAG(s) 'tutorial_taskflow_api' retrieved from /usr/local/python/3.12.1/lib/python3.12/site-packages/airflow/example_dags/tutorial_taskflow_api.py
[2025-03-31T19:09:04.766+0000] {logging_mixin.py:190} INFO - [2025-03-31T19:09:04.766+0000] {dag.py:3239} INFO - Sync 1 DAGs
[2025-03-31T19:09:04.776+0000] {logging_mixin.py:190} INFO - [2025-03-31T19:09:04.776+0000] {dag.py:4180} INFO - Setting next_dagrun for tutorial_taskflow_api to None, run_after=None
[2025-03-31T19:09:04.791+0000] {processor.py:208} INFO - Processing /usr/local/python/3.12.1/lib/python3.12/site-packages/airflow/example_dags/tutorial_taskflow_api.py took 0.051 seconds
[2025-03-31T19:09:55.615+0000] {processor.py:186} INFO - Started process (PID=6952) to work on /usr/local/python/3.12.1/lib/python3.12/site-packages/airflow/example_dags/tutorial_taskflow_api.py
[2025-03-31T19:09:55.616+0000] {processor.py:914} INFO - Processing file /usr/local/python/3.12.1/lib/python3.12/site-packages/airflow/example_dags/tutorial_taskflow_api.py for tasks to queue
[2025-03-31T19:09:55.618+0000] {logging_mixin.py:190} INFO - [2025-03-31T19:09:55.618+0000] {dagbag.py:588} INFO - Filling up the DagBag from /usr/local/python/3.12.1/lib/python3.12/site-packages/airflow/example_dags/tutorial_taskflow_api.py
[2025-03-31T19:09:55.625+0000] {processor.py:925} INFO - DAG(s) 'tutorial_taskflow_api' retrieved from /usr/local/python/3.12.1/lib/python3.12/site-packages/airflow/example_dags/tutorial_taskflow_api.py
[2025-03-31T19:09:55.636+0000] {logging_mixin.py:190} INFO - [2025-03-31T19:09:55.636+0000] {dag.py:3239} INFO - Sync 1 DAGs
[2025-03-31T19:09:55.647+0000] {logging_mixin.py:190} INFO - [2025-03-31T19:09:55.647+0000] {dag.py:4180} INFO - Setting next_dagrun for tutorial_taskflow_api to None, run_after=None
[2025-03-31T19:09:55.664+0000] {processor.py:208} INFO - Processing /usr/local/python/3.12.1/lib/python3.12/site-packages/airflow/example_dags/tutorial_taskflow_api.py took 0.054 seconds
[2025-03-31T19:10:47.144+0000] {processor.py:186} INFO - Started process (PID=7357) to work on /usr/local/python/3.12.1/lib/python3.12/site-packages/airflow/example_dags/tutorial_taskflow_api.py
[2025-03-31T19:10:47.145+0000] {processor.py:914} INFO - Processing file /usr/local/python/3.12.1/lib/python3.12/site-packages/airflow/example_dags/tutorial_taskflow_api.py for tasks to queue
[2025-03-31T19:10:47.146+0000] {logging_mixin.py:190} INFO - [2025-03-31T19:10:47.146+0000] {dagbag.py:588} INFO - Filling up the DagBag from /usr/local/python/3.12.1/lib/python3.12/site-packages/airflow/example_dags/tutorial_taskflow_api.py
[2025-03-31T19:10:47.152+0000] {processor.py:925} INFO - DAG(s) 'tutorial_taskflow_api' retrieved from /usr/local/python/3.12.1/lib/python3.12/site-packages/airflow/example_dags/tutorial_taskflow_api.py
[2025-03-31T19:10:47.163+0000] {logging_mixin.py:190} INFO - [2025-03-31T19:10:47.163+0000] {dag.py:3239} INFO - Sync 1 DAGs
[2025-03-31T19:10:47.172+0000] {logging_mixin.py:190} INFO - [2025-03-31T19:10:47.172+0000] {dag.py:4180} INFO - Setting next_dagrun for tutorial_taskflow_api to None, run_after=None
[2025-03-31T19:10:47.186+0000] {processor.py:208} INFO - Processing /usr/local/python/3.12.1/lib/python3.12/site-packages/airflow/example_dags/tutorial_taskflow_api.py took 0.046 seconds
[2025-03-31T19:11:38.877+0000] {processor.py:186} INFO - Started process (PID=7770) to work on /usr/local/python/3.12.1/lib/python3.12/site-packages/airflow/example_dags/tutorial_taskflow_api.py
[2025-03-31T19:11:38.878+0000] {processor.py:914} INFO - Processing file /usr/local/python/3.12.1/lib/python3.12/site-packages/airflow/example_dags/tutorial_taskflow_api.py for tasks to queue
[2025-03-31T19:11:38.880+0000] {logging_mixin.py:190} INFO - [2025-03-31T19:11:38.879+0000] {dagbag.py:588} INFO - Filling up the DagBag from /usr/local/python/3.12.1/lib/python3.12/site-packages/airflow/example_dags/tutorial_taskflow_api.py
[2025-03-31T19:11:38.886+0000] {processor.py:925} INFO - DAG(s) 'tutorial_taskflow_api' retrieved from /usr/local/python/3.12.1/lib/python3.12/site-packages/airflow/example_dags/tutorial_taskflow_api.py
[2025-03-31T19:11:38.896+0000] {logging_mixin.py:190} INFO - [2025-03-31T19:11:38.896+0000] {dag.py:3239} INFO - Sync 1 DAGs
[2025-03-31T19:11:38.906+0000] {logging_mixin.py:190} INFO - [2025-03-31T19:11:38.906+0000] {dag.py:4180} INFO - Setting next_dagrun for tutorial_taskflow_api to None, run_after=None
[2025-03-31T19:11:38.920+0000] {processor.py:208} INFO - Processing /usr/local/python/3.12.1/lib/python3.12/site-packages/airflow/example_dags/tutorial_taskflow_api.py took 0.047 seconds
[2025-03-31T19:12:32.953+0000] {processor.py:186} INFO - Started process (PID=8186) to work on /usr/local/python/3.12.1/lib/python3.12/site-packages/airflow/example_dags/tutorial_taskflow_api.py
[2025-03-31T19:12:32.954+0000] {processor.py:914} INFO - Processing file /usr/local/python/3.12.1/lib/python3.12/site-packages/airflow/example_dags/tutorial_taskflow_api.py for tasks to queue
[2025-03-31T19:12:32.955+0000] {logging_mixin.py:190} INFO - [2025-03-31T19:12:32.955+0000] {dagbag.py:588} INFO - Filling up the DagBag from /usr/local/python/3.12.1/lib/python3.12/site-packages/airflow/example_dags/tutorial_taskflow_api.py
[2025-03-31T19:12:32.962+0000] {processor.py:925} INFO - DAG(s) 'tutorial_taskflow_api' retrieved from /usr/local/python/3.12.1/lib/python3.12/site-packages/airflow/example_dags/tutorial_taskflow_api.py
[2025-03-31T19:12:32.972+0000] {logging_mixin.py:190} INFO - [2025-03-31T19:12:32.972+0000] {dag.py:3239} INFO - Sync 1 DAGs
[2025-03-31T19:12:32.982+0000] {logging_mixin.py:190} INFO - [2025-03-31T19:12:32.982+0000] {dag.py:4180} INFO - Setting next_dagrun for tutorial_taskflow_api to None, run_after=None
[2025-03-31T19:12:32.996+0000] {processor.py:208} INFO - Processing /usr/local/python/3.12.1/lib/python3.12/site-packages/airflow/example_dags/tutorial_taskflow_api.py took 0.047 seconds
[2025-03-31T19:13:25.836+0000] {processor.py:186} INFO - Started process (PID=8593) to work on /usr/local/python/3.12.1/lib/python3.12/site-packages/airflow/example_dags/tutorial_taskflow_api.py
[2025-03-31T19:13:25.836+0000] {processor.py:914} INFO - Processing file /usr/local/python/3.12.1/lib/python3.12/site-packages/airflow/example_dags/tutorial_taskflow_api.py for tasks to queue
[2025-03-31T19:13:25.838+0000] {logging_mixin.py:190} INFO - [2025-03-31T19:13:25.837+0000] {dagbag.py:588} INFO - Filling up the DagBag from /usr/local/python/3.12.1/lib/python3.12/site-packages/airflow/example_dags/tutorial_taskflow_api.py
[2025-03-31T19:13:25.844+0000] {processor.py:925} INFO - DAG(s) 'tutorial_taskflow_api' retrieved from /usr/local/python/3.12.1/lib/python3.12/site-packages/airflow/example_dags/tutorial_taskflow_api.py
[2025-03-31T19:13:25.854+0000] {logging_mixin.py:190} INFO - [2025-03-31T19:13:25.854+0000] {dag.py:3239} INFO - Sync 1 DAGs
[2025-03-31T19:13:25.864+0000] {logging_mixin.py:190} INFO - [2025-03-31T19:13:25.864+0000] {dag.py:4180} INFO - Setting next_dagrun for tutorial_taskflow_api to None, run_after=None
[2025-03-31T19:13:25.878+0000] {processor.py:208} INFO - Processing /usr/local/python/3.12.1/lib/python3.12/site-packages/airflow/example_dags/tutorial_taskflow_api.py took 0.047 seconds
[2025-03-31T19:14:19.263+0000] {processor.py:186} INFO - Started process (PID=9029) to work on /usr/local/python/3.12.1/lib/python3.12/site-packages/airflow/example_dags/tutorial_taskflow_api.py
[2025-03-31T19:14:19.264+0000] {processor.py:914} INFO - Processing file /usr/local/python/3.12.1/lib/python3.12/site-packages/airflow/example_dags/tutorial_taskflow_api.py for tasks to queue
[2025-03-31T19:14:19.265+0000] {logging_mixin.py:190} INFO - [2025-03-31T19:14:19.265+0000] {dagbag.py:588} INFO - Filling up the DagBag from /usr/local/python/3.12.1/lib/python3.12/site-packages/airflow/example_dags/tutorial_taskflow_api.py
[2025-03-31T19:14:19.271+0000] {processor.py:925} INFO - DAG(s) 'tutorial_taskflow_api' retrieved from /usr/local/python/3.12.1/lib/python3.12/site-packages/airflow/example_dags/tutorial_taskflow_api.py
[2025-03-31T19:14:19.282+0000] {logging_mixin.py:190} INFO - [2025-03-31T19:14:19.282+0000] {dag.py:3239} INFO - Sync 1 DAGs
[2025-03-31T19:14:19.291+0000] {logging_mixin.py:190} INFO - [2025-03-31T19:14:19.291+0000] {dag.py:4180} INFO - Setting next_dagrun for tutorial_taskflow_api to None, run_after=None
[2025-03-31T19:14:19.305+0000] {processor.py:208} INFO - Processing /usr/local/python/3.12.1/lib/python3.12/site-packages/airflow/example_dags/tutorial_taskflow_api.py took 0.046 seconds
[2025-03-31T19:15:09.505+0000] {processor.py:186} INFO - Started process (PID=9414) to work on /usr/local/python/3.12.1/lib/python3.12/site-packages/airflow/example_dags/tutorial_taskflow_api.py
[2025-03-31T19:15:09.505+0000] {processor.py:914} INFO - Processing file /usr/local/python/3.12.1/lib/python3.12/site-packages/airflow/example_dags/tutorial_taskflow_api.py for tasks to queue
[2025-03-31T19:15:09.507+0000] {logging_mixin.py:190} INFO - [2025-03-31T19:15:09.506+0000] {dagbag.py:588} INFO - Filling up the DagBag from /usr/local/python/3.12.1/lib/python3.12/site-packages/airflow/example_dags/tutorial_taskflow_api.py
[2025-03-31T19:15:09.513+0000] {processor.py:925} INFO - DAG(s) 'tutorial_taskflow_api' retrieved from /usr/local/python/3.12.1/lib/python3.12/site-packages/airflow/example_dags/tutorial_taskflow_api.py
[2025-03-31T19:15:09.524+0000] {logging_mixin.py:190} INFO - [2025-03-31T19:15:09.524+0000] {dag.py:3239} INFO - Sync 1 DAGs
[2025-03-31T19:15:09.534+0000] {logging_mixin.py:190} INFO - [2025-03-31T19:15:09.533+0000] {dag.py:4180} INFO - Setting next_dagrun for tutorial_taskflow_api to None, run_after=None
[2025-03-31T19:15:09.548+0000] {processor.py:208} INFO - Processing /usr/local/python/3.12.1/lib/python3.12/site-packages/airflow/example_dags/tutorial_taskflow_api.py took 0.048 seconds
[2025-03-31T19:15:59.824+0000] {processor.py:186} INFO - Started process (PID=9812) to work on /usr/local/python/3.12.1/lib/python3.12/site-packages/airflow/example_dags/tutorial_taskflow_api.py
[2025-03-31T19:15:59.824+0000] {processor.py:914} INFO - Processing file /usr/local/python/3.12.1/lib/python3.12/site-packages/airflow/example_dags/tutorial_taskflow_api.py for tasks to queue
[2025-03-31T19:15:59.826+0000] {logging_mixin.py:190} INFO - [2025-03-31T19:15:59.826+0000] {dagbag.py:588} INFO - Filling up the DagBag from /usr/local/python/3.12.1/lib/python3.12/site-packages/airflow/example_dags/tutorial_taskflow_api.py
[2025-03-31T19:15:59.832+0000] {processor.py:925} INFO - DAG(s) 'tutorial_taskflow_api' retrieved from /usr/local/python/3.12.1/lib/python3.12/site-packages/airflow/example_dags/tutorial_taskflow_api.py
[2025-03-31T19:15:59.843+0000] {logging_mixin.py:190} INFO - [2025-03-31T19:15:59.843+0000] {dag.py:3239} INFO - Sync 1 DAGs
[2025-03-31T19:15:59.853+0000] {logging_mixin.py:190} INFO - [2025-03-31T19:15:59.853+0000] {dag.py:4180} INFO - Setting next_dagrun for tutorial_taskflow_api to None, run_after=None
[2025-03-31T19:15:59.867+0000] {processor.py:208} INFO - Processing /usr/local/python/3.12.1/lib/python3.12/site-packages/airflow/example_dags/tutorial_taskflow_api.py took 0.047 seconds
[2025-03-31T19:16:54.543+0000] {processor.py:186} INFO - Started process (PID=10251) to work on /usr/local/python/3.12.1/lib/python3.12/site-packages/airflow/example_dags/tutorial_taskflow_api.py
[2025-03-31T19:16:54.544+0000] {processor.py:914} INFO - Processing file /usr/local/python/3.12.1/lib/python3.12/site-packages/airflow/example_dags/tutorial_taskflow_api.py for tasks to queue
[2025-03-31T19:16:54.545+0000] {logging_mixin.py:190} INFO - [2025-03-31T19:16:54.545+0000] {dagbag.py:588} INFO - Filling up the DagBag from /usr/local/python/3.12.1/lib/python3.12/site-packages/airflow/example_dags/tutorial_taskflow_api.py
[2025-03-31T19:16:54.551+0000] {processor.py:925} INFO - DAG(s) 'tutorial_taskflow_api' retrieved from /usr/local/python/3.12.1/lib/python3.12/site-packages/airflow/example_dags/tutorial_taskflow_api.py
[2025-03-31T19:16:54.562+0000] {logging_mixin.py:190} INFO - [2025-03-31T19:16:54.562+0000] {dag.py:3239} INFO - Sync 1 DAGs
[2025-03-31T19:16:54.571+0000] {logging_mixin.py:190} INFO - [2025-03-31T19:16:54.571+0000] {dag.py:4180} INFO - Setting next_dagrun for tutorial_taskflow_api to None, run_after=None
[2025-03-31T19:16:54.586+0000] {processor.py:208} INFO - Processing /usr/local/python/3.12.1/lib/python3.12/site-packages/airflow/example_dags/tutorial_taskflow_api.py took 0.047 seconds
[2025-03-31T19:17:51.065+0000] {processor.py:186} INFO - Started process (PID=10711) to work on /usr/local/python/3.12.1/lib/python3.12/site-packages/airflow/example_dags/tutorial_taskflow_api.py
[2025-03-31T19:17:51.066+0000] {processor.py:914} INFO - Processing file /usr/local/python/3.12.1/lib/python3.12/site-packages/airflow/example_dags/tutorial_taskflow_api.py for tasks to queue
[2025-03-31T19:17:51.067+0000] {logging_mixin.py:190} INFO - [2025-03-31T19:17:51.067+0000] {dagbag.py:588} INFO - Filling up the DagBag from /usr/local/python/3.12.1/lib/python3.12/site-packages/airflow/example_dags/tutorial_taskflow_api.py
[2025-03-31T19:17:51.074+0000] {processor.py:925} INFO - DAG(s) 'tutorial_taskflow_api' retrieved from /usr/local/python/3.12.1/lib/python3.12/site-packages/airflow/example_dags/tutorial_taskflow_api.py
[2025-03-31T19:17:51.084+0000] {logging_mixin.py:190} INFO - [2025-03-31T19:17:51.084+0000] {dag.py:3239} INFO - Sync 1 DAGs
[2025-03-31T19:17:51.093+0000] {logging_mixin.py:190} INFO - [2025-03-31T19:17:51.093+0000] {dag.py:4180} INFO - Setting next_dagrun for tutorial_taskflow_api to None, run_after=None
[2025-03-31T19:17:51.108+0000] {processor.py:208} INFO - Processing /usr/local/python/3.12.1/lib/python3.12/site-packages/airflow/example_dags/tutorial_taskflow_api.py took 0.046 seconds
[2025-03-31T19:18:45.214+0000] {processor.py:186} INFO - Started process (PID=11192) to work on /usr/local/python/3.12.1/lib/python3.12/site-packages/airflow/example_dags/tutorial_taskflow_api.py
[2025-03-31T19:18:45.215+0000] {processor.py:914} INFO - Processing file /usr/local/python/3.12.1/lib/python3.12/site-packages/airflow/example_dags/tutorial_taskflow_api.py for tasks to queue
[2025-03-31T19:18:45.217+0000] {logging_mixin.py:190} INFO - [2025-03-31T19:18:45.216+0000] {dagbag.py:588} INFO - Filling up the DagBag from /usr/local/python/3.12.1/lib/python3.12/site-packages/airflow/example_dags/tutorial_taskflow_api.py
[2025-03-31T19:18:45.223+0000] {processor.py:925} INFO - DAG(s) 'tutorial_taskflow_api' retrieved from /usr/local/python/3.12.1/lib/python3.12/site-packages/airflow/example_dags/tutorial_taskflow_api.py
[2025-03-31T19:18:45.234+0000] {logging_mixin.py:190} INFO - [2025-03-31T19:18:45.233+0000] {dag.py:3239} INFO - Sync 1 DAGs
[2025-03-31T19:18:45.243+0000] {logging_mixin.py:190} INFO - [2025-03-31T19:18:45.243+0000] {dag.py:4180} INFO - Setting next_dagrun for tutorial_taskflow_api to None, run_after=None
[2025-03-31T19:18:45.257+0000] {processor.py:208} INFO - Processing /usr/local/python/3.12.1/lib/python3.12/site-packages/airflow/example_dags/tutorial_taskflow_api.py took 0.047 seconds
[2025-03-31T19:19:36.561+0000] {processor.py:186} INFO - Started process (PID=11686) to work on /usr/local/python/3.12.1/lib/python3.12/site-packages/airflow/example_dags/tutorial_taskflow_api.py
[2025-03-31T19:19:36.562+0000] {processor.py:914} INFO - Processing file /usr/local/python/3.12.1/lib/python3.12/site-packages/airflow/example_dags/tutorial_taskflow_api.py for tasks to queue
[2025-03-31T19:19:36.564+0000] {logging_mixin.py:190} INFO - [2025-03-31T19:19:36.563+0000] {dagbag.py:588} INFO - Filling up the DagBag from /usr/local/python/3.12.1/lib/python3.12/site-packages/airflow/example_dags/tutorial_taskflow_api.py
[2025-03-31T19:19:36.570+0000] {processor.py:925} INFO - DAG(s) 'tutorial_taskflow_api' retrieved from /usr/local/python/3.12.1/lib/python3.12/site-packages/airflow/example_dags/tutorial_taskflow_api.py
[2025-03-31T19:19:36.581+0000] {logging_mixin.py:190} INFO - [2025-03-31T19:19:36.580+0000] {dag.py:3239} INFO - Sync 1 DAGs
[2025-03-31T19:19:36.590+0000] {logging_mixin.py:190} INFO - [2025-03-31T19:19:36.590+0000] {dag.py:4180} INFO - Setting next_dagrun for tutorial_taskflow_api to None, run_after=None
[2025-03-31T19:19:36.604+0000] {processor.py:208} INFO - Processing /usr/local/python/3.12.1/lib/python3.12/site-packages/airflow/example_dags/tutorial_taskflow_api.py took 0.047 seconds
[2025-03-31T19:20:28.374+0000] {processor.py:186} INFO - Started process (PID=12138) to work on /usr/local/python/3.12.1/lib/python3.12/site-packages/airflow/example_dags/tutorial_taskflow_api.py
[2025-03-31T19:20:28.374+0000] {processor.py:914} INFO - Processing file /usr/local/python/3.12.1/lib/python3.12/site-packages/airflow/example_dags/tutorial_taskflow_api.py for tasks to queue
[2025-03-31T19:20:28.376+0000] {logging_mixin.py:190} INFO - [2025-03-31T19:20:28.375+0000] {dagbag.py:588} INFO - Filling up the DagBag from /usr/local/python/3.12.1/lib/python3.12/site-packages/airflow/example_dags/tutorial_taskflow_api.py
[2025-03-31T19:20:28.382+0000] {processor.py:925} INFO - DAG(s) 'tutorial_taskflow_api' retrieved from /usr/local/python/3.12.1/lib/python3.12/site-packages/airflow/example_dags/tutorial_taskflow_api.py
[2025-03-31T19:20:28.392+0000] {logging_mixin.py:190} INFO - [2025-03-31T19:20:28.392+0000] {dag.py:3239} INFO - Sync 1 DAGs
[2025-03-31T19:20:28.402+0000] {logging_mixin.py:190} INFO - [2025-03-31T19:20:28.402+0000] {dag.py:4180} INFO - Setting next_dagrun for tutorial_taskflow_api to None, run_after=None
[2025-03-31T19:20:28.416+0000] {processor.py:208} INFO - Processing /usr/local/python/3.12.1/lib/python3.12/site-packages/airflow/example_dags/tutorial_taskflow_api.py took 0.047 seconds
[2025-03-31T19:21:19.024+0000] {processor.py:186} INFO - Started process (PID=12665) to work on /usr/local/python/3.12.1/lib/python3.12/site-packages/airflow/example_dags/tutorial_taskflow_api.py
[2025-03-31T19:21:19.024+0000] {processor.py:914} INFO - Processing file /usr/local/python/3.12.1/lib/python3.12/site-packages/airflow/example_dags/tutorial_taskflow_api.py for tasks to queue
[2025-03-31T19:21:19.026+0000] {logging_mixin.py:190} INFO - [2025-03-31T19:21:19.026+0000] {dagbag.py:588} INFO - Filling up the DagBag from /usr/local/python/3.12.1/lib/python3.12/site-packages/airflow/example_dags/tutorial_taskflow_api.py
[2025-03-31T19:21:19.036+0000] {processor.py:925} INFO - DAG(s) 'tutorial_taskflow_api' retrieved from /usr/local/python/3.12.1/lib/python3.12/site-packages/airflow/example_dags/tutorial_taskflow_api.py
[2025-03-31T19:21:19.052+0000] {logging_mixin.py:190} INFO - [2025-03-31T19:21:19.052+0000] {dag.py:3239} INFO - Sync 1 DAGs
[2025-03-31T19:21:19.063+0000] {logging_mixin.py:190} INFO - [2025-03-31T19:21:19.063+0000] {dag.py:4180} INFO - Setting next_dagrun for tutorial_taskflow_api to None, run_after=None
[2025-03-31T19:21:19.078+0000] {processor.py:208} INFO - Processing /usr/local/python/3.12.1/lib/python3.12/site-packages/airflow/example_dags/tutorial_taskflow_api.py took 0.059 seconds
[2025-03-31T19:22:10.704+0000] {processor.py:186} INFO - Started process (PID=13145) to work on /usr/local/python/3.12.1/lib/python3.12/site-packages/airflow/example_dags/tutorial_taskflow_api.py
[2025-03-31T19:22:10.704+0000] {processor.py:914} INFO - Processing file /usr/local/python/3.12.1/lib/python3.12/site-packages/airflow/example_dags/tutorial_taskflow_api.py for tasks to queue
[2025-03-31T19:22:10.706+0000] {logging_mixin.py:190} INFO - [2025-03-31T19:22:10.706+0000] {dagbag.py:588} INFO - Filling up the DagBag from /usr/local/python/3.12.1/lib/python3.12/site-packages/airflow/example_dags/tutorial_taskflow_api.py
[2025-03-31T19:22:10.712+0000] {processor.py:925} INFO - DAG(s) 'tutorial_taskflow_api' retrieved from /usr/local/python/3.12.1/lib/python3.12/site-packages/airflow/example_dags/tutorial_taskflow_api.py
[2025-03-31T19:22:10.723+0000] {logging_mixin.py:190} INFO - [2025-03-31T19:22:10.723+0000] {dag.py:3239} INFO - Sync 1 DAGs
[2025-03-31T19:22:10.732+0000] {logging_mixin.py:190} INFO - [2025-03-31T19:22:10.732+0000] {dag.py:4180} INFO - Setting next_dagrun for tutorial_taskflow_api to None, run_after=None
[2025-03-31T19:22:10.747+0000] {processor.py:208} INFO - Processing /usr/local/python/3.12.1/lib/python3.12/site-packages/airflow/example_dags/tutorial_taskflow_api.py took 0.047 seconds
[2025-03-31T19:23:04.019+0000] {processor.py:186} INFO - Started process (PID=13574) to work on /usr/local/python/3.12.1/lib/python3.12/site-packages/airflow/example_dags/tutorial_taskflow_api.py
[2025-03-31T19:23:04.020+0000] {processor.py:914} INFO - Processing file /usr/local/python/3.12.1/lib/python3.12/site-packages/airflow/example_dags/tutorial_taskflow_api.py for tasks to queue
[2025-03-31T19:23:04.022+0000] {logging_mixin.py:190} INFO - [2025-03-31T19:23:04.021+0000] {dagbag.py:588} INFO - Filling up the DagBag from /usr/local/python/3.12.1/lib/python3.12/site-packages/airflow/example_dags/tutorial_taskflow_api.py
[2025-03-31T19:23:04.028+0000] {processor.py:925} INFO - DAG(s) 'tutorial_taskflow_api' retrieved from /usr/local/python/3.12.1/lib/python3.12/site-packages/airflow/example_dags/tutorial_taskflow_api.py
[2025-03-31T19:23:04.038+0000] {logging_mixin.py:190} INFO - [2025-03-31T19:23:04.038+0000] {dag.py:3239} INFO - Sync 1 DAGs
[2025-03-31T19:23:04.048+0000] {logging_mixin.py:190} INFO - [2025-03-31T19:23:04.048+0000] {dag.py:4180} INFO - Setting next_dagrun for tutorial_taskflow_api to None, run_after=None
[2025-03-31T19:23:04.062+0000] {processor.py:208} INFO - Processing /usr/local/python/3.12.1/lib/python3.12/site-packages/airflow/example_dags/tutorial_taskflow_api.py took 0.047 seconds
[2025-03-31T19:23:55.664+0000] {processor.py:186} INFO - Started process (PID=13972) to work on /usr/local/python/3.12.1/lib/python3.12/site-packages/airflow/example_dags/tutorial_taskflow_api.py
[2025-03-31T19:23:55.665+0000] {processor.py:914} INFO - Processing file /usr/local/python/3.12.1/lib/python3.12/site-packages/airflow/example_dags/tutorial_taskflow_api.py for tasks to queue
[2025-03-31T19:23:55.666+0000] {logging_mixin.py:190} INFO - [2025-03-31T19:23:55.666+0000] {dagbag.py:588} INFO - Filling up the DagBag from /usr/local/python/3.12.1/lib/python3.12/site-packages/airflow/example_dags/tutorial_taskflow_api.py
[2025-03-31T19:23:55.673+0000] {processor.py:925} INFO - DAG(s) 'tutorial_taskflow_api' retrieved from /usr/local/python/3.12.1/lib/python3.12/site-packages/airflow/example_dags/tutorial_taskflow_api.py
[2025-03-31T19:23:55.683+0000] {logging_mixin.py:190} INFO - [2025-03-31T19:23:55.683+0000] {dag.py:3239} INFO - Sync 1 DAGs
[2025-03-31T19:23:55.693+0000] {logging_mixin.py:190} INFO - [2025-03-31T19:23:55.692+0000] {dag.py:4180} INFO - Setting next_dagrun for tutorial_taskflow_api to None, run_after=None
[2025-03-31T19:23:55.710+0000] {processor.py:208} INFO - Processing /usr/local/python/3.12.1/lib/python3.12/site-packages/airflow/example_dags/tutorial_taskflow_api.py took 0.050 seconds
[2025-03-31T19:24:48.199+0000] {processor.py:186} INFO - Started process (PID=14407) to work on /usr/local/python/3.12.1/lib/python3.12/site-packages/airflow/example_dags/tutorial_taskflow_api.py
[2025-03-31T19:24:48.200+0000] {processor.py:914} INFO - Processing file /usr/local/python/3.12.1/lib/python3.12/site-packages/airflow/example_dags/tutorial_taskflow_api.py for tasks to queue
[2025-03-31T19:24:48.201+0000] {logging_mixin.py:190} INFO - [2025-03-31T19:24:48.201+0000] {dagbag.py:588} INFO - Filling up the DagBag from /usr/local/python/3.12.1/lib/python3.12/site-packages/airflow/example_dags/tutorial_taskflow_api.py
[2025-03-31T19:24:48.208+0000] {processor.py:925} INFO - DAG(s) 'tutorial_taskflow_api' retrieved from /usr/local/python/3.12.1/lib/python3.12/site-packages/airflow/example_dags/tutorial_taskflow_api.py
[2025-03-31T19:24:48.220+0000] {logging_mixin.py:190} INFO - [2025-03-31T19:24:48.220+0000] {dag.py:3239} INFO - Sync 1 DAGs
[2025-03-31T19:24:48.231+0000] {logging_mixin.py:190} INFO - [2025-03-31T19:24:48.231+0000] {dag.py:4180} INFO - Setting next_dagrun for tutorial_taskflow_api to None, run_after=None
[2025-03-31T19:24:48.246+0000] {processor.py:208} INFO - Processing /usr/local/python/3.12.1/lib/python3.12/site-packages/airflow/example_dags/tutorial_taskflow_api.py took 0.051 seconds
[2025-03-31T19:25:40.730+0000] {processor.py:186} INFO - Started process (PID=14839) to work on /usr/local/python/3.12.1/lib/python3.12/site-packages/airflow/example_dags/tutorial_taskflow_api.py
[2025-03-31T19:25:40.731+0000] {processor.py:914} INFO - Processing file /usr/local/python/3.12.1/lib/python3.12/site-packages/airflow/example_dags/tutorial_taskflow_api.py for tasks to queue
[2025-03-31T19:25:40.732+0000] {logging_mixin.py:190} INFO - [2025-03-31T19:25:40.732+0000] {dagbag.py:588} INFO - Filling up the DagBag from /usr/local/python/3.12.1/lib/python3.12/site-packages/airflow/example_dags/tutorial_taskflow_api.py
[2025-03-31T19:25:40.739+0000] {processor.py:925} INFO - DAG(s) 'tutorial_taskflow_api' retrieved from /usr/local/python/3.12.1/lib/python3.12/site-packages/airflow/example_dags/tutorial_taskflow_api.py
[2025-03-31T19:25:40.749+0000] {logging_mixin.py:190} INFO - [2025-03-31T19:25:40.749+0000] {dag.py:3239} INFO - Sync 1 DAGs
[2025-03-31T19:25:40.758+0000] {logging_mixin.py:190} INFO - [2025-03-31T19:25:40.758+0000] {dag.py:4180} INFO - Setting next_dagrun for tutorial_taskflow_api to None, run_after=None
[2025-03-31T19:25:40.772+0000] {processor.py:208} INFO - Processing /usr/local/python/3.12.1/lib/python3.12/site-packages/airflow/example_dags/tutorial_taskflow_api.py took 0.046 seconds
[2025-03-31T19:26:34.273+0000] {processor.py:186} INFO - Started process (PID=15308) to work on /usr/local/python/3.12.1/lib/python3.12/site-packages/airflow/example_dags/tutorial_taskflow_api.py
[2025-03-31T19:26:34.274+0000] {processor.py:914} INFO - Processing file /usr/local/python/3.12.1/lib/python3.12/site-packages/airflow/example_dags/tutorial_taskflow_api.py for tasks to queue
[2025-03-31T19:26:34.275+0000] {logging_mixin.py:190} INFO - [2025-03-31T19:26:34.275+0000] {dagbag.py:588} INFO - Filling up the DagBag from /usr/local/python/3.12.1/lib/python3.12/site-packages/airflow/example_dags/tutorial_taskflow_api.py
[2025-03-31T19:26:34.281+0000] {processor.py:925} INFO - DAG(s) 'tutorial_taskflow_api' retrieved from /usr/local/python/3.12.1/lib/python3.12/site-packages/airflow/example_dags/tutorial_taskflow_api.py
[2025-03-31T19:26:34.291+0000] {logging_mixin.py:190} INFO - [2025-03-31T19:26:34.291+0000] {dag.py:3239} INFO - Sync 1 DAGs
[2025-03-31T19:26:34.301+0000] {logging_mixin.py:190} INFO - [2025-03-31T19:26:34.301+0000] {dag.py:4180} INFO - Setting next_dagrun for tutorial_taskflow_api to None, run_after=None
[2025-03-31T19:26:34.315+0000] {processor.py:208} INFO - Processing /usr/local/python/3.12.1/lib/python3.12/site-packages/airflow/example_dags/tutorial_taskflow_api.py took 0.046 seconds
[2025-03-31T19:27:23.929+0000] {processor.py:186} INFO - Started process (PID=15728) to work on /usr/local/python/3.12.1/lib/python3.12/site-packages/airflow/example_dags/tutorial_taskflow_api.py
[2025-03-31T19:27:23.930+0000] {processor.py:914} INFO - Processing file /usr/local/python/3.12.1/lib/python3.12/site-packages/airflow/example_dags/tutorial_taskflow_api.py for tasks to queue
[2025-03-31T19:27:23.931+0000] {logging_mixin.py:190} INFO - [2025-03-31T19:27:23.931+0000] {dagbag.py:588} INFO - Filling up the DagBag from /usr/local/python/3.12.1/lib/python3.12/site-packages/airflow/example_dags/tutorial_taskflow_api.py
[2025-03-31T19:27:23.938+0000] {processor.py:925} INFO - DAG(s) 'tutorial_taskflow_api' retrieved from /usr/local/python/3.12.1/lib/python3.12/site-packages/airflow/example_dags/tutorial_taskflow_api.py
[2025-03-31T19:27:23.949+0000] {logging_mixin.py:190} INFO - [2025-03-31T19:27:23.949+0000] {dag.py:3239} INFO - Sync 1 DAGs
[2025-03-31T19:27:23.959+0000] {logging_mixin.py:190} INFO - [2025-03-31T19:27:23.959+0000] {dag.py:4180} INFO - Setting next_dagrun for tutorial_taskflow_api to None, run_after=None
[2025-03-31T19:27:23.973+0000] {processor.py:208} INFO - Processing /usr/local/python/3.12.1/lib/python3.12/site-packages/airflow/example_dags/tutorial_taskflow_api.py took 0.048 seconds
[2025-03-31T19:28:15.211+0000] {processor.py:186} INFO - Started process (PID=16156) to work on /usr/local/python/3.12.1/lib/python3.12/site-packages/airflow/example_dags/tutorial_taskflow_api.py
[2025-03-31T19:28:15.212+0000] {processor.py:914} INFO - Processing file /usr/local/python/3.12.1/lib/python3.12/site-packages/airflow/example_dags/tutorial_taskflow_api.py for tasks to queue
[2025-03-31T19:28:15.213+0000] {logging_mixin.py:190} INFO - [2025-03-31T19:28:15.213+0000] {dagbag.py:588} INFO - Filling up the DagBag from /usr/local/python/3.12.1/lib/python3.12/site-packages/airflow/example_dags/tutorial_taskflow_api.py
[2025-03-31T19:28:15.220+0000] {processor.py:925} INFO - DAG(s) 'tutorial_taskflow_api' retrieved from /usr/local/python/3.12.1/lib/python3.12/site-packages/airflow/example_dags/tutorial_taskflow_api.py
[2025-03-31T19:28:15.230+0000] {logging_mixin.py:190} INFO - [2025-03-31T19:28:15.230+0000] {dag.py:3239} INFO - Sync 1 DAGs
[2025-03-31T19:28:15.240+0000] {logging_mixin.py:190} INFO - [2025-03-31T19:28:15.239+0000] {dag.py:4180} INFO - Setting next_dagrun for tutorial_taskflow_api to None, run_after=None
[2025-03-31T19:28:15.254+0000] {processor.py:208} INFO - Processing /usr/local/python/3.12.1/lib/python3.12/site-packages/airflow/example_dags/tutorial_taskflow_api.py took 0.047 seconds
[2025-03-31T19:28:53.578+0000] {processor.py:186} INFO - Started process (PID=16602) to work on /usr/local/python/3.12.1/lib/python3.12/site-packages/airflow/example_dags/tutorial_taskflow_api.py
[2025-03-31T19:28:53.579+0000] {processor.py:914} INFO - Processing file /usr/local/python/3.12.1/lib/python3.12/site-packages/airflow/example_dags/tutorial_taskflow_api.py for tasks to queue
[2025-03-31T19:28:53.581+0000] {logging_mixin.py:190} INFO - [2025-03-31T19:28:53.580+0000] {dagbag.py:588} INFO - Filling up the DagBag from /usr/local/python/3.12.1/lib/python3.12/site-packages/airflow/example_dags/tutorial_taskflow_api.py
[2025-03-31T19:28:53.587+0000] {processor.py:925} INFO - DAG(s) 'tutorial_taskflow_api' retrieved from /usr/local/python/3.12.1/lib/python3.12/site-packages/airflow/example_dags/tutorial_taskflow_api.py
[2025-03-31T19:28:53.603+0000] {logging_mixin.py:190} INFO - [2025-03-31T19:28:53.603+0000] {dag.py:3239} INFO - Sync 1 DAGs
[2025-03-31T19:28:53.613+0000] {logging_mixin.py:190} INFO - [2025-03-31T19:28:53.612+0000] {dag.py:4180} INFO - Setting next_dagrun for tutorial_taskflow_api to None, run_after=None
[2025-03-31T19:28:53.627+0000] {processor.py:208} INFO - Processing /usr/local/python/3.12.1/lib/python3.12/site-packages/airflow/example_dags/tutorial_taskflow_api.py took 0.053 seconds
[2025-03-31T19:29:51.446+0000] {processor.py:186} INFO - Started process (PID=17058) to work on /usr/local/python/3.12.1/lib/python3.12/site-packages/airflow/example_dags/tutorial_taskflow_api.py
[2025-03-31T19:29:51.446+0000] {processor.py:914} INFO - Processing file /usr/local/python/3.12.1/lib/python3.12/site-packages/airflow/example_dags/tutorial_taskflow_api.py for tasks to queue
[2025-03-31T19:29:51.448+0000] {logging_mixin.py:190} INFO - [2025-03-31T19:29:51.447+0000] {dagbag.py:588} INFO - Filling up the DagBag from /usr/local/python/3.12.1/lib/python3.12/site-packages/airflow/example_dags/tutorial_taskflow_api.py
[2025-03-31T19:29:51.454+0000] {processor.py:925} INFO - DAG(s) 'tutorial_taskflow_api' retrieved from /usr/local/python/3.12.1/lib/python3.12/site-packages/airflow/example_dags/tutorial_taskflow_api.py
[2025-03-31T19:29:51.465+0000] {logging_mixin.py:190} INFO - [2025-03-31T19:29:51.465+0000] {dag.py:3239} INFO - Sync 1 DAGs
[2025-03-31T19:29:51.474+0000] {logging_mixin.py:190} INFO - [2025-03-31T19:29:51.474+0000] {dag.py:4180} INFO - Setting next_dagrun for tutorial_taskflow_api to None, run_after=None
[2025-03-31T19:29:51.488+0000] {processor.py:208} INFO - Processing /usr/local/python/3.12.1/lib/python3.12/site-packages/airflow/example_dags/tutorial_taskflow_api.py took 0.046 seconds
[2025-03-31T19:30:47.889+0000] {processor.py:186} INFO - Started process (PID=17510) to work on /usr/local/python/3.12.1/lib/python3.12/site-packages/airflow/example_dags/tutorial_taskflow_api.py
[2025-03-31T19:30:47.890+0000] {processor.py:914} INFO - Processing file /usr/local/python/3.12.1/lib/python3.12/site-packages/airflow/example_dags/tutorial_taskflow_api.py for tasks to queue
[2025-03-31T19:30:47.891+0000] {logging_mixin.py:190} INFO - [2025-03-31T19:30:47.891+0000] {dagbag.py:588} INFO - Filling up the DagBag from /usr/local/python/3.12.1/lib/python3.12/site-packages/airflow/example_dags/tutorial_taskflow_api.py
[2025-03-31T19:30:47.897+0000] {processor.py:925} INFO - DAG(s) 'tutorial_taskflow_api' retrieved from /usr/local/python/3.12.1/lib/python3.12/site-packages/airflow/example_dags/tutorial_taskflow_api.py
[2025-03-31T19:30:47.908+0000] {logging_mixin.py:190} INFO - [2025-03-31T19:30:47.908+0000] {dag.py:3239} INFO - Sync 1 DAGs
[2025-03-31T19:30:47.917+0000] {logging_mixin.py:190} INFO - [2025-03-31T19:30:47.917+0000] {dag.py:4180} INFO - Setting next_dagrun for tutorial_taskflow_api to None, run_after=None
[2025-03-31T19:30:47.931+0000] {processor.py:208} INFO - Processing /usr/local/python/3.12.1/lib/python3.12/site-packages/airflow/example_dags/tutorial_taskflow_api.py took 0.046 seconds
[2025-03-31T19:31:43.708+0000] {processor.py:186} INFO - Started process (PID=17941) to work on /usr/local/python/3.12.1/lib/python3.12/site-packages/airflow/example_dags/tutorial_taskflow_api.py
[2025-03-31T19:31:43.709+0000] {processor.py:914} INFO - Processing file /usr/local/python/3.12.1/lib/python3.12/site-packages/airflow/example_dags/tutorial_taskflow_api.py for tasks to queue
[2025-03-31T19:31:43.711+0000] {logging_mixin.py:190} INFO - [2025-03-31T19:31:43.710+0000] {dagbag.py:588} INFO - Filling up the DagBag from /usr/local/python/3.12.1/lib/python3.12/site-packages/airflow/example_dags/tutorial_taskflow_api.py
[2025-03-31T19:31:43.717+0000] {processor.py:925} INFO - DAG(s) 'tutorial_taskflow_api' retrieved from /usr/local/python/3.12.1/lib/python3.12/site-packages/airflow/example_dags/tutorial_taskflow_api.py
[2025-03-31T19:31:43.728+0000] {logging_mixin.py:190} INFO - [2025-03-31T19:31:43.728+0000] {dag.py:3239} INFO - Sync 1 DAGs
[2025-03-31T19:31:43.738+0000] {logging_mixin.py:190} INFO - [2025-03-31T19:31:43.737+0000] {dag.py:4180} INFO - Setting next_dagrun for tutorial_taskflow_api to None, run_after=None
[2025-03-31T19:31:43.752+0000] {processor.py:208} INFO - Processing /usr/local/python/3.12.1/lib/python3.12/site-packages/airflow/example_dags/tutorial_taskflow_api.py took 0.048 seconds
[2025-03-31T19:32:40.877+0000] {processor.py:186} INFO - Started process (PID=18410) to work on /usr/local/python/3.12.1/lib/python3.12/site-packages/airflow/example_dags/tutorial_taskflow_api.py
[2025-03-31T19:32:40.878+0000] {processor.py:914} INFO - Processing file /usr/local/python/3.12.1/lib/python3.12/site-packages/airflow/example_dags/tutorial_taskflow_api.py for tasks to queue
[2025-03-31T19:32:40.879+0000] {logging_mixin.py:190} INFO - [2025-03-31T19:32:40.879+0000] {dagbag.py:588} INFO - Filling up the DagBag from /usr/local/python/3.12.1/lib/python3.12/site-packages/airflow/example_dags/tutorial_taskflow_api.py
[2025-03-31T19:32:40.886+0000] {processor.py:925} INFO - DAG(s) 'tutorial_taskflow_api' retrieved from /usr/local/python/3.12.1/lib/python3.12/site-packages/airflow/example_dags/tutorial_taskflow_api.py
[2025-03-31T19:32:40.896+0000] {logging_mixin.py:190} INFO - [2025-03-31T19:32:40.896+0000] {dag.py:3239} INFO - Sync 1 DAGs
[2025-03-31T19:32:40.910+0000] {logging_mixin.py:190} INFO - [2025-03-31T19:32:40.909+0000] {dag.py:4180} INFO - Setting next_dagrun for tutorial_taskflow_api to None, run_after=None
[2025-03-31T19:32:40.924+0000] {processor.py:208} INFO - Processing /usr/local/python/3.12.1/lib/python3.12/site-packages/airflow/example_dags/tutorial_taskflow_api.py took 0.051 seconds
[2025-03-31T19:33:36.172+0000] {processor.py:186} INFO - Started process (PID=18855) to work on /usr/local/python/3.12.1/lib/python3.12/site-packages/airflow/example_dags/tutorial_taskflow_api.py
[2025-03-31T19:33:36.173+0000] {processor.py:914} INFO - Processing file /usr/local/python/3.12.1/lib/python3.12/site-packages/airflow/example_dags/tutorial_taskflow_api.py for tasks to queue
[2025-03-31T19:33:36.174+0000] {logging_mixin.py:190} INFO - [2025-03-31T19:33:36.174+0000] {dagbag.py:588} INFO - Filling up the DagBag from /usr/local/python/3.12.1/lib/python3.12/site-packages/airflow/example_dags/tutorial_taskflow_api.py
[2025-03-31T19:33:36.180+0000] {processor.py:925} INFO - DAG(s) 'tutorial_taskflow_api' retrieved from /usr/local/python/3.12.1/lib/python3.12/site-packages/airflow/example_dags/tutorial_taskflow_api.py
[2025-03-31T19:33:36.191+0000] {logging_mixin.py:190} INFO - [2025-03-31T19:33:36.191+0000] {dag.py:3239} INFO - Sync 1 DAGs
[2025-03-31T19:33:36.200+0000] {logging_mixin.py:190} INFO - [2025-03-31T19:33:36.200+0000] {dag.py:4180} INFO - Setting next_dagrun for tutorial_taskflow_api to None, run_after=None
[2025-03-31T19:33:36.215+0000] {processor.py:208} INFO - Processing /usr/local/python/3.12.1/lib/python3.12/site-packages/airflow/example_dags/tutorial_taskflow_api.py took 0.047 seconds
[2025-03-31T19:34:37.043+0000] {processor.py:186} INFO - Started process (PID=19379) to work on /usr/local/python/3.12.1/lib/python3.12/site-packages/airflow/example_dags/tutorial_taskflow_api.py
[2025-03-31T19:34:37.043+0000] {processor.py:914} INFO - Processing file /usr/local/python/3.12.1/lib/python3.12/site-packages/airflow/example_dags/tutorial_taskflow_api.py for tasks to queue
[2025-03-31T19:34:37.045+0000] {logging_mixin.py:190} INFO - [2025-03-31T19:34:37.044+0000] {dagbag.py:588} INFO - Filling up the DagBag from /usr/local/python/3.12.1/lib/python3.12/site-packages/airflow/example_dags/tutorial_taskflow_api.py
[2025-03-31T19:34:37.051+0000] {processor.py:925} INFO - DAG(s) 'tutorial_taskflow_api' retrieved from /usr/local/python/3.12.1/lib/python3.12/site-packages/airflow/example_dags/tutorial_taskflow_api.py
[2025-03-31T19:34:37.062+0000] {logging_mixin.py:190} INFO - [2025-03-31T19:34:37.062+0000] {dag.py:3239} INFO - Sync 1 DAGs
[2025-03-31T19:34:37.071+0000] {logging_mixin.py:190} INFO - [2025-03-31T19:34:37.071+0000] {dag.py:4180} INFO - Setting next_dagrun for tutorial_taskflow_api to None, run_after=None
[2025-03-31T19:34:37.086+0000] {processor.py:208} INFO - Processing /usr/local/python/3.12.1/lib/python3.12/site-packages/airflow/example_dags/tutorial_taskflow_api.py took 0.047 seconds
[2025-03-31T19:35:34.000+0000] {processor.py:186} INFO - Started process (PID=19819) to work on /usr/local/python/3.12.1/lib/python3.12/site-packages/airflow/example_dags/tutorial_taskflow_api.py
[2025-03-31T19:35:34.001+0000] {processor.py:914} INFO - Processing file /usr/local/python/3.12.1/lib/python3.12/site-packages/airflow/example_dags/tutorial_taskflow_api.py for tasks to queue
[2025-03-31T19:35:34.002+0000] {logging_mixin.py:190} INFO - [2025-03-31T19:35:34.002+0000] {dagbag.py:588} INFO - Filling up the DagBag from /usr/local/python/3.12.1/lib/python3.12/site-packages/airflow/example_dags/tutorial_taskflow_api.py
[2025-03-31T19:35:34.009+0000] {processor.py:925} INFO - DAG(s) 'tutorial_taskflow_api' retrieved from /usr/local/python/3.12.1/lib/python3.12/site-packages/airflow/example_dags/tutorial_taskflow_api.py
[2025-03-31T19:35:34.019+0000] {logging_mixin.py:190} INFO - [2025-03-31T19:35:34.019+0000] {dag.py:3239} INFO - Sync 1 DAGs
[2025-03-31T19:35:34.029+0000] {logging_mixin.py:190} INFO - [2025-03-31T19:35:34.028+0000] {dag.py:4180} INFO - Setting next_dagrun for tutorial_taskflow_api to None, run_after=None
[2025-03-31T19:35:34.043+0000] {processor.py:208} INFO - Processing /usr/local/python/3.12.1/lib/python3.12/site-packages/airflow/example_dags/tutorial_taskflow_api.py took 0.047 seconds
[2025-03-31T19:36:31.105+0000] {processor.py:186} INFO - Started process (PID=20297) to work on /usr/local/python/3.12.1/lib/python3.12/site-packages/airflow/example_dags/tutorial_taskflow_api.py
[2025-03-31T19:36:31.105+0000] {processor.py:914} INFO - Processing file /usr/local/python/3.12.1/lib/python3.12/site-packages/airflow/example_dags/tutorial_taskflow_api.py for tasks to queue
[2025-03-31T19:36:31.107+0000] {logging_mixin.py:190} INFO - [2025-03-31T19:36:31.107+0000] {dagbag.py:588} INFO - Filling up the DagBag from /usr/local/python/3.12.1/lib/python3.12/site-packages/airflow/example_dags/tutorial_taskflow_api.py
[2025-03-31T19:36:31.113+0000] {processor.py:925} INFO - DAG(s) 'tutorial_taskflow_api' retrieved from /usr/local/python/3.12.1/lib/python3.12/site-packages/airflow/example_dags/tutorial_taskflow_api.py
[2025-03-31T19:36:31.124+0000] {logging_mixin.py:190} INFO - [2025-03-31T19:36:31.124+0000] {dag.py:3239} INFO - Sync 1 DAGs
[2025-03-31T19:36:31.134+0000] {logging_mixin.py:190} INFO - [2025-03-31T19:36:31.134+0000] {dag.py:4180} INFO - Setting next_dagrun for tutorial_taskflow_api to None, run_after=None
[2025-03-31T19:36:31.149+0000] {processor.py:208} INFO - Processing /usr/local/python/3.12.1/lib/python3.12/site-packages/airflow/example_dags/tutorial_taskflow_api.py took 0.048 seconds
[2025-03-31T19:37:25.344+0000] {processor.py:186} INFO - Started process (PID=20719) to work on /usr/local/python/3.12.1/lib/python3.12/site-packages/airflow/example_dags/tutorial_taskflow_api.py
[2025-03-31T19:37:25.345+0000] {processor.py:914} INFO - Processing file /usr/local/python/3.12.1/lib/python3.12/site-packages/airflow/example_dags/tutorial_taskflow_api.py for tasks to queue
[2025-03-31T19:37:25.346+0000] {logging_mixin.py:190} INFO - [2025-03-31T19:37:25.346+0000] {dagbag.py:588} INFO - Filling up the DagBag from /usr/local/python/3.12.1/lib/python3.12/site-packages/airflow/example_dags/tutorial_taskflow_api.py
[2025-03-31T19:37:25.353+0000] {processor.py:925} INFO - DAG(s) 'tutorial_taskflow_api' retrieved from /usr/local/python/3.12.1/lib/python3.12/site-packages/airflow/example_dags/tutorial_taskflow_api.py
[2025-03-31T19:37:25.363+0000] {logging_mixin.py:190} INFO - [2025-03-31T19:37:25.363+0000] {dag.py:3239} INFO - Sync 1 DAGs
[2025-03-31T19:37:25.373+0000] {logging_mixin.py:190} INFO - [2025-03-31T19:37:25.372+0000] {dag.py:4180} INFO - Setting next_dagrun for tutorial_taskflow_api to None, run_after=None
[2025-03-31T19:37:25.387+0000] {processor.py:208} INFO - Processing /usr/local/python/3.12.1/lib/python3.12/site-packages/airflow/example_dags/tutorial_taskflow_api.py took 0.047 seconds
[2025-03-31T19:38:19.561+0000] {processor.py:186} INFO - Started process (PID=21142) to work on /usr/local/python/3.12.1/lib/python3.12/site-packages/airflow/example_dags/tutorial_taskflow_api.py
[2025-03-31T19:38:19.562+0000] {processor.py:914} INFO - Processing file /usr/local/python/3.12.1/lib/python3.12/site-packages/airflow/example_dags/tutorial_taskflow_api.py for tasks to queue
[2025-03-31T19:38:19.564+0000] {logging_mixin.py:190} INFO - [2025-03-31T19:38:19.563+0000] {dagbag.py:588} INFO - Filling up the DagBag from /usr/local/python/3.12.1/lib/python3.12/site-packages/airflow/example_dags/tutorial_taskflow_api.py
[2025-03-31T19:38:19.571+0000] {processor.py:925} INFO - DAG(s) 'tutorial_taskflow_api' retrieved from /usr/local/python/3.12.1/lib/python3.12/site-packages/airflow/example_dags/tutorial_taskflow_api.py
[2025-03-31T19:38:19.582+0000] {logging_mixin.py:190} INFO - [2025-03-31T19:38:19.582+0000] {dag.py:3239} INFO - Sync 1 DAGs
[2025-03-31T19:38:19.592+0000] {logging_mixin.py:190} INFO - [2025-03-31T19:38:19.592+0000] {dag.py:4180} INFO - Setting next_dagrun for tutorial_taskflow_api to None, run_after=None
[2025-03-31T19:38:19.608+0000] {processor.py:208} INFO - Processing /usr/local/python/3.12.1/lib/python3.12/site-packages/airflow/example_dags/tutorial_taskflow_api.py took 0.052 seconds
