[2025-03-28T18:58:07.917+0000] {local_task_job_runner.py:123} INFO - ::group::Pre task execution logs
[2025-03-28T18:58:07.923+0000] {taskinstance.py:2614} INFO - Dependencies all met for dep_context=non-requeueable deps ti=<TaskInstance: my_third_dag.print_hello_task scheduled__2024-05-22T00:00:00+00:00 [queued]>
[2025-03-28T18:58:07.927+0000] {taskinstance.py:2614} INFO - Dependencies all met for dep_context=requeueable deps ti=<TaskInstance: my_third_dag.print_hello_task scheduled__2024-05-22T00:00:00+00:00 [queued]>
[2025-03-28T18:58:07.927+0000] {taskinstance.py:2867} INFO - Starting attempt 1 of 2
[2025-03-28T18:58:07.937+0000] {taskinstance.py:2890} INFO - Executing <Task(PythonOperator): print_hello_task> on 2024-05-22 00:00:00+00:00
[2025-03-28T18:58:07.942+0000] {standard_task_runner.py:72} INFO - Started process 28188 to run task
[2025-03-28T18:58:07.943+0000] {standard_task_runner.py:104} INFO - Running: ['airflow', 'tasks', 'run', 'my_third_dag', 'print_hello_task', 'scheduled__2024-05-22T00:00:00+00:00', '--job-id', '171', '--raw', '--subdir', 'DAGS_FOLDER/my_second_dag copy.py', '--cfg-path', '/tmp/tmp8v5x5u2y']
[2025-03-28T18:58:07.944+0000] {standard_task_runner.py:105} INFO - Job 171: Subtask print_hello_task
[2025-03-28T18:58:07.969+0000] {task_command.py:467} INFO - Running <TaskInstance: my_third_dag.print_hello_task scheduled__2024-05-22T00:00:00+00:00 [running]> on host codespaces-6cda86
[2025-03-28T18:58:08.016+0000] {taskinstance.py:3134} INFO - Exporting env vars: AIRFLOW_CTX_DAG_OWNER='airflow' AIRFLOW_CTX_DAG_ID='my_third_dag' AIRFLOW_CTX_TASK_ID='print_hello_task' AIRFLOW_CTX_EXECUTION_DATE='2024-05-22T00:00:00+00:00' AIRFLOW_CTX_TRY_NUMBER='1' AIRFLOW_CTX_DAG_RUN_ID='scheduled__2024-05-22T00:00:00+00:00'
[2025-03-28T18:58:08.016+0000] {logging_mixin.py:190} INFO - Task instance is in running state
[2025-03-28T18:58:08.017+0000] {logging_mixin.py:190} INFO -  Previous state of the Task instance: queued
[2025-03-28T18:58:08.017+0000] {logging_mixin.py:190} INFO - Current task name:print_hello_task state:running start_date:2025-03-28 18:58:07.924050+00:00
[2025-03-28T18:58:08.017+0000] {logging_mixin.py:190} INFO - Dag name:my_third_dag and current dag run status:running
[2025-03-28T18:58:08.017+0000] {taskinstance.py:732} INFO - ::endgroup::
[2025-03-28T18:58:08.018+0000] {logging_mixin.py:190} INFO - Hello, Airflow from the workspace! 🚀
[2025-03-28T18:58:08.018+0000] {python.py:240} INFO - Done. Returned value was: None
[2025-03-28T18:58:08.020+0000] {taskinstance.py:341} INFO - ::group::Post task execution logs
[2025-03-28T18:58:08.021+0000] {taskinstance.py:353} INFO - Marking task as SUCCESS. dag_id=my_third_dag, task_id=print_hello_task, run_id=scheduled__2024-05-22T00:00:00+00:00, execution_date=20240522T000000, start_date=20250328T185807, end_date=20250328T185808
[2025-03-28T18:58:08.032+0000] {logging_mixin.py:190} INFO - Task instance in success state
[2025-03-28T18:58:08.033+0000] {logging_mixin.py:190} INFO -  Previous state of the Task instance: running
[2025-03-28T18:58:08.033+0000] {logging_mixin.py:190} INFO - Dag name:my_third_dag queued_at:2025-03-28 18:58:06.045088+00:00
[2025-03-28T18:58:08.033+0000] {logging_mixin.py:190} INFO - Task hostname:codespaces-6cda86 operator:PythonOperator
[2025-03-28T18:58:08.076+0000] {local_task_job_runner.py:266} INFO - Task exited with return code 0
[2025-03-28T18:58:08.090+0000] {taskinstance.py:3901} INFO - 1 downstream tasks scheduled from follow-on schedule check
[2025-03-28T18:58:08.093+0000] {local_task_job_runner.py:245} INFO - ::endgroup::
